===============================
MCDS Version 3.10A  05-DEC-2011
===============================
      4.985     running time (min)
  987654321     random number seed
      50000     number of cells (nocs)
 0.0000E+00     water-equivalent material (WEM) thickness (mg/cm^2)
 1.0000E+00     Desired dose to the cell nucleus (Gy)
 1.0000E+00     DNA content (Gbp)

TARGET (cell) DEFINITION (4V/S = mean chord length)
========================================================
            DIAMETER     4V/S      Volume      Mass
               (um)      (um)      (um^3)      (ng)
--------------------------------------------------------
DNA            ---        ---     1.021E+00  1.021E-03
NUCLEUS     5.000E+00  3.333E+00  6.545E+01  6.545E-02
CYTOPLASM      ---        ---     0.000E+00  0.000E+00
CELL        5.000E+00  3.333E+00  6.545E+01  6.545E-02
========================================================
NOTE: In human DNA, 1 Gbp=0.979 ng (not including bound
H2O).  DNA volume computed using a density of 1 g/cm^3.

INCIDENT MXRF: Selected properties of the particles incident on the bottom
of a cell culture dish. Minimum distance particles must travel to reach the
cell nucleus: 0.5(cdia-ndia)+10WEM = 0.00 um.
===============================================================================
      -- KE --              CSDA     --- S (keV/um) ---   Fluence      DOSE*
  Ion   (MeV)      zeb     Range (cm)   Rad      Total     (1/cm^2)     (Gy)
===============================================================================
   e-  5.00E-06 5.110E+04  9.610E-08  1.34E-06 1.118E+01  0.000E+00  0.000E+00
   e-  5.01E-03 5.175E+01  8.103E-05  3.79E-04 3.783E+00  7.808E+06  4.731E-02
   e-  1.50E-02 1.779E+01  5.172E-04  4.05E-04 1.672E+00  1.129E+07  3.024E-02
   e-  2.50E-02 1.098E+01  1.262E-03  4.02E-04 1.129E+00  1.394E+07  2.519E-02
   e-  3.50E-02 8.058E+00  2.280E-03  3.99E-04 8.732E-01  1.094E+07  1.530E-02
   e-  4.50E-02 6.438E+00  3.545E-03  3.97E-04 7.236E-01  1.173E+07  1.359E-02
   e-  5.50E-02 5.408E+00  5.038E-03  3.97E-04 6.250E-01  1.129E+07  1.130E-02
   e-  6.50E-02 4.696E+00  6.740E-03  3.98E-04 5.550E-01  1.570E+07  1.395E-02
   e-  7.50E-02 4.174E+00  8.637E-03  4.00E-04 5.026E-01  1.535E+07  1.235E-02
   e-  8.50E-02 3.775E+00  1.071E-02  4.04E-04 4.620E-01  1.579E+07  1.168E-02
   e-  9.50E-02 3.461E+00  1.296E-02  4.07E-04 4.296E-01  1.262E+07  8.674E-03
   e-  1.05E-01 3.207E+00  1.537E-02  4.12E-04 4.030E-01  2.170E+07  1.400E-02
   e-  1.15E-01 2.997E+00  1.792E-02  4.17E-04 3.810E-01  1.685E+07  1.027E-02
   e-  1.25E-01 2.821E+00  2.061E-02  4.22E-04 3.623E-01  1.500E+07  8.696E-03
   e-  1.35E-01 2.672E+00  2.344E-02  4.28E-04 3.464E-01  1.756E+07  9.730E-03
   e-  1.45E-01 2.543E+00  2.639E-02  4.34E-04 3.326E-01  1.526E+07  8.121E-03
   e-  1.55E-01 2.431E+00  2.945E-02  4.40E-04 3.205E-01  1.897E+07  9.727E-03
   e-  1.65E-01 2.333E+00  3.262E-02  4.47E-04 3.099E-01  1.817E+07  9.010E-03
   e-  1.75E-01 2.247E+00  3.590E-02  4.54E-04 3.005E-01  1.562E+07  7.507E-03
   e-  1.85E-01 2.169E+00  3.928E-02  4.61E-04 2.921E-01  1.712E+07  7.997E-03
   e-  1.95E-01 2.100E+00  4.274E-02  4.69E-04 2.846E-01  1.844E+07  8.393E-03
   e-  2.05E-01 2.038E+00  4.630E-02  4.76E-04 2.778E-01  1.553E+07  6.899E-03
   e-  2.15E-01 1.982E+00  4.994E-02  4.84E-04 2.717E-01  1.447E+07  6.286E-03
   e-  2.25E-01 1.931E+00  5.366E-02  4.92E-04 2.661E-01  1.535E+07  6.532E-03
   e-  2.35E-01 1.884E+00  5.746E-02  5.00E-04 2.610E-01  1.173E+07  4.897E-03
   e-  2.45E-01 1.841E+00  6.132E-02  5.08E-04 2.563E-01  1.676E+07  6.869E-03
   e-  2.55E-01 1.802E+00  6.526E-02  5.16E-04 2.520E-01  1.676E+07  6.754E-03
   e-  2.65E-01 1.766E+00  6.926E-02  5.25E-04 2.481E-01  1.553E+07  6.158E-03
   e-  2.75E-01 1.732E+00  7.332E-02  5.34E-04 2.444E-01  1.544E+07  6.032E-03
   e-  2.85E-01 1.701E+00  7.744E-02  5.42E-04 2.410E-01  1.835E+07  7.070E-03
   e-  2.95E-01 1.672E+00  8.162E-02  5.51E-04 2.379E-01  1.950E+07  7.413E-03
   e-  3.05E-01 1.645E+00  8.585E-02  5.60E-04 2.350E-01  1.367E+07  5.135E-03
   e-  3.15E-01 1.620E+00  9.013E-02  5.69E-04 2.322E-01  2.038E+07  7.563E-03
   e-  3.25E-01 1.596E+00  9.446E-02  5.78E-04 2.297E-01  1.976E+07  7.253E-03
   e-  3.35E-01 1.574E+00  9.884E-02  5.88E-04 2.273E-01  1.447E+07  5.255E-03
   e-  3.45E-01 1.554E+00  1.033E-01  5.97E-04 2.251E-01  1.614E+07  5.806E-03
   e-  3.55E-01 1.534E+00  1.077E-01  6.06E-04 2.230E-01  1.862E+07  6.632E-03
   e-  3.65E-01 1.516E+00  1.122E-01  6.16E-04 2.210E-01  1.676E+07  5.919E-03
   e-  3.75E-01 1.498E+00  1.168E-01  6.26E-04 2.192E-01  1.906E+07  6.672E-03
   e-  3.85E-01 1.482E+00  1.214E-01  6.35E-04 2.174E-01  1.614E+07  5.607E-03
   e-  3.95E-01 1.467E+00  1.260E-01  6.45E-04 2.158E-01  1.667E+07  5.747E-03
   e-  4.05E-01 1.452E+00  1.306E-01  6.55E-04 2.142E-01  1.773E+07  6.067E-03
   e-  4.15E-01 1.438E+00  1.353E-01  6.65E-04 2.128E-01  1.826E+07  6.205E-03
   e-  4.25E-01 1.425E+00  1.400E-01  6.75E-04 2.114E-01  1.650E+07  5.569E-03
   e-  4.35E-01 1.412E+00  1.448E-01  6.85E-04 2.101E-01  2.064E+07  6.924E-03
   e-  4.45E-01 1.400E+00  1.495E-01  6.95E-04 2.088E-01  2.020E+07  6.736E-03
   e-  4.55E-01 1.389E+00  1.543E-01  7.06E-04 2.076E-01  2.179E+07  7.224E-03
   e-  4.65E-01 1.378E+00  1.592E-01  7.16E-04 2.065E-01  2.047E+07  6.748E-03
   e-  4.75E-01 1.367E+00  1.640E-01  7.26E-04 2.054E-01  2.232E+07  7.320E-03
   e-  4.85E-01 1.357E+00  1.689E-01  7.37E-04 2.044E-01  2.170E+07  7.082E-03
   e-  4.95E-01 1.348E+00  1.738E-01  7.47E-04 2.035E-01  2.047E+07  6.647E-03
   e-  5.05E-01 1.339E+00  1.787E-01  7.58E-04 2.025E-01  1.959E+07  6.331E-03
   e-  5.15E-01 1.330E+00  1.837E-01  7.68E-04 2.017E-01  1.606E+07  5.168E-03
   e-  5.25E-01 1.322E+00  1.887E-01  7.79E-04 2.008E-01  1.879E+07  6.022E-03
   e-  5.35E-01 1.313E+00  1.936E-01  7.90E-04 2.000E-01  2.100E+07  6.702E-03
   e-  5.45E-01 1.306E+00  1.987E-01  8.01E-04 1.993E-01  2.364E+07  7.518E-03
   e-  5.55E-01 1.298E+00  2.037E-01  8.12E-04 1.985E-01  2.091E+07  6.623E-03
   e-  5.65E-01 1.291E+00  2.087E-01  8.22E-04 1.979E-01  2.188E+07  6.906E-03
   e-  5.75E-01 1.284E+00  2.138E-01  8.33E-04 1.972E-01  2.285E+07  7.188E-03
   e-  5.85E-01 1.278E+00  2.189E-01  8.44E-04 1.966E-01  2.294E+07  7.192E-03
   e-  5.95E-01 1.271E+00  2.240E-01  8.56E-04 1.959E-01  2.038E+07  6.369E-03
   e-  6.05E-01 1.265E+00  2.291E-01  8.67E-04 1.954E-01  1.941E+07  6.048E-03
   e-  6.15E-01 1.259E+00  2.342E-01  8.78E-04 1.948E-01  2.073E+07  6.441E-03
   e-  6.25E-01 1.254E+00  2.393E-01  8.89E-04 1.943E-01  2.117E+07  6.560E-03
   e-  6.35E-01 1.248E+00  2.445E-01  9.00E-04 1.938E-01  2.179E+07  6.733E-03
   e-  6.45E-01 1.243E+00  2.497E-01  9.12E-04 1.933E-01  2.117E+07  6.525E-03
   e-  6.55E-01 1.238E+00  2.548E-01  9.23E-04 1.928E-01  2.135E+07  6.563E-03
   e-  6.65E-01 1.233E+00  2.600E-01  9.35E-04 1.924E-01  2.029E+07  6.223E-03
   e-  6.75E-01 1.228E+00  2.652E-01  9.46E-04 1.919E-01  2.303E+07  7.045E-03
   e-  6.85E-01 1.223E+00  2.705E-01  9.58E-04 1.915E-01  2.400E+07  7.325E-03
   e-  6.95E-01 1.219E+00  2.757E-01  9.69E-04 1.911E-01  2.479E+07  7.552E-03
   e-  7.05E-01 1.214E+00  2.809E-01  9.81E-04 1.907E-01  2.550E+07  7.751E-03
   e-  7.15E-01 1.210E+00  2.862E-01  9.93E-04 1.904E-01  2.020E+07  6.129E-03
   e-  7.25E-01 1.206E+00  2.914E-01  1.00E-03 1.900E-01  2.373E+07  7.186E-03
   e-  7.35E-01 1.202E+00  2.967E-01  1.02E-03 1.897E-01  2.426E+07  7.333E-03
   e-  7.45E-01 1.198E+00  3.020E-01  1.03E-03 1.894E-01  2.700E+07  8.145E-03
   e-  7.55E-01 1.195E+00  3.073E-01  1.04E-03 1.890E-01  2.294E+07  6.908E-03
   e-  7.65E-01 1.191E+00  3.126E-01  1.05E-03 1.887E-01  2.717E+07  8.170E-03
   e-  7.75E-01 1.187E+00  3.179E-01  1.06E-03 1.885E-01  2.470E+07  7.416E-03
   e-  7.85E-01 1.184E+00  3.232E-01  1.08E-03 1.882E-01  3.167E+07  9.493E-03
   e-  7.95E-01 1.181E+00  3.285E-01  1.09E-03 1.879E-01  2.964E+07  8.872E-03
   e-  8.05E-01 1.178E+00  3.338E-01  1.10E-03 1.877E-01  3.176E+07  9.492E-03
   e-  8.15E-01 1.174E+00  3.391E-01  1.11E-03 1.874E-01  3.273E+07  9.768E-03
   e-  8.25E-01 1.171E+00  3.445E-01  1.12E-03 1.872E-01  3.802E+07  1.133E-02
   e-  8.35E-01 1.168E+00  3.498E-01  1.14E-03 1.869E-01  3.458E+07  1.029E-02
   e-  8.45E-01 1.166E+00  3.552E-01  1.15E-03 1.867E-01  3.538E+07  1.052E-02
   e-  8.55E-01 1.163E+00  3.605E-01  1.16E-03 1.865E-01  3.441E+07  1.022E-02
   e-  8.65E-01 1.160E+00  3.659E-01  1.17E-03 1.863E-01  3.555E+07  1.055E-02
   e-  8.75E-01 1.157E+00  3.713E-01  1.19E-03 1.861E-01  4.014E+07  1.189E-02
   e-  8.85E-01 1.155E+00  3.766E-01  1.20E-03 1.859E-01  4.332E+07  1.282E-02
   e-  8.95E-01 1.152E+00  3.820E-01  1.21E-03 1.858E-01  4.349E+07  1.286E-02
   e-  9.05E-01 1.150E+00  3.874E-01  1.22E-03 1.856E-01  4.438E+07  1.311E-02
   e-  9.15E-01 1.147E+00  3.928E-01  1.24E-03 1.854E-01  5.143E+07  1.518E-02
   e-  9.25E-01 1.145E+00  3.982E-01  1.25E-03 1.853E-01  5.011E+07  1.477E-02
   e-  9.35E-01 1.143E+00  4.036E-01  1.26E-03 1.851E-01  5.170E+07  1.523E-02
   e-  9.45E-01 1.140E+00  4.090E-01  1.27E-03 1.850E-01  6.352E+07  1.869E-02
   e-  9.55E-01 1.138E+00  4.144E-01  1.29E-03 1.848E-01  6.361E+07  1.870E-02
   e-  9.65E-01 1.136E+00  4.198E-01  1.30E-03 1.847E-01  2.603E+07  7.646E-03
   e-  9.75E-01 1.134E+00  4.252E-01  1.31E-03 1.845E-01  1.853E+07  5.438E-03
   e-  9.85E-01 1.132E+00  4.307E-01  1.32E-03 1.844E-01  2.082E+07  6.107E-03
   e-  9.95E-01 1.130E+00  4.361E-01  1.34E-03 1.843E-01  2.126E+07  6.232E-03
   e-  1.01E+00 1.127E+00  4.442E-01  1.36E-03 1.841E-01  2.082E+07  6.096E-03
   e-  1.02E+00 1.125E+00  4.497E-01  1.37E-03 1.840E-01  2.188E+07  6.402E-03
   e-  1.03E+00 1.124E+00  4.551E-01  1.38E-03 1.839E-01  2.497E+07  7.301E-03
   e-  1.04E+00 1.122E+00  4.605E-01  1.39E-03 1.838E-01  2.435E+07  7.116E-03
   e-  1.05E+00 1.120E+00  4.660E-01  1.41E-03 1.837E-01  2.673E+07  7.807E-03
   e-  1.06E+00 1.118E+00  4.714E-01  1.42E-03 1.836E-01  2.920E+07  8.524E-03
   e-  1.07E+00 1.117E+00  4.769E-01  1.43E-03 1.835E-01  2.558E+07  7.464E-03
   e-  1.08E+00 1.115E+00  4.823E-01  1.45E-03 1.835E-01  3.017E+07  8.797E-03
   e-  1.09E+00 1.113E+00  4.878E-01  1.46E-03 1.834E-01  3.538E+07  1.031E-02
   e-  1.10E+00 1.112E+00  4.932E-01  1.47E-03 1.833E-01  3.520E+07  1.025E-02
   e-  1.11E+00 1.110E+00  4.987E-01  1.49E-03 1.832E-01  3.617E+07  1.053E-02
   e-  1.12E+00 1.109E+00  5.041E-01  1.50E-03 1.832E-01  2.656E+07  7.728E-03
   e-  1.13E+00 1.107E+00  5.096E-01  1.51E-03 1.831E-01  0.000E+00  0.000E+00
   e-  1.14E+00 1.106E+00  5.151E-01  1.53E-03 1.830E-01  0.000E+00  0.000E+00
   e-  1.15E+00 1.105E+00  5.205E-01  1.54E-03 1.830E-01  0.000E+00  0.000E+00
   e-  1.16E+00 1.103E+00  5.260E-01  1.55E-03 1.829E-01  0.000E+00  0.000E+00
   e-  1.17E+00 1.102E+00  5.315E-01  1.57E-03 1.828E-01  0.000E+00  0.000E+00
   e-  1.18E+00 1.100E+00  5.369E-01  1.58E-03 1.828E-01  0.000E+00  0.000E+00
   e-  1.19E+00 1.099E+00  5.424E-01  1.59E-03 1.827E-01  0.000E+00  0.000E+00
   e-  1.20E+00 1.098E+00  5.479E-01  1.61E-03 1.827E-01  0.000E+00  0.000E+00
  Avg  6.60E-01 1.759E+00  2.664E-01  9.58E-04 2.418E-01  2.633E+09  1.016E+00
===============================================================================
ZEB = (zeff/beta)^2 (Barkas 1963); DPUF = dose/fluence = 3.8578E-01 nGy-cm^2.
* Est. dose on bottom surface of culture dish = 1.602*(Stot-Srad)/rho

TARGET DOSIMETRY: Dosimetric and microdosimetric properties of the radiation field within the nucleus
========================================================================================================
       ----- INCIDENT PARTICLE -----------------  -------------- AVERAGE OVER CELL NUCLEUS -------------
          KE                  CSDA      Fluence      DPUF      Dose        YF          YD         ZF
  Ion    (MeV)      zeb     Range (cm)  (1/cm^2)  (nGy-cm^2)   (Gy)     (keV/um)    (keV/um)     (Gy)
========================================================================================================
   e-  5.000E-06 5.110E+04  9.610E-08  0.000E+00  4.806E-04  0.000E+00  1.500E-03  0.000E+00  1.224E-05
   e-  5.010E-03 5.175E+01  8.103E-05  7.808E+06  2.378E+00  1.857E-02  1.485E+00  2.757E-02  1.211E-02
   e-  1.500E-02 1.779E+01  5.172E-04  1.129E+07  3.498E+00  3.950E-02  2.183E+00  8.624E-02  1.781E-02
   e-  2.500E-02 1.098E+01  1.262E-03  1.394E+07  1.948E+00  2.715E-02  1.216E+00  3.301E-02  9.919E-03
   e-  3.500E-02 8.058E+00  2.280E-03  1.094E+07  1.452E+00  1.589E-02  9.066E-01  1.440E-02  7.397E-03
   e-  4.500E-02 6.438E+00  3.545E-03  1.173E+07  1.186E+00  1.392E-02  7.403E-01  1.030E-02  6.040E-03
   e-  5.500E-02 5.408E+00  5.038E-03  1.129E+07  1.017E+00  1.148E-02  6.346E-01  7.285E-03  5.178E-03
   e-  6.500E-02 4.696E+00  6.740E-03  1.570E+07  8.987E-01  1.411E-02  5.610E-01  7.918E-03  4.577E-03
   e-  7.500E-02 4.174E+00  8.637E-03  1.535E+07  8.117E-01  1.246E-02  5.067E-01  6.313E-03  4.134E-03
   e-  8.500E-02 3.775E+00  1.071E-02  1.579E+07  7.446E-01  1.176E-02  4.648E-01  5.465E-03  3.792E-03
   e-  9.500E-02 3.461E+00  1.296E-02  1.262E+07  6.913E-01  8.722E-03  4.315E-01  3.764E-03  3.521E-03
   e-  1.050E-01 3.207E+00  1.537E-02  2.170E+07  6.480E-01  1.406E-02  4.045E-01  5.688E-03  3.300E-03
   e-  1.150E-01 2.997E+00  1.792E-02  1.685E+07  6.120E-01  1.031E-02  3.820E-01  3.940E-03  3.117E-03
   e-  1.250E-01 2.821E+00  2.061E-02  1.500E+07  5.817E-01  8.724E-03  3.631E-01  3.168E-03  2.962E-03
   e-  1.350E-01 2.672E+00  2.344E-02  1.756E+07  5.558E-01  9.757E-03  3.469E-01  3.385E-03  2.830E-03
   e-  1.450E-01 2.543E+00  2.639E-02  1.526E+07  5.334E-01  8.141E-03  3.330E-01  2.711E-03  2.717E-03
   e-  1.550E-01 2.431E+00  2.945E-02  1.897E+07  5.139E-01  9.747E-03  3.208E-01  3.127E-03  2.617E-03
   e-  1.650E-01 2.333E+00  3.262E-02  1.817E+07  4.967E-01  9.027E-03  3.101E-01  2.799E-03  2.530E-03
   e-  1.750E-01 2.247E+00  3.590E-02  1.562E+07  4.815E-01  7.519E-03  3.006E-01  2.260E-03  2.452E-03
   e-  1.850E-01 2.169E+00  3.928E-02  1.712E+07  4.680E-01  8.009E-03  2.921E-01  2.340E-03  2.383E-03
   e-  1.950E-01 2.100E+00  4.274E-02  1.844E+07  4.558E-01  8.405E-03  2.845E-01  2.391E-03  2.321E-03
   e-  2.050E-01 2.038E+00  4.630E-02  1.553E+07  4.449E-01  6.907E-03  2.777E-01  1.918E-03  2.266E-03
   e-  2.150E-01 1.982E+00  4.994E-02  1.447E+07  4.349E-01  6.293E-03  2.715E-01  1.709E-03  2.215E-03
   e-  2.250E-01 1.931E+00  5.366E-02  1.535E+07  4.259E-01  6.538E-03  2.659E-01  1.738E-03  2.169E-03
   e-  2.350E-01 1.884E+00  5.746E-02  1.173E+07  4.177E-01  4.901E-03  2.607E-01  1.278E-03  2.127E-03
   e-  2.450E-01 1.841E+00  6.132E-02  1.676E+07  4.102E-01  6.875E-03  2.560E-01  1.760E-03  2.089E-03
   e-  2.550E-01 1.802E+00  6.526E-02  1.676E+07  4.032E-01  6.759E-03  2.517E-01  1.701E-03  2.054E-03
   e-  2.650E-01 1.766E+00  6.926E-02  1.553E+07  3.968E-01  6.162E-03  2.477E-01  1.526E-03  2.021E-03
   e-  2.750E-01 1.732E+00  7.332E-02  1.544E+07  3.910E-01  6.036E-03  2.440E-01  1.473E-03  1.991E-03
   e-  2.850E-01 1.701E+00  7.744E-02  1.835E+07  3.855E-01  7.074E-03  2.406E-01  1.702E-03  1.963E-03
   e-  2.950E-01 1.672E+00  8.162E-02  1.950E+07  3.804E-01  7.417E-03  2.375E-01  1.761E-03  1.937E-03
   e-  3.050E-01 1.645E+00  8.585E-02  1.367E+07  3.757E-01  5.138E-03  2.345E-01  1.205E-03  1.913E-03
   e-  3.150E-01 1.620E+00  9.013E-02  2.038E+07  3.713E-01  7.567E-03  2.318E-01  1.754E-03  1.891E-03
   e-  3.250E-01 1.596E+00  9.446E-02  1.976E+07  3.672E-01  7.257E-03  2.292E-01  1.663E-03  1.870E-03
   e-  3.350E-01 1.574E+00  9.884E-02  1.447E+07  3.634E-01  5.257E-03  2.268E-01  1.192E-03  1.851E-03
   e-  3.450E-01 1.554E+00  1.033E-01  1.614E+07  3.598E-01  5.808E-03  2.246E-01  1.304E-03  1.832E-03
   e-  3.550E-01 1.534E+00  1.077E-01  1.862E+07  3.564E-01  6.634E-03  2.225E-01  1.476E-03  1.815E-03
   e-  3.650E-01 1.516E+00  1.122E-01  1.676E+07  3.532E-01  5.921E-03  2.205E-01  1.305E-03  1.799E-03
   e-  3.750E-01 1.498E+00  1.168E-01  1.906E+07  3.502E-01  6.674E-03  2.186E-01  1.459E-03  1.784E-03
   e-  3.850E-01 1.482E+00  1.214E-01  1.614E+07  3.474E-01  5.609E-03  2.169E-01  1.216E-03  1.769E-03
   e-  3.950E-01 1.467E+00  1.260E-01  1.667E+07  3.448E-01  5.748E-03  2.152E-01  1.237E-03  1.756E-03
   e-  4.050E-01 1.452E+00  1.306E-01  1.773E+07  3.422E-01  6.069E-03  2.136E-01  1.297E-03  1.743E-03
   e-  4.150E-01 1.438E+00  1.353E-01  1.826E+07  3.399E-01  6.207E-03  2.122E-01  1.317E-03  1.731E-03
   e-  4.250E-01 1.425E+00  1.400E-01  1.650E+07  3.376E-01  5.570E-03  2.108E-01  1.174E-03  1.720E-03
   e-  4.350E-01 1.412E+00  1.448E-01  2.064E+07  3.355E-01  6.926E-03  2.094E-01  1.450E-03  1.709E-03
   e-  4.450E-01 1.400E+00  1.495E-01  2.020E+07  3.335E-01  6.737E-03  2.082E-01  1.402E-03  1.698E-03
   e-  4.550E-01 1.389E+00  1.543E-01  2.179E+07  3.316E-01  7.225E-03  2.070E-01  1.495E-03  1.689E-03
   e-  4.650E-01 1.378E+00  1.592E-01  2.047E+07  3.297E-01  6.749E-03  2.058E-01  1.389E-03  1.679E-03
   e-  4.750E-01 1.367E+00  1.640E-01  2.232E+07  3.280E-01  7.321E-03  2.048E-01  1.499E-03  1.671E-03
   e-  4.850E-01 1.357E+00  1.689E-01  2.170E+07  3.264E-01  7.083E-03  2.037E-01  1.443E-03  1.662E-03
   e-  4.950E-01 1.348E+00  1.738E-01  2.047E+07  3.248E-01  6.648E-03  2.027E-01  1.348E-03  1.654E-03
   e-  5.050E-01 1.339E+00  1.787E-01  1.959E+07  3.233E-01  6.332E-03  2.018E-01  1.278E-03  1.647E-03
   e-  5.150E-01 1.330E+00  1.837E-01  1.606E+07  3.219E-01  5.168E-03  2.009E-01  1.038E-03  1.639E-03
   e-  5.250E-01 1.322E+00  1.887E-01  1.879E+07  3.205E-01  6.023E-03  2.001E-01  1.205E-03  1.632E-03
   e-  5.350E-01 1.313E+00  1.936E-01  2.100E+07  3.192E-01  6.703E-03  1.993E-01  1.336E-03  1.626E-03
   e-  5.450E-01 1.306E+00  1.987E-01  2.364E+07  3.180E-01  7.519E-03  1.985E-01  1.492E-03  1.620E-03
   e-  5.550E-01 1.298E+00  2.037E-01  2.091E+07  3.168E-01  6.624E-03  1.978E-01  1.310E-03  1.614E-03
   e-  5.650E-01 1.291E+00  2.087E-01  2.188E+07  3.157E-01  6.907E-03  1.971E-01  1.361E-03  1.608E-03
   e-  5.750E-01 1.284E+00  2.138E-01  2.285E+07  3.146E-01  7.189E-03  1.964E-01  1.412E-03  1.602E-03
   e-  5.850E-01 1.278E+00  2.189E-01  2.294E+07  3.136E-01  7.192E-03  1.957E-01  1.408E-03  1.597E-03
   e-  5.950E-01 1.271E+00  2.240E-01  2.038E+07  3.126E-01  6.370E-03  1.951E-01  1.243E-03  1.592E-03
   e-  6.050E-01 1.265E+00  2.291E-01  1.941E+07  3.116E-01  6.048E-03  1.945E-01  1.177E-03  1.587E-03
   e-  6.150E-01 1.259E+00  2.342E-01  2.073E+07  3.107E-01  6.442E-03  1.940E-01  1.249E-03  1.582E-03
   e-  6.250E-01 1.254E+00  2.393E-01  2.117E+07  3.098E-01  6.560E-03  1.934E-01  1.269E-03  1.578E-03
   e-  6.350E-01 1.248E+00  2.445E-01  2.179E+07  3.090E-01  6.733E-03  1.929E-01  1.299E-03  1.574E-03
   e-  6.450E-01 1.243E+00  2.497E-01  2.117E+07  3.082E-01  6.526E-03  1.924E-01  1.255E-03  1.570E-03
   e-  6.550E-01 1.238E+00  2.548E-01  2.135E+07  3.074E-01  6.564E-03  1.919E-01  1.260E-03  1.566E-03
   e-  6.650E-01 1.233E+00  2.600E-01  2.029E+07  3.067E-01  6.223E-03  1.914E-01  1.191E-03  1.562E-03
   e-  6.750E-01 1.228E+00  2.652E-01  2.303E+07  3.060E-01  7.045E-03  1.910E-01  1.346E-03  1.558E-03
   e-  6.850E-01 1.223E+00  2.705E-01  2.400E+07  3.053E-01  7.326E-03  1.906E-01  1.396E-03  1.555E-03
   e-  6.950E-01 1.219E+00  2.757E-01  2.479E+07  3.046E-01  7.552E-03  1.902E-01  1.436E-03  1.551E-03
   e-  7.050E-01 1.214E+00  2.809E-01  2.550E+07  3.040E-01  7.751E-03  1.898E-01  1.471E-03  1.548E-03
   e-  7.150E-01 1.210E+00  2.862E-01  2.020E+07  3.034E-01  6.130E-03  1.894E-01  1.161E-03  1.545E-03
   e-  7.250E-01 1.206E+00  2.914E-01  2.373E+07  3.028E-01  7.186E-03  1.890E-01  1.358E-03  1.542E-03
   e-  7.350E-01 1.202E+00  2.967E-01  2.426E+07  3.023E-01  7.333E-03  1.887E-01  1.384E-03  1.539E-03
   e-  7.450E-01 1.198E+00  3.020E-01  2.700E+07  3.017E-01  8.145E-03  1.883E-01  1.534E-03  1.537E-03
   e-  7.550E-01 1.195E+00  3.073E-01  2.294E+07  3.012E-01  6.909E-03  1.880E-01  1.299E-03  1.534E-03
   e-  7.650E-01 1.191E+00  3.126E-01  2.717E+07  3.007E-01  8.171E-03  1.877E-01  1.534E-03  1.531E-03
   e-  7.750E-01 1.187E+00  3.179E-01  2.470E+07  3.002E-01  7.416E-03  1.874E-01  1.390E-03  1.529E-03
   e-  7.850E-01 1.184E+00  3.232E-01  3.167E+07  2.997E-01  9.494E-03  1.871E-01  1.776E-03  1.527E-03
   e-  7.950E-01 1.181E+00  3.285E-01  2.964E+07  2.993E-01  8.872E-03  1.868E-01  1.658E-03  1.524E-03
   e-  8.050E-01 1.178E+00  3.338E-01  3.176E+07  2.989E-01  9.492E-03  1.866E-01  1.771E-03  1.522E-03
   e-  8.150E-01 1.174E+00  3.391E-01  3.273E+07  2.985E-01  9.769E-03  1.863E-01  1.820E-03  1.520E-03
   e-  8.250E-01 1.171E+00  3.445E-01  3.802E+07  2.981E-01  1.133E-02  1.861E-01  2.109E-03  1.518E-03
   e-  8.350E-01 1.168E+00  3.498E-01  3.458E+07  2.977E-01  1.029E-02  1.858E-01  1.913E-03  1.516E-03
   e-  8.450E-01 1.166E+00  3.552E-01  3.538E+07  2.973E-01  1.052E-02  1.856E-01  1.952E-03  1.514E-03
   e-  8.550E-01 1.163E+00  3.605E-01  3.441E+07  2.969E-01  1.022E-02  1.854E-01  1.894E-03  1.512E-03
   e-  8.650E-01 1.160E+00  3.659E-01  3.555E+07  2.966E-01  1.055E-02  1.851E-01  1.952E-03  1.511E-03
   e-  8.750E-01 1.157E+00  3.713E-01  4.014E+07  2.963E-01  1.189E-02  1.849E-01  2.199E-03  1.509E-03
   e-  8.850E-01 1.155E+00  3.766E-01  4.332E+07  2.960E-01  1.282E-02  1.847E-01  2.368E-03  1.507E-03
   e-  8.950E-01 1.152E+00  3.820E-01  4.349E+07  2.956E-01  1.286E-02  1.845E-01  2.373E-03  1.506E-03
   e-  9.050E-01 1.150E+00  3.874E-01  4.438E+07  2.953E-01  1.311E-02  1.844E-01  2.416E-03  1.504E-03
   e-  9.150E-01 1.147E+00  3.928E-01  5.143E+07  2.951E-01  1.518E-02  1.842E-01  2.795E-03  1.503E-03
   e-  9.250E-01 1.145E+00  3.982E-01  5.011E+07  2.948E-01  1.477E-02  1.840E-01  2.718E-03  1.501E-03
   e-  9.350E-01 1.143E+00  4.036E-01  5.170E+07  2.945E-01  1.523E-02  1.838E-01  2.799E-03  1.500E-03
   e-  9.450E-01 1.140E+00  4.090E-01  6.352E+07  2.943E-01  1.869E-02  1.837E-01  3.433E-03  1.499E-03
   e-  9.550E-01 1.138E+00  4.144E-01  6.361E+07  2.940E-01  1.870E-02  1.835E-01  3.432E-03  1.497E-03
   e-  9.650E-01 1.136E+00  4.198E-01  2.603E+07  2.938E-01  7.646E-03  1.834E-01  1.402E-03  1.496E-03
   e-  9.750E-01 1.134E+00  4.252E-01  1.853E+07  2.935E-01  5.439E-03  1.832E-01  9.965E-04  1.495E-03
   e-  9.850E-01 1.132E+00  4.307E-01  2.082E+07  2.933E-01  6.107E-03  1.831E-01  1.118E-03  1.494E-03
   e-  9.950E-01 1.130E+00  4.361E-01  2.126E+07  2.931E-01  6.232E-03  1.830E-01  1.140E-03  1.493E-03
   e-  1.010E+00 1.127E+00  4.442E-01  2.082E+07  2.928E-01  6.096E-03  1.828E-01  1.114E-03  1.491E-03
   e-  1.020E+00 1.125E+00  4.497E-01  2.188E+07  2.926E-01  6.402E-03  1.827E-01  1.169E-03  1.490E-03
   e-  1.030E+00 1.124E+00  4.551E-01  2.497E+07  2.924E-01  7.301E-03  1.825E-01  1.333E-03  1.489E-03
   e-  1.040E+00 1.122E+00  4.605E-01  2.435E+07  2.922E-01  7.116E-03  1.824E-01  1.298E-03  1.488E-03
   e-  1.050E+00 1.120E+00  4.660E-01  2.673E+07  2.921E-01  7.807E-03  1.823E-01  1.423E-03  1.487E-03
   e-  1.060E+00 1.118E+00  4.714E-01  2.920E+07  2.919E-01  8.524E-03  1.822E-01  1.553E-03  1.487E-03
   e-  1.070E+00 1.117E+00  4.769E-01  2.558E+07  2.917E-01  7.464E-03  1.821E-01  1.359E-03  1.486E-03
   e-  1.080E+00 1.115E+00  4.823E-01  3.017E+07  2.916E-01  8.798E-03  1.820E-01  1.601E-03  1.485E-03
   e-  1.090E+00 1.113E+00  4.878E-01  3.538E+07  2.914E-01  1.031E-02  1.819E-01  1.876E-03  1.484E-03
   e-  1.100E+00 1.112E+00  4.932E-01  3.520E+07  2.913E-01  1.025E-02  1.818E-01  1.864E-03  1.483E-03
   e-  1.110E+00 1.110E+00  4.987E-01  3.617E+07  2.911E-01  1.053E-02  1.817E-01  1.914E-03  1.483E-03
   e-  1.120E+00 1.109E+00  5.041E-01  2.656E+07  2.910E-01  7.728E-03  1.817E-01  1.404E-03  1.482E-03
   e-  1.130E+00 1.107E+00  5.096E-01  0.000E+00  2.909E-01  0.000E+00  1.816E-01  0.000E+00  1.481E-03
   e-  1.140E+00 1.106E+00  5.151E-01  0.000E+00  2.908E-01  0.000E+00  1.815E-01  0.000E+00  1.481E-03
   e-  1.150E+00 1.105E+00  5.205E-01  0.000E+00  2.906E-01  0.000E+00  1.814E-01  0.000E+00  1.480E-03
   e-  1.160E+00 1.103E+00  5.260E-01  0.000E+00  2.905E-01  0.000E+00  1.814E-01  0.000E+00  1.480E-03
   e-  1.170E+00 1.102E+00  5.315E-01  0.000E+00  2.904E-01  0.000E+00  1.813E-01  0.000E+00  1.479E-03
   e-  1.180E+00 1.100E+00  5.369E-01  0.000E+00  2.903E-01  0.000E+00  1.812E-01  0.000E+00  1.479E-03
   e-  1.190E+00 1.099E+00  5.424E-01  0.000E+00  2.902E-01  0.000E+00  1.812E-01  0.000E+00  1.478E-03
   e-  1.200E+00 1.098E+00  5.479E-01  0.000E+00  2.901E-01  0.000E+00  1.811E-01  0.000E+00  1.478E-03
  Avg  6.596E-01 1.759E+00  2.664E-01  2.633E+09  3.798E-01  1.000E+00  2.371E-01  3.793E-01  1.934E-03
========================================================================================================
YF=frequency-mean lineal energy, YD=dose-mean lineal energy, ZF=frequency-mean specific energy. Fluence
on plane tangent to nuclear membrane closest to radiation source = 2.6327E+09  particle per cm^2; dose
per unit (incident on dish) fluence (DPUF)=2.5*pi*zf*ndia*ndia=3.7983E-01 nGy-cm^2.

TABLE 1. Percent (%) cluster yields by complexity, as classified using the scheme of Nikjoo et al. (IJRB 71, 
467-483 1997 and and Radiat. Res. 156, 577-583 2001).
===================================================================================================================
    68.358     BD    - one or more Bd (no Sb)
    28.842     SSB   - Sb (no auxilary damage)
     1.301     SSB+  - two Sb on the same strand
     0.161     2SSB  - two or more Sb on opposite strands separated by at least 10 bp
     1.162     DSB   - two Sb on opposite strands with a separation <= 10 bp
     0.158     DSB+  - DSB accompanied by one (or more) additional Sb within 10 bp separation
     0.018     DSB++ - more than one DSB whether within the 10 bp separation or further apart
     4.823     SSBc  - fraction of complex damage (SSB+ and 2SSB) among SSBs
    40.568     SSBcb - fraction of complex damage (SSB+ and 2SSB) among SSBs; base damage included
    13.185     DSBc  - fraction of complex damage (DSB+ and DSB++) among DSBs
    51.401     DSBcb - fraction of complex damage (DSB+ and DSB++) among DSBs; base damage included
===================================================================================================================

TABLE 2. Number of clusters per cell (DNA=1.000 Gbp, AD=1.000 Gy).
===================================================================================================================
Number of --------- DSB ----------   --------- SSB ----------   -------- OTHER ---------   ----- ALL CLUSTERS -----
 lesions    Average        SEM         Average        SEM         Average        SEM         Average        SEM    
===================================================================================================================
   1          ---          ---       1.12592E+02  1.43790E-02   3.37667E+02  2.78032E-02   4.50259E+02  3.37644E-02
   2      4.03875E+00  3.56169E-03   5.08129E+01  1.13892E-02   7.05080E+01  1.28863E-02   1.25360E+02  1.68041E-02
   3      2.53752E+00  2.84229E-03   1.76277E+01  7.26177E-03   1.47045E+01  6.50018E-03   3.48697E+01  9.72599E-03
   4      1.09462E+00  1.88472E-03   5.53951E+00  4.16704E-03   3.06866E+00  3.13260E-03   9.70279E+00  5.41901E-03
   5      4.04697E-01  1.15713E-03   1.64723E+00  2.32096E-03   6.39317E-01  1.45567E-03   2.69124E+00  2.94836E-03
   6      1.40047E-01  6.82018E-04   4.77617E-01  1.25950E-03   1.33683E-01  6.64643E-04   7.51347E-01  1.57665E-03
   7      4.66733E-02  3.93886E-04   1.34097E-01  6.66803E-04   2.79600E-02  3.03919E-04   2.08730E-01  8.31621E-04
   8      1.52400E-02  2.24500E-04   3.70400E-02  3.51610E-04   5.76333E-03  1.38934E-04   5.80433E-02  4.37659E-04
   9      4.92000E-03  1.27299E-04   1.02933E-02  1.85213E-04   1.28333E-03  6.51531E-05   1.64967E-02  2.33791E-04
  10      1.30333E-03  6.56548E-05   2.77667E-03  9.56346E-05   2.33333E-04  2.78694E-05   4.31333E-03  1.19375E-04
  11      4.66667E-04  3.93857E-05   7.73333E-04  5.06544E-05   6.33333E-05  1.45270E-05   1.30333E-03  6.56548E-05
  12      1.06667E-04  1.88503E-05   2.03333E-04  2.60185E-05   3.33333E-05  1.05400E-05   3.43333E-04  3.37951E-05
  13      3.00000E-05  9.99920E-06   4.33333E-05  1.20171E-05       ---          ---       7.33333E-05  1.56314E-05
  14      3.33333E-06  3.33333E-06   1.66667E-05  7.45326E-06       ---          ---       2.00000E-05  8.16456E-06
  15          ---          ---       3.33333E-06  3.33333E-06       ---          ---       3.33333E-06  3.33333E-06
  16          ---          ---           ---          ---           ---          ---           ---          ---
  17      3.33333E-06  3.33333E-06       ---          ---           ---          ---       3.33333E-06  3.33333E-06
  18          ---          ---           ---          ---           ---          ---           ---          ---
  19          ---          ---           ---          ---           ---          ---           ---          ---
  20          ---          ---           ---          ---           ---          ---           ---          ---
  21          ---          ---           ---          ---           ---          ---           ---          ---
  22          ---          ---           ---          ---           ---          ---           ---          ---
  23          ---          ---           ---          ---           ---          ---           ---          ---
  24          ---          ---           ---          ---           ---          ---           ---          ---
  25          ---          ---           ---          ---           ---          ---           ---          ---
  26          ---          ---           ---          ---           ---          ---           ---          ---
  27          ---          ---           ---          ---           ---          ---           ---          ---
  28          ---          ---           ---          ---           ---          ---           ---          ---
  29          ---          ---           ---          ---           ---          ---           ---          ---
  30          ---          ---           ---          ---           ---          ---           ---          ---
  31          ---          ---           ---          ---           ---          ---           ---          ---
  32          ---          ---           ---          ---           ---          ---           ---          ---
  33          ---          ---           ---          ---           ---          ---           ---          ---
  34          ---          ---           ---          ---           ---          ---           ---          ---
  35          ---          ---           ---          ---           ---          ---           ---          ---
  36          ---          ---           ---          ---           ---          ---           ---          ---
  37          ---          ---           ---          ---           ---          ---           ---          ---
  38          ---          ---           ---          ---           ---          ---           ---          ---
  39          ---          ---           ---          ---           ---          ---           ---          ---
  40          ---          ---           ---          ---           ---          ---           ---          ---
  41          ---          ---           ---          ---           ---          ---           ---          ---
  42          ---          ---           ---          ---           ---          ---           ---          ---
  43          ---          ---           ---          ---           ---          ---           ---          ---
  44          ---          ---           ---          ---           ---          ---           ---          ---
  45          ---          ---           ---          ---           ---          ---           ---          ---
  46          ---          ---           ---          ---           ---          ---           ---          ---
  47          ---          ---           ---          ---           ---          ---           ---          ---
  48          ---          ---           ---          ---           ---          ---           ---          ---
  49          ---          ---           ---          ---           ---          ---           ---          ---
  50          ---          ---           ---          ---           ---          ---           ---          ---
 Total    8.28438E+00  4.88436E-03   1.88882E+02  1.10722E-02   4.26757E+02  2.11669E-02   6.23923E+02  2.22129E-02
-------------------------------------------------------------------------------------------------------------------
NOTE: The category "OTHER" includes all classes of individual and clustered DNA lesion, except for SSB and DSB.
SEM = standard error of the mean.

TABLE 3. Number of clusters per cell per track (DNA=1.000 Gbp, ZF=0.00193 Gy).
===================================================================================================================
Number of --------- DSB ----------   --------- SSB ----------   -------- OTHER ---------   ----- ALL CLUSTERS -----
 lesions    Average        SEM         Average        SEM         Average        SEM         Average        SEM    
===================================================================================================================
   1          ---          ---       2.16939E-01  7.25967E-04   6.50635E-01  2.17615E-03   8.67574E-01  2.90142E-03
   2      7.82216E-03  2.87006E-05   9.83673E-02  3.45165E-04   1.36476E-01  4.76996E-04   2.42666E-01  8.48271E-04
   3      4.93789E-03  1.94830E-05   3.42853E-02  1.26467E-04   2.86021E-02  1.05908E-04   6.78253E-02  2.49144E-04
   4      2.14039E-03  9.44822E-06   1.08211E-02  4.23868E-05   6.00088E-03  2.44129E-05   1.89624E-02  7.37134E-05
   5      7.93839E-04  4.25615E-06   3.22970E-03  1.40318E-05   1.25232E-03  6.10505E-06   5.27586E-03  2.20769E-05
   6      2.76654E-04  2.09727E-06   9.44995E-04  5.14118E-06   2.62620E-04  1.98949E-06   1.48427E-03  7.40784E-06
   7      9.29965E-05  1.13473E-06   2.66451E-04  2.14143E-06   5.53608E-05  8.04973E-07   4.14808E-04  2.88660E-06
   8      3.06403E-05  6.20965E-07   7.48094E-05  1.02272E-06   1.09384E-05  3.25581E-07   1.16388E-04  1.29027E-06
   9      9.99212E-06  3.43779E-07   2.11737E-05  5.21133E-07   2.77805E-06  2.06447E-07   3.39438E-05  6.75626E-07
  10      2.55521E-06  1.55333E-07   5.71527E-06  2.71647E-07   6.16198E-07  1.17768E-07   8.88668E-06  3.35750E-07
  11      9.73444E-07  1.18844E-07   1.53557E-06  1.35866E-07   1.04557E-07  2.44386E-08   2.61357E-06  1.81962E-07
  12      1.85436E-07  3.36531E-08   4.89095E-07  9.20485E-08   5.50768E-08  1.75794E-08   7.29608E-07  9.95459E-08
  13      6.45462E-08  2.48258E-08   7.07500E-08  1.97944E-08       ---          ---       1.35296E-07  3.17483E-08
  14      3.30647E-08  0.00000E+00   4.57030E-08  2.68177E-08       ---          ---       7.87677E-08  4.25723E-08
  15          ---          ---       5.59793E-09  0.00000E+00       ---          ---       5.59793E-09  0.00000E+00
  16          ---          ---           ---          ---           ---          ---           ---          ---
  17      5.20643E-09  0.00000E+00       ---          ---           ---          ---       5.20643E-09  0.00000E+00
  18          ---          ---           ---          ---           ---          ---           ---          ---
  19          ---          ---           ---          ---           ---          ---           ---          ---
  20          ---          ---           ---          ---           ---          ---           ---          ---
  21          ---          ---           ---          ---           ---          ---           ---          ---
  22          ---          ---           ---          ---           ---          ---           ---          ---
  23          ---          ---           ---          ---           ---          ---           ---          ---
  24          ---          ---           ---          ---           ---          ---           ---          ---
  25          ---          ---           ---          ---           ---          ---           ---          ---
  26          ---          ---           ---          ---           ---          ---           ---          ---
  27          ---          ---           ---          ---           ---          ---           ---          ---
  28          ---          ---           ---          ---           ---          ---           ---          ---
  29          ---          ---           ---          ---           ---          ---           ---          ---
  30          ---          ---           ---          ---           ---          ---           ---          ---
  31          ---          ---           ---          ---           ---          ---           ---          ---
  32          ---          ---           ---          ---           ---          ---           ---          ---
  33          ---          ---           ---          ---           ---          ---           ---          ---
  34          ---          ---           ---          ---           ---          ---           ---          ---
  35          ---          ---           ---          ---           ---          ---           ---          ---
  36          ---          ---           ---          ---           ---          ---           ---          ---
  37          ---          ---           ---          ---           ---          ---           ---          ---
  38          ---          ---           ---          ---           ---          ---           ---          ---
  39          ---          ---           ---          ---           ---          ---           ---          ---
  40          ---          ---           ---          ---           ---          ---           ---          ---
  41          ---          ---           ---          ---           ---          ---           ---          ---
  42          ---          ---           ---          ---           ---          ---           ---          ---
  43          ---          ---           ---          ---           ---          ---           ---          ---
  44          ---          ---           ---          ---           ---          ---           ---          ---
  45          ---          ---           ---          ---           ---          ---           ---          ---
  46          ---          ---           ---          ---           ---          ---           ---          ---
  47          ---          ---           ---          ---           ---          ---           ---          ---
  48          ---          ---           ---          ---           ---          ---           ---          ---
  49          ---          ---           ---          ---           ---          ---           ---          ---
  50          ---          ---           ---          ---           ---          ---           ---          ---
 Total    1.61084E-02  5.97723E-05   3.64957E-01  1.25366E-03   8.23299E-01  2.78494E-03   1.20436E+00  4.09658E-03
-------------------------------------------------------------------------------------------------------------------

TABLE 4. Cluster Length (in base pair)
===================================================================================================================
Number of --------- DSB ----------   --------- SSB ----------   -------- OTHER ---------   ----- ALL CLUSTERS -----
 lesions    Average        SEM         Average        SEM         Average        SEM         Average        SEM    
===================================================================================================================
   1          ---          ---       1.66667E-01  0.00000E+00   1.66667E-01  0.00000E+00   1.66667E-01  0.00000E+00
   2      9.11707E-01  4.26412E-04   9.37365E-01  1.13618E-04   9.35599E-01  9.67130E-05   9.35545E-01  7.20783E-05
   3      1.60615E+00  7.40534E-04   1.72052E+00  2.74852E-04   1.70569E+00  3.01614E-04   1.70592E+00  1.95170E-04
   4      2.33666E+00  1.48589E-03   2.50465E+00  6.00772E-04   2.47720E+00  8.25161E-04   2.47696E+00  4.53736E-04
   5      3.08912E+00  2.99516E-03   3.28593E+00  1.33419E-03   3.24388E+00  2.34865E-03   3.24653E+00  1.02102E-03
   6      3.86091E+00  5.32758E-03   4.07273E+00  3.02948E-03   4.02490E+00  5.36590E-03   4.02392E+00  2.38196E-03
   7      4.63612E+00  9.59442E-03   4.84725E+00  5.80564E-03   4.78503E+00  1.21450E-02   4.78825E+00  4.83180E-03
   8      5.38000E+00  1.78839E-02   5.61926E+00  1.13020E-02   5.57134E+00  2.84853E-02   5.55046E+00  9.28927E-03
   9      6.16991E+00  3.31621E-02   6.39995E+00  2.27643E-02   6.31429E+00  6.40544E-02   6.32550E+00  1.81578E-02
  10      6.85678E+00  6.40536E-02   7.25832E+00  4.57447E-02   6.91667E+00  1.48094E-01   7.11964E+00  3.66498E-02
  11      7.72024E+00  1.20086E-01   8.07112E+00  9.20199E-02   7.53509E+00  3.34933E-01   7.91944E+00  7.18168E-02
  12      8.48958E+00  2.74957E-01   8.74317E+00  1.84993E-01   9.43333E+00  5.01356E-01   8.73139E+00  1.47857E-01
  13      9.68519E+00  6.65766E-01   9.85897E+00  4.97804E-01       ---          ---       9.78788E+00  3.91280E-01
  14      8.83333E+00  0.00000E+00   1.14000E+01  5.81187E-01       ---          ---       1.09722E+01  6.38889E-01
  15          ---          ---       1.13333E+01  0.00000E+00       ---          ---       1.13333E+01  0.00000E+00
  16          ---          ---           ---          ---           ---          ---           ---          ---
  17      1.15000E+01  0.00000E+00       ---          ---           ---          ---       1.15000E+01  0.00000E+00
  18          ---          ---           ---          ---           ---          ---           ---          ---
  19          ---          ---           ---          ---           ---          ---           ---          ---
  20          ---          ---           ---          ---           ---          ---           ---          ---
  21          ---          ---           ---          ---           ---          ---           ---          ---
  22          ---          ---           ---          ---           ---          ---           ---          ---
  23          ---          ---           ---          ---           ---          ---           ---          ---
  24          ---          ---           ---          ---           ---          ---           ---          ---
  25          ---          ---           ---          ---           ---          ---           ---          ---
  26          ---          ---           ---          ---           ---          ---           ---          ---
  27          ---          ---           ---          ---           ---          ---           ---          ---
  28          ---          ---           ---          ---           ---          ---           ---          ---
  29          ---          ---           ---          ---           ---          ---           ---          ---
  30          ---          ---           ---          ---           ---          ---           ---          ---
  31          ---          ---           ---          ---           ---          ---           ---          ---
  32          ---          ---           ---          ---           ---          ---           ---          ---
  33          ---          ---           ---          ---           ---          ---           ---          ---
  34          ---          ---           ---          ---           ---          ---           ---          ---
  35          ---          ---           ---          ---           ---          ---           ---          ---
  36          ---          ---           ---          ---           ---          ---           ---          ---
  37          ---          ---           ---          ---           ---          ---           ---          ---
  38          ---          ---           ---          ---           ---          ---           ---          ---
  39          ---          ---           ---          ---           ---          ---           ---          ---
  40          ---          ---           ---          ---           ---          ---           ---          ---
  41          ---          ---           ---          ---           ---          ---           ---          ---
  42          ---          ---           ---          ---           ---          ---           ---          ---
  43          ---          ---           ---          ---           ---          ---           ---          ---
  44          ---          ---           ---          ---           ---          ---           ---          ---
  45          ---          ---           ---          ---           ---          ---           ---          ---
  46          ---          ---           ---          ---           ---          ---           ---          ---
  47          ---          ---           ---          ---           ---          ---           ---          ---
  48          ---          ---           ---          ---           ---          ---           ---          ---
  49          ---          ---           ---          ---           ---          ---           ---          ---
  50          ---          ---           ---          ---           ---          ---           ---          ---
Average   1.50285E+00  6.22545E-04   6.29589E-01  9.95588E-05   3.69630E-01  4.18131E-05   4.63384E-01  4.33137E-05
-------------------------------------------------------------------------------------------------------------------

TABLE 5. Density of lesions forming a cluster (in units of lesions per nucleotide).
===================================================================================================================
Number of --------- DSB ----------   --------- SSB ----------   -------- OTHER ---------   ----- ALL CLUSTERS -----
 lesions    Average        SEM         Average        SEM         Average        SEM         Average        SEM    
===================================================================================================================
   1          ---          ---       8.33333E-02  0.00000E+00   8.33333E-02  0.00000E+00   8.33333E-02  0.00000E+00
   2      4.54317E-02  3.46598E-05   4.12459E-02  7.76596E-06   4.15496E-02  6.66163E-06   4.15519E-02  4.99205E-06
   3      3.16832E-02  2.13258E-05   2.91563E-02  7.09696E-06   2.94886E-02  7.92283E-06   2.94808E-02  5.13203E-06
   4      2.72285E-02  2.33758E-05   2.50159E-02  8.40032E-06   2.53633E-02  1.17695E-05   2.53766E-02  6.49524E-06
   5      2.48653E-02  3.07259E-05   2.30452E-02  1.20526E-05   2.34321E-02  2.18134E-05   2.34082E-02  9.49117E-06
   6      2.33492E-02  3.96888E-05   2.18991E-02  1.98332E-05   2.22122E-02  3.61580E-05   2.22259E-02  1.61105E-05
   7      2.23526E-02  5.49214E-05   2.12139E-02  3.01536E-05   2.15564E-02  6.43673E-05   2.15271E-02  2.58602E-05
   8      2.18255E-02  8.46883E-05   2.07446E-02  4.88272E-05   2.09843E-02  1.26942E-04   2.10603E-02  4.14653E-05
   9      2.11953E-02  1.23384E-04   2.03735E-02  8.09478E-05   2.06720E-02  2.34856E-04   2.06376E-02  6.56365E-05
  10      2.10388E-02  2.24782E-04   1.98500E-02  1.43729E-04   2.07590E-02  4.71361E-04   2.02580E-02  1.19088E-04
  11      2.05541E-02  3.70950E-04   1.95149E-02  2.26859E-04   2.11580E-02  1.13683E-03   1.99668E-02  1.98369E-04
  12      2.03139E-02  6.96274E-04   1.96046E-02  4.36755E-04   1.81481E-02  1.01676E-03   1.96836E-02  3.52953E-04
  13      1.94235E-02  1.44092E-03   1.89186E-02  1.01449E-03       ---          ---       1.91252E-02  8.20992E-04
  14      2.20126E-02  0.00000E+00   1.72537E-02  9.70012E-04       ---          ---       1.80468E-02  1.12088E-03
  15          ---          ---       1.83824E-02  0.00000E+00       ---          ---       1.83824E-02  0.00000E+00
  16          ---          ---           ---          ---           ---          ---           ---          ---
  17      2.05314E-02  0.00000E+00       ---          ---           ---          ---       2.05314E-02  0.00000E+00
  18          ---          ---           ---          ---           ---          ---           ---          ---
  19          ---          ---           ---          ---           ---          ---           ---          ---
  20          ---          ---           ---          ---           ---          ---           ---          ---
  21          ---          ---           ---          ---           ---          ---           ---          ---
  22          ---          ---           ---          ---           ---          ---           ---          ---
  23          ---          ---           ---          ---           ---          ---           ---          ---
  24          ---          ---           ---          ---           ---          ---           ---          ---
  25          ---          ---           ---          ---           ---          ---           ---          ---
  26          ---          ---           ---          ---           ---          ---           ---          ---
  27          ---          ---           ---          ---           ---          ---           ---          ---
  28          ---          ---           ---          ---           ---          ---           ---          ---
  29          ---          ---           ---          ---           ---          ---           ---          ---
  30          ---          ---           ---          ---           ---          ---           ---          ---
  31          ---          ---           ---          ---           ---          ---           ---          ---
  32          ---          ---           ---          ---           ---          ---           ---          ---
  33          ---          ---           ---          ---           ---          ---           ---          ---
  34          ---          ---           ---          ---           ---          ---           ---          ---
  35          ---          ---           ---          ---           ---          ---           ---          ---
  36          ---          ---           ---          ---           ---          ---           ---          ---
  37          ---          ---           ---          ---           ---          ---           ---          ---
  38          ---          ---           ---          ---           ---          ---           ---          ---
  39          ---          ---           ---          ---           ---          ---           ---          ---
  40          ---          ---           ---          ---           ---          ---           ---          ---
  41          ---          ---           ---          ---           ---          ---           ---          ---
  42          ---          ---           ---          ---           ---          ---           ---          ---
  43          ---          ---           ---          ---           ---          ---           ---          ---
  44          ---          ---           ---          ---           ---          ---           ---          ---
  45          ---          ---           ---          ---           ---          ---           ---          ---
  46          ---          ---           ---          ---           ---          ---           ---          ---
  47          ---          ---           ---          ---           ---          ---           ---          ---
  48          ---          ---           ---          ---           ---          ---           ---          ---
  49          ---          ---           ---          ---           ---          ---           ---          ---
  50          ---          ---           ---          ---           ---          ---           ---          ---
Average   3.72418E-02  1.88718E-05   6.45011E-02  3.70731E-06   7.40414E-02  1.89784E-06   7.06644E-02  1.76697E-06
-------------------------------------------------------------------------------------------------------------------
NOTE: Lesion density computed as the number of lesions per cluster divided by twice the cluster length.

TABLE 6. Cluster composition (% Sb per cluster)
===================================================================================================================
Number of --------- DSB ----------   --------- SSB ----------   -------- OTHER ---------   ----- ALL CLUSTERS -----
 lesions    Average        SEM         Average        SEM         Average        SEM         Average        SEM    
===================================================================================================================
   1          ---          ---       1.66667E+01  0.00000E+00   0.00000E+00  0.00000E+00   4.16766E+00  4.29577E-04
   2      1.66667E+01  0.00000E+00   8.95586E+00  5.54053E-04   0.00000E+00  0.00000E+00   4.16696E+00  7.03098E-04
   3      1.20234E+01  2.44637E-03   6.51405E+00  9.51477E-04   0.00000E+00  0.00000E+00   4.16771E+00  1.20702E-03
   4      9.80610E+00  4.30327E-03   5.36469E+00  1.65300E-03   0.00000E+00  0.00000E+00   4.16908E+00  2.08360E-03
   5      8.52958E+00  7.48206E-03   4.70910E+00  3.04497E-03   0.00000E+00  0.00000E+00   4.16403E+00  3.68491E-03
   6      7.68532E+00  1.15145E-02   4.28789E+00  5.92955E-03   0.00000E+00  0.00000E+00   4.15907E+00  7.09554E-03
   7      7.10093E+00  1.80832E-02   4.03994E+00  1.00539E-02   0.00000E+00  0.00000E+00   4.18000E+00  1.21237E-02
   8      6.67166E+00  2.97769E-02   3.78576E+00  1.71881E-02   0.00000E+00  0.00000E+00   4.17600E+00  2.00467E-02
   9      6.38402E+00  5.11521E-02   3.69525E+00  3.03217E-02   0.00000E+00  0.00000E+00   4.21480E+00  3.46925E-02
  10      6.28303E+00  1.05178E-01   3.57100E+00  5.88637E-02   0.00000E+00  0.00000E+00   4.19460E+00  6.65234E-02
  11      6.10390E+00  1.70314E-01   3.50052E+00  1.12157E-01   0.00000E+00  0.00000E+00   4.26257E+00  1.19928E-01
  12      5.20833E+00  2.41531E-01   3.36976E+00  1.79184E-01   0.00000E+00  0.00000E+00   3.61381E+00  1.92910E-01
  13      4.84330E+00  4.67054E-01   3.64892E+00  3.50989E-01       ---          ---       4.13753E+00  3.03340E-01
  14      4.76190E+00  0.00000E+00   3.09524E+00  6.07026E-01       ---          ---       3.37302E+00  5.68167E-01
  15          ---          ---       2.22222E+00  0.00000E+00       ---          ---       2.22222E+00  0.00000E+00
  16          ---          ---           ---          ---           ---          ---           ---          ---
  17      4.90196E+00  0.00000E+00       ---          ---           ---          ---       4.90196E+00  0.00000E+00
  18          ---          ---           ---          ---           ---          ---           ---          ---
  19          ---          ---           ---          ---           ---          ---           ---          ---
  20          ---          ---           ---          ---           ---          ---           ---          ---
  21          ---          ---           ---          ---           ---          ---           ---          ---
  22          ---          ---           ---          ---           ---          ---           ---          ---
  23          ---          ---           ---          ---           ---          ---           ---          ---
  24          ---          ---           ---          ---           ---          ---           ---          ---
  25          ---          ---           ---          ---           ---          ---           ---          ---
  26          ---          ---           ---          ---           ---          ---           ---          ---
  27          ---          ---           ---          ---           ---          ---           ---          ---
  28          ---          ---           ---          ---           ---          ---           ---          ---
  29          ---          ---           ---          ---           ---          ---           ---          ---
  30          ---          ---           ---          ---           ---          ---           ---          ---
  31          ---          ---           ---          ---           ---          ---           ---          ---
  32          ---          ---           ---          ---           ---          ---           ---          ---
  33          ---          ---           ---          ---           ---          ---           ---          ---
  34          ---          ---           ---          ---           ---          ---           ---          ---
  35          ---          ---           ---          ---           ---          ---           ---          ---
  36          ---          ---           ---          ---           ---          ---           ---          ---
  37          ---          ---           ---          ---           ---          ---           ---          ---
  38          ---          ---           ---          ---           ---          ---           ---          ---
  39          ---          ---           ---          ---           ---          ---           ---          ---
  40          ---          ---           ---          ---           ---          ---           ---          ---
  41          ---          ---           ---          ---           ---          ---           ---          ---
  42          ---          ---           ---          ---           ---          ---           ---          ---
  43          ---          ---           ---          ---           ---          ---           ---          ---
  44          ---          ---           ---          ---           ---          ---           ---          ---
  45          ---          ---           ---          ---           ---          ---           ---          ---
  46          ---          ---           ---          ---           ---          ---           ---          ---
  47          ---          ---           ---          ---           ---          ---           ---          ---
  48          ---          ---           ---          ---           ---          ---           ---          ---
  49          ---          ---           ---          ---           ---          ---           ---          ---
  50          ---          ---           ---          ---           ---          ---           ---          ---
Average   1.37074E+01  2.20099E-03   1.31651E+01  5.78334E-04   0.00000E+00  0.00000E+00   4.16753E+00  1.85453E-04
-------------------------------------------------------------------------------------------------------------------
NOTES: (% Sb) is the percentage of lesions that are strand breaks. The number of Sb is [(% Sb)/100]*(# lesions).
The number of Bd is (1-(% Sb)/100)*(# lesions).
