===============================
MCDS Version 3.10A  05-DEC-2011
===============================
      0.029     running time (min)
  987654321     random number seed
          1     number of cells (nocs)
 0.0000E+00     water-equivalent material (WEM) thickness (mg/cm^2)
 1.0000E+00     Desired dose to the cell nucleus (Gy)
 6.0000E+00     DNA content (Gbp)

TARGET (cell) DEFINITION (4V/S = mean chord length)
========================================================
            DIAMETER     4V/S      Volume      Mass
               (um)      (um)      (um^3)      (ng)
--------------------------------------------------------
DNA            ---        ---     6.123E+00  6.123E-03
NUCLEUS     5.000E+00  3.333E+00  6.545E+01  6.545E-02
CYTOPLASM      ---        ---     -6.545E+01  -6.545E-02
CELL        0.000E+00  0.000E+00  0.000E+00  0.000E+00
========================================================
NOTE: In human DNA, 1 Gbp=0.979 ng (not including bound
H2O).  DNA volume computed using a density of 1 g/cm^3.

WARNING: volume of nucleus larger than the volume of the cell!

INCIDENT PARTICLE: 12C (mass = 1.20000E+01 u = 1.11749E+04 MeV/c^2)
  1.10000E+02 MeV >= 1.00000E-06 MeV
  9.16667E+00 MeV/A >= 8.33333E-08 MeV/A)
  1.57180E+03 MeV (p*c = momentum x speed of light)
  7.88902E-04 pm (de Broglie wavelength)
  1.00984E+00 = T/m0c2+1 (Lorentz factor) >= 1
  5.96923E+00 ABS(effective charge); Barkas 1963
  1.39284E-01 beta = (v/c) <= 1
  1.83667E+03 (zeff/beta)^2 <= 2.000E+05
  1.72138E+02 keV/um (total stopping power in H2O)
  1.72033E+02 keV/um ( 99.939% electronic)
  1.04556E-01 keV/um (  0.061% nuclear)
  3.79386E-02 CSDA range of particle (cm) in H2O

PARTICLE TRANSPORT - Beam of radiation incident on bottom of cell culture dish
(WEM=0.00 um, cell=0.00 um, nucleus=5.00 um; total distance traveled to
reach nucleus=-2.500 um of H2O).
==============================================================================
                                  ------- Cell --------  ------- Nucleus -----
                       Incident      Entry      Exit       Entry       Exit
==============================================================================
         KE (MeV)   1.1000E+02  1.1000E+02  1.1000E+02  1.1000E+02  1.0957E+02
    (Zeff/beta)^2   1.8367E+03  1.8367E+03  1.8367E+03  1.8367E+03  1.8436E+03
     LET (keV/um)   1.7214E+02  1.7214E+02  1.7214E+02  1.7214E+02  1.7266E+02
  Res. Range (um)   3.7939E+02  3.7939E+02  3.7939E+02  3.7939E+02  3.7689E+02
 DPUF1 (nGy-cm^2)   2.7576E+02  2.7576E+02  2.7576E+02  2.7576E+02  2.7661E+02
 DPUF2 (nGy-cm^2)      ---      NaN     ---      2.7640E+02     ---
       Edep (keV)      ---      NaN     ---      5.7511E+02     ---
      YF (keV/um)      ---      NaN     ---      1.7253E+02     ---
          ZF (Gy)      ---      NaN     ---      1.4077E+00     ---
==============================================================================
LET=(Stot-Srad); absorbed dose per unit fluence (DPUF1) = 1.602*LET/rho
Avg. absorbed dose within target (i.e., DPUF2) = 2.5*pi*d*d*zf
Edep = 0.1602*ZF*PI*d*d*d/6; yf = edep/lbar = 0.25*edep*{area}/{volume}

DAMAGE FORMATION AND CLUSTERING (normoxic conditions)
      41235     segment length, nseg (bp per cell per Gy)
       1300     number of strand breaks, sigSb (per cell per Gy)
       3900     number of base damages,  sigBd (per cell per Gy)
        3.0     base damage to strand break ratio, f
          9     minimum distance between clusters, Nmin (bp)
         10     maximum distance between two Sb to compose a DSB, Ndsb (bp)
        0.0     fraction Bl/Bd

OXYGEN SIMULATION (M0=1.740, K=0.3372, q=946.10, r=2.15)
  1.0000E+02 % O2 concentration (=760.00 mmHg)
  4.7832E-04 chemical repair probability (pcr)
  9.9952E-01 O2 fixation probability (1-pcr)
  1.0005E+00 Approx. HRF for SSB induction [=1/(1-pcr)]
  1.0010E+00 Approx. HRF for DSB induction [1/(1-pcr)]^2

DMSO SIMULATION
  5.0000E-01 fraction of non-scavengeable DNA damage (fnsd)
  5.0000E-01 concentration (mol dm^-3) at half-level (chmx)
  0.0000E+00 DMSO concentration (mol dm^-3)

TABLE 1. Percent (%) cluster yields by complexity, as classified using the scheme of Nikjoo et al. (IJRB 71, 
467-483 1997 and and Radiat. Res. 156, 577-583 2001).
===================================================================================================================
    47.705     BD    - one or more Bd (no Sb)
    32.321     SSB   - Sb (no auxilary damage)
     6.076     SSB+  - two Sb on the same strand
     3.685     2SSB  - two or more Sb on opposite strands separated by at least 10 bp
     4.525     DSB   - two Sb on opposite strands with a separation <= 10 bp
     3.426     DSB+  - DSB accompanied by one (or more) additional Sb within 10 bp separation
     2.262     DSB++ - more than one DSB whether within the 10 bp separation or further apart
    23.195     SSBc  - fraction of complex damage (SSB+ and 2SSB) among SSBs
    83.103     SSBcb - fraction of complex damage (SSB+ and 2SSB) among SSBs; base damage included
    55.696     DSBc  - fraction of complex damage (DSB+ and DSB++) among DSBs
    93.038     DSBcb - fraction of complex damage (DSB+ and DSB++) among DSBs; base damage included
===================================================================================================================

TABLE 2. Number of clusters per cell (DNA=6.000 Gbp, AD=1.000 Gy).
===================================================================================================================
Number of --------- DSB ----------   --------- SSB ----------   -------- OTHER ---------   ----- ALL CLUSTERS -----
 lesions    Average        SEM         Average        SEM         Average        SEM         Average        SEM    
===================================================================================================================
   1          ---          ---       1.10000E+02  0.00000E+00   3.36000E+02  0.00000E+00   4.46000E+02  0.00000E+00
   2      1.10000E+01  0.00000E+00   1.28000E+02  0.00000E+00   1.99000E+02  0.00000E+00   3.38000E+02  0.00000E+00
   3      1.90000E+01  0.00000E+00   1.25000E+02  0.00000E+00   8.90000E+01  0.00000E+00   2.33000E+02  0.00000E+00
   4      2.40000E+01  0.00000E+00   8.10000E+01  0.00000E+00   5.00000E+01  0.00000E+00   1.55000E+02  0.00000E+00
   5      2.30000E+01  0.00000E+00   6.70000E+01  0.00000E+00   3.10000E+01  0.00000E+00   1.21000E+02  0.00000E+00
   6      1.30000E+01  0.00000E+00   5.10000E+01  0.00000E+00   1.70000E+01  0.00000E+00   8.10000E+01  0.00000E+00
   7      1.40000E+01  0.00000E+00   2.40000E+01  0.00000E+00   1.20000E+01  0.00000E+00   5.00000E+01  0.00000E+00
   8      1.70000E+01  0.00000E+00   1.70000E+01  0.00000E+00   4.00000E+00  0.00000E+00   3.80000E+01  0.00000E+00
   9      1.20000E+01  0.00000E+00   9.00000E+00  0.00000E+00       ---          ---       2.10000E+01  0.00000E+00
  10      6.00000E+00  0.00000E+00   6.00000E+00  0.00000E+00       ---          ---       1.20000E+01  0.00000E+00
  11      3.00000E+00  0.00000E+00   8.00000E+00  0.00000E+00       ---          ---       1.10000E+01  0.00000E+00
  12      2.00000E+00  0.00000E+00   7.00000E+00  0.00000E+00       ---          ---       9.00000E+00  0.00000E+00
  13      4.00000E+00  0.00000E+00   9.00000E+00  0.00000E+00       ---          ---       1.30000E+01  0.00000E+00
  14      1.00000E+00  0.00000E+00   3.00000E+00  0.00000E+00       ---          ---       4.00000E+00  0.00000E+00
  15      3.00000E+00  0.00000E+00   2.00000E+00  0.00000E+00       ---          ---       5.00000E+00  0.00000E+00
  16      2.00000E+00  0.00000E+00   1.00000E+00  0.00000E+00       ---          ---       3.00000E+00  0.00000E+00
  17      2.00000E+00  0.00000E+00   2.00000E+00  0.00000E+00       ---          ---       4.00000E+00  0.00000E+00
  18          ---          ---       1.00000E+00  0.00000E+00       ---          ---       1.00000E+00  0.00000E+00
  19      1.00000E+00  0.00000E+00       ---          ---           ---          ---       1.00000E+00  0.00000E+00
  20      1.00000E+00  0.00000E+00       ---          ---           ---          ---       1.00000E+00  0.00000E+00
  21          ---          ---           ---          ---           ---          ---           ---          ---
  22          ---          ---           ---          ---           ---          ---           ---          ---
  23          ---          ---           ---          ---           ---          ---           ---          ---
  24          ---          ---           ---          ---           ---          ---           ---          ---
  25          ---          ---           ---          ---           ---          ---           ---          ---
  26          ---          ---           ---          ---           ---          ---           ---          ---
  27          ---          ---           ---          ---           ---          ---           ---          ---
  28          ---          ---           ---          ---           ---          ---           ---          ---
  29          ---          ---           ---          ---           ---          ---           ---          ---
  30          ---          ---           ---          ---           ---          ---           ---          ---
  31          ---          ---           ---          ---           ---          ---           ---          ---
  32          ---          ---           ---          ---           ---          ---           ---          ---
  33          ---          ---           ---          ---           ---          ---           ---          ---
  34          ---          ---           ---          ---           ---          ---           ---          ---
  35          ---          ---           ---          ---           ---          ---           ---          ---
  36          ---          ---           ---          ---           ---          ---           ---          ---
  37          ---          ---           ---          ---           ---          ---           ---          ---
  38          ---          ---           ---          ---           ---          ---           ---          ---
  39          ---          ---           ---          ---           ---          ---           ---          ---
  40          ---          ---           ---          ---           ---          ---           ---          ---
  41          ---          ---           ---          ---           ---          ---           ---          ---
  42          ---          ---           ---          ---           ---          ---           ---          ---
  43          ---          ---           ---          ---           ---          ---           ---          ---
  44          ---          ---           ---          ---           ---          ---           ---          ---
  45          ---          ---           ---          ---           ---          ---           ---          ---
  46          ---          ---           ---          ---           ---          ---           ---          ---
  47          ---          ---           ---          ---           ---          ---           ---          ---
  48          ---          ---           ---          ---           ---          ---           ---          ---
  49          ---          ---           ---          ---           ---          ---           ---          ---
  50          ---          ---           ---          ---           ---          ---           ---          ---
 Total    1.58000E+02  0.00000E+00   6.51000E+02  0.00000E+00   7.38000E+02  0.00000E+00   1.54700E+03  0.00000E+00
-------------------------------------------------------------------------------------------------------------------
NOTE: The category "OTHER" includes all classes of individual and clustered DNA lesion, except for SSB and DSB.
SEM = standard error of the mean.

TABLE 3. Number of clusters per cell per track (DNA=6.000 Gbp, ZF=1.40768 Gy).
===================================================================================================================
Number of --------- DSB ----------   --------- SSB ----------   -------- OTHER ---------   ----- ALL CLUSTERS -----
 lesions    Average        SEM         Average        SEM         Average        SEM         Average        SEM    
===================================================================================================================
   1          ---          ---       1.54845E+02  0.00000E+00   4.72982E+02  0.00000E+00   6.27827E+02  0.00000E+00
   2      1.54845E+01  0.00000E+00   1.80184E+02  0.00000E+00   2.80129E+02  0.00000E+00   4.75797E+02  0.00000E+00
   3      2.67460E+01  0.00000E+00   1.75961E+02  0.00000E+00   1.25284E+02  0.00000E+00   3.27990E+02  0.00000E+00
   4      3.37844E+01  0.00000E+00   1.14022E+02  0.00000E+00   7.03842E+01  0.00000E+00   2.18191E+02  0.00000E+00
   5      3.23767E+01  0.00000E+00   9.43148E+01  0.00000E+00   4.36382E+01  0.00000E+00   1.70330E+02  0.00000E+00
   6      1.82999E+01  0.00000E+00   7.17919E+01  0.00000E+00   2.39306E+01  0.00000E+00   1.14022E+02  0.00000E+00
   7      1.97076E+01  0.00000E+00   3.37844E+01  0.00000E+00   1.68922E+01  0.00000E+00   7.03842E+01  0.00000E+00
   8      2.39306E+01  0.00000E+00   2.39306E+01  0.00000E+00   5.63074E+00  0.00000E+00   5.34920E+01  0.00000E+00
   9      1.68922E+01  0.00000E+00   1.26692E+01  0.00000E+00       ---          ---       2.95614E+01  0.00000E+00
  10      8.44611E+00  0.00000E+00   8.44611E+00  0.00000E+00       ---          ---       1.68922E+01  0.00000E+00
  11      4.22305E+00  0.00000E+00   1.12615E+01  0.00000E+00       ---          ---       1.54845E+01  0.00000E+00
  12      2.81537E+00  0.00000E+00   9.85379E+00  0.00000E+00       ---          ---       1.26692E+01  0.00000E+00
  13      5.63074E+00  0.00000E+00   1.26692E+01  0.00000E+00       ---          ---       1.82999E+01  0.00000E+00
  14      1.40768E+00  0.00000E+00   4.22305E+00  0.00000E+00       ---          ---       5.63074E+00  0.00000E+00
  15      4.22305E+00  0.00000E+00   2.81537E+00  0.00000E+00       ---          ---       7.03842E+00  0.00000E+00
  16      2.81537E+00  0.00000E+00   1.40768E+00  0.00000E+00       ---          ---       4.22305E+00  0.00000E+00
  17      2.81537E+00  0.00000E+00   2.81537E+00  0.00000E+00       ---          ---       5.63074E+00  0.00000E+00
  18          ---          ---       1.40768E+00  0.00000E+00       ---          ---       1.40768E+00  0.00000E+00
  19      1.40768E+00  0.00000E+00       ---          ---           ---          ---       1.40768E+00  0.00000E+00
  20      1.40768E+00  0.00000E+00       ---          ---           ---          ---       1.40768E+00  0.00000E+00
  21          ---          ---           ---          ---           ---          ---           ---          ---
  22          ---          ---           ---          ---           ---          ---           ---          ---
  23          ---          ---           ---          ---           ---          ---           ---          ---
  24          ---          ---           ---          ---           ---          ---           ---          ---
  25          ---          ---           ---          ---           ---          ---           ---          ---
  26          ---          ---           ---          ---           ---          ---           ---          ---
  27          ---          ---           ---          ---           ---          ---           ---          ---
  28          ---          ---           ---          ---           ---          ---           ---          ---
  29          ---          ---           ---          ---           ---          ---           ---          ---
  30          ---          ---           ---          ---           ---          ---           ---          ---
  31          ---          ---           ---          ---           ---          ---           ---          ---
  32          ---          ---           ---          ---           ---          ---           ---          ---
  33          ---          ---           ---          ---           ---          ---           ---          ---
  34          ---          ---           ---          ---           ---          ---           ---          ---
  35          ---          ---           ---          ---           ---          ---           ---          ---
  36          ---          ---           ---          ---           ---          ---           ---          ---
  37          ---          ---           ---          ---           ---          ---           ---          ---
  38          ---          ---           ---          ---           ---          ---           ---          ---
  39          ---          ---           ---          ---           ---          ---           ---          ---
  40          ---          ---           ---          ---           ---          ---           ---          ---
  41          ---          ---           ---          ---           ---          ---           ---          ---
  42          ---          ---           ---          ---           ---          ---           ---          ---
  43          ---          ---           ---          ---           ---          ---           ---          ---
  44          ---          ---           ---          ---           ---          ---           ---          ---
  45          ---          ---           ---          ---           ---          ---           ---          ---
  46          ---          ---           ---          ---           ---          ---           ---          ---
  47          ---          ---           ---          ---           ---          ---           ---          ---
  48          ---          ---           ---          ---           ---          ---           ---          ---
  49          ---          ---           ---          ---           ---          ---           ---          ---
  50          ---          ---           ---          ---           ---          ---           ---          ---
 Total    2.22414E+02  0.00000E+00   9.16402E+02  0.00000E+00   1.03887E+03  0.00000E+00   2.17769E+03  0.00000E+00
-------------------------------------------------------------------------------------------------------------------

TABLE 4. Cluster Length (in base pair)
===================================================================================================================
Number of --------- DSB ----------   --------- SSB ----------   -------- OTHER ---------   ----- ALL CLUSTERS -----
 lesions    Average        SEM         Average        SEM         Average        SEM         Average        SEM    
===================================================================================================================
   1          ---          ---       1.00000E+00  0.00000E+00   1.00000E+00  0.00000E+00   1.00000E+00  0.00000E+00
   2      5.90909E+00  0.00000E+00   4.97656E+00  0.00000E+00   5.40201E+00  0.00000E+00   5.25740E+00  0.00000E+00
   3      9.10526E+00  0.00000E+00   8.25600E+00  0.00000E+00   8.66292E+00  0.00000E+00   8.48069E+00  0.00000E+00
   4      1.21250E+01  0.00000E+00   1.25926E+01  0.00000E+00   1.35200E+01  0.00000E+00   1.28194E+01  0.00000E+00
   5      1.46522E+01  0.00000E+00   1.72836E+01  0.00000E+00   1.61935E+01  0.00000E+00   1.65041E+01  0.00000E+00
   6      1.96154E+01  0.00000E+00   2.11569E+01  0.00000E+00   2.14118E+01  0.00000E+00   2.09630E+01  0.00000E+00
   7      2.67143E+01  0.00000E+00   2.72917E+01  0.00000E+00   2.20000E+01  0.00000E+00   2.58600E+01  0.00000E+00
   8      2.50000E+01  0.00000E+00   3.03529E+01  0.00000E+00   2.67500E+01  0.00000E+00   2.75789E+01  0.00000E+00
   9      3.19167E+01  0.00000E+00   3.03333E+01  0.00000E+00       ---          ---       3.12381E+01  0.00000E+00
  10      3.01667E+01  0.00000E+00   4.11667E+01  0.00000E+00       ---          ---       3.56667E+01  0.00000E+00
  11      4.63333E+01  0.00000E+00   4.40000E+01  0.00000E+00       ---          ---       4.46364E+01  0.00000E+00
  12      5.15000E+01  0.00000E+00   5.07143E+01  0.00000E+00       ---          ---       5.08889E+01  0.00000E+00
  13      4.65000E+01  0.00000E+00   5.01111E+01  0.00000E+00       ---          ---       4.90000E+01  0.00000E+00
  14      5.60000E+01  0.00000E+00   5.36667E+01  0.00000E+00       ---          ---       5.42500E+01  0.00000E+00
  15      6.13333E+01  0.00000E+00   6.50000E+01  0.00000E+00       ---          ---       6.28000E+01  0.00000E+00
  16      5.15000E+01  0.00000E+00   6.70000E+01  0.00000E+00       ---          ---       5.66667E+01  0.00000E+00
  17      6.70000E+01  0.00000E+00   7.45000E+01  0.00000E+00       ---          ---       7.07500E+01  0.00000E+00
  18          ---          ---       7.50000E+01  0.00000E+00       ---          ---       7.50000E+01  0.00000E+00
  19      6.70000E+01  0.00000E+00       ---          ---           ---          ---       6.70000E+01  0.00000E+00
  20      8.40000E+01  0.00000E+00       ---          ---           ---          ---       8.40000E+01  0.00000E+00
  21          ---          ---           ---          ---           ---          ---           ---          ---
  22          ---          ---           ---          ---           ---          ---           ---          ---
  23          ---          ---           ---          ---           ---          ---           ---          ---
  24          ---          ---           ---          ---           ---          ---           ---          ---
  25          ---          ---           ---          ---           ---          ---           ---          ---
  26          ---          ---           ---          ---           ---          ---           ---          ---
  27          ---          ---           ---          ---           ---          ---           ---          ---
  28          ---          ---           ---          ---           ---          ---           ---          ---
  29          ---          ---           ---          ---           ---          ---           ---          ---
  30          ---          ---           ---          ---           ---          ---           ---          ---
  31          ---          ---           ---          ---           ---          ---           ---          ---
  32          ---          ---           ---          ---           ---          ---           ---          ---
  33          ---          ---           ---          ---           ---          ---           ---          ---
  34          ---          ---           ---          ---           ---          ---           ---          ---
  35          ---          ---           ---          ---           ---          ---           ---          ---
  36          ---          ---           ---          ---           ---          ---           ---          ---
  37          ---          ---           ---          ---           ---          ---           ---          ---
  38          ---          ---           ---          ---           ---          ---           ---          ---
  39          ---          ---           ---          ---           ---          ---           ---          ---
  40          ---          ---           ---          ---           ---          ---           ---          ---
  41          ---          ---           ---          ---           ---          ---           ---          ---
  42          ---          ---           ---          ---           ---          ---           ---          ---
  43          ---          ---           ---          ---           ---          ---           ---          ---
  44          ---          ---           ---          ---           ---          ---           ---          ---
  45          ---          ---           ---          ---           ---          ---           ---          ---
  46          ---          ---           ---          ---           ---          ---           ---          ---
  47          ---          ---           ---          ---           ---          ---           ---          ---
  48          ---          ---           ---          ---           ---          ---           ---          ---
  49          ---          ---           ---          ---           ---          ---           ---          ---
  50          ---          ---           ---          ---           ---          ---           ---          ---
Average   2.24051E+01  0.00000E+00   1.30061E+01  0.00000E+00   5.54878E+00  0.00000E+00   1.04085E+01  0.00000E+00
-------------------------------------------------------------------------------------------------------------------

TABLE 5. Density of lesions forming a cluster (in units of lesions per nucleotide).
===================================================================================================================
Number of --------- DSB ----------   --------- SSB ----------   -------- OTHER ---------   ----- ALL CLUSTERS -----
 lesions    Average        SEM         Average        SEM         Average        SEM         Average        SEM    
===================================================================================================================
   1          ---          ---       5.00000E-01  0.00000E+00   5.00000E-01  0.00000E+00   5.00000E-01  0.00000E+00
   2      2.35859E-01  0.00000E+00   2.99420E-01  0.00000E+00   2.63027E-01  0.00000E+00   2.75925E-01  0.00000E+00
   3      2.31459E-01  0.00000E+00   2.26937E-01  0.00000E+00   2.26271E-01  0.00000E+00   2.27052E-01  0.00000E+00
   4      1.93765E-01  0.00000E+00   1.92945E-01  0.00000E+00   1.61480E-01  0.00000E+00   1.82922E-01  0.00000E+00
   5      1.87266E-01  0.00000E+00   1.59134E-01  0.00000E+00   1.72029E-01  0.00000E+00   1.67785E-01  0.00000E+00
   6      1.63593E-01  0.00000E+00   1.51519E-01  0.00000E+00   1.55198E-01  0.00000E+00   1.54229E-01  0.00000E+00
   7      1.35641E-01  0.00000E+00   1.33093E-01  0.00000E+00   1.78354E-01  0.00000E+00   1.44669E-01  0.00000E+00
   8      1.72206E-01  0.00000E+00   1.39756E-01  0.00000E+00   1.53869E-01  0.00000E+00   1.55759E-01  0.00000E+00
   9      1.45092E-01  0.00000E+00   1.56812E-01  0.00000E+00       ---          ---       1.50115E-01  0.00000E+00
  10      1.68683E-01  0.00000E+00   1.22744E-01  0.00000E+00       ---          ---       1.45714E-01  0.00000E+00
  11      1.20833E-01  0.00000E+00   1.30716E-01  0.00000E+00       ---          ---       1.28021E-01  0.00000E+00
  12      1.17401E-01  0.00000E+00   1.21601E-01  0.00000E+00       ---          ---       1.20668E-01  0.00000E+00
  13      1.57839E-01  0.00000E+00   1.32129E-01  0.00000E+00       ---          ---       1.40040E-01  0.00000E+00
  14      1.25000E-01  0.00000E+00   1.34037E-01  0.00000E+00       ---          ---       1.31778E-01  0.00000E+00
  15      1.24036E-01  0.00000E+00   1.15412E-01  0.00000E+00       ---          ---       1.20587E-01  0.00000E+00
  16      1.59690E-01  0.00000E+00   1.19403E-01  0.00000E+00       ---          ---       1.46261E-01  0.00000E+00
  17      1.27576E-01  0.00000E+00   1.14099E-01  0.00000E+00       ---          ---       1.20838E-01  0.00000E+00
  18          ---          ---       1.20000E-01  0.00000E+00       ---          ---       1.20000E-01  0.00000E+00
  19      1.41791E-01  0.00000E+00       ---          ---           ---          ---       1.41791E-01  0.00000E+00
  20      1.19048E-01  0.00000E+00       ---          ---           ---          ---       1.19048E-01  0.00000E+00
  21          ---          ---           ---          ---           ---          ---           ---          ---
  22          ---          ---           ---          ---           ---          ---           ---          ---
  23          ---          ---           ---          ---           ---          ---           ---          ---
  24          ---          ---           ---          ---           ---          ---           ---          ---
  25          ---          ---           ---          ---           ---          ---           ---          ---
  26          ---          ---           ---          ---           ---          ---           ---          ---
  27          ---          ---           ---          ---           ---          ---           ---          ---
  28          ---          ---           ---          ---           ---          ---           ---          ---
  29          ---          ---           ---          ---           ---          ---           ---          ---
  30          ---          ---           ---          ---           ---          ---           ---          ---
  31          ---          ---           ---          ---           ---          ---           ---          ---
  32          ---          ---           ---          ---           ---          ---           ---          ---
  33          ---          ---           ---          ---           ---          ---           ---          ---
  34          ---          ---           ---          ---           ---          ---           ---          ---
  35          ---          ---           ---          ---           ---          ---           ---          ---
  36          ---          ---           ---          ---           ---          ---           ---          ---
  37          ---          ---           ---          ---           ---          ---           ---          ---
  38          ---          ---           ---          ---           ---          ---           ---          ---
  39          ---          ---           ---          ---           ---          ---           ---          ---
  40          ---          ---           ---          ---           ---          ---           ---          ---
  41          ---          ---           ---          ---           ---          ---           ---          ---
  42          ---          ---           ---          ---           ---          ---           ---          ---
  43          ---          ---           ---          ---           ---          ---           ---          ---
  44          ---          ---           ---          ---           ---          ---           ---          ---
  45          ---          ---           ---          ---           ---          ---           ---          ---
  46          ---          ---           ---          ---           ---          ---           ---          ---
  47          ---          ---           ---          ---           ---          ---           ---          ---
  48          ---          ---           ---          ---           ---          ---           ---          ---
  49          ---          ---           ---          ---           ---          ---           ---          ---
  50          ---          ---           ---          ---           ---          ---           ---          ---
Average   1.78590E-01  0.00000E+00   2.57474E-01  0.00000E+00   3.51330E-01  0.00000E+00   2.94191E-01  0.00000E+00
-------------------------------------------------------------------------------------------------------------------
NOTE: Lesion density computed as the number of lesions per cluster divided by twice the cluster length.

TABLE 6. Cluster composition (% Sb per cluster)
===================================================================================================================
Number of --------- DSB ----------   --------- SSB ----------   -------- OTHER ---------   ----- ALL CLUSTERS -----
 lesions    Average        SEM         Average        SEM         Average        SEM         Average        SEM    
===================================================================================================================
   1          ---          ---       1.00000E+02  0.00000E+00   0.00000E+00  0.00000E+00   2.46637E+01  0.00000E+00
   2      1.00000E+02  0.00000E+00   5.42969E+01  0.00000E+00   0.00000E+00  0.00000E+00   2.38166E+01  0.00000E+00
   3      7.54386E+01  0.00000E+00   3.81333E+01  0.00000E+00   0.00000E+00  0.00000E+00   2.66094E+01  0.00000E+00
   4      5.83333E+01  0.00000E+00   3.11728E+01  0.00000E+00   0.00000E+00  0.00000E+00   2.53226E+01  0.00000E+00
   5      5.56522E+01  0.00000E+00   2.71642E+01  0.00000E+00   0.00000E+00  0.00000E+00   2.56198E+01  0.00000E+00
   6      4.61538E+01  0.00000E+00   2.54902E+01  0.00000E+00   0.00000E+00  0.00000E+00   2.34568E+01  0.00000E+00
   7      4.18367E+01  0.00000E+00   2.32143E+01  0.00000E+00   0.00000E+00  0.00000E+00   2.28571E+01  0.00000E+00
   8      3.97059E+01  0.00000E+00   2.42647E+01  0.00000E+00   0.00000E+00  0.00000E+00   2.86184E+01  0.00000E+00
   9      3.51852E+01  0.00000E+00   1.97531E+01  0.00000E+00       ---          ---       2.85714E+01  0.00000E+00
  10      3.16667E+01  0.00000E+00   2.16667E+01  0.00000E+00       ---          ---       2.66667E+01  0.00000E+00
  11      3.93939E+01  0.00000E+00   2.04545E+01  0.00000E+00       ---          ---       2.56198E+01  0.00000E+00
  12      2.08333E+01  0.00000E+00   1.66667E+01  0.00000E+00       ---          ---       1.75926E+01  0.00000E+00
  13      2.88462E+01  0.00000E+00   2.05128E+01  0.00000E+00       ---          ---       2.30769E+01  0.00000E+00
  14      3.57143E+01  0.00000E+00   1.90476E+01  0.00000E+00       ---          ---       2.32143E+01  0.00000E+00
  15      2.44444E+01  0.00000E+00   1.00000E+01  0.00000E+00       ---          ---       1.86667E+01  0.00000E+00
  16      3.43750E+01  0.00000E+00   3.12500E+01  0.00000E+00       ---          ---       3.33333E+01  0.00000E+00
  17      3.82353E+01  0.00000E+00   1.47059E+01  0.00000E+00       ---          ---       2.64706E+01  0.00000E+00
  18          ---          ---       2.22222E+01  0.00000E+00       ---          ---       2.22222E+01  0.00000E+00
  19      2.10526E+01  0.00000E+00       ---          ---           ---          ---       2.10526E+01  0.00000E+00
  20      2.50000E+01  0.00000E+00       ---          ---           ---          ---       2.50000E+01  0.00000E+00
  21          ---          ---           ---          ---           ---          ---           ---          ---
  22          ---          ---           ---          ---           ---          ---           ---          ---
  23          ---          ---           ---          ---           ---          ---           ---          ---
  24          ---          ---           ---          ---           ---          ---           ---          ---
  25          ---          ---           ---          ---           ---          ---           ---          ---
  26          ---          ---           ---          ---           ---          ---           ---          ---
  27          ---          ---           ---          ---           ---          ---           ---          ---
  28          ---          ---           ---          ---           ---          ---           ---          ---
  29          ---          ---           ---          ---           ---          ---           ---          ---
  30          ---          ---           ---          ---           ---          ---           ---          ---
  31          ---          ---           ---          ---           ---          ---           ---          ---
  32          ---          ---           ---          ---           ---          ---           ---          ---
  33          ---          ---           ---          ---           ---          ---           ---          ---
  34          ---          ---           ---          ---           ---          ---           ---          ---
  35          ---          ---           ---          ---           ---          ---           ---          ---
  36          ---          ---           ---          ---           ---          ---           ---          ---
  37          ---          ---           ---          ---           ---          ---           ---          ---
  38          ---          ---           ---          ---           ---          ---           ---          ---
  39          ---          ---           ---          ---           ---          ---           ---          ---
  40          ---          ---           ---          ---           ---          ---           ---          ---
  41          ---          ---           ---          ---           ---          ---           ---          ---
  42          ---          ---           ---          ---           ---          ---           ---          ---
  43          ---          ---           ---          ---           ---          ---           ---          ---
  44          ---          ---           ---          ---           ---          ---           ---          ---
  45          ---          ---           ---          ---           ---          ---           ---          ---
  46          ---          ---           ---          ---           ---          ---           ---          ---
  47          ---          ---           ---          ---           ---          ---           ---          ---
  48          ---          ---           ---          ---           ---          ---           ---          ---
  49          ---          ---           ---          ---           ---          ---           ---          ---
  50          ---          ---           ---          ---           ---          ---           ---          ---
Average   5.22900E+01  0.00000E+00   4.64885E+01  0.00000E+00   0.00000E+00  0.00000E+00   2.49036E+01  0.00000E+00
-------------------------------------------------------------------------------------------------------------------
NOTES: (% Sb) is the percentage of lesions that are strand breaks. The number of Sb is [(% Sb)/100]*(# lesions).
The number of Bd is (1-(% Sb)/100)*(# lesions).
