===============================
MCDS Version 3.10A  05-DEC-2011
===============================
      0.012     running time (min)
  987654321     random number seed
          1     number of cells (nocs)
 0.0000E+00     water-equivalent material (WEM) thickness (mg/cm^2)
 1.0000E+00     Desired dose to the cell nucleus (Gy)
 6.0000E+00     DNA content (Gbp)

TARGET (cell) DEFINITION (4V/S = mean chord length)
========================================================
            DIAMETER     4V/S      Volume      Mass
               (um)      (um)      (um^3)      (ng)
--------------------------------------------------------
DNA            ---        ---     6.123E+00  6.123E-03
NUCLEUS     5.000E+00  3.333E+00  6.545E+01  6.545E-02
CYTOPLASM      ---        ---     -6.545E+01  -6.545E-02
CELL        0.000E+00  0.000E+00  0.000E+00  0.000E+00
========================================================
NOTE: In human DNA, 1 Gbp=0.979 ng (not including bound
H2O).  DNA volume computed using a density of 1 g/cm^3.

WARNING: volume of nucleus larger than the volume of the cell!

INCIDENT PARTICLE: 12C (mass = 1.20000E+01 u = 1.11749E+04 MeV/c^2)
  2.00000E+02 MeV >= 1.00000E-06 MeV
  1.66667E+01 MeV/A >= 8.33333E-08 MeV/A)
  2.12366E+03 MeV (p*c = momentum x speed of light)
  5.83897E-04 pm (de Broglie wavelength)
  1.01790E+00 = T/m0c2+1 (Lorentz factor) >= 1
  5.99489E+00 ABS(effective charge); Barkas 1963
  1.86698E-01 beta = (v/c) <= 1
  1.03106E+03 (zeff/beta)^2 <= 2.000E+05
  1.07069E+02 keV/um (total stopping power in H2O)
  1.07008E+02 keV/um ( 99.943% electronic)
  6.06301E-02 keV/um (  0.057% nuclear)
  1.06324E-01 CSDA range of particle (cm) in H2O

PARTICLE TRANSPORT - Beam of radiation incident on bottom of cell culture dish
(WEM=0.00 um, cell=0.00 um, nucleus=5.00 um; total distance traveled to
reach nucleus=-2.500 um of H2O).
==============================================================================
                                  ------- Cell --------  ------- Nucleus -----
                       Incident      Entry      Exit       Entry       Exit
==============================================================================
         KE (MeV)   2.0000E+02  2.0000E+02  2.0000E+02  2.0000E+02  1.9973E+02
    (Zeff/beta)^2   1.0311E+03  1.0311E+03  1.0311E+03  1.0311E+03  1.0324E+03
     LET (keV/um)   1.0707E+02  1.0707E+02  1.0707E+02  1.0707E+02  1.0718E+02
  Res. Range (um)   1.0632E+03  1.0632E+03  1.0632E+03  1.0632E+03  1.0607E+03
 DPUF1 (nGy-cm^2)   1.7152E+02  1.7152E+02  1.7152E+02  1.7152E+02  1.7171E+02
 DPUF2 (nGy-cm^2)      ---      NaN     ---      1.7166E+02     ---
       Edep (keV)      ---      NaN     ---      3.5719E+02     ---
      YF (keV/um)      ---      NaN     ---      1.0716E+02     ---
          ZF (Gy)      ---      NaN     ---      8.7427E-01     ---
==============================================================================
LET=(Stot-Srad); absorbed dose per unit fluence (DPUF1) = 1.602*LET/rho
Avg. absorbed dose within target (i.e., DPUF2) = 2.5*pi*d*d*zf
Edep = 0.1602*ZF*PI*d*d*d/6; yf = edep/lbar = 0.25*edep*{area}/{volume}

DAMAGE FORMATION AND CLUSTERING (normoxic conditions)
      50997     segment length, nseg (bp per cell per Gy)
       1300     number of strand breaks, sigSb (per cell per Gy)
       3900     number of base damages,  sigBd (per cell per Gy)
        3.0     base damage to strand break ratio, f
          9     minimum distance between clusters, Nmin (bp)
         10     maximum distance between two Sb to compose a DSB, Ndsb (bp)
        0.0     fraction Bl/Bd

OXYGEN SIMULATION (M0=1.740, K=0.3372, q=946.10, r=2.15)
  1.0000E+02 % O2 concentration (=760.00 mmHg)
  1.1258E-03 chemical repair probability (pcr)
  9.9887E-01 O2 fixation probability (1-pcr)
  1.0011E+00 Approx. HRF for SSB induction [=1/(1-pcr)]
  1.0023E+00 Approx. HRF for DSB induction [1/(1-pcr)]^2

DMSO SIMULATION
  5.0000E-01 fraction of non-scavengeable DNA damage (fnsd)
  5.0000E-01 concentration (mol dm^-3) at half-level (chmx)
  0.0000E+00 DMSO concentration (mol dm^-3)

TABLE 1. Percent (%) cluster yields by complexity, as classified using the scheme of Nikjoo et al. (IJRB 71, 
467-483 1997 and and Radiat. Res. 156, 577-583 2001).
===================================================================================================================
    53.719     BD    - one or more Bd (no Sb)
    32.312     SSB   - Sb (no auxilary damage)
     6.181     SSB+  - two Sb on the same strand
     2.060     2SSB  - two or more Sb on opposite strands separated by at least 10 bp
     3.417     DSB   - two Sb on opposite strands with a separation <= 10 bp
     1.256     DSB+  - DSB accompanied by one (or more) additional Sb within 10 bp separation
     1.055     DSB++ - more than one DSB whether within the 10 bp separation or further apart
    20.322     SSBc  - fraction of complex damage (SSB+ and 2SSB) among SSBs
    75.836     SSBcb - fraction of complex damage (SSB+ and 2SSB) among SSBs; base damage included
    40.351     DSBc  - fraction of complex damage (DSB+ and DSB++) among DSBs
    83.333     DSBcb - fraction of complex damage (DSB+ and DSB++) among DSBs; base damage included
===================================================================================================================

TABLE 2. Number of clusters per cell (DNA=6.000 Gbp, AD=1.000 Gy).
===================================================================================================================
Number of --------- DSB ----------   --------- SSB ----------   -------- OTHER ---------   ----- ALL CLUSTERS -----
 lesions    Average        SEM         Average        SEM         Average        SEM         Average        SEM    
===================================================================================================================
   1          ---          ---       1.95000E+02  0.00000E+00   5.61000E+02  0.00000E+00   7.56000E+02  0.00000E+00
   2      1.90000E+01  0.00000E+00   1.84000E+02  0.00000E+00   2.70000E+02  0.00000E+00   4.73000E+02  0.00000E+00
   3      1.80000E+01  0.00000E+00   1.37000E+02  0.00000E+00   1.18000E+02  0.00000E+00   2.73000E+02  0.00000E+00
   4      1.70000E+01  0.00000E+00   1.15000E+02  0.00000E+00   6.70000E+01  0.00000E+00   1.99000E+02  0.00000E+00
   5      1.80000E+01  0.00000E+00   7.40000E+01  0.00000E+00   3.00000E+01  0.00000E+00   1.22000E+02  0.00000E+00
   6      1.00000E+01  0.00000E+00   3.40000E+01  0.00000E+00   1.40000E+01  0.00000E+00   5.80000E+01  0.00000E+00
   7      1.20000E+01  0.00000E+00   3.00000E+01  0.00000E+00   6.00000E+00  0.00000E+00   4.80000E+01  0.00000E+00
   8      4.00000E+00  0.00000E+00   1.80000E+01  0.00000E+00       ---          ---       2.20000E+01  0.00000E+00
   9      6.00000E+00  0.00000E+00   8.00000E+00  0.00000E+00   1.00000E+00  0.00000E+00   1.50000E+01  0.00000E+00
  10      5.00000E+00  0.00000E+00   3.00000E+00  0.00000E+00   2.00000E+00  0.00000E+00   1.00000E+01  0.00000E+00
  11      2.00000E+00  0.00000E+00   5.00000E+00  0.00000E+00       ---          ---       7.00000E+00  0.00000E+00
  12          ---          ---       2.00000E+00  0.00000E+00       ---          ---       2.00000E+00  0.00000E+00
  13      1.00000E+00  0.00000E+00       ---          ---           ---          ---       1.00000E+00  0.00000E+00
  14      1.00000E+00  0.00000E+00   1.00000E+00  0.00000E+00       ---          ---       2.00000E+00  0.00000E+00
  15          ---          ---       1.00000E+00  0.00000E+00       ---          ---       1.00000E+00  0.00000E+00
  16      1.00000E+00  0.00000E+00       ---          ---           ---          ---       1.00000E+00  0.00000E+00
  17          ---          ---           ---          ---           ---          ---           ---          ---
  18          ---          ---           ---          ---           ---          ---           ---          ---
  19          ---          ---           ---          ---           ---          ---           ---          ---
  20          ---          ---           ---          ---           ---          ---           ---          ---
  21          ---          ---           ---          ---           ---          ---           ---          ---
  22          ---          ---           ---          ---           ---          ---           ---          ---
  23          ---          ---           ---          ---           ---          ---           ---          ---
  24          ---          ---           ---          ---           ---          ---           ---          ---
  25          ---          ---           ---          ---           ---          ---           ---          ---
  26          ---          ---           ---          ---           ---          ---           ---          ---
  27          ---          ---           ---          ---           ---          ---           ---          ---
  28          ---          ---           ---          ---           ---          ---           ---          ---
  29          ---          ---           ---          ---           ---          ---           ---          ---
  30          ---          ---           ---          ---           ---          ---           ---          ---
  31          ---          ---           ---          ---           ---          ---           ---          ---
  32          ---          ---           ---          ---           ---          ---           ---          ---
  33          ---          ---           ---          ---           ---          ---           ---          ---
  34          ---          ---           ---          ---           ---          ---           ---          ---
  35          ---          ---           ---          ---           ---          ---           ---          ---
  36          ---          ---           ---          ---           ---          ---           ---          ---
  37          ---          ---           ---          ---           ---          ---           ---          ---
  38          ---          ---           ---          ---           ---          ---           ---          ---
  39          ---          ---           ---          ---           ---          ---           ---          ---
  40          ---          ---           ---          ---           ---          ---           ---          ---
  41          ---          ---           ---          ---           ---          ---           ---          ---
  42          ---          ---           ---          ---           ---          ---           ---          ---
  43          ---          ---           ---          ---           ---          ---           ---          ---
  44          ---          ---           ---          ---           ---          ---           ---          ---
  45          ---          ---           ---          ---           ---          ---           ---          ---
  46          ---          ---           ---          ---           ---          ---           ---          ---
  47          ---          ---           ---          ---           ---          ---           ---          ---
  48          ---          ---           ---          ---           ---          ---           ---          ---
  49          ---          ---           ---          ---           ---          ---           ---          ---
  50          ---          ---           ---          ---           ---          ---           ---          ---
 Total    1.14000E+02  0.00000E+00   8.07000E+02  0.00000E+00   1.06900E+03  0.00000E+00   1.99000E+03  0.00000E+00
-------------------------------------------------------------------------------------------------------------------
NOTE: The category "OTHER" includes all classes of individual and clustered DNA lesion, except for SSB and DSB.
SEM = standard error of the mean.

TABLE 3. Number of clusters per cell per track (DNA=6.000 Gbp, ZF=0.87427 Gy).
===================================================================================================================
Number of --------- DSB ----------   --------- SSB ----------   -------- OTHER ---------   ----- ALL CLUSTERS -----
 lesions    Average        SEM         Average        SEM         Average        SEM         Average        SEM    
===================================================================================================================
   1          ---          ---       1.70483E+02  0.00000E+00   4.90467E+02  0.00000E+00   6.60951E+02  0.00000E+00
   2      1.66112E+01  0.00000E+00   1.60866E+02  0.00000E+00   2.36054E+02  0.00000E+00   4.13531E+02  0.00000E+00
   3      1.57369E+01  0.00000E+00   1.19775E+02  0.00000E+00   1.03164E+02  0.00000E+00   2.38677E+02  0.00000E+00
   4      1.48627E+01  0.00000E+00   1.00541E+02  0.00000E+00   5.85763E+01  0.00000E+00   1.73980E+02  0.00000E+00
   5      1.57369E+01  0.00000E+00   6.46962E+01  0.00000E+00   2.62282E+01  0.00000E+00   1.06661E+02  0.00000E+00
   6      8.74274E+00  0.00000E+00   2.97253E+01  0.00000E+00   1.22398E+01  0.00000E+00   5.07079E+01  0.00000E+00
   7      1.04913E+01  0.00000E+00   2.62282E+01  0.00000E+00   5.24564E+00  0.00000E+00   4.19651E+01  0.00000E+00
   8      3.49709E+00  0.00000E+00   1.57369E+01  0.00000E+00       ---          ---       1.92340E+01  0.00000E+00
   9      5.24564E+00  0.00000E+00   6.99419E+00  0.00000E+00   8.74274E-01  0.00000E+00   1.31141E+01  0.00000E+00
  10      4.37137E+00  0.00000E+00   2.62282E+00  0.00000E+00   1.74855E+00  0.00000E+00   8.74274E+00  0.00000E+00
  11      1.74855E+00  0.00000E+00   4.37137E+00  0.00000E+00       ---          ---       6.11992E+00  0.00000E+00
  12          ---          ---       1.74855E+00  0.00000E+00       ---          ---       1.74855E+00  0.00000E+00
  13      8.74274E-01  0.00000E+00       ---          ---           ---          ---       8.74274E-01  0.00000E+00
  14      8.74274E-01  0.00000E+00   8.74274E-01  0.00000E+00       ---          ---       1.74855E+00  0.00000E+00
  15          ---          ---       8.74274E-01  0.00000E+00       ---          ---       8.74274E-01  0.00000E+00
  16      8.74274E-01  0.00000E+00       ---          ---           ---          ---       8.74274E-01  0.00000E+00
  17          ---          ---           ---          ---           ---          ---           ---          ---
  18          ---          ---           ---          ---           ---          ---           ---          ---
  19          ---          ---           ---          ---           ---          ---           ---          ---
  20          ---          ---           ---          ---           ---          ---           ---          ---
  21          ---          ---           ---          ---           ---          ---           ---          ---
  22          ---          ---           ---          ---           ---          ---           ---          ---
  23          ---          ---           ---          ---           ---          ---           ---          ---
  24          ---          ---           ---          ---           ---          ---           ---          ---
  25          ---          ---           ---          ---           ---          ---           ---          ---
  26          ---          ---           ---          ---           ---          ---           ---          ---
  27          ---          ---           ---          ---           ---          ---           ---          ---
  28          ---          ---           ---          ---           ---          ---           ---          ---
  29          ---          ---           ---          ---           ---          ---           ---          ---
  30          ---          ---           ---          ---           ---          ---           ---          ---
  31          ---          ---           ---          ---           ---          ---           ---          ---
  32          ---          ---           ---          ---           ---          ---           ---          ---
  33          ---          ---           ---          ---           ---          ---           ---          ---
  34          ---          ---           ---          ---           ---          ---           ---          ---
  35          ---          ---           ---          ---           ---          ---           ---          ---
  36          ---          ---           ---          ---           ---          ---           ---          ---
  37          ---          ---           ---          ---           ---          ---           ---          ---
  38          ---          ---           ---          ---           ---          ---           ---          ---
  39          ---          ---           ---          ---           ---          ---           ---          ---
  40          ---          ---           ---          ---           ---          ---           ---          ---
  41          ---          ---           ---          ---           ---          ---           ---          ---
  42          ---          ---           ---          ---           ---          ---           ---          ---
  43          ---          ---           ---          ---           ---          ---           ---          ---
  44          ---          ---           ---          ---           ---          ---           ---          ---
  45          ---          ---           ---          ---           ---          ---           ---          ---
  46          ---          ---           ---          ---           ---          ---           ---          ---
  47          ---          ---           ---          ---           ---          ---           ---          ---
  48          ---          ---           ---          ---           ---          ---           ---          ---
  49          ---          ---           ---          ---           ---          ---           ---          ---
  50          ---          ---           ---          ---           ---          ---           ---          ---
 Total    9.96672E+01  0.00000E+00   7.05539E+02  0.00000E+00   9.34598E+02  0.00000E+00   1.73980E+03  0.00000E+00
-------------------------------------------------------------------------------------------------------------------

TABLE 4. Cluster Length (in base pair)
===================================================================================================================
Number of --------- DSB ----------   --------- SSB ----------   -------- OTHER ---------   ----- ALL CLUSTERS -----
 lesions    Average        SEM         Average        SEM         Average        SEM         Average        SEM    
===================================================================================================================
   1          ---          ---       1.00000E+00  0.00000E+00   1.00000E+00  0.00000E+00   1.00000E+00  0.00000E+00
   2      5.21053E+00  0.00000E+00   5.19022E+00  0.00000E+00   5.33333E+00  0.00000E+00   5.27273E+00  0.00000E+00
   3      8.94444E+00  0.00000E+00   9.44526E+00  0.00000E+00   9.75424E+00  0.00000E+00   9.54579E+00  0.00000E+00
   4      1.40588E+01  0.00000E+00   1.33391E+01  0.00000E+00   1.42090E+01  0.00000E+00   1.36935E+01  0.00000E+00
   5      1.87778E+01  0.00000E+00   1.80676E+01  0.00000E+00   1.73000E+01  0.00000E+00   1.79836E+01  0.00000E+00
   6      1.96000E+01  0.00000E+00   2.19706E+01  0.00000E+00   2.16429E+01  0.00000E+00   2.14828E+01  0.00000E+00
   7      2.38333E+01  0.00000E+00   2.73333E+01  0.00000E+00   2.68333E+01  0.00000E+00   2.63958E+01  0.00000E+00
   8      2.87500E+01  0.00000E+00   3.13333E+01  0.00000E+00       ---          ---       3.08636E+01  0.00000E+00
   9      2.85000E+01  0.00000E+00   3.38750E+01  0.00000E+00   4.40000E+01  0.00000E+00   3.24000E+01  0.00000E+00
  10      3.94000E+01  0.00000E+00   3.70000E+01  0.00000E+00   4.45000E+01  0.00000E+00   3.97000E+01  0.00000E+00
  11      3.70000E+01  0.00000E+00   4.14000E+01  0.00000E+00       ---          ---       4.01429E+01  0.00000E+00
  12          ---          ---       4.30000E+01  0.00000E+00       ---          ---       4.30000E+01  0.00000E+00
  13      4.60000E+01  0.00000E+00       ---          ---           ---          ---       4.60000E+01  0.00000E+00
  14      5.20000E+01  0.00000E+00   6.20000E+01  0.00000E+00       ---          ---       5.70000E+01  0.00000E+00
  15          ---          ---       5.30000E+01  0.00000E+00       ---          ---       5.30000E+01  0.00000E+00
  16      4.30000E+01  0.00000E+00       ---          ---           ---          ---       4.30000E+01  0.00000E+00
  17          ---          ---           ---          ---           ---          ---           ---          ---
  18          ---          ---           ---          ---           ---          ---           ---          ---
  19          ---          ---           ---          ---           ---          ---           ---          ---
  20          ---          ---           ---          ---           ---          ---           ---          ---
  21          ---          ---           ---          ---           ---          ---           ---          ---
  22          ---          ---           ---          ---           ---          ---           ---          ---
  23          ---          ---           ---          ---           ---          ---           ---          ---
  24          ---          ---           ---          ---           ---          ---           ---          ---
  25          ---          ---           ---          ---           ---          ---           ---          ---
  26          ---          ---           ---          ---           ---          ---           ---          ---
  27          ---          ---           ---          ---           ---          ---           ---          ---
  28          ---          ---           ---          ---           ---          ---           ---          ---
  29          ---          ---           ---          ---           ---          ---           ---          ---
  30          ---          ---           ---          ---           ---          ---           ---          ---
  31          ---          ---           ---          ---           ---          ---           ---          ---
  32          ---          ---           ---          ---           ---          ---           ---          ---
  33          ---          ---           ---          ---           ---          ---           ---          ---
  34          ---          ---           ---          ---           ---          ---           ---          ---
  35          ---          ---           ---          ---           ---          ---           ---          ---
  36          ---          ---           ---          ---           ---          ---           ---          ---
  37          ---          ---           ---          ---           ---          ---           ---          ---
  38          ---          ---           ---          ---           ---          ---           ---          ---
  39          ---          ---           ---          ---           ---          ---           ---          ---
  40          ---          ---           ---          ---           ---          ---           ---          ---
  41          ---          ---           ---          ---           ---          ---           ---          ---
  42          ---          ---           ---          ---           ---          ---           ---          ---
  43          ---          ---           ---          ---           ---          ---           ---          ---
  44          ---          ---           ---          ---           ---          ---           ---          ---
  45          ---          ---           ---          ---           ---          ---           ---          ---
  46          ---          ---           ---          ---           ---          ---           ---          ---
  47          ---          ---           ---          ---           ---          ---           ---          ---
  48          ---          ---           ---          ---           ---          ---           ---          ---
  49          ---          ---           ---          ---           ---          ---           ---          ---
  50          ---          ---           ---          ---           ---          ---           ---          ---
Average   1.76930E+01  0.00000E+00   1.02057E+01  0.00000E+00   4.88307E+00  0.00000E+00   7.77538E+00  0.00000E+00
-------------------------------------------------------------------------------------------------------------------

TABLE 5. Density of lesions forming a cluster (in units of lesions per nucleotide).
===================================================================================================================
Number of --------- DSB ----------   --------- SSB ----------   -------- OTHER ---------   ----- ALL CLUSTERS -----
 lesions    Average        SEM         Average        SEM         Average        SEM         Average        SEM    
===================================================================================================================
   1          ---          ---       5.00000E-01  0.00000E+00   5.00000E-01  0.00000E+00   5.00000E-01  0.00000E+00
   2      3.23663E-01  0.00000E+00   2.81082E-01  0.00000E+00   2.73917E-01  0.00000E+00   2.78702E-01  0.00000E+00
   3      2.05041E-01  0.00000E+00   1.90404E-01  0.00000E+00   1.80250E-01  0.00000E+00   1.86980E-01  0.00000E+00
   4      1.72288E-01  0.00000E+00   1.77924E-01  0.00000E+00   1.62278E-01  0.00000E+00   1.72175E-01  0.00000E+00
   5      1.49074E-01  0.00000E+00   1.50080E-01  0.00000E+00   1.61743E-01  0.00000E+00   1.52800E-01  0.00000E+00
   6      1.86139E-01  0.00000E+00   1.45630E-01  0.00000E+00   1.52185E-01  0.00000E+00   1.54197E-01  0.00000E+00
   7      1.56661E-01  0.00000E+00   1.35315E-01  0.00000E+00   1.33813E-01  0.00000E+00   1.40464E-01  0.00000E+00
   8      1.42229E-01  0.00000E+00   1.30711E-01  0.00000E+00       ---          ---       1.32805E-01  0.00000E+00
   9      1.70721E-01  0.00000E+00   1.36098E-01  0.00000E+00   1.02273E-01  0.00000E+00   1.47692E-01  0.00000E+00
  10      1.28191E-01  0.00000E+00   1.37139E-01  0.00000E+00   1.12374E-01  0.00000E+00   1.27712E-01  0.00000E+00
  11      1.48649E-01  0.00000E+00   1.35103E-01  0.00000E+00       ---          ---       1.38973E-01  0.00000E+00
  12          ---          ---       1.39610E-01  0.00000E+00       ---          ---       1.39610E-01  0.00000E+00
  13      1.41304E-01  0.00000E+00       ---          ---           ---          ---       1.41304E-01  0.00000E+00
  14      1.34615E-01  0.00000E+00   1.12903E-01  0.00000E+00       ---          ---       1.23759E-01  0.00000E+00
  15          ---          ---       1.41509E-01  0.00000E+00       ---          ---       1.41509E-01  0.00000E+00
  16      1.86047E-01  0.00000E+00       ---          ---           ---          ---       1.86047E-01  0.00000E+00
  17          ---          ---           ---          ---           ---          ---           ---          ---
  18          ---          ---           ---          ---           ---          ---           ---          ---
  19          ---          ---           ---          ---           ---          ---           ---          ---
  20          ---          ---           ---          ---           ---          ---           ---          ---
  21          ---          ---           ---          ---           ---          ---           ---          ---
  22          ---          ---           ---          ---           ---          ---           ---          ---
  23          ---          ---           ---          ---           ---          ---           ---          ---
  24          ---          ---           ---          ---           ---          ---           ---          ---
  25          ---          ---           ---          ---           ---          ---           ---          ---
  26          ---          ---           ---          ---           ---          ---           ---          ---
  27          ---          ---           ---          ---           ---          ---           ---          ---
  28          ---          ---           ---          ---           ---          ---           ---          ---
  29          ---          ---           ---          ---           ---          ---           ---          ---
  30          ---          ---           ---          ---           ---          ---           ---          ---
  31          ---          ---           ---          ---           ---          ---           ---          ---
  32          ---          ---           ---          ---           ---          ---           ---          ---
  33          ---          ---           ---          ---           ---          ---           ---          ---
  34          ---          ---           ---          ---           ---          ---           ---          ---
  35          ---          ---           ---          ---           ---          ---           ---          ---
  36          ---          ---           ---          ---           ---          ---           ---          ---
  37          ---          ---           ---          ---           ---          ---           ---          ---
  38          ---          ---           ---          ---           ---          ---           ---          ---
  39          ---          ---           ---          ---           ---          ---           ---          ---
  40          ---          ---           ---          ---           ---          ---           ---          ---
  41          ---          ---           ---          ---           ---          ---           ---          ---
  42          ---          ---           ---          ---           ---          ---           ---          ---
  43          ---          ---           ---          ---           ---          ---           ---          ---
  44          ---          ---           ---          ---           ---          ---           ---          ---
  45          ---          ---           ---          ---           ---          ---           ---          ---
  46          ---          ---           ---          ---           ---          ---           ---          ---
  47          ---          ---           ---          ---           ---          ---           ---          ---
  48          ---          ---           ---          ---           ---          ---           ---          ---
  49          ---          ---           ---          ---           ---          ---           ---          ---
  50          ---          ---           ---          ---           ---          ---           ---          ---
Average   1.94626E-01  0.00000E+00   2.73785E-01  0.00000E+00   3.69235E-01  0.00000E+00   3.20525E-01  0.00000E+00
-------------------------------------------------------------------------------------------------------------------
NOTE: Lesion density computed as the number of lesions per cluster divided by twice the cluster length.

TABLE 6. Cluster composition (% Sb per cluster)
===================================================================================================================
Number of --------- DSB ----------   --------- SSB ----------   -------- OTHER ---------   ----- ALL CLUSTERS -----
 lesions    Average        SEM         Average        SEM         Average        SEM         Average        SEM    
===================================================================================================================
   1          ---          ---       1.00000E+02  0.00000E+00   0.00000E+00  0.00000E+00   2.57937E+01  0.00000E+00
   2      1.00000E+02  0.00000E+00   5.48913E+01  0.00000E+00   0.00000E+00  0.00000E+00   2.53700E+01  0.00000E+00
   3      7.22222E+01  0.00000E+00   3.86861E+01  0.00000E+00   0.00000E+00  0.00000E+00   2.41758E+01  0.00000E+00
   4      5.88235E+01  0.00000E+00   3.32609E+01  0.00000E+00   0.00000E+00  0.00000E+00   2.42462E+01  0.00000E+00
   5      5.00000E+01  0.00000E+00   2.97297E+01  0.00000E+00   0.00000E+00  0.00000E+00   2.54098E+01  0.00000E+00
   6      4.83333E+01  0.00000E+00   3.03922E+01  0.00000E+00   0.00000E+00  0.00000E+00   2.61494E+01  0.00000E+00
   7      4.28571E+01  0.00000E+00   2.19048E+01  0.00000E+00   0.00000E+00  0.00000E+00   2.44048E+01  0.00000E+00
   8      4.68750E+01  0.00000E+00   2.50000E+01  0.00000E+00       ---          ---       2.89773E+01  0.00000E+00
   9      4.07407E+01  0.00000E+00   1.66667E+01  0.00000E+00   0.00000E+00  0.00000E+00   2.51852E+01  0.00000E+00
  10      3.60000E+01  0.00000E+00   2.33333E+01  0.00000E+00   0.00000E+00  0.00000E+00   2.50000E+01  0.00000E+00
  11      3.63636E+01  0.00000E+00   1.45455E+01  0.00000E+00       ---          ---       2.07792E+01  0.00000E+00
  12          ---          ---       2.08333E+01  0.00000E+00       ---          ---       2.08333E+01  0.00000E+00
  13      2.30769E+01  0.00000E+00       ---          ---           ---          ---       2.30769E+01  0.00000E+00
  14      2.85714E+01  0.00000E+00   2.85714E+01  0.00000E+00       ---          ---       2.85714E+01  0.00000E+00
  15          ---          ---       6.66667E+00  0.00000E+00       ---          ---       6.66667E+00  0.00000E+00
  16      1.25000E+01  0.00000E+00       ---          ---           ---          ---       1.25000E+01  0.00000E+00
  17          ---          ---           ---          ---           ---          ---           ---          ---
  18          ---          ---           ---          ---           ---          ---           ---          ---
  19          ---          ---           ---          ---           ---          ---           ---          ---
  20          ---          ---           ---          ---           ---          ---           ---          ---
  21          ---          ---           ---          ---           ---          ---           ---          ---
  22          ---          ---           ---          ---           ---          ---           ---          ---
  23          ---          ---           ---          ---           ---          ---           ---          ---
  24          ---          ---           ---          ---           ---          ---           ---          ---
  25          ---          ---           ---          ---           ---          ---           ---          ---
  26          ---          ---           ---          ---           ---          ---           ---          ---
  27          ---          ---           ---          ---           ---          ---           ---          ---
  28          ---          ---           ---          ---           ---          ---           ---          ---
  29          ---          ---           ---          ---           ---          ---           ---          ---
  30          ---          ---           ---          ---           ---          ---           ---          ---
  31          ---          ---           ---          ---           ---          ---           ---          ---
  32          ---          ---           ---          ---           ---          ---           ---          ---
  33          ---          ---           ---          ---           ---          ---           ---          ---
  34          ---          ---           ---          ---           ---          ---           ---          ---
  35          ---          ---           ---          ---           ---          ---           ---          ---
  36          ---          ---           ---          ---           ---          ---           ---          ---
  37          ---          ---           ---          ---           ---          ---           ---          ---
  38          ---          ---           ---          ---           ---          ---           ---          ---
  39          ---          ---           ---          ---           ---          ---           ---          ---
  40          ---          ---           ---          ---           ---          ---           ---          ---
  41          ---          ---           ---          ---           ---          ---           ---          ---
  42          ---          ---           ---          ---           ---          ---           ---          ---
  43          ---          ---           ---          ---           ---          ---           ---          ---
  44          ---          ---           ---          ---           ---          ---           ---          ---
  45          ---          ---           ---          ---           ---          ---           ---          ---
  46          ---          ---           ---          ---           ---          ---           ---          ---
  47          ---          ---           ---          ---           ---          ---           ---          ---
  48          ---          ---           ---          ---           ---          ---           ---          ---
  49          ---          ---           ---          ---           ---          ---           ---          ---
  50          ---          ---           ---          ---           ---          ---           ---          ---
Average   6.00565E+01  0.00000E+00   5.38023E+01  0.00000E+00   0.00000E+00  0.00000E+00   2.52587E+01  0.00000E+00
-------------------------------------------------------------------------------------------------------------------
NOTES: (% Sb) is the percentage of lesions that are strand breaks. The number of Sb is [(% Sb)/100]*(# lesions).
The number of Bd is (1-(% Sb)/100)*(# lesions).
