===============================
MCDS Version 3.10A  05-DEC-2011
===============================
      0.004     running time (min)
  987654321     random number seed
          1     number of cells (nocs)
 0.0000E+00     water-equivalent material (WEM) thickness (mg/cm^2)
 1.0000E+00     Desired dose to the cell nucleus (Gy)
 6.0000E+00     DNA content (Gbp)

TARGET (cell) DEFINITION (4V/S = mean chord length)
========================================================
            DIAMETER     4V/S      Volume      Mass
               (um)      (um)      (um^3)      (ng)
--------------------------------------------------------
DNA            ---        ---     6.123E+00  6.123E-03
NUCLEUS     5.000E+00  3.333E+00  6.545E+01  6.545E-02
CYTOPLASM      ---        ---     -6.545E+01  -6.545E-02
CELL        0.000E+00  0.000E+00  0.000E+00  0.000E+00
========================================================
NOTE: In human DNA, 1 Gbp=0.979 ng (not including bound
H2O).  DNA volume computed using a density of 1 g/cm^3.

WARNING: volume of nucleus larger than the volume of the cell!

INCIDENT PARTICLE: 12C (mass = 1.20000E+01 u = 1.11749E+04 MeV/c^2)
  1.60000E+03 MeV >= 1.00000E-06 MeV
  1.33333E+02 MeV/A >= 8.33333E-08 MeV/A)
  6.19028E+03 MeV (p*c = momentum x speed of light)
  2.00314E-04 pm (de Broglie wavelength)
  1.14318E+00 = T/m0c2+1 (Lorentz factor) >= 1
  6.00000E+00 ABS(effective charge); Barkas 1963
  4.84567E-01 beta = (v/c) <= 1
  1.53318E+02 (zeff/beta)^2 <= 2.000E+05
  2.11315E+01 keV/um (total stopping power in H2O)
  2.11233E+01 keV/um ( 99.962% electronic)
  8.11036E-03 keV/um (  0.038% nuclear)
  4.32054E+00 CSDA range of particle (cm) in H2O

PARTICLE TRANSPORT - Beam of radiation incident on bottom of cell culture dish
(WEM=0.00 um, cell=0.00 um, nucleus=5.00 um; total distance traveled to
reach nucleus=-2.500 um of H2O).
==============================================================================
                                  ------- Cell --------  ------- Nucleus -----
                       Incident      Entry      Exit       Entry       Exit
==============================================================================
         KE (MeV)   1.6000E+03  1.6000E+03  1.6000E+03  1.6000E+03  1.5999E+03
    (Zeff/beta)^2   1.5332E+02  1.5332E+02  1.5332E+02  1.5332E+02  1.5332E+02
     LET (keV/um)   2.1131E+01  2.1131E+01  2.1131E+01  2.1131E+01  2.1132E+01
  Res. Range (um)   4.3205E+04  4.3205E+04  4.3205E+04  4.3205E+04  4.3203E+04
 DPUF1 (nGy-cm^2)   3.3853E+01  3.3853E+01  3.3853E+01  3.3853E+01  3.3853E+01
 DPUF2 (nGy-cm^2)      ---      NaN     ---      3.3853E+01     ---
       Edep (keV)      ---      NaN     ---      7.0439E+01     ---
      YF (keV/um)      ---      NaN     ---      2.1132E+01     ---
          ZF (Gy)      ---      NaN     ---      1.7241E-01     ---
==============================================================================
LET=(Stot-Srad); absorbed dose per unit fluence (DPUF1) = 1.602*LET/rho
Avg. absorbed dose within target (i.e., DPUF2) = 2.5*pi*d*d*zf
Edep = 0.1602*ZF*PI*d*d*d/6; yf = edep/lbar = 0.25*edep*{area}/{volume}

DAMAGE FORMATION AND CLUSTERING (normoxic conditions)
     104113     segment length, nseg (bp per cell per Gy)
       1300     number of strand breaks, sigSb (per cell per Gy)
       3900     number of base damages,  sigBd (per cell per Gy)
        3.0     base damage to strand break ratio, f
          9     minimum distance between clusters, Nmin (bp)
         10     maximum distance between two Sb to compose a DSB, Ndsb (bp)
        0.0     fraction Bl/Bd

OXYGEN SIMULATION (M0=1.740, K=0.3372, q=946.10, r=2.15)
  1.0000E+02 % O2 concentration (=760.00 mmHg)
  2.4322E-03 chemical repair probability (pcr)
  9.9757E-01 O2 fixation probability (1-pcr)
  1.0024E+00 Approx. HRF for SSB induction [=1/(1-pcr)]
  1.0049E+00 Approx. HRF for DSB induction [1/(1-pcr)]^2

DMSO SIMULATION
  5.0000E-01 fraction of non-scavengeable DNA damage (fnsd)
  5.0000E-01 concentration (mol dm^-3) at half-level (chmx)
  0.0000E+00 DMSO concentration (mol dm^-3)

TABLE 1. Percent (%) cluster yields by complexity, as classified using the scheme of Nikjoo et al. (IJRB 71, 
467-483 1997 and and Radiat. Res. 156, 577-583 2001).
===================================================================================================================
    64.789     BD    - one or more Bd (no Sb)
    31.117     SSB   - Sb (no auxilary damage)
     1.816     SSB+  - two Sb on the same strand
     0.339     2SSB  - two or more Sb on opposite strands separated by at least 10 bp
     1.600     DSB   - two Sb on opposite strands with a separation <= 10 bp
     0.277     DSB+  - DSB accompanied by one (or more) additional Sb within 10 bp separation
     0.062     DSB++ - more than one DSB whether within the 10 bp separation or further apart
     6.475     SSBc  - fraction of complex damage (SSB+ and 2SSB) among SSBs
    52.266     SSBcb - fraction of complex damage (SSB+ and 2SSB) among SSBs; base damage included
    17.460     DSBc  - fraction of complex damage (DSB+ and DSB++) among DSBs
    61.905     DSBcb - fraction of complex damage (DSB+ and DSB++) among DSBs; base damage included
===================================================================================================================

TABLE 2. Number of clusters per cell (DNA=6.000 Gbp, AD=1.000 Gy).
===================================================================================================================
Number of --------- DSB ----------   --------- SSB ----------   -------- OTHER ---------   ----- ALL CLUSTERS -----
 lesions    Average        SEM         Average        SEM         Average        SEM         Average        SEM    
===================================================================================================================
   1          ---          ---       5.16000E+02  0.00000E+00   1.51600E+03  0.00000E+00   2.03200E+03  0.00000E+00
   2      2.40000E+01  0.00000E+00   3.18000E+02  0.00000E+00   4.13000E+02  0.00000E+00   7.55000E+02  0.00000E+00
   3      2.80000E+01  0.00000E+00   1.39000E+02  0.00000E+00   1.29000E+02  0.00000E+00   2.96000E+02  0.00000E+00
   4      5.00000E+00  0.00000E+00   6.80000E+01  0.00000E+00   3.70000E+01  0.00000E+00   1.10000E+02  0.00000E+00
   5      2.00000E+00  0.00000E+00   3.00000E+01  0.00000E+00   2.00000E+00  0.00000E+00   3.40000E+01  0.00000E+00
   6      4.00000E+00  0.00000E+00   5.00000E+00  0.00000E+00   8.00000E+00  0.00000E+00   1.70000E+01  0.00000E+00
   7          ---          ---       1.00000E+00  0.00000E+00       ---          ---       1.00000E+00  0.00000E+00
   8          ---          ---       1.00000E+00  0.00000E+00       ---          ---       1.00000E+00  0.00000E+00
   9          ---          ---       2.00000E+00  0.00000E+00       ---          ---       2.00000E+00  0.00000E+00
  10          ---          ---           ---          ---           ---          ---           ---          ---
  11          ---          ---           ---          ---           ---          ---           ---          ---
  12          ---          ---           ---          ---           ---          ---           ---          ---
  13          ---          ---       1.00000E+00  0.00000E+00       ---          ---       1.00000E+00  0.00000E+00
  14          ---          ---           ---          ---           ---          ---           ---          ---
  15          ---          ---           ---          ---           ---          ---           ---          ---
  16          ---          ---           ---          ---           ---          ---           ---          ---
  17          ---          ---           ---          ---           ---          ---           ---          ---
  18          ---          ---           ---          ---           ---          ---           ---          ---
  19          ---          ---           ---          ---           ---          ---           ---          ---
  20          ---          ---           ---          ---           ---          ---           ---          ---
  21          ---          ---           ---          ---           ---          ---           ---          ---
  22          ---          ---           ---          ---           ---          ---           ---          ---
  23          ---          ---           ---          ---           ---          ---           ---          ---
  24          ---          ---           ---          ---           ---          ---           ---          ---
  25          ---          ---           ---          ---           ---          ---           ---          ---
  26          ---          ---           ---          ---           ---          ---           ---          ---
  27          ---          ---           ---          ---           ---          ---           ---          ---
  28          ---          ---           ---          ---           ---          ---           ---          ---
  29          ---          ---           ---          ---           ---          ---           ---          ---
  30          ---          ---           ---          ---           ---          ---           ---          ---
  31          ---          ---           ---          ---           ---          ---           ---          ---
  32          ---          ---           ---          ---           ---          ---           ---          ---
  33          ---          ---           ---          ---           ---          ---           ---          ---
  34          ---          ---           ---          ---           ---          ---           ---          ---
  35          ---          ---           ---          ---           ---          ---           ---          ---
  36          ---          ---           ---          ---           ---          ---           ---          ---
  37          ---          ---           ---          ---           ---          ---           ---          ---
  38          ---          ---           ---          ---           ---          ---           ---          ---
  39          ---          ---           ---          ---           ---          ---           ---          ---
  40          ---          ---           ---          ---           ---          ---           ---          ---
  41          ---          ---           ---          ---           ---          ---           ---          ---
  42          ---          ---           ---          ---           ---          ---           ---          ---
  43          ---          ---           ---          ---           ---          ---           ---          ---
  44          ---          ---           ---          ---           ---          ---           ---          ---
  45          ---          ---           ---          ---           ---          ---           ---          ---
  46          ---          ---           ---          ---           ---          ---           ---          ---
  47          ---          ---           ---          ---           ---          ---           ---          ---
  48          ---          ---           ---          ---           ---          ---           ---          ---
  49          ---          ---           ---          ---           ---          ---           ---          ---
  50          ---          ---           ---          ---           ---          ---           ---          ---
 Total    6.30000E+01  0.00000E+00   1.08100E+03  0.00000E+00   2.10500E+03  0.00000E+00   3.24900E+03  0.00000E+00
-------------------------------------------------------------------------------------------------------------------
NOTE: The category "OTHER" includes all classes of individual and clustered DNA lesion, except for SSB and DSB.
SEM = standard error of the mean.

TABLE 3. Number of clusters per cell per track (DNA=6.000 Gbp, ZF=0.17241 Gy).
===================================================================================================================
Number of --------- DSB ----------   --------- SSB ----------   -------- OTHER ---------   ----- ALL CLUSTERS -----
 lesions    Average        SEM         Average        SEM         Average        SEM         Average        SEM    
===================================================================================================================
   1          ---          ---       8.89650E+01  0.00000E+00   2.61378E+02  0.00000E+00   3.50343E+02  0.00000E+00
   2      4.13791E+00  0.00000E+00   5.48273E+01  0.00000E+00   7.12065E+01  0.00000E+00   1.30172E+02  0.00000E+00
   3      4.82756E+00  0.00000E+00   2.39654E+01  0.00000E+00   2.22413E+01  0.00000E+00   5.10342E+01  0.00000E+00
   4      8.62064E-01  0.00000E+00   1.17241E+01  0.00000E+00   6.37927E+00  0.00000E+00   1.89654E+01  0.00000E+00
   5      3.44826E-01  0.00000E+00   5.17238E+00  0.00000E+00   3.44826E-01  0.00000E+00   5.86204E+00  0.00000E+00
   6      6.89651E-01  0.00000E+00   8.62064E-01  0.00000E+00   1.37930E+00  0.00000E+00   2.93102E+00  0.00000E+00
   7          ---          ---       1.72413E-01  0.00000E+00       ---          ---       1.72413E-01  0.00000E+00
   8          ---          ---       1.72413E-01  0.00000E+00       ---          ---       1.72413E-01  0.00000E+00
   9          ---          ---       3.44826E-01  0.00000E+00       ---          ---       3.44826E-01  0.00000E+00
  10          ---          ---           ---          ---           ---          ---           ---          ---
  11          ---          ---           ---          ---           ---          ---           ---          ---
  12          ---          ---           ---          ---           ---          ---           ---          ---
  13          ---          ---       1.72413E-01  0.00000E+00       ---          ---       1.72413E-01  0.00000E+00
  14          ---          ---           ---          ---           ---          ---           ---          ---
  15          ---          ---           ---          ---           ---          ---           ---          ---
  16          ---          ---           ---          ---           ---          ---           ---          ---
  17          ---          ---           ---          ---           ---          ---           ---          ---
  18          ---          ---           ---          ---           ---          ---           ---          ---
  19          ---          ---           ---          ---           ---          ---           ---          ---
  20          ---          ---           ---          ---           ---          ---           ---          ---
  21          ---          ---           ---          ---           ---          ---           ---          ---
  22          ---          ---           ---          ---           ---          ---           ---          ---
  23          ---          ---           ---          ---           ---          ---           ---          ---
  24          ---          ---           ---          ---           ---          ---           ---          ---
  25          ---          ---           ---          ---           ---          ---           ---          ---
  26          ---          ---           ---          ---           ---          ---           ---          ---
  27          ---          ---           ---          ---           ---          ---           ---          ---
  28          ---          ---           ---          ---           ---          ---           ---          ---
  29          ---          ---           ---          ---           ---          ---           ---          ---
  30          ---          ---           ---          ---           ---          ---           ---          ---
  31          ---          ---           ---          ---           ---          ---           ---          ---
  32          ---          ---           ---          ---           ---          ---           ---          ---
  33          ---          ---           ---          ---           ---          ---           ---          ---
  34          ---          ---           ---          ---           ---          ---           ---          ---
  35          ---          ---           ---          ---           ---          ---           ---          ---
  36          ---          ---           ---          ---           ---          ---           ---          ---
  37          ---          ---           ---          ---           ---          ---           ---          ---
  38          ---          ---           ---          ---           ---          ---           ---          ---
  39          ---          ---           ---          ---           ---          ---           ---          ---
  40          ---          ---           ---          ---           ---          ---           ---          ---
  41          ---          ---           ---          ---           ---          ---           ---          ---
  42          ---          ---           ---          ---           ---          ---           ---          ---
  43          ---          ---           ---          ---           ---          ---           ---          ---
  44          ---          ---           ---          ---           ---          ---           ---          ---
  45          ---          ---           ---          ---           ---          ---           ---          ---
  46          ---          ---           ---          ---           ---          ---           ---          ---
  47          ---          ---           ---          ---           ---          ---           ---          ---
  48          ---          ---           ---          ---           ---          ---           ---          ---
  49          ---          ---           ---          ---           ---          ---           ---          ---
  50          ---          ---           ---          ---           ---          ---           ---          ---
 Total    1.08620E+01  0.00000E+00   1.86378E+02  0.00000E+00   3.62929E+02  0.00000E+00   5.60169E+02  0.00000E+00
-------------------------------------------------------------------------------------------------------------------

TABLE 4. Cluster Length (in base pair)
===================================================================================================================
Number of --------- DSB ----------   --------- SSB ----------   -------- OTHER ---------   ----- ALL CLUSTERS -----
 lesions    Average        SEM         Average        SEM         Average        SEM         Average        SEM    
===================================================================================================================
   1          ---          ---       1.00000E+00  0.00000E+00   1.00000E+00  0.00000E+00   1.00000E+00  0.00000E+00
   2      4.91667E+00  0.00000E+00   5.54088E+00  0.00000E+00   5.36077E+00  0.00000E+00   5.42252E+00  0.00000E+00
   3      9.07143E+00  0.00000E+00   9.67626E+00  0.00000E+00   1.05736E+01  0.00000E+00   1.00101E+01  0.00000E+00
   4      1.30000E+01  0.00000E+00   1.49706E+01  0.00000E+00   1.30270E+01  0.00000E+00   1.42273E+01  0.00000E+00
   5      2.10000E+01  0.00000E+00   2.06000E+01  0.00000E+00   1.70000E+01  0.00000E+00   2.04118E+01  0.00000E+00
   6      2.10000E+01  0.00000E+00   2.36000E+01  0.00000E+00   2.31250E+01  0.00000E+00   2.27647E+01  0.00000E+00
   7          ---          ---       2.90000E+01  0.00000E+00       ---          ---       2.90000E+01  0.00000E+00
   8          ---          ---       3.70000E+01  0.00000E+00       ---          ---       3.70000E+01  0.00000E+00
   9          ---          ---       4.15000E+01  0.00000E+00       ---          ---       4.15000E+01  0.00000E+00
  10          ---          ---           ---          ---           ---          ---           ---          ---
  11          ---          ---           ---          ---           ---          ---           ---          ---
  12          ---          ---           ---          ---           ---          ---           ---          ---
  13          ---          ---       5.60000E+01  0.00000E+00       ---          ---       5.60000E+01  0.00000E+00
  14          ---          ---           ---          ---           ---          ---           ---          ---
  15          ---          ---           ---          ---           ---          ---           ---          ---
  16          ---          ---           ---          ---           ---          ---           ---          ---
  17          ---          ---           ---          ---           ---          ---           ---          ---
  18          ---          ---           ---          ---           ---          ---           ---          ---
  19          ---          ---           ---          ---           ---          ---           ---          ---
  20          ---          ---           ---          ---           ---          ---           ---          ---
  21          ---          ---           ---          ---           ---          ---           ---          ---
  22          ---          ---           ---          ---           ---          ---           ---          ---
  23          ---          ---           ---          ---           ---          ---           ---          ---
  24          ---          ---           ---          ---           ---          ---           ---          ---
  25          ---          ---           ---          ---           ---          ---           ---          ---
  26          ---          ---           ---          ---           ---          ---           ---          ---
  27          ---          ---           ---          ---           ---          ---           ---          ---
  28          ---          ---           ---          ---           ---          ---           ---          ---
  29          ---          ---           ---          ---           ---          ---           ---          ---
  30          ---          ---           ---          ---           ---          ---           ---          ---
  31          ---          ---           ---          ---           ---          ---           ---          ---
  32          ---          ---           ---          ---           ---          ---           ---          ---
  33          ---          ---           ---          ---           ---          ---           ---          ---
  34          ---          ---           ---          ---           ---          ---           ---          ---
  35          ---          ---           ---          ---           ---          ---           ---          ---
  36          ---          ---           ---          ---           ---          ---           ---          ---
  37          ---          ---           ---          ---           ---          ---           ---          ---
  38          ---          ---           ---          ---           ---          ---           ---          ---
  39          ---          ---           ---          ---           ---          ---           ---          ---
  40          ---          ---           ---          ---           ---          ---           ---          ---
  41          ---          ---           ---          ---           ---          ---           ---          ---
  42          ---          ---           ---          ---           ---          ---           ---          ---
  43          ---          ---           ---          ---           ---          ---           ---          ---
  44          ---          ---           ---          ---           ---          ---           ---          ---
  45          ---          ---           ---          ---           ---          ---           ---          ---
  46          ---          ---           ---          ---           ---          ---           ---          ---
  47          ---          ---           ---          ---           ---          ---           ---          ---
  48          ---          ---           ---          ---           ---          ---           ---          ---
  49          ---          ---           ---          ---           ---          ---           ---          ---
  50          ---          ---           ---          ---           ---          ---           ---          ---
Average   8.93651E+00  0.00000E+00   5.16374E+00  0.00000E+00   2.75297E+00  0.00000E+00   3.67498E+00  0.00000E+00
-------------------------------------------------------------------------------------------------------------------

TABLE 5. Density of lesions forming a cluster (in units of lesions per nucleotide).
===================================================================================================================
Number of --------- DSB ----------   --------- SSB ----------   -------- OTHER ---------   ----- ALL CLUSTERS -----
 lesions    Average        SEM         Average        SEM         Average        SEM         Average        SEM    
===================================================================================================================
   1          ---          ---       5.00000E-01  0.00000E+00   5.00000E-01  0.00000E+00   5.00000E-01  0.00000E+00
   2      2.82970E-01  0.00000E+00   2.41554E-01  0.00000E+00   2.64421E-01  0.00000E+00   2.55379E-01  0.00000E+00
   3      2.11783E-01  0.00000E+00   1.86470E-01  0.00000E+00   1.75316E-01  0.00000E+00   1.84004E-01  0.00000E+00
   4      1.76825E-01  0.00000E+00   1.56823E-01  0.00000E+00   1.68656E-01  0.00000E+00   1.61713E-01  0.00000E+00
   5      1.20137E-01  0.00000E+00   1.29553E-01  0.00000E+00   1.67984E-01  0.00000E+00   1.31260E-01  0.00000E+00
   6      1.50118E-01  0.00000E+00   1.43949E-01  0.00000E+00   1.38867E-01  0.00000E+00   1.43009E-01  0.00000E+00
   7          ---          ---       1.20690E-01  0.00000E+00       ---          ---       1.20690E-01  0.00000E+00
   8          ---          ---       1.08108E-01  0.00000E+00       ---          ---       1.08108E-01  0.00000E+00
   9          ---          ---       1.08576E-01  0.00000E+00       ---          ---       1.08576E-01  0.00000E+00
  10          ---          ---           ---          ---           ---          ---           ---          ---
  11          ---          ---           ---          ---           ---          ---           ---          ---
  12          ---          ---           ---          ---           ---          ---           ---          ---
  13          ---          ---       1.16071E-01  0.00000E+00       ---          ---       1.16071E-01  0.00000E+00
  14          ---          ---           ---          ---           ---          ---           ---          ---
  15          ---          ---           ---          ---           ---          ---           ---          ---
  16          ---          ---           ---          ---           ---          ---           ---          ---
  17          ---          ---           ---          ---           ---          ---           ---          ---
  18          ---          ---           ---          ---           ---          ---           ---          ---
  19          ---          ---           ---          ---           ---          ---           ---          ---
  20          ---          ---           ---          ---           ---          ---           ---          ---
  21          ---          ---           ---          ---           ---          ---           ---          ---
  22          ---          ---           ---          ---           ---          ---           ---          ---
  23          ---          ---           ---          ---           ---          ---           ---          ---
  24          ---          ---           ---          ---           ---          ---           ---          ---
  25          ---          ---           ---          ---           ---          ---           ---          ---
  26          ---          ---           ---          ---           ---          ---           ---          ---
  27          ---          ---           ---          ---           ---          ---           ---          ---
  28          ---          ---           ---          ---           ---          ---           ---          ---
  29          ---          ---           ---          ---           ---          ---           ---          ---
  30          ---          ---           ---          ---           ---          ---           ---          ---
  31          ---          ---           ---          ---           ---          ---           ---          ---
  32          ---          ---           ---          ---           ---          ---           ---          ---
  33          ---          ---           ---          ---           ---          ---           ---          ---
  34          ---          ---           ---          ---           ---          ---           ---          ---
  35          ---          ---           ---          ---           ---          ---           ---          ---
  36          ---          ---           ---          ---           ---          ---           ---          ---
  37          ---          ---           ---          ---           ---          ---           ---          ---
  38          ---          ---           ---          ---           ---          ---           ---          ---
  39          ---          ---           ---          ---           ---          ---           ---          ---
  40          ---          ---           ---          ---           ---          ---           ---          ---
  41          ---          ---           ---          ---           ---          ---           ---          ---
  42          ---          ---           ---          ---           ---          ---           ---          ---
  43          ---          ---           ---          ---           ---          ---           ---          ---
  44          ---          ---           ---          ---           ---          ---           ---          ---
  45          ---          ---           ---          ---           ---          ---           ---          ---
  46          ---          ---           ---          ---           ---          ---           ---          ---
  47          ---          ---           ---          ---           ---          ---           ---          ---
  48          ---          ---           ---          ---           ---          ---           ---          ---
  49          ---          ---           ---          ---           ---          ---           ---          ---
  50          ---          ---           ---          ---           ---          ---           ---          ---
Average   2.29303E-01  0.00000E+00   3.48350E-01  0.00000E+00   4.26370E-01  0.00000E+00   3.96590E-01  0.00000E+00
-------------------------------------------------------------------------------------------------------------------
NOTE: Lesion density computed as the number of lesions per cluster divided by twice the cluster length.

TABLE 6. Cluster composition (% Sb per cluster)
===================================================================================================================
Number of --------- DSB ----------   --------- SSB ----------   -------- OTHER ---------   ----- ALL CLUSTERS -----
 lesions    Average        SEM         Average        SEM         Average        SEM         Average        SEM    
===================================================================================================================
   1          ---          ---       1.00000E+02  0.00000E+00   0.00000E+00  0.00000E+00   2.53937E+01  0.00000E+00
   2      1.00000E+02  0.00000E+00   5.23585E+01  0.00000E+00   0.00000E+00  0.00000E+00   2.52318E+01  0.00000E+00
   3      7.26190E+01  0.00000E+00   3.90887E+01  0.00000E+00   0.00000E+00  0.00000E+00   2.52252E+01  0.00000E+00
   4      5.50000E+01  0.00000E+00   3.23529E+01  0.00000E+00   0.00000E+00  0.00000E+00   2.25000E+01  0.00000E+00
   5      7.00000E+01  0.00000E+00   2.66667E+01  0.00000E+00   0.00000E+00  0.00000E+00   2.76471E+01  0.00000E+00
   6      5.00000E+01  0.00000E+00   2.00000E+01  0.00000E+00   0.00000E+00  0.00000E+00   1.76471E+01  0.00000E+00
   7          ---          ---       2.85714E+01  0.00000E+00       ---          ---       2.85714E+01  0.00000E+00
   8          ---          ---       2.50000E+01  0.00000E+00       ---          ---       2.50000E+01  0.00000E+00
   9          ---          ---       2.77778E+01  0.00000E+00       ---          ---       2.77778E+01  0.00000E+00
  10          ---          ---           ---          ---           ---          ---           ---          ---
  11          ---          ---           ---          ---           ---          ---           ---          ---
  12          ---          ---           ---          ---           ---          ---           ---          ---
  13          ---          ---       2.30769E+01  0.00000E+00       ---          ---       2.30769E+01  0.00000E+00
  14          ---          ---           ---          ---           ---          ---           ---          ---
  15          ---          ---           ---          ---           ---          ---           ---          ---
  16          ---          ---           ---          ---           ---          ---           ---          ---
  17          ---          ---           ---          ---           ---          ---           ---          ---
  18          ---          ---           ---          ---           ---          ---           ---          ---
  19          ---          ---           ---          ---           ---          ---           ---          ---
  20          ---          ---           ---          ---           ---          ---           ---          ---
  21          ---          ---           ---          ---           ---          ---           ---          ---
  22          ---          ---           ---          ---           ---          ---           ---          ---
  23          ---          ---           ---          ---           ---          ---           ---          ---
  24          ---          ---           ---          ---           ---          ---           ---          ---
  25          ---          ---           ---          ---           ---          ---           ---          ---
  26          ---          ---           ---          ---           ---          ---           ---          ---
  27          ---          ---           ---          ---           ---          ---           ---          ---
  28          ---          ---           ---          ---           ---          ---           ---          ---
  29          ---          ---           ---          ---           ---          ---           ---          ---
  30          ---          ---           ---          ---           ---          ---           ---          ---
  31          ---          ---           ---          ---           ---          ---           ---          ---
  32          ---          ---           ---          ---           ---          ---           ---          ---
  33          ---          ---           ---          ---           ---          ---           ---          ---
  34          ---          ---           ---          ---           ---          ---           ---          ---
  35          ---          ---           ---          ---           ---          ---           ---          ---
  36          ---          ---           ---          ---           ---          ---           ---          ---
  37          ---          ---           ---          ---           ---          ---           ---          ---
  38          ---          ---           ---          ---           ---          ---           ---          ---
  39          ---          ---           ---          ---           ---          ---           ---          ---
  40          ---          ---           ---          ---           ---          ---           ---          ---
  41          ---          ---           ---          ---           ---          ---           ---          ---
  42          ---          ---           ---          ---           ---          ---           ---          ---
  43          ---          ---           ---          ---           ---          ---           ---          ---
  44          ---          ---           ---          ---           ---          ---           ---          ---
  45          ---          ---           ---          ---           ---          ---           ---          ---
  46          ---          ---           ---          ---           ---          ---           ---          ---
  47          ---          ---           ---          ---           ---          ---           ---          ---
  48          ---          ---           ---          ---           ---          ---           ---          ---
  49          ---          ---           ---          ---           ---          ---           ---          ---
  50          ---          ---           ---          ---           ---          ---           ---          ---
Average   8.01323E+01  0.00000E+00   7.11522E+01  0.00000E+00   0.00000E+00  0.00000E+00   2.52274E+01  0.00000E+00
-------------------------------------------------------------------------------------------------------------------
NOTES: (% Sb) is the percentage of lesions that are strand breaks. The number of Sb is [(% Sb)/100]*(# lesions).
The number of Bd is (1-(% Sb)/100)*(# lesions).
