===============================
MCDS Version 3.10A  05-DEC-2011
===============================
      0.029     running time (min)
  987654321     random number seed
          1     number of cells (nocs)
 0.0000E+00     water-equivalent material (WEM) thickness (mg/cm^2)
 1.0000E+00     Desired dose to the cell nucleus (Gy)
 6.0000E+00     DNA content (Gbp)

TARGET (cell) DEFINITION (4V/S = mean chord length)
========================================================
            DIAMETER     4V/S      Volume      Mass
               (um)      (um)      (um^3)      (ng)
--------------------------------------------------------
DNA            ---        ---     6.123E+00  6.123E-03
NUCLEUS     5.000E+00  3.333E+00  6.545E+01  6.545E-02
CYTOPLASM      ---        ---     -6.545E+01  -6.545E-02
CELL        0.000E+00  0.000E+00  0.000E+00  0.000E+00
========================================================
NOTE: In human DNA, 1 Gbp=0.979 ng (not including bound
H2O).  DNA volume computed using a density of 1 g/cm^3.

WARNING: volume of nucleus larger than the volume of the cell!

INCIDENT PARTICLE: 12C (mass = 1.20000E+01 u = 1.11749E+04 MeV/c^2)
  1.00000E+02 MeV >= 1.00000E-06 MeV
  8.33333E+00 MeV/A >= 8.33333E-08 MeV/A)
  1.49832E+03 MeV (p*c = momentum x speed of light)
  8.27592E-04 pm (de Broglie wavelength)
  1.00895E+00 = T/m0c2+1 (Lorentz factor) >= 1
  5.96080E+00 ABS(effective charge); Barkas 1963
  1.32891E-01 beta = (v/c) <= 1
  2.01196E+03 (zeff/beta)^2 <= 2.000E+05
  1.85342E+02 keV/um (total stopping power in H2O)
  1.85228E+02 keV/um ( 99.939% electronic)
  1.13784E-01 keV/um (  0.061% nuclear)
  3.23360E-02 CSDA range of particle (cm) in H2O

PARTICLE TRANSPORT - Beam of radiation incident on bottom of cell culture dish
(WEM=0.00 um, cell=0.00 um, nucleus=5.00 um; total distance traveled to
reach nucleus=-2.500 um of H2O).
==============================================================================
                                  ------- Cell --------  ------- Nucleus -----
                       Incident      Entry      Exit       Entry       Exit
==============================================================================
         KE (MeV)   1.0000E+02  1.0000E+02  1.0000E+02  1.0000E+02  9.9536E+01
    (Zeff/beta)^2   2.0120E+03  2.0120E+03  2.0120E+03  2.0120E+03  2.0209E+03
     LET (keV/um)   1.8534E+02  1.8534E+02  1.8534E+02  1.8534E+02  1.8601E+02
  Res. Range (um)   3.2336E+02  3.2336E+02  3.2336E+02  3.2336E+02  3.2086E+02
 DPUF1 (nGy-cm^2)   2.9692E+02  2.9692E+02  2.9692E+02  2.9692E+02  2.9799E+02
 DPUF2 (nGy-cm^2)      ---      NaN     ---      2.9772E+02     ---
       Edep (keV)      ---      NaN     ---      6.1947E+02     ---
      YF (keV/um)      ---      NaN     ---      1.8584E+02     ---
          ZF (Gy)      ---      NaN     ---      1.5163E+00     ---
==============================================================================
LET=(Stot-Srad); absorbed dose per unit fluence (DPUF1) = 1.602*LET/rho
Avg. absorbed dose within target (i.e., DPUF2) = 2.5*pi*d*d*zf
Edep = 0.1602*ZF*PI*d*d*d/6; yf = edep/lbar = 0.25*edep*{area}/{volume}

DAMAGE FORMATION AND CLUSTERING (normoxic conditions)
      40024     segment length, nseg (bp per cell per Gy)
       1300     number of strand breaks, sigSb (per cell per Gy)
       3900     number of base damages,  sigBd (per cell per Gy)
        3.0     base damage to strand break ratio, f
          9     minimum distance between clusters, Nmin (bp)
         10     maximum distance between two Sb to compose a DSB, Ndsb (bp)
        0.0     fraction Bl/Bd

OXYGEN SIMULATION (M0=1.740, K=0.3372, q=946.10, r=2.15)
  1.0000E+02 % O2 concentration (=760.00 mmHg)
  4.0666E-04 chemical repair probability (pcr)
  9.9959E-01 O2 fixation probability (1-pcr)
  1.0004E+00 Approx. HRF for SSB induction [=1/(1-pcr)]
  1.0008E+00 Approx. HRF for DSB induction [1/(1-pcr)]^2

DMSO SIMULATION
  5.0000E-01 fraction of non-scavengeable DNA damage (fnsd)
  5.0000E-01 concentration (mol dm^-3) at half-level (chmx)
  0.0000E+00 DMSO concentration (mol dm^-3)

TABLE 1. Percent (%) cluster yields by complexity, as classified using the scheme of Nikjoo et al. (IJRB 71, 
467-483 1997 and and Radiat. Res. 156, 577-583 2001).
===================================================================================================================
    46.957     BD    - one or more Bd (no Sb)
    31.371     SSB   - Sb (no auxilary damage)
     8.763     SSB+  - two Sb on the same strand
     3.478     2SSB  - two or more Sb on opposite strands separated by at least 10 bp
     4.950     DSB   - two Sb on opposite strands with a separation <= 10 bp
     2.542     DSB+  - DSB accompanied by one (or more) additional Sb within 10 bp separation
     1.940     DSB++ - more than one DSB whether within the 10 bp separation or further apart
    28.067     SSBc  - fraction of complex damage (SSB+ and 2SSB) among SSBs
    86.963     SSBcb - fraction of complex damage (SSB+ and 2SSB) among SSBs; base damage included
    47.518     DSBc  - fraction of complex damage (DSB+ and DSB++) among DSBs
    93.617     DSBcb - fraction of complex damage (DSB+ and DSB++) among DSBs; base damage included
===================================================================================================================

TABLE 2. Number of clusters per cell (DNA=6.000 Gbp, AD=1.000 Gy).
===================================================================================================================
Number of --------- DSB ----------   --------- SSB ----------   -------- OTHER ---------   ----- ALL CLUSTERS -----
 lesions    Average        SEM         Average        SEM         Average        SEM         Average        SEM    
===================================================================================================================
   1          ---          ---       8.50000E+01  0.00000E+00   3.24000E+02  0.00000E+00   4.09000E+02  0.00000E+00
   2      9.00000E+00  0.00000E+00   1.30000E+02  0.00000E+00   1.75000E+02  0.00000E+00   3.14000E+02  0.00000E+00
   3      1.50000E+01  0.00000E+00   1.14000E+02  0.00000E+00   9.40000E+01  0.00000E+00   2.23000E+02  0.00000E+00
   4      2.30000E+01  0.00000E+00   8.60000E+01  0.00000E+00   5.50000E+01  0.00000E+00   1.64000E+02  0.00000E+00
   5      1.50000E+01  0.00000E+00   6.50000E+01  0.00000E+00   2.90000E+01  0.00000E+00   1.09000E+02  0.00000E+00
   6      1.70000E+01  0.00000E+00   5.00000E+01  0.00000E+00   1.10000E+01  0.00000E+00   7.80000E+01  0.00000E+00
   7      1.40000E+01  0.00000E+00   4.70000E+01  0.00000E+00   7.00000E+00  0.00000E+00   6.80000E+01  0.00000E+00
   8      1.40000E+01  0.00000E+00   1.90000E+01  0.00000E+00   4.00000E+00  0.00000E+00   3.70000E+01  0.00000E+00
   9      6.00000E+00  0.00000E+00   2.00000E+01  0.00000E+00   3.00000E+00  0.00000E+00   2.90000E+01  0.00000E+00
  10      6.00000E+00  0.00000E+00   8.00000E+00  0.00000E+00       ---          ---       1.40000E+01  0.00000E+00
  11      2.00000E+00  0.00000E+00   1.10000E+01  0.00000E+00       ---          ---       1.30000E+01  0.00000E+00
  12      6.00000E+00  0.00000E+00   6.00000E+00  0.00000E+00       ---          ---       1.20000E+01  0.00000E+00
  13      3.00000E+00  0.00000E+00   5.00000E+00  0.00000E+00       ---          ---       8.00000E+00  0.00000E+00
  14      4.00000E+00  0.00000E+00   3.00000E+00  0.00000E+00       ---          ---       7.00000E+00  0.00000E+00
  15      3.00000E+00  0.00000E+00   3.00000E+00  0.00000E+00       ---          ---       6.00000E+00  0.00000E+00
  16          ---          ---           ---          ---           ---          ---           ---          ---
  17      3.00000E+00  0.00000E+00       ---          ---           ---          ---       3.00000E+00  0.00000E+00
  18          ---          ---           ---          ---           ---          ---           ---          ---
  19      1.00000E+00  0.00000E+00       ---          ---           ---          ---       1.00000E+00  0.00000E+00
  20          ---          ---           ---          ---           ---          ---           ---          ---
  21          ---          ---           ---          ---           ---          ---           ---          ---
  22          ---          ---           ---          ---           ---          ---           ---          ---
  23          ---          ---           ---          ---           ---          ---           ---          ---
  24          ---          ---           ---          ---           ---          ---           ---          ---
  25          ---          ---           ---          ---           ---          ---           ---          ---
  26          ---          ---           ---          ---           ---          ---           ---          ---
  27          ---          ---           ---          ---           ---          ---           ---          ---
  28          ---          ---           ---          ---           ---          ---           ---          ---
  29          ---          ---           ---          ---           ---          ---           ---          ---
  30          ---          ---           ---          ---           ---          ---           ---          ---
  31          ---          ---           ---          ---           ---          ---           ---          ---
  32          ---          ---           ---          ---           ---          ---           ---          ---
  33          ---          ---           ---          ---           ---          ---           ---          ---
  34          ---          ---           ---          ---           ---          ---           ---          ---
  35          ---          ---           ---          ---           ---          ---           ---          ---
  36          ---          ---           ---          ---           ---          ---           ---          ---
  37          ---          ---           ---          ---           ---          ---           ---          ---
  38          ---          ---           ---          ---           ---          ---           ---          ---
  39          ---          ---           ---          ---           ---          ---           ---          ---
  40          ---          ---           ---          ---           ---          ---           ---          ---
  41          ---          ---           ---          ---           ---          ---           ---          ---
  42          ---          ---           ---          ---           ---          ---           ---          ---
  43          ---          ---           ---          ---           ---          ---           ---          ---
  44          ---          ---           ---          ---           ---          ---           ---          ---
  45          ---          ---           ---          ---           ---          ---           ---          ---
  46          ---          ---           ---          ---           ---          ---           ---          ---
  47          ---          ---           ---          ---           ---          ---           ---          ---
  48          ---          ---           ---          ---           ---          ---           ---          ---
  49          ---          ---           ---          ---           ---          ---           ---          ---
  50          ---          ---           ---          ---           ---          ---           ---          ---
 Total    1.41000E+02  0.00000E+00   6.52000E+02  0.00000E+00   7.02000E+02  0.00000E+00   1.49500E+03  0.00000E+00
-------------------------------------------------------------------------------------------------------------------
NOTE: The category "OTHER" includes all classes of individual and clustered DNA lesion, except for SSB and DSB.
SEM = standard error of the mean.

TABLE 3. Number of clusters per cell per track (DNA=6.000 Gbp, ZF=1.51627 Gy).
===================================================================================================================
Number of --------- DSB ----------   --------- SSB ----------   -------- OTHER ---------   ----- ALL CLUSTERS -----
 lesions    Average        SEM         Average        SEM         Average        SEM         Average        SEM    
===================================================================================================================
   1          ---          ---       1.28883E+02  0.00000E+00   4.91271E+02  0.00000E+00   6.20154E+02  0.00000E+00
   2      1.36464E+01  0.00000E+00   1.97115E+02  0.00000E+00   2.65347E+02  0.00000E+00   4.76109E+02  0.00000E+00
   3      2.27440E+01  0.00000E+00   1.72855E+02  0.00000E+00   1.42529E+02  0.00000E+00   3.38128E+02  0.00000E+00
   4      3.48742E+01  0.00000E+00   1.30399E+02  0.00000E+00   8.33948E+01  0.00000E+00   2.48668E+02  0.00000E+00
   5      2.27440E+01  0.00000E+00   9.85575E+01  0.00000E+00   4.39718E+01  0.00000E+00   1.65273E+02  0.00000E+00
   6      2.57766E+01  0.00000E+00   7.58135E+01  0.00000E+00   1.66790E+01  0.00000E+00   1.18269E+02  0.00000E+00
   7      2.12278E+01  0.00000E+00   7.12647E+01  0.00000E+00   1.06139E+01  0.00000E+00   1.03106E+02  0.00000E+00
   8      2.12278E+01  0.00000E+00   2.88091E+01  0.00000E+00   6.06508E+00  0.00000E+00   5.61020E+01  0.00000E+00
   9      9.09762E+00  0.00000E+00   3.03254E+01  0.00000E+00   4.54881E+00  0.00000E+00   4.39718E+01  0.00000E+00
  10      9.09762E+00  0.00000E+00   1.21302E+01  0.00000E+00       ---          ---       2.12278E+01  0.00000E+00
  11      3.03254E+00  0.00000E+00   1.66790E+01  0.00000E+00       ---          ---       1.97115E+01  0.00000E+00
  12      9.09762E+00  0.00000E+00   9.09762E+00  0.00000E+00       ---          ---       1.81952E+01  0.00000E+00
  13      4.54881E+00  0.00000E+00   7.58135E+00  0.00000E+00       ---          ---       1.21302E+01  0.00000E+00
  14      6.06508E+00  0.00000E+00   4.54881E+00  0.00000E+00       ---          ---       1.06139E+01  0.00000E+00
  15      4.54881E+00  0.00000E+00   4.54881E+00  0.00000E+00       ---          ---       9.09762E+00  0.00000E+00
  16          ---          ---           ---          ---           ---          ---           ---          ---
  17      4.54881E+00  0.00000E+00       ---          ---           ---          ---       4.54881E+00  0.00000E+00
  18          ---          ---           ---          ---           ---          ---           ---          ---
  19      1.51627E+00  0.00000E+00       ---          ---           ---          ---       1.51627E+00  0.00000E+00
  20          ---          ---           ---          ---           ---          ---           ---          ---
  21          ---          ---           ---          ---           ---          ---           ---          ---
  22          ---          ---           ---          ---           ---          ---           ---          ---
  23          ---          ---           ---          ---           ---          ---           ---          ---
  24          ---          ---           ---          ---           ---          ---           ---          ---
  25          ---          ---           ---          ---           ---          ---           ---          ---
  26          ---          ---           ---          ---           ---          ---           ---          ---
  27          ---          ---           ---          ---           ---          ---           ---          ---
  28          ---          ---           ---          ---           ---          ---           ---          ---
  29          ---          ---           ---          ---           ---          ---           ---          ---
  30          ---          ---           ---          ---           ---          ---           ---          ---
  31          ---          ---           ---          ---           ---          ---           ---          ---
  32          ---          ---           ---          ---           ---          ---           ---          ---
  33          ---          ---           ---          ---           ---          ---           ---          ---
  34          ---          ---           ---          ---           ---          ---           ---          ---
  35          ---          ---           ---          ---           ---          ---           ---          ---
  36          ---          ---           ---          ---           ---          ---           ---          ---
  37          ---          ---           ---          ---           ---          ---           ---          ---
  38          ---          ---           ---          ---           ---          ---           ---          ---
  39          ---          ---           ---          ---           ---          ---           ---          ---
  40          ---          ---           ---          ---           ---          ---           ---          ---
  41          ---          ---           ---          ---           ---          ---           ---          ---
  42          ---          ---           ---          ---           ---          ---           ---          ---
  43          ---          ---           ---          ---           ---          ---           ---          ---
  44          ---          ---           ---          ---           ---          ---           ---          ---
  45          ---          ---           ---          ---           ---          ---           ---          ---
  46          ---          ---           ---          ---           ---          ---           ---          ---
  47          ---          ---           ---          ---           ---          ---           ---          ---
  48          ---          ---           ---          ---           ---          ---           ---          ---
  49          ---          ---           ---          ---           ---          ---           ---          ---
  50          ---          ---           ---          ---           ---          ---           ---          ---
 Total    2.13794E+02  0.00000E+00   9.88608E+02  0.00000E+00   1.06442E+03  0.00000E+00   2.26682E+03  0.00000E+00
-------------------------------------------------------------------------------------------------------------------

TABLE 4. Cluster Length (in base pair)
===================================================================================================================
Number of --------- DSB ----------   --------- SSB ----------   -------- OTHER ---------   ----- ALL CLUSTERS -----
 lesions    Average        SEM         Average        SEM         Average        SEM         Average        SEM    
===================================================================================================================
   1          ---          ---       1.00000E+00  0.00000E+00   1.00000E+00  0.00000E+00   1.00000E+00  0.00000E+00
   2      5.33333E+00  0.00000E+00   4.86154E+00  0.00000E+00   4.74286E+00  0.00000E+00   4.80892E+00  0.00000E+00
   3      7.93333E+00  0.00000E+00   9.21930E+00  0.00000E+00   8.70213E+00  0.00000E+00   8.91480E+00  0.00000E+00
   4      1.28696E+01  0.00000E+00   1.29186E+01  0.00000E+00   1.19818E+01  0.00000E+00   1.25976E+01  0.00000E+00
   5      1.62667E+01  0.00000E+00   1.67692E+01  0.00000E+00   1.68966E+01  0.00000E+00   1.67339E+01  0.00000E+00
   6      1.85294E+01  0.00000E+00   2.10000E+01  0.00000E+00   1.94545E+01  0.00000E+00   2.02436E+01  0.00000E+00
   7      2.39286E+01  0.00000E+00   2.51702E+01  0.00000E+00   2.77143E+01  0.00000E+00   2.51765E+01  0.00000E+00
   8      2.80000E+01  0.00000E+00   2.91579E+01  0.00000E+00   3.15000E+01  0.00000E+00   2.89730E+01  0.00000E+00
   9      3.23333E+01  0.00000E+00   3.51000E+01  0.00000E+00   3.33333E+01  0.00000E+00   3.43448E+01  0.00000E+00
  10      4.18333E+01  0.00000E+00   3.43750E+01  0.00000E+00       ---          ---       3.75714E+01  0.00000E+00
  11      3.90000E+01  0.00000E+00   4.31818E+01  0.00000E+00       ---          ---       4.25385E+01  0.00000E+00
  12      4.08333E+01  0.00000E+00   4.45000E+01  0.00000E+00       ---          ---       4.26667E+01  0.00000E+00
  13      4.60000E+01  0.00000E+00   5.16000E+01  0.00000E+00       ---          ---       4.95000E+01  0.00000E+00
  14      5.17500E+01  0.00000E+00   5.86667E+01  0.00000E+00       ---          ---       5.47143E+01  0.00000E+00
  15      5.66667E+01  0.00000E+00   5.56667E+01  0.00000E+00       ---          ---       5.61667E+01  0.00000E+00
  16          ---          ---           ---          ---           ---          ---           ---          ---
  17      4.86667E+01  0.00000E+00       ---          ---           ---          ---       4.86667E+01  0.00000E+00
  18          ---          ---           ---          ---           ---          ---           ---          ---
  19      7.40000E+01  0.00000E+00       ---          ---           ---          ---       7.40000E+01  0.00000E+00
  20          ---          ---           ---          ---           ---          ---           ---          ---
  21          ---          ---           ---          ---           ---          ---           ---          ---
  22          ---          ---           ---          ---           ---          ---           ---          ---
  23          ---          ---           ---          ---           ---          ---           ---          ---
  24          ---          ---           ---          ---           ---          ---           ---          ---
  25          ---          ---           ---          ---           ---          ---           ---          ---
  26          ---          ---           ---          ---           ---          ---           ---          ---
  27          ---          ---           ---          ---           ---          ---           ---          ---
  28          ---          ---           ---          ---           ---          ---           ---          ---
  29          ---          ---           ---          ---           ---          ---           ---          ---
  30          ---          ---           ---          ---           ---          ---           ---          ---
  31          ---          ---           ---          ---           ---          ---           ---          ---
  32          ---          ---           ---          ---           ---          ---           ---          ---
  33          ---          ---           ---          ---           ---          ---           ---          ---
  34          ---          ---           ---          ---           ---          ---           ---          ---
  35          ---          ---           ---          ---           ---          ---           ---          ---
  36          ---          ---           ---          ---           ---          ---           ---          ---
  37          ---          ---           ---          ---           ---          ---           ---          ---
  38          ---          ---           ---          ---           ---          ---           ---          ---
  39          ---          ---           ---          ---           ---          ---           ---          ---
  40          ---          ---           ---          ---           ---          ---           ---          ---
  41          ---          ---           ---          ---           ---          ---           ---          ---
  42          ---          ---           ---          ---           ---          ---           ---          ---
  43          ---          ---           ---          ---           ---          ---           ---          ---
  44          ---          ---           ---          ---           ---          ---           ---          ---
  45          ---          ---           ---          ---           ---          ---           ---          ---
  46          ---          ---           ---          ---           ---          ---           ---          ---
  47          ---          ---           ---          ---           ---          ---           ---          ---
  48          ---          ---           ---          ---           ---          ---           ---          ---
  49          ---          ---           ---          ---           ---          ---           ---          ---
  50          ---          ---           ---          ---           ---          ---           ---          ---
Average   2.30638E+01  0.00000E+00   1.39202E+01  0.00000E+00   5.34900E+00  0.00000E+00   1.07579E+01  0.00000E+00
-------------------------------------------------------------------------------------------------------------------

TABLE 5. Density of lesions forming a cluster (in units of lesions per nucleotide).
===================================================================================================================
Number of --------- DSB ----------   --------- SSB ----------   -------- OTHER ---------   ----- ALL CLUSTERS -----
 lesions    Average        SEM         Average        SEM         Average        SEM         Average        SEM    
===================================================================================================================
   1          ---          ---       5.00000E-01  0.00000E+00   5.00000E-01  0.00000E+00   5.00000E-01  0.00000E+00
   2      2.42240E-01  0.00000E+00   3.01105E-01  0.00000E+00   3.08719E-01  0.00000E+00   3.03661E-01  0.00000E+00
   3      2.61726E-01  0.00000E+00   1.95159E-01  0.00000E+00   2.20921E-01  0.00000E+00   2.10496E-01  0.00000E+00
   4      1.71706E-01  0.00000E+00   1.72405E-01  0.00000E+00   2.03437E-01  0.00000E+00   1.82714E-01  0.00000E+00
   5      1.74839E-01  0.00000E+00   1.69287E-01  0.00000E+00   1.62839E-01  0.00000E+00   1.68336E-01  0.00000E+00
   6      1.89688E-01  0.00000E+00   1.59263E-01  0.00000E+00   1.65039E-01  0.00000E+00   1.66709E-01  0.00000E+00
   7      1.63978E-01  0.00000E+00   1.51354E-01  0.00000E+00   1.28738E-01  0.00000E+00   1.51625E-01  0.00000E+00
   8      1.56897E-01  0.00000E+00   1.47200E-01  0.00000E+00   1.32097E-01  0.00000E+00   1.49236E-01  0.00000E+00
   9      1.48461E-01  0.00000E+00   1.33085E-01  0.00000E+00   1.38510E-01  0.00000E+00   1.36828E-01  0.00000E+00
  10      1.25200E-01  0.00000E+00   1.49104E-01  0.00000E+00       ---          ---       1.38860E-01  0.00000E+00
  11      1.42525E-01  0.00000E+00   1.31662E-01  0.00000E+00       ---          ---       1.33333E-01  0.00000E+00
  12      1.49434E-01  0.00000E+00   1.37774E-01  0.00000E+00       ---          ---       1.43604E-01  0.00000E+00
  13      1.50418E-01  0.00000E+00   1.27502E-01  0.00000E+00       ---          ---       1.36095E-01  0.00000E+00
  14      1.37120E-01  0.00000E+00   1.22520E-01  0.00000E+00       ---          ---       1.30863E-01  0.00000E+00
  15      1.38316E-01  0.00000E+00   1.41284E-01  0.00000E+00       ---          ---       1.39800E-01  0.00000E+00
  16          ---          ---           ---          ---           ---          ---           ---          ---
  17      1.74973E-01  0.00000E+00       ---          ---           ---          ---       1.74973E-01  0.00000E+00
  18          ---          ---           ---          ---           ---          ---           ---          ---
  19      1.28378E-01  0.00000E+00       ---          ---           ---          ---       1.28378E-01  0.00000E+00
  20          ---          ---           ---          ---           ---          ---           ---          ---
  21          ---          ---           ---          ---           ---          ---           ---          ---
  22          ---          ---           ---          ---           ---          ---           ---          ---
  23          ---          ---           ---          ---           ---          ---           ---          ---
  24          ---          ---           ---          ---           ---          ---           ---          ---
  25          ---          ---           ---          ---           ---          ---           ---          ---
  26          ---          ---           ---          ---           ---          ---           ---          ---
  27          ---          ---           ---          ---           ---          ---           ---          ---
  28          ---          ---           ---          ---           ---          ---           ---          ---
  29          ---          ---           ---          ---           ---          ---           ---          ---
  30          ---          ---           ---          ---           ---          ---           ---          ---
  31          ---          ---           ---          ---           ---          ---           ---          ---
  32          ---          ---           ---          ---           ---          ---           ---          ---
  33          ---          ---           ---          ---           ---          ---           ---          ---
  34          ---          ---           ---          ---           ---          ---           ---          ---
  35          ---          ---           ---          ---           ---          ---           ---          ---
  36          ---          ---           ---          ---           ---          ---           ---          ---
  37          ---          ---           ---          ---           ---          ---           ---          ---
  38          ---          ---           ---          ---           ---          ---           ---          ---
  39          ---          ---           ---          ---           ---          ---           ---          ---
  40          ---          ---           ---          ---           ---          ---           ---          ---
  41          ---          ---           ---          ---           ---          ---           ---          ---
  42          ---          ---           ---          ---           ---          ---           ---          ---
  43          ---          ---           ---          ---           ---          ---           ---          ---
  44          ---          ---           ---          ---           ---          ---           ---          ---
  45          ---          ---           ---          ---           ---          ---           ---          ---
  46          ---          ---           ---          ---           ---          ---           ---          ---
  47          ---          ---           ---          ---           ---          ---           ---          ---
  48          ---          ---           ---          ---           ---          ---           ---          ---
  49          ---          ---           ---          ---           ---          ---           ---          ---
  50          ---          ---           ---          ---           ---          ---           ---          ---
Average   1.79336E-01  0.00000E+00   2.37967E-01  0.00000E+00   3.65191E-01  0.00000E+00   2.92177E-01  0.00000E+00
-------------------------------------------------------------------------------------------------------------------
NOTE: Lesion density computed as the number of lesions per cluster divided by twice the cluster length.

TABLE 6. Cluster composition (% Sb per cluster)
===================================================================================================================
Number of --------- DSB ----------   --------- SSB ----------   -------- OTHER ---------   ----- ALL CLUSTERS -----
 lesions    Average        SEM         Average        SEM         Average        SEM         Average        SEM    
===================================================================================================================
   1          ---          ---       1.00000E+02  0.00000E+00   0.00000E+00  0.00000E+00   2.07824E+01  0.00000E+00
   2      1.00000E+02  0.00000E+00   5.65385E+01  0.00000E+00   0.00000E+00  0.00000E+00   2.62739E+01  0.00000E+00
   3      6.66667E+01  0.00000E+00   4.18129E+01  0.00000E+00   0.00000E+00  0.00000E+00   2.58595E+01  0.00000E+00
   4      5.43478E+01  0.00000E+00   3.22674E+01  0.00000E+00   0.00000E+00  0.00000E+00   2.45427E+01  0.00000E+00
   5      4.80000E+01  0.00000E+00   2.61538E+01  0.00000E+00   0.00000E+00  0.00000E+00   2.22018E+01  0.00000E+00
   6      4.70588E+01  0.00000E+00   2.86667E+01  0.00000E+00   0.00000E+00  0.00000E+00   2.86325E+01  0.00000E+00
   7      3.67347E+01  0.00000E+00   2.58359E+01  0.00000E+00   0.00000E+00  0.00000E+00   2.54202E+01  0.00000E+00
   8      4.01786E+01  0.00000E+00   2.36842E+01  0.00000E+00   0.00000E+00  0.00000E+00   2.73649E+01  0.00000E+00
   9      3.51852E+01  0.00000E+00   1.88889E+01  0.00000E+00   0.00000E+00  0.00000E+00   2.03065E+01  0.00000E+00
  10      3.83333E+01  0.00000E+00   2.37500E+01  0.00000E+00       ---          ---       3.00000E+01  0.00000E+00
  11      3.63636E+01  0.00000E+00   2.31405E+01  0.00000E+00       ---          ---       2.51748E+01  0.00000E+00
  12      2.91667E+01  0.00000E+00   1.80556E+01  0.00000E+00       ---          ---       2.36111E+01  0.00000E+00
  13      2.56410E+01  0.00000E+00   2.15385E+01  0.00000E+00       ---          ---       2.30769E+01  0.00000E+00
  14      3.03571E+01  0.00000E+00   1.90476E+01  0.00000E+00       ---          ---       2.55102E+01  0.00000E+00
  15      3.33333E+01  0.00000E+00   1.77778E+01  0.00000E+00       ---          ---       2.55556E+01  0.00000E+00
  16          ---          ---           ---          ---           ---          ---           ---          ---
  17      2.74510E+01  0.00000E+00       ---          ---           ---          ---       2.74510E+01  0.00000E+00
  18          ---          ---           ---          ---           ---          ---           ---          ---
  19      3.68421E+01  0.00000E+00       ---          ---           ---          ---       3.68421E+01  0.00000E+00
  20          ---          ---           ---          ---           ---          ---           ---          ---
  21          ---          ---           ---          ---           ---          ---           ---          ---
  22          ---          ---           ---          ---           ---          ---           ---          ---
  23          ---          ---           ---          ---           ---          ---           ---          ---
  24          ---          ---           ---          ---           ---          ---           ---          ---
  25          ---          ---           ---          ---           ---          ---           ---          ---
  26          ---          ---           ---          ---           ---          ---           ---          ---
  27          ---          ---           ---          ---           ---          ---           ---          ---
  28          ---          ---           ---          ---           ---          ---           ---          ---
  29          ---          ---           ---          ---           ---          ---           ---          ---
  30          ---          ---           ---          ---           ---          ---           ---          ---
  31          ---          ---           ---          ---           ---          ---           ---          ---
  32          ---          ---           ---          ---           ---          ---           ---          ---
  33          ---          ---           ---          ---           ---          ---           ---          ---
  34          ---          ---           ---          ---           ---          ---           ---          ---
  35          ---          ---           ---          ---           ---          ---           ---          ---
  36          ---          ---           ---          ---           ---          ---           ---          ---
  37          ---          ---           ---          ---           ---          ---           ---          ---
  38          ---          ---           ---          ---           ---          ---           ---          ---
  39          ---          ---           ---          ---           ---          ---           ---          ---
  40          ---          ---           ---          ---           ---          ---           ---          ---
  41          ---          ---           ---          ---           ---          ---           ---          ---
  42          ---          ---           ---          ---           ---          ---           ---          ---
  43          ---          ---           ---          ---           ---          ---           ---          ---
  44          ---          ---           ---          ---           ---          ---           ---          ---
  45          ---          ---           ---          ---           ---          ---           ---          ---
  46          ---          ---           ---          ---           ---          ---           ---          ---
  47          ---          ---           ---          ---           ---          ---           ---          ---
  48          ---          ---           ---          ---           ---          ---           ---          ---
  49          ---          ---           ---          ---           ---          ---           ---          ---
  50          ---          ---           ---          ---           ---          ---           ---          ---
Average   4.86040E+01  0.00000E+00   4.49971E+01  0.00000E+00   0.00000E+00  0.00000E+00   2.42082E+01  0.00000E+00
-------------------------------------------------------------------------------------------------------------------
NOTES: (% Sb) is the percentage of lesions that are strand breaks. The number of Sb is [(% Sb)/100]*(# lesions).
The number of Bd is (1-(% Sb)/100)*(# lesions).
