===============================
MCDS Version 3.10A  05-DEC-2011
===============================
      0.004     running time (min)
  987654321     random number seed
          1     number of cells (nocs)
 0.0000E+00     water-equivalent material (WEM) thickness (mg/cm^2)
 1.0000E+00     Desired dose to the cell nucleus (Gy)
 6.0000E+00     DNA content (Gbp)

TARGET (cell) DEFINITION (4V/S = mean chord length)
========================================================
            DIAMETER     4V/S      Volume      Mass
               (um)      (um)      (um^3)      (ng)
--------------------------------------------------------
DNA            ---        ---     6.123E+00  6.123E-03
NUCLEUS     5.000E+00  3.333E+00  6.545E+01  6.545E-02
CYTOPLASM      ---        ---     -6.545E+01  -6.545E-02
CELL        0.000E+00  0.000E+00  0.000E+00  0.000E+00
========================================================
NOTE: In human DNA, 1 Gbp=0.979 ng (not including bound
H2O).  DNA volume computed using a density of 1 g/cm^3.

WARNING: volume of nucleus larger than the volume of the cell!

INCIDENT PARTICLE: 12C (mass = 1.20000E+01 u = 1.11749E+04 MeV/c^2)
  2.10000E+03 MeV >= 1.00000E-06 MeV
  1.75000E+02 MeV/A >= 8.33333E-08 MeV/A)
  7.16550E+03 MeV (p*c = momentum x speed of light)
  1.73051E-04 pm (de Broglie wavelength)
  1.18792E+00 = T/m0c2+1 (Lorentz factor) >= 1
  6.00000E+00 ABS(effective charge); Barkas 1963
  5.39780E-01 beta = (v/c) <= 1
  1.23558E+02 (zeff/beta)^2 <= 2.000E+05
  1.75312E+01 keV/um (total stopping power in H2O)
  1.75250E+01 keV/um ( 99.965% electronic)
  6.20365E-03 keV/um (  0.035% nuclear)
  6.93546E+00 CSDA range of particle (cm) in H2O

PARTICLE TRANSPORT - Beam of radiation incident on bottom of cell culture dish
(WEM=0.00 um, cell=0.00 um, nucleus=5.00 um; total distance traveled to
reach nucleus=-2.500 um of H2O).
==============================================================================
                                  ------- Cell --------  ------- Nucleus -----
                       Incident      Entry      Exit       Entry       Exit
==============================================================================
         KE (MeV)   2.1000E+03  2.1000E+03  2.1000E+03  2.1000E+03  2.1000E+03
    (Zeff/beta)^2   1.2356E+02  1.2356E+02  1.2356E+02  1.2356E+02  1.2356E+02
     LET (keV/um)   1.7531E+01  1.7531E+01  1.7531E+01  1.7531E+01  1.7531E+01
  Res. Range (um)   6.9355E+04  6.9355E+04  6.9355E+04  6.9355E+04  6.9352E+04
 DPUF1 (nGy-cm^2)   2.8085E+01  2.8085E+01  2.8085E+01  2.8085E+01  2.8085E+01
 DPUF2 (nGy-cm^2)      ---      NaN     ---      2.8085E+01     ---
       Edep (keV)      ---      NaN     ---      5.8438E+01     ---
      YF (keV/um)      ---      NaN     ---      1.7531E+01     ---
          ZF (Gy)      ---      NaN     ---      1.4304E-01     ---
==============================================================================
LET=(Stot-Srad); absorbed dose per unit fluence (DPUF1) = 1.602*LET/rho
Avg. absorbed dose within target (i.e., DPUF2) = 2.5*pi*d*d*zf
Edep = 0.1602*ZF*PI*d*d*d/6; yf = edep/lbar = 0.25*edep*{area}/{volume}

DAMAGE FORMATION AND CLUSTERING (normoxic conditions)
     110097     segment length, nseg (bp per cell per Gy)
       1300     number of strand breaks, sigSb (per cell per Gy)
       3900     number of base damages,  sigBd (per cell per Gy)
        3.0     base damage to strand break ratio, f
          9     minimum distance between clusters, Nmin (bp)
         10     maximum distance between two Sb to compose a DSB, Ndsb (bp)
        0.0     fraction Bl/Bd

OXYGEN SIMULATION (M0=1.740, K=0.3372, q=946.10, r=2.15)
  1.0000E+02 % O2 concentration (=760.00 mmHg)
  2.4500E-03 chemical repair probability (pcr)
  9.9755E-01 O2 fixation probability (1-pcr)
  1.0025E+00 Approx. HRF for SSB induction [=1/(1-pcr)]
  1.0049E+00 Approx. HRF for DSB induction [1/(1-pcr)]^2

DMSO SIMULATION
  5.0000E-01 fraction of non-scavengeable DNA damage (fnsd)
  5.0000E-01 concentration (mol dm^-3) at half-level (chmx)
  0.0000E+00 DMSO concentration (mol dm^-3)

TABLE 1. Percent (%) cluster yields by complexity, as classified using the scheme of Nikjoo et al. (IJRB 71, 
467-483 1997 and and Radiat. Res. 156, 577-583 2001).
===================================================================================================================
    65.716     BD    - one or more Bd (no Sb)
    30.351     SSB   - Sb (no auxilary damage)
     1.951     SSB+  - two Sb on the same strand
     0.150     2SSB  - two or more Sb on opposite strands separated by at least 10 bp
     1.411     DSB   - two Sb on opposite strands with a separation <= 10 bp
     0.390     DSB+  - DSB accompanied by one (or more) additional Sb within 10 bp separation
     0.030     DSB++ - more than one DSB whether within the 10 bp separation or further apart
     6.475     SSBc  - fraction of complex damage (SSB+ and 2SSB) among SSBs
    47.641     SSBcb - fraction of complex damage (SSB+ and 2SSB) among SSBs; base damage included
    22.951     DSBc  - fraction of complex damage (DSB+ and DSB++) among DSBs
    49.180     DSBcb - fraction of complex damage (DSB+ and DSB++) among DSBs; base damage included
===================================================================================================================

TABLE 2. Number of clusters per cell (DNA=6.000 Gbp, AD=1.000 Gy).
===================================================================================================================
Number of --------- DSB ----------   --------- SSB ----------   -------- OTHER ---------   ----- ALL CLUSTERS -----
 lesions    Average        SEM         Average        SEM         Average        SEM         Average        SEM    
===================================================================================================================
   1          ---          ---       5.66000E+02  0.00000E+00   1.57200E+03  0.00000E+00   2.13800E+03  0.00000E+00
   2      3.10000E+01  0.00000E+00   3.00000E+02  0.00000E+00   4.45000E+02  0.00000E+00   7.76000E+02  0.00000E+00
   3      1.50000E+01  0.00000E+00   1.24000E+02  0.00000E+00   1.28000E+02  0.00000E+00   2.67000E+02  0.00000E+00
   4      8.00000E+00  0.00000E+00   5.60000E+01  0.00000E+00   3.00000E+01  0.00000E+00   9.40000E+01  0.00000E+00
   5      3.00000E+00  0.00000E+00   2.00000E+01  0.00000E+00   7.00000E+00  0.00000E+00   3.00000E+01  0.00000E+00
   6      4.00000E+00  0.00000E+00   9.00000E+00  0.00000E+00   4.00000E+00  0.00000E+00   1.70000E+01  0.00000E+00
   7          ---          ---       4.00000E+00  0.00000E+00   2.00000E+00  0.00000E+00   6.00000E+00  0.00000E+00
   8          ---          ---       1.00000E+00  0.00000E+00       ---          ---       1.00000E+00  0.00000E+00
   9          ---          ---       1.00000E+00  0.00000E+00   1.00000E+00  0.00000E+00   2.00000E+00  0.00000E+00
  10          ---          ---           ---          ---           ---          ---           ---          ---
  11          ---          ---           ---          ---           ---          ---           ---          ---
  12          ---          ---           ---          ---           ---          ---           ---          ---
  13          ---          ---           ---          ---           ---          ---           ---          ---
  14          ---          ---           ---          ---           ---          ---           ---          ---
  15          ---          ---           ---          ---           ---          ---           ---          ---
  16          ---          ---           ---          ---           ---          ---           ---          ---
  17          ---          ---           ---          ---           ---          ---           ---          ---
  18          ---          ---           ---          ---           ---          ---           ---          ---
  19          ---          ---           ---          ---           ---          ---           ---          ---
  20          ---          ---           ---          ---           ---          ---           ---          ---
  21          ---          ---           ---          ---           ---          ---           ---          ---
  22          ---          ---           ---          ---           ---          ---           ---          ---
  23          ---          ---           ---          ---           ---          ---           ---          ---
  24          ---          ---           ---          ---           ---          ---           ---          ---
  25          ---          ---           ---          ---           ---          ---           ---          ---
  26          ---          ---           ---          ---           ---          ---           ---          ---
  27          ---          ---           ---          ---           ---          ---           ---          ---
  28          ---          ---           ---          ---           ---          ---           ---          ---
  29          ---          ---           ---          ---           ---          ---           ---          ---
  30          ---          ---           ---          ---           ---          ---           ---          ---
  31          ---          ---           ---          ---           ---          ---           ---          ---
  32          ---          ---           ---          ---           ---          ---           ---          ---
  33          ---          ---           ---          ---           ---          ---           ---          ---
  34          ---          ---           ---          ---           ---          ---           ---          ---
  35          ---          ---           ---          ---           ---          ---           ---          ---
  36          ---          ---           ---          ---           ---          ---           ---          ---
  37          ---          ---           ---          ---           ---          ---           ---          ---
  38          ---          ---           ---          ---           ---          ---           ---          ---
  39          ---          ---           ---          ---           ---          ---           ---          ---
  40          ---          ---           ---          ---           ---          ---           ---          ---
  41          ---          ---           ---          ---           ---          ---           ---          ---
  42          ---          ---           ---          ---           ---          ---           ---          ---
  43          ---          ---           ---          ---           ---          ---           ---          ---
  44          ---          ---           ---          ---           ---          ---           ---          ---
  45          ---          ---           ---          ---           ---          ---           ---          ---
  46          ---          ---           ---          ---           ---          ---           ---          ---
  47          ---          ---           ---          ---           ---          ---           ---          ---
  48          ---          ---           ---          ---           ---          ---           ---          ---
  49          ---          ---           ---          ---           ---          ---           ---          ---
  50          ---          ---           ---          ---           ---          ---           ---          ---
 Total    6.10000E+01  0.00000E+00   1.08100E+03  0.00000E+00   2.18900E+03  0.00000E+00   3.33100E+03  0.00000E+00
-------------------------------------------------------------------------------------------------------------------
NOTE: The category "OTHER" includes all classes of individual and clustered DNA lesion, except for SSB and DSB.
SEM = standard error of the mean.

TABLE 3. Number of clusters per cell per track (DNA=6.000 Gbp, ZF=0.14304 Gy).
===================================================================================================================
Number of --------- DSB ----------   --------- SSB ----------   -------- OTHER ---------   ----- ALL CLUSTERS -----
 lesions    Average        SEM         Average        SEM         Average        SEM         Average        SEM    
===================================================================================================================
   1          ---          ---       8.09590E+01  0.00000E+00   2.24854E+02  0.00000E+00   3.05813E+02  0.00000E+00
   2      4.43415E+00  0.00000E+00   4.29111E+01  0.00000E+00   6.36515E+01  0.00000E+00   1.10997E+02  0.00000E+00
   3      2.14556E+00  0.00000E+00   1.77366E+01  0.00000E+00   1.83087E+01  0.00000E+00   3.81909E+01  0.00000E+00
   4      1.14430E+00  0.00000E+00   8.01008E+00  0.00000E+00   4.29111E+00  0.00000E+00   1.34455E+01  0.00000E+00
   5      4.29111E-01  0.00000E+00   2.86074E+00  0.00000E+00   1.00126E+00  0.00000E+00   4.29111E+00  0.00000E+00
   6      5.72148E-01  0.00000E+00   1.28733E+00  0.00000E+00   5.72148E-01  0.00000E+00   2.43163E+00  0.00000E+00
   7          ---          ---       5.72148E-01  0.00000E+00   2.86074E-01  0.00000E+00   8.58223E-01  0.00000E+00
   8          ---          ---       1.43037E-01  0.00000E+00       ---          ---       1.43037E-01  0.00000E+00
   9          ---          ---       1.43037E-01  0.00000E+00   1.43037E-01  0.00000E+00   2.86074E-01  0.00000E+00
  10          ---          ---           ---          ---           ---          ---           ---          ---
  11          ---          ---           ---          ---           ---          ---           ---          ---
  12          ---          ---           ---          ---           ---          ---           ---          ---
  13          ---          ---           ---          ---           ---          ---           ---          ---
  14          ---          ---           ---          ---           ---          ---           ---          ---
  15          ---          ---           ---          ---           ---          ---           ---          ---
  16          ---          ---           ---          ---           ---          ---           ---          ---
  17          ---          ---           ---          ---           ---          ---           ---          ---
  18          ---          ---           ---          ---           ---          ---           ---          ---
  19          ---          ---           ---          ---           ---          ---           ---          ---
  20          ---          ---           ---          ---           ---          ---           ---          ---
  21          ---          ---           ---          ---           ---          ---           ---          ---
  22          ---          ---           ---          ---           ---          ---           ---          ---
  23          ---          ---           ---          ---           ---          ---           ---          ---
  24          ---          ---           ---          ---           ---          ---           ---          ---
  25          ---          ---           ---          ---           ---          ---           ---          ---
  26          ---          ---           ---          ---           ---          ---           ---          ---
  27          ---          ---           ---          ---           ---          ---           ---          ---
  28          ---          ---           ---          ---           ---          ---           ---          ---
  29          ---          ---           ---          ---           ---          ---           ---          ---
  30          ---          ---           ---          ---           ---          ---           ---          ---
  31          ---          ---           ---          ---           ---          ---           ---          ---
  32          ---          ---           ---          ---           ---          ---           ---          ---
  33          ---          ---           ---          ---           ---          ---           ---          ---
  34          ---          ---           ---          ---           ---          ---           ---          ---
  35          ---          ---           ---          ---           ---          ---           ---          ---
  36          ---          ---           ---          ---           ---          ---           ---          ---
  37          ---          ---           ---          ---           ---          ---           ---          ---
  38          ---          ---           ---          ---           ---          ---           ---          ---
  39          ---          ---           ---          ---           ---          ---           ---          ---
  40          ---          ---           ---          ---           ---          ---           ---          ---
  41          ---          ---           ---          ---           ---          ---           ---          ---
  42          ---          ---           ---          ---           ---          ---           ---          ---
  43          ---          ---           ---          ---           ---          ---           ---          ---
  44          ---          ---           ---          ---           ---          ---           ---          ---
  45          ---          ---           ---          ---           ---          ---           ---          ---
  46          ---          ---           ---          ---           ---          ---           ---          ---
  47          ---          ---           ---          ---           ---          ---           ---          ---
  48          ---          ---           ---          ---           ---          ---           ---          ---
  49          ---          ---           ---          ---           ---          ---           ---          ---
  50          ---          ---           ---          ---           ---          ---           ---          ---
 Total    8.72526E+00  0.00000E+00   1.54623E+02  0.00000E+00   3.13108E+02  0.00000E+00   4.76457E+02  0.00000E+00
-------------------------------------------------------------------------------------------------------------------

TABLE 4. Cluster Length (in base pair)
===================================================================================================================
Number of --------- DSB ----------   --------- SSB ----------   -------- OTHER ---------   ----- ALL CLUSTERS -----
 lesions    Average        SEM         Average        SEM         Average        SEM         Average        SEM    
===================================================================================================================
   1          ---          ---       1.00000E+00  0.00000E+00   1.00000E+00  0.00000E+00   1.00000E+00  0.00000E+00
   2      5.29032E+00  0.00000E+00   5.73333E+00  0.00000E+00   5.56404E+00  0.00000E+00   5.61856E+00  0.00000E+00
   3      9.86667E+00  0.00000E+00   1.02419E+01  0.00000E+00   9.73438E+00  0.00000E+00   9.97753E+00  0.00000E+00
   4      1.42500E+01  0.00000E+00   1.40357E+01  0.00000E+00   1.50000E+01  0.00000E+00   1.43617E+01  0.00000E+00
   5      1.90000E+01  0.00000E+00   1.90500E+01  0.00000E+00   1.94286E+01  0.00000E+00   1.91333E+01  0.00000E+00
   6      2.00000E+01  0.00000E+00   2.52222E+01  0.00000E+00   2.22500E+01  0.00000E+00   2.32941E+01  0.00000E+00
   7          ---          ---       2.70000E+01  0.00000E+00   2.60000E+01  0.00000E+00   2.66667E+01  0.00000E+00
   8          ---          ---       4.50000E+01  0.00000E+00       ---          ---       4.50000E+01  0.00000E+00
   9          ---          ---       3.50000E+01  0.00000E+00   5.00000E+01  0.00000E+00   4.25000E+01  0.00000E+00
  10          ---          ---           ---          ---           ---          ---           ---          ---
  11          ---          ---           ---          ---           ---          ---           ---          ---
  12          ---          ---           ---          ---           ---          ---           ---          ---
  13          ---          ---           ---          ---           ---          ---           ---          ---
  14          ---          ---           ---          ---           ---          ---           ---          ---
  15          ---          ---           ---          ---           ---          ---           ---          ---
  16          ---          ---           ---          ---           ---          ---           ---          ---
  17          ---          ---           ---          ---           ---          ---           ---          ---
  18          ---          ---           ---          ---           ---          ---           ---          ---
  19          ---          ---           ---          ---           ---          ---           ---          ---
  20          ---          ---           ---          ---           ---          ---           ---          ---
  21          ---          ---           ---          ---           ---          ---           ---          ---
  22          ---          ---           ---          ---           ---          ---           ---          ---
  23          ---          ---           ---          ---           ---          ---           ---          ---
  24          ---          ---           ---          ---           ---          ---           ---          ---
  25          ---          ---           ---          ---           ---          ---           ---          ---
  26          ---          ---           ---          ---           ---          ---           ---          ---
  27          ---          ---           ---          ---           ---          ---           ---          ---
  28          ---          ---           ---          ---           ---          ---           ---          ---
  29          ---          ---           ---          ---           ---          ---           ---          ---
  30          ---          ---           ---          ---           ---          ---           ---          ---
  31          ---          ---           ---          ---           ---          ---           ---          ---
  32          ---          ---           ---          ---           ---          ---           ---          ---
  33          ---          ---           ---          ---           ---          ---           ---          ---
  34          ---          ---           ---          ---           ---          ---           ---          ---
  35          ---          ---           ---          ---           ---          ---           ---          ---
  36          ---          ---           ---          ---           ---          ---           ---          ---
  37          ---          ---           ---          ---           ---          ---           ---          ---
  38          ---          ---           ---          ---           ---          ---           ---          ---
  39          ---          ---           ---          ---           ---          ---           ---          ---
  40          ---          ---           ---          ---           ---          ---           ---          ---
  41          ---          ---           ---          ---           ---          ---           ---          ---
  42          ---          ---           ---          ---           ---          ---           ---          ---
  43          ---          ---           ---          ---           ---          ---           ---          ---
  44          ---          ---           ---          ---           ---          ---           ---          ---
  45          ---          ---           ---          ---           ---          ---           ---          ---
  46          ---          ---           ---          ---           ---          ---           ---          ---
  47          ---          ---           ---          ---           ---          ---           ---          ---
  48          ---          ---           ---          ---           ---          ---           ---          ---
  49          ---          ---           ---          ---           ---          ---           ---          ---
  50          ---          ---           ---          ---           ---          ---           ---          ---
Average   9.22951E+00  0.00000E+00   4.75301E+00  0.00000E+00   2.77341E+00  0.00000E+00   3.53407E+00  0.00000E+00
-------------------------------------------------------------------------------------------------------------------

TABLE 5. Density of lesions forming a cluster (in units of lesions per nucleotide).
===================================================================================================================
Number of --------- DSB ----------   --------- SSB ----------   -------- OTHER ---------   ----- ALL CLUSTERS -----
 lesions    Average        SEM         Average        SEM         Average        SEM         Average        SEM    
===================================================================================================================
   1          ---          ---       5.00000E-01  0.00000E+00   5.00000E-01  0.00000E+00   5.00000E-01  0.00000E+00
   2      3.01139E-01  0.00000E+00   2.38534E-01  0.00000E+00   2.51885E-01  0.00000E+00   2.48691E-01  0.00000E+00
   3      1.83585E-01  0.00000E+00   1.74239E-01  0.00000E+00   1.81901E-01  0.00000E+00   1.78437E-01  0.00000E+00
   4      1.62531E-01  0.00000E+00   1.63666E-01  0.00000E+00   1.47840E-01  0.00000E+00   1.58518E-01  0.00000E+00
   5      1.47783E-01  0.00000E+00   1.37293E-01  0.00000E+00   1.32153E-01  0.00000E+00   1.37143E-01  0.00000E+00
   6      1.65244E-01  0.00000E+00   1.36281E-01  0.00000E+00   1.41859E-01  0.00000E+00   1.44408E-01  0.00000E+00
   7          ---          ---       1.43068E-01  0.00000E+00   1.34615E-01  0.00000E+00   1.40251E-01  0.00000E+00
   8          ---          ---       8.88889E-02  0.00000E+00       ---          ---       8.88889E-02  0.00000E+00
   9          ---          ---       1.28571E-01  0.00000E+00   9.00000E-02  0.00000E+00   1.09286E-01  0.00000E+00
  10          ---          ---           ---          ---           ---          ---           ---          ---
  11          ---          ---           ---          ---           ---          ---           ---          ---
  12          ---          ---           ---          ---           ---          ---           ---          ---
  13          ---          ---           ---          ---           ---          ---           ---          ---
  14          ---          ---           ---          ---           ---          ---           ---          ---
  15          ---          ---           ---          ---           ---          ---           ---          ---
  16          ---          ---           ---          ---           ---          ---           ---          ---
  17          ---          ---           ---          ---           ---          ---           ---          ---
  18          ---          ---           ---          ---           ---          ---           ---          ---
  19          ---          ---           ---          ---           ---          ---           ---          ---
  20          ---          ---           ---          ---           ---          ---           ---          ---
  21          ---          ---           ---          ---           ---          ---           ---          ---
  22          ---          ---           ---          ---           ---          ---           ---          ---
  23          ---          ---           ---          ---           ---          ---           ---          ---
  24          ---          ---           ---          ---           ---          ---           ---          ---
  25          ---          ---           ---          ---           ---          ---           ---          ---
  26          ---          ---           ---          ---           ---          ---           ---          ---
  27          ---          ---           ---          ---           ---          ---           ---          ---
  28          ---          ---           ---          ---           ---          ---           ---          ---
  29          ---          ---           ---          ---           ---          ---           ---          ---
  30          ---          ---           ---          ---           ---          ---           ---          ---
  31          ---          ---           ---          ---           ---          ---           ---          ---
  32          ---          ---           ---          ---           ---          ---           ---          ---
  33          ---          ---           ---          ---           ---          ---           ---          ---
  34          ---          ---           ---          ---           ---          ---           ---          ---
  35          ---          ---           ---          ---           ---          ---           ---          ---
  36          ---          ---           ---          ---           ---          ---           ---          ---
  37          ---          ---           ---          ---           ---          ---           ---          ---
  38          ---          ---           ---          ---           ---          ---           ---          ---
  39          ---          ---           ---          ---           ---          ---           ---          ---
  40          ---          ---           ---          ---           ---          ---           ---          ---
  41          ---          ---           ---          ---           ---          ---           ---          ---
  42          ---          ---           ---          ---           ---          ---           ---          ---
  43          ---          ---           ---          ---           ---          ---           ---          ---
  44          ---          ---           ---          ---           ---          ---           ---          ---
  45          ---          ---           ---          ---           ---          ---           ---          ---
  46          ---          ---           ---          ---           ---          ---           ---          ---
  47          ---          ---           ---          ---           ---          ---           ---          ---
  48          ---          ---           ---          ---           ---          ---           ---          ---
  49          ---          ---           ---          ---           ---          ---           ---          ---
  50          ---          ---           ---          ---           ---          ---           ---          ---
Average   2.37601E-01  0.00000E+00   3.60863E-01  0.00000E+00   4.23782E-01  0.00000E+00   3.99954E-01  0.00000E+00
-------------------------------------------------------------------------------------------------------------------
NOTE: Lesion density computed as the number of lesions per cluster divided by twice the cluster length.

TABLE 6. Cluster composition (% Sb per cluster)
===================================================================================================================
Number of --------- DSB ----------   --------- SSB ----------   -------- OTHER ---------   ----- ALL CLUSTERS -----
 lesions    Average        SEM         Average        SEM         Average        SEM         Average        SEM    
===================================================================================================================
   1          ---          ---       1.00000E+02  0.00000E+00   0.00000E+00  0.00000E+00   2.64733E+01  0.00000E+00
   2      1.00000E+02  0.00000E+00   5.46667E+01  0.00000E+00   0.00000E+00  0.00000E+00   2.51289E+01  0.00000E+00
   3      7.77778E+01  0.00000E+00   3.76344E+01  0.00000E+00   0.00000E+00  0.00000E+00   2.18477E+01  0.00000E+00
   4      6.25000E+01  0.00000E+00   3.16964E+01  0.00000E+00   0.00000E+00  0.00000E+00   2.42021E+01  0.00000E+00
   5      5.33333E+01  0.00000E+00   2.80000E+01  0.00000E+00   0.00000E+00  0.00000E+00   2.40000E+01  0.00000E+00
   6      5.00000E+01  0.00000E+00   3.14815E+01  0.00000E+00   0.00000E+00  0.00000E+00   2.84314E+01  0.00000E+00
   7          ---          ---       2.14286E+01  0.00000E+00   0.00000E+00  0.00000E+00   1.42857E+01  0.00000E+00
   8          ---          ---       1.25000E+01  0.00000E+00       ---          ---       1.25000E+01  0.00000E+00
   9          ---          ---       3.33333E+01  0.00000E+00   0.00000E+00  0.00000E+00   1.66667E+01  0.00000E+00
  10          ---          ---           ---          ---           ---          ---           ---          ---
  11          ---          ---           ---          ---           ---          ---           ---          ---
  12          ---          ---           ---          ---           ---          ---           ---          ---
  13          ---          ---           ---          ---           ---          ---           ---          ---
  14          ---          ---           ---          ---           ---          ---           ---          ---
  15          ---          ---           ---          ---           ---          ---           ---          ---
  16          ---          ---           ---          ---           ---          ---           ---          ---
  17          ---          ---           ---          ---           ---          ---           ---          ---
  18          ---          ---           ---          ---           ---          ---           ---          ---
  19          ---          ---           ---          ---           ---          ---           ---          ---
  20          ---          ---           ---          ---           ---          ---           ---          ---
  21          ---          ---           ---          ---           ---          ---           ---          ---
  22          ---          ---           ---          ---           ---          ---           ---          ---
  23          ---          ---           ---          ---           ---          ---           ---          ---
  24          ---          ---           ---          ---           ---          ---           ---          ---
  25          ---          ---           ---          ---           ---          ---           ---          ---
  26          ---          ---           ---          ---           ---          ---           ---          ---
  27          ---          ---           ---          ---           ---          ---           ---          ---
  28          ---          ---           ---          ---           ---          ---           ---          ---
  29          ---          ---           ---          ---           ---          ---           ---          ---
  30          ---          ---           ---          ---           ---          ---           ---          ---
  31          ---          ---           ---          ---           ---          ---           ---          ---
  32          ---          ---           ---          ---           ---          ---           ---          ---
  33          ---          ---           ---          ---           ---          ---           ---          ---
  34          ---          ---           ---          ---           ---          ---           ---          ---
  35          ---          ---           ---          ---           ---          ---           ---          ---
  36          ---          ---           ---          ---           ---          ---           ---          ---
  37          ---          ---           ---          ---           ---          ---           ---          ---
  38          ---          ---           ---          ---           ---          ---           ---          ---
  39          ---          ---           ---          ---           ---          ---           ---          ---
  40          ---          ---           ---          ---           ---          ---           ---          ---
  41          ---          ---           ---          ---           ---          ---           ---          ---
  42          ---          ---           ---          ---           ---          ---           ---          ---
  43          ---          ---           ---          ---           ---          ---           ---          ---
  44          ---          ---           ---          ---           ---          ---           ---          ---
  45          ---          ---           ---          ---           ---          ---           ---          ---
  46          ---          ---           ---          ---           ---          ---           ---          ---
  47          ---          ---           ---          ---           ---          ---           ---          ---
  48          ---          ---           ---          ---           ---          ---           ---          ---
  49          ---          ---           ---          ---           ---          ---           ---          ---
  50          ---          ---           ---          ---           ---          ---           ---          ---
Average   8.40437E+01  0.00000E+00   7.43909E+01  0.00000E+00   0.00000E+00  0.00000E+00   2.56809E+01  0.00000E+00
-------------------------------------------------------------------------------------------------------------------
NOTES: (% Sb) is the percentage of lesions that are strand breaks. The number of Sb is [(% Sb)/100]*(# lesions).
The number of Bd is (1-(% Sb)/100)*(# lesions).
