===============================
MCDS Version 3.10A  05-DEC-2011
===============================
      0.013     running time (min)
  987654321     random number seed
          1     number of cells (nocs)
 0.0000E+00     water-equivalent material (WEM) thickness (mg/cm^2)
 1.0000E+00     Desired dose to the cell nucleus (Gy)
 6.0000E+00     DNA content (Gbp)

TARGET (cell) DEFINITION (4V/S = mean chord length)
========================================================
            DIAMETER     4V/S      Volume      Mass
               (um)      (um)      (um^3)      (ng)
--------------------------------------------------------
DNA            ---        ---     6.123E+00  6.123E-03
NUCLEUS     5.000E+00  3.333E+00  6.545E+01  6.545E-02
CYTOPLASM      ---        ---     -6.545E+01  -6.545E-02
CELL        0.000E+00  0.000E+00  0.000E+00  0.000E+00
========================================================
NOTE: In human DNA, 1 Gbp=0.979 ng (not including bound
H2O).  DNA volume computed using a density of 1 g/cm^3.

WARNING: volume of nucleus larger than the volume of the cell!

INCIDENT PARTICLE: 12C (mass = 1.20000E+01 u = 1.11749E+04 MeV/c^2)
  1.40000E+02 MeV >= 1.00000E-06 MeV
  1.16667E+01 MeV/A >= 8.33333E-08 MeV/A)
  1.77442E+03 MeV (p*c = momentum x speed of light)
  6.98820E-04 pm (de Broglie wavelength)
  1.01253E+00 = T/m0c2+1 (Lorentz factor) >= 1
  5.98416E+00 ABS(effective charge); Barkas 1963
  1.56822E-01 beta = (v/c) <= 1
  1.45610E+03 (zeff/beta)^2 <= 2.000E+05
  1.42401E+02 keV/um (total stopping power in H2O)
  1.42317E+02 keV/um ( 99.941% electronic)
  8.41539E-02 keV/um (  0.059% nuclear)
  5.71805E-02 CSDA range of particle (cm) in H2O

PARTICLE TRANSPORT - Beam of radiation incident on bottom of cell culture dish
(WEM=0.00 um, cell=0.00 um, nucleus=5.00 um; total distance traveled to
reach nucleus=-2.500 um of H2O).
==============================================================================
                                  ------- Cell --------  ------- Nucleus -----
                       Incident      Entry      Exit       Entry       Exit
==============================================================================
         KE (MeV)   1.4000E+02  1.4000E+02  1.4000E+02  1.4000E+02  1.3964E+02
    (Zeff/beta)^2   1.4561E+03  1.4561E+03  1.4561E+03  1.4561E+03  1.4597E+03
     LET (keV/um)   1.4240E+02  1.4240E+02  1.4240E+02  1.4240E+02  1.4269E+02
  Res. Range (um)   5.7181E+02  5.7181E+02  5.7181E+02  5.7181E+02  5.6931E+02
 DPUF1 (nGy-cm^2)   2.2813E+02  2.2813E+02  2.2813E+02  2.2813E+02  2.2859E+02
 DPUF2 (nGy-cm^2)      ---      NaN     ---      2.2847E+02     ---
       Edep (keV)      ---      NaN     ---      4.7539E+02     ---
      YF (keV/um)      ---      NaN     ---      1.4262E+02     ---
          ZF (Gy)      ---      NaN     ---      1.1636E+00     ---
==============================================================================
LET=(Stot-Srad); absorbed dose per unit fluence (DPUF1) = 1.602*LET/rho
Avg. absorbed dose within target (i.e., DPUF2) = 2.5*pi*d*d*zf
Edep = 0.1602*ZF*PI*d*d*d/6; yf = edep/lbar = 0.25*edep*{area}/{volume}

DAMAGE FORMATION AND CLUSTERING (normoxic conditions)
      44712     segment length, nseg (bp per cell per Gy)
       1300     number of strand breaks, sigSb (per cell per Gy)
       3900     number of base damages,  sigBd (per cell per Gy)
        3.0     base damage to strand break ratio, f
          9     minimum distance between clusters, Nmin (bp)
         10     maximum distance between two Sb to compose a DSB, Ndsb (bp)
        0.0     fraction Bl/Bd

OXYGEN SIMULATION (M0=1.740, K=0.3372, q=946.10, r=2.15)
  1.0000E+02 % O2 concentration (=760.00 mmHg)
  7.0194E-04 chemical repair probability (pcr)
  9.9930E-01 O2 fixation probability (1-pcr)
  1.0007E+00 Approx. HRF for SSB induction [=1/(1-pcr)]
  1.0014E+00 Approx. HRF for DSB induction [1/(1-pcr)]^2

DMSO SIMULATION
  5.0000E-01 fraction of non-scavengeable DNA damage (fnsd)
  5.0000E-01 concentration (mol dm^-3) at half-level (chmx)
  0.0000E+00 DMSO concentration (mol dm^-3)

TABLE 1. Percent (%) cluster yields by complexity, as classified using the scheme of Nikjoo et al. (IJRB 71, 
467-483 1997 and and Radiat. Res. 156, 577-583 2001).
===================================================================================================================
    48.131     BD    - one or more Bd (no Sb)
    35.631     SSB   - Sb (no auxilary damage)
     7.535     SSB+  - two Sb on the same strand
     2.453     2SSB  - two or more Sb on opposite strands separated by at least 10 bp
     3.213     DSB   - two Sb on opposite strands with a separation <= 10 bp
     1.986     DSB+  - DSB accompanied by one (or more) additional Sb within 10 bp separation
     1.051     DSB++ - more than one DSB whether within the 10 bp separation or further apart
    21.895     SSBc  - fraction of complex damage (SSB+ and 2SSB) among SSBs
    78.361     SSBcb - fraction of complex damage (SSB+ and 2SSB) among SSBs; base damage included
    48.598     DSBc  - fraction of complex damage (DSB+ and DSB++) among DSBs
    84.112     DSBcb - fraction of complex damage (DSB+ and DSB++) among DSBs; base damage included
===================================================================================================================

TABLE 2. Number of clusters per cell (DNA=6.000 Gbp, AD=1.000 Gy).
===================================================================================================================
Number of --------- DSB ----------   --------- SSB ----------   -------- OTHER ---------   ----- ALL CLUSTERS -----
 lesions    Average        SEM         Average        SEM         Average        SEM         Average        SEM    
===================================================================================================================
   1          ---          ---       1.69000E+02  0.00000E+00   3.99000E+02  0.00000E+00   5.68000E+02  0.00000E+00
   2      1.70000E+01  0.00000E+00   1.49000E+02  0.00000E+00   1.96000E+02  0.00000E+00   3.62000E+02  0.00000E+00
   3      1.20000E+01  0.00000E+00   1.45000E+02  0.00000E+00   1.16000E+02  0.00000E+00   2.73000E+02  0.00000E+00
   4      1.60000E+01  0.00000E+00   1.00000E+02  0.00000E+00   5.90000E+01  0.00000E+00   1.75000E+02  0.00000E+00
   5      1.20000E+01  0.00000E+00   5.70000E+01  0.00000E+00   2.50000E+01  0.00000E+00   9.40000E+01  0.00000E+00
   6      1.20000E+01  0.00000E+00   5.90000E+01  0.00000E+00   1.40000E+01  0.00000E+00   8.50000E+01  0.00000E+00
   7      1.00000E+01  0.00000E+00   4.00000E+01  0.00000E+00   3.00000E+00  0.00000E+00   5.30000E+01  0.00000E+00
   8      9.00000E+00  0.00000E+00   2.50000E+01  0.00000E+00   6.00000E+00  0.00000E+00   4.00000E+01  0.00000E+00
   9      5.00000E+00  0.00000E+00   1.40000E+01  0.00000E+00   2.00000E+00  0.00000E+00   2.10000E+01  0.00000E+00
  10      3.00000E+00  0.00000E+00   3.00000E+00  0.00000E+00   1.00000E+00  0.00000E+00   7.00000E+00  0.00000E+00
  11      5.00000E+00  0.00000E+00   5.00000E+00  0.00000E+00   2.00000E+00  0.00000E+00   1.20000E+01  0.00000E+00
  12      2.00000E+00  0.00000E+00   4.00000E+00  0.00000E+00       ---          ---       6.00000E+00  0.00000E+00
  13      2.00000E+00  0.00000E+00   2.00000E+00  0.00000E+00       ---          ---       4.00000E+00  0.00000E+00
  14          ---          ---       1.00000E+00  0.00000E+00   1.00000E+00  0.00000E+00   2.00000E+00  0.00000E+00
  15          ---          ---       4.00000E+00  0.00000E+00       ---          ---       4.00000E+00  0.00000E+00
  16          ---          ---       1.00000E+00  0.00000E+00       ---          ---       1.00000E+00  0.00000E+00
  17          ---          ---       1.00000E+00  0.00000E+00       ---          ---       1.00000E+00  0.00000E+00
  18          ---          ---           ---          ---           ---          ---           ---          ---
  19      2.00000E+00  0.00000E+00       ---          ---           ---          ---       2.00000E+00  0.00000E+00
  20          ---          ---       2.00000E+00  0.00000E+00       ---          ---       2.00000E+00  0.00000E+00
  21          ---          ---           ---          ---           ---          ---           ---          ---
  22          ---          ---           ---          ---           ---          ---           ---          ---
  23          ---          ---           ---          ---           ---          ---           ---          ---
  24          ---          ---           ---          ---           ---          ---           ---          ---
  25          ---          ---           ---          ---           ---          ---           ---          ---
  26          ---          ---           ---          ---           ---          ---           ---          ---
  27          ---          ---           ---          ---           ---          ---           ---          ---
  28          ---          ---           ---          ---           ---          ---           ---          ---
  29          ---          ---           ---          ---           ---          ---           ---          ---
  30          ---          ---           ---          ---           ---          ---           ---          ---
  31          ---          ---           ---          ---           ---          ---           ---          ---
  32          ---          ---           ---          ---           ---          ---           ---          ---
  33          ---          ---           ---          ---           ---          ---           ---          ---
  34          ---          ---           ---          ---           ---          ---           ---          ---
  35          ---          ---           ---          ---           ---          ---           ---          ---
  36          ---          ---           ---          ---           ---          ---           ---          ---
  37          ---          ---           ---          ---           ---          ---           ---          ---
  38          ---          ---           ---          ---           ---          ---           ---          ---
  39          ---          ---           ---          ---           ---          ---           ---          ---
  40          ---          ---           ---          ---           ---          ---           ---          ---
  41          ---          ---           ---          ---           ---          ---           ---          ---
  42          ---          ---           ---          ---           ---          ---           ---          ---
  43          ---          ---           ---          ---           ---          ---           ---          ---
  44          ---          ---           ---          ---           ---          ---           ---          ---
  45          ---          ---           ---          ---           ---          ---           ---          ---
  46          ---          ---           ---          ---           ---          ---           ---          ---
  47          ---          ---           ---          ---           ---          ---           ---          ---
  48          ---          ---           ---          ---           ---          ---           ---          ---
  49          ---          ---           ---          ---           ---          ---           ---          ---
  50          ---          ---           ---          ---           ---          ---           ---          ---
 Total    1.07000E+02  0.00000E+00   7.81000E+02  0.00000E+00   8.24000E+02  0.00000E+00   1.71200E+03  0.00000E+00
-------------------------------------------------------------------------------------------------------------------
NOTE: The category "OTHER" includes all classes of individual and clustered DNA lesion, except for SSB and DSB.
SEM = standard error of the mean.

TABLE 3. Number of clusters per cell per track (DNA=6.000 Gbp, ZF=1.16360 Gy).
===================================================================================================================
Number of --------- DSB ----------   --------- SSB ----------   -------- OTHER ---------   ----- ALL CLUSTERS -----
 lesions    Average        SEM         Average        SEM         Average        SEM         Average        SEM    
===================================================================================================================
   1          ---          ---       1.96648E+02  0.00000E+00   4.64276E+02  0.00000E+00   6.60925E+02  0.00000E+00
   2      1.97812E+01  0.00000E+00   1.73376E+02  0.00000E+00   2.28066E+02  0.00000E+00   4.21223E+02  0.00000E+00
   3      1.39632E+01  0.00000E+00   1.68722E+02  0.00000E+00   1.34978E+02  0.00000E+00   3.17663E+02  0.00000E+00
   4      1.86176E+01  0.00000E+00   1.16360E+02  0.00000E+00   6.86524E+01  0.00000E+00   2.03630E+02  0.00000E+00
   5      1.39632E+01  0.00000E+00   6.63252E+01  0.00000E+00   2.90900E+01  0.00000E+00   1.09378E+02  0.00000E+00
   6      1.39632E+01  0.00000E+00   6.86524E+01  0.00000E+00   1.62904E+01  0.00000E+00   9.89060E+01  0.00000E+00
   7      1.16360E+01  0.00000E+00   4.65440E+01  0.00000E+00   3.49080E+00  0.00000E+00   6.16708E+01  0.00000E+00
   8      1.04724E+01  0.00000E+00   2.90900E+01  0.00000E+00   6.98160E+00  0.00000E+00   4.65440E+01  0.00000E+00
   9      5.81800E+00  0.00000E+00   1.62904E+01  0.00000E+00   2.32720E+00  0.00000E+00   2.44356E+01  0.00000E+00
  10      3.49080E+00  0.00000E+00   3.49080E+00  0.00000E+00   1.16360E+00  0.00000E+00   8.14520E+00  0.00000E+00
  11      5.81800E+00  0.00000E+00   5.81800E+00  0.00000E+00   2.32720E+00  0.00000E+00   1.39632E+01  0.00000E+00
  12      2.32720E+00  0.00000E+00   4.65440E+00  0.00000E+00       ---          ---       6.98160E+00  0.00000E+00
  13      2.32720E+00  0.00000E+00   2.32720E+00  0.00000E+00       ---          ---       4.65440E+00  0.00000E+00
  14          ---          ---       1.16360E+00  0.00000E+00   1.16360E+00  0.00000E+00   2.32720E+00  0.00000E+00
  15          ---          ---       4.65440E+00  0.00000E+00       ---          ---       4.65440E+00  0.00000E+00
  16          ---          ---       1.16360E+00  0.00000E+00       ---          ---       1.16360E+00  0.00000E+00
  17          ---          ---       1.16360E+00  0.00000E+00       ---          ---       1.16360E+00  0.00000E+00
  18          ---          ---           ---          ---           ---          ---           ---          ---
  19      2.32720E+00  0.00000E+00       ---          ---           ---          ---       2.32720E+00  0.00000E+00
  20          ---          ---       2.32720E+00  0.00000E+00       ---          ---       2.32720E+00  0.00000E+00
  21          ---          ---           ---          ---           ---          ---           ---          ---
  22          ---          ---           ---          ---           ---          ---           ---          ---
  23          ---          ---           ---          ---           ---          ---           ---          ---
  24          ---          ---           ---          ---           ---          ---           ---          ---
  25          ---          ---           ---          ---           ---          ---           ---          ---
  26          ---          ---           ---          ---           ---          ---           ---          ---
  27          ---          ---           ---          ---           ---          ---           ---          ---
  28          ---          ---           ---          ---           ---          ---           ---          ---
  29          ---          ---           ---          ---           ---          ---           ---          ---
  30          ---          ---           ---          ---           ---          ---           ---          ---
  31          ---          ---           ---          ---           ---          ---           ---          ---
  32          ---          ---           ---          ---           ---          ---           ---          ---
  33          ---          ---           ---          ---           ---          ---           ---          ---
  34          ---          ---           ---          ---           ---          ---           ---          ---
  35          ---          ---           ---          ---           ---          ---           ---          ---
  36          ---          ---           ---          ---           ---          ---           ---          ---
  37          ---          ---           ---          ---           ---          ---           ---          ---
  38          ---          ---           ---          ---           ---          ---           ---          ---
  39          ---          ---           ---          ---           ---          ---           ---          ---
  40          ---          ---           ---          ---           ---          ---           ---          ---
  41          ---          ---           ---          ---           ---          ---           ---          ---
  42          ---          ---           ---          ---           ---          ---           ---          ---
  43          ---          ---           ---          ---           ---          ---           ---          ---
  44          ---          ---           ---          ---           ---          ---           ---          ---
  45          ---          ---           ---          ---           ---          ---           ---          ---
  46          ---          ---           ---          ---           ---          ---           ---          ---
  47          ---          ---           ---          ---           ---          ---           ---          ---
  48          ---          ---           ---          ---           ---          ---           ---          ---
  49          ---          ---           ---          ---           ---          ---           ---          ---
  50          ---          ---           ---          ---           ---          ---           ---          ---
 Total    1.24505E+02  0.00000E+00   9.08772E+02  0.00000E+00   9.58807E+02  0.00000E+00   1.99208E+03  0.00000E+00
-------------------------------------------------------------------------------------------------------------------

TABLE 4. Cluster Length (in base pair)
===================================================================================================================
Number of --------- DSB ----------   --------- SSB ----------   -------- OTHER ---------   ----- ALL CLUSTERS -----
 lesions    Average        SEM         Average        SEM         Average        SEM         Average        SEM    
===================================================================================================================
   1          ---          ---       1.00000E+00  0.00000E+00   1.00000E+00  0.00000E+00   1.00000E+00  0.00000E+00
   2      5.17647E+00  0.00000E+00   5.21477E+00  0.00000E+00   4.96939E+00  0.00000E+00   5.08011E+00  0.00000E+00
   3      1.01667E+01  0.00000E+00   9.26207E+00  0.00000E+00   9.04310E+00  0.00000E+00   9.20879E+00  0.00000E+00
   4      1.15625E+01  0.00000E+00   1.31600E+01  0.00000E+00   1.29831E+01  0.00000E+00   1.29543E+01  0.00000E+00
   5      1.84167E+01  0.00000E+00   1.58947E+01  0.00000E+00   1.73200E+01  0.00000E+00   1.65957E+01  0.00000E+00
   6      2.40833E+01  0.00000E+00   2.20000E+01  0.00000E+00   2.17143E+01  0.00000E+00   2.22471E+01  0.00000E+00
   7      2.22000E+01  0.00000E+00   2.55750E+01  0.00000E+00   2.60000E+01  0.00000E+00   2.49623E+01  0.00000E+00
   8      2.55556E+01  0.00000E+00   3.10400E+01  0.00000E+00   2.66667E+01  0.00000E+00   2.91500E+01  0.00000E+00
   9      3.42000E+01  0.00000E+00   3.60000E+01  0.00000E+00   4.30000E+01  0.00000E+00   3.62381E+01  0.00000E+00
  10      3.30000E+01  0.00000E+00   3.30000E+01  0.00000E+00   5.10000E+01  0.00000E+00   3.55714E+01  0.00000E+00
  11      4.12000E+01  0.00000E+00   4.18000E+01  0.00000E+00   4.25000E+01  0.00000E+00   4.16667E+01  0.00000E+00
  12      4.90000E+01  0.00000E+00   5.22500E+01  0.00000E+00       ---          ---       5.11667E+01  0.00000E+00
  13      6.15000E+01  0.00000E+00   4.70000E+01  0.00000E+00       ---          ---       5.42500E+01  0.00000E+00
  14          ---          ---       5.40000E+01  0.00000E+00   5.10000E+01  0.00000E+00   5.25000E+01  0.00000E+00
  15          ---          ---       6.50000E+01  0.00000E+00       ---          ---       6.50000E+01  0.00000E+00
  16          ---          ---       7.90000E+01  0.00000E+00       ---          ---       7.90000E+01  0.00000E+00
  17          ---          ---       5.30000E+01  0.00000E+00       ---          ---       5.30000E+01  0.00000E+00
  18          ---          ---           ---          ---           ---          ---           ---          ---
  19      7.15000E+01  0.00000E+00       ---          ---           ---          ---       7.15000E+01  0.00000E+00
  20          ---          ---       7.10000E+01  0.00000E+00       ---          ---       7.10000E+01  0.00000E+00
  21          ---          ---           ---          ---           ---          ---           ---          ---
  22          ---          ---           ---          ---           ---          ---           ---          ---
  23          ---          ---           ---          ---           ---          ---           ---          ---
  24          ---          ---           ---          ---           ---          ---           ---          ---
  25          ---          ---           ---          ---           ---          ---           ---          ---
  26          ---          ---           ---          ---           ---          ---           ---          ---
  27          ---          ---           ---          ---           ---          ---           ---          ---
  28          ---          ---           ---          ---           ---          ---           ---          ---
  29          ---          ---           ---          ---           ---          ---           ---          ---
  30          ---          ---           ---          ---           ---          ---           ---          ---
  31          ---          ---           ---          ---           ---          ---           ---          ---
  32          ---          ---           ---          ---           ---          ---           ---          ---
  33          ---          ---           ---          ---           ---          ---           ---          ---
  34          ---          ---           ---          ---           ---          ---           ---          ---
  35          ---          ---           ---          ---           ---          ---           ---          ---
  36          ---          ---           ---          ---           ---          ---           ---          ---
  37          ---          ---           ---          ---           ---          ---           ---          ---
  38          ---          ---           ---          ---           ---          ---           ---          ---
  39          ---          ---           ---          ---           ---          ---           ---          ---
  40          ---          ---           ---          ---           ---          ---           ---          ---
  41          ---          ---           ---          ---           ---          ---           ---          ---
  42          ---          ---           ---          ---           ---          ---           ---          ---
  43          ---          ---           ---          ---           ---          ---           ---          ---
  44          ---          ---           ---          ---           ---          ---           ---          ---
  45          ---          ---           ---          ---           ---          ---           ---          ---
  46          ---          ---           ---          ---           ---          ---           ---          ---
  47          ---          ---           ---          ---           ---          ---           ---          ---
  48          ---          ---           ---          ---           ---          ---           ---          ---
  49          ---          ---           ---          ---           ---          ---           ---          ---
  50          ---          ---           ---          ---           ---          ---           ---          ---
Average   2.05327E+01  0.00000E+00   1.19219E+01  0.00000E+00   5.38350E+00  0.00000E+00   9.31308E+00  0.00000E+00
-------------------------------------------------------------------------------------------------------------------

TABLE 5. Density of lesions forming a cluster (in units of lesions per nucleotide).
===================================================================================================================
Number of --------- DSB ----------   --------- SSB ----------   -------- OTHER ---------   ----- ALL CLUSTERS -----
 lesions    Average        SEM         Average        SEM         Average        SEM         Average        SEM    
===================================================================================================================
   1          ---          ---       5.00000E-01  0.00000E+00   5.00000E-01  0.00000E+00   5.00000E-01  0.00000E+00
   2      2.78081E-01  0.00000E+00   2.57766E-01  0.00000E+00   2.99546E-01  0.00000E+00   2.81342E-01  0.00000E+00
   3      2.08323E-01  0.00000E+00   1.99396E-01  0.00000E+00   2.17952E-01  0.00000E+00   2.07673E-01  0.00000E+00
   4      1.93936E-01  0.00000E+00   1.79313E-01  0.00000E+00   1.77243E-01  0.00000E+00   1.79952E-01  0.00000E+00
   5      1.37587E-01  0.00000E+00   1.83800E-01  0.00000E+00   1.53329E-01  0.00000E+00   1.69796E-01  0.00000E+00
   6      1.30895E-01  0.00000E+00   1.53702E-01  0.00000E+00   1.49091E-01  0.00000E+00   1.49723E-01  0.00000E+00
   7      1.80659E-01  0.00000E+00   1.51926E-01  0.00000E+00   1.51871E-01  0.00000E+00   1.57345E-01  0.00000E+00
   8      1.73420E-01  0.00000E+00   1.32016E-01  0.00000E+00   1.53739E-01  0.00000E+00   1.44590E-01  0.00000E+00
   9      1.38317E-01  0.00000E+00   1.34257E-01  0.00000E+00   1.04651E-01  0.00000E+00   1.32404E-01  0.00000E+00
  10      1.59190E-01  0.00000E+00   1.56757E-01  0.00000E+00   9.80392E-02  0.00000E+00   1.49411E-01  0.00000E+00
  11      1.38614E-01  0.00000E+00   1.32306E-01  0.00000E+00   1.36218E-01  0.00000E+00   1.35586E-01  0.00000E+00
  12      1.23737E-01  0.00000E+00   1.17637E-01  0.00000E+00       ---          ---       1.19671E-01  0.00000E+00
  13      1.05754E-01  0.00000E+00   1.41435E-01  0.00000E+00       ---          ---       1.23595E-01  0.00000E+00
  14          ---          ---       1.29630E-01  0.00000E+00   1.37255E-01  0.00000E+00   1.33442E-01  0.00000E+00
  15          ---          ---       1.19036E-01  0.00000E+00       ---          ---       1.19036E-01  0.00000E+00
  16          ---          ---       1.01266E-01  0.00000E+00       ---          ---       1.01266E-01  0.00000E+00
  17          ---          ---       1.60377E-01  0.00000E+00       ---          ---       1.60377E-01  0.00000E+00
  18          ---          ---           ---          ---           ---          ---           ---          ---
  19      1.34345E-01  0.00000E+00       ---          ---           ---          ---       1.34345E-01  0.00000E+00
  20          ---          ---       1.40873E-01  0.00000E+00       ---          ---       1.40873E-01  0.00000E+00
  21          ---          ---           ---          ---           ---          ---           ---          ---
  22          ---          ---           ---          ---           ---          ---           ---          ---
  23          ---          ---           ---          ---           ---          ---           ---          ---
  24          ---          ---           ---          ---           ---          ---           ---          ---
  25          ---          ---           ---          ---           ---          ---           ---          ---
  26          ---          ---           ---          ---           ---          ---           ---          ---
  27          ---          ---           ---          ---           ---          ---           ---          ---
  28          ---          ---           ---          ---           ---          ---           ---          ---
  29          ---          ---           ---          ---           ---          ---           ---          ---
  30          ---          ---           ---          ---           ---          ---           ---          ---
  31          ---          ---           ---          ---           ---          ---           ---          ---
  32          ---          ---           ---          ---           ---          ---           ---          ---
  33          ---          ---           ---          ---           ---          ---           ---          ---
  34          ---          ---           ---          ---           ---          ---           ---          ---
  35          ---          ---           ---          ---           ---          ---           ---          ---
  36          ---          ---           ---          ---           ---          ---           ---          ---
  37          ---          ---           ---          ---           ---          ---           ---          ---
  38          ---          ---           ---          ---           ---          ---           ---          ---
  39          ---          ---           ---          ---           ---          ---           ---          ---
  40          ---          ---           ---          ---           ---          ---           ---          ---
  41          ---          ---           ---          ---           ---          ---           ---          ---
  42          ---          ---           ---          ---           ---          ---           ---          ---
  43          ---          ---           ---          ---           ---          ---           ---          ---
  44          ---          ---           ---          ---           ---          ---           ---          ---
  45          ---          ---           ---          ---           ---          ---           ---          ---
  46          ---          ---           ---          ---           ---          ---           ---          ---
  47          ---          ---           ---          ---           ---          ---           ---          ---
  48          ---          ---           ---          ---           ---          ---           ---          ---
  49          ---          ---           ---          ---           ---          ---           ---          ---
  50          ---          ---           ---          ---           ---          ---           ---          ---
Average   1.82330E-01  0.00000E+00   2.60675E-01  0.00000E+00   3.66464E-01  0.00000E+00   3.06696E-01  0.00000E+00
-------------------------------------------------------------------------------------------------------------------
NOTE: Lesion density computed as the number of lesions per cluster divided by twice the cluster length.

TABLE 6. Cluster composition (% Sb per cluster)
===================================================================================================================
Number of --------- DSB ----------   --------- SSB ----------   -------- OTHER ---------   ----- ALL CLUSTERS -----
 lesions    Average        SEM         Average        SEM         Average        SEM         Average        SEM    
===================================================================================================================
   1          ---          ---       1.00000E+02  0.00000E+00   0.00000E+00  0.00000E+00   2.97535E+01  0.00000E+00
   2      1.00000E+02  0.00000E+00   5.57047E+01  0.00000E+00   0.00000E+00  0.00000E+00   2.76243E+01  0.00000E+00
   3      7.77778E+01  0.00000E+00   4.00000E+01  0.00000E+00   0.00000E+00  0.00000E+00   2.46642E+01  0.00000E+00
   4      5.78125E+01  0.00000E+00   3.17500E+01  0.00000E+00   0.00000E+00  0.00000E+00   2.34286E+01  0.00000E+00
   5      4.83333E+01  0.00000E+00   2.70175E+01  0.00000E+00   0.00000E+00  0.00000E+00   2.25532E+01  0.00000E+00
   6      3.88889E+01  0.00000E+00   2.51412E+01  0.00000E+00   0.00000E+00  0.00000E+00   2.29412E+01  0.00000E+00
   7      4.42857E+01  0.00000E+00   2.60714E+01  0.00000E+00   0.00000E+00  0.00000E+00   2.80323E+01  0.00000E+00
   8      4.44444E+01  0.00000E+00   2.35000E+01  0.00000E+00   0.00000E+00  0.00000E+00   2.46875E+01  0.00000E+00
   9      4.22222E+01  0.00000E+00   2.06349E+01  0.00000E+00   0.00000E+00  0.00000E+00   2.38095E+01  0.00000E+00
  10      2.33333E+01  0.00000E+00   2.00000E+01  0.00000E+00   0.00000E+00  0.00000E+00   1.85714E+01  0.00000E+00
  11      3.27273E+01  0.00000E+00   1.81818E+01  0.00000E+00   0.00000E+00  0.00000E+00   2.12121E+01  0.00000E+00
  12      4.16667E+01  0.00000E+00   2.29167E+01  0.00000E+00       ---          ---       2.91667E+01  0.00000E+00
  13      3.46154E+01  0.00000E+00   1.92308E+01  0.00000E+00       ---          ---       2.69231E+01  0.00000E+00
  14          ---          ---       2.14286E+01  0.00000E+00   0.00000E+00  0.00000E+00   1.07143E+01  0.00000E+00
  15          ---          ---       1.83333E+01  0.00000E+00       ---          ---       1.83333E+01  0.00000E+00
  16          ---          ---       1.87500E+01  0.00000E+00       ---          ---       1.87500E+01  0.00000E+00
  17          ---          ---       1.76471E+01  0.00000E+00       ---          ---       1.76471E+01  0.00000E+00
  18          ---          ---           ---          ---           ---          ---           ---          ---
  19      3.42105E+01  0.00000E+00       ---          ---           ---          ---       3.42105E+01  0.00000E+00
  20          ---          ---       1.00000E+01  0.00000E+00       ---          ---       1.00000E+01  0.00000E+00
  21          ---          ---           ---          ---           ---          ---           ---          ---
  22          ---          ---           ---          ---           ---          ---           ---          ---
  23          ---          ---           ---          ---           ---          ---           ---          ---
  24          ---          ---           ---          ---           ---          ---           ---          ---
  25          ---          ---           ---          ---           ---          ---           ---          ---
  26          ---          ---           ---          ---           ---          ---           ---          ---
  27          ---          ---           ---          ---           ---          ---           ---          ---
  28          ---          ---           ---          ---           ---          ---           ---          ---
  29          ---          ---           ---          ---           ---          ---           ---          ---
  30          ---          ---           ---          ---           ---          ---           ---          ---
  31          ---          ---           ---          ---           ---          ---           ---          ---
  32          ---          ---           ---          ---           ---          ---           ---          ---
  33          ---          ---           ---          ---           ---          ---           ---          ---
  34          ---          ---           ---          ---           ---          ---           ---          ---
  35          ---          ---           ---          ---           ---          ---           ---          ---
  36          ---          ---           ---          ---           ---          ---           ---          ---
  37          ---          ---           ---          ---           ---          ---           ---          ---
  38          ---          ---           ---          ---           ---          ---           ---          ---
  39          ---          ---           ---          ---           ---          ---           ---          ---
  40          ---          ---           ---          ---           ---          ---           ---          ---
  41          ---          ---           ---          ---           ---          ---           ---          ---
  42          ---          ---           ---          ---           ---          ---           ---          ---
  43          ---          ---           ---          ---           ---          ---           ---          ---
  44          ---          ---           ---          ---           ---          ---           ---          ---
  45          ---          ---           ---          ---           ---          ---           ---          ---
  46          ---          ---           ---          ---           ---          ---           ---          ---
  47          ---          ---           ---          ---           ---          ---           ---          ---
  48          ---          ---           ---          ---           ---          ---           ---          ---
  49          ---          ---           ---          ---           ---          ---           ---          ---
  50          ---          ---           ---          ---           ---          ---           ---          ---
Average   5.71364E+01  0.00000E+00   5.06399E+01  0.00000E+00   0.00000E+00  0.00000E+00   2.66725E+01  0.00000E+00
-------------------------------------------------------------------------------------------------------------------
NOTES: (% Sb) is the percentage of lesions that are strand breaks. The number of Sb is [(% Sb)/100]*(# lesions).
The number of Bd is (1-(% Sb)/100)*(# lesions).
