===============================
MCDS Version 3.10A  05-DEC-2011
===============================
      0.014     running time (min)
  987654321     random number seed
          1     number of cells (nocs)
 0.0000E+00     water-equivalent material (WEM) thickness (mg/cm^2)
 1.0000E+00     Desired dose to the cell nucleus (Gy)
 6.0000E+00     DNA content (Gbp)

TARGET (cell) DEFINITION (4V/S = mean chord length)
========================================================
            DIAMETER     4V/S      Volume      Mass
               (um)      (um)      (um^3)      (ng)
--------------------------------------------------------
DNA            ---        ---     6.123E+00  6.123E-03
NUCLEUS     5.000E+00  3.333E+00  6.545E+01  6.545E-02
CYTOPLASM      ---        ---     -6.545E+01  -6.545E-02
CELL        0.000E+00  0.000E+00  0.000E+00  0.000E+00
========================================================
NOTE: In human DNA, 1 Gbp=0.979 ng (not including bound
H2O).  DNA volume computed using a density of 1 g/cm^3.

WARNING: volume of nucleus larger than the volume of the cell!

INCIDENT PARTICLE: 12C (mass = 1.20000E+01 u = 1.11749E+04 MeV/c^2)
  1.20000E+02 MeV >= 1.00000E-06 MeV
  1.00000E+01 MeV/A >= 8.33333E-08 MeV/A)
  1.64206E+03 MeV (p*c = momentum x speed of light)
  7.55148E-04 pm (de Broglie wavelength)
  1.01074E+00 = T/m0c2+1 (Lorentz factor) >= 1
  5.97557E+00 ABS(effective charge); Barkas 1963
  1.45381E-01 beta = (v/c) <= 1
  1.68943E+03 (zeff/beta)^2 <= 2.000E+05
  1.60817E+02 keV/um (total stopping power in H2O)
  1.60720E+02 keV/um ( 99.940% electronic)
  9.67265E-02 keV/um (  0.060% nuclear)
  4.39402E-02 CSDA range of particle (cm) in H2O

PARTICLE TRANSPORT - Beam of radiation incident on bottom of cell culture dish
(WEM=0.00 um, cell=0.00 um, nucleus=5.00 um; total distance traveled to
reach nucleus=-2.500 um of H2O).
==============================================================================
                                  ------- Cell --------  ------- Nucleus -----
                       Incident      Entry      Exit       Entry       Exit
==============================================================================
         KE (MeV)   1.2000E+02  1.2000E+02  1.2000E+02  1.2000E+02  1.1960E+02
    (Zeff/beta)^2   1.6894E+03  1.6894E+03  1.6894E+03  1.6894E+03  1.6949E+03
     LET (keV/um)   1.6082E+02  1.6082E+02  1.6082E+02  1.6082E+02  1.6124E+02
  Res. Range (um)   4.3940E+02  4.3940E+02  4.3940E+02  4.3940E+02  4.3690E+02
 DPUF1 (nGy-cm^2)   2.5763E+02  2.5763E+02  2.5763E+02  2.5763E+02  2.5831E+02
 DPUF2 (nGy-cm^2)      ---      NaN     ---      2.5814E+02     ---
       Edep (keV)      ---      NaN     ---      5.3712E+02     ---
      YF (keV/um)      ---      NaN     ---      1.6114E+02     ---
          ZF (Gy)      ---      NaN     ---      1.3147E+00     ---
==============================================================================
LET=(Stot-Srad); absorbed dose per unit fluence (DPUF1) = 1.602*LET/rho
Avg. absorbed dose within target (i.e., DPUF2) = 2.5*pi*d*d*zf
Edep = 0.1602*ZF*PI*d*d*d/6; yf = edep/lbar = 0.25*edep*{area}/{volume}

DAMAGE FORMATION AND CLUSTERING (normoxic conditions)
      42420     segment length, nseg (bp per cell per Gy)
       1300     number of strand breaks, sigSb (per cell per Gy)
       3900     number of base damages,  sigBd (per cell per Gy)
        3.0     base damage to strand break ratio, f
          9     minimum distance between clusters, Nmin (bp)
         10     maximum distance between two Sb to compose a DSB, Ndsb (bp)
        0.0     fraction Bl/Bd

OXYGEN SIMULATION (M0=1.740, K=0.3372, q=946.10, r=2.15)
  1.0000E+02 % O2 concentration (=760.00 mmHg)
  5.5201E-04 chemical repair probability (pcr)
  9.9945E-01 O2 fixation probability (1-pcr)
  1.0006E+00 Approx. HRF for SSB induction [=1/(1-pcr)]
  1.0011E+00 Approx. HRF for DSB induction [1/(1-pcr)]^2

DMSO SIMULATION
  5.0000E-01 fraction of non-scavengeable DNA damage (fnsd)
  5.0000E-01 concentration (mol dm^-3) at half-level (chmx)
  0.0000E+00 DMSO concentration (mol dm^-3)

TABLE 1. Percent (%) cluster yields by complexity, as classified using the scheme of Nikjoo et al. (IJRB 71, 
467-483 1997 and and Radiat. Res. 156, 577-583 2001).
===================================================================================================================
    49.302     BD    - one or more Bd (no Sb)
    33.273     SSB   - Sb (no auxilary damage)
     7.043     SSB+  - two Sb on the same strand
     2.429     2SSB  - two or more Sb on opposite strands separated by at least 10 bp
     3.461     DSB   - two Sb on opposite strands with a separation <= 10 bp
     2.429     DSB+  - DSB accompanied by one (or more) additional Sb within 10 bp separation
     2.064     DSB++ - more than one DSB whether within the 10 bp separation or further apart
    22.159     SSBc  - fraction of complex damage (SSB+ and 2SSB) among SSBs
    82.102     SSBcb - fraction of complex damage (SSB+ and 2SSB) among SSBs; base damage included
    56.489     DSBc  - fraction of complex damage (DSB+ and DSB++) among DSBs
    93.130     DSBcb - fraction of complex damage (DSB+ and DSB++) among DSBs; base damage included
===================================================================================================================

TABLE 2. Number of clusters per cell (DNA=6.000 Gbp, AD=1.000 Gy).
===================================================================================================================
Number of --------- DSB ----------   --------- SSB ----------   -------- OTHER ---------   ----- ALL CLUSTERS -----
 lesions    Average        SEM         Average        SEM         Average        SEM         Average        SEM    
===================================================================================================================
   1          ---          ---       1.26000E+02  0.00000E+00   3.72000E+02  0.00000E+00   4.98000E+02  0.00000E+00
   2      9.00000E+00  0.00000E+00   1.52000E+02  0.00000E+00   2.23000E+02  0.00000E+00   3.84000E+02  0.00000E+00
   3      1.90000E+01  0.00000E+00   1.33000E+02  0.00000E+00   1.07000E+02  0.00000E+00   2.59000E+02  0.00000E+00
   4      1.60000E+01  0.00000E+00   8.50000E+01  0.00000E+00   4.60000E+01  0.00000E+00   1.47000E+02  0.00000E+00
   5      1.20000E+01  0.00000E+00   7.30000E+01  0.00000E+00   3.60000E+01  0.00000E+00   1.21000E+02  0.00000E+00
   6      1.50000E+01  0.00000E+00   4.90000E+01  0.00000E+00   1.70000E+01  0.00000E+00   8.10000E+01  0.00000E+00
   7      1.30000E+01  0.00000E+00   1.90000E+01  0.00000E+00   5.00000E+00  0.00000E+00   3.70000E+01  0.00000E+00
   8      9.00000E+00  0.00000E+00   2.30000E+01  0.00000E+00   4.00000E+00  0.00000E+00   3.60000E+01  0.00000E+00
   9      9.00000E+00  0.00000E+00   1.40000E+01  0.00000E+00   2.00000E+00  0.00000E+00   2.50000E+01  0.00000E+00
  10      9.00000E+00  0.00000E+00   1.10000E+01  0.00000E+00       ---          ---       2.00000E+01  0.00000E+00
  11      4.00000E+00  0.00000E+00   7.00000E+00  0.00000E+00       ---          ---       1.10000E+01  0.00000E+00
  12      5.00000E+00  0.00000E+00   6.00000E+00  0.00000E+00       ---          ---       1.10000E+01  0.00000E+00
  13      5.00000E+00  0.00000E+00   2.00000E+00  0.00000E+00       ---          ---       7.00000E+00  0.00000E+00
  14      2.00000E+00  0.00000E+00   1.00000E+00  0.00000E+00       ---          ---       3.00000E+00  0.00000E+00
  15      2.00000E+00  0.00000E+00   1.00000E+00  0.00000E+00       ---          ---       3.00000E+00  0.00000E+00
  16          ---          ---           ---          ---           ---          ---           ---          ---
  17      2.00000E+00  0.00000E+00       ---          ---           ---          ---       2.00000E+00  0.00000E+00
  18          ---          ---       1.00000E+00  0.00000E+00       ---          ---       1.00000E+00  0.00000E+00
  19          ---          ---           ---          ---           ---          ---           ---          ---
  20          ---          ---       1.00000E+00  0.00000E+00       ---          ---       1.00000E+00  0.00000E+00
  21          ---          ---           ---          ---           ---          ---           ---          ---
  22          ---          ---           ---          ---           ---          ---           ---          ---
  23          ---          ---           ---          ---           ---          ---           ---          ---
  24          ---          ---           ---          ---           ---          ---           ---          ---
  25          ---          ---           ---          ---           ---          ---           ---          ---
  26          ---          ---           ---          ---           ---          ---           ---          ---
  27          ---          ---           ---          ---           ---          ---           ---          ---
  28          ---          ---           ---          ---           ---          ---           ---          ---
  29          ---          ---           ---          ---           ---          ---           ---          ---
  30          ---          ---           ---          ---           ---          ---           ---          ---
  31          ---          ---           ---          ---           ---          ---           ---          ---
  32          ---          ---           ---          ---           ---          ---           ---          ---
  33          ---          ---           ---          ---           ---          ---           ---          ---
  34          ---          ---           ---          ---           ---          ---           ---          ---
  35          ---          ---           ---          ---           ---          ---           ---          ---
  36          ---          ---           ---          ---           ---          ---           ---          ---
  37          ---          ---           ---          ---           ---          ---           ---          ---
  38          ---          ---           ---          ---           ---          ---           ---          ---
  39          ---          ---           ---          ---           ---          ---           ---          ---
  40          ---          ---           ---          ---           ---          ---           ---          ---
  41          ---          ---           ---          ---           ---          ---           ---          ---
  42          ---          ---           ---          ---           ---          ---           ---          ---
  43          ---          ---           ---          ---           ---          ---           ---          ---
  44          ---          ---           ---          ---           ---          ---           ---          ---
  45          ---          ---           ---          ---           ---          ---           ---          ---
  46          ---          ---           ---          ---           ---          ---           ---          ---
  47          ---          ---           ---          ---           ---          ---           ---          ---
  48          ---          ---           ---          ---           ---          ---           ---          ---
  49          ---          ---           ---          ---           ---          ---           ---          ---
  50          ---          ---           ---          ---           ---          ---           ---          ---
 Total    1.31000E+02  0.00000E+00   7.04000E+02  0.00000E+00   8.12000E+02  0.00000E+00   1.64700E+03  0.00000E+00
-------------------------------------------------------------------------------------------------------------------
NOTE: The category "OTHER" includes all classes of individual and clustered DNA lesion, except for SSB and DSB.
SEM = standard error of the mean.

TABLE 3. Number of clusters per cell per track (DNA=6.000 Gbp, ZF=1.31469 Gy).
===================================================================================================================
Number of --------- DSB ----------   --------- SSB ----------   -------- OTHER ---------   ----- ALL CLUSTERS -----
 lesions    Average        SEM         Average        SEM         Average        SEM         Average        SEM    
===================================================================================================================
   1          ---          ---       1.65651E+02  0.00000E+00   4.89065E+02  0.00000E+00   6.54716E+02  0.00000E+00
   2      1.18322E+01  0.00000E+00   1.99833E+02  0.00000E+00   2.93176E+02  0.00000E+00   5.04841E+02  0.00000E+00
   3      2.49791E+01  0.00000E+00   1.74854E+02  0.00000E+00   1.40672E+02  0.00000E+00   3.40505E+02  0.00000E+00
   4      2.10350E+01  0.00000E+00   1.11749E+02  0.00000E+00   6.04758E+01  0.00000E+00   1.93259E+02  0.00000E+00
   5      1.57763E+01  0.00000E+00   9.59724E+01  0.00000E+00   4.73289E+01  0.00000E+00   1.59078E+02  0.00000E+00
   6      1.97204E+01  0.00000E+00   6.44198E+01  0.00000E+00   2.23497E+01  0.00000E+00   1.06490E+02  0.00000E+00
   7      1.70910E+01  0.00000E+00   2.49791E+01  0.00000E+00   6.57345E+00  0.00000E+00   4.86435E+01  0.00000E+00
   8      1.18322E+01  0.00000E+00   3.02379E+01  0.00000E+00   5.25876E+00  0.00000E+00   4.73289E+01  0.00000E+00
   9      1.18322E+01  0.00000E+00   1.84057E+01  0.00000E+00   2.62938E+00  0.00000E+00   3.28673E+01  0.00000E+00
  10      1.18322E+01  0.00000E+00   1.44616E+01  0.00000E+00       ---          ---       2.62938E+01  0.00000E+00
  11      5.25876E+00  0.00000E+00   9.20283E+00  0.00000E+00       ---          ---       1.44616E+01  0.00000E+00
  12      6.57345E+00  0.00000E+00   7.88814E+00  0.00000E+00       ---          ---       1.44616E+01  0.00000E+00
  13      6.57345E+00  0.00000E+00   2.62938E+00  0.00000E+00       ---          ---       9.20283E+00  0.00000E+00
  14      2.62938E+00  0.00000E+00   1.31469E+00  0.00000E+00       ---          ---       3.94407E+00  0.00000E+00
  15      2.62938E+00  0.00000E+00   1.31469E+00  0.00000E+00       ---          ---       3.94407E+00  0.00000E+00
  16          ---          ---           ---          ---           ---          ---           ---          ---
  17      2.62938E+00  0.00000E+00       ---          ---           ---          ---       2.62938E+00  0.00000E+00
  18          ---          ---       1.31469E+00  0.00000E+00       ---          ---       1.31469E+00  0.00000E+00
  19          ---          ---           ---          ---           ---          ---           ---          ---
  20          ---          ---       1.31469E+00  0.00000E+00       ---          ---       1.31469E+00  0.00000E+00
  21          ---          ---           ---          ---           ---          ---           ---          ---
  22          ---          ---           ---          ---           ---          ---           ---          ---
  23          ---          ---           ---          ---           ---          ---           ---          ---
  24          ---          ---           ---          ---           ---          ---           ---          ---
  25          ---          ---           ---          ---           ---          ---           ---          ---
  26          ---          ---           ---          ---           ---          ---           ---          ---
  27          ---          ---           ---          ---           ---          ---           ---          ---
  28          ---          ---           ---          ---           ---          ---           ---          ---
  29          ---          ---           ---          ---           ---          ---           ---          ---
  30          ---          ---           ---          ---           ---          ---           ---          ---
  31          ---          ---           ---          ---           ---          ---           ---          ---
  32          ---          ---           ---          ---           ---          ---           ---          ---
  33          ---          ---           ---          ---           ---          ---           ---          ---
  34          ---          ---           ---          ---           ---          ---           ---          ---
  35          ---          ---           ---          ---           ---          ---           ---          ---
  36          ---          ---           ---          ---           ---          ---           ---          ---
  37          ---          ---           ---          ---           ---          ---           ---          ---
  38          ---          ---           ---          ---           ---          ---           ---          ---
  39          ---          ---           ---          ---           ---          ---           ---          ---
  40          ---          ---           ---          ---           ---          ---           ---          ---
  41          ---          ---           ---          ---           ---          ---           ---          ---
  42          ---          ---           ---          ---           ---          ---           ---          ---
  43          ---          ---           ---          ---           ---          ---           ---          ---
  44          ---          ---           ---          ---           ---          ---           ---          ---
  45          ---          ---           ---          ---           ---          ---           ---          ---
  46          ---          ---           ---          ---           ---          ---           ---          ---
  47          ---          ---           ---          ---           ---          ---           ---          ---
  48          ---          ---           ---          ---           ---          ---           ---          ---
  49          ---          ---           ---          ---           ---          ---           ---          ---
  50          ---          ---           ---          ---           ---          ---           ---          ---
 Total    1.72224E+02  0.00000E+00   9.25542E+02  0.00000E+00   1.06753E+03  0.00000E+00   2.16530E+03  0.00000E+00
-------------------------------------------------------------------------------------------------------------------

TABLE 4. Cluster Length (in base pair)
===================================================================================================================
Number of --------- DSB ----------   --------- SSB ----------   -------- OTHER ---------   ----- ALL CLUSTERS -----
 lesions    Average        SEM         Average        SEM         Average        SEM         Average        SEM    
===================================================================================================================
   1          ---          ---       1.00000E+00  0.00000E+00   1.00000E+00  0.00000E+00   1.00000E+00  0.00000E+00
   2      5.44444E+00  0.00000E+00   4.65789E+00  0.00000E+00   4.80717E+00  0.00000E+00   4.76302E+00  0.00000E+00
   3      8.31579E+00  0.00000E+00   9.24812E+00  0.00000E+00   9.17757E+00  0.00000E+00   9.15058E+00  0.00000E+00
   4      1.15000E+01  0.00000E+00   1.29529E+01  0.00000E+00   1.34348E+01  0.00000E+00   1.29456E+01  0.00000E+00
   5      1.71667E+01  0.00000E+00   1.63151E+01  0.00000E+00   1.70833E+01  0.00000E+00   1.66281E+01  0.00000E+00
   6      2.21333E+01  0.00000E+00   2.10612E+01  0.00000E+00   2.08235E+01  0.00000E+00   2.12099E+01  0.00000E+00
   7      2.03077E+01  0.00000E+00   2.39474E+01  0.00000E+00   2.40000E+01  0.00000E+00   2.26757E+01  0.00000E+00
   8      2.90000E+01  0.00000E+00   3.07391E+01  0.00000E+00   2.90000E+01  0.00000E+00   3.01111E+01  0.00000E+00
   9      2.96667E+01  0.00000E+00   3.60714E+01  0.00000E+00   2.65000E+01  0.00000E+00   3.30000E+01  0.00000E+00
  10      3.24444E+01  0.00000E+00   3.77273E+01  0.00000E+00       ---          ---       3.53500E+01  0.00000E+00
  11      4.47500E+01  0.00000E+00   4.08571E+01  0.00000E+00       ---          ---       4.22727E+01  0.00000E+00
  12      3.42000E+01  0.00000E+00   5.13333E+01  0.00000E+00       ---          ---       4.35455E+01  0.00000E+00
  13      4.76000E+01  0.00000E+00   4.10000E+01  0.00000E+00       ---          ---       4.57143E+01  0.00000E+00
  14      5.25000E+01  0.00000E+00   5.40000E+01  0.00000E+00       ---          ---       5.30000E+01  0.00000E+00
  15      6.15000E+01  0.00000E+00   5.50000E+01  0.00000E+00       ---          ---       5.93333E+01  0.00000E+00
  16          ---          ---           ---          ---           ---          ---           ---          ---
  17      6.25000E+01  0.00000E+00       ---          ---           ---          ---       6.25000E+01  0.00000E+00
  18          ---          ---       6.70000E+01  0.00000E+00       ---          ---       6.70000E+01  0.00000E+00
  19          ---          ---           ---          ---           ---          ---           ---          ---
  20          ---          ---       6.90000E+01  0.00000E+00       ---          ---       6.90000E+01  0.00000E+00
  21          ---          ---           ---          ---           ---          ---           ---          ---
  22          ---          ---           ---          ---           ---          ---           ---          ---
  23          ---          ---           ---          ---           ---          ---           ---          ---
  24          ---          ---           ---          ---           ---          ---           ---          ---
  25          ---          ---           ---          ---           ---          ---           ---          ---
  26          ---          ---           ---          ---           ---          ---           ---          ---
  27          ---          ---           ---          ---           ---          ---           ---          ---
  28          ---          ---           ---          ---           ---          ---           ---          ---
  29          ---          ---           ---          ---           ---          ---           ---          ---
  30          ---          ---           ---          ---           ---          ---           ---          ---
  31          ---          ---           ---          ---           ---          ---           ---          ---
  32          ---          ---           ---          ---           ---          ---           ---          ---
  33          ---          ---           ---          ---           ---          ---           ---          ---
  34          ---          ---           ---          ---           ---          ---           ---          ---
  35          ---          ---           ---          ---           ---          ---           ---          ---
  36          ---          ---           ---          ---           ---          ---           ---          ---
  37          ---          ---           ---          ---           ---          ---           ---          ---
  38          ---          ---           ---          ---           ---          ---           ---          ---
  39          ---          ---           ---          ---           ---          ---           ---          ---
  40          ---          ---           ---          ---           ---          ---           ---          ---
  41          ---          ---           ---          ---           ---          ---           ---          ---
  42          ---          ---           ---          ---           ---          ---           ---          ---
  43          ---          ---           ---          ---           ---          ---           ---          ---
  44          ---          ---           ---          ---           ---          ---           ---          ---
  45          ---          ---           ---          ---           ---          ---           ---          ---
  46          ---          ---           ---          ---           ---          ---           ---          ---
  47          ---          ---           ---          ---           ---          ---           ---          ---
  48          ---          ---           ---          ---           ---          ---           ---          ---
  49          ---          ---           ---          ---           ---          ---           ---          ---
  50          ---          ---           ---          ---           ---          ---           ---          ---
Average   2.25496E+01  0.00000E+00   1.19190E+01  0.00000E+00   5.29803E+00  0.00000E+00   9.50030E+00  0.00000E+00
-------------------------------------------------------------------------------------------------------------------

TABLE 5. Density of lesions forming a cluster (in units of lesions per nucleotide).
===================================================================================================================
Number of --------- DSB ----------   --------- SSB ----------   -------- OTHER ---------   ----- ALL CLUSTERS -----
 lesions    Average        SEM         Average        SEM         Average        SEM         Average        SEM    
===================================================================================================================
   1          ---          ---       5.00000E-01  0.00000E+00   5.00000E-01  0.00000E+00   5.00000E-01  0.00000E+00
   2      2.85317E-01  0.00000E+00   3.05289E-01  0.00000E+00   3.00746E-01  0.00000E+00   3.02183E-01  0.00000E+00
   3      2.45839E-01  0.00000E+00   2.00668E-01  0.00000E+00   2.00057E-01  0.00000E+00   2.03729E-01  0.00000E+00
   4      1.90114E-01  0.00000E+00   1.73109E-01  0.00000E+00   1.77337E-01  0.00000E+00   1.76283E-01  0.00000E+00
   5      1.53112E-01  0.00000E+00   1.68646E-01  0.00000E+00   1.71892E-01  0.00000E+00   1.68071E-01  0.00000E+00
   6      1.45205E-01  0.00000E+00   1.61757E-01  0.00000E+00   1.49508E-01  0.00000E+00   1.56121E-01  0.00000E+00
   7      1.82474E-01  0.00000E+00   1.53352E-01  0.00000E+00   1.71459E-01  0.00000E+00   1.66031E-01  0.00000E+00
   8      1.45255E-01  0.00000E+00   1.37257E-01  0.00000E+00   1.41998E-01  0.00000E+00   1.39784E-01  0.00000E+00
   9      1.61055E-01  0.00000E+00   1.26391E-01  0.00000E+00   1.94853E-01  0.00000E+00   1.44347E-01  0.00000E+00
  10      1.65242E-01  0.00000E+00   1.37875E-01  0.00000E+00       ---          ---       1.50191E-01  0.00000E+00
  11      1.23239E-01  0.00000E+00   1.37570E-01  0.00000E+00       ---          ---       1.32359E-01  0.00000E+00
  12      1.77022E-01  0.00000E+00   1.18430E-01  0.00000E+00       ---          ---       1.45063E-01  0.00000E+00
  13      1.42497E-01  0.00000E+00   1.60930E-01  0.00000E+00       ---          ---       1.47764E-01  0.00000E+00
  14      1.37847E-01  0.00000E+00   1.29630E-01  0.00000E+00       ---          ---       1.35108E-01  0.00000E+00
  15      1.22608E-01  0.00000E+00   1.36364E-01  0.00000E+00       ---          ---       1.27193E-01  0.00000E+00
  16          ---          ---           ---          ---           ---          ---           ---          ---
  17      1.40766E-01  0.00000E+00       ---          ---           ---          ---       1.40766E-01  0.00000E+00
  18          ---          ---       1.34328E-01  0.00000E+00       ---          ---       1.34328E-01  0.00000E+00
  19          ---          ---           ---          ---           ---          ---           ---          ---
  20          ---          ---       1.44928E-01  0.00000E+00       ---          ---       1.44928E-01  0.00000E+00
  21          ---          ---           ---          ---           ---          ---           ---          ---
  22          ---          ---           ---          ---           ---          ---           ---          ---
  23          ---          ---           ---          ---           ---          ---           ---          ---
  24          ---          ---           ---          ---           ---          ---           ---          ---
  25          ---          ---           ---          ---           ---          ---           ---          ---
  26          ---          ---           ---          ---           ---          ---           ---          ---
  27          ---          ---           ---          ---           ---          ---           ---          ---
  28          ---          ---           ---          ---           ---          ---           ---          ---
  29          ---          ---           ---          ---           ---          ---           ---          ---
  30          ---          ---           ---          ---           ---          ---           ---          ---
  31          ---          ---           ---          ---           ---          ---           ---          ---
  32          ---          ---           ---          ---           ---          ---           ---          ---
  33          ---          ---           ---          ---           ---          ---           ---          ---
  34          ---          ---           ---          ---           ---          ---           ---          ---
  35          ---          ---           ---          ---           ---          ---           ---          ---
  36          ---          ---           ---          ---           ---          ---           ---          ---
  37          ---          ---           ---          ---           ---          ---           ---          ---
  38          ---          ---           ---          ---           ---          ---           ---          ---
  39          ---          ---           ---          ---           ---          ---           ---          ---
  40          ---          ---           ---          ---           ---          ---           ---          ---
  41          ---          ---           ---          ---           ---          ---           ---          ---
  42          ---          ---           ---          ---           ---          ---           ---          ---
  43          ---          ---           ---          ---           ---          ---           ---          ---
  44          ---          ---           ---          ---           ---          ---           ---          ---
  45          ---          ---           ---          ---           ---          ---           ---          ---
  46          ---          ---           ---          ---           ---          ---           ---          ---
  47          ---          ---           ---          ---           ---          ---           ---          ---
  48          ---          ---           ---          ---           ---          ---           ---          ---
  49          ---          ---           ---          ---           ---          ---           ---          ---
  50          ---          ---           ---          ---           ---          ---           ---          ---
Average   1.81719E-01  0.00000E+00   2.59860E-01  0.00000E+00   3.61052E-01  0.00000E+00   3.03535E-01  0.00000E+00
-------------------------------------------------------------------------------------------------------------------
NOTE: Lesion density computed as the number of lesions per cluster divided by twice the cluster length.

TABLE 6. Cluster composition (% Sb per cluster)
===================================================================================================================
Number of --------- DSB ----------   --------- SSB ----------   -------- OTHER ---------   ----- ALL CLUSTERS -----
 lesions    Average        SEM         Average        SEM         Average        SEM         Average        SEM    
===================================================================================================================
   1          ---          ---       1.00000E+02  0.00000E+00   0.00000E+00  0.00000E+00   2.53012E+01  0.00000E+00
   2      1.00000E+02  0.00000E+00   5.42763E+01  0.00000E+00   0.00000E+00  0.00000E+00   2.38281E+01  0.00000E+00
   3      6.84211E+01  0.00000E+00   3.85965E+01  0.00000E+00   0.00000E+00  0.00000E+00   2.48391E+01  0.00000E+00
   4      6.25000E+01  0.00000E+00   3.17647E+01  0.00000E+00   0.00000E+00  0.00000E+00   2.51701E+01  0.00000E+00
   5      5.66667E+01  0.00000E+00   2.79452E+01  0.00000E+00   0.00000E+00  0.00000E+00   2.24793E+01  0.00000E+00
   6      4.88889E+01  0.00000E+00   2.65306E+01  0.00000E+00   0.00000E+00  0.00000E+00   2.51029E+01  0.00000E+00
   7      3.84615E+01  0.00000E+00   2.70677E+01  0.00000E+00   0.00000E+00  0.00000E+00   2.74131E+01  0.00000E+00
   8      4.16667E+01  0.00000E+00   2.22826E+01  0.00000E+00   0.00000E+00  0.00000E+00   2.46528E+01  0.00000E+00
   9      3.33333E+01  0.00000E+00   2.14286E+01  0.00000E+00   0.00000E+00  0.00000E+00   2.40000E+01  0.00000E+00
  10      3.77778E+01  0.00000E+00   2.00000E+01  0.00000E+00       ---          ---       2.80000E+01  0.00000E+00
  11      3.63636E+01  0.00000E+00   2.20779E+01  0.00000E+00       ---          ---       2.72727E+01  0.00000E+00
  12      4.00000E+01  0.00000E+00   2.08333E+01  0.00000E+00       ---          ---       2.95455E+01  0.00000E+00
  13      3.38462E+01  0.00000E+00   2.69231E+01  0.00000E+00       ---          ---       3.18681E+01  0.00000E+00
  14      3.57143E+01  0.00000E+00   1.42857E+01  0.00000E+00       ---          ---       2.85714E+01  0.00000E+00
  15      2.33333E+01  0.00000E+00   1.33333E+01  0.00000E+00       ---          ---       2.00000E+01  0.00000E+00
  16          ---          ---           ---          ---           ---          ---           ---          ---
  17      3.52941E+01  0.00000E+00       ---          ---           ---          ---       3.52941E+01  0.00000E+00
  18          ---          ---       1.66667E+01  0.00000E+00       ---          ---       1.66667E+01  0.00000E+00
  19          ---          ---           ---          ---           ---          ---           ---          ---
  20          ---          ---       1.00000E+01  0.00000E+00       ---          ---       1.00000E+01  0.00000E+00
  21          ---          ---           ---          ---           ---          ---           ---          ---
  22          ---          ---           ---          ---           ---          ---           ---          ---
  23          ---          ---           ---          ---           ---          ---           ---          ---
  24          ---          ---           ---          ---           ---          ---           ---          ---
  25          ---          ---           ---          ---           ---          ---           ---          ---
  26          ---          ---           ---          ---           ---          ---           ---          ---
  27          ---          ---           ---          ---           ---          ---           ---          ---
  28          ---          ---           ---          ---           ---          ---           ---          ---
  29          ---          ---           ---          ---           ---          ---           ---          ---
  30          ---          ---           ---          ---           ---          ---           ---          ---
  31          ---          ---           ---          ---           ---          ---           ---          ---
  32          ---          ---           ---          ---           ---          ---           ---          ---
  33          ---          ---           ---          ---           ---          ---           ---          ---
  34          ---          ---           ---          ---           ---          ---           ---          ---
  35          ---          ---           ---          ---           ---          ---           ---          ---
  36          ---          ---           ---          ---           ---          ---           ---          ---
  37          ---          ---           ---          ---           ---          ---           ---          ---
  38          ---          ---           ---          ---           ---          ---           ---          ---
  39          ---          ---           ---          ---           ---          ---           ---          ---
  40          ---          ---           ---          ---           ---          ---           ---          ---
  41          ---          ---           ---          ---           ---          ---           ---          ---
  42          ---          ---           ---          ---           ---          ---           ---          ---
  43          ---          ---           ---          ---           ---          ---           ---          ---
  44          ---          ---           ---          ---           ---          ---           ---          ---
  45          ---          ---           ---          ---           ---          ---           ---          ---
  46          ---          ---           ---          ---           ---          ---           ---          ---
  47          ---          ---           ---          ---           ---          ---           ---          ---
  48          ---          ---           ---          ---           ---          ---           ---          ---
  49          ---          ---           ---          ---           ---          ---           ---          ---
  50          ---          ---           ---          ---           ---          ---           ---          ---
Average   5.21504E+01  0.00000E+00   4.82355E+01  0.00000E+00   0.00000E+00  0.00000E+00   2.47659E+01  0.00000E+00
-------------------------------------------------------------------------------------------------------------------
NOTES: (% Sb) is the percentage of lesions that are strand breaks. The number of Sb is [(% Sb)/100]*(# lesions).
The number of Bd is (1-(% Sb)/100)*(# lesions).
