===============================
MCDS Version 3.10A  05-DEC-2011
===============================
      0.005     running time (min)
  987654321     random number seed
          1     number of cells (nocs)
 0.0000E+00     water-equivalent material (WEM) thickness (mg/cm^2)
 1.0000E+00     Desired dose to the cell nucleus (Gy)
 6.0000E+00     DNA content (Gbp)

TARGET (cell) DEFINITION (4V/S = mean chord length)
========================================================
            DIAMETER     4V/S      Volume      Mass
               (um)      (um)      (um^3)      (ng)
--------------------------------------------------------
DNA            ---        ---     6.123E+00  6.123E-03
NUCLEUS     5.000E+00  3.333E+00  6.545E+01  6.545E-02
CYTOPLASM      ---        ---     -6.545E+01  -6.545E-02
CELL        0.000E+00  0.000E+00  0.000E+00  0.000E+00
========================================================
NOTE: In human DNA, 1 Gbp=0.979 ng (not including bound
H2O).  DNA volume computed using a density of 1 g/cm^3.

WARNING: volume of nucleus larger than the volume of the cell!

INCIDENT PARTICLE: 12C (mass = 1.20000E+01 u = 1.11749E+04 MeV/c^2)
  5.50000E+03 MeV >= 1.00000E-06 MeV
  4.58333E+02 MeV/A >= 8.33333E-08 MeV/A)
  1.23763E+04 MeV (p*c = momentum x speed of light)
  1.00191E-04 pm (de Broglie wavelength)
  1.49218E+00 = T/m0c2+1 (Lorentz factor) >= 1
  6.00000E+00 ABS(effective charge); Barkas 1963
  7.42215E-01 beta = (v/c) <= 1
  6.53497E+01 (zeff/beta)^2 <= 2.000E+05
  1.01308E+01 keV/um (total stopping power in H2O)
  1.01284E+01 keV/um ( 99.976% electronic)
  2.45514E-03 keV/um (  0.024% nuclear)
  3.43390E+01 CSDA range of particle (cm) in H2O

PARTICLE TRANSPORT - Beam of radiation incident on bottom of cell culture dish
(WEM=0.00 um, cell=0.00 um, nucleus=5.00 um; total distance traveled to
reach nucleus=-2.500 um of H2O).
==============================================================================
                                  ------- Cell --------  ------- Nucleus -----
                       Incident      Entry      Exit       Entry       Exit
==============================================================================
         KE (MeV)   5.5000E+03  5.5000E+03  5.5000E+03  5.5000E+03  5.5000E+03
    (Zeff/beta)^2   6.5350E+01  6.5350E+01  6.5350E+01  6.5350E+01  6.5350E+01
     LET (keV/um)   1.0131E+01  1.0131E+01  1.0131E+01  1.0131E+01  1.0131E+01
  Res. Range (um)   3.4339E+05  3.4339E+05  3.4339E+05  3.4339E+05  3.4339E+05
 DPUF1 (nGy-cm^2)   1.6230E+01  1.6230E+01  1.6230E+01  1.6230E+01  1.6230E+01
 DPUF2 (nGy-cm^2)      ---      NaN     ---      1.6230E+01     ---
       Edep (keV)      ---      NaN     ---      3.3770E+01     ---
      YF (keV/um)      ---      NaN     ---      1.0131E+01     ---
          ZF (Gy)      ---      NaN     ---      8.2657E-02     ---
==============================================================================
LET=(Stot-Srad); absorbed dose per unit fluence (DPUF1) = 1.602*LET/rho
Avg. absorbed dose within target (i.e., DPUF2) = 2.5*pi*d*d*zf
Edep = 0.1602*ZF*PI*d*d*d/6; yf = edep/lbar = 0.25*edep*{area}/{volume}

DAMAGE FORMATION AND CLUSTERING (normoxic conditions)
     124896     segment length, nseg (bp per cell per Gy)
       1300     number of strand breaks, sigSb (per cell per Gy)
       3900     number of base damages,  sigBd (per cell per Gy)
        3.0     base damage to strand break ratio, f
          9     minimum distance between clusters, Nmin (bp)
         10     maximum distance between two Sb to compose a DSB, Ndsb (bp)
        0.0     fraction Bl/Bd

OXYGEN SIMULATION (M0=1.740, K=0.3372, q=946.10, r=2.15)
  1.0000E+02 % O2 concentration (=760.00 mmHg)
  2.4728E-03 chemical repair probability (pcr)
  9.9753E-01 O2 fixation probability (1-pcr)
  1.0025E+00 Approx. HRF for SSB induction [=1/(1-pcr)]
  1.0050E+00 Approx. HRF for DSB induction [1/(1-pcr)]^2

DMSO SIMULATION
  5.0000E-01 fraction of non-scavengeable DNA damage (fnsd)
  5.0000E-01 concentration (mol dm^-3) at half-level (chmx)
  0.0000E+00 DMSO concentration (mol dm^-3)

TABLE 1. Percent (%) cluster yields by complexity, as classified using the scheme of Nikjoo et al. (IJRB 71, 
467-483 1997 and and Radiat. Res. 156, 577-583 2001).
===================================================================================================================
    67.269     BD    - one or more Bd (no Sb)
    28.919     SSB   - Sb (no auxilary damage)
     1.605     SSB+  - two Sb on the same strand
     0.258     2SSB  - two or more Sb on opposite strands separated by at least 10 bp
     1.548     DSB   - two Sb on opposite strands with a separation <= 10 bp
     0.287     DSB+  - DSB accompanied by one (or more) additional Sb within 10 bp separation
     0.115     DSB++ - more than one DSB whether within the 10 bp separation or further apart
     6.052     SSBc  - fraction of complex damage (SSB+ and 2SSB) among SSBs
    46.927     SSBcb - fraction of complex damage (SSB+ and 2SSB) among SSBs; base damage included
    20.588     DSBc  - fraction of complex damage (DSB+ and DSB++) among DSBs
    58.824     DSBcb - fraction of complex damage (DSB+ and DSB++) among DSBs; base damage included
===================================================================================================================

TABLE 2. Number of clusters per cell (DNA=6.000 Gbp, AD=1.000 Gy).
===================================================================================================================
Number of --------- DSB ----------   --------- SSB ----------   -------- OTHER ---------   ----- ALL CLUSTERS -----
 lesions    Average        SEM         Average        SEM         Average        SEM         Average        SEM    
===================================================================================================================
   1          ---          ---       5.70000E+02  0.00000E+00   1.77900E+03  0.00000E+00   2.34900E+03  0.00000E+00
   2      2.80000E+01  0.00000E+00   3.09000E+02  0.00000E+00   4.24000E+02  0.00000E+00   7.61000E+02  0.00000E+00
   3      2.10000E+01  0.00000E+00   1.34000E+02  0.00000E+00   1.00000E+02  0.00000E+00   2.55000E+02  0.00000E+00
   4      1.20000E+01  0.00000E+00   3.70000E+01  0.00000E+00   3.60000E+01  0.00000E+00   8.50000E+01  0.00000E+00
   5      5.00000E+00  0.00000E+00   1.60000E+01  0.00000E+00   5.00000E+00  0.00000E+00   2.60000E+01  0.00000E+00
   6      2.00000E+00  0.00000E+00   6.00000E+00  0.00000E+00   2.00000E+00  0.00000E+00   1.00000E+01  0.00000E+00
   7          ---          ---       2.00000E+00  0.00000E+00   1.00000E+00  0.00000E+00   3.00000E+00  0.00000E+00
   8          ---          ---           ---          ---           ---          ---           ---          ---
   9          ---          ---           ---          ---           ---          ---           ---          ---
  10          ---          ---           ---          ---           ---          ---           ---          ---
  11          ---          ---           ---          ---           ---          ---           ---          ---
  12          ---          ---           ---          ---           ---          ---           ---          ---
  13          ---          ---           ---          ---           ---          ---           ---          ---
  14          ---          ---           ---          ---           ---          ---           ---          ---
  15          ---          ---           ---          ---           ---          ---           ---          ---
  16          ---          ---           ---          ---           ---          ---           ---          ---
  17          ---          ---           ---          ---           ---          ---           ---          ---
  18          ---          ---           ---          ---           ---          ---           ---          ---
  19          ---          ---           ---          ---           ---          ---           ---          ---
  20          ---          ---           ---          ---           ---          ---           ---          ---
  21          ---          ---           ---          ---           ---          ---           ---          ---
  22          ---          ---           ---          ---           ---          ---           ---          ---
  23          ---          ---           ---          ---           ---          ---           ---          ---
  24          ---          ---           ---          ---           ---          ---           ---          ---
  25          ---          ---           ---          ---           ---          ---           ---          ---
  26          ---          ---           ---          ---           ---          ---           ---          ---
  27          ---          ---           ---          ---           ---          ---           ---          ---
  28          ---          ---           ---          ---           ---          ---           ---          ---
  29          ---          ---           ---          ---           ---          ---           ---          ---
  30          ---          ---           ---          ---           ---          ---           ---          ---
  31          ---          ---           ---          ---           ---          ---           ---          ---
  32          ---          ---           ---          ---           ---          ---           ---          ---
  33          ---          ---           ---          ---           ---          ---           ---          ---
  34          ---          ---           ---          ---           ---          ---           ---          ---
  35          ---          ---           ---          ---           ---          ---           ---          ---
  36          ---          ---           ---          ---           ---          ---           ---          ---
  37          ---          ---           ---          ---           ---          ---           ---          ---
  38          ---          ---           ---          ---           ---          ---           ---          ---
  39          ---          ---           ---          ---           ---          ---           ---          ---
  40          ---          ---           ---          ---           ---          ---           ---          ---
  41          ---          ---           ---          ---           ---          ---           ---          ---
  42          ---          ---           ---          ---           ---          ---           ---          ---
  43          ---          ---           ---          ---           ---          ---           ---          ---
  44          ---          ---           ---          ---           ---          ---           ---          ---
  45          ---          ---           ---          ---           ---          ---           ---          ---
  46          ---          ---           ---          ---           ---          ---           ---          ---
  47          ---          ---           ---          ---           ---          ---           ---          ---
  48          ---          ---           ---          ---           ---          ---           ---          ---
  49          ---          ---           ---          ---           ---          ---           ---          ---
  50          ---          ---           ---          ---           ---          ---           ---          ---
 Total    6.80000E+01  0.00000E+00   1.07400E+03  0.00000E+00   2.34700E+03  0.00000E+00   3.48900E+03  0.00000E+00
-------------------------------------------------------------------------------------------------------------------
NOTE: The category "OTHER" includes all classes of individual and clustered DNA lesion, except for SSB and DSB.
SEM = standard error of the mean.

TABLE 3. Number of clusters per cell per track (DNA=6.000 Gbp, ZF=0.08266 Gy).
===================================================================================================================
Number of --------- DSB ----------   --------- SSB ----------   -------- OTHER ---------   ----- ALL CLUSTERS -----
 lesions    Average        SEM         Average        SEM         Average        SEM         Average        SEM    
===================================================================================================================
   1          ---          ---       4.71144E+01  0.00000E+00   1.47047E+02  0.00000E+00   1.94161E+02  0.00000E+00
   2      2.31439E+00  0.00000E+00   2.55410E+01  0.00000E+00   3.50465E+01  0.00000E+00   6.29019E+01  0.00000E+00
   3      1.73580E+00  0.00000E+00   1.10760E+01  0.00000E+00   8.26569E+00  0.00000E+00   2.10775E+01  0.00000E+00
   4      9.91883E-01  0.00000E+00   3.05831E+00  0.00000E+00   2.97565E+00  0.00000E+00   7.02584E+00  0.00000E+00
   5      4.13285E-01  0.00000E+00   1.32251E+00  0.00000E+00   4.13285E-01  0.00000E+00   2.14908E+00  0.00000E+00
   6      1.65314E-01  0.00000E+00   4.95941E-01  0.00000E+00   1.65314E-01  0.00000E+00   8.26569E-01  0.00000E+00
   7          ---          ---       1.65314E-01  0.00000E+00   8.26569E-02  0.00000E+00   2.47971E-01  0.00000E+00
   8          ---          ---           ---          ---           ---          ---           ---          ---
   9          ---          ---           ---          ---           ---          ---           ---          ---
  10          ---          ---           ---          ---           ---          ---           ---          ---
  11          ---          ---           ---          ---           ---          ---           ---          ---
  12          ---          ---           ---          ---           ---          ---           ---          ---
  13          ---          ---           ---          ---           ---          ---           ---          ---
  14          ---          ---           ---          ---           ---          ---           ---          ---
  15          ---          ---           ---          ---           ---          ---           ---          ---
  16          ---          ---           ---          ---           ---          ---           ---          ---
  17          ---          ---           ---          ---           ---          ---           ---          ---
  18          ---          ---           ---          ---           ---          ---           ---          ---
  19          ---          ---           ---          ---           ---          ---           ---          ---
  20          ---          ---           ---          ---           ---          ---           ---          ---
  21          ---          ---           ---          ---           ---          ---           ---          ---
  22          ---          ---           ---          ---           ---          ---           ---          ---
  23          ---          ---           ---          ---           ---          ---           ---          ---
  24          ---          ---           ---          ---           ---          ---           ---          ---
  25          ---          ---           ---          ---           ---          ---           ---          ---
  26          ---          ---           ---          ---           ---          ---           ---          ---
  27          ---          ---           ---          ---           ---          ---           ---          ---
  28          ---          ---           ---          ---           ---          ---           ---          ---
  29          ---          ---           ---          ---           ---          ---           ---          ---
  30          ---          ---           ---          ---           ---          ---           ---          ---
  31          ---          ---           ---          ---           ---          ---           ---          ---
  32          ---          ---           ---          ---           ---          ---           ---          ---
  33          ---          ---           ---          ---           ---          ---           ---          ---
  34          ---          ---           ---          ---           ---          ---           ---          ---
  35          ---          ---           ---          ---           ---          ---           ---          ---
  36          ---          ---           ---          ---           ---          ---           ---          ---
  37          ---          ---           ---          ---           ---          ---           ---          ---
  38          ---          ---           ---          ---           ---          ---           ---          ---
  39          ---          ---           ---          ---           ---          ---           ---          ---
  40          ---          ---           ---          ---           ---          ---           ---          ---
  41          ---          ---           ---          ---           ---          ---           ---          ---
  42          ---          ---           ---          ---           ---          ---           ---          ---
  43          ---          ---           ---          ---           ---          ---           ---          ---
  44          ---          ---           ---          ---           ---          ---           ---          ---
  45          ---          ---           ---          ---           ---          ---           ---          ---
  46          ---          ---           ---          ---           ---          ---           ---          ---
  47          ---          ---           ---          ---           ---          ---           ---          ---
  48          ---          ---           ---          ---           ---          ---           ---          ---
  49          ---          ---           ---          ---           ---          ---           ---          ---
  50          ---          ---           ---          ---           ---          ---           ---          ---
 Total    5.62067E+00  0.00000E+00   8.87735E+01  0.00000E+00   1.93996E+02  0.00000E+00   2.88390E+02  0.00000E+00
-------------------------------------------------------------------------------------------------------------------

TABLE 4. Cluster Length (in base pair)
===================================================================================================================
Number of --------- DSB ----------   --------- SSB ----------   -------- OTHER ---------   ----- ALL CLUSTERS -----
 lesions    Average        SEM         Average        SEM         Average        SEM         Average        SEM    
===================================================================================================================
   1          ---          ---       1.00000E+00  0.00000E+00   1.00000E+00  0.00000E+00   1.00000E+00  0.00000E+00
   2      5.07143E+00  0.00000E+00   5.46926E+00  0.00000E+00   5.65094E+00  0.00000E+00   5.55585E+00  0.00000E+00
   3      8.42857E+00  0.00000E+00   9.82836E+00  0.00000E+00   9.33000E+00  0.00000E+00   9.51765E+00  0.00000E+00
   4      1.61667E+01  0.00000E+00   1.37838E+01  0.00000E+00   1.55278E+01  0.00000E+00   1.48588E+01  0.00000E+00
   5      1.64000E+01  0.00000E+00   2.07500E+01  0.00000E+00   1.88000E+01  0.00000E+00   1.95385E+01  0.00000E+00
   6      2.60000E+01  0.00000E+00   2.90000E+01  0.00000E+00   1.95000E+01  0.00000E+00   2.65000E+01  0.00000E+00
   7          ---          ---       1.90000E+01  0.00000E+00   3.10000E+01  0.00000E+00   2.30000E+01  0.00000E+00
   8          ---          ---           ---          ---           ---          ---           ---          ---
   9          ---          ---           ---          ---           ---          ---           ---          ---
  10          ---          ---           ---          ---           ---          ---           ---          ---
  11          ---          ---           ---          ---           ---          ---           ---          ---
  12          ---          ---           ---          ---           ---          ---           ---          ---
  13          ---          ---           ---          ---           ---          ---           ---          ---
  14          ---          ---           ---          ---           ---          ---           ---          ---
  15          ---          ---           ---          ---           ---          ---           ---          ---
  16          ---          ---           ---          ---           ---          ---           ---          ---
  17          ---          ---           ---          ---           ---          ---           ---          ---
  18          ---          ---           ---          ---           ---          ---           ---          ---
  19          ---          ---           ---          ---           ---          ---           ---          ---
  20          ---          ---           ---          ---           ---          ---           ---          ---
  21          ---          ---           ---          ---           ---          ---           ---          ---
  22          ---          ---           ---          ---           ---          ---           ---          ---
  23          ---          ---           ---          ---           ---          ---           ---          ---
  24          ---          ---           ---          ---           ---          ---           ---          ---
  25          ---          ---           ---          ---           ---          ---           ---          ---
  26          ---          ---           ---          ---           ---          ---           ---          ---
  27          ---          ---           ---          ---           ---          ---           ---          ---
  28          ---          ---           ---          ---           ---          ---           ---          ---
  29          ---          ---           ---          ---           ---          ---           ---          ---
  30          ---          ---           ---          ---           ---          ---           ---          ---
  31          ---          ---           ---          ---           ---          ---           ---          ---
  32          ---          ---           ---          ---           ---          ---           ---          ---
  33          ---          ---           ---          ---           ---          ---           ---          ---
  34          ---          ---           ---          ---           ---          ---           ---          ---
  35          ---          ---           ---          ---           ---          ---           ---          ---
  36          ---          ---           ---          ---           ---          ---           ---          ---
  37          ---          ---           ---          ---           ---          ---           ---          ---
  38          ---          ---           ---          ---           ---          ---           ---          ---
  39          ---          ---           ---          ---           ---          ---           ---          ---
  40          ---          ---           ---          ---           ---          ---           ---          ---
  41          ---          ---           ---          ---           ---          ---           ---          ---
  42          ---          ---           ---          ---           ---          ---           ---          ---
  43          ---          ---           ---          ---           ---          ---           ---          ---
  44          ---          ---           ---          ---           ---          ---           ---          ---
  45          ---          ---           ---          ---           ---          ---           ---          ---
  46          ---          ---           ---          ---           ---          ---           ---          ---
  47          ---          ---           ---          ---           ---          ---           ---          ---
  48          ---          ---           ---          ---           ---          ---           ---          ---
  49          ---          ---           ---          ---           ---          ---           ---          ---
  50          ---          ---           ---          ---           ---          ---           ---          ---
Average   9.51471E+00  0.00000E+00   4.31192E+00  0.00000E+00   2.48445E+00  0.00000E+00   3.18401E+00  0.00000E+00
-------------------------------------------------------------------------------------------------------------------

TABLE 5. Density of lesions forming a cluster (in units of lesions per nucleotide).
===================================================================================================================
Number of --------- DSB ----------   --------- SSB ----------   -------- OTHER ---------   ----- ALL CLUSTERS -----
 lesions    Average        SEM         Average        SEM         Average        SEM         Average        SEM    
===================================================================================================================
   1          ---          ---       5.00000E-01  0.00000E+00   5.00000E-01  0.00000E+00   5.00000E-01  0.00000E+00
   2      3.01417E-01  0.00000E+00   2.46349E-01  0.00000E+00   2.37269E-01  0.00000E+00   2.43316E-01  0.00000E+00
   3      2.26113E-01  0.00000E+00   1.78842E-01  0.00000E+00   1.97108E-01  0.00000E+00   1.89898E-01  0.00000E+00
   4      1.33004E-01  0.00000E+00   1.67495E-01  0.00000E+00   1.41668E-01  0.00000E+00   1.51688E-01  0.00000E+00
   5      1.53644E-01  0.00000E+00   1.32685E-01  0.00000E+00   1.35154E-01  0.00000E+00   1.37191E-01  0.00000E+00
   6      1.21875E-01  0.00000E+00   1.06597E-01  0.00000E+00   1.54762E-01  0.00000E+00   1.19286E-01  0.00000E+00
   7          ---          ---       1.86275E-01  0.00000E+00   1.12903E-01  0.00000E+00   1.61817E-01  0.00000E+00
   8          ---          ---           ---          ---           ---          ---           ---          ---
   9          ---          ---           ---          ---           ---          ---           ---          ---
  10          ---          ---           ---          ---           ---          ---           ---          ---
  11          ---          ---           ---          ---           ---          ---           ---          ---
  12          ---          ---           ---          ---           ---          ---           ---          ---
  13          ---          ---           ---          ---           ---          ---           ---          ---
  14          ---          ---           ---          ---           ---          ---           ---          ---
  15          ---          ---           ---          ---           ---          ---           ---          ---
  16          ---          ---           ---          ---           ---          ---           ---          ---
  17          ---          ---           ---          ---           ---          ---           ---          ---
  18          ---          ---           ---          ---           ---          ---           ---          ---
  19          ---          ---           ---          ---           ---          ---           ---          ---
  20          ---          ---           ---          ---           ---          ---           ---          ---
  21          ---          ---           ---          ---           ---          ---           ---          ---
  22          ---          ---           ---          ---           ---          ---           ---          ---
  23          ---          ---           ---          ---           ---          ---           ---          ---
  24          ---          ---           ---          ---           ---          ---           ---          ---
  25          ---          ---           ---          ---           ---          ---           ---          ---
  26          ---          ---           ---          ---           ---          ---           ---          ---
  27          ---          ---           ---          ---           ---          ---           ---          ---
  28          ---          ---           ---          ---           ---          ---           ---          ---
  29          ---          ---           ---          ---           ---          ---           ---          ---
  30          ---          ---           ---          ---           ---          ---           ---          ---
  31          ---          ---           ---          ---           ---          ---           ---          ---
  32          ---          ---           ---          ---           ---          ---           ---          ---
  33          ---          ---           ---          ---           ---          ---           ---          ---
  34          ---          ---           ---          ---           ---          ---           ---          ---
  35          ---          ---           ---          ---           ---          ---           ---          ---
  36          ---          ---           ---          ---           ---          ---           ---          ---
  37          ---          ---           ---          ---           ---          ---           ---          ---
  38          ---          ---           ---          ---           ---          ---           ---          ---
  39          ---          ---           ---          ---           ---          ---           ---          ---
  40          ---          ---           ---          ---           ---          ---           ---          ---
  41          ---          ---           ---          ---           ---          ---           ---          ---
  42          ---          ---           ---          ---           ---          ---           ---          ---
  43          ---          ---           ---          ---           ---          ---           ---          ---
  44          ---          ---           ---          ---           ---          ---           ---          ---
  45          ---          ---           ---          ---           ---          ---           ---          ---
  46          ---          ---           ---          ---           ---          ---           ---          ---
  47          ---          ---           ---          ---           ---          ---           ---          ---
  48          ---          ---           ---          ---           ---          ---           ---          ---
  49          ---          ---           ---          ---           ---          ---           ---          ---
  50          ---          ---           ---          ---           ---          ---           ---          ---
Average   2.32295E-01  0.00000E+00   3.67243E-01  0.00000E+00   4.32898E-01  0.00000E+00   4.08778E-01  0.00000E+00
-------------------------------------------------------------------------------------------------------------------
NOTE: Lesion density computed as the number of lesions per cluster divided by twice the cluster length.

TABLE 6. Cluster composition (% Sb per cluster)
===================================================================================================================
Number of --------- DSB ----------   --------- SSB ----------   -------- OTHER ---------   ----- ALL CLUSTERS -----
 lesions    Average        SEM         Average        SEM         Average        SEM         Average        SEM    
===================================================================================================================
   1          ---          ---       1.00000E+02  0.00000E+00   0.00000E+00  0.00000E+00   2.42656E+01  0.00000E+00
   2      1.00000E+02  0.00000E+00   5.37217E+01  0.00000E+00   0.00000E+00  0.00000E+00   2.54928E+01  0.00000E+00
   3      7.61905E+01  0.00000E+00   3.93035E+01  0.00000E+00   0.00000E+00  0.00000E+00   2.69281E+01  0.00000E+00
   4      6.66667E+01  0.00000E+00   3.37838E+01  0.00000E+00   0.00000E+00  0.00000E+00   2.41176E+01  0.00000E+00
   5      4.40000E+01  0.00000E+00   2.62500E+01  0.00000E+00   0.00000E+00  0.00000E+00   2.46154E+01  0.00000E+00
   6      5.83333E+01  0.00000E+00   2.77778E+01  0.00000E+00   0.00000E+00  0.00000E+00   2.83333E+01  0.00000E+00
   7          ---          ---       1.42857E+01  0.00000E+00   0.00000E+00  0.00000E+00   9.52381E+00  0.00000E+00
   8          ---          ---           ---          ---           ---          ---           ---          ---
   9          ---          ---           ---          ---           ---          ---           ---          ---
  10          ---          ---           ---          ---           ---          ---           ---          ---
  11          ---          ---           ---          ---           ---          ---           ---          ---
  12          ---          ---           ---          ---           ---          ---           ---          ---
  13          ---          ---           ---          ---           ---          ---           ---          ---
  14          ---          ---           ---          ---           ---          ---           ---          ---
  15          ---          ---           ---          ---           ---          ---           ---          ---
  16          ---          ---           ---          ---           ---          ---           ---          ---
  17          ---          ---           ---          ---           ---          ---           ---          ---
  18          ---          ---           ---          ---           ---          ---           ---          ---
  19          ---          ---           ---          ---           ---          ---           ---          ---
  20          ---          ---           ---          ---           ---          ---           ---          ---
  21          ---          ---           ---          ---           ---          ---           ---          ---
  22          ---          ---           ---          ---           ---          ---           ---          ---
  23          ---          ---           ---          ---           ---          ---           ---          ---
  24          ---          ---           ---          ---           ---          ---           ---          ---
  25          ---          ---           ---          ---           ---          ---           ---          ---
  26          ---          ---           ---          ---           ---          ---           ---          ---
  27          ---          ---           ---          ---           ---          ---           ---          ---
  28          ---          ---           ---          ---           ---          ---           ---          ---
  29          ---          ---           ---          ---           ---          ---           ---          ---
  30          ---          ---           ---          ---           ---          ---           ---          ---
  31          ---          ---           ---          ---           ---          ---           ---          ---
  32          ---          ---           ---          ---           ---          ---           ---          ---
  33          ---          ---           ---          ---           ---          ---           ---          ---
  34          ---          ---           ---          ---           ---          ---           ---          ---
  35          ---          ---           ---          ---           ---          ---           ---          ---
  36          ---          ---           ---          ---           ---          ---           ---          ---
  37          ---          ---           ---          ---           ---          ---           ---          ---
  38          ---          ---           ---          ---           ---          ---           ---          ---
  39          ---          ---           ---          ---           ---          ---           ---          ---
  40          ---          ---           ---          ---           ---          ---           ---          ---
  41          ---          ---           ---          ---           ---          ---           ---          ---
  42          ---          ---           ---          ---           ---          ---           ---          ---
  43          ---          ---           ---          ---           ---          ---           ---          ---
  44          ---          ---           ---          ---           ---          ---           ---          ---
  45          ---          ---           ---          ---           ---          ---           ---          ---
  46          ---          ---           ---          ---           ---          ---           ---          ---
  47          ---          ---           ---          ---           ---          ---           ---          ---
  48          ---          ---           ---          ---           ---          ---           ---          ---
  49          ---          ---           ---          ---           ---          ---           ---          ---
  50          ---          ---           ---          ---           ---          ---           ---          ---
Average   8.14216E+01  0.00000E+00   7.51694E+01  0.00000E+00   0.00000E+00  0.00000E+00   2.47259E+01  0.00000E+00
-------------------------------------------------------------------------------------------------------------------
NOTES: (% Sb) is the percentage of lesions that are strand breaks. The number of Sb is [(% Sb)/100]*(# lesions).
The number of Bd is (1-(% Sb)/100)*(# lesions).
