===============================
MCDS Version 3.10A  05-DEC-2011
===============================
      0.005     running time (min)
  987654321     random number seed
          1     number of cells (nocs)
 0.0000E+00     water-equivalent material (WEM) thickness (mg/cm^2)
 1.0000E+00     Desired dose to the cell nucleus (Gy)
 6.0000E+00     DNA content (Gbp)

TARGET (cell) DEFINITION (4V/S = mean chord length)
========================================================
            DIAMETER     4V/S      Volume      Mass
               (um)      (um)      (um^3)      (ng)
--------------------------------------------------------
DNA            ---        ---     6.123E+00  6.123E-03
NUCLEUS     5.000E+00  3.333E+00  6.545E+01  6.545E-02
CYTOPLASM      ---        ---     -6.545E+01  -6.545E-02
CELL        0.000E+00  0.000E+00  0.000E+00  0.000E+00
========================================================
NOTE: In human DNA, 1 Gbp=0.979 ng (not including bound
H2O).  DNA volume computed using a density of 1 g/cm^3.

WARNING: volume of nucleus larger than the volume of the cell!

INCIDENT PARTICLE: 12C (mass = 1.20000E+01 u = 1.11749E+04 MeV/c^2)
  3.20000E+03 MeV >= 1.00000E-06 MeV
  2.66667E+02 MeV/A >= 8.33333E-08 MeV/A)
  9.04207E+03 MeV (p*c = momentum x speed of light)
  1.37137E-04 pm (de Broglie wavelength)
  1.28636E+00 = T/m0c2+1 (Lorentz factor) >= 1
  6.00000E+00 ABS(effective charge); Barkas 1963
  6.29020E-01 beta = (v/c) <= 1
  9.09858E+01 (zeff/beta)^2 <= 2.000E+05
  1.34562E+01 keV/um (total stopping power in H2O)
  1.34520E+01 keV/um ( 99.969% electronic)
  4.11216E-03 keV/um (  0.031% nuclear)
  1.42049E+01 CSDA range of particle (cm) in H2O

PARTICLE TRANSPORT - Beam of radiation incident on bottom of cell culture dish
(WEM=0.00 um, cell=0.00 um, nucleus=5.00 um; total distance traveled to
reach nucleus=-2.500 um of H2O).
==============================================================================
                                  ------- Cell --------  ------- Nucleus -----
                       Incident      Entry      Exit       Entry       Exit
==============================================================================
         KE (MeV)   3.2000E+03  3.2000E+03  3.2000E+03  3.2000E+03  3.2000E+03
    (Zeff/beta)^2   9.0986E+01  9.0986E+01  9.0986E+01  9.0986E+01  9.0986E+01
     LET (keV/um)   1.3456E+01  1.3456E+01  1.3456E+01  1.3456E+01  1.3456E+01
  Res. Range (um)   1.4205E+05  1.4205E+05  1.4205E+05  1.4205E+05  1.4205E+05
 DPUF1 (nGy-cm^2)   2.1557E+01  2.1557E+01  2.1557E+01  2.1557E+01  2.1557E+01
 DPUF2 (nGy-cm^2)      ---      NaN     ---      2.1557E+01     ---
       Edep (keV)      ---      NaN     ---      4.4854E+01     ---
      YF (keV/um)      ---      NaN     ---      1.3456E+01     ---
          ZF (Gy)      ---      NaN     ---      1.0979E-01     ---
==============================================================================
LET=(Stot-Srad); absorbed dose per unit fluence (DPUF1) = 1.602*LET/rho
Avg. absorbed dose within target (i.e., DPUF2) = 2.5*pi*d*d*zf
Edep = 0.1602*ZF*PI*d*d*d/6; yf = edep/lbar = 0.25*edep*{area}/{volume}

DAMAGE FORMATION AND CLUSTERING (normoxic conditions)
     117785     segment length, nseg (bp per cell per Gy)
       1300     number of strand breaks, sigSb (per cell per Gy)
       3900     number of base damages,  sigBd (per cell per Gy)
        3.0     base damage to strand break ratio, f
          9     minimum distance between clusters, Nmin (bp)
         10     maximum distance between two Sb to compose a DSB, Ndsb (bp)
        0.0     fraction Bl/Bd

OXYGEN SIMULATION (M0=1.740, K=0.3372, q=946.10, r=2.15)
  1.0000E+02 % O2 concentration (=760.00 mmHg)
  2.4647E-03 chemical repair probability (pcr)
  9.9754E-01 O2 fixation probability (1-pcr)
  1.0025E+00 Approx. HRF for SSB induction [=1/(1-pcr)]
  1.0049E+00 Approx. HRF for DSB induction [1/(1-pcr)]^2

DMSO SIMULATION
  5.0000E-01 fraction of non-scavengeable DNA damage (fnsd)
  5.0000E-01 concentration (mol dm^-3) at half-level (chmx)
  0.0000E+00 DMSO concentration (mol dm^-3)

TABLE 1. Percent (%) cluster yields by complexity, as classified using the scheme of Nikjoo et al. (IJRB 71, 
467-483 1997 and and Radiat. Res. 156, 577-583 2001).
===================================================================================================================
    66.401     BD    - one or more Bd (no Sb)
    29.374     SSB   - Sb (no auxilary damage)
     1.773     SSB+  - two Sb on the same strand
     0.414     2SSB  - two or more Sb on opposite strands separated by at least 10 bp
     1.684     DSB   - two Sb on opposite strands with a separation <= 10 bp
     0.325     DSB+  - DSB accompanied by one (or more) additional Sb within 10 bp separation
     0.030     DSB++ - more than one DSB whether within the 10 bp separation or further apart
     6.929     SSBc  - fraction of complex damage (SSB+ and 2SSB) among SSBs
    49.625     SSBcb - fraction of complex damage (SSB+ and 2SSB) among SSBs; base damage included
    17.391     DSBc  - fraction of complex damage (DSB+ and DSB++) among DSBs
    53.623     DSBcb - fraction of complex damage (DSB+ and DSB++) among DSBs; base damage included
===================================================================================================================

TABLE 2. Number of clusters per cell (DNA=6.000 Gbp, AD=1.000 Gy).
===================================================================================================================
Number of --------- DSB ----------   --------- SSB ----------   -------- OTHER ---------   ----- ALL CLUSTERS -----
 lesions    Average        SEM         Average        SEM         Average        SEM         Average        SEM    
===================================================================================================================
   1          ---          ---       5.38000E+02  0.00000E+00   1.67100E+03  0.00000E+00   2.20900E+03  0.00000E+00
   2      3.20000E+01  0.00000E+00   3.13000E+02  0.00000E+00   4.22000E+02  0.00000E+00   7.67000E+02  0.00000E+00
   3      1.80000E+01  0.00000E+00   1.36000E+02  0.00000E+00   1.12000E+02  0.00000E+00   2.66000E+02  0.00000E+00
   4      6.00000E+00  0.00000E+00   5.30000E+01  0.00000E+00   3.50000E+01  0.00000E+00   9.40000E+01  0.00000E+00
   5      6.00000E+00  0.00000E+00   1.50000E+01  0.00000E+00   7.00000E+00  0.00000E+00   2.80000E+01  0.00000E+00
   6      5.00000E+00  0.00000E+00   9.00000E+00  0.00000E+00       ---          ---       1.40000E+01  0.00000E+00
   7      1.00000E+00  0.00000E+00   3.00000E+00  0.00000E+00       ---          ---       4.00000E+00  0.00000E+00
   8          ---          ---       1.00000E+00  0.00000E+00       ---          ---       1.00000E+00  0.00000E+00
   9          ---          ---           ---          ---           ---          ---           ---          ---
  10      1.00000E+00  0.00000E+00       ---          ---           ---          ---       1.00000E+00  0.00000E+00
  11          ---          ---           ---          ---           ---          ---           ---          ---
  12          ---          ---           ---          ---           ---          ---           ---          ---
  13          ---          ---           ---          ---           ---          ---           ---          ---
  14          ---          ---           ---          ---           ---          ---           ---          ---
  15          ---          ---           ---          ---           ---          ---           ---          ---
  16          ---          ---           ---          ---           ---          ---           ---          ---
  17          ---          ---           ---          ---           ---          ---           ---          ---
  18          ---          ---           ---          ---           ---          ---           ---          ---
  19          ---          ---           ---          ---           ---          ---           ---          ---
  20          ---          ---           ---          ---           ---          ---           ---          ---
  21          ---          ---           ---          ---           ---          ---           ---          ---
  22          ---          ---           ---          ---           ---          ---           ---          ---
  23          ---          ---           ---          ---           ---          ---           ---          ---
  24          ---          ---           ---          ---           ---          ---           ---          ---
  25          ---          ---           ---          ---           ---          ---           ---          ---
  26          ---          ---           ---          ---           ---          ---           ---          ---
  27          ---          ---           ---          ---           ---          ---           ---          ---
  28          ---          ---           ---          ---           ---          ---           ---          ---
  29          ---          ---           ---          ---           ---          ---           ---          ---
  30          ---          ---           ---          ---           ---          ---           ---          ---
  31          ---          ---           ---          ---           ---          ---           ---          ---
  32          ---          ---           ---          ---           ---          ---           ---          ---
  33          ---          ---           ---          ---           ---          ---           ---          ---
  34          ---          ---           ---          ---           ---          ---           ---          ---
  35          ---          ---           ---          ---           ---          ---           ---          ---
  36          ---          ---           ---          ---           ---          ---           ---          ---
  37          ---          ---           ---          ---           ---          ---           ---          ---
  38          ---          ---           ---          ---           ---          ---           ---          ---
  39          ---          ---           ---          ---           ---          ---           ---          ---
  40          ---          ---           ---          ---           ---          ---           ---          ---
  41          ---          ---           ---          ---           ---          ---           ---          ---
  42          ---          ---           ---          ---           ---          ---           ---          ---
  43          ---          ---           ---          ---           ---          ---           ---          ---
  44          ---          ---           ---          ---           ---          ---           ---          ---
  45          ---          ---           ---          ---           ---          ---           ---          ---
  46          ---          ---           ---          ---           ---          ---           ---          ---
  47          ---          ---           ---          ---           ---          ---           ---          ---
  48          ---          ---           ---          ---           ---          ---           ---          ---
  49          ---          ---           ---          ---           ---          ---           ---          ---
  50          ---          ---           ---          ---           ---          ---           ---          ---
 Total    6.90000E+01  0.00000E+00   1.06800E+03  0.00000E+00   2.24700E+03  0.00000E+00   3.38400E+03  0.00000E+00
-------------------------------------------------------------------------------------------------------------------
NOTE: The category "OTHER" includes all classes of individual and clustered DNA lesion, except for SSB and DSB.
SEM = standard error of the mean.

TABLE 3. Number of clusters per cell per track (DNA=6.000 Gbp, ZF=0.10979 Gy).
===================================================================================================================
Number of --------- DSB ----------   --------- SSB ----------   -------- OTHER ---------   ----- ALL CLUSTERS -----
 lesions    Average        SEM         Average        SEM         Average        SEM         Average        SEM    
===================================================================================================================
   1          ---          ---       5.90660E+01  0.00000E+00   1.83456E+02  0.00000E+00   2.42522E+02  0.00000E+00
   2      3.51322E+00  0.00000E+00   3.43637E+01  0.00000E+00   4.63306E+01  0.00000E+00   8.42075E+01  0.00000E+00
   3      1.97619E+00  0.00000E+00   1.49312E+01  0.00000E+00   1.22963E+01  0.00000E+00   2.92037E+01  0.00000E+00
   4      6.58729E-01  0.00000E+00   5.81877E+00  0.00000E+00   3.84259E+00  0.00000E+00   1.03201E+01  0.00000E+00
   5      6.58729E-01  0.00000E+00   1.64682E+00  0.00000E+00   7.68517E-01  0.00000E+00   3.07407E+00  0.00000E+00
   6      5.48941E-01  0.00000E+00   9.88094E-01  0.00000E+00       ---          ---       1.53703E+00  0.00000E+00
   7      1.09788E-01  0.00000E+00   3.29365E-01  0.00000E+00       ---          ---       4.39153E-01  0.00000E+00
   8          ---          ---       1.09788E-01  0.00000E+00       ---          ---       1.09788E-01  0.00000E+00
   9          ---          ---           ---          ---           ---          ---           ---          ---
  10      1.09788E-01  0.00000E+00       ---          ---           ---          ---       1.09788E-01  0.00000E+00
  11          ---          ---           ---          ---           ---          ---           ---          ---
  12          ---          ---           ---          ---           ---          ---           ---          ---
  13          ---          ---           ---          ---           ---          ---           ---          ---
  14          ---          ---           ---          ---           ---          ---           ---          ---
  15          ---          ---           ---          ---           ---          ---           ---          ---
  16          ---          ---           ---          ---           ---          ---           ---          ---
  17          ---          ---           ---          ---           ---          ---           ---          ---
  18          ---          ---           ---          ---           ---          ---           ---          ---
  19          ---          ---           ---          ---           ---          ---           ---          ---
  20          ---          ---           ---          ---           ---          ---           ---          ---
  21          ---          ---           ---          ---           ---          ---           ---          ---
  22          ---          ---           ---          ---           ---          ---           ---          ---
  23          ---          ---           ---          ---           ---          ---           ---          ---
  24          ---          ---           ---          ---           ---          ---           ---          ---
  25          ---          ---           ---          ---           ---          ---           ---          ---
  26          ---          ---           ---          ---           ---          ---           ---          ---
  27          ---          ---           ---          ---           ---          ---           ---          ---
  28          ---          ---           ---          ---           ---          ---           ---          ---
  29          ---          ---           ---          ---           ---          ---           ---          ---
  30          ---          ---           ---          ---           ---          ---           ---          ---
  31          ---          ---           ---          ---           ---          ---           ---          ---
  32          ---          ---           ---          ---           ---          ---           ---          ---
  33          ---          ---           ---          ---           ---          ---           ---          ---
  34          ---          ---           ---          ---           ---          ---           ---          ---
  35          ---          ---           ---          ---           ---          ---           ---          ---
  36          ---          ---           ---          ---           ---          ---           ---          ---
  37          ---          ---           ---          ---           ---          ---           ---          ---
  38          ---          ---           ---          ---           ---          ---           ---          ---
  39          ---          ---           ---          ---           ---          ---           ---          ---
  40          ---          ---           ---          ---           ---          ---           ---          ---
  41          ---          ---           ---          ---           ---          ---           ---          ---
  42          ---          ---           ---          ---           ---          ---           ---          ---
  43          ---          ---           ---          ---           ---          ---           ---          ---
  44          ---          ---           ---          ---           ---          ---           ---          ---
  45          ---          ---           ---          ---           ---          ---           ---          ---
  46          ---          ---           ---          ---           ---          ---           ---          ---
  47          ---          ---           ---          ---           ---          ---           ---          ---
  48          ---          ---           ---          ---           ---          ---           ---          ---
  49          ---          ---           ---          ---           ---          ---           ---          ---
  50          ---          ---           ---          ---           ---          ---           ---          ---
 Total    7.57538E+00  0.00000E+00   1.17254E+02  0.00000E+00   2.46694E+02  0.00000E+00   3.71523E+02  0.00000E+00
-------------------------------------------------------------------------------------------------------------------

TABLE 4. Cluster Length (in base pair)
===================================================================================================================
Number of --------- DSB ----------   --------- SSB ----------   -------- OTHER ---------   ----- ALL CLUSTERS -----
 lesions    Average        SEM         Average        SEM         Average        SEM         Average        SEM    
===================================================================================================================
   1          ---          ---       1.00000E+00  0.00000E+00   1.00000E+00  0.00000E+00   1.00000E+00  0.00000E+00
   2      5.53125E+00  0.00000E+00   5.42812E+00  0.00000E+00   5.44787E+00  0.00000E+00   5.44329E+00  0.00000E+00
   3      8.22222E+00  0.00000E+00   1.03235E+01  0.00000E+00   1.01607E+01  0.00000E+00   1.01128E+01  0.00000E+00
   4      1.45000E+01  0.00000E+00   1.51132E+01  0.00000E+00   1.42286E+01  0.00000E+00   1.47447E+01  0.00000E+00
   5      1.98333E+01  0.00000E+00   2.10000E+01  0.00000E+00   1.90000E+01  0.00000E+00   2.02500E+01  0.00000E+00
   6      2.08000E+01  0.00000E+00   2.33333E+01  0.00000E+00       ---          ---       2.24286E+01  0.00000E+00
   7      3.70000E+01  0.00000E+00   2.83333E+01  0.00000E+00       ---          ---       3.05000E+01  0.00000E+00
   8          ---          ---       3.00000E+01  0.00000E+00       ---          ---       3.00000E+01  0.00000E+00
   9          ---          ---           ---          ---           ---          ---           ---          ---
  10      2.50000E+01  0.00000E+00       ---          ---           ---          ---       2.50000E+01  0.00000E+00
  11          ---          ---           ---          ---           ---          ---           ---          ---
  12          ---          ---           ---          ---           ---          ---           ---          ---
  13          ---          ---           ---          ---           ---          ---           ---          ---
  14          ---          ---           ---          ---           ---          ---           ---          ---
  15          ---          ---           ---          ---           ---          ---           ---          ---
  16          ---          ---           ---          ---           ---          ---           ---          ---
  17          ---          ---           ---          ---           ---          ---           ---          ---
  18          ---          ---           ---          ---           ---          ---           ---          ---
  19          ---          ---           ---          ---           ---          ---           ---          ---
  20          ---          ---           ---          ---           ---          ---           ---          ---
  21          ---          ---           ---          ---           ---          ---           ---          ---
  22          ---          ---           ---          ---           ---          ---           ---          ---
  23          ---          ---           ---          ---           ---          ---           ---          ---
  24          ---          ---           ---          ---           ---          ---           ---          ---
  25          ---          ---           ---          ---           ---          ---           ---          ---
  26          ---          ---           ---          ---           ---          ---           ---          ---
  27          ---          ---           ---          ---           ---          ---           ---          ---
  28          ---          ---           ---          ---           ---          ---           ---          ---
  29          ---          ---           ---          ---           ---          ---           ---          ---
  30          ---          ---           ---          ---           ---          ---           ---          ---
  31          ---          ---           ---          ---           ---          ---           ---          ---
  32          ---          ---           ---          ---           ---          ---           ---          ---
  33          ---          ---           ---          ---           ---          ---           ---          ---
  34          ---          ---           ---          ---           ---          ---           ---          ---
  35          ---          ---           ---          ---           ---          ---           ---          ---
  36          ---          ---           ---          ---           ---          ---           ---          ---
  37          ---          ---           ---          ---           ---          ---           ---          ---
  38          ---          ---           ---          ---           ---          ---           ---          ---
  39          ---          ---           ---          ---           ---          ---           ---          ---
  40          ---          ---           ---          ---           ---          ---           ---          ---
  41          ---          ---           ---          ---           ---          ---           ---          ---
  42          ---          ---           ---          ---           ---          ---           ---          ---
  43          ---          ---           ---          ---           ---          ---           ---          ---
  44          ---          ---           ---          ---           ---          ---           ---          ---
  45          ---          ---           ---          ---           ---          ---           ---          ---
  46          ---          ---           ---          ---           ---          ---           ---          ---
  47          ---          ---           ---          ---           ---          ---           ---          ---
  48          ---          ---           ---          ---           ---          ---           ---          ---
  49          ---          ---           ---          ---           ---          ---           ---          ---
  50          ---          ---           ---          ---           ---          ---           ---          ---
Average   1.01014E+01  0.00000E+00   4.75843E+00  0.00000E+00   2.55407E+00  0.00000E+00   3.40366E+00  0.00000E+00
-------------------------------------------------------------------------------------------------------------------

TABLE 5. Density of lesions forming a cluster (in units of lesions per nucleotide).
===================================================================================================================
Number of --------- DSB ----------   --------- SSB ----------   -------- OTHER ---------   ----- ALL CLUSTERS -----
 lesions    Average        SEM         Average        SEM         Average        SEM         Average        SEM    
===================================================================================================================
   1          ---          ---       5.00000E-01  0.00000E+00   5.00000E-01  0.00000E+00   5.00000E-01  0.00000E+00
   2      2.52827E-01  0.00000E+00   2.58004E-01  0.00000E+00   2.57235E-01  0.00000E+00   2.57365E-01  0.00000E+00
   3      2.15020E-01  0.00000E+00   1.71156E-01  0.00000E+00   1.89998E-01  0.00000E+00   1.82058E-01  0.00000E+00
   4      1.49532E-01  0.00000E+00   1.47638E-01  0.00000E+00   1.54612E-01  0.00000E+00   1.50356E-01  0.00000E+00
   5      1.32921E-01  0.00000E+00   1.23220E-01  0.00000E+00   1.36115E-01  0.00000E+00   1.28523E-01  0.00000E+00
   6      1.56579E-01  0.00000E+00   1.38749E-01  0.00000E+00       ---          ---       1.45117E-01  0.00000E+00
   7      9.45946E-02  0.00000E+00   1.27123E-01  0.00000E+00       ---          ---       1.18991E-01  0.00000E+00
   8          ---          ---       1.33333E-01  0.00000E+00       ---          ---       1.33333E-01  0.00000E+00
   9          ---          ---           ---          ---           ---          ---           ---          ---
  10      2.00000E-01  0.00000E+00       ---          ---           ---          ---       2.00000E-01  0.00000E+00
  11          ---          ---           ---          ---           ---          ---           ---          ---
  12          ---          ---           ---          ---           ---          ---           ---          ---
  13          ---          ---           ---          ---           ---          ---           ---          ---
  14          ---          ---           ---          ---           ---          ---           ---          ---
  15          ---          ---           ---          ---           ---          ---           ---          ---
  16          ---          ---           ---          ---           ---          ---           ---          ---
  17          ---          ---           ---          ---           ---          ---           ---          ---
  18          ---          ---           ---          ---           ---          ---           ---          ---
  19          ---          ---           ---          ---           ---          ---           ---          ---
  20          ---          ---           ---          ---           ---          ---           ---          ---
  21          ---          ---           ---          ---           ---          ---           ---          ---
  22          ---          ---           ---          ---           ---          ---           ---          ---
  23          ---          ---           ---          ---           ---          ---           ---          ---
  24          ---          ---           ---          ---           ---          ---           ---          ---
  25          ---          ---           ---          ---           ---          ---           ---          ---
  26          ---          ---           ---          ---           ---          ---           ---          ---
  27          ---          ---           ---          ---           ---          ---           ---          ---
  28          ---          ---           ---          ---           ---          ---           ---          ---
  29          ---          ---           ---          ---           ---          ---           ---          ---
  30          ---          ---           ---          ---           ---          ---           ---          ---
  31          ---          ---           ---          ---           ---          ---           ---          ---
  32          ---          ---           ---          ---           ---          ---           ---          ---
  33          ---          ---           ---          ---           ---          ---           ---          ---
  34          ---          ---           ---          ---           ---          ---           ---          ---
  35          ---          ---           ---          ---           ---          ---           ---          ---
  36          ---          ---           ---          ---           ---          ---           ---          ---
  37          ---          ---           ---          ---           ---          ---           ---          ---
  38          ---          ---           ---          ---           ---          ---           ---          ---
  39          ---          ---           ---          ---           ---          ---           ---          ---
  40          ---          ---           ---          ---           ---          ---           ---          ---
  41          ---          ---           ---          ---           ---          ---           ---          ---
  42          ---          ---           ---          ---           ---          ---           ---          ---
  43          ---          ---           ---          ---           ---          ---           ---          ---
  44          ---          ---           ---          ---           ---          ---           ---          ---
  45          ---          ---           ---          ---           ---          ---           ---          ---
  46          ---          ---           ---          ---           ---          ---           ---          ---
  47          ---          ---           ---          ---           ---          ---           ---          ---
  48          ---          ---           ---          ---           ---          ---           ---          ---
  49          ---          ---           ---          ---           ---          ---           ---          ---
  50          ---          ---           ---          ---           ---          ---           ---          ---
Average   2.13522E-01  0.00000E+00   3.59990E-01  0.00000E+00   4.32442E-01  0.00000E+00   4.05112E-01  0.00000E+00
-------------------------------------------------------------------------------------------------------------------
NOTE: Lesion density computed as the number of lesions per cluster divided by twice the cluster length.

TABLE 6. Cluster composition (% Sb per cluster)
===================================================================================================================
Number of --------- DSB ----------   --------- SSB ----------   -------- OTHER ---------   ----- ALL CLUSTERS -----
 lesions    Average        SEM         Average        SEM         Average        SEM         Average        SEM    
===================================================================================================================
   1          ---          ---       1.00000E+02  0.00000E+00   0.00000E+00  0.00000E+00   2.43549E+01  0.00000E+00
   2      1.00000E+02  0.00000E+00   5.43131E+01  0.00000E+00   0.00000E+00  0.00000E+00   2.63364E+01  0.00000E+00
   3      7.40741E+01  0.00000E+00   3.97059E+01  0.00000E+00   0.00000E+00  0.00000E+00   2.53133E+01  0.00000E+00
   4      6.66667E+01  0.00000E+00   3.20755E+01  0.00000E+00   0.00000E+00  0.00000E+00   2.23404E+01  0.00000E+00
   5      4.33333E+01  0.00000E+00   2.66667E+01  0.00000E+00   0.00000E+00  0.00000E+00   2.35714E+01  0.00000E+00
   6      4.33333E+01  0.00000E+00   2.22222E+01  0.00000E+00       ---          ---       2.97619E+01  0.00000E+00
   7      2.85714E+01  0.00000E+00   2.38095E+01  0.00000E+00       ---          ---       2.50000E+01  0.00000E+00
   8          ---          ---       1.25000E+01  0.00000E+00       ---          ---       1.25000E+01  0.00000E+00
   9          ---          ---           ---          ---           ---          ---           ---          ---
  10      3.00000E+01  0.00000E+00       ---          ---           ---          ---       3.00000E+01  0.00000E+00
  11          ---          ---           ---          ---           ---          ---           ---          ---
  12          ---          ---           ---          ---           ---          ---           ---          ---
  13          ---          ---           ---          ---           ---          ---           ---          ---
  14          ---          ---           ---          ---           ---          ---           ---          ---
  15          ---          ---           ---          ---           ---          ---           ---          ---
  16          ---          ---           ---          ---           ---          ---           ---          ---
  17          ---          ---           ---          ---           ---          ---           ---          ---
  18          ---          ---           ---          ---           ---          ---           ---          ---
  19          ---          ---           ---          ---           ---          ---           ---          ---
  20          ---          ---           ---          ---           ---          ---           ---          ---
  21          ---          ---           ---          ---           ---          ---           ---          ---
  22          ---          ---           ---          ---           ---          ---           ---          ---
  23          ---          ---           ---          ---           ---          ---           ---          ---
  24          ---          ---           ---          ---           ---          ---           ---          ---
  25          ---          ---           ---          ---           ---          ---           ---          ---
  26          ---          ---           ---          ---           ---          ---           ---          ---
  27          ---          ---           ---          ---           ---          ---           ---          ---
  28          ---          ---           ---          ---           ---          ---           ---          ---
  29          ---          ---           ---          ---           ---          ---           ---          ---
  30          ---          ---           ---          ---           ---          ---           ---          ---
  31          ---          ---           ---          ---           ---          ---           ---          ---
  32          ---          ---           ---          ---           ---          ---           ---          ---
  33          ---          ---           ---          ---           ---          ---           ---          ---
  34          ---          ---           ---          ---           ---          ---           ---          ---
  35          ---          ---           ---          ---           ---          ---           ---          ---
  36          ---          ---           ---          ---           ---          ---           ---          ---
  37          ---          ---           ---          ---           ---          ---           ---          ---
  38          ---          ---           ---          ---           ---          ---           ---          ---
  39          ---          ---           ---          ---           ---          ---           ---          ---
  40          ---          ---           ---          ---           ---          ---           ---          ---
  41          ---          ---           ---          ---           ---          ---           ---          ---
  42          ---          ---           ---          ---           ---          ---           ---          ---
  43          ---          ---           ---          ---           ---          ---           ---          ---
  44          ---          ---           ---          ---           ---          ---           ---          ---
  45          ---          ---           ---          ---           ---          ---           ---          ---
  46          ---          ---           ---          ---           ---          ---           ---          ---
  47          ---          ---           ---          ---           ---          ---           ---          ---
  48          ---          ---           ---          ---           ---          ---           ---          ---
  49          ---          ---           ---          ---           ---          ---           ---          ---
  50          ---          ---           ---          ---           ---          ---           ---          ---
Average   7.92547E+01  0.00000E+00   7.35805E+01  0.00000E+00   0.00000E+00  0.00000E+00   2.48382E+01  0.00000E+00
-------------------------------------------------------------------------------------------------------------------
NOTES: (% Sb) is the percentage of lesions that are strand breaks. The number of Sb is [(% Sb)/100]*(# lesions).
The number of Bd is (1-(% Sb)/100)*(# lesions).
