===============================
MCDS Version 3.10A  05-DEC-2011
===============================
      0.029     running time (min)
  987654321     random number seed
          1     number of cells (nocs)
 0.0000E+00     water-equivalent material (WEM) thickness (mg/cm^2)
 1.0000E+00     Desired dose to the cell nucleus (Gy)
 6.0000E+00     DNA content (Gbp)

TARGET (cell) DEFINITION (4V/S = mean chord length)
========================================================
            DIAMETER     4V/S      Volume      Mass
               (um)      (um)      (um^3)      (ng)
--------------------------------------------------------
DNA            ---        ---     6.123E+00  6.123E-03
NUCLEUS     5.000E+00  3.333E+00  6.545E+01  6.545E-02
CYTOPLASM      ---        ---     -6.545E+01  -6.545E-02
CELL        0.000E+00  0.000E+00  0.000E+00  0.000E+00
========================================================
NOTE: In human DNA, 1 Gbp=0.979 ng (not including bound
H2O).  DNA volume computed using a density of 1 g/cm^3.

WARNING: volume of nucleus larger than the volume of the cell!

INCIDENT PARTICLE: 12C (mass = 1.20000E+01 u = 1.11749E+04 MeV/c^2)
  8.00000E+01 MeV >= 1.00000E-06 MeV
  6.66667E+00 MeV/A >= 8.33333E-08 MeV/A)
  1.33954E+03 MeV (p*c = momentum x speed of light)
  9.25688E-04 pm (de Broglie wavelength)
  1.00716E+00 = T/m0c2+1 (Lorentz factor) >= 1
  5.93372E+00 ABS(effective charge); Barkas 1963
  1.19019E-01 beta = (v/c) <= 1
  2.48554E+03 (zeff/beta)^2 <= 2.000E+05
  2.19694E+02 keV/um (total stopping power in H2O)
  2.19556E+02 keV/um ( 99.937% electronic)
  1.38271E-01 keV/um (  0.063% nuclear)
  2.23854E-02 CSDA range of particle (cm) in H2O

PARTICLE TRANSPORT - Beam of radiation incident on bottom of cell culture dish
(WEM=0.00 um, cell=0.00 um, nucleus=5.00 um; total distance traveled to
reach nucleus=-2.500 um of H2O).
==============================================================================
                                  ------- Cell --------  ------- Nucleus -----
                       Incident      Entry      Exit       Entry       Exit
==============================================================================
         KE (MeV)   8.0000E+01  8.0000E+01  8.0000E+01  8.0000E+01  7.9449E+01
    (Zeff/beta)^2   2.4855E+03  2.4855E+03  2.4855E+03  2.4855E+03  2.5017E+03
     LET (keV/um)   2.1969E+02  2.1969E+02  2.1969E+02  2.1969E+02  2.2084E+02
  Res. Range (um)   2.2385E+02  2.2385E+02  2.2385E+02  2.2385E+02  2.2135E+02
 DPUF1 (nGy-cm^2)   3.5195E+02  3.5195E+02  3.5195E+02  3.5195E+02  3.5378E+02
 DPUF2 (nGy-cm^2)      ---      NaN     ---      3.5332E+02     ---
       Edep (keV)      ---      NaN     ---      7.3517E+02     ---
      YF (keV/um)      ---      NaN     ---      2.2055E+02     ---
          ZF (Gy)      ---      NaN     ---      1.7995E+00     ---
==============================================================================
LET=(Stot-Srad); absorbed dose per unit fluence (DPUF1) = 1.602*LET/rho
Avg. absorbed dose within target (i.e., DPUF2) = 2.5*pi*d*d*zf
Edep = 0.1602*ZF*PI*d*d*d/6; yf = edep/lbar = 0.25*edep*{area}/{volume}

DAMAGE FORMATION AND CLUSTERING (normoxic conditions)
      37519     segment length, nseg (bp per cell per Gy)
       1300     number of strand breaks, sigSb (per cell per Gy)
       3900     number of base damages,  sigBd (per cell per Gy)
        3.0     base damage to strand break ratio, f
          9     minimum distance between clusters, Nmin (bp)
         10     maximum distance between two Sb to compose a DSB, Ndsb (bp)
        0.0     fraction Bl/Bd

OXYGEN SIMULATION (M0=1.740, K=0.3372, q=946.10, r=2.15)
  1.0000E+02 % O2 concentration (=760.00 mmHg)
  2.7351E-04 chemical repair probability (pcr)
  9.9973E-01 O2 fixation probability (1-pcr)
  1.0003E+00 Approx. HRF for SSB induction [=1/(1-pcr)]
  1.0005E+00 Approx. HRF for DSB induction [1/(1-pcr)]^2

DMSO SIMULATION
  5.0000E-01 fraction of non-scavengeable DNA damage (fnsd)
  5.0000E-01 concentration (mol dm^-3) at half-level (chmx)
  0.0000E+00 DMSO concentration (mol dm^-3)

TABLE 1. Percent (%) cluster yields by complexity, as classified using the scheme of Nikjoo et al. (IJRB 71, 
467-483 1997 and and Radiat. Res. 156, 577-583 2001).
===================================================================================================================
    42.847     BD    - one or more Bd (no Sb)
    34.145     SSB   - Sb (no auxilary damage)
     8.333     SSB+  - two Sb on the same strand
     4.425     2SSB  - two or more Sb on opposite strands separated by at least 10 bp
     4.646     DSB   - two Sb on opposite strands with a separation <= 10 bp
     3.245     DSB+  - DSB accompanied by one (or more) additional Sb within 10 bp separation
     2.360     DSB++ - more than one DSB whether within the 10 bp separation or further apart
    27.201     SSBc  - fraction of complex damage (SSB+ and 2SSB) among SSBs
    83.805     SSBcb - fraction of complex damage (SSB+ and 2SSB) among SSBs; base damage included
    54.676     DSBc  - fraction of complex damage (DSB+ and DSB++) among DSBs
    98.561     DSBcb - fraction of complex damage (DSB+ and DSB++) among DSBs; base damage included
===================================================================================================================

TABLE 2. Number of clusters per cell (DNA=6.000 Gbp, AD=1.000 Gy).
===================================================================================================================
Number of --------- DSB ----------   --------- SSB ----------   -------- OTHER ---------   ----- ALL CLUSTERS -----
 lesions    Average        SEM         Average        SEM         Average        SEM         Average        SEM    
===================================================================================================================
   1          ---          ---       1.03000E+02  0.00000E+00   2.75000E+02  0.00000E+00   3.78000E+02  0.00000E+00
   2      2.00000E+00  0.00000E+00   1.17000E+02  0.00000E+00   1.36000E+02  0.00000E+00   2.55000E+02  0.00000E+00
   3      2.50000E+01  0.00000E+00   9.60000E+01  0.00000E+00   6.30000E+01  0.00000E+00   1.84000E+02  0.00000E+00
   4      2.00000E+01  0.00000E+00   7.40000E+01  0.00000E+00   5.20000E+01  0.00000E+00   1.46000E+02  0.00000E+00
   5      1.90000E+01  0.00000E+00   5.30000E+01  0.00000E+00   2.50000E+01  0.00000E+00   9.70000E+01  0.00000E+00
   6      9.00000E+00  0.00000E+00   4.50000E+01  0.00000E+00   1.50000E+01  0.00000E+00   6.90000E+01  0.00000E+00
   7      9.00000E+00  0.00000E+00   3.80000E+01  0.00000E+00   4.00000E+00  0.00000E+00   5.10000E+01  0.00000E+00
   8      5.00000E+00  0.00000E+00   4.00000E+01  0.00000E+00   8.00000E+00  0.00000E+00   5.30000E+01  0.00000E+00
   9      7.00000E+00  0.00000E+00   1.80000E+01  0.00000E+00   1.00000E+00  0.00000E+00   2.60000E+01  0.00000E+00
  10      7.00000E+00  0.00000E+00   1.70000E+01  0.00000E+00   1.00000E+00  0.00000E+00   2.50000E+01  0.00000E+00
  11      1.00000E+01  0.00000E+00   8.00000E+00  0.00000E+00   1.00000E+00  0.00000E+00   1.90000E+01  0.00000E+00
  12      6.00000E+00  0.00000E+00   1.00000E+01  0.00000E+00       ---          ---       1.60000E+01  0.00000E+00
  13      4.00000E+00  0.00000E+00   9.00000E+00  0.00000E+00       ---          ---       1.30000E+01  0.00000E+00
  14      2.00000E+00  0.00000E+00   1.00000E+00  0.00000E+00       ---          ---       3.00000E+00  0.00000E+00
  15      3.00000E+00  0.00000E+00   2.00000E+00  0.00000E+00       ---          ---       5.00000E+00  0.00000E+00
  16      3.00000E+00  0.00000E+00   1.00000E+00  0.00000E+00       ---          ---       4.00000E+00  0.00000E+00
  17      2.00000E+00  0.00000E+00       ---          ---           ---          ---       2.00000E+00  0.00000E+00
  18      1.00000E+00  0.00000E+00   2.00000E+00  0.00000E+00       ---          ---       3.00000E+00  0.00000E+00
  19      1.00000E+00  0.00000E+00       ---          ---           ---          ---       1.00000E+00  0.00000E+00
  20          ---          ---           ---          ---           ---          ---           ---          ---
  21      1.00000E+00  0.00000E+00   1.00000E+00  0.00000E+00       ---          ---       2.00000E+00  0.00000E+00
  22      1.00000E+00  0.00000E+00       ---          ---           ---          ---       1.00000E+00  0.00000E+00
  23          ---          ---           ---          ---           ---          ---           ---          ---
  24          ---          ---       1.00000E+00  0.00000E+00       ---          ---       1.00000E+00  0.00000E+00
  25          ---          ---           ---          ---           ---          ---           ---          ---
  26      1.00000E+00  0.00000E+00       ---          ---           ---          ---       1.00000E+00  0.00000E+00
  27          ---          ---           ---          ---           ---          ---           ---          ---
  28          ---          ---           ---          ---           ---          ---           ---          ---
  29          ---          ---           ---          ---           ---          ---           ---          ---
  30          ---          ---           ---          ---           ---          ---           ---          ---
  31          ---          ---           ---          ---           ---          ---           ---          ---
  32          ---          ---           ---          ---           ---          ---           ---          ---
  33          ---          ---           ---          ---           ---          ---           ---          ---
  34          ---          ---           ---          ---           ---          ---           ---          ---
  35          ---          ---           ---          ---           ---          ---           ---          ---
  36          ---          ---           ---          ---           ---          ---           ---          ---
  37          ---          ---           ---          ---           ---          ---           ---          ---
  38          ---          ---           ---          ---           ---          ---           ---          ---
  39      1.00000E+00  0.00000E+00       ---          ---           ---          ---       1.00000E+00  0.00000E+00
  40          ---          ---           ---          ---           ---          ---           ---          ---
  41          ---          ---           ---          ---           ---          ---           ---          ---
  42          ---          ---           ---          ---           ---          ---           ---          ---
  43          ---          ---           ---          ---           ---          ---           ---          ---
  44          ---          ---           ---          ---           ---          ---           ---          ---
  45          ---          ---           ---          ---           ---          ---           ---          ---
  46          ---          ---           ---          ---           ---          ---           ---          ---
  47          ---          ---           ---          ---           ---          ---           ---          ---
  48          ---          ---           ---          ---           ---          ---           ---          ---
  49          ---          ---           ---          ---           ---          ---           ---          ---
  50          ---          ---           ---          ---           ---          ---           ---          ---
 Total    1.39000E+02  0.00000E+00   6.36000E+02  0.00000E+00   5.81000E+02  0.00000E+00   1.35600E+03  0.00000E+00
-------------------------------------------------------------------------------------------------------------------
NOTE: The category "OTHER" includes all classes of individual and clustered DNA lesion, except for SSB and DSB.
SEM = standard error of the mean.

TABLE 3. Number of clusters per cell per track (DNA=6.000 Gbp, ZF=1.79946 Gy).
===================================================================================================================
Number of --------- DSB ----------   --------- SSB ----------   -------- OTHER ---------   ----- ALL CLUSTERS -----
 lesions    Average        SEM         Average        SEM         Average        SEM         Average        SEM    
===================================================================================================================
   1          ---          ---       1.85345E+02  0.00000E+00   4.94852E+02  0.00000E+00   6.80197E+02  0.00000E+00
   2      3.59892E+00  0.00000E+00   2.10537E+02  0.00000E+00   2.44727E+02  0.00000E+00   4.58863E+02  0.00000E+00
   3      4.49865E+01  0.00000E+00   1.72748E+02  0.00000E+00   1.13366E+02  0.00000E+00   3.31101E+02  0.00000E+00
   4      3.59892E+01  0.00000E+00   1.33160E+02  0.00000E+00   9.35720E+01  0.00000E+00   2.62721E+02  0.00000E+00
   5      3.41898E+01  0.00000E+00   9.53715E+01  0.00000E+00   4.49865E+01  0.00000E+00   1.74548E+02  0.00000E+00
   6      1.61952E+01  0.00000E+00   8.09758E+01  0.00000E+00   2.69919E+01  0.00000E+00   1.24163E+02  0.00000E+00
   7      1.61952E+01  0.00000E+00   6.83795E+01  0.00000E+00   7.19785E+00  0.00000E+00   9.17726E+01  0.00000E+00
   8      8.99731E+00  0.00000E+00   7.19785E+01  0.00000E+00   1.43957E+01  0.00000E+00   9.53715E+01  0.00000E+00
   9      1.25962E+01  0.00000E+00   3.23903E+01  0.00000E+00   1.79946E+00  0.00000E+00   4.67860E+01  0.00000E+00
  10      1.25962E+01  0.00000E+00   3.05909E+01  0.00000E+00   1.79946E+00  0.00000E+00   4.49865E+01  0.00000E+00
  11      1.79946E+01  0.00000E+00   1.43957E+01  0.00000E+00   1.79946E+00  0.00000E+00   3.41898E+01  0.00000E+00
  12      1.07968E+01  0.00000E+00   1.79946E+01  0.00000E+00       ---          ---       2.87914E+01  0.00000E+00
  13      7.19785E+00  0.00000E+00   1.61952E+01  0.00000E+00       ---          ---       2.33930E+01  0.00000E+00
  14      3.59892E+00  0.00000E+00   1.79946E+00  0.00000E+00       ---          ---       5.39839E+00  0.00000E+00
  15      5.39839E+00  0.00000E+00   3.59892E+00  0.00000E+00       ---          ---       8.99731E+00  0.00000E+00
  16      5.39839E+00  0.00000E+00   1.79946E+00  0.00000E+00       ---          ---       7.19785E+00  0.00000E+00
  17      3.59892E+00  0.00000E+00       ---          ---           ---          ---       3.59892E+00  0.00000E+00
  18      1.79946E+00  0.00000E+00   3.59892E+00  0.00000E+00       ---          ---       5.39839E+00  0.00000E+00
  19      1.79946E+00  0.00000E+00       ---          ---           ---          ---       1.79946E+00  0.00000E+00
  20          ---          ---           ---          ---           ---          ---           ---          ---
  21      1.79946E+00  0.00000E+00   1.79946E+00  0.00000E+00       ---          ---       3.59892E+00  0.00000E+00
  22      1.79946E+00  0.00000E+00       ---          ---           ---          ---       1.79946E+00  0.00000E+00
  23          ---          ---           ---          ---           ---          ---           ---          ---
  24          ---          ---       1.79946E+00  0.00000E+00       ---          ---       1.79946E+00  0.00000E+00
  25          ---          ---           ---          ---           ---          ---           ---          ---
  26      1.79946E+00  0.00000E+00       ---          ---           ---          ---       1.79946E+00  0.00000E+00
  27          ---          ---           ---          ---           ---          ---           ---          ---
  28          ---          ---           ---          ---           ---          ---           ---          ---
  29          ---          ---           ---          ---           ---          ---           ---          ---
  30          ---          ---           ---          ---           ---          ---           ---          ---
  31          ---          ---           ---          ---           ---          ---           ---          ---
  32          ---          ---           ---          ---           ---          ---           ---          ---
  33          ---          ---           ---          ---           ---          ---           ---          ---
  34          ---          ---           ---          ---           ---          ---           ---          ---
  35          ---          ---           ---          ---           ---          ---           ---          ---
  36          ---          ---           ---          ---           ---          ---           ---          ---
  37          ---          ---           ---          ---           ---          ---           ---          ---
  38          ---          ---           ---          ---           ---          ---           ---          ---
  39      1.79946E+00  0.00000E+00       ---          ---           ---          ---       1.79946E+00  0.00000E+00
  40          ---          ---           ---          ---           ---          ---           ---          ---
  41          ---          ---           ---          ---           ---          ---           ---          ---
  42          ---          ---           ---          ---           ---          ---           ---          ---
  43          ---          ---           ---          ---           ---          ---           ---          ---
  44          ---          ---           ---          ---           ---          ---           ---          ---
  45          ---          ---           ---          ---           ---          ---           ---          ---
  46          ---          ---           ---          ---           ---          ---           ---          ---
  47          ---          ---           ---          ---           ---          ---           ---          ---
  48          ---          ---           ---          ---           ---          ---           ---          ---
  49          ---          ---           ---          ---           ---          ---           ---          ---
  50          ---          ---           ---          ---           ---          ---           ---          ---
 Total    2.50125E+02  0.00000E+00   1.14446E+03  0.00000E+00   1.04549E+03  0.00000E+00   2.44007E+03  0.00000E+00
-------------------------------------------------------------------------------------------------------------------

TABLE 4. Cluster Length (in base pair)
===================================================================================================================
Number of --------- DSB ----------   --------- SSB ----------   -------- OTHER ---------   ----- ALL CLUSTERS -----
 lesions    Average        SEM         Average        SEM         Average        SEM         Average        SEM    
===================================================================================================================
   1          ---          ---       1.00000E+00  0.00000E+00   1.00000E+00  0.00000E+00   1.00000E+00  0.00000E+00
   2      4.00000E+00  0.00000E+00   4.82906E+00  0.00000E+00   4.83088E+00  0.00000E+00   4.82353E+00  0.00000E+00
   3      6.92000E+00  0.00000E+00   8.59375E+00  0.00000E+00   8.23810E+00  0.00000E+00   8.24457E+00  0.00000E+00
   4      1.25500E+01  0.00000E+00   1.32432E+01  0.00000E+00   1.27692E+01  0.00000E+00   1.29795E+01  0.00000E+00
   5      1.43684E+01  0.00000E+00   1.65094E+01  0.00000E+00   1.67200E+01  0.00000E+00   1.61443E+01  0.00000E+00
   6      2.02222E+01  0.00000E+00   2.13333E+01  0.00000E+00   2.01333E+01  0.00000E+00   2.09275E+01  0.00000E+00
   7      2.56667E+01  0.00000E+00   2.58421E+01  0.00000E+00   2.17500E+01  0.00000E+00   2.54902E+01  0.00000E+00
   8      3.24000E+01  0.00000E+00   3.06000E+01  0.00000E+00   3.15000E+01  0.00000E+00   3.09057E+01  0.00000E+00
   9      3.08571E+01  0.00000E+00   3.39444E+01  0.00000E+00   2.80000E+01  0.00000E+00   3.28846E+01  0.00000E+00
  10      3.08571E+01  0.00000E+00   3.44706E+01  0.00000E+00   2.90000E+01  0.00000E+00   3.32400E+01  0.00000E+00
  11      4.11000E+01  0.00000E+00   4.20000E+01  0.00000E+00   2.50000E+01  0.00000E+00   4.06316E+01  0.00000E+00
  12      4.10000E+01  0.00000E+00   4.18000E+01  0.00000E+00       ---          ---       4.15000E+01  0.00000E+00
  13      4.65000E+01  0.00000E+00   5.17778E+01  0.00000E+00       ---          ---       5.01538E+01  0.00000E+00
  14      6.50000E+01  0.00000E+00   6.00000E+01  0.00000E+00       ---          ---       6.33333E+01  0.00000E+00
  15      6.06667E+01  0.00000E+00   5.60000E+01  0.00000E+00       ---          ---       5.88000E+01  0.00000E+00
  16      6.73333E+01  0.00000E+00   6.80000E+01  0.00000E+00       ---          ---       6.75000E+01  0.00000E+00
  17      7.15000E+01  0.00000E+00       ---          ---           ---          ---       7.15000E+01  0.00000E+00
  18      6.40000E+01  0.00000E+00   7.00000E+01  0.00000E+00       ---          ---       6.80000E+01  0.00000E+00
  19      5.70000E+01  0.00000E+00       ---          ---           ---          ---       5.70000E+01  0.00000E+00
  20          ---          ---           ---          ---           ---          ---           ---          ---
  21      8.30000E+01  0.00000E+00   7.00000E+01  0.00000E+00       ---          ---       7.65000E+01  0.00000E+00
  22      9.10000E+01  0.00000E+00       ---          ---           ---          ---       9.10000E+01  0.00000E+00
  23          ---          ---           ---          ---           ---          ---           ---          ---
  24          ---          ---       8.60000E+01  0.00000E+00       ---          ---       8.60000E+01  0.00000E+00
  25          ---          ---           ---          ---           ---          ---           ---          ---
  26      1.10000E+02  0.00000E+00       ---          ---           ---          ---       1.10000E+02  0.00000E+00
  27          ---          ---           ---          ---           ---          ---           ---          ---
  28          ---          ---           ---          ---           ---          ---           ---          ---
  29          ---          ---           ---          ---           ---          ---           ---          ---
  30          ---          ---           ---          ---           ---          ---           ---          ---
  31          ---          ---           ---          ---           ---          ---           ---          ---
  32          ---          ---           ---          ---           ---          ---           ---          ---
  33          ---          ---           ---          ---           ---          ---           ---          ---
  34          ---          ---           ---          ---           ---          ---           ---          ---
  35          ---          ---           ---          ---           ---          ---           ---          ---
  36          ---          ---           ---          ---           ---          ---           ---          ---
  37          ---          ---           ---          ---           ---          ---           ---          ---
  38          ---          ---           ---          ---           ---          ---           ---          ---
  39      1.30000E+02  0.00000E+00       ---          ---           ---          ---       1.30000E+02  0.00000E+00
  40          ---          ---           ---          ---           ---          ---           ---          ---
  41          ---          ---           ---          ---           ---          ---           ---          ---
  42          ---          ---           ---          ---           ---          ---           ---          ---
  43          ---          ---           ---          ---           ---          ---           ---          ---
  44          ---          ---           ---          ---           ---          ---           ---          ---
  45          ---          ---           ---          ---           ---          ---           ---          ---
  46          ---          ---           ---          ---           ---          ---           ---          ---
  47          ---          ---           ---          ---           ---          ---           ---          ---
  48          ---          ---           ---          ---           ---          ---           ---          ---
  49          ---          ---           ---          ---           ---          ---           ---          ---
  50          ---          ---           ---          ---           ---          ---           ---          ---
Average   2.69568E+01  0.00000E+00   1.48852E+01  0.00000E+00   5.60413E+00  0.00000E+00   1.21460E+01  0.00000E+00
-------------------------------------------------------------------------------------------------------------------

TABLE 5. Density of lesions forming a cluster (in units of lesions per nucleotide).
===================================================================================================================
Number of --------- DSB ----------   --------- SSB ----------   -------- OTHER ---------   ----- ALL CLUSTERS -----
 lesions    Average        SEM         Average        SEM         Average        SEM         Average        SEM    
===================================================================================================================
   1          ---          ---       5.00000E-01  0.00000E+00   5.00000E-01  0.00000E+00   5.00000E-01  0.00000E+00
   2      5.71429E-01  0.00000E+00   2.92257E-01  0.00000E+00   2.97943E-01  0.00000E+00   2.97479E-01  0.00000E+00
   3      2.99929E-01  0.00000E+00   2.14833E-01  0.00000E+00   2.14304E-01  0.00000E+00   2.26214E-01  0.00000E+00
   4      1.87908E-01  0.00000E+00   1.76144E-01  0.00000E+00   1.92549E-01  0.00000E+00   1.83598E-01  0.00000E+00
   5      1.99520E-01  0.00000E+00   1.69048E-01  0.00000E+00   1.72422E-01  0.00000E+00   1.75886E-01  0.00000E+00
   6      1.56255E-01  0.00000E+00   1.48782E-01  0.00000E+00   1.56467E-01  0.00000E+00   1.51427E-01  0.00000E+00
   7      1.41229E-01  0.00000E+00   1.43480E-01  0.00000E+00   1.69945E-01  0.00000E+00   1.45158E-01  0.00000E+00
   8      1.27962E-01  0.00000E+00   1.43153E-01  0.00000E+00   1.36299E-01  0.00000E+00   1.40685E-01  0.00000E+00
   9      1.57595E-01  0.00000E+00   1.41210E-01  0.00000E+00   1.60714E-01  0.00000E+00   1.46371E-01  0.00000E+00
  10      1.72629E-01  0.00000E+00   1.50690E-01  0.00000E+00   1.72414E-01  0.00000E+00   1.57702E-01  0.00000E+00
  11      1.36615E-01  0.00000E+00   1.39668E-01  0.00000E+00   2.20000E-01  0.00000E+00   1.42289E-01  0.00000E+00
  12      1.49236E-01  0.00000E+00   1.47988E-01  0.00000E+00       ---          ---       1.48456E-01  0.00000E+00
  13      1.40806E-01  0.00000E+00   1.28362E-01  0.00000E+00       ---          ---       1.32191E-01  0.00000E+00
  14      1.08333E-01  0.00000E+00   1.16667E-01  0.00000E+00       ---          ---       1.11111E-01  0.00000E+00
  15      1.26417E-01  0.00000E+00   1.36054E-01  0.00000E+00       ---          ---       1.30272E-01  0.00000E+00
  16      1.20528E-01  0.00000E+00   1.17647E-01  0.00000E+00       ---          ---       1.19808E-01  0.00000E+00
  17      1.18933E-01  0.00000E+00       ---          ---           ---          ---       1.18933E-01  0.00000E+00
  18      1.40625E-01  0.00000E+00   1.28808E-01  0.00000E+00       ---          ---       1.32747E-01  0.00000E+00
  19      1.66667E-01  0.00000E+00       ---          ---           ---          ---       1.66667E-01  0.00000E+00
  20          ---          ---           ---          ---           ---          ---           ---          ---
  21      1.26506E-01  0.00000E+00   1.50000E-01  0.00000E+00       ---          ---       1.38253E-01  0.00000E+00
  22      1.20879E-01  0.00000E+00       ---          ---           ---          ---       1.20879E-01  0.00000E+00
  23          ---          ---           ---          ---           ---          ---           ---          ---
  24          ---          ---       1.39535E-01  0.00000E+00       ---          ---       1.39535E-01  0.00000E+00
  25          ---          ---           ---          ---           ---          ---           ---          ---
  26      1.18182E-01  0.00000E+00       ---          ---           ---          ---       1.18182E-01  0.00000E+00
  27          ---          ---           ---          ---           ---          ---           ---          ---
  28          ---          ---           ---          ---           ---          ---           ---          ---
  29          ---          ---           ---          ---           ---          ---           ---          ---
  30          ---          ---           ---          ---           ---          ---           ---          ---
  31          ---          ---           ---          ---           ---          ---           ---          ---
  32          ---          ---           ---          ---           ---          ---           ---          ---
  33          ---          ---           ---          ---           ---          ---           ---          ---
  34          ---          ---           ---          ---           ---          ---           ---          ---
  35          ---          ---           ---          ---           ---          ---           ---          ---
  36          ---          ---           ---          ---           ---          ---           ---          ---
  37          ---          ---           ---          ---           ---          ---           ---          ---
  38          ---          ---           ---          ---           ---          ---           ---          ---
  39      1.50000E-01  0.00000E+00       ---          ---           ---          ---       1.50000E-01  0.00000E+00
  40          ---          ---           ---          ---           ---          ---           ---          ---
  41          ---          ---           ---          ---           ---          ---           ---          ---
  42          ---          ---           ---          ---           ---          ---           ---          ---
  43          ---          ---           ---          ---           ---          ---           ---          ---
  44          ---          ---           ---          ---           ---          ---           ---          ---
  45          ---          ---           ---          ---           ---          ---           ---          ---
  46          ---          ---           ---          ---           ---          ---           ---          ---
  47          ---          ---           ---          ---           ---          ---           ---          ---
  48          ---          ---           ---          ---           ---          ---           ---          ---
  49          ---          ---           ---          ---           ---          ---           ---          ---
  50          ---          ---           ---          ---           ---          ---           ---          ---
Average   1.91812E-01  0.00000E+00   2.45433E-01  0.00000E+00   3.62332E-01  0.00000E+00   2.90024E-01  0.00000E+00
-------------------------------------------------------------------------------------------------------------------
NOTE: Lesion density computed as the number of lesions per cluster divided by twice the cluster length.

TABLE 6. Cluster composition (% Sb per cluster)
===================================================================================================================
Number of --------- DSB ----------   --------- SSB ----------   -------- OTHER ---------   ----- ALL CLUSTERS -----
 lesions    Average        SEM         Average        SEM         Average        SEM         Average        SEM    
===================================================================================================================
   1          ---          ---       1.00000E+02  0.00000E+00   0.00000E+00  0.00000E+00   2.72487E+01  0.00000E+00
   2      1.00000E+02  0.00000E+00   5.21368E+01  0.00000E+00   0.00000E+00  0.00000E+00   2.47059E+01  0.00000E+00
   3      6.93333E+01  0.00000E+00   3.92361E+01  0.00000E+00   0.00000E+00  0.00000E+00   2.98913E+01  0.00000E+00
   4      5.50000E+01  0.00000E+00   3.20946E+01  0.00000E+00   0.00000E+00  0.00000E+00   2.38014E+01  0.00000E+00
   5      5.15789E+01  0.00000E+00   2.49057E+01  0.00000E+00   0.00000E+00  0.00000E+00   2.37113E+01  0.00000E+00
   6      4.81481E+01  0.00000E+00   2.55556E+01  0.00000E+00   0.00000E+00  0.00000E+00   2.29469E+01  0.00000E+00
   7      3.96825E+01  0.00000E+00   2.59398E+01  0.00000E+00   0.00000E+00  0.00000E+00   2.63305E+01  0.00000E+00
   8      4.25000E+01  0.00000E+00   2.37500E+01  0.00000E+00   0.00000E+00  0.00000E+00   2.19340E+01  0.00000E+00
   9      3.01587E+01  0.00000E+00   2.28395E+01  0.00000E+00   0.00000E+00  0.00000E+00   2.39316E+01  0.00000E+00
  10      3.57143E+01  0.00000E+00   1.88235E+01  0.00000E+00   0.00000E+00  0.00000E+00   2.28000E+01  0.00000E+00
  11      3.09091E+01  0.00000E+00   2.27273E+01  0.00000E+00   0.00000E+00  0.00000E+00   2.58373E+01  0.00000E+00
  12      3.19444E+01  0.00000E+00   2.00000E+01  0.00000E+00       ---          ---       2.44792E+01  0.00000E+00
  13      3.26923E+01  0.00000E+00   2.22222E+01  0.00000E+00       ---          ---       2.54438E+01  0.00000E+00
  14      3.57143E+01  0.00000E+00   2.14286E+01  0.00000E+00       ---          ---       3.09524E+01  0.00000E+00
  15      3.11111E+01  0.00000E+00   1.66667E+01  0.00000E+00       ---          ---       2.53333E+01  0.00000E+00
  16      2.91667E+01  0.00000E+00   1.25000E+01  0.00000E+00       ---          ---       2.50000E+01  0.00000E+00
  17      3.23529E+01  0.00000E+00       ---          ---           ---          ---       3.23529E+01  0.00000E+00
  18      2.77778E+01  0.00000E+00   1.94444E+01  0.00000E+00       ---          ---       2.22222E+01  0.00000E+00
  19      2.63158E+01  0.00000E+00       ---          ---           ---          ---       2.63158E+01  0.00000E+00
  20          ---          ---           ---          ---           ---          ---           ---          ---
  21      9.52381E+00  0.00000E+00   2.85714E+01  0.00000E+00       ---          ---       1.90476E+01  0.00000E+00
  22      4.09091E+01  0.00000E+00       ---          ---           ---          ---       4.09091E+01  0.00000E+00
  23          ---          ---           ---          ---           ---          ---           ---          ---
  24          ---          ---       1.66667E+01  0.00000E+00       ---          ---       1.66667E+01  0.00000E+00
  25          ---          ---           ---          ---           ---          ---           ---          ---
  26      2.30769E+01  0.00000E+00       ---          ---           ---          ---       2.30769E+01  0.00000E+00
  27          ---          ---           ---          ---           ---          ---           ---          ---
  28          ---          ---           ---          ---           ---          ---           ---          ---
  29          ---          ---           ---          ---           ---          ---           ---          ---
  30          ---          ---           ---          ---           ---          ---           ---          ---
  31          ---          ---           ---          ---           ---          ---           ---          ---
  32          ---          ---           ---          ---           ---          ---           ---          ---
  33          ---          ---           ---          ---           ---          ---           ---          ---
  34          ---          ---           ---          ---           ---          ---           ---          ---
  35          ---          ---           ---          ---           ---          ---           ---          ---
  36          ---          ---           ---          ---           ---          ---           ---          ---
  37          ---          ---           ---          ---           ---          ---           ---          ---
  38          ---          ---           ---          ---           ---          ---           ---          ---
  39      2.56410E+01  0.00000E+00       ---          ---           ---          ---       2.56410E+01  0.00000E+00
  40          ---          ---           ---          ---           ---          ---           ---          ---
  41          ---          ---           ---          ---           ---          ---           ---          ---
  42          ---          ---           ---          ---           ---          ---           ---          ---
  43          ---          ---           ---          ---           ---          ---           ---          ---
  44          ---          ---           ---          ---           ---          ---           ---          ---
  45          ---          ---           ---          ---           ---          ---           ---          ---
  46          ---          ---           ---          ---           ---          ---           ---          ---
  47          ---          ---           ---          ---           ---          ---           ---          ---
  48          ---          ---           ---          ---           ---          ---           ---          ---
  49          ---          ---           ---          ---           ---          ---           ---          ---
  50          ---          ---           ---          ---           ---          ---           ---          ---
Average   4.73321E+01  0.00000E+00   4.46725E+01  0.00000E+00   0.00000E+00  0.00000E+00   2.58045E+01  0.00000E+00
-------------------------------------------------------------------------------------------------------------------
NOTES: (% Sb) is the percentage of lesions that are strand breaks. The number of Sb is [(% Sb)/100]*(# lesions).
The number of Bd is (1-(% Sb)/100)*(# lesions).
