===============================
MCDS Version 3.10A  05-DEC-2011
===============================
      0.004     running time (min)
  987654321     random number seed
          1     number of cells (nocs)
 0.0000E+00     water-equivalent material (WEM) thickness (mg/cm^2)
 1.0000E+00     Desired dose to the cell nucleus (Gy)
 6.0000E+00     DNA content (Gbp)

TARGET (cell) DEFINITION (4V/S = mean chord length)
========================================================
            DIAMETER     4V/S      Volume      Mass
               (um)      (um)      (um^3)      (ng)
--------------------------------------------------------
DNA            ---        ---     6.123E+00  6.123E-03
NUCLEUS     5.000E+00  3.333E+00  6.545E+01  6.545E-02
CYTOPLASM      ---        ---     -6.545E+01  -6.545E-02
CELL        0.000E+00  0.000E+00  0.000E+00  0.000E+00
========================================================
NOTE: In human DNA, 1 Gbp=0.979 ng (not including bound
H2O).  DNA volume computed using a density of 1 g/cm^3.

WARNING: volume of nucleus larger than the volume of the cell!

INCIDENT PARTICLE: 12C (mass = 1.20000E+01 u = 1.11749E+04 MeV/c^2)
  5.90000E+03 MeV >= 1.00000E-06 MeV
  4.91667E+02 MeV/A >= 8.33333E-08 MeV/A)
  1.29102E+04 MeV (p*c = momentum x speed of light)
  9.60481E-05 pm (de Broglie wavelength)
  1.52797E+00 = T/m0c2+1 (Lorentz factor) >= 1
  6.00000E+00 ABS(effective charge); Barkas 1963
  7.56094E-01 beta = (v/c) <= 1
  6.29725E+01 (zeff/beta)^2 <= 2.000E+05
  9.81714E+00 keV/um (total stopping power in H2O)
  9.81484E+00 keV/um ( 99.977% electronic)
  2.29948E-03 keV/um (  0.023% nuclear)
  3.83513E+01 CSDA range of particle (cm) in H2O

PARTICLE TRANSPORT - Beam of radiation incident on bottom of cell culture dish
(WEM=0.00 um, cell=0.00 um, nucleus=5.00 um; total distance traveled to
reach nucleus=-2.500 um of H2O).
==============================================================================
                                  ------- Cell --------  ------- Nucleus -----
                       Incident      Entry      Exit       Entry       Exit
==============================================================================
         KE (MeV)   5.9000E+03  5.9000E+03  5.9000E+03  5.9000E+03  5.9000E+03
    (Zeff/beta)^2   6.2972E+01  6.2972E+01  6.2972E+01  6.2972E+01  6.2973E+01
     LET (keV/um)   9.8171E+00  9.8171E+00  9.8171E+00  9.8171E+00  9.8172E+00
  Res. Range (um)   3.8351E+05  3.8351E+05  3.8351E+05  3.8351E+05  3.8351E+05
 DPUF1 (nGy-cm^2)   1.5727E+01  1.5727E+01  1.5727E+01  1.5727E+01  1.5727E+01
 DPUF2 (nGy-cm^2)      ---      NaN     ---      1.5727E+01     ---
       Edep (keV)      ---      NaN     ---      3.2724E+01     ---
      YF (keV/um)      ---      NaN     ---      9.8171E+00     ---
          ZF (Gy)      ---      NaN     ---      8.0097E-02     ---
==============================================================================
LET=(Stot-Srad); absorbed dose per unit fluence (DPUF1) = 1.602*LET/rho
Avg. absorbed dose within target (i.e., DPUF2) = 2.5*pi*d*d*zf
Edep = 0.1602*ZF*PI*d*d*d/6; yf = edep/lbar = 0.25*edep*{area}/{volume}

DAMAGE FORMATION AND CLUSTERING (normoxic conditions)
     125611     segment length, nseg (bp per cell per Gy)
       1300     number of strand breaks, sigSb (per cell per Gy)
       3900     number of base damages,  sigBd (per cell per Gy)
        3.0     base damage to strand break ratio, f
          9     minimum distance between clusters, Nmin (bp)
         10     maximum distance between two Sb to compose a DSB, Ndsb (bp)
        0.0     fraction Bl/Bd

OXYGEN SIMULATION (M0=1.740, K=0.3372, q=946.10, r=2.15)
  1.0000E+02 % O2 concentration (=760.00 mmHg)
  2.4734E-03 chemical repair probability (pcr)
  9.9753E-01 O2 fixation probability (1-pcr)
  1.0025E+00 Approx. HRF for SSB induction [=1/(1-pcr)]
  1.0050E+00 Approx. HRF for DSB induction [1/(1-pcr)]^2

DMSO SIMULATION
  5.0000E-01 fraction of non-scavengeable DNA damage (fnsd)
  5.0000E-01 concentration (mol dm^-3) at half-level (chmx)
  0.0000E+00 DMSO concentration (mol dm^-3)

TABLE 1. Percent (%) cluster yields by complexity, as classified using the scheme of Nikjoo et al. (IJRB 71, 
467-483 1997 and and Radiat. Res. 156, 577-583 2001).
===================================================================================================================
    66.458     BD    - one or more Bd (no Sb)
    30.503     SSB   - Sb (no auxilary damage)
     1.590     SSB+  - two Sb on the same strand
     0.170     2SSB  - two or more Sb on opposite strands separated by at least 10 bp
     1.108     DSB   - two Sb on opposite strands with a separation <= 10 bp
     0.170     DSB+  - DSB accompanied by one (or more) additional Sb within 10 bp separation
     0.000     DSB++ - more than one DSB whether within the 10 bp separation or further apart
     5.458     SSBc  - fraction of complex damage (SSB+ and 2SSB) among SSBs
    45.951     SSBcb - fraction of complex damage (SSB+ and 2SSB) among SSBs; base damage included
    13.333     DSBc  - fraction of complex damage (DSB+ and DSB++) among DSBs
    44.444     DSBcb - fraction of complex damage (DSB+ and DSB++) among DSBs; base damage included
===================================================================================================================

TABLE 2. Number of clusters per cell (DNA=6.000 Gbp, AD=1.000 Gy).
===================================================================================================================
Number of --------- DSB ----------   --------- SSB ----------   -------- OTHER ---------   ----- ALL CLUSTERS -----
 lesions    Average        SEM         Average        SEM         Average        SEM         Average        SEM    
===================================================================================================================
   1          ---          ---       6.14000E+02  0.00000E+00   1.77600E+03  0.00000E+00   2.39000E+03  0.00000E+00
   2      2.50000E+01  0.00000E+00   3.05000E+02  0.00000E+00   4.40000E+02  0.00000E+00   7.70000E+02  0.00000E+00
   3      7.00000E+00  0.00000E+00   1.44000E+02  0.00000E+00   9.60000E+01  0.00000E+00   2.47000E+02  0.00000E+00
   4      8.00000E+00  0.00000E+00   5.10000E+01  0.00000E+00   1.60000E+01  0.00000E+00   7.50000E+01  0.00000E+00
   5      5.00000E+00  0.00000E+00   1.00000E+01  0.00000E+00   1.10000E+01  0.00000E+00   2.60000E+01  0.00000E+00
   6          ---          ---       6.00000E+00  0.00000E+00   1.00000E+00  0.00000E+00   7.00000E+00  0.00000E+00
   7          ---          ---       4.00000E+00  0.00000E+00       ---          ---       4.00000E+00  0.00000E+00
   8          ---          ---       2.00000E+00  0.00000E+00       ---          ---       2.00000E+00  0.00000E+00
   9          ---          ---           ---          ---           ---          ---           ---          ---
  10          ---          ---           ---          ---           ---          ---           ---          ---
  11          ---          ---           ---          ---           ---          ---           ---          ---
  12          ---          ---           ---          ---           ---          ---           ---          ---
  13          ---          ---           ---          ---           ---          ---           ---          ---
  14          ---          ---           ---          ---           ---          ---           ---          ---
  15          ---          ---           ---          ---           ---          ---           ---          ---
  16          ---          ---           ---          ---           ---          ---           ---          ---
  17          ---          ---           ---          ---           ---          ---           ---          ---
  18          ---          ---           ---          ---           ---          ---           ---          ---
  19          ---          ---           ---          ---           ---          ---           ---          ---
  20          ---          ---           ---          ---           ---          ---           ---          ---
  21          ---          ---           ---          ---           ---          ---           ---          ---
  22          ---          ---           ---          ---           ---          ---           ---          ---
  23          ---          ---           ---          ---           ---          ---           ---          ---
  24          ---          ---           ---          ---           ---          ---           ---          ---
  25          ---          ---           ---          ---           ---          ---           ---          ---
  26          ---          ---           ---          ---           ---          ---           ---          ---
  27          ---          ---           ---          ---           ---          ---           ---          ---
  28          ---          ---           ---          ---           ---          ---           ---          ---
  29          ---          ---           ---          ---           ---          ---           ---          ---
  30          ---          ---           ---          ---           ---          ---           ---          ---
  31          ---          ---           ---          ---           ---          ---           ---          ---
  32          ---          ---           ---          ---           ---          ---           ---          ---
  33          ---          ---           ---          ---           ---          ---           ---          ---
  34          ---          ---           ---          ---           ---          ---           ---          ---
  35          ---          ---           ---          ---           ---          ---           ---          ---
  36          ---          ---           ---          ---           ---          ---           ---          ---
  37          ---          ---           ---          ---           ---          ---           ---          ---
  38          ---          ---           ---          ---           ---          ---           ---          ---
  39          ---          ---           ---          ---           ---          ---           ---          ---
  40          ---          ---           ---          ---           ---          ---           ---          ---
  41          ---          ---           ---          ---           ---          ---           ---          ---
  42          ---          ---           ---          ---           ---          ---           ---          ---
  43          ---          ---           ---          ---           ---          ---           ---          ---
  44          ---          ---           ---          ---           ---          ---           ---          ---
  45          ---          ---           ---          ---           ---          ---           ---          ---
  46          ---          ---           ---          ---           ---          ---           ---          ---
  47          ---          ---           ---          ---           ---          ---           ---          ---
  48          ---          ---           ---          ---           ---          ---           ---          ---
  49          ---          ---           ---          ---           ---          ---           ---          ---
  50          ---          ---           ---          ---           ---          ---           ---          ---
 Total    4.50000E+01  0.00000E+00   1.13600E+03  0.00000E+00   2.34000E+03  0.00000E+00   3.52100E+03  0.00000E+00
-------------------------------------------------------------------------------------------------------------------
NOTE: The category "OTHER" includes all classes of individual and clustered DNA lesion, except for SSB and DSB.
SEM = standard error of the mean.

TABLE 3. Number of clusters per cell per track (DNA=6.000 Gbp, ZF=0.08010 Gy).
===================================================================================================================
Number of --------- DSB ----------   --------- SSB ----------   -------- OTHER ---------   ----- ALL CLUSTERS -----
 lesions    Average        SEM         Average        SEM         Average        SEM         Average        SEM    
===================================================================================================================
   1          ---          ---       4.91798E+01  0.00000E+00   1.42253E+02  0.00000E+00   1.91433E+02  0.00000E+00
   2      2.00243E+00  0.00000E+00   2.44297E+01  0.00000E+00   3.52428E+01  0.00000E+00   6.16749E+01  0.00000E+00
   3      5.60681E-01  0.00000E+00   1.15340E+01  0.00000E+00   7.68934E+00  0.00000E+00   1.97840E+01  0.00000E+00
   4      6.40779E-01  0.00000E+00   4.08496E+00  0.00000E+00   1.28156E+00  0.00000E+00   6.00730E+00  0.00000E+00
   5      4.00487E-01  0.00000E+00   8.00973E-01  0.00000E+00   8.81071E-01  0.00000E+00   2.08253E+00  0.00000E+00
   6          ---          ---       4.80584E-01  0.00000E+00   8.00973E-02  0.00000E+00   5.60681E-01  0.00000E+00
   7          ---          ---       3.20389E-01  0.00000E+00       ---          ---       3.20389E-01  0.00000E+00
   8          ---          ---       1.60195E-01  0.00000E+00       ---          ---       1.60195E-01  0.00000E+00
   9          ---          ---           ---          ---           ---          ---           ---          ---
  10          ---          ---           ---          ---           ---          ---           ---          ---
  11          ---          ---           ---          ---           ---          ---           ---          ---
  12          ---          ---           ---          ---           ---          ---           ---          ---
  13          ---          ---           ---          ---           ---          ---           ---          ---
  14          ---          ---           ---          ---           ---          ---           ---          ---
  15          ---          ---           ---          ---           ---          ---           ---          ---
  16          ---          ---           ---          ---           ---          ---           ---          ---
  17          ---          ---           ---          ---           ---          ---           ---          ---
  18          ---          ---           ---          ---           ---          ---           ---          ---
  19          ---          ---           ---          ---           ---          ---           ---          ---
  20          ---          ---           ---          ---           ---          ---           ---          ---
  21          ---          ---           ---          ---           ---          ---           ---          ---
  22          ---          ---           ---          ---           ---          ---           ---          ---
  23          ---          ---           ---          ---           ---          ---           ---          ---
  24          ---          ---           ---          ---           ---          ---           ---          ---
  25          ---          ---           ---          ---           ---          ---           ---          ---
  26          ---          ---           ---          ---           ---          ---           ---          ---
  27          ---          ---           ---          ---           ---          ---           ---          ---
  28          ---          ---           ---          ---           ---          ---           ---          ---
  29          ---          ---           ---          ---           ---          ---           ---          ---
  30          ---          ---           ---          ---           ---          ---           ---          ---
  31          ---          ---           ---          ---           ---          ---           ---          ---
  32          ---          ---           ---          ---           ---          ---           ---          ---
  33          ---          ---           ---          ---           ---          ---           ---          ---
  34          ---          ---           ---          ---           ---          ---           ---          ---
  35          ---          ---           ---          ---           ---          ---           ---          ---
  36          ---          ---           ---          ---           ---          ---           ---          ---
  37          ---          ---           ---          ---           ---          ---           ---          ---
  38          ---          ---           ---          ---           ---          ---           ---          ---
  39          ---          ---           ---          ---           ---          ---           ---          ---
  40          ---          ---           ---          ---           ---          ---           ---          ---
  41          ---          ---           ---          ---           ---          ---           ---          ---
  42          ---          ---           ---          ---           ---          ---           ---          ---
  43          ---          ---           ---          ---           ---          ---           ---          ---
  44          ---          ---           ---          ---           ---          ---           ---          ---
  45          ---          ---           ---          ---           ---          ---           ---          ---
  46          ---          ---           ---          ---           ---          ---           ---          ---
  47          ---          ---           ---          ---           ---          ---           ---          ---
  48          ---          ---           ---          ---           ---          ---           ---          ---
  49          ---          ---           ---          ---           ---          ---           ---          ---
  50          ---          ---           ---          ---           ---          ---           ---          ---
 Total    3.60438E+00  0.00000E+00   9.09906E+01  0.00000E+00   1.87428E+02  0.00000E+00   2.82023E+02  0.00000E+00
-------------------------------------------------------------------------------------------------------------------

TABLE 4. Cluster Length (in base pair)
===================================================================================================================
Number of --------- DSB ----------   --------- SSB ----------   -------- OTHER ---------   ----- ALL CLUSTERS -----
 lesions    Average        SEM         Average        SEM         Average        SEM         Average        SEM    
===================================================================================================================
   1          ---          ---       1.00000E+00  0.00000E+00   1.00000E+00  0.00000E+00   1.00000E+00  0.00000E+00
   2      5.76000E+00  0.00000E+00   5.50820E+00  0.00000E+00   5.61364E+00  0.00000E+00   5.57662E+00  0.00000E+00
   3      1.08571E+01  0.00000E+00   1.01042E+01  0.00000E+00   1.02188E+01  0.00000E+00   1.01700E+01  0.00000E+00
   4      1.22500E+01  0.00000E+00   1.41765E+01  0.00000E+00   1.32500E+01  0.00000E+00   1.37733E+01  0.00000E+00
   5      2.00000E+01  0.00000E+00   1.91000E+01  0.00000E+00   1.84545E+01  0.00000E+00   1.90000E+01  0.00000E+00
   6          ---          ---       2.43333E+01  0.00000E+00   1.90000E+01  0.00000E+00   2.35714E+01  0.00000E+00
   7          ---          ---       2.40000E+01  0.00000E+00       ---          ---       2.40000E+01  0.00000E+00
   8          ---          ---       3.45000E+01  0.00000E+00       ---          ---       3.45000E+01  0.00000E+00
   9          ---          ---           ---          ---           ---          ---           ---          ---
  10          ---          ---           ---          ---           ---          ---           ---          ---
  11          ---          ---           ---          ---           ---          ---           ---          ---
  12          ---          ---           ---          ---           ---          ---           ---          ---
  13          ---          ---           ---          ---           ---          ---           ---          ---
  14          ---          ---           ---          ---           ---          ---           ---          ---
  15          ---          ---           ---          ---           ---          ---           ---          ---
  16          ---          ---           ---          ---           ---          ---           ---          ---
  17          ---          ---           ---          ---           ---          ---           ---          ---
  18          ---          ---           ---          ---           ---          ---           ---          ---
  19          ---          ---           ---          ---           ---          ---           ---          ---
  20          ---          ---           ---          ---           ---          ---           ---          ---
  21          ---          ---           ---          ---           ---          ---           ---          ---
  22          ---          ---           ---          ---           ---          ---           ---          ---
  23          ---          ---           ---          ---           ---          ---           ---          ---
  24          ---          ---           ---          ---           ---          ---           ---          ---
  25          ---          ---           ---          ---           ---          ---           ---          ---
  26          ---          ---           ---          ---           ---          ---           ---          ---
  27          ---          ---           ---          ---           ---          ---           ---          ---
  28          ---          ---           ---          ---           ---          ---           ---          ---
  29          ---          ---           ---          ---           ---          ---           ---          ---
  30          ---          ---           ---          ---           ---          ---           ---          ---
  31          ---          ---           ---          ---           ---          ---           ---          ---
  32          ---          ---           ---          ---           ---          ---           ---          ---
  33          ---          ---           ---          ---           ---          ---           ---          ---
  34          ---          ---           ---          ---           ---          ---           ---          ---
  35          ---          ---           ---          ---           ---          ---           ---          ---
  36          ---          ---           ---          ---           ---          ---           ---          ---
  37          ---          ---           ---          ---           ---          ---           ---          ---
  38          ---          ---           ---          ---           ---          ---           ---          ---
  39          ---          ---           ---          ---           ---          ---           ---          ---
  40          ---          ---           ---          ---           ---          ---           ---          ---
  41          ---          ---           ---          ---           ---          ---           ---          ---
  42          ---          ---           ---          ---           ---          ---           ---          ---
  43          ---          ---           ---          ---           ---          ---           ---          ---
  44          ---          ---           ---          ---           ---          ---           ---          ---
  45          ---          ---           ---          ---           ---          ---           ---          ---
  46          ---          ---           ---          ---           ---          ---           ---          ---
  47          ---          ---           ---          ---           ---          ---           ---          ---
  48          ---          ---           ---          ---           ---          ---           ---          ---
  49          ---          ---           ---          ---           ---          ---           ---          ---
  50          ---          ---           ---          ---           ---          ---           ---          ---
Average   9.28889E+00  0.00000E+00   4.37852E+00  0.00000E+00   2.41923E+00  0.00000E+00   3.13917E+00  0.00000E+00
-------------------------------------------------------------------------------------------------------------------

TABLE 5. Density of lesions forming a cluster (in units of lesions per nucleotide).
===================================================================================================================
Number of --------- DSB ----------   --------- SSB ----------   -------- OTHER ---------   ----- ALL CLUSTERS -----
 lesions    Average        SEM         Average        SEM         Average        SEM         Average        SEM    
===================================================================================================================
   1          ---          ---       5.00000E-01  0.00000E+00   5.00000E-01  0.00000E+00   5.00000E-01  0.00000E+00
   2      3.21937E-01  0.00000E+00   2.53234E-01  0.00000E+00   2.61139E-01  0.00000E+00   2.59982E-01  0.00000E+00
   3      1.44545E-01  0.00000E+00   1.75423E-01  0.00000E+00   1.76087E-01  0.00000E+00   1.74806E-01  0.00000E+00
   4      1.84509E-01  0.00000E+00   1.60765E-01  0.00000E+00   1.77491E-01  0.00000E+00   1.66866E-01  0.00000E+00
   5      1.29481E-01  0.00000E+00   1.41568E-01  0.00000E+00   1.52420E-01  0.00000E+00   1.43835E-01  0.00000E+00
   6          ---          ---       1.25238E-01  0.00000E+00   1.57895E-01  0.00000E+00   1.29903E-01  0.00000E+00
   7          ---          ---       1.52522E-01  0.00000E+00       ---          ---       1.52522E-01  0.00000E+00
   8          ---          ---       1.18966E-01  0.00000E+00       ---          ---       1.18966E-01  0.00000E+00
   9          ---          ---           ---          ---           ---          ---           ---          ---
  10          ---          ---           ---          ---           ---          ---           ---          ---
  11          ---          ---           ---          ---           ---          ---           ---          ---
  12          ---          ---           ---          ---           ---          ---           ---          ---
  13          ---          ---           ---          ---           ---          ---           ---          ---
  14          ---          ---           ---          ---           ---          ---           ---          ---
  15          ---          ---           ---          ---           ---          ---           ---          ---
  16          ---          ---           ---          ---           ---          ---           ---          ---
  17          ---          ---           ---          ---           ---          ---           ---          ---
  18          ---          ---           ---          ---           ---          ---           ---          ---
  19          ---          ---           ---          ---           ---          ---           ---          ---
  20          ---          ---           ---          ---           ---          ---           ---          ---
  21          ---          ---           ---          ---           ---          ---           ---          ---
  22          ---          ---           ---          ---           ---          ---           ---          ---
  23          ---          ---           ---          ---           ---          ---           ---          ---
  24          ---          ---           ---          ---           ---          ---           ---          ---
  25          ---          ---           ---          ---           ---          ---           ---          ---
  26          ---          ---           ---          ---           ---          ---           ---          ---
  27          ---          ---           ---          ---           ---          ---           ---          ---
  28          ---          ---           ---          ---           ---          ---           ---          ---
  29          ---          ---           ---          ---           ---          ---           ---          ---
  30          ---          ---           ---          ---           ---          ---           ---          ---
  31          ---          ---           ---          ---           ---          ---           ---          ---
  32          ---          ---           ---          ---           ---          ---           ---          ---
  33          ---          ---           ---          ---           ---          ---           ---          ---
  34          ---          ---           ---          ---           ---          ---           ---          ---
  35          ---          ---           ---          ---           ---          ---           ---          ---
  36          ---          ---           ---          ---           ---          ---           ---          ---
  37          ---          ---           ---          ---           ---          ---           ---          ---
  38          ---          ---           ---          ---           ---          ---           ---          ---
  39          ---          ---           ---          ---           ---          ---           ---          ---
  40          ---          ---           ---          ---           ---          ---           ---          ---
  41          ---          ---           ---          ---           ---          ---           ---          ---
  42          ---          ---           ---          ---           ---          ---           ---          ---
  43          ---          ---           ---          ---           ---          ---           ---          ---
  44          ---          ---           ---          ---           ---          ---           ---          ---
  45          ---          ---           ---          ---           ---          ---           ---          ---
  46          ---          ---           ---          ---           ---          ---           ---          ---
  47          ---          ---           ---          ---           ---          ---           ---          ---
  48          ---          ---           ---          ---           ---          ---           ---          ---
  49          ---          ---           ---          ---           ---          ---           ---          ---
  50          ---          ---           ---          ---           ---          ---           ---          ---
Average   2.48527E-01  0.00000E+00   3.70345E-01  0.00000E+00   4.37812E-01  0.00000E+00   4.13625E-01  0.00000E+00
-------------------------------------------------------------------------------------------------------------------
NOTE: Lesion density computed as the number of lesions per cluster divided by twice the cluster length.

TABLE 6. Cluster composition (% Sb per cluster)
===================================================================================================================
Number of --------- DSB ----------   --------- SSB ----------   -------- OTHER ---------   ----- ALL CLUSTERS -----
 lesions    Average        SEM         Average        SEM         Average        SEM         Average        SEM    
===================================================================================================================
   1          ---          ---       1.00000E+02  0.00000E+00   0.00000E+00  0.00000E+00   2.56904E+01  0.00000E+00
   2      1.00000E+02  0.00000E+00   5.31148E+01  0.00000E+00   0.00000E+00  0.00000E+00   2.42857E+01  0.00000E+00
   3      7.61905E+01  0.00000E+00   3.93519E+01  0.00000E+00   0.00000E+00  0.00000E+00   2.51012E+01  0.00000E+00
   4      5.31250E+01  0.00000E+00   2.99020E+01  0.00000E+00   0.00000E+00  0.00000E+00   2.60000E+01  0.00000E+00
   5      5.20000E+01  0.00000E+00   3.00000E+01  0.00000E+00   0.00000E+00  0.00000E+00   2.15385E+01  0.00000E+00
   6          ---          ---       2.22222E+01  0.00000E+00   0.00000E+00  0.00000E+00   1.90476E+01  0.00000E+00
   7          ---          ---       2.14286E+01  0.00000E+00       ---          ---       2.14286E+01  0.00000E+00
   8          ---          ---       1.87500E+01  0.00000E+00       ---          ---       1.87500E+01  0.00000E+00
   9          ---          ---           ---          ---           ---          ---           ---          ---
  10          ---          ---           ---          ---           ---          ---           ---          ---
  11          ---          ---           ---          ---           ---          ---           ---          ---
  12          ---          ---           ---          ---           ---          ---           ---          ---
  13          ---          ---           ---          ---           ---          ---           ---          ---
  14          ---          ---           ---          ---           ---          ---           ---          ---
  15          ---          ---           ---          ---           ---          ---           ---          ---
  16          ---          ---           ---          ---           ---          ---           ---          ---
  17          ---          ---           ---          ---           ---          ---           ---          ---
  18          ---          ---           ---          ---           ---          ---           ---          ---
  19          ---          ---           ---          ---           ---          ---           ---          ---
  20          ---          ---           ---          ---           ---          ---           ---          ---
  21          ---          ---           ---          ---           ---          ---           ---          ---
  22          ---          ---           ---          ---           ---          ---           ---          ---
  23          ---          ---           ---          ---           ---          ---           ---          ---
  24          ---          ---           ---          ---           ---          ---           ---          ---
  25          ---          ---           ---          ---           ---          ---           ---          ---
  26          ---          ---           ---          ---           ---          ---           ---          ---
  27          ---          ---           ---          ---           ---          ---           ---          ---
  28          ---          ---           ---          ---           ---          ---           ---          ---
  29          ---          ---           ---          ---           ---          ---           ---          ---
  30          ---          ---           ---          ---           ---          ---           ---          ---
  31          ---          ---           ---          ---           ---          ---           ---          ---
  32          ---          ---           ---          ---           ---          ---           ---          ---
  33          ---          ---           ---          ---           ---          ---           ---          ---
  34          ---          ---           ---          ---           ---          ---           ---          ---
  35          ---          ---           ---          ---           ---          ---           ---          ---
  36          ---          ---           ---          ---           ---          ---           ---          ---
  37          ---          ---           ---          ---           ---          ---           ---          ---
  38          ---          ---           ---          ---           ---          ---           ---          ---
  39          ---          ---           ---          ---           ---          ---           ---          ---
  40          ---          ---           ---          ---           ---          ---           ---          ---
  41          ---          ---           ---          ---           ---          ---           ---          ---
  42          ---          ---           ---          ---           ---          ---           ---          ---
  43          ---          ---           ---          ---           ---          ---           ---          ---
  44          ---          ---           ---          ---           ---          ---           ---          ---
  45          ---          ---           ---          ---           ---          ---           ---          ---
  46          ---          ---           ---          ---           ---          ---           ---          ---
  47          ---          ---           ---          ---           ---          ---           ---          ---
  48          ---          ---           ---          ---           ---          ---           ---          ---
  49          ---          ---           ---          ---           ---          ---           ---          ---
  50          ---          ---           ---          ---           ---          ---           ---          ---
Average   8.26296E+01  0.00000E+00   7.51305E+01  0.00000E+00   0.00000E+00  0.00000E+00   2.52958E+01  0.00000E+00
-------------------------------------------------------------------------------------------------------------------
NOTES: (% Sb) is the percentage of lesions that are strand breaks. The number of Sb is [(% Sb)/100]*(# lesions).
The number of Bd is (1-(% Sb)/100)*(# lesions).
