===============================
MCDS Version 3.10A  05-DEC-2011
===============================
      0.012     running time (min)
  987654321     random number seed
          1     number of cells (nocs)
 0.0000E+00     water-equivalent material (WEM) thickness (mg/cm^2)
 1.0000E+00     Desired dose to the cell nucleus (Gy)
 6.0000E+00     DNA content (Gbp)

TARGET (cell) DEFINITION (4V/S = mean chord length)
========================================================
            DIAMETER     4V/S      Volume      Mass
               (um)      (um)      (um^3)      (ng)
--------------------------------------------------------
DNA            ---        ---     6.123E+00  6.123E-03
NUCLEUS     5.000E+00  3.333E+00  6.545E+01  6.545E-02
CYTOPLASM      ---        ---     -6.545E+01  -6.545E-02
CELL        0.000E+00  0.000E+00  0.000E+00  0.000E+00
========================================================
NOTE: In human DNA, 1 Gbp=0.979 ng (not including bound
H2O).  DNA volume computed using a density of 1 g/cm^3.

WARNING: volume of nucleus larger than the volume of the cell!

INCIDENT PARTICLE: 12C (mass = 1.20000E+01 u = 1.11749E+04 MeV/c^2)
  1.80000E+02 MeV >= 1.00000E-06 MeV
  1.50000E+01 MeV/A >= 8.33333E-08 MeV/A)
  2.01379E+03 MeV (p*c = momentum x speed of light)
  6.15754E-04 pm (de Broglie wavelength)
  1.01611E+00 = T/m0c2+1 (Lorentz factor) >= 1
  5.99272E+00 ABS(effective charge); Barkas 1963
  1.77350E-01 beta = (v/c) <= 1
  1.14178E+03 (zeff/beta)^2 <= 2.000E+05
  1.16526E+02 keV/um (total stopping power in H2O)
  1.16459E+02 keV/um ( 99.943% electronic)
  6.68458E-02 keV/um (  0.057% nuclear)
  8.84033E-02 CSDA range of particle (cm) in H2O

PARTICLE TRANSPORT - Beam of radiation incident on bottom of cell culture dish
(WEM=0.00 um, cell=0.00 um, nucleus=5.00 um; total distance traveled to
reach nucleus=-2.500 um of H2O).
==============================================================================
                                  ------- Cell --------  ------- Nucleus -----
                       Incident      Entry      Exit       Entry       Exit
==============================================================================
         KE (MeV)   1.8000E+02  1.8000E+02  1.8000E+02  1.8000E+02  1.7971E+02
    (Zeff/beta)^2   1.1418E+03  1.1418E+03  1.1418E+03  1.1418E+03  1.1436E+03
     LET (keV/um)   1.1653E+02  1.1653E+02  1.1653E+02  1.1653E+02  1.1668E+02
  Res. Range (um)   8.8403E+02  8.8403E+02  8.8403E+02  8.8403E+02  8.8153E+02
 DPUF1 (nGy-cm^2)   1.8667E+02  1.8667E+02  1.8667E+02  1.8667E+02  1.8692E+02
 DPUF2 (nGy-cm^2)      ---      NaN     ---      1.8686E+02     ---
       Edep (keV)      ---      NaN     ---      3.8880E+02     ---
      YF (keV/um)      ---      NaN     ---      1.1664E+02     ---
          ZF (Gy)      ---      NaN     ---      9.5165E-01     ---
==============================================================================
LET=(Stot-Srad); absorbed dose per unit fluence (DPUF1) = 1.602*LET/rho
Avg. absorbed dose within target (i.e., DPUF2) = 2.5*pi*d*d*zf
Edep = 0.1602*ZF*PI*d*d*d/6; yf = edep/lbar = 0.25*edep*{area}/{volume}

DAMAGE FORMATION AND CLUSTERING (normoxic conditions)
      48995     segment length, nseg (bp per cell per Gy)
       1300     number of strand breaks, sigSb (per cell per Gy)
       3900     number of base damages,  sigBd (per cell per Gy)
        3.0     base damage to strand break ratio, f
          9     minimum distance between clusters, Nmin (bp)
         10     maximum distance between two Sb to compose a DSB, Ndsb (bp)
        0.0     fraction Bl/Bd

OXYGEN SIMULATION (M0=1.740, K=0.3372, q=946.10, r=2.15)
  1.0000E+02 % O2 concentration (=760.00 mmHg)
  9.9252E-04 chemical repair probability (pcr)
  9.9901E-01 O2 fixation probability (1-pcr)
  1.0010E+00 Approx. HRF for SSB induction [=1/(1-pcr)]
  1.0020E+00 Approx. HRF for DSB induction [1/(1-pcr)]^2

DMSO SIMULATION
  5.0000E-01 fraction of non-scavengeable DNA damage (fnsd)
  5.0000E-01 concentration (mol dm^-3) at half-level (chmx)
  0.0000E+00 DMSO concentration (mol dm^-3)

TABLE 1. Percent (%) cluster yields by complexity, as classified using the scheme of Nikjoo et al. (IJRB 71, 
467-483 1997 and and Radiat. Res. 156, 577-583 2001).
===================================================================================================================
    52.954     BD    - one or more Bd (no Sb)
    31.435     SSB   - Sb (no auxilary damage)
     6.435     SSB+  - two Sb on the same strand
     2.215     2SSB  - two or more Sb on opposite strands separated by at least 10 bp
     4.483     DSB   - two Sb on opposite strands with a separation <= 10 bp
     1.530     DSB+  - DSB accompanied by one (or more) additional Sb within 10 bp separation
     0.949     DSB++ - more than one DSB whether within the 10 bp separation or further apart
    21.579     SSBc  - fraction of complex damage (SSB+ and 2SSB) among SSBs
    80.263     SSBcb - fraction of complex damage (SSB+ and 2SSB) among SSBs; base damage included
    35.606     DSBc  - fraction of complex damage (DSB+ and DSB++) among DSBs
    90.152     DSBcb - fraction of complex damage (DSB+ and DSB++) among DSBs; base damage included
===================================================================================================================

TABLE 2. Number of clusters per cell (DNA=6.000 Gbp, AD=1.000 Gy).
===================================================================================================================
Number of --------- DSB ----------   --------- SSB ----------   -------- OTHER ---------   ----- ALL CLUSTERS -----
 lesions    Average        SEM         Average        SEM         Average        SEM         Average        SEM    
===================================================================================================================
   1          ---          ---       1.50000E+02  0.00000E+00   5.17000E+02  0.00000E+00   6.67000E+02  0.00000E+00
   2      1.30000E+01  0.00000E+00   1.96000E+02  0.00000E+00   2.86000E+02  0.00000E+00   4.95000E+02  0.00000E+00
   3      2.90000E+01  0.00000E+00   1.38000E+02  0.00000E+00   9.20000E+01  0.00000E+00   2.59000E+02  0.00000E+00
   4      2.40000E+01  0.00000E+00   8.70000E+01  0.00000E+00   4.80000E+01  0.00000E+00   1.59000E+02  0.00000E+00
   5      2.10000E+01  0.00000E+00   6.80000E+01  0.00000E+00   3.40000E+01  0.00000E+00   1.23000E+02  0.00000E+00
   6      1.50000E+01  0.00000E+00   3.80000E+01  0.00000E+00   1.30000E+01  0.00000E+00   6.60000E+01  0.00000E+00
   7      9.00000E+00  0.00000E+00   2.20000E+01  0.00000E+00   5.00000E+00  0.00000E+00   3.60000E+01  0.00000E+00
   8      4.00000E+00  0.00000E+00   2.50000E+01  0.00000E+00   4.00000E+00  0.00000E+00   3.30000E+01  0.00000E+00
   9      9.00000E+00  0.00000E+00   1.70000E+01  0.00000E+00   2.00000E+00  0.00000E+00   2.80000E+01  0.00000E+00
  10      2.00000E+00  0.00000E+00   8.00000E+00  0.00000E+00   3.00000E+00  0.00000E+00   1.30000E+01  0.00000E+00
  11      3.00000E+00  0.00000E+00   3.00000E+00  0.00000E+00       ---          ---       6.00000E+00  0.00000E+00
  12          ---          ---       5.00000E+00  0.00000E+00       ---          ---       5.00000E+00  0.00000E+00
  13          ---          ---           ---          ---           ---          ---           ---          ---
  14      2.00000E+00  0.00000E+00   2.00000E+00  0.00000E+00       ---          ---       4.00000E+00  0.00000E+00
  15          ---          ---           ---          ---           ---          ---           ---          ---
  16          ---          ---       1.00000E+00  0.00000E+00       ---          ---       1.00000E+00  0.00000E+00
  17          ---          ---           ---          ---           ---          ---           ---          ---
  18      1.00000E+00  0.00000E+00       ---          ---           ---          ---       1.00000E+00  0.00000E+00
  19          ---          ---           ---          ---           ---          ---           ---          ---
  20          ---          ---           ---          ---           ---          ---           ---          ---
  21          ---          ---           ---          ---           ---          ---           ---          ---
  22          ---          ---           ---          ---           ---          ---           ---          ---
  23          ---          ---           ---          ---           ---          ---           ---          ---
  24          ---          ---           ---          ---           ---          ---           ---          ---
  25          ---          ---           ---          ---           ---          ---           ---          ---
  26          ---          ---           ---          ---           ---          ---           ---          ---
  27          ---          ---           ---          ---           ---          ---           ---          ---
  28          ---          ---           ---          ---           ---          ---           ---          ---
  29          ---          ---           ---          ---           ---          ---           ---          ---
  30          ---          ---           ---          ---           ---          ---           ---          ---
  31          ---          ---           ---          ---           ---          ---           ---          ---
  32          ---          ---           ---          ---           ---          ---           ---          ---
  33          ---          ---           ---          ---           ---          ---           ---          ---
  34          ---          ---           ---          ---           ---          ---           ---          ---
  35          ---          ---           ---          ---           ---          ---           ---          ---
  36          ---          ---           ---          ---           ---          ---           ---          ---
  37          ---          ---           ---          ---           ---          ---           ---          ---
  38          ---          ---           ---          ---           ---          ---           ---          ---
  39          ---          ---           ---          ---           ---          ---           ---          ---
  40          ---          ---           ---          ---           ---          ---           ---          ---
  41          ---          ---           ---          ---           ---          ---           ---          ---
  42          ---          ---           ---          ---           ---          ---           ---          ---
  43          ---          ---           ---          ---           ---          ---           ---          ---
  44          ---          ---           ---          ---           ---          ---           ---          ---
  45          ---          ---           ---          ---           ---          ---           ---          ---
  46          ---          ---           ---          ---           ---          ---           ---          ---
  47          ---          ---           ---          ---           ---          ---           ---          ---
  48          ---          ---           ---          ---           ---          ---           ---          ---
  49          ---          ---           ---          ---           ---          ---           ---          ---
  50          ---          ---           ---          ---           ---          ---           ---          ---
 Total    1.32000E+02  0.00000E+00   7.60000E+02  0.00000E+00   1.00400E+03  0.00000E+00   1.89600E+03  0.00000E+00
-------------------------------------------------------------------------------------------------------------------
NOTE: The category "OTHER" includes all classes of individual and clustered DNA lesion, except for SSB and DSB.
SEM = standard error of the mean.

TABLE 3. Number of clusters per cell per track (DNA=6.000 Gbp, ZF=0.95165 Gy).
===================================================================================================================
Number of --------- DSB ----------   --------- SSB ----------   -------- OTHER ---------   ----- ALL CLUSTERS -----
 lesions    Average        SEM         Average        SEM         Average        SEM         Average        SEM    
===================================================================================================================
   1          ---          ---       1.42748E+02  0.00000E+00   4.92004E+02  0.00000E+00   6.34752E+02  0.00000E+00
   2      1.23715E+01  0.00000E+00   1.86524E+02  0.00000E+00   2.72173E+02  0.00000E+00   4.71068E+02  0.00000E+00
   3      2.75979E+01  0.00000E+00   1.31328E+02  0.00000E+00   8.75520E+01  0.00000E+00   2.46478E+02  0.00000E+00
   4      2.28397E+01  0.00000E+00   8.27938E+01  0.00000E+00   4.56793E+01  0.00000E+00   1.51313E+02  0.00000E+00
   5      1.99847E+01  0.00000E+00   6.47124E+01  0.00000E+00   3.23562E+01  0.00000E+00   1.17053E+02  0.00000E+00
   6      1.42748E+01  0.00000E+00   3.61628E+01  0.00000E+00   1.23715E+01  0.00000E+00   6.28091E+01  0.00000E+00
   7      8.56487E+00  0.00000E+00   2.09364E+01  0.00000E+00   4.75826E+00  0.00000E+00   3.42595E+01  0.00000E+00
   8      3.80661E+00  0.00000E+00   2.37913E+01  0.00000E+00   3.80661E+00  0.00000E+00   3.14045E+01  0.00000E+00
   9      8.56487E+00  0.00000E+00   1.61781E+01  0.00000E+00   1.90330E+00  0.00000E+00   2.66463E+01  0.00000E+00
  10      1.90330E+00  0.00000E+00   7.61322E+00  0.00000E+00   2.85496E+00  0.00000E+00   1.23715E+01  0.00000E+00
  11      2.85496E+00  0.00000E+00   2.85496E+00  0.00000E+00       ---          ---       5.70991E+00  0.00000E+00
  12          ---          ---       4.75826E+00  0.00000E+00       ---          ---       4.75826E+00  0.00000E+00
  13          ---          ---           ---          ---           ---          ---           ---          ---
  14      1.90330E+00  0.00000E+00   1.90330E+00  0.00000E+00       ---          ---       3.80661E+00  0.00000E+00
  15          ---          ---           ---          ---           ---          ---           ---          ---
  16          ---          ---       9.51652E-01  0.00000E+00       ---          ---       9.51652E-01  0.00000E+00
  17          ---          ---           ---          ---           ---          ---           ---          ---
  18      9.51652E-01  0.00000E+00       ---          ---           ---          ---       9.51652E-01  0.00000E+00
  19          ---          ---           ---          ---           ---          ---           ---          ---
  20          ---          ---           ---          ---           ---          ---           ---          ---
  21          ---          ---           ---          ---           ---          ---           ---          ---
  22          ---          ---           ---          ---           ---          ---           ---          ---
  23          ---          ---           ---          ---           ---          ---           ---          ---
  24          ---          ---           ---          ---           ---          ---           ---          ---
  25          ---          ---           ---          ---           ---          ---           ---          ---
  26          ---          ---           ---          ---           ---          ---           ---          ---
  27          ---          ---           ---          ---           ---          ---           ---          ---
  28          ---          ---           ---          ---           ---          ---           ---          ---
  29          ---          ---           ---          ---           ---          ---           ---          ---
  30          ---          ---           ---          ---           ---          ---           ---          ---
  31          ---          ---           ---          ---           ---          ---           ---          ---
  32          ---          ---           ---          ---           ---          ---           ---          ---
  33          ---          ---           ---          ---           ---          ---           ---          ---
  34          ---          ---           ---          ---           ---          ---           ---          ---
  35          ---          ---           ---          ---           ---          ---           ---          ---
  36          ---          ---           ---          ---           ---          ---           ---          ---
  37          ---          ---           ---          ---           ---          ---           ---          ---
  38          ---          ---           ---          ---           ---          ---           ---          ---
  39          ---          ---           ---          ---           ---          ---           ---          ---
  40          ---          ---           ---          ---           ---          ---           ---          ---
  41          ---          ---           ---          ---           ---          ---           ---          ---
  42          ---          ---           ---          ---           ---          ---           ---          ---
  43          ---          ---           ---          ---           ---          ---           ---          ---
  44          ---          ---           ---          ---           ---          ---           ---          ---
  45          ---          ---           ---          ---           ---          ---           ---          ---
  46          ---          ---           ---          ---           ---          ---           ---          ---
  47          ---          ---           ---          ---           ---          ---           ---          ---
  48          ---          ---           ---          ---           ---          ---           ---          ---
  49          ---          ---           ---          ---           ---          ---           ---          ---
  50          ---          ---           ---          ---           ---          ---           ---          ---
 Total    1.25618E+02  0.00000E+00   7.23256E+02  0.00000E+00   9.55459E+02  0.00000E+00   1.80433E+03  0.00000E+00
-------------------------------------------------------------------------------------------------------------------

TABLE 4. Cluster Length (in base pair)
===================================================================================================================
Number of --------- DSB ----------   --------- SSB ----------   -------- OTHER ---------   ----- ALL CLUSTERS -----
 lesions    Average        SEM         Average        SEM         Average        SEM         Average        SEM    
===================================================================================================================
   1          ---          ---       1.00000E+00  0.00000E+00   1.00000E+00  0.00000E+00   1.00000E+00  0.00000E+00
   2      4.61538E+00  0.00000E+00   5.26531E+00  0.00000E+00   5.15385E+00  0.00000E+00   5.18384E+00  0.00000E+00
   3      8.06897E+00  0.00000E+00   9.34058E+00  0.00000E+00   9.50000E+00  0.00000E+00   9.25483E+00  0.00000E+00
   4      1.38750E+01  0.00000E+00   1.30920E+01  0.00000E+00   1.35833E+01  0.00000E+00   1.33585E+01  0.00000E+00
   5      1.52857E+01  0.00000E+00   1.73529E+01  0.00000E+00   1.69412E+01  0.00000E+00   1.68862E+01  0.00000E+00
   6      1.92000E+01  0.00000E+00   2.36579E+01  0.00000E+00   2.11538E+01  0.00000E+00   2.21515E+01  0.00000E+00
   7      2.21111E+01  0.00000E+00   2.63636E+01  0.00000E+00   2.14000E+01  0.00000E+00   2.46111E+01  0.00000E+00
   8      2.70000E+01  0.00000E+00   3.24400E+01  0.00000E+00   3.07500E+01  0.00000E+00   3.15758E+01  0.00000E+00
   9      2.94444E+01  0.00000E+00   3.55294E+01  0.00000E+00   3.55000E+01  0.00000E+00   3.35714E+01  0.00000E+00
  10      3.95000E+01  0.00000E+00   3.85000E+01  0.00000E+00   3.53333E+01  0.00000E+00   3.79231E+01  0.00000E+00
  11      4.46667E+01  0.00000E+00   4.83333E+01  0.00000E+00       ---          ---       4.65000E+01  0.00000E+00
  12          ---          ---       5.32000E+01  0.00000E+00       ---          ---       5.32000E+01  0.00000E+00
  13          ---          ---           ---          ---           ---          ---           ---          ---
  14      5.15000E+01  0.00000E+00   5.65000E+01  0.00000E+00       ---          ---       5.40000E+01  0.00000E+00
  15          ---          ---           ---          ---           ---          ---           ---          ---
  16          ---          ---       7.40000E+01  0.00000E+00       ---          ---       7.40000E+01  0.00000E+00
  17          ---          ---           ---          ---           ---          ---           ---          ---
  18      7.60000E+01  0.00000E+00       ---          ---           ---          ---       7.60000E+01  0.00000E+00
  19          ---          ---           ---          ---           ---          ---           ---          ---
  20          ---          ---           ---          ---           ---          ---           ---          ---
  21          ---          ---           ---          ---           ---          ---           ---          ---
  22          ---          ---           ---          ---           ---          ---           ---          ---
  23          ---          ---           ---          ---           ---          ---           ---          ---
  24          ---          ---           ---          ---           ---          ---           ---          ---
  25          ---          ---           ---          ---           ---          ---           ---          ---
  26          ---          ---           ---          ---           ---          ---           ---          ---
  27          ---          ---           ---          ---           ---          ---           ---          ---
  28          ---          ---           ---          ---           ---          ---           ---          ---
  29          ---          ---           ---          ---           ---          ---           ---          ---
  30          ---          ---           ---          ---           ---          ---           ---          ---
  31          ---          ---           ---          ---           ---          ---           ---          ---
  32          ---          ---           ---          ---           ---          ---           ---          ---
  33          ---          ---           ---          ---           ---          ---           ---          ---
  34          ---          ---           ---          ---           ---          ---           ---          ---
  35          ---          ---           ---          ---           ---          ---           ---          ---
  36          ---          ---           ---          ---           ---          ---           ---          ---
  37          ---          ---           ---          ---           ---          ---           ---          ---
  38          ---          ---           ---          ---           ---          ---           ---          ---
  39          ---          ---           ---          ---           ---          ---           ---          ---
  40          ---          ---           ---          ---           ---          ---           ---          ---
  41          ---          ---           ---          ---           ---          ---           ---          ---
  42          ---          ---           ---          ---           ---          ---           ---          ---
  43          ---          ---           ---          ---           ---          ---           ---          ---
  44          ---          ---           ---          ---           ---          ---           ---          ---
  45          ---          ---           ---          ---           ---          ---           ---          ---
  46          ---          ---           ---          ---           ---          ---           ---          ---
  47          ---          ---           ---          ---           ---          ---           ---          ---
  48          ---          ---           ---          ---           ---          ---           ---          ---
  49          ---          ---           ---          ---           ---          ---           ---          ---
  50          ---          ---           ---          ---           ---          ---           ---          ---
Average   1.66667E+01  0.00000E+00   1.13026E+01  0.00000E+00   4.75598E+00  0.00000E+00   8.20939E+00  0.00000E+00
-------------------------------------------------------------------------------------------------------------------

TABLE 5. Density of lesions forming a cluster (in units of lesions per nucleotide).
===================================================================================================================
Number of --------- DSB ----------   --------- SSB ----------   -------- OTHER ---------   ----- ALL CLUSTERS -----
 lesions    Average        SEM         Average        SEM         Average        SEM         Average        SEM    
===================================================================================================================
   1          ---          ---       5.00000E-01  0.00000E+00   5.00000E-01  0.00000E+00   5.00000E-01  0.00000E+00
   2      3.11203E-01  0.00000E+00   2.78217E-01  0.00000E+00   2.68351E-01  0.00000E+00   2.73383E-01  0.00000E+00
   3      2.23975E-01  0.00000E+00   2.00790E-01  0.00000E+00   1.91162E-01  0.00000E+00   1.99966E-01  0.00000E+00
   4      1.81891E-01  0.00000E+00   1.79108E-01  0.00000E+00   1.75014E-01  0.00000E+00   1.78292E-01  0.00000E+00
   5      1.87483E-01  0.00000E+00   1.60290E-01  0.00000E+00   1.67243E-01  0.00000E+00   1.66854E-01  0.00000E+00
   6      1.74178E-01  0.00000E+00   1.35315E-01  0.00000E+00   1.51491E-01  0.00000E+00   1.47334E-01  0.00000E+00
   7      1.91047E-01  0.00000E+00   1.34586E-01  0.00000E+00   1.70534E-01  0.00000E+00   1.53694E-01  0.00000E+00
   8      1.72439E-01  0.00000E+00   1.27671E-01  0.00000E+00   1.43338E-01  0.00000E+00   1.34996E-01  0.00000E+00
   9      1.55552E-01  0.00000E+00   1.32501E-01  0.00000E+00   1.26987E-01  0.00000E+00   1.39517E-01  0.00000E+00
  10      1.49621E-01  0.00000E+00   1.31085E-01  0.00000E+00   1.45903E-01  0.00000E+00   1.37356E-01  0.00000E+00
  11      1.23466E-01  0.00000E+00   1.17474E-01  0.00000E+00       ---          ---       1.20470E-01  0.00000E+00
  12          ---          ---       1.13927E-01  0.00000E+00       ---          ---       1.13927E-01  0.00000E+00
  13          ---          ---           ---          ---           ---          ---           ---          ---
  14      1.36243E-01  0.00000E+00   1.25556E-01  0.00000E+00       ---          ---       1.30899E-01  0.00000E+00
  15          ---          ---           ---          ---           ---          ---           ---          ---
  16          ---          ---       1.08108E-01  0.00000E+00       ---          ---       1.08108E-01  0.00000E+00
  17          ---          ---           ---          ---           ---          ---           ---          ---
  18      1.18421E-01  0.00000E+00       ---          ---           ---          ---       1.18421E-01  0.00000E+00
  19          ---          ---           ---          ---           ---          ---           ---          ---
  20          ---          ---           ---          ---           ---          ---           ---          ---
  21          ---          ---           ---          ---           ---          ---           ---          ---
  22          ---          ---           ---          ---           ---          ---           ---          ---
  23          ---          ---           ---          ---           ---          ---           ---          ---
  24          ---          ---           ---          ---           ---          ---           ---          ---
  25          ---          ---           ---          ---           ---          ---           ---          ---
  26          ---          ---           ---          ---           ---          ---           ---          ---
  27          ---          ---           ---          ---           ---          ---           ---          ---
  28          ---          ---           ---          ---           ---          ---           ---          ---
  29          ---          ---           ---          ---           ---          ---           ---          ---
  30          ---          ---           ---          ---           ---          ---           ---          ---
  31          ---          ---           ---          ---           ---          ---           ---          ---
  32          ---          ---           ---          ---           ---          ---           ---          ---
  33          ---          ---           ---          ---           ---          ---           ---          ---
  34          ---          ---           ---          ---           ---          ---           ---          ---
  35          ---          ---           ---          ---           ---          ---           ---          ---
  36          ---          ---           ---          ---           ---          ---           ---          ---
  37          ---          ---           ---          ---           ---          ---           ---          ---
  38          ---          ---           ---          ---           ---          ---           ---          ---
  39          ---          ---           ---          ---           ---          ---           ---          ---
  40          ---          ---           ---          ---           ---          ---           ---          ---
  41          ---          ---           ---          ---           ---          ---           ---          ---
  42          ---          ---           ---          ---           ---          ---           ---          ---
  43          ---          ---           ---          ---           ---          ---           ---          ---
  44          ---          ---           ---          ---           ---          ---           ---          ---
  45          ---          ---           ---          ---           ---          ---           ---          ---
  46          ---          ---           ---          ---           ---          ---           ---          ---
  47          ---          ---           ---          ---           ---          ---           ---          ---
  48          ---          ---           ---          ---           ---          ---           ---          ---
  49          ---          ---           ---          ---           ---          ---           ---          ---
  50          ---          ---           ---          ---           ---          ---           ---          ---
Average   1.99438E-01  0.00000E+00   2.62630E-01  0.00000E+00   3.69531E-01  0.00000E+00   3.14839E-01  0.00000E+00
-------------------------------------------------------------------------------------------------------------------
NOTE: Lesion density computed as the number of lesions per cluster divided by twice the cluster length.

TABLE 6. Cluster composition (% Sb per cluster)
===================================================================================================================
Number of --------- DSB ----------   --------- SSB ----------   -------- OTHER ---------   ----- ALL CLUSTERS -----
 lesions    Average        SEM         Average        SEM         Average        SEM         Average        SEM    
===================================================================================================================
   1          ---          ---       1.00000E+02  0.00000E+00   0.00000E+00  0.00000E+00   2.24888E+01  0.00000E+00
   2      1.00000E+02  0.00000E+00   5.30612E+01  0.00000E+00   0.00000E+00  0.00000E+00   2.36364E+01  0.00000E+00
   3      7.12644E+01  0.00000E+00   3.98551E+01  0.00000E+00   0.00000E+00  0.00000E+00   2.92149E+01  0.00000E+00
   4      5.41667E+01  0.00000E+00   3.33333E+01  0.00000E+00   0.00000E+00  0.00000E+00   2.64151E+01  0.00000E+00
   5      5.23810E+01  0.00000E+00   3.00000E+01  0.00000E+00   0.00000E+00  0.00000E+00   2.55285E+01  0.00000E+00
   6      3.88889E+01  0.00000E+00   2.19298E+01  0.00000E+00   0.00000E+00  0.00000E+00   2.14646E+01  0.00000E+00
   7      4.92063E+01  0.00000E+00   2.46753E+01  0.00000E+00   0.00000E+00  0.00000E+00   2.73810E+01  0.00000E+00
   8      3.75000E+01  0.00000E+00   2.25000E+01  0.00000E+00   0.00000E+00  0.00000E+00   2.15909E+01  0.00000E+00
   9      4.07407E+01  0.00000E+00   2.09150E+01  0.00000E+00   0.00000E+00  0.00000E+00   2.57937E+01  0.00000E+00
  10      3.00000E+01  0.00000E+00   2.75000E+01  0.00000E+00   0.00000E+00  0.00000E+00   2.15385E+01  0.00000E+00
  11      3.63636E+01  0.00000E+00   1.81818E+01  0.00000E+00       ---          ---       2.72727E+01  0.00000E+00
  12          ---          ---       2.50000E+01  0.00000E+00       ---          ---       2.50000E+01  0.00000E+00
  13          ---          ---           ---          ---           ---          ---           ---          ---
  14      2.50000E+01  0.00000E+00   1.78571E+01  0.00000E+00       ---          ---       2.14286E+01  0.00000E+00
  15          ---          ---           ---          ---           ---          ---           ---          ---
  16          ---          ---       3.12500E+01  0.00000E+00       ---          ---       3.12500E+01  0.00000E+00
  17          ---          ---           ---          ---           ---          ---           ---          ---
  18      5.00000E+01  0.00000E+00       ---          ---           ---          ---       5.00000E+01  0.00000E+00
  19          ---          ---           ---          ---           ---          ---           ---          ---
  20          ---          ---           ---          ---           ---          ---           ---          ---
  21          ---          ---           ---          ---           ---          ---           ---          ---
  22          ---          ---           ---          ---           ---          ---           ---          ---
  23          ---          ---           ---          ---           ---          ---           ---          ---
  24          ---          ---           ---          ---           ---          ---           ---          ---
  25          ---          ---           ---          ---           ---          ---           ---          ---
  26          ---          ---           ---          ---           ---          ---           ---          ---
  27          ---          ---           ---          ---           ---          ---           ---          ---
  28          ---          ---           ---          ---           ---          ---           ---          ---
  29          ---          ---           ---          ---           ---          ---           ---          ---
  30          ---          ---           ---          ---           ---          ---           ---          ---
  31          ---          ---           ---          ---           ---          ---           ---          ---
  32          ---          ---           ---          ---           ---          ---           ---          ---
  33          ---          ---           ---          ---           ---          ---           ---          ---
  34          ---          ---           ---          ---           ---          ---           ---          ---
  35          ---          ---           ---          ---           ---          ---           ---          ---
  36          ---          ---           ---          ---           ---          ---           ---          ---
  37          ---          ---           ---          ---           ---          ---           ---          ---
  38          ---          ---           ---          ---           ---          ---           ---          ---
  39          ---          ---           ---          ---           ---          ---           ---          ---
  40          ---          ---           ---          ---           ---          ---           ---          ---
  41          ---          ---           ---          ---           ---          ---           ---          ---
  42          ---          ---           ---          ---           ---          ---           ---          ---
  43          ---          ---           ---          ---           ---          ---           ---          ---
  44          ---          ---           ---          ---           ---          ---           ---          ---
  45          ---          ---           ---          ---           ---          ---           ---          ---
  46          ---          ---           ---          ---           ---          ---           ---          ---
  47          ---          ---           ---          ---           ---          ---           ---          ---
  48          ---          ---           ---          ---           ---          ---           ---          ---
  49          ---          ---           ---          ---           ---          ---           ---          ---
  50          ---          ---           ---          ---           ---          ---           ---          ---
Average   5.74137E+01  0.00000E+00   5.07905E+01  0.00000E+00   0.00000E+00  0.00000E+00   2.43562E+01  0.00000E+00
-------------------------------------------------------------------------------------------------------------------
NOTES: (% Sb) is the percentage of lesions that are strand breaks. The number of Sb is [(% Sb)/100]*(# lesions).
The number of Bd is (1-(% Sb)/100)*(# lesions).
