===============================
MCDS Version 3.10A  05-DEC-2011
===============================
      0.004     running time (min)
  987654321     random number seed
          1     number of cells (nocs)
 0.0000E+00     water-equivalent material (WEM) thickness (mg/cm^2)
 1.0000E+00     Desired dose to the cell nucleus (Gy)
 6.0000E+00     DNA content (Gbp)

TARGET (cell) DEFINITION (4V/S = mean chord length)
========================================================
            DIAMETER     4V/S      Volume      Mass
               (um)      (um)      (um^3)      (ng)
--------------------------------------------------------
DNA            ---        ---     6.123E+00  6.123E-03
NUCLEUS     5.000E+00  3.333E+00  6.545E+01  6.545E-02
CYTOPLASM      ---        ---     -6.545E+01  -6.545E-02
CELL        0.000E+00  0.000E+00  0.000E+00  0.000E+00
========================================================
NOTE: In human DNA, 1 Gbp=0.979 ng (not including bound
H2O).  DNA volume computed using a density of 1 g/cm^3.

WARNING: volume of nucleus larger than the volume of the cell!

INCIDENT PARTICLE: 12C (mass = 1.20000E+01 u = 1.11749E+04 MeV/c^2)
  3.70000E+03 MeV >= 1.00000E-06 MeV
  3.08333E+02 MeV/A >= 8.33333E-08 MeV/A)
  9.81753E+03 MeV (p*c = momentum x speed of light)
  1.26305E-04 pm (de Broglie wavelength)
  1.33110E+00 = T/m0c2+1 (Lorentz factor) >= 1
  6.00000E+00 ABS(effective charge); Barkas 1963
  6.60008E-01 beta = (v/c) <= 1
  8.26425E+01 (zeff/beta)^2 <= 2.000E+05
  1.23860E+01 keV/um (total stopping power in H2O)
  1.23824E+01 keV/um ( 99.971% electronic)
  3.57513E-03 keV/um (  0.029% nuclear)
  1.80844E+01 CSDA range of particle (cm) in H2O

PARTICLE TRANSPORT - Beam of radiation incident on bottom of cell culture dish
(WEM=0.00 um, cell=0.00 um, nucleus=5.00 um; total distance traveled to
reach nucleus=-2.500 um of H2O).
==============================================================================
                                  ------- Cell --------  ------- Nucleus -----
                       Incident      Entry      Exit       Entry       Exit
==============================================================================
         KE (MeV)   3.7000E+03  3.7000E+03  3.7000E+03  3.7000E+03  3.7000E+03
    (Zeff/beta)^2   8.2643E+01  8.2643E+01  8.2643E+01  8.2643E+01  8.2643E+01
     LET (keV/um)   1.2386E+01  1.2386E+01  1.2386E+01  1.2386E+01  1.2386E+01
  Res. Range (um)   1.8084E+05  1.8084E+05  1.8084E+05  1.8084E+05  1.8084E+05
 DPUF1 (nGy-cm^2)   1.9842E+01  1.9842E+01  1.9842E+01  1.9842E+01  1.9842E+01
 DPUF2 (nGy-cm^2)      ---      NaN     ---      1.9842E+01     ---
       Edep (keV)      ---      NaN     ---      4.1287E+01     ---
      YF (keV/um)      ---      NaN     ---      1.2386E+01     ---
          ZF (Gy)      ---      NaN     ---      1.0106E-01     ---
==============================================================================
LET=(Stot-Srad); absorbed dose per unit fluence (DPUF1) = 1.602*LET/rho
Avg. absorbed dose within target (i.e., DPUF2) = 2.5*pi*d*d*zf
Edep = 0.1602*ZF*PI*d*d*d/6; yf = edep/lbar = 0.25*edep*{area}/{volume}

DAMAGE FORMATION AND CLUSTERING (normoxic conditions)
     119985     segment length, nseg (bp per cell per Gy)
       1300     number of strand breaks, sigSb (per cell per Gy)
       3900     number of base damages,  sigBd (per cell per Gy)
        3.0     base damage to strand break ratio, f
          9     minimum distance between clusters, Nmin (bp)
         10     maximum distance between two Sb to compose a DSB, Ndsb (bp)
        0.0     fraction Bl/Bd

OXYGEN SIMULATION (M0=1.740, K=0.3372, q=946.10, r=2.15)
  1.0000E+02 % O2 concentration (=760.00 mmHg)
  2.4677E-03 chemical repair probability (pcr)
  9.9753E-01 O2 fixation probability (1-pcr)
  1.0025E+00 Approx. HRF for SSB induction [=1/(1-pcr)]
  1.0050E+00 Approx. HRF for DSB induction [1/(1-pcr)]^2

DMSO SIMULATION
  5.0000E-01 fraction of non-scavengeable DNA damage (fnsd)
  5.0000E-01 concentration (mol dm^-3) at half-level (chmx)
  0.0000E+00 DMSO concentration (mol dm^-3)

TABLE 1. Percent (%) cluster yields by complexity, as classified using the scheme of Nikjoo et al. (IJRB 71, 
467-483 1997 and and Radiat. Res. 156, 577-583 2001).
===================================================================================================================
    66.346     BD    - one or more Bd (no Sb)
    30.155     SSB   - Sb (no auxilary damage)
     1.487     SSB+  - two Sb on the same strand
     0.262     2SSB  - two or more Sb on opposite strands separated by at least 10 bp
     1.341     DSB   - two Sb on opposite strands with a separation <= 10 bp
     0.379     DSB+  - DSB accompanied by one (or more) additional Sb within 10 bp separation
     0.029     DSB++ - more than one DSB whether within the 10 bp separation or further apart
     5.484     SSBc  - fraction of complex damage (SSB+ and 2SSB) among SSBs
    47.898     SSBcb - fraction of complex damage (SSB+ and 2SSB) among SSBs; base damage included
    23.333     DSBc  - fraction of complex damage (DSB+ and DSB++) among DSBs
    61.667     DSBcb - fraction of complex damage (DSB+ and DSB++) among DSBs; base damage included
===================================================================================================================

TABLE 2. Number of clusters per cell (DNA=6.000 Gbp, AD=1.000 Gy).
===================================================================================================================
Number of --------- DSB ----------   --------- SSB ----------   -------- OTHER ---------   ----- ALL CLUSTERS -----
 lesions    Average        SEM         Average        SEM         Average        SEM         Average        SEM    
===================================================================================================================
   1          ---          ---       5.70000E+02  0.00000E+00   1.69100E+03  0.00000E+00   2.26100E+03  0.00000E+00
   2      2.30000E+01  0.00000E+00   3.30000E+02  0.00000E+00   4.23000E+02  0.00000E+00   7.76000E+02  0.00000E+00
   3      1.50000E+01  0.00000E+00   1.23000E+02  0.00000E+00   1.31000E+02  0.00000E+00   2.69000E+02  0.00000E+00
   4      1.30000E+01  0.00000E+00   4.90000E+01  0.00000E+00   2.40000E+01  0.00000E+00   8.60000E+01  0.00000E+00
   5      5.00000E+00  0.00000E+00   1.00000E+01  0.00000E+00   5.00000E+00  0.00000E+00   2.00000E+01  0.00000E+00
   6      3.00000E+00  0.00000E+00   5.00000E+00  0.00000E+00       ---          ---       8.00000E+00  0.00000E+00
   7          ---          ---       3.00000E+00  0.00000E+00   1.00000E+00  0.00000E+00   4.00000E+00  0.00000E+00
   8          ---          ---       4.00000E+00  0.00000E+00       ---          ---       4.00000E+00  0.00000E+00
   9          ---          ---           ---          ---           ---          ---           ---          ---
  10          ---          ---           ---          ---           ---          ---           ---          ---
  11          ---          ---           ---          ---           ---          ---           ---          ---
  12          ---          ---           ---          ---           ---          ---           ---          ---
  13          ---          ---           ---          ---           ---          ---           ---          ---
  14          ---          ---           ---          ---           ---          ---           ---          ---
  15      1.00000E+00  0.00000E+00       ---          ---           ---          ---       1.00000E+00  0.00000E+00
  16          ---          ---           ---          ---           ---          ---           ---          ---
  17          ---          ---           ---          ---           ---          ---           ---          ---
  18          ---          ---           ---          ---           ---          ---           ---          ---
  19          ---          ---           ---          ---           ---          ---           ---          ---
  20          ---          ---           ---          ---           ---          ---           ---          ---
  21          ---          ---           ---          ---           ---          ---           ---          ---
  22          ---          ---           ---          ---           ---          ---           ---          ---
  23          ---          ---           ---          ---           ---          ---           ---          ---
  24          ---          ---           ---          ---           ---          ---           ---          ---
  25          ---          ---           ---          ---           ---          ---           ---          ---
  26          ---          ---           ---          ---           ---          ---           ---          ---
  27          ---          ---           ---          ---           ---          ---           ---          ---
  28          ---          ---           ---          ---           ---          ---           ---          ---
  29          ---          ---           ---          ---           ---          ---           ---          ---
  30          ---          ---           ---          ---           ---          ---           ---          ---
  31          ---          ---           ---          ---           ---          ---           ---          ---
  32          ---          ---           ---          ---           ---          ---           ---          ---
  33          ---          ---           ---          ---           ---          ---           ---          ---
  34          ---          ---           ---          ---           ---          ---           ---          ---
  35          ---          ---           ---          ---           ---          ---           ---          ---
  36          ---          ---           ---          ---           ---          ---           ---          ---
  37          ---          ---           ---          ---           ---          ---           ---          ---
  38          ---          ---           ---          ---           ---          ---           ---          ---
  39          ---          ---           ---          ---           ---          ---           ---          ---
  40          ---          ---           ---          ---           ---          ---           ---          ---
  41          ---          ---           ---          ---           ---          ---           ---          ---
  42          ---          ---           ---          ---           ---          ---           ---          ---
  43          ---          ---           ---          ---           ---          ---           ---          ---
  44          ---          ---           ---          ---           ---          ---           ---          ---
  45          ---          ---           ---          ---           ---          ---           ---          ---
  46          ---          ---           ---          ---           ---          ---           ---          ---
  47          ---          ---           ---          ---           ---          ---           ---          ---
  48          ---          ---           ---          ---           ---          ---           ---          ---
  49          ---          ---           ---          ---           ---          ---           ---          ---
  50          ---          ---           ---          ---           ---          ---           ---          ---
 Total    6.00000E+01  0.00000E+00   1.09400E+03  0.00000E+00   2.27500E+03  0.00000E+00   3.42900E+03  0.00000E+00
-------------------------------------------------------------------------------------------------------------------
NOTE: The category "OTHER" includes all classes of individual and clustered DNA lesion, except for SSB and DSB.
SEM = standard error of the mean.

TABLE 3. Number of clusters per cell per track (DNA=6.000 Gbp, ZF=0.10106 Gy).
===================================================================================================================
Number of --------- DSB ----------   --------- SSB ----------   -------- OTHER ---------   ----- ALL CLUSTERS -----
 lesions    Average        SEM         Average        SEM         Average        SEM         Average        SEM    
===================================================================================================================
   1          ---          ---       5.76022E+01  0.00000E+00   1.70887E+02  0.00000E+00   2.28489E+02  0.00000E+00
   2      2.32430E+00  0.00000E+00   3.33487E+01  0.00000E+00   4.27469E+01  0.00000E+00   7.84199E+01  0.00000E+00
   3      1.51585E+00  0.00000E+00   1.24300E+01  0.00000E+00   1.32384E+01  0.00000E+00   2.71842E+01  0.00000E+00
   4      1.31374E+00  0.00000E+00   4.95177E+00  0.00000E+00   2.42536E+00  0.00000E+00   8.69086E+00  0.00000E+00
   5      5.05283E-01  0.00000E+00   1.01057E+00  0.00000E+00   5.05283E-01  0.00000E+00   2.02113E+00  0.00000E+00
   6      3.03170E-01  0.00000E+00   5.05283E-01  0.00000E+00       ---          ---       8.08452E-01  0.00000E+00
   7          ---          ---       3.03170E-01  0.00000E+00   1.01057E-01  0.00000E+00   4.04226E-01  0.00000E+00
   8          ---          ---       4.04226E-01  0.00000E+00       ---          ---       4.04226E-01  0.00000E+00
   9          ---          ---           ---          ---           ---          ---           ---          ---
  10          ---          ---           ---          ---           ---          ---           ---          ---
  11          ---          ---           ---          ---           ---          ---           ---          ---
  12          ---          ---           ---          ---           ---          ---           ---          ---
  13          ---          ---           ---          ---           ---          ---           ---          ---
  14          ---          ---           ---          ---           ---          ---           ---          ---
  15      1.01057E-01  0.00000E+00       ---          ---           ---          ---       1.01057E-01  0.00000E+00
  16          ---          ---           ---          ---           ---          ---           ---          ---
  17          ---          ---           ---          ---           ---          ---           ---          ---
  18          ---          ---           ---          ---           ---          ---           ---          ---
  19          ---          ---           ---          ---           ---          ---           ---          ---
  20          ---          ---           ---          ---           ---          ---           ---          ---
  21          ---          ---           ---          ---           ---          ---           ---          ---
  22          ---          ---           ---          ---           ---          ---           ---          ---
  23          ---          ---           ---          ---           ---          ---           ---          ---
  24          ---          ---           ---          ---           ---          ---           ---          ---
  25          ---          ---           ---          ---           ---          ---           ---          ---
  26          ---          ---           ---          ---           ---          ---           ---          ---
  27          ---          ---           ---          ---           ---          ---           ---          ---
  28          ---          ---           ---          ---           ---          ---           ---          ---
  29          ---          ---           ---          ---           ---          ---           ---          ---
  30          ---          ---           ---          ---           ---          ---           ---          ---
  31          ---          ---           ---          ---           ---          ---           ---          ---
  32          ---          ---           ---          ---           ---          ---           ---          ---
  33          ---          ---           ---          ---           ---          ---           ---          ---
  34          ---          ---           ---          ---           ---          ---           ---          ---
  35          ---          ---           ---          ---           ---          ---           ---          ---
  36          ---          ---           ---          ---           ---          ---           ---          ---
  37          ---          ---           ---          ---           ---          ---           ---          ---
  38          ---          ---           ---          ---           ---          ---           ---          ---
  39          ---          ---           ---          ---           ---          ---           ---          ---
  40          ---          ---           ---          ---           ---          ---           ---          ---
  41          ---          ---           ---          ---           ---          ---           ---          ---
  42          ---          ---           ---          ---           ---          ---           ---          ---
  43          ---          ---           ---          ---           ---          ---           ---          ---
  44          ---          ---           ---          ---           ---          ---           ---          ---
  45          ---          ---           ---          ---           ---          ---           ---          ---
  46          ---          ---           ---          ---           ---          ---           ---          ---
  47          ---          ---           ---          ---           ---          ---           ---          ---
  48          ---          ---           ---          ---           ---          ---           ---          ---
  49          ---          ---           ---          ---           ---          ---           ---          ---
  50          ---          ---           ---          ---           ---          ---           ---          ---
 Total    6.06339E+00  0.00000E+00   1.10556E+02  0.00000E+00   2.29904E+02  0.00000E+00   3.46523E+02  0.00000E+00
-------------------------------------------------------------------------------------------------------------------

TABLE 4. Cluster Length (in base pair)
===================================================================================================================
Number of --------- DSB ----------   --------- SSB ----------   -------- OTHER ---------   ----- ALL CLUSTERS -----
 lesions    Average        SEM         Average        SEM         Average        SEM         Average        SEM    
===================================================================================================================
   1          ---          ---       1.00000E+00  0.00000E+00   1.00000E+00  0.00000E+00   1.00000E+00  0.00000E+00
   2      4.73913E+00  0.00000E+00   5.37576E+00  0.00000E+00   5.36407E+00  0.00000E+00   5.35052E+00  0.00000E+00
   3      1.06667E+01  0.00000E+00   1.04228E+01  0.00000E+00   9.49618E+00  0.00000E+00   9.98513E+00  0.00000E+00
   4      1.20769E+01  0.00000E+00   1.44898E+01  0.00000E+00   1.48333E+01  0.00000E+00   1.42209E+01  0.00000E+00
   5      1.88000E+01  0.00000E+00   2.07000E+01  0.00000E+00   2.14000E+01  0.00000E+00   2.04000E+01  0.00000E+00
   6      2.43333E+01  0.00000E+00   2.70000E+01  0.00000E+00       ---          ---       2.60000E+01  0.00000E+00
   7          ---          ---       2.56667E+01  0.00000E+00   2.00000E+01  0.00000E+00   2.42500E+01  0.00000E+00
   8          ---          ---       3.30000E+01  0.00000E+00       ---          ---       3.30000E+01  0.00000E+00
   9          ---          ---           ---          ---           ---          ---           ---          ---
  10          ---          ---           ---          ---           ---          ---           ---          ---
  11          ---          ---           ---          ---           ---          ---           ---          ---
  12          ---          ---           ---          ---           ---          ---           ---          ---
  13          ---          ---           ---          ---           ---          ---           ---          ---
  14          ---          ---           ---          ---           ---          ---           ---          ---
  15      5.90000E+01  0.00000E+00       ---          ---           ---          ---       5.90000E+01  0.00000E+00
  16          ---          ---           ---          ---           ---          ---           ---          ---
  17          ---          ---           ---          ---           ---          ---           ---          ---
  18          ---          ---           ---          ---           ---          ---           ---          ---
  19          ---          ---           ---          ---           ---          ---           ---          ---
  20          ---          ---           ---          ---           ---          ---           ---          ---
  21          ---          ---           ---          ---           ---          ---           ---          ---
  22          ---          ---           ---          ---           ---          ---           ---          ---
  23          ---          ---           ---          ---           ---          ---           ---          ---
  24          ---          ---           ---          ---           ---          ---           ---          ---
  25          ---          ---           ---          ---           ---          ---           ---          ---
  26          ---          ---           ---          ---           ---          ---           ---          ---
  27          ---          ---           ---          ---           ---          ---           ---          ---
  28          ---          ---           ---          ---           ---          ---           ---          ---
  29          ---          ---           ---          ---           ---          ---           ---          ---
  30          ---          ---           ---          ---           ---          ---           ---          ---
  31          ---          ---           ---          ---           ---          ---           ---          ---
  32          ---          ---           ---          ---           ---          ---           ---          ---
  33          ---          ---           ---          ---           ---          ---           ---          ---
  34          ---          ---           ---          ---           ---          ---           ---          ---
  35          ---          ---           ---          ---           ---          ---           ---          ---
  36          ---          ---           ---          ---           ---          ---           ---          ---
  37          ---          ---           ---          ---           ---          ---           ---          ---
  38          ---          ---           ---          ---           ---          ---           ---          ---
  39          ---          ---           ---          ---           ---          ---           ---          ---
  40          ---          ---           ---          ---           ---          ---           ---          ---
  41          ---          ---           ---          ---           ---          ---           ---          ---
  42          ---          ---           ---          ---           ---          ---           ---          ---
  43          ---          ---           ---          ---           ---          ---           ---          ---
  44          ---          ---           ---          ---           ---          ---           ---          ---
  45          ---          ---           ---          ---           ---          ---           ---          ---
  46          ---          ---           ---          ---           ---          ---           ---          ---
  47          ---          ---           ---          ---           ---          ---           ---          ---
  48          ---          ---           ---          ---           ---          ---           ---          ---
  49          ---          ---           ---          ---           ---          ---           ---          ---
  50          ---          ---           ---          ---           ---          ---           ---          ---
Average   1.08667E+01  0.00000E+00   4.46709E+00  0.00000E+00   2.49978E+00  0.00000E+00   3.27384E+00  0.00000E+00
-------------------------------------------------------------------------------------------------------------------

TABLE 5. Density of lesions forming a cluster (in units of lesions per nucleotide).
===================================================================================================================
Number of --------- DSB ----------   --------- SSB ----------   -------- OTHER ---------   ----- ALL CLUSTERS -----
 lesions    Average        SEM         Average        SEM         Average        SEM         Average        SEM    
===================================================================================================================
   1          ---          ---       5.00000E-01  0.00000E+00   5.00000E-01  0.00000E+00   5.00000E-01  0.00000E+00
   2      3.39959E-01  0.00000E+00   2.57747E-01  0.00000E+00   2.57966E-01  0.00000E+00   2.60303E-01  0.00000E+00
   3      1.73621E-01  0.00000E+00   1.71560E-01  0.00000E+00   1.96222E-01  0.00000E+00   1.83685E-01  0.00000E+00
   4      1.94257E-01  0.00000E+00   1.63334E-01  0.00000E+00   1.60903E-01  0.00000E+00   1.67330E-01  0.00000E+00
   5      1.57955E-01  0.00000E+00   1.26715E-01  0.00000E+00   1.21255E-01  0.00000E+00   1.33160E-01  0.00000E+00
   6      1.38716E-01  0.00000E+00   1.15609E-01  0.00000E+00       ---          ---       1.24275E-01  0.00000E+00
   7          ---          ---       1.38889E-01  0.00000E+00   1.75000E-01  0.00000E+00   1.47917E-01  0.00000E+00
   8          ---          ---       1.31281E-01  0.00000E+00       ---          ---       1.31281E-01  0.00000E+00
   9          ---          ---           ---          ---           ---          ---           ---          ---
  10          ---          ---           ---          ---           ---          ---           ---          ---
  11          ---          ---           ---          ---           ---          ---           ---          ---
  12          ---          ---           ---          ---           ---          ---           ---          ---
  13          ---          ---           ---          ---           ---          ---           ---          ---
  14          ---          ---           ---          ---           ---          ---           ---          ---
  15      1.27119E-01  0.00000E+00       ---          ---           ---          ---       1.27119E-01  0.00000E+00
  16          ---          ---           ---          ---           ---          ---           ---          ---
  17          ---          ---           ---          ---           ---          ---           ---          ---
  18          ---          ---           ---          ---           ---          ---           ---          ---
  19          ---          ---           ---          ---           ---          ---           ---          ---
  20          ---          ---           ---          ---           ---          ---           ---          ---
  21          ---          ---           ---          ---           ---          ---           ---          ---
  22          ---          ---           ---          ---           ---          ---           ---          ---
  23          ---          ---           ---          ---           ---          ---           ---          ---
  24          ---          ---           ---          ---           ---          ---           ---          ---
  25          ---          ---           ---          ---           ---          ---           ---          ---
  26          ---          ---           ---          ---           ---          ---           ---          ---
  27          ---          ---           ---          ---           ---          ---           ---          ---
  28          ---          ---           ---          ---           ---          ---           ---          ---
  29          ---          ---           ---          ---           ---          ---           ---          ---
  30          ---          ---           ---          ---           ---          ---           ---          ---
  31          ---          ---           ---          ---           ---          ---           ---          ---
  32          ---          ---           ---          ---           ---          ---           ---          ---
  33          ---          ---           ---          ---           ---          ---           ---          ---
  34          ---          ---           ---          ---           ---          ---           ---          ---
  35          ---          ---           ---          ---           ---          ---           ---          ---
  36          ---          ---           ---          ---           ---          ---           ---          ---
  37          ---          ---           ---          ---           ---          ---           ---          ---
  38          ---          ---           ---          ---           ---          ---           ---          ---
  39          ---          ---           ---          ---           ---          ---           ---          ---
  40          ---          ---           ---          ---           ---          ---           ---          ---
  41          ---          ---           ---          ---           ---          ---           ---          ---
  42          ---          ---           ---          ---           ---          ---           ---          ---
  43          ---          ---           ---          ---           ---          ---           ---          ---
  44          ---          ---           ---          ---           ---          ---           ---          ---
  45          ---          ---           ---          ---           ---          ---           ---          ---
  46          ---          ---           ---          ---           ---          ---           ---          ---
  47          ---          ---           ---          ---           ---          ---           ---          ---
  48          ---          ---           ---          ---           ---          ---           ---          ---
  49          ---          ---           ---          ---           ---          ---           ---          ---
  50          ---          ---           ---          ---           ---          ---           ---          ---
Average   2.38029E-01  0.00000E+00   3.67412E-01  0.00000E+00   4.32953E-01  0.00000E+00   4.08632E-01  0.00000E+00
-------------------------------------------------------------------------------------------------------------------
NOTE: Lesion density computed as the number of lesions per cluster divided by twice the cluster length.

TABLE 6. Cluster composition (% Sb per cluster)
===================================================================================================================
Number of --------- DSB ----------   --------- SSB ----------   -------- OTHER ---------   ----- ALL CLUSTERS -----
 lesions    Average        SEM         Average        SEM         Average        SEM         Average        SEM    
===================================================================================================================
   1          ---          ---       1.00000E+02  0.00000E+00   0.00000E+00  0.00000E+00   2.52101E+01  0.00000E+00
   2      1.00000E+02  0.00000E+00   5.31818E+01  0.00000E+00   0.00000E+00  0.00000E+00   2.55799E+01  0.00000E+00
   3      7.55556E+01  0.00000E+00   3.68564E+01  0.00000E+00   0.00000E+00  0.00000E+00   2.10657E+01  0.00000E+00
   4      6.15385E+01  0.00000E+00   3.16327E+01  0.00000E+00   0.00000E+00  0.00000E+00   2.73256E+01  0.00000E+00
   5      4.40000E+01  0.00000E+00   3.00000E+01  0.00000E+00   0.00000E+00  0.00000E+00   2.60000E+01  0.00000E+00
   6      4.44444E+01  0.00000E+00   3.66667E+01  0.00000E+00       ---          ---       3.95833E+01  0.00000E+00
   7          ---          ---       3.80952E+01  0.00000E+00   0.00000E+00  0.00000E+00   2.85714E+01  0.00000E+00
   8          ---          ---       2.18750E+01  0.00000E+00       ---          ---       2.18750E+01  0.00000E+00
   9          ---          ---           ---          ---           ---          ---           ---          ---
  10          ---          ---           ---          ---           ---          ---           ---          ---
  11          ---          ---           ---          ---           ---          ---           ---          ---
  12          ---          ---           ---          ---           ---          ---           ---          ---
  13          ---          ---           ---          ---           ---          ---           ---          ---
  14          ---          ---           ---          ---           ---          ---           ---          ---
  15      4.00000E+01  0.00000E+00       ---          ---           ---          ---       4.00000E+01  0.00000E+00
  16          ---          ---           ---          ---           ---          ---           ---          ---
  17          ---          ---           ---          ---           ---          ---           ---          ---
  18          ---          ---           ---          ---           ---          ---           ---          ---
  19          ---          ---           ---          ---           ---          ---           ---          ---
  20          ---          ---           ---          ---           ---          ---           ---          ---
  21          ---          ---           ---          ---           ---          ---           ---          ---
  22          ---          ---           ---          ---           ---          ---           ---          ---
  23          ---          ---           ---          ---           ---          ---           ---          ---
  24          ---          ---           ---          ---           ---          ---           ---          ---
  25          ---          ---           ---          ---           ---          ---           ---          ---
  26          ---          ---           ---          ---           ---          ---           ---          ---
  27          ---          ---           ---          ---           ---          ---           ---          ---
  28          ---          ---           ---          ---           ---          ---           ---          ---
  29          ---          ---           ---          ---           ---          ---           ---          ---
  30          ---          ---           ---          ---           ---          ---           ---          ---
  31          ---          ---           ---          ---           ---          ---           ---          ---
  32          ---          ---           ---          ---           ---          ---           ---          ---
  33          ---          ---           ---          ---           ---          ---           ---          ---
  34          ---          ---           ---          ---           ---          ---           ---          ---
  35          ---          ---           ---          ---           ---          ---           ---          ---
  36          ---          ---           ---          ---           ---          ---           ---          ---
  37          ---          ---           ---          ---           ---          ---           ---          ---
  38          ---          ---           ---          ---           ---          ---           ---          ---
  39          ---          ---           ---          ---           ---          ---           ---          ---
  40          ---          ---           ---          ---           ---          ---           ---          ---
  41          ---          ---           ---          ---           ---          ---           ---          ---
  42          ---          ---           ---          ---           ---          ---           ---          ---
  43          ---          ---           ---          ---           ---          ---           ---          ---
  44          ---          ---           ---          ---           ---          ---           ---          ---
  45          ---          ---           ---          ---           ---          ---           ---          ---
  46          ---          ---           ---          ---           ---          ---           ---          ---
  47          ---          ---           ---          ---           ---          ---           ---          ---
  48          ---          ---           ---          ---           ---          ---           ---          ---
  49          ---          ---           ---          ---           ---          ---           ---          ---
  50          ---          ---           ---          ---           ---          ---           ---          ---
Average   7.71111E+01  0.00000E+00   7.43313E+01  0.00000E+00   0.00000E+00  0.00000E+00   2.50642E+01  0.00000E+00
-------------------------------------------------------------------------------------------------------------------
NOTES: (% Sb) is the percentage of lesions that are strand breaks. The number of Sb is [(% Sb)/100]*(# lesions).
The number of Bd is (1-(% Sb)/100)*(# lesions).
