===============================
MCDS Version 3.10A  05-DEC-2011
===============================
      0.004     running time (min)
  987654321     random number seed
          1     number of cells (nocs)
 0.0000E+00     water-equivalent material (WEM) thickness (mg/cm^2)
 1.0000E+00     Desired dose to the cell nucleus (Gy)
 6.0000E+00     DNA content (Gbp)

TARGET (cell) DEFINITION (4V/S = mean chord length)
========================================================
            DIAMETER     4V/S      Volume      Mass
               (um)      (um)      (um^3)      (ng)
--------------------------------------------------------
DNA            ---        ---     6.123E+00  6.123E-03
NUCLEUS     5.000E+00  3.333E+00  6.545E+01  6.545E-02
CYTOPLASM      ---        ---     -6.545E+01  -6.545E-02
CELL        0.000E+00  0.000E+00  0.000E+00  0.000E+00
========================================================
NOTE: In human DNA, 1 Gbp=0.979 ng (not including bound
H2O).  DNA volume computed using a density of 1 g/cm^3.

WARNING: volume of nucleus larger than the volume of the cell!

INCIDENT PARTICLE: 12C (mass = 1.20000E+01 u = 1.11749E+04 MeV/c^2)
  1.80000E+03 MeV >= 1.00000E-06 MeV
  1.50000E+02 MeV/A >= 8.33333E-08 MeV/A)
  6.59314E+03 MeV (p*c = momentum x speed of light)
  1.88074E-04 pm (de Broglie wavelength)
  1.16108E+00 = T/m0c2+1 (Lorentz factor) >= 1
  6.00000E+00 ABS(effective charge); Barkas 1963
  5.08147E-01 beta = (v/c) <= 1
  1.39419E+02 (zeff/beta)^2 <= 2.000E+05
  1.94632E+01 keV/um (total stopping power in H2O)
  1.94560E+01 keV/um ( 99.963% electronic)
  7.22047E-03 keV/um (  0.037% nuclear)
  5.30796E+00 CSDA range of particle (cm) in H2O

PARTICLE TRANSPORT - Beam of radiation incident on bottom of cell culture dish
(WEM=0.00 um, cell=0.00 um, nucleus=5.00 um; total distance traveled to
reach nucleus=-2.500 um of H2O).
==============================================================================
                                  ------- Cell --------  ------- Nucleus -----
                       Incident      Entry      Exit       Entry       Exit
==============================================================================
         KE (MeV)   1.8000E+03  1.8000E+03  1.8000E+03  1.8000E+03  1.8000E+03
    (Zeff/beta)^2   1.3942E+02  1.3942E+02  1.3942E+02  1.3942E+02  1.3942E+02
     LET (keV/um)   1.9463E+01  1.9463E+01  1.9463E+01  1.9463E+01  1.9464E+01
  Res. Range (um)   5.3080E+04  5.3080E+04  5.3080E+04  5.3080E+04  5.3077E+04
 DPUF1 (nGy-cm^2)   3.1180E+01  3.1180E+01  3.1180E+01  3.1180E+01  3.1181E+01
 DPUF2 (nGy-cm^2)      ---      NaN     ---      3.1180E+01     ---
       Edep (keV)      ---      NaN     ---      6.4878E+01     ---
      YF (keV/um)      ---      NaN     ---      1.9463E+01     ---
          ZF (Gy)      ---      NaN     ---      1.5880E-01     ---
==============================================================================
LET=(Stot-Srad); absorbed dose per unit fluence (DPUF1) = 1.602*LET/rho
Avg. absorbed dose within target (i.e., DPUF2) = 2.5*pi*d*d*zf
Edep = 0.1602*ZF*PI*d*d*d/6; yf = edep/lbar = 0.25*edep*{area}/{volume}

DAMAGE FORMATION AND CLUSTERING (normoxic conditions)
     106799     segment length, nseg (bp per cell per Gy)
       1300     number of strand breaks, sigSb (per cell per Gy)
       3900     number of base damages,  sigBd (per cell per Gy)
        3.0     base damage to strand break ratio, f
          9     minimum distance between clusters, Nmin (bp)
         10     maximum distance between two Sb to compose a DSB, Ndsb (bp)
        0.0     fraction Bl/Bd

OXYGEN SIMULATION (M0=1.740, K=0.3372, q=946.10, r=2.15)
  1.0000E+02 % O2 concentration (=760.00 mmHg)
  2.4410E-03 chemical repair probability (pcr)
  9.9756E-01 O2 fixation probability (1-pcr)
  1.0024E+00 Approx. HRF for SSB induction [=1/(1-pcr)]
  1.0049E+00 Approx. HRF for DSB induction [1/(1-pcr)]^2

DMSO SIMULATION
  5.0000E-01 fraction of non-scavengeable DNA damage (fnsd)
  5.0000E-01 concentration (mol dm^-3) at half-level (chmx)
  0.0000E+00 DMSO concentration (mol dm^-3)

TABLE 1. Percent (%) cluster yields by complexity, as classified using the scheme of Nikjoo et al. (IJRB 71, 
467-483 1997 and and Radiat. Res. 156, 577-583 2001).
===================================================================================================================
    65.519     BD    - one or more Bd (no Sb)
    29.963     SSB   - Sb (no auxilary damage)
     1.875     SSB+  - two Sb on the same strand
     0.307     2SSB  - two or more Sb on opposite strands separated by at least 10 bp
     1.844     DSB   - two Sb on opposite strands with a separation <= 10 bp
     0.400     DSB+  - DSB accompanied by one (or more) additional Sb within 10 bp separation
     0.092     DSB++ - more than one DSB whether within the 10 bp separation or further apart
     6.788     SSBc  - fraction of complex damage (SSB+ and 2SSB) among SSBs
    53.250     SSBcb - fraction of complex damage (SSB+ and 2SSB) among SSBs; base damage included
    21.053     DSBc  - fraction of complex damage (DSB+ and DSB++) among DSBs
    64.474     DSBcb - fraction of complex damage (DSB+ and DSB++) among DSBs; base damage included
===================================================================================================================

TABLE 2. Number of clusters per cell (DNA=6.000 Gbp, AD=1.000 Gy).
===================================================================================================================
Number of --------- DSB ----------   --------- SSB ----------   -------- OTHER ---------   ----- ALL CLUSTERS -----
 lesions    Average        SEM         Average        SEM         Average        SEM         Average        SEM    
===================================================================================================================
   1          ---          ---       4.89000E+02  0.00000E+00   1.53400E+03  0.00000E+00   2.02300E+03  0.00000E+00
   2      2.70000E+01  0.00000E+00   3.22000E+02  0.00000E+00   4.40000E+02  0.00000E+00   7.89000E+02  0.00000E+00
   3      2.30000E+01  0.00000E+00   1.45000E+02  0.00000E+00   1.24000E+02  0.00000E+00   2.92000E+02  0.00000E+00
   4      1.70000E+01  0.00000E+00   4.70000E+01  0.00000E+00   2.80000E+01  0.00000E+00   9.20000E+01  0.00000E+00
   5      6.00000E+00  0.00000E+00   2.60000E+01  0.00000E+00   3.00000E+00  0.00000E+00   3.50000E+01  0.00000E+00
   6          ---          ---       6.00000E+00  0.00000E+00   3.00000E+00  0.00000E+00   9.00000E+00  0.00000E+00
   7          ---          ---       5.00000E+00  0.00000E+00       ---          ---       5.00000E+00  0.00000E+00
   8      2.00000E+00  0.00000E+00   3.00000E+00  0.00000E+00       ---          ---       5.00000E+00  0.00000E+00
   9      1.00000E+00  0.00000E+00   2.00000E+00  0.00000E+00       ---          ---       3.00000E+00  0.00000E+00
  10          ---          ---           ---          ---           ---          ---           ---          ---
  11          ---          ---       1.00000E+00  0.00000E+00       ---          ---       1.00000E+00  0.00000E+00
  12          ---          ---           ---          ---           ---          ---           ---          ---
  13          ---          ---           ---          ---           ---          ---           ---          ---
  14          ---          ---           ---          ---           ---          ---           ---          ---
  15          ---          ---           ---          ---           ---          ---           ---          ---
  16          ---          ---           ---          ---           ---          ---           ---          ---
  17          ---          ---           ---          ---           ---          ---           ---          ---
  18          ---          ---           ---          ---           ---          ---           ---          ---
  19          ---          ---           ---          ---           ---          ---           ---          ---
  20          ---          ---           ---          ---           ---          ---           ---          ---
  21          ---          ---           ---          ---           ---          ---           ---          ---
  22          ---          ---           ---          ---           ---          ---           ---          ---
  23          ---          ---           ---          ---           ---          ---           ---          ---
  24          ---          ---           ---          ---           ---          ---           ---          ---
  25          ---          ---           ---          ---           ---          ---           ---          ---
  26          ---          ---           ---          ---           ---          ---           ---          ---
  27          ---          ---           ---          ---           ---          ---           ---          ---
  28          ---          ---           ---          ---           ---          ---           ---          ---
  29          ---          ---           ---          ---           ---          ---           ---          ---
  30          ---          ---           ---          ---           ---          ---           ---          ---
  31          ---          ---           ---          ---           ---          ---           ---          ---
  32          ---          ---           ---          ---           ---          ---           ---          ---
  33          ---          ---           ---          ---           ---          ---           ---          ---
  34          ---          ---           ---          ---           ---          ---           ---          ---
  35          ---          ---           ---          ---           ---          ---           ---          ---
  36          ---          ---           ---          ---           ---          ---           ---          ---
  37          ---          ---           ---          ---           ---          ---           ---          ---
  38          ---          ---           ---          ---           ---          ---           ---          ---
  39          ---          ---           ---          ---           ---          ---           ---          ---
  40          ---          ---           ---          ---           ---          ---           ---          ---
  41          ---          ---           ---          ---           ---          ---           ---          ---
  42          ---          ---           ---          ---           ---          ---           ---          ---
  43          ---          ---           ---          ---           ---          ---           ---          ---
  44          ---          ---           ---          ---           ---          ---           ---          ---
  45          ---          ---           ---          ---           ---          ---           ---          ---
  46          ---          ---           ---          ---           ---          ---           ---          ---
  47          ---          ---           ---          ---           ---          ---           ---          ---
  48          ---          ---           ---          ---           ---          ---           ---          ---
  49          ---          ---           ---          ---           ---          ---           ---          ---
  50          ---          ---           ---          ---           ---          ---           ---          ---
 Total    7.60000E+01  0.00000E+00   1.04600E+03  0.00000E+00   2.13200E+03  0.00000E+00   3.25400E+03  0.00000E+00
-------------------------------------------------------------------------------------------------------------------
NOTE: The category "OTHER" includes all classes of individual and clustered DNA lesion, except for SSB and DSB.
SEM = standard error of the mean.

TABLE 3. Number of clusters per cell per track (DNA=6.000 Gbp, ZF=0.15880 Gy).
===================================================================================================================
Number of --------- DSB ----------   --------- SSB ----------   -------- OTHER ---------   ----- ALL CLUSTERS -----
 lesions    Average        SEM         Average        SEM         Average        SEM         Average        SEM    
===================================================================================================================
   1          ---          ---       7.76536E+01  0.00000E+00   2.43600E+02  0.00000E+00   3.21254E+02  0.00000E+00
   2      4.28762E+00  0.00000E+00   5.11339E+01  0.00000E+00   6.98724E+01  0.00000E+00   1.25294E+02  0.00000E+00
   3      3.65242E+00  0.00000E+00   2.30261E+01  0.00000E+00   1.96913E+01  0.00000E+00   4.63698E+01  0.00000E+00
   4      2.69961E+00  0.00000E+00   7.46364E+00  0.00000E+00   4.44642E+00  0.00000E+00   1.46097E+01  0.00000E+00
   5      9.52805E-01  0.00000E+00   4.12882E+00  0.00000E+00   4.76402E-01  0.00000E+00   5.55803E+00  0.00000E+00
   6          ---          ---       9.52805E-01  0.00000E+00   4.76402E-01  0.00000E+00   1.42921E+00  0.00000E+00
   7          ---          ---       7.94004E-01  0.00000E+00       ---          ---       7.94004E-01  0.00000E+00
   8      3.17602E-01  0.00000E+00   4.76402E-01  0.00000E+00       ---          ---       7.94004E-01  0.00000E+00
   9      1.58801E-01  0.00000E+00   3.17602E-01  0.00000E+00       ---          ---       4.76402E-01  0.00000E+00
  10          ---          ---           ---          ---           ---          ---           ---          ---
  11          ---          ---       1.58801E-01  0.00000E+00       ---          ---       1.58801E-01  0.00000E+00
  12          ---          ---           ---          ---           ---          ---           ---          ---
  13          ---          ---           ---          ---           ---          ---           ---          ---
  14          ---          ---           ---          ---           ---          ---           ---          ---
  15          ---          ---           ---          ---           ---          ---           ---          ---
  16          ---          ---           ---          ---           ---          ---           ---          ---
  17          ---          ---           ---          ---           ---          ---           ---          ---
  18          ---          ---           ---          ---           ---          ---           ---          ---
  19          ---          ---           ---          ---           ---          ---           ---          ---
  20          ---          ---           ---          ---           ---          ---           ---          ---
  21          ---          ---           ---          ---           ---          ---           ---          ---
  22          ---          ---           ---          ---           ---          ---           ---          ---
  23          ---          ---           ---          ---           ---          ---           ---          ---
  24          ---          ---           ---          ---           ---          ---           ---          ---
  25          ---          ---           ---          ---           ---          ---           ---          ---
  26          ---          ---           ---          ---           ---          ---           ---          ---
  27          ---          ---           ---          ---           ---          ---           ---          ---
  28          ---          ---           ---          ---           ---          ---           ---          ---
  29          ---          ---           ---          ---           ---          ---           ---          ---
  30          ---          ---           ---          ---           ---          ---           ---          ---
  31          ---          ---           ---          ---           ---          ---           ---          ---
  32          ---          ---           ---          ---           ---          ---           ---          ---
  33          ---          ---           ---          ---           ---          ---           ---          ---
  34          ---          ---           ---          ---           ---          ---           ---          ---
  35          ---          ---           ---          ---           ---          ---           ---          ---
  36          ---          ---           ---          ---           ---          ---           ---          ---
  37          ---          ---           ---          ---           ---          ---           ---          ---
  38          ---          ---           ---          ---           ---          ---           ---          ---
  39          ---          ---           ---          ---           ---          ---           ---          ---
  40          ---          ---           ---          ---           ---          ---           ---          ---
  41          ---          ---           ---          ---           ---          ---           ---          ---
  42          ---          ---           ---          ---           ---          ---           ---          ---
  43          ---          ---           ---          ---           ---          ---           ---          ---
  44          ---          ---           ---          ---           ---          ---           ---          ---
  45          ---          ---           ---          ---           ---          ---           ---          ---
  46          ---          ---           ---          ---           ---          ---           ---          ---
  47          ---          ---           ---          ---           ---          ---           ---          ---
  48          ---          ---           ---          ---           ---          ---           ---          ---
  49          ---          ---           ---          ---           ---          ---           ---          ---
  50          ---          ---           ---          ---           ---          ---           ---          ---
 Total    1.20689E+01  0.00000E+00   1.66106E+02  0.00000E+00   3.38563E+02  0.00000E+00   5.16738E+02  0.00000E+00
-------------------------------------------------------------------------------------------------------------------

TABLE 4. Cluster Length (in base pair)
===================================================================================================================
Number of --------- DSB ----------   --------- SSB ----------   -------- OTHER ---------   ----- ALL CLUSTERS -----
 lesions    Average        SEM         Average        SEM         Average        SEM         Average        SEM    
===================================================================================================================
   1          ---          ---       1.00000E+00  0.00000E+00   1.00000E+00  0.00000E+00   1.00000E+00  0.00000E+00
   2      5.70370E+00  0.00000E+00   5.26398E+00  0.00000E+00   5.76136E+00  0.00000E+00   5.55640E+00  0.00000E+00
   3      8.78261E+00  0.00000E+00   1.01793E+01  0.00000E+00   1.00887E+01  0.00000E+00   1.00308E+01  0.00000E+00
   4      1.35882E+01  0.00000E+00   1.50000E+01  0.00000E+00   1.34643E+01  0.00000E+00   1.42717E+01  0.00000E+00
   5      2.00000E+01  0.00000E+00   2.04615E+01  0.00000E+00   1.36667E+01  0.00000E+00   1.98000E+01  0.00000E+00
   6          ---          ---       2.35000E+01  0.00000E+00   2.80000E+01  0.00000E+00   2.50000E+01  0.00000E+00
   7          ---          ---       2.70000E+01  0.00000E+00       ---          ---       2.70000E+01  0.00000E+00
   8      3.55000E+01  0.00000E+00   3.30000E+01  0.00000E+00       ---          ---       3.40000E+01  0.00000E+00
   9      3.40000E+01  0.00000E+00   3.25000E+01  0.00000E+00       ---          ---       3.30000E+01  0.00000E+00
  10          ---          ---           ---          ---           ---          ---           ---          ---
  11          ---          ---       2.70000E+01  0.00000E+00       ---          ---       2.70000E+01  0.00000E+00
  12          ---          ---           ---          ---           ---          ---           ---          ---
  13          ---          ---           ---          ---           ---          ---           ---          ---
  14          ---          ---           ---          ---           ---          ---           ---          ---
  15          ---          ---           ---          ---           ---          ---           ---          ---
  16          ---          ---           ---          ---           ---          ---           ---          ---
  17          ---          ---           ---          ---           ---          ---           ---          ---
  18          ---          ---           ---          ---           ---          ---           ---          ---
  19          ---          ---           ---          ---           ---          ---           ---          ---
  20          ---          ---           ---          ---           ---          ---           ---          ---
  21          ---          ---           ---          ---           ---          ---           ---          ---
  22          ---          ---           ---          ---           ---          ---           ---          ---
  23          ---          ---           ---          ---           ---          ---           ---          ---
  24          ---          ---           ---          ---           ---          ---           ---          ---
  25          ---          ---           ---          ---           ---          ---           ---          ---
  26          ---          ---           ---          ---           ---          ---           ---          ---
  27          ---          ---           ---          ---           ---          ---           ---          ---
  28          ---          ---           ---          ---           ---          ---           ---          ---
  29          ---          ---           ---          ---           ---          ---           ---          ---
  30          ---          ---           ---          ---           ---          ---           ---          ---
  31          ---          ---           ---          ---           ---          ---           ---          ---
  32          ---          ---           ---          ---           ---          ---           ---          ---
  33          ---          ---           ---          ---           ---          ---           ---          ---
  34          ---          ---           ---          ---           ---          ---           ---          ---
  35          ---          ---           ---          ---           ---          ---           ---          ---
  36          ---          ---           ---          ---           ---          ---           ---          ---
  37          ---          ---           ---          ---           ---          ---           ---          ---
  38          ---          ---           ---          ---           ---          ---           ---          ---
  39          ---          ---           ---          ---           ---          ---           ---          ---
  40          ---          ---           ---          ---           ---          ---           ---          ---
  41          ---          ---           ---          ---           ---          ---           ---          ---
  42          ---          ---           ---          ---           ---          ---           ---          ---
  43          ---          ---           ---          ---           ---          ---           ---          ---
  44          ---          ---           ---          ---           ---          ---           ---          ---
  45          ---          ---           ---          ---           ---          ---           ---          ---
  46          ---          ---           ---          ---           ---          ---           ---          ---
  47          ---          ---           ---          ---           ---          ---           ---          ---
  48          ---          ---           ---          ---           ---          ---           ---          ---
  49          ---          ---           ---          ---           ---          ---           ---          ---
  50          ---          ---           ---          ---           ---          ---           ---          ---
Average   1.06842E+01  0.00000E+00   5.12811E+00  0.00000E+00   2.73077E+00  0.00000E+00   3.68715E+00  0.00000E+00
-------------------------------------------------------------------------------------------------------------------

TABLE 5. Density of lesions forming a cluster (in units of lesions per nucleotide).
===================================================================================================================
Number of --------- DSB ----------   --------- SSB ----------   -------- OTHER ---------   ----- ALL CLUSTERS -----
 lesions    Average        SEM         Average        SEM         Average        SEM         Average        SEM    
===================================================================================================================
   1          ---          ---       5.00000E-01  0.00000E+00   5.00000E-01  0.00000E+00   5.00000E-01  0.00000E+00
   2      2.31555E-01  0.00000E+00   2.74542E-01  0.00000E+00   2.34290E-01  0.00000E+00   2.50624E-01  0.00000E+00
   3      2.17989E-01  0.00000E+00   1.73296E-01  0.00000E+00   1.75733E-01  0.00000E+00   1.77851E-01  0.00000E+00
   4      1.60735E-01  0.00000E+00   1.46891E-01  0.00000E+00   1.83294E-01  0.00000E+00   1.60528E-01  0.00000E+00
   5      1.28874E-01  0.00000E+00   1.31188E-01  0.00000E+00   1.87908E-01  0.00000E+00   1.35653E-01  0.00000E+00
   6          ---          ---       1.31460E-01  0.00000E+00   1.17632E-01  0.00000E+00   1.26850E-01  0.00000E+00
   7          ---          ---       1.41099E-01  0.00000E+00       ---          ---       1.41099E-01  0.00000E+00
   8      1.13238E-01  0.00000E+00   1.33368E-01  0.00000E+00       ---          ---       1.25316E-01  0.00000E+00
   9      1.32353E-01  0.00000E+00   1.41168E-01  0.00000E+00       ---          ---       1.38230E-01  0.00000E+00
  10          ---          ---           ---          ---           ---          ---           ---          ---
  11          ---          ---       2.03704E-01  0.00000E+00       ---          ---       2.03704E-01  0.00000E+00
  12          ---          ---           ---          ---           ---          ---           ---          ---
  13          ---          ---           ---          ---           ---          ---           ---          ---
  14          ---          ---           ---          ---           ---          ---           ---          ---
  15          ---          ---           ---          ---           ---          ---           ---          ---
  16          ---          ---           ---          ---           ---          ---           ---          ---
  17          ---          ---           ---          ---           ---          ---           ---          ---
  18          ---          ---           ---          ---           ---          ---           ---          ---
  19          ---          ---           ---          ---           ---          ---           ---          ---
  20          ---          ---           ---          ---           ---          ---           ---          ---
  21          ---          ---           ---          ---           ---          ---           ---          ---
  22          ---          ---           ---          ---           ---          ---           ---          ---
  23          ---          ---           ---          ---           ---          ---           ---          ---
  24          ---          ---           ---          ---           ---          ---           ---          ---
  25          ---          ---           ---          ---           ---          ---           ---          ---
  26          ---          ---           ---          ---           ---          ---           ---          ---
  27          ---          ---           ---          ---           ---          ---           ---          ---
  28          ---          ---           ---          ---           ---          ---           ---          ---
  29          ---          ---           ---          ---           ---          ---           ---          ---
  30          ---          ---           ---          ---           ---          ---           ---          ---
  31          ---          ---           ---          ---           ---          ---           ---          ---
  32          ---          ---           ---          ---           ---          ---           ---          ---
  33          ---          ---           ---          ---           ---          ---           ---          ---
  34          ---          ---           ---          ---           ---          ---           ---          ---
  35          ---          ---           ---          ---           ---          ---           ---          ---
  36          ---          ---           ---          ---           ---          ---           ---          ---
  37          ---          ---           ---          ---           ---          ---           ---          ---
  38          ---          ---           ---          ---           ---          ---           ---          ---
  39          ---          ---           ---          ---           ---          ---           ---          ---
  40          ---          ---           ---          ---           ---          ---           ---          ---
  41          ---          ---           ---          ---           ---          ---           ---          ---
  42          ---          ---           ---          ---           ---          ---           ---          ---
  43          ---          ---           ---          ---           ---          ---           ---          ---
  44          ---          ---           ---          ---           ---          ---           ---          ---
  45          ---          ---           ---          ---           ---          ---           ---          ---
  46          ---          ---           ---          ---           ---          ---           ---          ---
  47          ---          ---           ---          ---           ---          ---           ---          ---
  48          ---          ---           ---          ---           ---          ---           ---          ---
  49          ---          ---           ---          ---           ---          ---           ---          ---
  50          ---          ---           ---          ---           ---          ---           ---          ---
Average   1.99083E-01  0.00000E+00   3.54422E-01  0.00000E+00   4.21167E-01  0.00000E+00   3.94525E-01  0.00000E+00
-------------------------------------------------------------------------------------------------------------------
NOTE: Lesion density computed as the number of lesions per cluster divided by twice the cluster length.

TABLE 6. Cluster composition (% Sb per cluster)
===================================================================================================================
Number of --------- DSB ----------   --------- SSB ----------   -------- OTHER ---------   ----- ALL CLUSTERS -----
 lesions    Average        SEM         Average        SEM         Average        SEM         Average        SEM    
===================================================================================================================
   1          ---          ---       1.00000E+02  0.00000E+00   0.00000E+00  0.00000E+00   2.41720E+01  0.00000E+00
   2      1.00000E+02  0.00000E+00   5.20186E+01  0.00000E+00   0.00000E+00  0.00000E+00   2.46515E+01  0.00000E+00
   3      7.24638E+01  0.00000E+00   3.97701E+01  0.00000E+00   0.00000E+00  0.00000E+00   2.54566E+01  0.00000E+00
   4      6.17647E+01  0.00000E+00   3.13830E+01  0.00000E+00   0.00000E+00  0.00000E+00   2.74457E+01  0.00000E+00
   5      4.66667E+01  0.00000E+00   3.00000E+01  0.00000E+00   0.00000E+00  0.00000E+00   3.02857E+01  0.00000E+00
   6          ---          ---       2.50000E+01  0.00000E+00   0.00000E+00  0.00000E+00   1.66667E+01  0.00000E+00
   7          ---          ---       2.28571E+01  0.00000E+00       ---          ---       2.28571E+01  0.00000E+00
   8      4.37500E+01  0.00000E+00   3.33333E+01  0.00000E+00       ---          ---       3.75000E+01  0.00000E+00
   9      5.55556E+01  0.00000E+00   2.22222E+01  0.00000E+00       ---          ---       3.33333E+01  0.00000E+00
  10          ---          ---           ---          ---           ---          ---           ---          ---
  11          ---          ---       9.09091E+00  0.00000E+00       ---          ---       9.09091E+00  0.00000E+00
  12          ---          ---           ---          ---           ---          ---           ---          ---
  13          ---          ---           ---          ---           ---          ---           ---          ---
  14          ---          ---           ---          ---           ---          ---           ---          ---
  15          ---          ---           ---          ---           ---          ---           ---          ---
  16          ---          ---           ---          ---           ---          ---           ---          ---
  17          ---          ---           ---          ---           ---          ---           ---          ---
  18          ---          ---           ---          ---           ---          ---           ---          ---
  19          ---          ---           ---          ---           ---          ---           ---          ---
  20          ---          ---           ---          ---           ---          ---           ---          ---
  21          ---          ---           ---          ---           ---          ---           ---          ---
  22          ---          ---           ---          ---           ---          ---           ---          ---
  23          ---          ---           ---          ---           ---          ---           ---          ---
  24          ---          ---           ---          ---           ---          ---           ---          ---
  25          ---          ---           ---          ---           ---          ---           ---          ---
  26          ---          ---           ---          ---           ---          ---           ---          ---
  27          ---          ---           ---          ---           ---          ---           ---          ---
  28          ---          ---           ---          ---           ---          ---           ---          ---
  29          ---          ---           ---          ---           ---          ---           ---          ---
  30          ---          ---           ---          ---           ---          ---           ---          ---
  31          ---          ---           ---          ---           ---          ---           ---          ---
  32          ---          ---           ---          ---           ---          ---           ---          ---
  33          ---          ---           ---          ---           ---          ---           ---          ---
  34          ---          ---           ---          ---           ---          ---           ---          ---
  35          ---          ---           ---          ---           ---          ---           ---          ---
  36          ---          ---           ---          ---           ---          ---           ---          ---
  37          ---          ---           ---          ---           ---          ---           ---          ---
  38          ---          ---           ---          ---           ---          ---           ---          ---
  39          ---          ---           ---          ---           ---          ---           ---          ---
  40          ---          ---           ---          ---           ---          ---           ---          ---
  41          ---          ---           ---          ---           ---          ---           ---          ---
  42          ---          ---           ---          ---           ---          ---           ---          ---
  43          ---          ---           ---          ---           ---          ---           ---          ---
  44          ---          ---           ---          ---           ---          ---           ---          ---
  45          ---          ---           ---          ---           ---          ---           ---          ---
  46          ---          ---           ---          ---           ---          ---           ---          ---
  47          ---          ---           ---          ---           ---          ---           ---          ---
  48          ---          ---           ---          ---           ---          ---           ---          ---
  49          ---          ---           ---          ---           ---          ---           ---          ---
  50          ---          ---           ---          ---           ---          ---           ---          ---
Average   7.68384E+01  0.00000E+00   7.08313E+01  0.00000E+00   0.00000E+00  0.00000E+00   2.45634E+01  0.00000E+00
-------------------------------------------------------------------------------------------------------------------
NOTES: (% Sb) is the percentage of lesions that are strand breaks. The number of Sb is [(% Sb)/100]*(# lesions).
The number of Bd is (1-(% Sb)/100)*(# lesions).
