===============================
MCDS Version 3.10A  05-DEC-2011
===============================
      0.004     running time (min)
  987654321     random number seed
          1     number of cells (nocs)
 0.0000E+00     water-equivalent material (WEM) thickness (mg/cm^2)
 1.0000E+00     Desired dose to the cell nucleus (Gy)
 6.0000E+00     DNA content (Gbp)

TARGET (cell) DEFINITION (4V/S = mean chord length)
========================================================
            DIAMETER     4V/S      Volume      Mass
               (um)      (um)      (um^3)      (ng)
--------------------------------------------------------
DNA            ---        ---     6.123E+00  6.123E-03
NUCLEUS     5.000E+00  3.333E+00  6.545E+01  6.545E-02
CYTOPLASM      ---        ---     -6.545E+01  -6.545E-02
CELL        0.000E+00  0.000E+00  0.000E+00  0.000E+00
========================================================
NOTE: In human DNA, 1 Gbp=0.979 ng (not including bound
H2O).  DNA volume computed using a density of 1 g/cm^3.

WARNING: volume of nucleus larger than the volume of the cell!

INCIDENT PARTICLE: 12C (mass = 1.20000E+01 u = 1.11749E+04 MeV/c^2)
  1.90000E+03 MeV >= 1.00000E-06 MeV
  1.58333E+02 MeV/A >= 8.33333E-08 MeV/A)
  6.78782E+03 MeV (p*c = momentum x speed of light)
  1.82680E-04 pm (de Broglie wavelength)
  1.17002E+00 = T/m0c2+1 (Lorentz factor) >= 1
  6.00000E+00 ABS(effective charge); Barkas 1963
  5.19150E-01 beta = (v/c) <= 1
  1.33572E+02 (zeff/beta)^2 <= 2.000E+05
  1.87546E+01 keV/um (total stopping power in H2O)
  1.87478E+01 keV/um ( 99.963% electronic)
  6.84578E-03 keV/um (  0.037% nuclear)
  5.83150E+00 CSDA range of particle (cm) in H2O

PARTICLE TRANSPORT - Beam of radiation incident on bottom of cell culture dish
(WEM=0.00 um, cell=0.00 um, nucleus=5.00 um; total distance traveled to
reach nucleus=-2.500 um of H2O).
==============================================================================
                                  ------- Cell --------  ------- Nucleus -----
                       Incident      Entry      Exit       Entry       Exit
==============================================================================
         KE (MeV)   1.9000E+03  1.9000E+03  1.9000E+03  1.9000E+03  1.9000E+03
    (Zeff/beta)^2   1.3357E+02  1.3357E+02  1.3357E+02  1.3357E+02  1.3357E+02
     LET (keV/um)   1.8755E+01  1.8755E+01  1.8755E+01  1.8755E+01  1.8755E+01
  Res. Range (um)   5.8315E+04  5.8315E+04  5.8315E+04  5.8315E+04  5.8313E+04
 DPUF1 (nGy-cm^2)   3.0045E+01  3.0045E+01  3.0045E+01  3.0045E+01  3.0045E+01
 DPUF2 (nGy-cm^2)      ---      NaN     ---      3.0045E+01     ---
       Edep (keV)      ---      NaN     ---      6.2516E+01     ---
      YF (keV/um)      ---      NaN     ---      1.8755E+01     ---
          ZF (Gy)      ---      NaN     ---      1.5302E-01     ---
==============================================================================
LET=(Stot-Srad); absorbed dose per unit fluence (DPUF1) = 1.602*LET/rho
Avg. absorbed dose within target (i.e., DPUF2) = 2.5*pi*d*d*zf
Edep = 0.1602*ZF*PI*d*d*d/6; yf = edep/lbar = 0.25*edep*{area}/{volume}

DAMAGE FORMATION AND CLUSTERING (normoxic conditions)
     107984     segment length, nseg (bp per cell per Gy)
       1300     number of strand breaks, sigSb (per cell per Gy)
       3900     number of base damages,  sigBd (per cell per Gy)
        3.0     base damage to strand break ratio, f
          9     minimum distance between clusters, Nmin (bp)
         10     maximum distance between two Sb to compose a DSB, Ndsb (bp)
        0.0     fraction Bl/Bd

OXYGEN SIMULATION (M0=1.740, K=0.3372, q=946.10, r=2.15)
  1.0000E+02 % O2 concentration (=760.00 mmHg)
  2.4445E-03 chemical repair probability (pcr)
  9.9756E-01 O2 fixation probability (1-pcr)
  1.0025E+00 Approx. HRF for SSB induction [=1/(1-pcr)]
  1.0049E+00 Approx. HRF for DSB induction [1/(1-pcr)]^2

DMSO SIMULATION
  5.0000E-01 fraction of non-scavengeable DNA damage (fnsd)
  5.0000E-01 concentration (mol dm^-3) at half-level (chmx)
  0.0000E+00 DMSO concentration (mol dm^-3)

TABLE 1. Percent (%) cluster yields by complexity, as classified using the scheme of Nikjoo et al. (IJRB 71, 
467-483 1997 and and Radiat. Res. 156, 577-583 2001).
===================================================================================================================
    65.835     BD    - one or more Bd (no Sb)
    29.714     SSB   - Sb (no auxilary damage)
     2.195     SSB+  - two Sb on the same strand
     0.211     2SSB  - two or more Sb on opposite strands separated by at least 10 bp
     1.805     DSB   - two Sb on opposite strands with a separation <= 10 bp
     0.180     DSB+  - DSB accompanied by one (or more) additional Sb within 10 bp separation
     0.060     DSB++ - more than one DSB whether within the 10 bp separation or further apart
     7.491     SSBc  - fraction of complex damage (SSB+ and 2SSB) among SSBs
    50.094     SSBcb - fraction of complex damage (SSB+ and 2SSB) among SSBs; base damage included
    11.765     DSBc  - fraction of complex damage (DSB+ and DSB++) among DSBs
    64.706     DSBcb - fraction of complex damage (DSB+ and DSB++) among DSBs; base damage included
===================================================================================================================

TABLE 2. Number of clusters per cell (DNA=6.000 Gbp, AD=1.000 Gy).
===================================================================================================================
Number of --------- DSB ----------   --------- SSB ----------   -------- OTHER ---------   ----- ALL CLUSTERS -----
 lesions    Average        SEM         Average        SEM         Average        SEM         Average        SEM    
===================================================================================================================
   1          ---          ---       5.33000E+02  0.00000E+00   1.61800E+03  0.00000E+00   2.15100E+03  0.00000E+00
   2      2.40000E+01  0.00000E+00   3.05000E+02  0.00000E+00   4.16000E+02  0.00000E+00   7.45000E+02  0.00000E+00
   3      2.00000E+01  0.00000E+00   1.32000E+02  0.00000E+00   1.14000E+02  0.00000E+00   2.66000E+02  0.00000E+00
   4      1.10000E+01  0.00000E+00   5.50000E+01  0.00000E+00   2.90000E+01  0.00000E+00   9.50000E+01  0.00000E+00
   5      1.00000E+01  0.00000E+00   2.50000E+01  0.00000E+00   1.00000E+01  0.00000E+00   4.50000E+01  0.00000E+00
   6      2.00000E+00  0.00000E+00   1.50000E+01  0.00000E+00   1.00000E+00  0.00000E+00   1.80000E+01  0.00000E+00
   7      1.00000E+00  0.00000E+00   3.00000E+00  0.00000E+00   1.00000E+00  0.00000E+00   5.00000E+00  0.00000E+00
   8          ---          ---           ---          ---           ---          ---           ---          ---
   9          ---          ---           ---          ---           ---          ---           ---          ---
  10          ---          ---           ---          ---           ---          ---           ---          ---
  11          ---          ---           ---          ---           ---          ---           ---          ---
  12          ---          ---           ---          ---           ---          ---           ---          ---
  13          ---          ---           ---          ---           ---          ---           ---          ---
  14          ---          ---           ---          ---           ---          ---           ---          ---
  15          ---          ---           ---          ---           ---          ---           ---          ---
  16          ---          ---           ---          ---           ---          ---           ---          ---
  17          ---          ---           ---          ---           ---          ---           ---          ---
  18          ---          ---           ---          ---           ---          ---           ---          ---
  19          ---          ---           ---          ---           ---          ---           ---          ---
  20          ---          ---           ---          ---           ---          ---           ---          ---
  21          ---          ---           ---          ---           ---          ---           ---          ---
  22          ---          ---           ---          ---           ---          ---           ---          ---
  23          ---          ---           ---          ---           ---          ---           ---          ---
  24          ---          ---           ---          ---           ---          ---           ---          ---
  25          ---          ---           ---          ---           ---          ---           ---          ---
  26          ---          ---           ---          ---           ---          ---           ---          ---
  27          ---          ---           ---          ---           ---          ---           ---          ---
  28          ---          ---           ---          ---           ---          ---           ---          ---
  29          ---          ---           ---          ---           ---          ---           ---          ---
  30          ---          ---           ---          ---           ---          ---           ---          ---
  31          ---          ---           ---          ---           ---          ---           ---          ---
  32          ---          ---           ---          ---           ---          ---           ---          ---
  33          ---          ---           ---          ---           ---          ---           ---          ---
  34          ---          ---           ---          ---           ---          ---           ---          ---
  35          ---          ---           ---          ---           ---          ---           ---          ---
  36          ---          ---           ---          ---           ---          ---           ---          ---
  37          ---          ---           ---          ---           ---          ---           ---          ---
  38          ---          ---           ---          ---           ---          ---           ---          ---
  39          ---          ---           ---          ---           ---          ---           ---          ---
  40          ---          ---           ---          ---           ---          ---           ---          ---
  41          ---          ---           ---          ---           ---          ---           ---          ---
  42          ---          ---           ---          ---           ---          ---           ---          ---
  43          ---          ---           ---          ---           ---          ---           ---          ---
  44          ---          ---           ---          ---           ---          ---           ---          ---
  45          ---          ---           ---          ---           ---          ---           ---          ---
  46          ---          ---           ---          ---           ---          ---           ---          ---
  47          ---          ---           ---          ---           ---          ---           ---          ---
  48          ---          ---           ---          ---           ---          ---           ---          ---
  49          ---          ---           ---          ---           ---          ---           ---          ---
  50          ---          ---           ---          ---           ---          ---           ---          ---
 Total    6.80000E+01  0.00000E+00   1.06800E+03  0.00000E+00   2.18900E+03  0.00000E+00   3.32500E+03  0.00000E+00
-------------------------------------------------------------------------------------------------------------------
NOTE: The category "OTHER" includes all classes of individual and clustered DNA lesion, except for SSB and DSB.
SEM = standard error of the mean.

TABLE 3. Number of clusters per cell per track (DNA=6.000 Gbp, ZF=0.15302 Gy).
===================================================================================================================
Number of --------- DSB ----------   --------- SSB ----------   -------- OTHER ---------   ----- ALL CLUSTERS -----
 lesions    Average        SEM         Average        SEM         Average        SEM         Average        SEM    
===================================================================================================================
   1          ---          ---       8.15594E+01  0.00000E+00   2.47586E+02  0.00000E+00   3.29145E+02  0.00000E+00
   2      3.67247E+00  0.00000E+00   4.66709E+01  0.00000E+00   6.36561E+01  0.00000E+00   1.14000E+02  0.00000E+00
   3      3.06039E+00  0.00000E+00   2.01986E+01  0.00000E+00   1.74442E+01  0.00000E+00   4.07032E+01  0.00000E+00
   4      1.68321E+00  0.00000E+00   8.41607E+00  0.00000E+00   4.43756E+00  0.00000E+00   1.45369E+01  0.00000E+00
   5      1.53019E+00  0.00000E+00   3.82549E+00  0.00000E+00   1.53019E+00  0.00000E+00   6.88588E+00  0.00000E+00
   6      3.06039E-01  0.00000E+00   2.29529E+00  0.00000E+00   1.53019E-01  0.00000E+00   2.75435E+00  0.00000E+00
   7      1.53019E-01  0.00000E+00   4.59058E-01  0.00000E+00   1.53019E-01  0.00000E+00   7.65097E-01  0.00000E+00
   8          ---          ---           ---          ---           ---          ---           ---          ---
   9          ---          ---           ---          ---           ---          ---           ---          ---
  10          ---          ---           ---          ---           ---          ---           ---          ---
  11          ---          ---           ---          ---           ---          ---           ---          ---
  12          ---          ---           ---          ---           ---          ---           ---          ---
  13          ---          ---           ---          ---           ---          ---           ---          ---
  14          ---          ---           ---          ---           ---          ---           ---          ---
  15          ---          ---           ---          ---           ---          ---           ---          ---
  16          ---          ---           ---          ---           ---          ---           ---          ---
  17          ---          ---           ---          ---           ---          ---           ---          ---
  18          ---          ---           ---          ---           ---          ---           ---          ---
  19          ---          ---           ---          ---           ---          ---           ---          ---
  20          ---          ---           ---          ---           ---          ---           ---          ---
  21          ---          ---           ---          ---           ---          ---           ---          ---
  22          ---          ---           ---          ---           ---          ---           ---          ---
  23          ---          ---           ---          ---           ---          ---           ---          ---
  24          ---          ---           ---          ---           ---          ---           ---          ---
  25          ---          ---           ---          ---           ---          ---           ---          ---
  26          ---          ---           ---          ---           ---          ---           ---          ---
  27          ---          ---           ---          ---           ---          ---           ---          ---
  28          ---          ---           ---          ---           ---          ---           ---          ---
  29          ---          ---           ---          ---           ---          ---           ---          ---
  30          ---          ---           ---          ---           ---          ---           ---          ---
  31          ---          ---           ---          ---           ---          ---           ---          ---
  32          ---          ---           ---          ---           ---          ---           ---          ---
  33          ---          ---           ---          ---           ---          ---           ---          ---
  34          ---          ---           ---          ---           ---          ---           ---          ---
  35          ---          ---           ---          ---           ---          ---           ---          ---
  36          ---          ---           ---          ---           ---          ---           ---          ---
  37          ---          ---           ---          ---           ---          ---           ---          ---
  38          ---          ---           ---          ---           ---          ---           ---          ---
  39          ---          ---           ---          ---           ---          ---           ---          ---
  40          ---          ---           ---          ---           ---          ---           ---          ---
  41          ---          ---           ---          ---           ---          ---           ---          ---
  42          ---          ---           ---          ---           ---          ---           ---          ---
  43          ---          ---           ---          ---           ---          ---           ---          ---
  44          ---          ---           ---          ---           ---          ---           ---          ---
  45          ---          ---           ---          ---           ---          ---           ---          ---
  46          ---          ---           ---          ---           ---          ---           ---          ---
  47          ---          ---           ---          ---           ---          ---           ---          ---
  48          ---          ---           ---          ---           ---          ---           ---          ---
  49          ---          ---           ---          ---           ---          ---           ---          ---
  50          ---          ---           ---          ---           ---          ---           ---          ---
 Total    1.04053E+01  0.00000E+00   1.63425E+02  0.00000E+00   3.34960E+02  0.00000E+00   5.08790E+02  0.00000E+00
-------------------------------------------------------------------------------------------------------------------

TABLE 4. Cluster Length (in base pair)
===================================================================================================================
Number of --------- DSB ----------   --------- SSB ----------   -------- OTHER ---------   ----- ALL CLUSTERS -----
 lesions    Average        SEM         Average        SEM         Average        SEM         Average        SEM    
===================================================================================================================
   1          ---          ---       1.00000E+00  0.00000E+00   1.00000E+00  0.00000E+00   1.00000E+00  0.00000E+00
   2      5.54167E+00  0.00000E+00   5.32131E+00  0.00000E+00   5.31731E+00  0.00000E+00   5.32617E+00  0.00000E+00
   3      9.15000E+00  0.00000E+00   1.02197E+01  0.00000E+00   1.05000E+01  0.00000E+00   1.02594E+01  0.00000E+00
   4      1.29091E+01  0.00000E+00   1.37455E+01  0.00000E+00   1.48966E+01  0.00000E+00   1.40000E+01  0.00000E+00
   5      1.77000E+01  0.00000E+00   1.95200E+01  0.00000E+00   1.79000E+01  0.00000E+00   1.87556E+01  0.00000E+00
   6      1.65000E+01  0.00000E+00   2.10667E+01  0.00000E+00   2.20000E+01  0.00000E+00   2.06111E+01  0.00000E+00
   7      3.00000E+01  0.00000E+00   3.36667E+01  0.00000E+00   3.00000E+01  0.00000E+00   3.22000E+01  0.00000E+00
   8          ---          ---           ---          ---           ---          ---           ---          ---
   9          ---          ---           ---          ---           ---          ---           ---          ---
  10          ---          ---           ---          ---           ---          ---           ---          ---
  11          ---          ---           ---          ---           ---          ---           ---          ---
  12          ---          ---           ---          ---           ---          ---           ---          ---
  13          ---          ---           ---          ---           ---          ---           ---          ---
  14          ---          ---           ---          ---           ---          ---           ---          ---
  15          ---          ---           ---          ---           ---          ---           ---          ---
  16          ---          ---           ---          ---           ---          ---           ---          ---
  17          ---          ---           ---          ---           ---          ---           ---          ---
  18          ---          ---           ---          ---           ---          ---           ---          ---
  19          ---          ---           ---          ---           ---          ---           ---          ---
  20          ---          ---           ---          ---           ---          ---           ---          ---
  21          ---          ---           ---          ---           ---          ---           ---          ---
  22          ---          ---           ---          ---           ---          ---           ---          ---
  23          ---          ---           ---          ---           ---          ---           ---          ---
  24          ---          ---           ---          ---           ---          ---           ---          ---
  25          ---          ---           ---          ---           ---          ---           ---          ---
  26          ---          ---           ---          ---           ---          ---           ---          ---
  27          ---          ---           ---          ---           ---          ---           ---          ---
  28          ---          ---           ---          ---           ---          ---           ---          ---
  29          ---          ---           ---          ---           ---          ---           ---          ---
  30          ---          ---           ---          ---           ---          ---           ---          ---
  31          ---          ---           ---          ---           ---          ---           ---          ---
  32          ---          ---           ---          ---           ---          ---           ---          ---
  33          ---          ---           ---          ---           ---          ---           ---          ---
  34          ---          ---           ---          ---           ---          ---           ---          ---
  35          ---          ---           ---          ---           ---          ---           ---          ---
  36          ---          ---           ---          ---           ---          ---           ---          ---
  37          ---          ---           ---          ---           ---          ---           ---          ---
  38          ---          ---           ---          ---           ---          ---           ---          ---
  39          ---          ---           ---          ---           ---          ---           ---          ---
  40          ---          ---           ---          ---           ---          ---           ---          ---
  41          ---          ---           ---          ---           ---          ---           ---          ---
  42          ---          ---           ---          ---           ---          ---           ---          ---
  43          ---          ---           ---          ---           ---          ---           ---          ---
  44          ---          ---           ---          ---           ---          ---           ---          ---
  45          ---          ---           ---          ---           ---          ---           ---          ---
  46          ---          ---           ---          ---           ---          ---           ---          ---
  47          ---          ---           ---          ---           ---          ---           ---          ---
  48          ---          ---           ---          ---           ---          ---           ---          ---
  49          ---          ---           ---          ---           ---          ---           ---          ---
  50          ---          ---           ---          ---           ---          ---           ---          ---
Average   1.02647E+01  0.00000E+00   4.83708E+00  0.00000E+00   2.59936E+00  0.00000E+00   3.47489E+00  0.00000E+00
-------------------------------------------------------------------------------------------------------------------

TABLE 5. Density of lesions forming a cluster (in units of lesions per nucleotide).
===================================================================================================================
Number of --------- DSB ----------   --------- SSB ----------   -------- OTHER ---------   ----- ALL CLUSTERS -----
 lesions    Average        SEM         Average        SEM         Average        SEM         Average        SEM    
===================================================================================================================
   1          ---          ---       5.00000E-01  0.00000E+00   5.00000E-01  0.00000E+00   5.00000E-01  0.00000E+00
   2      2.77166E-01  0.00000E+00   2.62119E-01  0.00000E+00   2.61672E-01  0.00000E+00   2.62354E-01  0.00000E+00
   3      1.90857E-01  0.00000E+00   1.72696E-01  0.00000E+00   1.74813E-01  0.00000E+00   1.74968E-01  0.00000E+00
   4      1.81202E-01  0.00000E+00   1.64645E-01  0.00000E+00   1.58477E-01  0.00000E+00   1.64680E-01  0.00000E+00
   5      1.50649E-01  0.00000E+00   1.43870E-01  0.00000E+00   1.55727E-01  0.00000E+00   1.48011E-01  0.00000E+00
   6      2.47500E-01  0.00000E+00   1.54380E-01  0.00000E+00   1.36364E-01  0.00000E+00   1.63726E-01  0.00000E+00
   7      1.16667E-01  0.00000E+00   1.09227E-01  0.00000E+00   1.16667E-01  0.00000E+00   1.12203E-01  0.00000E+00
   8          ---          ---           ---          ---           ---          ---           ---          ---
   9          ---          ---           ---          ---           ---          ---           ---          ---
  10          ---          ---           ---          ---           ---          ---           ---          ---
  11          ---          ---           ---          ---           ---          ---           ---          ---
  12          ---          ---           ---          ---           ---          ---           ---          ---
  13          ---          ---           ---          ---           ---          ---           ---          ---
  14          ---          ---           ---          ---           ---          ---           ---          ---
  15          ---          ---           ---          ---           ---          ---           ---          ---
  16          ---          ---           ---          ---           ---          ---           ---          ---
  17          ---          ---           ---          ---           ---          ---           ---          ---
  18          ---          ---           ---          ---           ---          ---           ---          ---
  19          ---          ---           ---          ---           ---          ---           ---          ---
  20          ---          ---           ---          ---           ---          ---           ---          ---
  21          ---          ---           ---          ---           ---          ---           ---          ---
  22          ---          ---           ---          ---           ---          ---           ---          ---
  23          ---          ---           ---          ---           ---          ---           ---          ---
  24          ---          ---           ---          ---           ---          ---           ---          ---
  25          ---          ---           ---          ---           ---          ---           ---          ---
  26          ---          ---           ---          ---           ---          ---           ---          ---
  27          ---          ---           ---          ---           ---          ---           ---          ---
  28          ---          ---           ---          ---           ---          ---           ---          ---
  29          ---          ---           ---          ---           ---          ---           ---          ---
  30          ---          ---           ---          ---           ---          ---           ---          ---
  31          ---          ---           ---          ---           ---          ---           ---          ---
  32          ---          ---           ---          ---           ---          ---           ---          ---
  33          ---          ---           ---          ---           ---          ---           ---          ---
  34          ---          ---           ---          ---           ---          ---           ---          ---
  35          ---          ---           ---          ---           ---          ---           ---          ---
  36          ---          ---           ---          ---           ---          ---           ---          ---
  37          ---          ---           ---          ---           ---          ---           ---          ---
  38          ---          ---           ---          ---           ---          ---           ---          ---
  39          ---          ---           ---          ---           ---          ---           ---          ---
  40          ---          ---           ---          ---           ---          ---           ---          ---
  41          ---          ---           ---          ---           ---          ---           ---          ---
  42          ---          ---           ---          ---           ---          ---           ---          ---
  43          ---          ---           ---          ---           ---          ---           ---          ---
  44          ---          ---           ---          ---           ---          ---           ---          ---
  45          ---          ---           ---          ---           ---          ---           ---          ---
  46          ---          ---           ---          ---           ---          ---           ---          ---
  47          ---          ---           ---          ---           ---          ---           ---          ---
  48          ---          ---           ---          ---           ---          ---           ---          ---
  49          ---          ---           ---          ---           ---          ---           ---          ---
  50          ---          ---           ---          ---           ---          ---           ---          ---
Average   2.14419E-01  0.00000E+00   3.60054E-01  0.00000E+00   4.31334E-01  0.00000E+00   4.04003E-01  0.00000E+00
-------------------------------------------------------------------------------------------------------------------
NOTE: Lesion density computed as the number of lesions per cluster divided by twice the cluster length.

TABLE 6. Cluster composition (% Sb per cluster)
===================================================================================================================
Number of --------- DSB ----------   --------- SSB ----------   -------- OTHER ---------   ----- ALL CLUSTERS -----
 lesions    Average        SEM         Average        SEM         Average        SEM         Average        SEM    
===================================================================================================================
   1          ---          ---       1.00000E+02  0.00000E+00   0.00000E+00  0.00000E+00   2.47792E+01  0.00000E+00
   2      1.00000E+02  0.00000E+00   5.42623E+01  0.00000E+00   0.00000E+00  0.00000E+00   2.54362E+01  0.00000E+00
   3      6.83333E+01  0.00000E+00   4.01515E+01  0.00000E+00   0.00000E+00  0.00000E+00   2.50627E+01  0.00000E+00
   4      5.90909E+01  0.00000E+00   3.27273E+01  0.00000E+00   0.00000E+00  0.00000E+00   2.57895E+01  0.00000E+00
   5      5.00000E+01  0.00000E+00   2.64000E+01  0.00000E+00   0.00000E+00  0.00000E+00   2.57778E+01  0.00000E+00
   6      3.33333E+01  0.00000E+00   2.00000E+01  0.00000E+00   0.00000E+00  0.00000E+00   2.03704E+01  0.00000E+00
   7      2.85714E+01  0.00000E+00   2.38095E+01  0.00000E+00   0.00000E+00  0.00000E+00   2.00000E+01  0.00000E+00
   8          ---          ---           ---          ---           ---          ---           ---          ---
   9          ---          ---           ---          ---           ---          ---           ---          ---
  10          ---          ---           ---          ---           ---          ---           ---          ---
  11          ---          ---           ---          ---           ---          ---           ---          ---
  12          ---          ---           ---          ---           ---          ---           ---          ---
  13          ---          ---           ---          ---           ---          ---           ---          ---
  14          ---          ---           ---          ---           ---          ---           ---          ---
  15          ---          ---           ---          ---           ---          ---           ---          ---
  16          ---          ---           ---          ---           ---          ---           ---          ---
  17          ---          ---           ---          ---           ---          ---           ---          ---
  18          ---          ---           ---          ---           ---          ---           ---          ---
  19          ---          ---           ---          ---           ---          ---           ---          ---
  20          ---          ---           ---          ---           ---          ---           ---          ---
  21          ---          ---           ---          ---           ---          ---           ---          ---
  22          ---          ---           ---          ---           ---          ---           ---          ---
  23          ---          ---           ---          ---           ---          ---           ---          ---
  24          ---          ---           ---          ---           ---          ---           ---          ---
  25          ---          ---           ---          ---           ---          ---           ---          ---
  26          ---          ---           ---          ---           ---          ---           ---          ---
  27          ---          ---           ---          ---           ---          ---           ---          ---
  28          ---          ---           ---          ---           ---          ---           ---          ---
  29          ---          ---           ---          ---           ---          ---           ---          ---
  30          ---          ---           ---          ---           ---          ---           ---          ---
  31          ---          ---           ---          ---           ---          ---           ---          ---
  32          ---          ---           ---          ---           ---          ---           ---          ---
  33          ---          ---           ---          ---           ---          ---           ---          ---
  34          ---          ---           ---          ---           ---          ---           ---          ---
  35          ---          ---           ---          ---           ---          ---           ---          ---
  36          ---          ---           ---          ---           ---          ---           ---          ---
  37          ---          ---           ---          ---           ---          ---           ---          ---
  38          ---          ---           ---          ---           ---          ---           ---          ---
  39          ---          ---           ---          ---           ---          ---           ---          ---
  40          ---          ---           ---          ---           ---          ---           ---          ---
  41          ---          ---           ---          ---           ---          ---           ---          ---
  42          ---          ---           ---          ---           ---          ---           ---          ---
  43          ---          ---           ---          ---           ---          ---           ---          ---
  44          ---          ---           ---          ---           ---          ---           ---          ---
  45          ---          ---           ---          ---           ---          ---           ---          ---
  46          ---          ---           ---          ---           ---          ---           ---          ---
  47          ---          ---           ---          ---           ---          ---           ---          ---
  48          ---          ---           ---          ---           ---          ---           ---          ---
  49          ---          ---           ---          ---           ---          ---           ---          ---
  50          ---          ---           ---          ---           ---          ---           ---          ---
Average   7.37045E+01  0.00000E+00   7.30163E+01  0.00000E+00   0.00000E+00  0.00000E+00   2.49604E+01  0.00000E+00
-------------------------------------------------------------------------------------------------------------------
NOTES: (% Sb) is the percentage of lesions that are strand breaks. The number of Sb is [(% Sb)/100]*(# lesions).
The number of Bd is (1-(% Sb)/100)*(# lesions).
