===============================
MCDS Version 3.10A  05-DEC-2011
===============================
      0.003     running time (min)
  987654321     random number seed
          1     number of cells (nocs)
 0.0000E+00     water-equivalent material (WEM) thickness (mg/cm^2)
 1.0000E+00     Desired dose to the cell nucleus (Gy)
 6.0000E+00     DNA content (Gbp)

TARGET (cell) DEFINITION (4V/S = mean chord length)
========================================================
            DIAMETER     4V/S      Volume      Mass
               (um)      (um)      (um^3)      (ng)
--------------------------------------------------------
DNA            ---        ---     6.123E+00  6.123E-03
NUCLEUS     5.000E+00  3.333E+00  6.545E+01  6.545E-02
CYTOPLASM      ---        ---     -6.545E+01  -6.545E-02
CELL        0.000E+00  0.000E+00  0.000E+00  0.000E+00
========================================================
NOTE: In human DNA, 1 Gbp=0.979 ng (not including bound
H2O).  DNA volume computed using a density of 1 g/cm^3.

WARNING: volume of nucleus larger than the volume of the cell!

INCIDENT PARTICLE: 12C (mass = 1.20000E+01 u = 1.11749E+04 MeV/c^2)
  9.00000E+02 MeV >= 1.00000E-06 MeV
  7.50000E+01 MeV/A >= 8.33333E-08 MeV/A)
  4.57436E+03 MeV (p*c = momentum x speed of light)
  2.71076E-04 pm (de Broglie wavelength)
  1.08054E+00 = T/m0c2+1 (Lorentz factor) >= 1
  6.00000E+00 ABS(effective charge); Barkas 1963
  3.78833E-01 beta = (v/c) <= 1
  2.50845E+02 (zeff/beta)^2 <= 2.000E+05
  3.23214E+01 keV/um (total stopping power in H2O)
  3.23071E+01 keV/um ( 99.956% electronic)
  1.43094E-02 keV/um (  0.044% nuclear)
  1.55937E+00 CSDA range of particle (cm) in H2O

PARTICLE TRANSPORT - Beam of radiation incident on bottom of cell culture dish
(WEM=0.00 um, cell=0.00 um, nucleus=5.00 um; total distance traveled to
reach nucleus=-2.500 um of H2O).
==============================================================================
                                  ------- Cell --------  ------- Nucleus -----
                       Incident      Entry      Exit       Entry       Exit
==============================================================================
         KE (MeV)   9.0000E+02  9.0000E+02  9.0000E+02  9.0000E+02  8.9992E+02
    (Zeff/beta)^2   2.5085E+02  2.5085E+02  2.5085E+02  2.5085E+02  2.5087E+02
     LET (keV/um)   3.2321E+01  3.2321E+01  3.2321E+01  3.2321E+01  3.2324E+01
  Res. Range (um)   1.5594E+04  1.5594E+04  1.5594E+04  1.5594E+04  1.5591E+04
 DPUF1 (nGy-cm^2)   5.1779E+01  5.1779E+01  5.1779E+01  5.1779E+01  5.1782E+01
 DPUF2 (nGy-cm^2)      ---      NaN     ---      5.1782E+01     ---
       Edep (keV)      ---      NaN     ---      1.0774E+02     ---
      YF (keV/um)      ---      NaN     ---      3.2323E+01     ---
          ZF (Gy)      ---      NaN     ---      2.6372E-01     ---
==============================================================================
LET=(Stot-Srad); absorbed dose per unit fluence (DPUF1) = 1.602*LET/rho
Avg. absorbed dose within target (i.e., DPUF2) = 2.5*pi*d*d*zf
Edep = 0.1602*ZF*PI*d*d*d/6; yf = edep/lbar = 0.25*edep*{area}/{volume}

DAMAGE FORMATION AND CLUSTERING (normoxic conditions)
      89325     segment length, nseg (bp per cell per Gy)
       1300     number of strand breaks, sigSb (per cell per Gy)
       3900     number of base damages,  sigBd (per cell per Gy)
        3.0     base damage to strand break ratio, f
          9     minimum distance between clusters, Nmin (bp)
         10     maximum distance between two Sb to compose a DSB, Ndsb (bp)
        0.0     fraction Bl/Bd

OXYGEN SIMULATION (M0=1.740, K=0.3372, q=946.10, r=2.15)
  1.0000E+02 % O2 concentration (=760.00 mmHg)
  2.3459E-03 chemical repair probability (pcr)
  9.9765E-01 O2 fixation probability (1-pcr)
  1.0024E+00 Approx. HRF for SSB induction [=1/(1-pcr)]
  1.0047E+00 Approx. HRF for DSB induction [1/(1-pcr)]^2

DMSO SIMULATION
  5.0000E-01 fraction of non-scavengeable DNA damage (fnsd)
  5.0000E-01 concentration (mol dm^-3) at half-level (chmx)
  0.0000E+00 DMSO concentration (mol dm^-3)

TABLE 1. Percent (%) cluster yields by complexity, as classified using the scheme of Nikjoo et al. (IJRB 71, 
467-483 1997 and and Radiat. Res. 156, 577-583 2001).
===================================================================================================================
    63.013     BD    - one or more Bd (no Sb)
    31.589     SSB   - Sb (no auxilary damage)
     2.649     SSB+  - two Sb on the same strand
     0.596     2SSB  - two or more Sb on opposite strands separated by at least 10 bp
     1.887     DSB   - two Sb on opposite strands with a separation <= 10 bp
     0.166     DSB+  - DSB accompanied by one (or more) additional Sb within 10 bp separation
     0.099     DSB++ - more than one DSB whether within the 10 bp separation or further apart
     9.316     SSBc  - fraction of complex damage (SSB+ and 2SSB) among SSBs
    58.460     SSBcb - fraction of complex damage (SSB+ and 2SSB) among SSBs; base damage included
    12.308     DSBc  - fraction of complex damage (DSB+ and DSB++) among DSBs
    63.077     DSBcb - fraction of complex damage (DSB+ and DSB++) among DSBs; base damage included
===================================================================================================================

TABLE 2. Number of clusters per cell (DNA=6.000 Gbp, AD=1.000 Gy).
===================================================================================================================
Number of --------- DSB ----------   --------- SSB ----------   -------- OTHER ---------   ----- ALL CLUSTERS -----
 lesions    Average        SEM         Average        SEM         Average        SEM         Average        SEM    
===================================================================================================================
   1          ---          ---       4.37000E+02  0.00000E+00   1.32400E+03  0.00000E+00   1.76100E+03  0.00000E+00
   2      2.40000E+01  0.00000E+00   3.43000E+02  0.00000E+00   3.78000E+02  0.00000E+00   7.45000E+02  0.00000E+00
   3      1.50000E+01  0.00000E+00   1.52000E+02  0.00000E+00   1.25000E+02  0.00000E+00   2.92000E+02  0.00000E+00
   4      1.50000E+01  0.00000E+00   5.90000E+01  0.00000E+00   5.40000E+01  0.00000E+00   1.28000E+02  0.00000E+00
   5      7.00000E+00  0.00000E+00   3.50000E+01  0.00000E+00   1.50000E+01  0.00000E+00   5.70000E+01  0.00000E+00
   6      3.00000E+00  0.00000E+00   1.50000E+01  0.00000E+00   5.00000E+00  0.00000E+00   2.30000E+01  0.00000E+00
   7      1.00000E+00  0.00000E+00   4.00000E+00  0.00000E+00   2.00000E+00  0.00000E+00   7.00000E+00  0.00000E+00
   8          ---          ---       1.00000E+00  0.00000E+00       ---          ---       1.00000E+00  0.00000E+00
   9          ---          ---       1.00000E+00  0.00000E+00       ---          ---       1.00000E+00  0.00000E+00
  10          ---          ---       1.00000E+00  0.00000E+00       ---          ---       1.00000E+00  0.00000E+00
  11          ---          ---       1.00000E+00  0.00000E+00       ---          ---       1.00000E+00  0.00000E+00
  12          ---          ---       1.00000E+00  0.00000E+00       ---          ---       1.00000E+00  0.00000E+00
  13          ---          ---       1.00000E+00  0.00000E+00       ---          ---       1.00000E+00  0.00000E+00
  14          ---          ---       1.00000E+00  0.00000E+00       ---          ---       1.00000E+00  0.00000E+00
  15          ---          ---           ---          ---           ---          ---           ---          ---
  16          ---          ---           ---          ---           ---          ---           ---          ---
  17          ---          ---           ---          ---           ---          ---           ---          ---
  18          ---          ---           ---          ---           ---          ---           ---          ---
  19          ---          ---           ---          ---           ---          ---           ---          ---
  20          ---          ---           ---          ---           ---          ---           ---          ---
  21          ---          ---           ---          ---           ---          ---           ---          ---
  22          ---          ---           ---          ---           ---          ---           ---          ---
  23          ---          ---           ---          ---           ---          ---           ---          ---
  24          ---          ---           ---          ---           ---          ---           ---          ---
  25          ---          ---           ---          ---           ---          ---           ---          ---
  26          ---          ---           ---          ---           ---          ---           ---          ---
  27          ---          ---           ---          ---           ---          ---           ---          ---
  28          ---          ---           ---          ---           ---          ---           ---          ---
  29          ---          ---           ---          ---           ---          ---           ---          ---
  30          ---          ---           ---          ---           ---          ---           ---          ---
  31          ---          ---           ---          ---           ---          ---           ---          ---
  32          ---          ---           ---          ---           ---          ---           ---          ---
  33          ---          ---           ---          ---           ---          ---           ---          ---
  34          ---          ---           ---          ---           ---          ---           ---          ---
  35          ---          ---           ---          ---           ---          ---           ---          ---
  36          ---          ---           ---          ---           ---          ---           ---          ---
  37          ---          ---           ---          ---           ---          ---           ---          ---
  38          ---          ---           ---          ---           ---          ---           ---          ---
  39          ---          ---           ---          ---           ---          ---           ---          ---
  40          ---          ---           ---          ---           ---          ---           ---          ---
  41          ---          ---           ---          ---           ---          ---           ---          ---
  42          ---          ---           ---          ---           ---          ---           ---          ---
  43          ---          ---           ---          ---           ---          ---           ---          ---
  44          ---          ---           ---          ---           ---          ---           ---          ---
  45          ---          ---           ---          ---           ---          ---           ---          ---
  46          ---          ---           ---          ---           ---          ---           ---          ---
  47          ---          ---           ---          ---           ---          ---           ---          ---
  48          ---          ---           ---          ---           ---          ---           ---          ---
  49          ---          ---           ---          ---           ---          ---           ---          ---
  50          ---          ---           ---          ---           ---          ---           ---          ---
 Total    6.50000E+01  0.00000E+00   1.05200E+03  0.00000E+00   1.90300E+03  0.00000E+00   3.02000E+03  0.00000E+00
-------------------------------------------------------------------------------------------------------------------
NOTE: The category "OTHER" includes all classes of individual and clustered DNA lesion, except for SSB and DSB.
SEM = standard error of the mean.

TABLE 3. Number of clusters per cell per track (DNA=6.000 Gbp, ZF=0.26372 Gy).
===================================================================================================================
Number of --------- DSB ----------   --------- SSB ----------   -------- OTHER ---------   ----- ALL CLUSTERS -----
 lesions    Average        SEM         Average        SEM         Average        SEM         Average        SEM    
===================================================================================================================
   1          ---          ---       1.15246E+02  0.00000E+00   3.49167E+02  0.00000E+00   4.64413E+02  0.00000E+00
   2      6.32931E+00  0.00000E+00   9.04564E+01  0.00000E+00   9.96867E+01  0.00000E+00   1.96472E+02  0.00000E+00
   3      3.95582E+00  0.00000E+00   4.00856E+01  0.00000E+00   3.29652E+01  0.00000E+00   7.70066E+01  0.00000E+00
   4      3.95582E+00  0.00000E+00   1.55596E+01  0.00000E+00   1.42410E+01  0.00000E+00   3.37563E+01  0.00000E+00
   5      1.84605E+00  0.00000E+00   9.23025E+00  0.00000E+00   3.95582E+00  0.00000E+00   1.50321E+01  0.00000E+00
   6      7.91164E-01  0.00000E+00   3.95582E+00  0.00000E+00   1.31861E+00  0.00000E+00   6.06559E+00  0.00000E+00
   7      2.63721E-01  0.00000E+00   1.05489E+00  0.00000E+00   5.27443E-01  0.00000E+00   1.84605E+00  0.00000E+00
   8          ---          ---       2.63721E-01  0.00000E+00       ---          ---       2.63721E-01  0.00000E+00
   9          ---          ---       2.63721E-01  0.00000E+00       ---          ---       2.63721E-01  0.00000E+00
  10          ---          ---       2.63721E-01  0.00000E+00       ---          ---       2.63721E-01  0.00000E+00
  11          ---          ---       2.63721E-01  0.00000E+00       ---          ---       2.63721E-01  0.00000E+00
  12          ---          ---       2.63721E-01  0.00000E+00       ---          ---       2.63721E-01  0.00000E+00
  13          ---          ---       2.63721E-01  0.00000E+00       ---          ---       2.63721E-01  0.00000E+00
  14          ---          ---       2.63721E-01  0.00000E+00       ---          ---       2.63721E-01  0.00000E+00
  15          ---          ---           ---          ---           ---          ---           ---          ---
  16          ---          ---           ---          ---           ---          ---           ---          ---
  17          ---          ---           ---          ---           ---          ---           ---          ---
  18          ---          ---           ---          ---           ---          ---           ---          ---
  19          ---          ---           ---          ---           ---          ---           ---          ---
  20          ---          ---           ---          ---           ---          ---           ---          ---
  21          ---          ---           ---          ---           ---          ---           ---          ---
  22          ---          ---           ---          ---           ---          ---           ---          ---
  23          ---          ---           ---          ---           ---          ---           ---          ---
  24          ---          ---           ---          ---           ---          ---           ---          ---
  25          ---          ---           ---          ---           ---          ---           ---          ---
  26          ---          ---           ---          ---           ---          ---           ---          ---
  27          ---          ---           ---          ---           ---          ---           ---          ---
  28          ---          ---           ---          ---           ---          ---           ---          ---
  29          ---          ---           ---          ---           ---          ---           ---          ---
  30          ---          ---           ---          ---           ---          ---           ---          ---
  31          ---          ---           ---          ---           ---          ---           ---          ---
  32          ---          ---           ---          ---           ---          ---           ---          ---
  33          ---          ---           ---          ---           ---          ---           ---          ---
  34          ---          ---           ---          ---           ---          ---           ---          ---
  35          ---          ---           ---          ---           ---          ---           ---          ---
  36          ---          ---           ---          ---           ---          ---           ---          ---
  37          ---          ---           ---          ---           ---          ---           ---          ---
  38          ---          ---           ---          ---           ---          ---           ---          ---
  39          ---          ---           ---          ---           ---          ---           ---          ---
  40          ---          ---           ---          ---           ---          ---           ---          ---
  41          ---          ---           ---          ---           ---          ---           ---          ---
  42          ---          ---           ---          ---           ---          ---           ---          ---
  43          ---          ---           ---          ---           ---          ---           ---          ---
  44          ---          ---           ---          ---           ---          ---           ---          ---
  45          ---          ---           ---          ---           ---          ---           ---          ---
  46          ---          ---           ---          ---           ---          ---           ---          ---
  47          ---          ---           ---          ---           ---          ---           ---          ---
  48          ---          ---           ---          ---           ---          ---           ---          ---
  49          ---          ---           ---          ---           ---          ---           ---          ---
  50          ---          ---           ---          ---           ---          ---           ---          ---
 Total    1.71419E+01  0.00000E+00   2.77435E+02  0.00000E+00   5.01862E+02  0.00000E+00   7.96438E+02  0.00000E+00
-------------------------------------------------------------------------------------------------------------------

TABLE 4. Cluster Length (in base pair)
===================================================================================================================
Number of --------- DSB ----------   --------- SSB ----------   -------- OTHER ---------   ----- ALL CLUSTERS -----
 lesions    Average        SEM         Average        SEM         Average        SEM         Average        SEM    
===================================================================================================================
   1          ---          ---       1.00000E+00  0.00000E+00   1.00000E+00  0.00000E+00   1.00000E+00  0.00000E+00
   2      5.33333E+00  0.00000E+00   5.27697E+00  0.00000E+00   5.25397E+00  0.00000E+00   5.26711E+00  0.00000E+00
   3      9.33333E+00  0.00000E+00   1.00855E+01  0.00000E+00   1.02400E+01  0.00000E+00   1.01130E+01  0.00000E+00
   4      1.20000E+01  0.00000E+00   1.43898E+01  0.00000E+00   1.43148E+01  0.00000E+00   1.40781E+01  0.00000E+00
   5      2.01429E+01  0.00000E+00   1.88286E+01  0.00000E+00   1.86667E+01  0.00000E+00   1.89474E+01  0.00000E+00
   6      1.93333E+01  0.00000E+00   2.00000E+01  0.00000E+00   1.90000E+01  0.00000E+00   1.96957E+01  0.00000E+00
   7      2.00000E+01  0.00000E+00   2.82500E+01  0.00000E+00   3.05000E+01  0.00000E+00   2.77143E+01  0.00000E+00
   8          ---          ---       3.90000E+01  0.00000E+00       ---          ---       3.90000E+01  0.00000E+00
   9          ---          ---       4.10000E+01  0.00000E+00       ---          ---       4.10000E+01  0.00000E+00
  10          ---          ---       4.50000E+01  0.00000E+00       ---          ---       4.50000E+01  0.00000E+00
  11          ---          ---       3.80000E+01  0.00000E+00       ---          ---       3.80000E+01  0.00000E+00
  12          ---          ---       4.90000E+01  0.00000E+00       ---          ---       4.90000E+01  0.00000E+00
  13          ---          ---       4.60000E+01  0.00000E+00       ---          ---       4.60000E+01  0.00000E+00
  14          ---          ---       6.40000E+01  0.00000E+00       ---          ---       6.40000E+01  0.00000E+00
  15          ---          ---           ---          ---           ---          ---           ---          ---
  16          ---          ---           ---          ---           ---          ---           ---          ---
  17          ---          ---           ---          ---           ---          ---           ---          ---
  18          ---          ---           ---          ---           ---          ---           ---          ---
  19          ---          ---           ---          ---           ---          ---           ---          ---
  20          ---          ---           ---          ---           ---          ---           ---          ---
  21          ---          ---           ---          ---           ---          ---           ---          ---
  22          ---          ---           ---          ---           ---          ---           ---          ---
  23          ---          ---           ---          ---           ---          ---           ---          ---
  24          ---          ---           ---          ---           ---          ---           ---          ---
  25          ---          ---           ---          ---           ---          ---           ---          ---
  26          ---          ---           ---          ---           ---          ---           ---          ---
  27          ---          ---           ---          ---           ---          ---           ---          ---
  28          ---          ---           ---          ---           ---          ---           ---          ---
  29          ---          ---           ---          ---           ---          ---           ---          ---
  30          ---          ---           ---          ---           ---          ---           ---          ---
  31          ---          ---           ---          ---           ---          ---           ---          ---
  32          ---          ---           ---          ---           ---          ---           ---          ---
  33          ---          ---           ---          ---           ---          ---           ---          ---
  34          ---          ---           ---          ---           ---          ---           ---          ---
  35          ---          ---           ---          ---           ---          ---           ---          ---
  36          ---          ---           ---          ---           ---          ---           ---          ---
  37          ---          ---           ---          ---           ---          ---           ---          ---
  38          ---          ---           ---          ---           ---          ---           ---          ---
  39          ---          ---           ---          ---           ---          ---           ---          ---
  40          ---          ---           ---          ---           ---          ---           ---          ---
  41          ---          ---           ---          ---           ---          ---           ---          ---
  42          ---          ---           ---          ---           ---          ---           ---          ---
  43          ---          ---           ---          ---           ---          ---           ---          ---
  44          ---          ---           ---          ---           ---          ---           ---          ---
  45          ---          ---           ---          ---           ---          ---           ---          ---
  46          ---          ---           ---          ---           ---          ---           ---          ---
  47          ---          ---           ---          ---           ---          ---           ---          ---
  48          ---          ---           ---          ---           ---          ---           ---          ---
  49          ---          ---           ---          ---           ---          ---           ---          ---
  50          ---          ---           ---          ---           ---          ---           ---          ---
Average   1.02615E+01  0.00000E+00   5.72529E+00  0.00000E+00   3.04729E+00  0.00000E+00   4.13543E+00  0.00000E+00
-------------------------------------------------------------------------------------------------------------------

TABLE 5. Density of lesions forming a cluster (in units of lesions per nucleotide).
===================================================================================================================
Number of --------- DSB ----------   --------- SSB ----------   -------- OTHER ---------   ----- ALL CLUSTERS -----
 lesions    Average        SEM         Average        SEM         Average        SEM         Average        SEM    
===================================================================================================================
   1          ---          ---       5.00000E-01  0.00000E+00   5.00000E-01  0.00000E+00   5.00000E-01  0.00000E+00
   2      2.68155E-01  0.00000E+00   2.73045E-01  0.00000E+00   2.66101E-01  0.00000E+00   2.69364E-01  0.00000E+00
   3      1.85635E-01  0.00000E+00   1.79067E-01  0.00000E+00   1.75315E-01  0.00000E+00   1.77798E-01  0.00000E+00
   4      2.14238E-01  0.00000E+00   1.53303E-01  0.00000E+00   1.53934E-01  0.00000E+00   1.60710E-01  0.00000E+00
   5      1.35883E-01  0.00000E+00   1.45609E-01  0.00000E+00   1.39171E-01  0.00000E+00   1.42720E-01  0.00000E+00
   6      1.65856E-01  0.00000E+00   1.65076E-01  0.00000E+00   1.70590E-01  0.00000E+00   1.66377E-01  0.00000E+00
   7      1.75000E-01  0.00000E+00   1.25224E-01  0.00000E+00   1.18611E-01  0.00000E+00   1.30446E-01  0.00000E+00
   8          ---          ---       1.02564E-01  0.00000E+00       ---          ---       1.02564E-01  0.00000E+00
   9          ---          ---       1.09756E-01  0.00000E+00       ---          ---       1.09756E-01  0.00000E+00
  10          ---          ---       1.11111E-01  0.00000E+00       ---          ---       1.11111E-01  0.00000E+00
  11          ---          ---       1.44737E-01  0.00000E+00       ---          ---       1.44737E-01  0.00000E+00
  12          ---          ---       1.22449E-01  0.00000E+00       ---          ---       1.22449E-01  0.00000E+00
  13          ---          ---       1.41304E-01  0.00000E+00       ---          ---       1.41304E-01  0.00000E+00
  14          ---          ---       1.09375E-01  0.00000E+00       ---          ---       1.09375E-01  0.00000E+00
  15          ---          ---           ---          ---           ---          ---           ---          ---
  16          ---          ---           ---          ---           ---          ---           ---          ---
  17          ---          ---           ---          ---           ---          ---           ---          ---
  18          ---          ---           ---          ---           ---          ---           ---          ---
  19          ---          ---           ---          ---           ---          ---           ---          ---
  20          ---          ---           ---          ---           ---          ---           ---          ---
  21          ---          ---           ---          ---           ---          ---           ---          ---
  22          ---          ---           ---          ---           ---          ---           ---          ---
  23          ---          ---           ---          ---           ---          ---           ---          ---
  24          ---          ---           ---          ---           ---          ---           ---          ---
  25          ---          ---           ---          ---           ---          ---           ---          ---
  26          ---          ---           ---          ---           ---          ---           ---          ---
  27          ---          ---           ---          ---           ---          ---           ---          ---
  28          ---          ---           ---          ---           ---          ---           ---          ---
  29          ---          ---           ---          ---           ---          ---           ---          ---
  30          ---          ---           ---          ---           ---          ---           ---          ---
  31          ---          ---           ---          ---           ---          ---           ---          ---
  32          ---          ---           ---          ---           ---          ---           ---          ---
  33          ---          ---           ---          ---           ---          ---           ---          ---
  34          ---          ---           ---          ---           ---          ---           ---          ---
  35          ---          ---           ---          ---           ---          ---           ---          ---
  36          ---          ---           ---          ---           ---          ---           ---          ---
  37          ---          ---           ---          ---           ---          ---           ---          ---
  38          ---          ---           ---          ---           ---          ---           ---          ---
  39          ---          ---           ---          ---           ---          ---           ---          ---
  40          ---          ---           ---          ---           ---          ---           ---          ---
  41          ---          ---           ---          ---           ---          ---           ---          ---
  42          ---          ---           ---          ---           ---          ---           ---          ---
  43          ---          ---           ---          ---           ---          ---           ---          ---
  44          ---          ---           ---          ---           ---          ---           ---          ---
  45          ---          ---           ---          ---           ---          ---           ---          ---
  46          ---          ---           ---          ---           ---          ---           ---          ---
  47          ---          ---           ---          ---           ---          ---           ---          ---
  48          ---          ---           ---          ---           ---          ---           ---          ---
  49          ---          ---           ---          ---           ---          ---           ---          ---
  50          ---          ---           ---          ---           ---          ---           ---          ---
Average   2.16270E-01  0.00000E+00   3.39669E-01  0.00000E+00   4.18282E-01  0.00000E+00   3.86550E-01  0.00000E+00
-------------------------------------------------------------------------------------------------------------------
NOTE: Lesion density computed as the number of lesions per cluster divided by twice the cluster length.

TABLE 6. Cluster composition (% Sb per cluster)
===================================================================================================================
Number of --------- DSB ----------   --------- SSB ----------   -------- OTHER ---------   ----- ALL CLUSTERS -----
 lesions    Average        SEM         Average        SEM         Average        SEM         Average        SEM    
===================================================================================================================
   1          ---          ---       1.00000E+02  0.00000E+00   0.00000E+00  0.00000E+00   2.48154E+01  0.00000E+00
   2      1.00000E+02  0.00000E+00   5.46647E+01  0.00000E+00   0.00000E+00  0.00000E+00   2.83893E+01  0.00000E+00
   3      6.88889E+01  0.00000E+00   3.88158E+01  0.00000E+00   0.00000E+00  0.00000E+00   2.37443E+01  0.00000E+00
   4      5.50000E+01  0.00000E+00   3.09322E+01  0.00000E+00   0.00000E+00  0.00000E+00   2.07031E+01  0.00000E+00
   5      5.14286E+01  0.00000E+00   3.08571E+01  0.00000E+00   0.00000E+00  0.00000E+00   2.52632E+01  0.00000E+00
   6      5.00000E+01  0.00000E+00   2.55556E+01  0.00000E+00   0.00000E+00  0.00000E+00   2.31884E+01  0.00000E+00
   7      2.85714E+01  0.00000E+00   2.14286E+01  0.00000E+00   0.00000E+00  0.00000E+00   1.63265E+01  0.00000E+00
   8          ---          ---       3.75000E+01  0.00000E+00       ---          ---       3.75000E+01  0.00000E+00
   9          ---          ---       1.11111E+01  0.00000E+00       ---          ---       1.11111E+01  0.00000E+00
  10          ---          ---       1.00000E+01  0.00000E+00       ---          ---       1.00000E+01  0.00000E+00
  11          ---          ---       1.81818E+01  0.00000E+00       ---          ---       1.81818E+01  0.00000E+00
  12          ---          ---       1.66667E+01  0.00000E+00       ---          ---       1.66667E+01  0.00000E+00
  13          ---          ---       7.69231E+00  0.00000E+00       ---          ---       7.69231E+00  0.00000E+00
  14          ---          ---       7.14286E+00  0.00000E+00       ---          ---       7.14286E+00  0.00000E+00
  15          ---          ---           ---          ---           ---          ---           ---          ---
  16          ---          ---           ---          ---           ---          ---           ---          ---
  17          ---          ---           ---          ---           ---          ---           ---          ---
  18          ---          ---           ---          ---           ---          ---           ---          ---
  19          ---          ---           ---          ---           ---          ---           ---          ---
  20          ---          ---           ---          ---           ---          ---           ---          ---
  21          ---          ---           ---          ---           ---          ---           ---          ---
  22          ---          ---           ---          ---           ---          ---           ---          ---
  23          ---          ---           ---          ---           ---          ---           ---          ---
  24          ---          ---           ---          ---           ---          ---           ---          ---
  25          ---          ---           ---          ---           ---          ---           ---          ---
  26          ---          ---           ---          ---           ---          ---           ---          ---
  27          ---          ---           ---          ---           ---          ---           ---          ---
  28          ---          ---           ---          ---           ---          ---           ---          ---
  29          ---          ---           ---          ---           ---          ---           ---          ---
  30          ---          ---           ---          ---           ---          ---           ---          ---
  31          ---          ---           ---          ---           ---          ---           ---          ---
  32          ---          ---           ---          ---           ---          ---           ---          ---
  33          ---          ---           ---          ---           ---          ---           ---          ---
  34          ---          ---           ---          ---           ---          ---           ---          ---
  35          ---          ---           ---          ---           ---          ---           ---          ---
  36          ---          ---           ---          ---           ---          ---           ---          ---
  37          ---          ---           ---          ---           ---          ---           ---          ---
  38          ---          ---           ---          ---           ---          ---           ---          ---
  39          ---          ---           ---          ---           ---          ---           ---          ---
  40          ---          ---           ---          ---           ---          ---           ---          ---
  41          ---          ---           ---          ---           ---          ---           ---          ---
  42          ---          ---           ---          ---           ---          ---           ---          ---
  43          ---          ---           ---          ---           ---          ---           ---          ---
  44          ---          ---           ---          ---           ---          ---           ---          ---
  45          ---          ---           ---          ---           ---          ---           ---          ---
  46          ---          ---           ---          ---           ---          ---           ---          ---
  47          ---          ---           ---          ---           ---          ---           ---          ---
  48          ---          ---           ---          ---           ---          ---           ---          ---
  49          ---          ---           ---          ---           ---          ---           ---          ---
  50          ---          ---           ---          ---           ---          ---           ---          ---
Average   7.37985E+01  0.00000E+00   6.82817E+01  0.00000E+00   0.00000E+00  0.00000E+00   2.53739E+01  0.00000E+00
-------------------------------------------------------------------------------------------------------------------
NOTES: (% Sb) is the percentage of lesions that are strand breaks. The number of Sb is [(% Sb)/100]*(# lesions).
The number of Bd is (1-(% Sb)/100)*(# lesions).
