===============================
MCDS Version 3.10A  05-DEC-2011
===============================
      0.004     running time (min)
  987654321     random number seed
          1     number of cells (nocs)
 0.0000E+00     water-equivalent material (WEM) thickness (mg/cm^2)
 1.0000E+00     Desired dose to the cell nucleus (Gy)
 6.0000E+00     DNA content (Gbp)

TARGET (cell) DEFINITION (4V/S = mean chord length)
========================================================
            DIAMETER     4V/S      Volume      Mass
               (um)      (um)      (um^3)      (ng)
--------------------------------------------------------
DNA            ---        ---     6.123E+00  6.123E-03
NUCLEUS     5.000E+00  3.333E+00  6.545E+01  6.545E-02
CYTOPLASM      ---        ---     -6.545E+01  -6.545E-02
CELL        0.000E+00  0.000E+00  0.000E+00  0.000E+00
========================================================
NOTE: In human DNA, 1 Gbp=0.979 ng (not including bound
H2O).  DNA volume computed using a density of 1 g/cm^3.

WARNING: volume of nucleus larger than the volume of the cell!

INCIDENT PARTICLE: 12C (mass = 1.20000E+01 u = 1.11749E+04 MeV/c^2)
  2.90000E+02 MeV >= 1.00000E-06 MeV
  2.41667E+01 MeV/A >= 8.33333E-08 MeV/A)
  2.56233E+03 MeV (p*c = momentum x speed of light)
  4.83935E-04 pm (de Broglie wavelength)
  1.02595E+00 = T/m0c2+1 (Lorentz factor) >= 1
  5.99873E+00 ABS(effective charge); Barkas 1963
  2.23494E-01 beta = (v/c) <= 1
  7.20422E+02 (zeff/beta)^2 <= 2.000E+05
  7.93450E+01 keV/um (total stopping power in H2O)
  7.93022E+01 keV/um ( 99.946% electronic)
  4.27886E-02 keV/um (  0.054% nuclear)
  2.05064E-01 CSDA range of particle (cm) in H2O

PARTICLE TRANSPORT - Beam of radiation incident on bottom of cell culture dish
(WEM=0.00 um, cell=0.00 um, nucleus=5.00 um; total distance traveled to
reach nucleus=-2.500 um of H2O).
==============================================================================
                                  ------- Cell --------  ------- Nucleus -----
                       Incident      Entry      Exit       Entry       Exit
==============================================================================
         KE (MeV)   2.9000E+02  2.9000E+02  2.9000E+02  2.9000E+02  2.8980E+02
    (Zeff/beta)^2   7.2042E+02  7.2042E+02  7.2042E+02  7.2042E+02  7.2090E+02
     LET (keV/um)   7.9345E+01  7.9345E+01  7.9345E+01  7.9345E+01  7.9389E+01
  Res. Range (um)   2.0506E+03  2.0506E+03  2.0506E+03  2.0506E+03  2.0481E+03
 DPUF1 (nGy-cm^2)   1.2711E+02  1.2711E+02  1.2711E+02  1.2711E+02  1.2718E+02
 DPUF2 (nGy-cm^2)      ---      NaN     ---      1.2716E+02     ---
       Edep (keV)      ---      NaN     ---      2.6459E+02     ---
      YF (keV/um)      ---      NaN     ---      7.9378E+01     ---
          ZF (Gy)      ---      NaN     ---      6.4764E-01     ---
==============================================================================
LET=(Stot-Srad); absorbed dose per unit fluence (DPUF1) = 1.602*LET/rho
Avg. absorbed dose within target (i.e., DPUF2) = 2.5*pi*d*d*zf
Edep = 0.1602*ZF*PI*d*d*d/6; yf = edep/lbar = 0.25*edep*{area}/{volume}

DAMAGE FORMATION AND CLUSTERING (normoxic conditions)
      59005     segment length, nseg (bp per cell per Gy)
       1300     number of strand breaks, sigSb (per cell per Gy)
       3900     number of base damages,  sigBd (per cell per Gy)
        3.0     base damage to strand break ratio, f
          9     minimum distance between clusters, Nmin (bp)
         10     maximum distance between two Sb to compose a DSB, Ndsb (bp)
        0.0     fraction Bl/Bd

OXYGEN SIMULATION (M0=1.740, K=0.3372, q=946.10, r=2.15)
  1.0000E+02 % O2 concentration (=760.00 mmHg)
  1.5943E-03 chemical repair probability (pcr)
  9.9841E-01 O2 fixation probability (1-pcr)
  1.0016E+00 Approx. HRF for SSB induction [=1/(1-pcr)]
  1.0032E+00 Approx. HRF for DSB induction [1/(1-pcr)]^2

DMSO SIMULATION
  5.0000E-01 fraction of non-scavengeable DNA damage (fnsd)
  5.0000E-01 concentration (mol dm^-3) at half-level (chmx)
  0.0000E+00 DMSO concentration (mol dm^-3)

TABLE 1. Percent (%) cluster yields by complexity, as classified using the scheme of Nikjoo et al. (IJRB 71, 
467-483 1997 and and Radiat. Res. 156, 577-583 2001).
===================================================================================================================
    55.669     BD    - one or more Bd (no Sb)
    34.057     SSB   - Sb (no auxilary damage)
     4.606     SSB+  - two Sb on the same strand
     1.461     2SSB  - two or more Sb on opposite strands separated by at least 10 bp
     2.790     DSB   - two Sb on opposite strands with a separation <= 10 bp
     1.063     DSB+  - DSB accompanied by one (or more) additional Sb within 10 bp separation
     0.354     DSB++ - more than one DSB whether within the 10 bp separation or further apart
    15.121     SSBc  - fraction of complex damage (SSB+ and 2SSB) among SSBs
    73.841     SSBcb - fraction of complex damage (SSB+ and 2SSB) among SSBs; base damage included
    33.684     DSBc  - fraction of complex damage (DSB+ and DSB++) among DSBs
    83.158     DSBcb - fraction of complex damage (DSB+ and DSB++) among DSBs; base damage included
===================================================================================================================

TABLE 2. Number of clusters per cell (DNA=6.000 Gbp, AD=1.000 Gy).
===================================================================================================================
Number of --------- DSB ----------   --------- SSB ----------   -------- OTHER ---------   ----- ALL CLUSTERS -----
 lesions    Average        SEM         Average        SEM         Average        SEM         Average        SEM    
===================================================================================================================
   1          ---          ---       2.37000E+02  0.00000E+00   7.26000E+02  0.00000E+00   9.63000E+02  0.00000E+00
   2      1.60000E+01  0.00000E+00   2.35000E+02  0.00000E+00   3.12000E+02  0.00000E+00   5.63000E+02  0.00000E+00
   3      2.40000E+01  0.00000E+00   1.71000E+02  0.00000E+00   1.29000E+02  0.00000E+00   3.24000E+02  0.00000E+00
   4      1.70000E+01  0.00000E+00   1.07000E+02  0.00000E+00   5.70000E+01  0.00000E+00   1.81000E+02  0.00000E+00
   5      1.50000E+01  0.00000E+00   7.20000E+01  0.00000E+00   1.80000E+01  0.00000E+00   1.05000E+02  0.00000E+00
   6      8.00000E+00  0.00000E+00   3.90000E+01  0.00000E+00   8.00000E+00  0.00000E+00   5.50000E+01  0.00000E+00
   7      6.00000E+00  0.00000E+00   2.00000E+01  0.00000E+00   4.00000E+00  0.00000E+00   3.00000E+01  0.00000E+00
   8      3.00000E+00  0.00000E+00   1.40000E+01  0.00000E+00   1.00000E+00  0.00000E+00   1.80000E+01  0.00000E+00
   9      4.00000E+00  0.00000E+00   4.00000E+00  0.00000E+00       ---          ---       8.00000E+00  0.00000E+00
  10      1.00000E+00  0.00000E+00   2.00000E+00  0.00000E+00   2.00000E+00  0.00000E+00   5.00000E+00  0.00000E+00
  11          ---          ---       2.00000E+00  0.00000E+00       ---          ---       2.00000E+00  0.00000E+00
  12          ---          ---       1.00000E+00  0.00000E+00       ---          ---       1.00000E+00  0.00000E+00
  13          ---          ---           ---          ---           ---          ---           ---          ---
  14      1.00000E+00  0.00000E+00   2.00000E+00  0.00000E+00       ---          ---       3.00000E+00  0.00000E+00
  15          ---          ---           ---          ---           ---          ---           ---          ---
  16          ---          ---           ---          ---           ---          ---           ---          ---
  17          ---          ---           ---          ---           ---          ---           ---          ---
  18          ---          ---           ---          ---           ---          ---           ---          ---
  19          ---          ---           ---          ---           ---          ---           ---          ---
  20          ---          ---           ---          ---           ---          ---           ---          ---
  21          ---          ---           ---          ---           ---          ---           ---          ---
  22          ---          ---           ---          ---           ---          ---           ---          ---
  23          ---          ---           ---          ---           ---          ---           ---          ---
  24          ---          ---           ---          ---           ---          ---           ---          ---
  25          ---          ---           ---          ---           ---          ---           ---          ---
  26          ---          ---           ---          ---           ---          ---           ---          ---
  27          ---          ---           ---          ---           ---          ---           ---          ---
  28          ---          ---           ---          ---           ---          ---           ---          ---
  29          ---          ---           ---          ---           ---          ---           ---          ---
  30          ---          ---           ---          ---           ---          ---           ---          ---
  31          ---          ---           ---          ---           ---          ---           ---          ---
  32          ---          ---           ---          ---           ---          ---           ---          ---
  33          ---          ---           ---          ---           ---          ---           ---          ---
  34          ---          ---           ---          ---           ---          ---           ---          ---
  35          ---          ---           ---          ---           ---          ---           ---          ---
  36          ---          ---           ---          ---           ---          ---           ---          ---
  37          ---          ---           ---          ---           ---          ---           ---          ---
  38          ---          ---           ---          ---           ---          ---           ---          ---
  39          ---          ---           ---          ---           ---          ---           ---          ---
  40          ---          ---           ---          ---           ---          ---           ---          ---
  41          ---          ---           ---          ---           ---          ---           ---          ---
  42          ---          ---           ---          ---           ---          ---           ---          ---
  43          ---          ---           ---          ---           ---          ---           ---          ---
  44          ---          ---           ---          ---           ---          ---           ---          ---
  45          ---          ---           ---          ---           ---          ---           ---          ---
  46          ---          ---           ---          ---           ---          ---           ---          ---
  47          ---          ---           ---          ---           ---          ---           ---          ---
  48          ---          ---           ---          ---           ---          ---           ---          ---
  49          ---          ---           ---          ---           ---          ---           ---          ---
  50          ---          ---           ---          ---           ---          ---           ---          ---
 Total    9.50000E+01  0.00000E+00   9.06000E+02  0.00000E+00   1.25700E+03  0.00000E+00   2.25800E+03  0.00000E+00
-------------------------------------------------------------------------------------------------------------------
NOTE: The category "OTHER" includes all classes of individual and clustered DNA lesion, except for SSB and DSB.
SEM = standard error of the mean.

TABLE 3. Number of clusters per cell per track (DNA=6.000 Gbp, ZF=0.64764 Gy).
===================================================================================================================
Number of --------- DSB ----------   --------- SSB ----------   -------- OTHER ---------   ----- ALL CLUSTERS -----
 lesions    Average        SEM         Average        SEM         Average        SEM         Average        SEM    
===================================================================================================================
   1          ---          ---       1.53490E+02  0.00000E+00   4.70185E+02  0.00000E+00   6.23675E+02  0.00000E+00
   2      1.03622E+01  0.00000E+00   1.52195E+02  0.00000E+00   2.02063E+02  0.00000E+00   3.64620E+02  0.00000E+00
   3      1.55433E+01  0.00000E+00   1.10746E+02  0.00000E+00   8.35452E+01  0.00000E+00   2.09835E+02  0.00000E+00
   4      1.10098E+01  0.00000E+00   6.92972E+01  0.00000E+00   3.69153E+01  0.00000E+00   1.17222E+02  0.00000E+00
   5      9.71456E+00  0.00000E+00   4.66299E+01  0.00000E+00   1.16575E+01  0.00000E+00   6.80019E+01  0.00000E+00
   6      5.18110E+00  0.00000E+00   2.52579E+01  0.00000E+00   5.18110E+00  0.00000E+00   3.56201E+01  0.00000E+00
   7      3.88583E+00  0.00000E+00   1.29528E+01  0.00000E+00   2.59055E+00  0.00000E+00   1.94291E+01  0.00000E+00
   8      1.94291E+00  0.00000E+00   9.06693E+00  0.00000E+00   6.47638E-01  0.00000E+00   1.16575E+01  0.00000E+00
   9      2.59055E+00  0.00000E+00   2.59055E+00  0.00000E+00       ---          ---       5.18110E+00  0.00000E+00
  10      6.47638E-01  0.00000E+00   1.29528E+00  0.00000E+00   1.29528E+00  0.00000E+00   3.23819E+00  0.00000E+00
  11          ---          ---       1.29528E+00  0.00000E+00       ---          ---       1.29528E+00  0.00000E+00
  12          ---          ---       6.47638E-01  0.00000E+00       ---          ---       6.47638E-01  0.00000E+00
  13          ---          ---           ---          ---           ---          ---           ---          ---
  14      6.47638E-01  0.00000E+00   1.29528E+00  0.00000E+00       ---          ---       1.94291E+00  0.00000E+00
  15          ---          ---           ---          ---           ---          ---           ---          ---
  16          ---          ---           ---          ---           ---          ---           ---          ---
  17          ---          ---           ---          ---           ---          ---           ---          ---
  18          ---          ---           ---          ---           ---          ---           ---          ---
  19          ---          ---           ---          ---           ---          ---           ---          ---
  20          ---          ---           ---          ---           ---          ---           ---          ---
  21          ---          ---           ---          ---           ---          ---           ---          ---
  22          ---          ---           ---          ---           ---          ---           ---          ---
  23          ---          ---           ---          ---           ---          ---           ---          ---
  24          ---          ---           ---          ---           ---          ---           ---          ---
  25          ---          ---           ---          ---           ---          ---           ---          ---
  26          ---          ---           ---          ---           ---          ---           ---          ---
  27          ---          ---           ---          ---           ---          ---           ---          ---
  28          ---          ---           ---          ---           ---          ---           ---          ---
  29          ---          ---           ---          ---           ---          ---           ---          ---
  30          ---          ---           ---          ---           ---          ---           ---          ---
  31          ---          ---           ---          ---           ---          ---           ---          ---
  32          ---          ---           ---          ---           ---          ---           ---          ---
  33          ---          ---           ---          ---           ---          ---           ---          ---
  34          ---          ---           ---          ---           ---          ---           ---          ---
  35          ---          ---           ---          ---           ---          ---           ---          ---
  36          ---          ---           ---          ---           ---          ---           ---          ---
  37          ---          ---           ---          ---           ---          ---           ---          ---
  38          ---          ---           ---          ---           ---          ---           ---          ---
  39          ---          ---           ---          ---           ---          ---           ---          ---
  40          ---          ---           ---          ---           ---          ---           ---          ---
  41          ---          ---           ---          ---           ---          ---           ---          ---
  42          ---          ---           ---          ---           ---          ---           ---          ---
  43          ---          ---           ---          ---           ---          ---           ---          ---
  44          ---          ---           ---          ---           ---          ---           ---          ---
  45          ---          ---           ---          ---           ---          ---           ---          ---
  46          ---          ---           ---          ---           ---          ---           ---          ---
  47          ---          ---           ---          ---           ---          ---           ---          ---
  48          ---          ---           ---          ---           ---          ---           ---          ---
  49          ---          ---           ---          ---           ---          ---           ---          ---
  50          ---          ---           ---          ---           ---          ---           ---          ---
 Total    6.15256E+01  0.00000E+00   5.86760E+02  0.00000E+00   8.14080E+02  0.00000E+00   1.46237E+03  0.00000E+00
-------------------------------------------------------------------------------------------------------------------

TABLE 4. Cluster Length (in base pair)
===================================================================================================================
Number of --------- DSB ----------   --------- SSB ----------   -------- OTHER ---------   ----- ALL CLUSTERS -----
 lesions    Average        SEM         Average        SEM         Average        SEM         Average        SEM    
===================================================================================================================
   1          ---          ---       1.00000E+00  0.00000E+00   1.00000E+00  0.00000E+00   1.00000E+00  0.00000E+00
   2      4.43750E+00  0.00000E+00   5.10213E+00  0.00000E+00   4.98397E+00  0.00000E+00   5.01776E+00  0.00000E+00
   3      8.62500E+00  0.00000E+00   9.83041E+00  0.00000E+00   9.77519E+00  0.00000E+00   9.71914E+00  0.00000E+00
   4      1.29412E+01  0.00000E+00   1.45140E+01  0.00000E+00   1.37544E+01  0.00000E+00   1.41271E+01  0.00000E+00
   5      1.68000E+01  0.00000E+00   1.85833E+01  0.00000E+00   1.79444E+01  0.00000E+00   1.82190E+01  0.00000E+00
   6      1.96250E+01  0.00000E+00   2.18718E+01  0.00000E+00   2.31250E+01  0.00000E+00   2.17273E+01  0.00000E+00
   7      2.21667E+01  0.00000E+00   2.64500E+01  0.00000E+00   2.50000E+01  0.00000E+00   2.54000E+01  0.00000E+00
   8      2.63333E+01  0.00000E+00   3.40714E+01  0.00000E+00   1.30000E+01  0.00000E+00   3.16111E+01  0.00000E+00
   9      3.75000E+01  0.00000E+00   3.47500E+01  0.00000E+00       ---          ---       3.61250E+01  0.00000E+00
  10      2.00000E+01  0.00000E+00   3.90000E+01  0.00000E+00   3.60000E+01  0.00000E+00   3.40000E+01  0.00000E+00
  11          ---          ---       4.15000E+01  0.00000E+00       ---          ---       4.15000E+01  0.00000E+00
  12          ---          ---       5.60000E+01  0.00000E+00       ---          ---       5.60000E+01  0.00000E+00
  13          ---          ---           ---          ---           ---          ---           ---          ---
  14      6.30000E+01  0.00000E+00   5.40000E+01  0.00000E+00       ---          ---       5.70000E+01  0.00000E+00
  15          ---          ---           ---          ---           ---          ---           ---          ---
  16          ---          ---           ---          ---           ---          ---           ---          ---
  17          ---          ---           ---          ---           ---          ---           ---          ---
  18          ---          ---           ---          ---           ---          ---           ---          ---
  19          ---          ---           ---          ---           ---          ---           ---          ---
  20          ---          ---           ---          ---           ---          ---           ---          ---
  21          ---          ---           ---          ---           ---          ---           ---          ---
  22          ---          ---           ---          ---           ---          ---           ---          ---
  23          ---          ---           ---          ---           ---          ---           ---          ---
  24          ---          ---           ---          ---           ---          ---           ---          ---
  25          ---          ---           ---          ---           ---          ---           ---          ---
  26          ---          ---           ---          ---           ---          ---           ---          ---
  27          ---          ---           ---          ---           ---          ---           ---          ---
  28          ---          ---           ---          ---           ---          ---           ---          ---
  29          ---          ---           ---          ---           ---          ---           ---          ---
  30          ---          ---           ---          ---           ---          ---           ---          ---
  31          ---          ---           ---          ---           ---          ---           ---          ---
  32          ---          ---           ---          ---           ---          ---           ---          ---
  33          ---          ---           ---          ---           ---          ---           ---          ---
  34          ---          ---           ---          ---           ---          ---           ---          ---
  35          ---          ---           ---          ---           ---          ---           ---          ---
  36          ---          ---           ---          ---           ---          ---           ---          ---
  37          ---          ---           ---          ---           ---          ---           ---          ---
  38          ---          ---           ---          ---           ---          ---           ---          ---
  39          ---          ---           ---          ---           ---          ---           ---          ---
  40          ---          ---           ---          ---           ---          ---           ---          ---
  41          ---          ---           ---          ---           ---          ---           ---          ---
  42          ---          ---           ---          ---           ---          ---           ---          ---
  43          ---          ---           ---          ---           ---          ---           ---          ---
  44          ---          ---           ---          ---           ---          ---           ---          ---
  45          ---          ---           ---          ---           ---          ---           ---          ---
  46          ---          ---           ---          ---           ---          ---           ---          ---
  47          ---          ---           ---          ---           ---          ---           ---          ---
  48          ---          ---           ---          ---           ---          ---           ---          ---
  49          ---          ---           ---          ---           ---          ---           ---          ---
  50          ---          ---           ---          ---           ---          ---           ---          ---
Average   1.42316E+01  0.00000E+00   9.19536E+00  0.00000E+00   3.99284E+00  0.00000E+00   6.51107E+00  0.00000E+00
-------------------------------------------------------------------------------------------------------------------

TABLE 5. Density of lesions forming a cluster (in units of lesions per nucleotide).
===================================================================================================================
Number of --------- DSB ----------   --------- SSB ----------   -------- OTHER ---------   ----- ALL CLUSTERS -----
 lesions    Average        SEM         Average        SEM         Average        SEM         Average        SEM    
===================================================================================================================
   1          ---          ---       5.00000E-01  0.00000E+00   5.00000E-01  0.00000E+00   5.00000E-01  0.00000E+00
   2      3.38194E-01  0.00000E+00   2.69890E-01  0.00000E+00   2.83014E-01  0.00000E+00   2.79104E-01  0.00000E+00
   3      2.01540E-01  0.00000E+00   1.90723E-01  0.00000E+00   1.85149E-01  0.00000E+00   1.89305E-01  0.00000E+00
   4      1.73993E-01  0.00000E+00   1.55181E-01  0.00000E+00   1.71155E-01  0.00000E+00   1.61978E-01  0.00000E+00
   5      1.71051E-01  0.00000E+00   1.47450E-01  0.00000E+00   1.57132E-01  0.00000E+00   1.52481E-01  0.00000E+00
   6      1.65593E-01  0.00000E+00   1.48306E-01  0.00000E+00   1.49553E-01  0.00000E+00   1.51002E-01  0.00000E+00
   7      1.69196E-01  0.00000E+00   1.36090E-01  0.00000E+00   1.54336E-01  0.00000E+00   1.45144E-01  0.00000E+00
   8      1.54433E-01  0.00000E+00   1.20139E-01  0.00000E+00   3.07692E-01  0.00000E+00   1.36275E-01  0.00000E+00
   9      1.25454E-01  0.00000E+00   1.30234E-01  0.00000E+00       ---          ---       1.27844E-01  0.00000E+00
  10      2.50000E-01  0.00000E+00   1.28205E-01  0.00000E+00   1.40625E-01  0.00000E+00   1.57532E-01  0.00000E+00
  11          ---          ---       1.34900E-01  0.00000E+00       ---          ---       1.34900E-01  0.00000E+00
  12          ---          ---       1.07143E-01  0.00000E+00       ---          ---       1.07143E-01  0.00000E+00
  13          ---          ---           ---          ---           ---          ---           ---          ---
  14      1.11111E-01  0.00000E+00   1.31250E-01  0.00000E+00       ---          ---       1.24537E-01  0.00000E+00
  15          ---          ---           ---          ---           ---          ---           ---          ---
  16          ---          ---           ---          ---           ---          ---           ---          ---
  17          ---          ---           ---          ---           ---          ---           ---          ---
  18          ---          ---           ---          ---           ---          ---           ---          ---
  19          ---          ---           ---          ---           ---          ---           ---          ---
  20          ---          ---           ---          ---           ---          ---           ---          ---
  21          ---          ---           ---          ---           ---          ---           ---          ---
  22          ---          ---           ---          ---           ---          ---           ---          ---
  23          ---          ---           ---          ---           ---          ---           ---          ---
  24          ---          ---           ---          ---           ---          ---           ---          ---
  25          ---          ---           ---          ---           ---          ---           ---          ---
  26          ---          ---           ---          ---           ---          ---           ---          ---
  27          ---          ---           ---          ---           ---          ---           ---          ---
  28          ---          ---           ---          ---           ---          ---           ---          ---
  29          ---          ---           ---          ---           ---          ---           ---          ---
  30          ---          ---           ---          ---           ---          ---           ---          ---
  31          ---          ---           ---          ---           ---          ---           ---          ---
  32          ---          ---           ---          ---           ---          ---           ---          ---
  33          ---          ---           ---          ---           ---          ---           ---          ---
  34          ---          ---           ---          ---           ---          ---           ---          ---
  35          ---          ---           ---          ---           ---          ---           ---          ---
  36          ---          ---           ---          ---           ---          ---           ---          ---
  37          ---          ---           ---          ---           ---          ---           ---          ---
  38          ---          ---           ---          ---           ---          ---           ---          ---
  39          ---          ---           ---          ---           ---          ---           ---          ---
  40          ---          ---           ---          ---           ---          ---           ---          ---
  41          ---          ---           ---          ---           ---          ---           ---          ---
  42          ---          ---           ---          ---           ---          ---           ---          ---
  43          ---          ---           ---          ---           ---          ---           ---          ---
  44          ---          ---           ---          ---           ---          ---           ---          ---
  45          ---          ---           ---          ---           ---          ---           ---          ---
  46          ---          ---           ---          ---           ---          ---           ---          ---
  47          ---          ---           ---          ---           ---          ---           ---          ---
  48          ---          ---           ---          ---           ---          ---           ---          ---
  49          ---          ---           ---          ---           ---          ---           ---          ---
  50          ---          ---           ---          ---           ---          ---           ---          ---
Average   2.04609E-01  0.00000E+00   2.79650E-01  0.00000E+00   3.89953E-01  0.00000E+00   3.37897E-01  0.00000E+00
-------------------------------------------------------------------------------------------------------------------
NOTE: Lesion density computed as the number of lesions per cluster divided by twice the cluster length.

TABLE 6. Cluster composition (% Sb per cluster)
===================================================================================================================
Number of --------- DSB ----------   --------- SSB ----------   -------- OTHER ---------   ----- ALL CLUSTERS -----
 lesions    Average        SEM         Average        SEM         Average        SEM         Average        SEM    
===================================================================================================================
   1          ---          ---       1.00000E+02  0.00000E+00   0.00000E+00  0.00000E+00   2.46106E+01  0.00000E+00
   2      1.00000E+02  0.00000E+00   5.29787E+01  0.00000E+00   0.00000E+00  0.00000E+00   2.49556E+01  0.00000E+00
   3      7.22222E+01  0.00000E+00   3.80117E+01  0.00000E+00   0.00000E+00  0.00000E+00   2.54115E+01  0.00000E+00
   4      5.44118E+01  0.00000E+00   3.13084E+01  0.00000E+00   0.00000E+00  0.00000E+00   2.36188E+01  0.00000E+00
   5      5.33333E+01  0.00000E+00   2.86111E+01  0.00000E+00   0.00000E+00  0.00000E+00   2.72381E+01  0.00000E+00
   6      4.58333E+01  0.00000E+00   2.69231E+01  0.00000E+00   0.00000E+00  0.00000E+00   2.57576E+01  0.00000E+00
   7      4.04762E+01  0.00000E+00   2.50000E+01  0.00000E+00   0.00000E+00  0.00000E+00   2.47619E+01  0.00000E+00
   8      3.75000E+01  0.00000E+00   2.14286E+01  0.00000E+00   0.00000E+00  0.00000E+00   2.29167E+01  0.00000E+00
   9      4.16667E+01  0.00000E+00   3.88889E+01  0.00000E+00       ---          ---       4.02778E+01  0.00000E+00
  10      4.00000E+01  0.00000E+00   2.00000E+01  0.00000E+00   0.00000E+00  0.00000E+00   1.60000E+01  0.00000E+00
  11          ---          ---       1.81818E+01  0.00000E+00       ---          ---       1.81818E+01  0.00000E+00
  12          ---          ---       1.66667E+01  0.00000E+00       ---          ---       1.66667E+01  0.00000E+00
  13          ---          ---           ---          ---           ---          ---           ---          ---
  14      2.14286E+01  0.00000E+00   1.07143E+01  0.00000E+00       ---          ---       1.42857E+01  0.00000E+00
  15          ---          ---           ---          ---           ---          ---           ---          ---
  16          ---          ---           ---          ---           ---          ---           ---          ---
  17          ---          ---           ---          ---           ---          ---           ---          ---
  18          ---          ---           ---          ---           ---          ---           ---          ---
  19          ---          ---           ---          ---           ---          ---           ---          ---
  20          ---          ---           ---          ---           ---          ---           ---          ---
  21          ---          ---           ---          ---           ---          ---           ---          ---
  22          ---          ---           ---          ---           ---          ---           ---          ---
  23          ---          ---           ---          ---           ---          ---           ---          ---
  24          ---          ---           ---          ---           ---          ---           ---          ---
  25          ---          ---           ---          ---           ---          ---           ---          ---
  26          ---          ---           ---          ---           ---          ---           ---          ---
  27          ---          ---           ---          ---           ---          ---           ---          ---
  28          ---          ---           ---          ---           ---          ---           ---          ---
  29          ---          ---           ---          ---           ---          ---           ---          ---
  30          ---          ---           ---          ---           ---          ---           ---          ---
  31          ---          ---           ---          ---           ---          ---           ---          ---
  32          ---          ---           ---          ---           ---          ---           ---          ---
  33          ---          ---           ---          ---           ---          ---           ---          ---
  34          ---          ---           ---          ---           ---          ---           ---          ---
  35          ---          ---           ---          ---           ---          ---           ---          ---
  36          ---          ---           ---          ---           ---          ---           ---          ---
  37          ---          ---           ---          ---           ---          ---           ---          ---
  38          ---          ---           ---          ---           ---          ---           ---          ---
  39          ---          ---           ---          ---           ---          ---           ---          ---
  40          ---          ---           ---          ---           ---          ---           ---          ---
  41          ---          ---           ---          ---           ---          ---           ---          ---
  42          ---          ---           ---          ---           ---          ---           ---          ---
  43          ---          ---           ---          ---           ---          ---           ---          ---
  44          ---          ---           ---          ---           ---          ---           ---          ---
  45          ---          ---           ---          ---           ---          ---           ---          ---
  46          ---          ---           ---          ---           ---          ---           ---          ---
  47          ---          ---           ---          ---           ---          ---           ---          ---
  48          ---          ---           ---          ---           ---          ---           ---          ---
  49          ---          ---           ---          ---           ---          ---           ---          ---
  50          ---          ---           ---          ---           ---          ---           ---          ---
Average   6.32469E+01  0.00000E+00   5.53863E+01  0.00000E+00   0.00000E+00  0.00000E+00   2.48842E+01  0.00000E+00
-------------------------------------------------------------------------------------------------------------------
NOTES: (% Sb) is the percentage of lesions that are strand breaks. The number of Sb is [(% Sb)/100]*(# lesions).
The number of Bd is (1-(% Sb)/100)*(# lesions).
