===============================
MCDS Version 3.10A  05-DEC-2011
===============================
      0.005     running time (min)
  987654321     random number seed
          1     number of cells (nocs)
 0.0000E+00     water-equivalent material (WEM) thickness (mg/cm^2)
 1.0000E+00     Desired dose to the cell nucleus (Gy)
 6.0000E+00     DNA content (Gbp)

TARGET (cell) DEFINITION (4V/S = mean chord length)
========================================================
            DIAMETER     4V/S      Volume      Mass
               (um)      (um)      (um^3)      (ng)
--------------------------------------------------------
DNA            ---        ---     6.123E+00  6.123E-03
NUCLEUS     5.000E+00  3.333E+00  6.545E+01  6.545E-02
CYTOPLASM      ---        ---     -6.545E+01  -6.545E-02
CELL        0.000E+00  0.000E+00  0.000E+00  0.000E+00
========================================================
NOTE: In human DNA, 1 Gbp=0.979 ng (not including bound
H2O).  DNA volume computed using a density of 1 g/cm^3.

WARNING: volume of nucleus larger than the volume of the cell!

INCIDENT PARTICLE: 12C (mass = 1.20000E+01 u = 1.11749E+04 MeV/c^2)
  4.70000E+03 MeV >= 1.00000E-06 MeV
  3.91667E+02 MeV/A >= 8.33333E-08 MeV/A)
  1.12754E+04 MeV (p*c = momentum x speed of light)
  1.09974E-04 pm (de Broglie wavelength)
  1.42059E+00 = T/m0c2+1 (Lorentz factor) >= 1
  6.00000E+00 ABS(effective charge); Barkas 1963
  7.10265E-01 beta = (v/c) <= 1
  7.13611E+01 (zeff/beta)^2 <= 2.000E+05
  1.09204E+01 keV/um (total stopping power in H2O)
  1.09175E+01 keV/um ( 99.974% electronic)
  2.84628E-03 keV/um (  0.026% nuclear)
  2.67199E+01 CSDA range of particle (cm) in H2O

PARTICLE TRANSPORT - Beam of radiation incident on bottom of cell culture dish
(WEM=0.00 um, cell=0.00 um, nucleus=5.00 um; total distance traveled to
reach nucleus=-2.500 um of H2O).
==============================================================================
                                  ------- Cell --------  ------- Nucleus -----
                       Incident      Entry      Exit       Entry       Exit
==============================================================================
         KE (MeV)   4.7000E+03  4.7000E+03  4.7000E+03  4.7000E+03  4.7000E+03
    (Zeff/beta)^2   7.1361E+01  7.1361E+01  7.1361E+01  7.1361E+01  7.1361E+01
     LET (keV/um)   1.0920E+01  1.0920E+01  1.0920E+01  1.0920E+01  1.0920E+01
  Res. Range (um)   2.6720E+05  2.6720E+05  2.6720E+05  2.6720E+05  2.6720E+05
 DPUF1 (nGy-cm^2)   1.7494E+01  1.7494E+01  1.7494E+01  1.7494E+01  1.7495E+01
 DPUF2 (nGy-cm^2)      ---      NaN     ---      1.7494E+01     ---
       Edep (keV)      ---      NaN     ---      3.6401E+01     ---
      YF (keV/um)      ---      NaN     ---      1.0920E+01     ---
          ZF (Gy)      ---      NaN     ---      8.9099E-02     ---
==============================================================================
LET=(Stot-Srad); absorbed dose per unit fluence (DPUF1) = 1.602*LET/rho
Avg. absorbed dose within target (i.e., DPUF2) = 2.5*pi*d*d*zf
Edep = 0.1602*ZF*PI*d*d*d/6; yf = edep/lbar = 0.25*edep*{area}/{volume}

DAMAGE FORMATION AND CLUSTERING (normoxic conditions)
     123132     segment length, nseg (bp per cell per Gy)
       1300     number of strand breaks, sigSb (per cell per Gy)
       3900     number of base damages,  sigBd (per cell per Gy)
        3.0     base damage to strand break ratio, f
          9     minimum distance between clusters, Nmin (bp)
         10     maximum distance between two Sb to compose a DSB, Ndsb (bp)
        0.0     fraction Bl/Bd

OXYGEN SIMULATION (M0=1.740, K=0.3372, q=946.10, r=2.15)
  1.0000E+02 % O2 concentration (=760.00 mmHg)
  2.4712E-03 chemical repair probability (pcr)
  9.9753E-01 O2 fixation probability (1-pcr)
  1.0025E+00 Approx. HRF for SSB induction [=1/(1-pcr)]
  1.0050E+00 Approx. HRF for DSB induction [1/(1-pcr)]^2

DMSO SIMULATION
  5.0000E-01 fraction of non-scavengeable DNA damage (fnsd)
  5.0000E-01 concentration (mol dm^-3) at half-level (chmx)
  0.0000E+00 DMSO concentration (mol dm^-3)

TABLE 1. Percent (%) cluster yields by complexity, as classified using the scheme of Nikjoo et al. (IJRB 71, 
467-483 1997 and and Radiat. Res. 156, 577-583 2001).
===================================================================================================================
    67.092     BD    - one or more Bd (no Sb)
    29.649     SSB   - Sb (no auxilary damage)
     0.992     SSB+  - two Sb on the same strand
     0.227     2SSB  - two or more Sb on opposite strands separated by at least 10 bp
     1.559     DSB   - two Sb on opposite strands with a separation <= 10 bp
     0.454     DSB+  - DSB accompanied by one (or more) additional Sb within 10 bp separation
     0.028     DSB++ - more than one DSB whether within the 10 bp separation or further apart
     3.949     SSBc  - fraction of complex damage (SSB+ and 2SSB) among SSBs
    44.169     SSBcb - fraction of complex damage (SSB+ and 2SSB) among SSBs; base damage included
    23.611     DSBc  - fraction of complex damage (DSB+ and DSB++) among DSBs
    62.500     DSBcb - fraction of complex damage (DSB+ and DSB++) among DSBs; base damage included
===================================================================================================================

TABLE 2. Number of clusters per cell (DNA=6.000 Gbp, AD=1.000 Gy).
===================================================================================================================
Number of --------- DSB ----------   --------- SSB ----------   -------- OTHER ---------   ----- ALL CLUSTERS -----
 lesions    Average        SEM         Average        SEM         Average        SEM         Average        SEM    
===================================================================================================================
   1          ---          ---       6.08000E+02  0.00000E+00   1.83000E+03  0.00000E+00   2.43800E+03  0.00000E+00
   2      2.70000E+01  0.00000E+00   2.93000E+02  0.00000E+00   4.02000E+02  0.00000E+00   7.22000E+02  0.00000E+00
   3      1.70000E+01  0.00000E+00   1.11000E+02  0.00000E+00   1.08000E+02  0.00000E+00   2.36000E+02  0.00000E+00
   4      1.80000E+01  0.00000E+00   5.40000E+01  0.00000E+00   1.70000E+01  0.00000E+00   8.90000E+01  0.00000E+00
   5      6.00000E+00  0.00000E+00   1.30000E+01  0.00000E+00   7.00000E+00  0.00000E+00   2.60000E+01  0.00000E+00
   6      2.00000E+00  0.00000E+00   7.00000E+00  0.00000E+00   2.00000E+00  0.00000E+00   1.10000E+01  0.00000E+00
   7      1.00000E+00  0.00000E+00   3.00000E+00  0.00000E+00   1.00000E+00  0.00000E+00   5.00000E+00  0.00000E+00
   8          ---          ---           ---          ---           ---          ---           ---          ---
   9          ---          ---           ---          ---           ---          ---           ---          ---
  10      1.00000E+00  0.00000E+00       ---          ---           ---          ---       1.00000E+00  0.00000E+00
  11          ---          ---           ---          ---           ---          ---           ---          ---
  12          ---          ---           ---          ---           ---          ---           ---          ---
  13          ---          ---           ---          ---           ---          ---           ---          ---
  14          ---          ---           ---          ---           ---          ---           ---          ---
  15          ---          ---           ---          ---           ---          ---           ---          ---
  16          ---          ---           ---          ---           ---          ---           ---          ---
  17          ---          ---           ---          ---           ---          ---           ---          ---
  18          ---          ---           ---          ---           ---          ---           ---          ---
  19          ---          ---           ---          ---           ---          ---           ---          ---
  20          ---          ---           ---          ---           ---          ---           ---          ---
  21          ---          ---           ---          ---           ---          ---           ---          ---
  22          ---          ---           ---          ---           ---          ---           ---          ---
  23          ---          ---           ---          ---           ---          ---           ---          ---
  24          ---          ---           ---          ---           ---          ---           ---          ---
  25          ---          ---           ---          ---           ---          ---           ---          ---
  26          ---          ---           ---          ---           ---          ---           ---          ---
  27          ---          ---           ---          ---           ---          ---           ---          ---
  28          ---          ---           ---          ---           ---          ---           ---          ---
  29          ---          ---           ---          ---           ---          ---           ---          ---
  30          ---          ---           ---          ---           ---          ---           ---          ---
  31          ---          ---           ---          ---           ---          ---           ---          ---
  32          ---          ---           ---          ---           ---          ---           ---          ---
  33          ---          ---           ---          ---           ---          ---           ---          ---
  34          ---          ---           ---          ---           ---          ---           ---          ---
  35          ---          ---           ---          ---           ---          ---           ---          ---
  36          ---          ---           ---          ---           ---          ---           ---          ---
  37          ---          ---           ---          ---           ---          ---           ---          ---
  38          ---          ---           ---          ---           ---          ---           ---          ---
  39          ---          ---           ---          ---           ---          ---           ---          ---
  40          ---          ---           ---          ---           ---          ---           ---          ---
  41          ---          ---           ---          ---           ---          ---           ---          ---
  42          ---          ---           ---          ---           ---          ---           ---          ---
  43          ---          ---           ---          ---           ---          ---           ---          ---
  44          ---          ---           ---          ---           ---          ---           ---          ---
  45          ---          ---           ---          ---           ---          ---           ---          ---
  46          ---          ---           ---          ---           ---          ---           ---          ---
  47          ---          ---           ---          ---           ---          ---           ---          ---
  48          ---          ---           ---          ---           ---          ---           ---          ---
  49          ---          ---           ---          ---           ---          ---           ---          ---
  50          ---          ---           ---          ---           ---          ---           ---          ---
 Total    7.20000E+01  0.00000E+00   1.08900E+03  0.00000E+00   2.36700E+03  0.00000E+00   3.52800E+03  0.00000E+00
-------------------------------------------------------------------------------------------------------------------
NOTE: The category "OTHER" includes all classes of individual and clustered DNA lesion, except for SSB and DSB.
SEM = standard error of the mean.

TABLE 3. Number of clusters per cell per track (DNA=6.000 Gbp, ZF=0.08910 Gy).
===================================================================================================================
Number of --------- DSB ----------   --------- SSB ----------   -------- OTHER ---------   ----- ALL CLUSTERS -----
 lesions    Average        SEM         Average        SEM         Average        SEM         Average        SEM    
===================================================================================================================
   1          ---          ---       5.41720E+01  0.00000E+00   1.63051E+02  0.00000E+00   2.17223E+02  0.00000E+00
   2      2.40566E+00  0.00000E+00   2.61059E+01  0.00000E+00   3.58177E+01  0.00000E+00   6.43293E+01  0.00000E+00
   3      1.51468E+00  0.00000E+00   9.88995E+00  0.00000E+00   9.62266E+00  0.00000E+00   2.10273E+01  0.00000E+00
   4      1.60378E+00  0.00000E+00   4.81133E+00  0.00000E+00   1.51468E+00  0.00000E+00   7.92978E+00  0.00000E+00
   5      5.34592E-01  0.00000E+00   1.15828E+00  0.00000E+00   6.23691E-01  0.00000E+00   2.31657E+00  0.00000E+00
   6      1.78197E-01  0.00000E+00   6.23691E-01  0.00000E+00   1.78197E-01  0.00000E+00   9.80086E-01  0.00000E+00
   7      8.90987E-02  0.00000E+00   2.67296E-01  0.00000E+00   8.90987E-02  0.00000E+00   4.45493E-01  0.00000E+00
   8          ---          ---           ---          ---           ---          ---           ---          ---
   9          ---          ---           ---          ---           ---          ---           ---          ---
  10      8.90987E-02  0.00000E+00       ---          ---           ---          ---       8.90987E-02  0.00000E+00
  11          ---          ---           ---          ---           ---          ---           ---          ---
  12          ---          ---           ---          ---           ---          ---           ---          ---
  13          ---          ---           ---          ---           ---          ---           ---          ---
  14          ---          ---           ---          ---           ---          ---           ---          ---
  15          ---          ---           ---          ---           ---          ---           ---          ---
  16          ---          ---           ---          ---           ---          ---           ---          ---
  17          ---          ---           ---          ---           ---          ---           ---          ---
  18          ---          ---           ---          ---           ---          ---           ---          ---
  19          ---          ---           ---          ---           ---          ---           ---          ---
  20          ---          ---           ---          ---           ---          ---           ---          ---
  21          ---          ---           ---          ---           ---          ---           ---          ---
  22          ---          ---           ---          ---           ---          ---           ---          ---
  23          ---          ---           ---          ---           ---          ---           ---          ---
  24          ---          ---           ---          ---           ---          ---           ---          ---
  25          ---          ---           ---          ---           ---          ---           ---          ---
  26          ---          ---           ---          ---           ---          ---           ---          ---
  27          ---          ---           ---          ---           ---          ---           ---          ---
  28          ---          ---           ---          ---           ---          ---           ---          ---
  29          ---          ---           ---          ---           ---          ---           ---          ---
  30          ---          ---           ---          ---           ---          ---           ---          ---
  31          ---          ---           ---          ---           ---          ---           ---          ---
  32          ---          ---           ---          ---           ---          ---           ---          ---
  33          ---          ---           ---          ---           ---          ---           ---          ---
  34          ---          ---           ---          ---           ---          ---           ---          ---
  35          ---          ---           ---          ---           ---          ---           ---          ---
  36          ---          ---           ---          ---           ---          ---           ---          ---
  37          ---          ---           ---          ---           ---          ---           ---          ---
  38          ---          ---           ---          ---           ---          ---           ---          ---
  39          ---          ---           ---          ---           ---          ---           ---          ---
  40          ---          ---           ---          ---           ---          ---           ---          ---
  41          ---          ---           ---          ---           ---          ---           ---          ---
  42          ---          ---           ---          ---           ---          ---           ---          ---
  43          ---          ---           ---          ---           ---          ---           ---          ---
  44          ---          ---           ---          ---           ---          ---           ---          ---
  45          ---          ---           ---          ---           ---          ---           ---          ---
  46          ---          ---           ---          ---           ---          ---           ---          ---
  47          ---          ---           ---          ---           ---          ---           ---          ---
  48          ---          ---           ---          ---           ---          ---           ---          ---
  49          ---          ---           ---          ---           ---          ---           ---          ---
  50          ---          ---           ---          ---           ---          ---           ---          ---
 Total    6.41511E+00  0.00000E+00   9.70285E+01  0.00000E+00   2.10897E+02  0.00000E+00   3.14340E+02  0.00000E+00
-------------------------------------------------------------------------------------------------------------------

TABLE 4. Cluster Length (in base pair)
===================================================================================================================
Number of --------- DSB ----------   --------- SSB ----------   -------- OTHER ---------   ----- ALL CLUSTERS -----
 lesions    Average        SEM         Average        SEM         Average        SEM         Average        SEM    
===================================================================================================================
   1          ---          ---       1.00000E+00  0.00000E+00   1.00000E+00  0.00000E+00   1.00000E+00  0.00000E+00
   2      5.37037E+00  0.00000E+00   5.80887E+00  0.00000E+00   5.65672E+00  0.00000E+00   5.70776E+00  0.00000E+00
   3      9.52941E+00  0.00000E+00   1.01532E+01  0.00000E+00   9.67593E+00  0.00000E+00   9.88983E+00  0.00000E+00
   4      1.25000E+01  0.00000E+00   1.61667E+01  0.00000E+00   1.48235E+01  0.00000E+00   1.51685E+01  0.00000E+00
   5      1.78333E+01  0.00000E+00   1.93846E+01  0.00000E+00   1.88571E+01  0.00000E+00   1.88846E+01  0.00000E+00
   6      2.30000E+01  0.00000E+00   2.50000E+01  0.00000E+00   2.05000E+01  0.00000E+00   2.38182E+01  0.00000E+00
   7      3.20000E+01  0.00000E+00   3.13333E+01  0.00000E+00   2.50000E+01  0.00000E+00   3.02000E+01  0.00000E+00
   8          ---          ---           ---          ---           ---          ---           ---          ---
   9          ---          ---           ---          ---           ---          ---           ---          ---
  10      2.80000E+01  0.00000E+00       ---          ---           ---          ---       2.80000E+01  0.00000E+00
  11          ---          ---           ---          ---           ---          ---           ---          ---
  12          ---          ---           ---          ---           ---          ---           ---          ---
  13          ---          ---           ---          ---           ---          ---           ---          ---
  14          ---          ---           ---          ---           ---          ---           ---          ---
  15          ---          ---           ---          ---           ---          ---           ---          ---
  16          ---          ---           ---          ---           ---          ---           ---          ---
  17          ---          ---           ---          ---           ---          ---           ---          ---
  18          ---          ---           ---          ---           ---          ---           ---          ---
  19          ---          ---           ---          ---           ---          ---           ---          ---
  20          ---          ---           ---          ---           ---          ---           ---          ---
  21          ---          ---           ---          ---           ---          ---           ---          ---
  22          ---          ---           ---          ---           ---          ---           ---          ---
  23          ---          ---           ---          ---           ---          ---           ---          ---
  24          ---          ---           ---          ---           ---          ---           ---          ---
  25          ---          ---           ---          ---           ---          ---           ---          ---
  26          ---          ---           ---          ---           ---          ---           ---          ---
  27          ---          ---           ---          ---           ---          ---           ---          ---
  28          ---          ---           ---          ---           ---          ---           ---          ---
  29          ---          ---           ---          ---           ---          ---           ---          ---
  30          ---          ---           ---          ---           ---          ---           ---          ---
  31          ---          ---           ---          ---           ---          ---           ---          ---
  32          ---          ---           ---          ---           ---          ---           ---          ---
  33          ---          ---           ---          ---           ---          ---           ---          ---
  34          ---          ---           ---          ---           ---          ---           ---          ---
  35          ---          ---           ---          ---           ---          ---           ---          ---
  36          ---          ---           ---          ---           ---          ---           ---          ---
  37          ---          ---           ---          ---           ---          ---           ---          ---
  38          ---          ---           ---          ---           ---          ---           ---          ---
  39          ---          ---           ---          ---           ---          ---           ---          ---
  40          ---          ---           ---          ---           ---          ---           ---          ---
  41          ---          ---           ---          ---           ---          ---           ---          ---
  42          ---          ---           ---          ---           ---          ---           ---          ---
  43          ---          ---           ---          ---           ---          ---           ---          ---
  44          ---          ---           ---          ---           ---          ---           ---          ---
  45          ---          ---           ---          ---           ---          ---           ---          ---
  46          ---          ---           ---          ---           ---          ---           ---          ---
  47          ---          ---           ---          ---           ---          ---           ---          ---
  48          ---          ---           ---          ---           ---          ---           ---          ---
  49          ---          ---           ---          ---           ---          ---           ---          ---
  50          ---          ---           ---          ---           ---          ---           ---          ---
Average   1.03472E+01  0.00000E+00   4.43618E+00  0.00000E+00   2.36544E+00  0.00000E+00   3.16752E+00  0.00000E+00
-------------------------------------------------------------------------------------------------------------------

TABLE 5. Density of lesions forming a cluster (in units of lesions per nucleotide).
===================================================================================================================
Number of --------- DSB ----------   --------- SSB ----------   -------- OTHER ---------   ----- ALL CLUSTERS -----
 lesions    Average        SEM         Average        SEM         Average        SEM         Average        SEM    
===================================================================================================================
   1          ---          ---       5.00000E-01  0.00000E+00   5.00000E-01  0.00000E+00   5.00000E-01  0.00000E+00
   2      2.98236E-01  0.00000E+00   2.33203E-01  0.00000E+00   2.53154E-01  0.00000E+00   2.46744E-01  0.00000E+00
   3      1.78806E-01  0.00000E+00   1.73106E-01  0.00000E+00   1.91159E-01  0.00000E+00   1.81778E-01  0.00000E+00
   4      1.84995E-01  0.00000E+00   1.33620E-01  0.00000E+00   1.46024E-01  0.00000E+00   1.46380E-01  0.00000E+00
   5      1.48414E-01  0.00000E+00   1.39230E-01  0.00000E+00   1.43050E-01  0.00000E+00   1.42378E-01  0.00000E+00
   6      1.39959E-01  0.00000E+00   1.27469E-01  0.00000E+00   1.50735E-01  0.00000E+00   1.33970E-01  0.00000E+00
   7      1.09375E-01  0.00000E+00   1.13559E-01  0.00000E+00   1.40000E-01  0.00000E+00   1.18010E-01  0.00000E+00
   8          ---          ---           ---          ---           ---          ---           ---          ---
   9          ---          ---           ---          ---           ---          ---           ---          ---
  10      1.78571E-01  0.00000E+00       ---          ---           ---          ---       1.78571E-01  0.00000E+00
  11          ---          ---           ---          ---           ---          ---           ---          ---
  12          ---          ---           ---          ---           ---          ---           ---          ---
  13          ---          ---           ---          ---           ---          ---           ---          ---
  14          ---          ---           ---          ---           ---          ---           ---          ---
  15          ---          ---           ---          ---           ---          ---           ---          ---
  16          ---          ---           ---          ---           ---          ---           ---          ---
  17          ---          ---           ---          ---           ---          ---           ---          ---
  18          ---          ---           ---          ---           ---          ---           ---          ---
  19          ---          ---           ---          ---           ---          ---           ---          ---
  20          ---          ---           ---          ---           ---          ---           ---          ---
  21          ---          ---           ---          ---           ---          ---           ---          ---
  22          ---          ---           ---          ---           ---          ---           ---          ---
  23          ---          ---           ---          ---           ---          ---           ---          ---
  24          ---          ---           ---          ---           ---          ---           ---          ---
  25          ---          ---           ---          ---           ---          ---           ---          ---
  26          ---          ---           ---          ---           ---          ---           ---          ---
  27          ---          ---           ---          ---           ---          ---           ---          ---
  28          ---          ---           ---          ---           ---          ---           ---          ---
  29          ---          ---           ---          ---           ---          ---           ---          ---
  30          ---          ---           ---          ---           ---          ---           ---          ---
  31          ---          ---           ---          ---           ---          ---           ---          ---
  32          ---          ---           ---          ---           ---          ---           ---          ---
  33          ---          ---           ---          ---           ---          ---           ---          ---
  34          ---          ---           ---          ---           ---          ---           ---          ---
  35          ---          ---           ---          ---           ---          ---           ---          ---
  36          ---          ---           ---          ---           ---          ---           ---          ---
  37          ---          ---           ---          ---           ---          ---           ---          ---
  38          ---          ---           ---          ---           ---          ---           ---          ---
  39          ---          ---           ---          ---           ---          ---           ---          ---
  40          ---          ---           ---          ---           ---          ---           ---          ---
  41          ---          ---           ---          ---           ---          ---           ---          ---
  42          ---          ---           ---          ---           ---          ---           ---          ---
  43          ---          ---           ---          ---           ---          ---           ---          ---
  44          ---          ---           ---          ---           ---          ---           ---          ---
  45          ---          ---           ---          ---           ---          ---           ---          ---
  46          ---          ---           ---          ---           ---          ---           ---          ---
  47          ---          ---           ---          ---           ---          ---           ---          ---
  48          ---          ---           ---          ---           ---          ---           ---          ---
  49          ---          ---           ---          ---           ---          ---           ---          ---
  50          ---          ---           ---          ---           ---          ---           ---          ---
Average   2.20560E-01  0.00000E+00   3.68964E-01  0.00000E+00   4.39940E-01  0.00000E+00   4.13555E-01  0.00000E+00
-------------------------------------------------------------------------------------------------------------------
NOTE: Lesion density computed as the number of lesions per cluster divided by twice the cluster length.

TABLE 6. Cluster composition (% Sb per cluster)
===================================================================================================================
Number of --------- DSB ----------   --------- SSB ----------   -------- OTHER ---------   ----- ALL CLUSTERS -----
 lesions    Average        SEM         Average        SEM         Average        SEM         Average        SEM    
===================================================================================================================
   1          ---          ---       1.00000E+02  0.00000E+00   0.00000E+00  0.00000E+00   2.49385E+01  0.00000E+00
   2      1.00000E+02  0.00000E+00   5.20478E+01  0.00000E+00   0.00000E+00  0.00000E+00   2.48615E+01  0.00000E+00
   3      7.64706E+01  0.00000E+00   3.78378E+01  0.00000E+00   0.00000E+00  0.00000E+00   2.33051E+01  0.00000E+00
   4      5.69444E+01  0.00000E+00   3.05556E+01  0.00000E+00   0.00000E+00  0.00000E+00   3.00562E+01  0.00000E+00
   5      5.66667E+01  0.00000E+00   2.46154E+01  0.00000E+00   0.00000E+00  0.00000E+00   2.53846E+01  0.00000E+00
   6      4.16667E+01  0.00000E+00   2.61905E+01  0.00000E+00   0.00000E+00  0.00000E+00   2.42424E+01  0.00000E+00
   7      4.28571E+01  0.00000E+00   1.42857E+01  0.00000E+00   0.00000E+00  0.00000E+00   1.71429E+01  0.00000E+00
   8          ---          ---           ---          ---           ---          ---           ---          ---
   9          ---          ---           ---          ---           ---          ---           ---          ---
  10      3.00000E+01  0.00000E+00       ---          ---           ---          ---       3.00000E+01  0.00000E+00
  11          ---          ---           ---          ---           ---          ---           ---          ---
  12          ---          ---           ---          ---           ---          ---           ---          ---
  13          ---          ---           ---          ---           ---          ---           ---          ---
  14          ---          ---           ---          ---           ---          ---           ---          ---
  15          ---          ---           ---          ---           ---          ---           ---          ---
  16          ---          ---           ---          ---           ---          ---           ---          ---
  17          ---          ---           ---          ---           ---          ---           ---          ---
  18          ---          ---           ---          ---           ---          ---           ---          ---
  19          ---          ---           ---          ---           ---          ---           ---          ---
  20          ---          ---           ---          ---           ---          ---           ---          ---
  21          ---          ---           ---          ---           ---          ---           ---          ---
  22          ---          ---           ---          ---           ---          ---           ---          ---
  23          ---          ---           ---          ---           ---          ---           ---          ---
  24          ---          ---           ---          ---           ---          ---           ---          ---
  25          ---          ---           ---          ---           ---          ---           ---          ---
  26          ---          ---           ---          ---           ---          ---           ---          ---
  27          ---          ---           ---          ---           ---          ---           ---          ---
  28          ---          ---           ---          ---           ---          ---           ---          ---
  29          ---          ---           ---          ---           ---          ---           ---          ---
  30          ---          ---           ---          ---           ---          ---           ---          ---
  31          ---          ---           ---          ---           ---          ---           ---          ---
  32          ---          ---           ---          ---           ---          ---           ---          ---
  33          ---          ---           ---          ---           ---          ---           ---          ---
  34          ---          ---           ---          ---           ---          ---           ---          ---
  35          ---          ---           ---          ---           ---          ---           ---          ---
  36          ---          ---           ---          ---           ---          ---           ---          ---
  37          ---          ---           ---          ---           ---          ---           ---          ---
  38          ---          ---           ---          ---           ---          ---           ---          ---
  39          ---          ---           ---          ---           ---          ---           ---          ---
  40          ---          ---           ---          ---           ---          ---           ---          ---
  41          ---          ---           ---          ---           ---          ---           ---          ---
  42          ---          ---           ---          ---           ---          ---           ---          ---
  43          ---          ---           ---          ---           ---          ---           ---          ---
  44          ---          ---           ---          ---           ---          ---           ---          ---
  45          ---          ---           ---          ---           ---          ---           ---          ---
  46          ---          ---           ---          ---           ---          ---           ---          ---
  47          ---          ---           ---          ---           ---          ---           ---          ---
  48          ---          ---           ---          ---           ---          ---           ---          ---
  49          ---          ---           ---          ---           ---          ---           ---          ---
  50          ---          ---           ---          ---           ---          ---           ---          ---
Average   7.66832E+01  0.00000E+00   7.57082E+01  0.00000E+00   0.00000E+00  0.00000E+00   2.49341E+01  0.00000E+00
-------------------------------------------------------------------------------------------------------------------
NOTES: (% Sb) is the percentage of lesions that are strand breaks. The number of Sb is [(% Sb)/100]*(# lesions).
The number of Bd is (1-(% Sb)/100)*(# lesions).
