===============================
MCDS Version 3.10A  05-DEC-2011
===============================
      0.004     running time (min)
  987654321     random number seed
          1     number of cells (nocs)
 0.0000E+00     water-equivalent material (WEM) thickness (mg/cm^2)
 1.0000E+00     Desired dose to the cell nucleus (Gy)
 6.0000E+00     DNA content (Gbp)

TARGET (cell) DEFINITION (4V/S = mean chord length)
========================================================
            DIAMETER     4V/S      Volume      Mass
               (um)      (um)      (um^3)      (ng)
--------------------------------------------------------
DNA            ---        ---     6.123E+00  6.123E-03
NUCLEUS     5.000E+00  3.333E+00  6.545E+01  6.545E-02
CYTOPLASM      ---        ---     -6.545E+01  -6.545E-02
CELL        0.000E+00  0.000E+00  0.000E+00  0.000E+00
========================================================
NOTE: In human DNA, 1 Gbp=0.979 ng (not including bound
H2O).  DNA volume computed using a density of 1 g/cm^3.

WARNING: volume of nucleus larger than the volume of the cell!

INCIDENT PARTICLE: 12C (mass = 1.20000E+01 u = 1.11749E+04 MeV/c^2)
  1.50000E+03 MeV >= 1.00000E-06 MeV
  1.25000E+02 MeV/A >= 8.33333E-08 MeV/A)
  5.98119E+03 MeV (p*c = momentum x speed of light)
  2.07317E-04 pm (de Broglie wavelength)
  1.13423E+00 = T/m0c2+1 (Lorentz factor) >= 1
  6.00000E+00 ABS(effective charge); Barkas 1963
  4.71894E-01 beta = (v/c) <= 1
  1.61664E+02 (zeff/beta)^2 <= 2.000E+05
  2.21230E+01 keV/um (total stopping power in H2O)
  2.21143E+01 keV/um ( 99.961% electronic)
  8.64412E-03 keV/um (  0.039% nuclear)
  3.85786E+00 CSDA range of particle (cm) in H2O

PARTICLE TRANSPORT - Beam of radiation incident on bottom of cell culture dish
(WEM=0.00 um, cell=0.00 um, nucleus=5.00 um; total distance traveled to
reach nucleus=-2.500 um of H2O).
==============================================================================
                                  ------- Cell --------  ------- Nucleus -----
                       Incident      Entry      Exit       Entry       Exit
==============================================================================
         KE (MeV)   1.5000E+03  1.5000E+03  1.5000E+03  1.5000E+03  1.4999E+03
    (Zeff/beta)^2   1.6166E+02  1.6166E+02  1.6166E+02  1.6166E+02  1.6167E+02
     LET (keV/um)   2.2123E+01  2.2123E+01  2.2123E+01  2.2123E+01  2.2124E+01
  Res. Range (um)   3.8579E+04  3.8579E+04  3.8579E+04  3.8579E+04  3.8576E+04
 DPUF1 (nGy-cm^2)   3.5441E+01  3.5441E+01  3.5441E+01  3.5441E+01  3.5442E+01
 DPUF2 (nGy-cm^2)      ---      NaN     ---      3.5442E+01     ---
       Edep (keV)      ---      NaN     ---      7.3745E+01     ---
      YF (keV/um)      ---      NaN     ---      2.2123E+01     ---
          ZF (Gy)      ---      NaN     ---      1.8050E-01     ---
==============================================================================
LET=(Stot-Srad); absorbed dose per unit fluence (DPUF1) = 1.602*LET/rho
Avg. absorbed dose within target (i.e., DPUF2) = 2.5*pi*d*d*zf
Edep = 0.1602*ZF*PI*d*d*d/6; yf = edep/lbar = 0.25*edep*{area}/{volume}

DAMAGE FORMATION AND CLUSTERING (normoxic conditions)
     102585     segment length, nseg (bp per cell per Gy)
       1300     number of strand breaks, sigSb (per cell per Gy)
       3900     number of base damages,  sigBd (per cell per Gy)
        3.0     base damage to strand break ratio, f
          9     minimum distance between clusters, Nmin (bp)
         10     maximum distance between two Sb to compose a DSB, Ndsb (bp)
        0.0     fraction Bl/Bd

OXYGEN SIMULATION (M0=1.740, K=0.3372, q=946.10, r=2.15)
  1.0000E+02 % O2 concentration (=760.00 mmHg)
  2.4265E-03 chemical repair probability (pcr)
  9.9757E-01 O2 fixation probability (1-pcr)
  1.0024E+00 Approx. HRF for SSB induction [=1/(1-pcr)]
  1.0049E+00 Approx. HRF for DSB induction [1/(1-pcr)]^2

DMSO SIMULATION
  5.0000E-01 fraction of non-scavengeable DNA damage (fnsd)
  5.0000E-01 concentration (mol dm^-3) at half-level (chmx)
  0.0000E+00 DMSO concentration (mol dm^-3)

TABLE 1. Percent (%) cluster yields by complexity, as classified using the scheme of Nikjoo et al. (IJRB 71, 
467-483 1997 and and Radiat. Res. 156, 577-583 2001).
===================================================================================================================
    64.383     BD    - one or more Bd (no Sb)
    31.618     SSB   - Sb (no auxilary damage)
     2.015     SSB+  - two Sb on the same strand
     0.248     2SSB  - two or more Sb on opposite strands separated by at least 10 bp
     1.364     DSB   - two Sb on opposite strands with a separation <= 10 bp
     0.341     DSB+  - DSB accompanied by one (or more) additional Sb within 10 bp separation
     0.031     DSB++ - more than one DSB whether within the 10 bp separation or further apart
     6.679     SSBc  - fraction of complex damage (SSB+ and 2SSB) among SSBs
    50.778     SSBcb - fraction of complex damage (SSB+ and 2SSB) among SSBs; base damage included
    21.429     DSBc  - fraction of complex damage (DSB+ and DSB++) among DSBs
    64.286     DSBcb - fraction of complex damage (DSB+ and DSB++) among DSBs; base damage included
===================================================================================================================

TABLE 2. Number of clusters per cell (DNA=6.000 Gbp, AD=1.000 Gy).
===================================================================================================================
Number of --------- DSB ----------   --------- SSB ----------   -------- OTHER ---------   ----- ALL CLUSTERS -----
 lesions    Average        SEM         Average        SEM         Average        SEM         Average        SEM    
===================================================================================================================
   1          ---          ---       5.38000E+02  0.00000E+00   1.45100E+03  0.00000E+00   1.98900E+03  0.00000E+00
   2      2.00000E+01  0.00000E+00   3.09000E+02  0.00000E+00   4.61000E+02  0.00000E+00   7.90000E+02  0.00000E+00
   3      1.50000E+01  0.00000E+00   1.41000E+02  0.00000E+00   1.20000E+02  0.00000E+00   2.76000E+02  0.00000E+00
   4      1.50000E+01  0.00000E+00   5.70000E+01  0.00000E+00   3.40000E+01  0.00000E+00   1.06000E+02  0.00000E+00
   5      5.00000E+00  0.00000E+00   2.90000E+01  0.00000E+00   6.00000E+00  0.00000E+00   4.00000E+01  0.00000E+00
   6          ---          ---       1.30000E+01  0.00000E+00   2.00000E+00  0.00000E+00   1.50000E+01  0.00000E+00
   7      1.00000E+00  0.00000E+00   3.00000E+00  0.00000E+00   2.00000E+00  0.00000E+00   6.00000E+00  0.00000E+00
   8          ---          ---       2.00000E+00  0.00000E+00       ---          ---       2.00000E+00  0.00000E+00
   9          ---          ---           ---          ---       1.00000E+00  0.00000E+00   1.00000E+00  0.00000E+00
  10          ---          ---       1.00000E+00  0.00000E+00       ---          ---       1.00000E+00  0.00000E+00
  11          ---          ---           ---          ---           ---          ---           ---          ---
  12          ---          ---           ---          ---           ---          ---           ---          ---
  13          ---          ---           ---          ---           ---          ---           ---          ---
  14          ---          ---           ---          ---           ---          ---           ---          ---
  15          ---          ---           ---          ---           ---          ---           ---          ---
  16          ---          ---           ---          ---           ---          ---           ---          ---
  17          ---          ---           ---          ---           ---          ---           ---          ---
  18          ---          ---           ---          ---           ---          ---           ---          ---
  19          ---          ---           ---          ---           ---          ---           ---          ---
  20          ---          ---           ---          ---           ---          ---           ---          ---
  21          ---          ---           ---          ---           ---          ---           ---          ---
  22          ---          ---           ---          ---           ---          ---           ---          ---
  23          ---          ---           ---          ---           ---          ---           ---          ---
  24          ---          ---           ---          ---           ---          ---           ---          ---
  25          ---          ---           ---          ---           ---          ---           ---          ---
  26          ---          ---           ---          ---           ---          ---           ---          ---
  27          ---          ---           ---          ---           ---          ---           ---          ---
  28          ---          ---           ---          ---           ---          ---           ---          ---
  29          ---          ---           ---          ---           ---          ---           ---          ---
  30          ---          ---           ---          ---           ---          ---           ---          ---
  31          ---          ---           ---          ---           ---          ---           ---          ---
  32          ---          ---           ---          ---           ---          ---           ---          ---
  33          ---          ---           ---          ---           ---          ---           ---          ---
  34          ---          ---           ---          ---           ---          ---           ---          ---
  35          ---          ---           ---          ---           ---          ---           ---          ---
  36          ---          ---           ---          ---           ---          ---           ---          ---
  37          ---          ---           ---          ---           ---          ---           ---          ---
  38          ---          ---           ---          ---           ---          ---           ---          ---
  39          ---          ---           ---          ---           ---          ---           ---          ---
  40          ---          ---           ---          ---           ---          ---           ---          ---
  41          ---          ---           ---          ---           ---          ---           ---          ---
  42          ---          ---           ---          ---           ---          ---           ---          ---
  43          ---          ---           ---          ---           ---          ---           ---          ---
  44          ---          ---           ---          ---           ---          ---           ---          ---
  45          ---          ---           ---          ---           ---          ---           ---          ---
  46          ---          ---           ---          ---           ---          ---           ---          ---
  47          ---          ---           ---          ---           ---          ---           ---          ---
  48          ---          ---           ---          ---           ---          ---           ---          ---
  49          ---          ---           ---          ---           ---          ---           ---          ---
  50          ---          ---           ---          ---           ---          ---           ---          ---
 Total    5.60000E+01  0.00000E+00   1.09300E+03  0.00000E+00   2.07700E+03  0.00000E+00   3.22600E+03  0.00000E+00
-------------------------------------------------------------------------------------------------------------------
NOTE: The category "OTHER" includes all classes of individual and clustered DNA lesion, except for SSB and DSB.
SEM = standard error of the mean.

TABLE 3. Number of clusters per cell per track (DNA=6.000 Gbp, ZF=0.18050 Gy).
===================================================================================================================
Number of --------- DSB ----------   --------- SSB ----------   -------- OTHER ---------   ----- ALL CLUSTERS -----
 lesions    Average        SEM         Average        SEM         Average        SEM         Average        SEM    
===================================================================================================================
   1          ---          ---       9.71106E+01  0.00000E+00   2.61910E+02  0.00000E+00   3.59020E+02  0.00000E+00
   2      3.61006E+00  0.00000E+00   5.57754E+01  0.00000E+00   8.32119E+01  0.00000E+00   1.42597E+02  0.00000E+00
   3      2.70754E+00  0.00000E+00   2.54509E+01  0.00000E+00   2.16604E+01  0.00000E+00   4.98188E+01  0.00000E+00
   4      2.70754E+00  0.00000E+00   1.02887E+01  0.00000E+00   6.13710E+00  0.00000E+00   1.91333E+01  0.00000E+00
   5      9.02515E-01  0.00000E+00   5.23459E+00  0.00000E+00   1.08302E+00  0.00000E+00   7.22012E+00  0.00000E+00
   6          ---          ---       2.34654E+00  0.00000E+00   3.61006E-01  0.00000E+00   2.70754E+00  0.00000E+00
   7      1.80503E-01  0.00000E+00   5.41509E-01  0.00000E+00   3.61006E-01  0.00000E+00   1.08302E+00  0.00000E+00
   8          ---          ---       3.61006E-01  0.00000E+00       ---          ---       3.61006E-01  0.00000E+00
   9          ---          ---           ---          ---       1.80503E-01  0.00000E+00   1.80503E-01  0.00000E+00
  10          ---          ---       1.80503E-01  0.00000E+00       ---          ---       1.80503E-01  0.00000E+00
  11          ---          ---           ---          ---           ---          ---           ---          ---
  12          ---          ---           ---          ---           ---          ---           ---          ---
  13          ---          ---           ---          ---           ---          ---           ---          ---
  14          ---          ---           ---          ---           ---          ---           ---          ---
  15          ---          ---           ---          ---           ---          ---           ---          ---
  16          ---          ---           ---          ---           ---          ---           ---          ---
  17          ---          ---           ---          ---           ---          ---           ---          ---
  18          ---          ---           ---          ---           ---          ---           ---          ---
  19          ---          ---           ---          ---           ---          ---           ---          ---
  20          ---          ---           ---          ---           ---          ---           ---          ---
  21          ---          ---           ---          ---           ---          ---           ---          ---
  22          ---          ---           ---          ---           ---          ---           ---          ---
  23          ---          ---           ---          ---           ---          ---           ---          ---
  24          ---          ---           ---          ---           ---          ---           ---          ---
  25          ---          ---           ---          ---           ---          ---           ---          ---
  26          ---          ---           ---          ---           ---          ---           ---          ---
  27          ---          ---           ---          ---           ---          ---           ---          ---
  28          ---          ---           ---          ---           ---          ---           ---          ---
  29          ---          ---           ---          ---           ---          ---           ---          ---
  30          ---          ---           ---          ---           ---          ---           ---          ---
  31          ---          ---           ---          ---           ---          ---           ---          ---
  32          ---          ---           ---          ---           ---          ---           ---          ---
  33          ---          ---           ---          ---           ---          ---           ---          ---
  34          ---          ---           ---          ---           ---          ---           ---          ---
  35          ---          ---           ---          ---           ---          ---           ---          ---
  36          ---          ---           ---          ---           ---          ---           ---          ---
  37          ---          ---           ---          ---           ---          ---           ---          ---
  38          ---          ---           ---          ---           ---          ---           ---          ---
  39          ---          ---           ---          ---           ---          ---           ---          ---
  40          ---          ---           ---          ---           ---          ---           ---          ---
  41          ---          ---           ---          ---           ---          ---           ---          ---
  42          ---          ---           ---          ---           ---          ---           ---          ---
  43          ---          ---           ---          ---           ---          ---           ---          ---
  44          ---          ---           ---          ---           ---          ---           ---          ---
  45          ---          ---           ---          ---           ---          ---           ---          ---
  46          ---          ---           ---          ---           ---          ---           ---          ---
  47          ---          ---           ---          ---           ---          ---           ---          ---
  48          ---          ---           ---          ---           ---          ---           ---          ---
  49          ---          ---           ---          ---           ---          ---           ---          ---
  50          ---          ---           ---          ---           ---          ---           ---          ---
 Total    1.01082E+01  0.00000E+00   1.97290E+02  0.00000E+00   3.74905E+02  0.00000E+00   5.82303E+02  0.00000E+00
-------------------------------------------------------------------------------------------------------------------

TABLE 4. Cluster Length (in base pair)
===================================================================================================================
Number of --------- DSB ----------   --------- SSB ----------   -------- OTHER ---------   ----- ALL CLUSTERS -----
 lesions    Average        SEM         Average        SEM         Average        SEM         Average        SEM    
===================================================================================================================
   1          ---          ---       1.00000E+00  0.00000E+00   1.00000E+00  0.00000E+00   1.00000E+00  0.00000E+00
   2      4.75000E+00  0.00000E+00   5.65696E+00  0.00000E+00   5.42950E+00  0.00000E+00   5.50127E+00  0.00000E+00
   3      7.93333E+00  0.00000E+00   9.61702E+00  0.00000E+00   1.02917E+01  0.00000E+00   9.81884E+00  0.00000E+00
   4      1.23333E+01  0.00000E+00   1.48947E+01  0.00000E+00   1.49412E+01  0.00000E+00   1.45472E+01  0.00000E+00
   5      1.82000E+01  0.00000E+00   2.04828E+01  0.00000E+00   2.18333E+01  0.00000E+00   2.04000E+01  0.00000E+00
   6          ---          ---       2.35385E+01  0.00000E+00   2.45000E+01  0.00000E+00   2.36667E+01  0.00000E+00
   7      2.60000E+01  0.00000E+00   3.13333E+01  0.00000E+00   2.75000E+01  0.00000E+00   2.91667E+01  0.00000E+00
   8          ---          ---       2.70000E+01  0.00000E+00       ---          ---       2.70000E+01  0.00000E+00
   9          ---          ---           ---          ---       4.60000E+01  0.00000E+00   4.60000E+01  0.00000E+00
  10          ---          ---       3.70000E+01  0.00000E+00       ---          ---       3.70000E+01  0.00000E+00
  11          ---          ---           ---          ---           ---          ---           ---          ---
  12          ---          ---           ---          ---           ---          ---           ---          ---
  13          ---          ---           ---          ---           ---          ---           ---          ---
  14          ---          ---           ---          ---           ---          ---           ---          ---
  15          ---          ---           ---          ---           ---          ---           ---          ---
  16          ---          ---           ---          ---           ---          ---           ---          ---
  17          ---          ---           ---          ---           ---          ---           ---          ---
  18          ---          ---           ---          ---           ---          ---           ---          ---
  19          ---          ---           ---          ---           ---          ---           ---          ---
  20          ---          ---           ---          ---           ---          ---           ---          ---
  21          ---          ---           ---          ---           ---          ---           ---          ---
  22          ---          ---           ---          ---           ---          ---           ---          ---
  23          ---          ---           ---          ---           ---          ---           ---          ---
  24          ---          ---           ---          ---           ---          ---           ---          ---
  25          ---          ---           ---          ---           ---          ---           ---          ---
  26          ---          ---           ---          ---           ---          ---           ---          ---
  27          ---          ---           ---          ---           ---          ---           ---          ---
  28          ---          ---           ---          ---           ---          ---           ---          ---
  29          ---          ---           ---          ---           ---          ---           ---          ---
  30          ---          ---           ---          ---           ---          ---           ---          ---
  31          ---          ---           ---          ---           ---          ---           ---          ---
  32          ---          ---           ---          ---           ---          ---           ---          ---
  33          ---          ---           ---          ---           ---          ---           ---          ---
  34          ---          ---           ---          ---           ---          ---           ---          ---
  35          ---          ---           ---          ---           ---          ---           ---          ---
  36          ---          ---           ---          ---           ---          ---           ---          ---
  37          ---          ---           ---          ---           ---          ---           ---          ---
  38          ---          ---           ---          ---           ---          ---           ---          ---
  39          ---          ---           ---          ---           ---          ---           ---          ---
  40          ---          ---           ---          ---           ---          ---           ---          ---
  41          ---          ---           ---          ---           ---          ---           ---          ---
  42          ---          ---           ---          ---           ---          ---           ---          ---
  43          ---          ---           ---          ---           ---          ---           ---          ---
  44          ---          ---           ---          ---           ---          ---           ---          ---
  45          ---          ---           ---          ---           ---          ---           ---          ---
  46          ---          ---           ---          ---           ---          ---           ---          ---
  47          ---          ---           ---          ---           ---          ---           ---          ---
  48          ---          ---           ---          ---           ---          ---           ---          ---
  49          ---          ---           ---          ---           ---          ---           ---          ---
  50          ---          ---           ---          ---           ---          ---           ---          ---
Average   9.21429E+00  0.00000E+00   5.10156E+00  0.00000E+00   2.87819E+00  0.00000E+00   3.74148E+00  0.00000E+00
-------------------------------------------------------------------------------------------------------------------

TABLE 5. Density of lesions forming a cluster (in units of lesions per nucleotide).
===================================================================================================================
Number of --------- DSB ----------   --------- SSB ----------   -------- OTHER ---------   ----- ALL CLUSTERS -----
 lesions    Average        SEM         Average        SEM         Average        SEM         Average        SEM    
===================================================================================================================
   1          ---          ---       5.00000E-01  0.00000E+00   5.00000E-01  0.00000E+00   5.00000E-01  0.00000E+00
   2      2.63234E-01  0.00000E+00   2.48261E-01  0.00000E+00   2.60054E-01  0.00000E+00   2.55522E-01  0.00000E+00
   3      2.65725E-01  0.00000E+00   1.89935E-01  0.00000E+00   1.84601E-01  0.00000E+00   1.91735E-01  0.00000E+00
   4      1.82467E-01  0.00000E+00   1.54858E-01  0.00000E+00   1.58850E-01  0.00000E+00   1.60045E-01  0.00000E+00
   5      1.38121E-01  0.00000E+00   1.28623E-01  0.00000E+00   1.22142E-01  0.00000E+00   1.28838E-01  0.00000E+00
   6          ---          ---       1.35804E-01  0.00000E+00   1.22910E-01  0.00000E+00   1.34085E-01  0.00000E+00
   7      1.34615E-01  0.00000E+00   1.12042E-01  0.00000E+00   1.44520E-01  0.00000E+00   1.26630E-01  0.00000E+00
   8          ---          ---       1.48352E-01  0.00000E+00       ---          ---       1.48352E-01  0.00000E+00
   9          ---          ---           ---          ---       9.78261E-02  0.00000E+00   9.78261E-02  0.00000E+00
  10          ---          ---       1.35135E-01  0.00000E+00       ---          ---       1.35135E-01  0.00000E+00
  11          ---          ---           ---          ---           ---          ---           ---          ---
  12          ---          ---           ---          ---           ---          ---           ---          ---
  13          ---          ---           ---          ---           ---          ---           ---          ---
  14          ---          ---           ---          ---           ---          ---           ---          ---
  15          ---          ---           ---          ---           ---          ---           ---          ---
  16          ---          ---           ---          ---           ---          ---           ---          ---
  17          ---          ---           ---          ---           ---          ---           ---          ---
  18          ---          ---           ---          ---           ---          ---           ---          ---
  19          ---          ---           ---          ---           ---          ---           ---          ---
  20          ---          ---           ---          ---           ---          ---           ---          ---
  21          ---          ---           ---          ---           ---          ---           ---          ---
  22          ---          ---           ---          ---           ---          ---           ---          ---
  23          ---          ---           ---          ---           ---          ---           ---          ---
  24          ---          ---           ---          ---           ---          ---           ---          ---
  25          ---          ---           ---          ---           ---          ---           ---          ---
  26          ---          ---           ---          ---           ---          ---           ---          ---
  27          ---          ---           ---          ---           ---          ---           ---          ---
  28          ---          ---           ---          ---           ---          ---           ---          ---
  29          ---          ---           ---          ---           ---          ---           ---          ---
  30          ---          ---           ---          ---           ---          ---           ---          ---
  31          ---          ---           ---          ---           ---          ---           ---          ---
  32          ---          ---           ---          ---           ---          ---           ---          ---
  33          ---          ---           ---          ---           ---          ---           ---          ---
  34          ---          ---           ---          ---           ---          ---           ---          ---
  35          ---          ---           ---          ---           ---          ---           ---          ---
  36          ---          ---           ---          ---           ---          ---           ---          ---
  37          ---          ---           ---          ---           ---          ---           ---          ---
  38          ---          ---           ---          ---           ---          ---           ---          ---
  39          ---          ---           ---          ---           ---          ---           ---          ---
  40          ---          ---           ---          ---           ---          ---           ---          ---
  41          ---          ---           ---          ---           ---          ---           ---          ---
  42          ---          ---           ---          ---           ---          ---           ---          ---
  43          ---          ---           ---          ---           ---          ---           ---          ---
  44          ---          ---           ---          ---           ---          ---           ---          ---
  45          ---          ---           ---          ---           ---          ---           ---          ---
  46          ---          ---           ---          ---           ---          ---           ---          ---
  47          ---          ---           ---          ---           ---          ---           ---          ---
  48          ---          ---           ---          ---           ---          ---           ---          ---
  49          ---          ---           ---          ---           ---          ---           ---          ---
  50          ---          ---           ---          ---           ---          ---           ---          ---
Average   2.28800E-01  0.00000E+00   3.54606E-01  0.00000E+00   4.20945E-01  0.00000E+00   3.95133E-01  0.00000E+00
-------------------------------------------------------------------------------------------------------------------
NOTE: Lesion density computed as the number of lesions per cluster divided by twice the cluster length.

TABLE 6. Cluster composition (% Sb per cluster)
===================================================================================================================
Number of --------- DSB ----------   --------- SSB ----------   -------- OTHER ---------   ----- ALL CLUSTERS -----
 lesions    Average        SEM         Average        SEM         Average        SEM         Average        SEM    
===================================================================================================================
   1          ---          ---       1.00000E+02  0.00000E+00   0.00000E+00  0.00000E+00   2.70488E+01  0.00000E+00
   2      1.00000E+02  0.00000E+00   5.40453E+01  0.00000E+00   0.00000E+00  0.00000E+00   2.36709E+01  0.00000E+00
   3      7.33333E+01  0.00000E+00   3.85343E+01  0.00000E+00   0.00000E+00  0.00000E+00   2.36715E+01  0.00000E+00
   4      6.00000E+01  0.00000E+00   3.15789E+01  0.00000E+00   0.00000E+00  0.00000E+00   2.54717E+01  0.00000E+00
   5      5.20000E+01  0.00000E+00   2.55172E+01  0.00000E+00   0.00000E+00  0.00000E+00   2.50000E+01  0.00000E+00
   6          ---          ---       2.30769E+01  0.00000E+00   0.00000E+00  0.00000E+00   2.00000E+01  0.00000E+00
   7      4.28571E+01  0.00000E+00   2.85714E+01  0.00000E+00   0.00000E+00  0.00000E+00   2.14286E+01  0.00000E+00
   8          ---          ---       1.87500E+01  0.00000E+00       ---          ---       1.87500E+01  0.00000E+00
   9          ---          ---           ---          ---       0.00000E+00  0.00000E+00   0.00000E+00  0.00000E+00
  10          ---          ---       1.00000E+01  0.00000E+00       ---          ---       1.00000E+01  0.00000E+00
  11          ---          ---           ---          ---           ---          ---           ---          ---
  12          ---          ---           ---          ---           ---          ---           ---          ---
  13          ---          ---           ---          ---           ---          ---           ---          ---
  14          ---          ---           ---          ---           ---          ---           ---          ---
  15          ---          ---           ---          ---           ---          ---           ---          ---
  16          ---          ---           ---          ---           ---          ---           ---          ---
  17          ---          ---           ---          ---           ---          ---           ---          ---
  18          ---          ---           ---          ---           ---          ---           ---          ---
  19          ---          ---           ---          ---           ---          ---           ---          ---
  20          ---          ---           ---          ---           ---          ---           ---          ---
  21          ---          ---           ---          ---           ---          ---           ---          ---
  22          ---          ---           ---          ---           ---          ---           ---          ---
  23          ---          ---           ---          ---           ---          ---           ---          ---
  24          ---          ---           ---          ---           ---          ---           ---          ---
  25          ---          ---           ---          ---           ---          ---           ---          ---
  26          ---          ---           ---          ---           ---          ---           ---          ---
  27          ---          ---           ---          ---           ---          ---           ---          ---
  28          ---          ---           ---          ---           ---          ---           ---          ---
  29          ---          ---           ---          ---           ---          ---           ---          ---
  30          ---          ---           ---          ---           ---          ---           ---          ---
  31          ---          ---           ---          ---           ---          ---           ---          ---
  32          ---          ---           ---          ---           ---          ---           ---          ---
  33          ---          ---           ---          ---           ---          ---           ---          ---
  34          ---          ---           ---          ---           ---          ---           ---          ---
  35          ---          ---           ---          ---           ---          ---           ---          ---
  36          ---          ---           ---          ---           ---          ---           ---          ---
  37          ---          ---           ---          ---           ---          ---           ---          ---
  38          ---          ---           ---          ---           ---          ---           ---          ---
  39          ---          ---           ---          ---           ---          ---           ---          ---
  40          ---          ---           ---          ---           ---          ---           ---          ---
  41          ---          ---           ---          ---           ---          ---           ---          ---
  42          ---          ---           ---          ---           ---          ---           ---          ---
  43          ---          ---           ---          ---           ---          ---           ---          ---
  44          ---          ---           ---          ---           ---          ---           ---          ---
  45          ---          ---           ---          ---           ---          ---           ---          ---
  46          ---          ---           ---          ---           ---          ---           ---          ---
  47          ---          ---           ---          ---           ---          ---           ---          ---
  48          ---          ---           ---          ---           ---          ---           ---          ---
  49          ---          ---           ---          ---           ---          ---           ---          ---
  50          ---          ---           ---          ---           ---          ---           ---          ---
Average   7.68367E+01  0.00000E+00   7.21926E+01  0.00000E+00   0.00000E+00  0.00000E+00   2.57934E+01  0.00000E+00
-------------------------------------------------------------------------------------------------------------------
NOTES: (% Sb) is the percentage of lesions that are strand breaks. The number of Sb is [(% Sb)/100]*(# lesions).
The number of Bd is (1-(% Sb)/100)*(# lesions).
