===============================
MCDS Version 3.10A  05-DEC-2011
===============================
      0.029     running time (min)
  987654321     random number seed
          1     number of cells (nocs)
 0.0000E+00     water-equivalent material (WEM) thickness (mg/cm^2)
 1.0000E+00     Desired dose to the cell nucleus (Gy)
 6.0000E+00     DNA content (Gbp)

TARGET (cell) DEFINITION (4V/S = mean chord length)
========================================================
            DIAMETER     4V/S      Volume      Mass
               (um)      (um)      (um^3)      (ng)
--------------------------------------------------------
DNA            ---        ---     6.123E+00  6.123E-03
NUCLEUS     5.000E+00  3.333E+00  6.545E+01  6.545E-02
CYTOPLASM      ---        ---     -6.545E+01  -6.545E-02
CELL        0.000E+00  0.000E+00  0.000E+00  0.000E+00
========================================================
NOTE: In human DNA, 1 Gbp=0.979 ng (not including bound
H2O).  DNA volume computed using a density of 1 g/cm^3.

WARNING: volume of nucleus larger than the volume of the cell!

INCIDENT PARTICLE: 12C (mass = 1.20000E+01 u = 1.11749E+04 MeV/c^2)
  6.00000E+01 MeV >= 1.00000E-06 MeV
  5.00000E+00 MeV/A >= 8.33333E-08 MeV/A)
  1.15956E+03 MeV (p*c = momentum x speed of light)
  1.06937E-03 pm (de Broglie wavelength)
  1.00537E+00 = T/m0c2+1 (Lorentz factor) >= 1
  5.87942E+00 ABS(effective charge); Barkas 1963
  1.03211E-01 beta = (v/c) <= 1
  3.24502E+03 (zeff/beta)^2 <= 2.000E+05
  2.71407E+02 keV/um (total stopping power in H2O)
  2.71231E+02 keV/um ( 99.935% electronic)
  1.76465E-01 keV/um (  0.065% nuclear)
  1.41449E-02 CSDA range of particle (cm) in H2O

PARTICLE TRANSPORT - Beam of radiation incident on bottom of cell culture dish
(WEM=0.00 um, cell=0.00 um, nucleus=5.00 um; total distance traveled to
reach nucleus=-2.500 um of H2O).
==============================================================================
                                  ------- Cell --------  ------- Nucleus -----
                       Incident      Entry      Exit       Entry       Exit
==============================================================================
         KE (MeV)   6.0000E+01  6.0000E+01  6.0000E+01  6.0000E+01  5.9319E+01
    (Zeff/beta)^2   3.2450E+03  3.2450E+03  3.2450E+03  3.2450E+03  3.2790E+03
     LET (keV/um)   2.7141E+02  2.7141E+02  2.7141E+02  2.7141E+02  2.7364E+02
  Res. Range (um)   1.4145E+02  1.4145E+02  1.4145E+02  1.4145E+02  1.3895E+02
 DPUF1 (nGy-cm^2)   4.3479E+02  4.3479E+02  4.3479E+02  4.3479E+02  4.3836E+02
 DPUF2 (nGy-cm^2)      ---      NaN     ---      4.3747E+02     ---
       Edep (keV)      ---      NaN     ---      9.1027E+02     ---
      YF (keV/um)      ---      NaN     ---      2.7308E+02     ---
          ZF (Gy)      ---      NaN     ---      2.2280E+00     ---
==============================================================================
LET=(Stot-Srad); absorbed dose per unit fluence (DPUF1) = 1.602*LET/rho
Avg. absorbed dose within target (i.e., DPUF2) = 2.5*pi*d*d*zf
Edep = 0.1602*ZF*PI*d*d*d/6; yf = edep/lbar = 0.25*edep*{area}/{volume}

DAMAGE FORMATION AND CLUSTERING (normoxic conditions)
      34906     segment length, nseg (bp per cell per Gy)
       1300     number of strand breaks, sigSb (per cell per Gy)
       3900     number of base damages,  sigBd (per cell per Gy)
        3.0     base damage to strand break ratio, f
          9     minimum distance between clusters, Nmin (bp)
         10     maximum distance between two Sb to compose a DSB, Ndsb (bp)
        0.0     fraction Bl/Bd

OXYGEN SIMULATION (M0=1.740, K=0.3372, q=946.10, r=2.15)
  1.0000E+02 % O2 concentration (=760.00 mmHg)
  1.6069E-04 chemical repair probability (pcr)
  9.9984E-01 O2 fixation probability (1-pcr)
  1.0002E+00 Approx. HRF for SSB induction [=1/(1-pcr)]
  1.0003E+00 Approx. HRF for DSB induction [1/(1-pcr)]^2

DMSO SIMULATION
  5.0000E-01 fraction of non-scavengeable DNA damage (fnsd)
  5.0000E-01 concentration (mol dm^-3) at half-level (chmx)
  0.0000E+00 DMSO concentration (mol dm^-3)

TABLE 1. Percent (%) cluster yields by complexity, as classified using the scheme of Nikjoo et al. (IJRB 71, 
467-483 1997 and and Radiat. Res. 156, 577-583 2001).
===================================================================================================================
    41.046     BD    - one or more Bd (no Sb)
    34.311     SSB   - Sb (no auxilary damage)
     8.875     SSB+  - two Sb on the same strand
     3.962     2SSB  - two or more Sb on opposite strands separated by at least 10 bp
     4.279     DSB   - two Sb on opposite strands with a separation <= 10 bp
     3.803     DSB+  - DSB accompanied by one (or more) additional Sb within 10 bp separation
     3.724     DSB++ - more than one DSB whether within the 10 bp separation or further apart
    27.227     SSBc  - fraction of complex damage (SSB+ and 2SSB) among SSBs
    85.210     SSBcb - fraction of complex damage (SSB+ and 2SSB) among SSBs; base damage included
    63.758     DSBc  - fraction of complex damage (DSB+ and DSB++) among DSBs
    95.973     DSBcb - fraction of complex damage (DSB+ and DSB++) among DSBs; base damage included
===================================================================================================================

TABLE 2. Number of clusters per cell (DNA=6.000 Gbp, AD=1.000 Gy).
===================================================================================================================
Number of --------- DSB ----------   --------- SSB ----------   -------- OTHER ---------   ----- ALL CLUSTERS -----
 lesions    Average        SEM         Average        SEM         Average        SEM         Average        SEM    
===================================================================================================================
   1          ---          ---       8.80000E+01  0.00000E+00   2.15000E+02  0.00000E+00   3.03000E+02  0.00000E+00
   2      6.00000E+00  0.00000E+00   1.13000E+02  0.00000E+00   1.28000E+02  0.00000E+00   2.47000E+02  0.00000E+00
   3      1.30000E+01  0.00000E+00   8.90000E+01  0.00000E+00   6.90000E+01  0.00000E+00   1.71000E+02  0.00000E+00
   4      1.70000E+01  0.00000E+00   6.00000E+01  0.00000E+00   4.60000E+01  0.00000E+00   1.23000E+02  0.00000E+00
   5      1.20000E+01  0.00000E+00   5.40000E+01  0.00000E+00   2.40000E+01  0.00000E+00   9.00000E+01  0.00000E+00
   6      2.60000E+01  0.00000E+00   4.70000E+01  0.00000E+00   1.90000E+01  0.00000E+00   9.20000E+01  0.00000E+00
   7      1.10000E+01  0.00000E+00   4.40000E+01  0.00000E+00   5.00000E+00  0.00000E+00   6.00000E+01  0.00000E+00
   8      1.10000E+01  0.00000E+00   3.00000E+01  0.00000E+00   6.00000E+00  0.00000E+00   4.70000E+01  0.00000E+00
   9      9.00000E+00  0.00000E+00   2.10000E+01  0.00000E+00   2.00000E+00  0.00000E+00   3.20000E+01  0.00000E+00
  10      6.00000E+00  0.00000E+00   1.70000E+01  0.00000E+00   2.00000E+00  0.00000E+00   2.50000E+01  0.00000E+00
  11      9.00000E+00  0.00000E+00   1.00000E+01  0.00000E+00       ---          ---       1.90000E+01  0.00000E+00
  12      8.00000E+00  0.00000E+00   6.00000E+00  0.00000E+00       ---          ---       1.40000E+01  0.00000E+00
  13      2.00000E+00  0.00000E+00   2.00000E+00  0.00000E+00       ---          ---       4.00000E+00  0.00000E+00
  14      3.00000E+00  0.00000E+00   2.00000E+00  0.00000E+00       ---          ---       5.00000E+00  0.00000E+00
  15      3.00000E+00  0.00000E+00       ---          ---       1.00000E+00  0.00000E+00   4.00000E+00  0.00000E+00
  16          ---          ---       5.00000E+00  0.00000E+00   1.00000E+00  0.00000E+00   6.00000E+00  0.00000E+00
  17      3.00000E+00  0.00000E+00   3.00000E+00  0.00000E+00       ---          ---       6.00000E+00  0.00000E+00
  18      1.00000E+00  0.00000E+00       ---          ---           ---          ---       1.00000E+00  0.00000E+00
  19      2.00000E+00  0.00000E+00   2.00000E+00  0.00000E+00       ---          ---       4.00000E+00  0.00000E+00
  20      2.00000E+00  0.00000E+00       ---          ---           ---          ---       2.00000E+00  0.00000E+00
  21      1.00000E+00  0.00000E+00   1.00000E+00  0.00000E+00       ---          ---       2.00000E+00  0.00000E+00
  22          ---          ---           ---          ---           ---          ---           ---          ---
  23      3.00000E+00  0.00000E+00       ---          ---           ---          ---       3.00000E+00  0.00000E+00
  24          ---          ---           ---          ---           ---          ---           ---          ---
  25          ---          ---       1.00000E+00  0.00000E+00       ---          ---       1.00000E+00  0.00000E+00
  26          ---          ---           ---          ---           ---          ---           ---          ---
  27          ---          ---           ---          ---           ---          ---           ---          ---
  28          ---          ---           ---          ---           ---          ---           ---          ---
  29          ---          ---           ---          ---           ---          ---           ---          ---
  30          ---          ---           ---          ---           ---          ---           ---          ---
  31          ---          ---           ---          ---           ---          ---           ---          ---
  32          ---          ---           ---          ---           ---          ---           ---          ---
  33          ---          ---           ---          ---           ---          ---           ---          ---
  34      1.00000E+00  0.00000E+00       ---          ---           ---          ---       1.00000E+00  0.00000E+00
  35          ---          ---           ---          ---           ---          ---           ---          ---
  36          ---          ---           ---          ---           ---          ---           ---          ---
  37          ---          ---           ---          ---           ---          ---           ---          ---
  38          ---          ---           ---          ---           ---          ---           ---          ---
  39          ---          ---           ---          ---           ---          ---           ---          ---
  40          ---          ---           ---          ---           ---          ---           ---          ---
  41          ---          ---           ---          ---           ---          ---           ---          ---
  42          ---          ---           ---          ---           ---          ---           ---          ---
  43          ---          ---           ---          ---           ---          ---           ---          ---
  44          ---          ---           ---          ---           ---          ---           ---          ---
  45          ---          ---           ---          ---           ---          ---           ---          ---
  46          ---          ---           ---          ---           ---          ---           ---          ---
  47          ---          ---           ---          ---           ---          ---           ---          ---
  48          ---          ---           ---          ---           ---          ---           ---          ---
  49          ---          ---           ---          ---           ---          ---           ---          ---
  50          ---          ---           ---          ---           ---          ---           ---          ---
 Total    1.49000E+02  0.00000E+00   5.95000E+02  0.00000E+00   5.18000E+02  0.00000E+00   1.26200E+03  0.00000E+00
-------------------------------------------------------------------------------------------------------------------
NOTE: The category "OTHER" includes all classes of individual and clustered DNA lesion, except for SSB and DSB.
SEM = standard error of the mean.

TABLE 3. Number of clusters per cell per track (DNA=6.000 Gbp, ZF=2.22804 Gy).
===================================================================================================================
Number of --------- DSB ----------   --------- SSB ----------   -------- OTHER ---------   ----- ALL CLUSTERS -----
 lesions    Average        SEM         Average        SEM         Average        SEM         Average        SEM    
===================================================================================================================
   1          ---          ---       1.96067E+02  0.00000E+00   4.79028E+02  0.00000E+00   6.75095E+02  0.00000E+00
   2      1.33682E+01  0.00000E+00   2.51768E+02  0.00000E+00   2.85188E+02  0.00000E+00   5.50325E+02  0.00000E+00
   3      2.89645E+01  0.00000E+00   1.98295E+02  0.00000E+00   1.53734E+02  0.00000E+00   3.80994E+02  0.00000E+00
   4      3.78766E+01  0.00000E+00   1.33682E+02  0.00000E+00   1.02490E+02  0.00000E+00   2.74048E+02  0.00000E+00
   5      2.67364E+01  0.00000E+00   1.20314E+02  0.00000E+00   5.34728E+01  0.00000E+00   2.00523E+02  0.00000E+00
   6      5.79289E+01  0.00000E+00   1.04718E+02  0.00000E+00   4.23327E+01  0.00000E+00   2.04979E+02  0.00000E+00
   7      2.45084E+01  0.00000E+00   9.80335E+01  0.00000E+00   1.11402E+01  0.00000E+00   1.33682E+02  0.00000E+00
   8      2.45084E+01  0.00000E+00   6.68411E+01  0.00000E+00   1.33682E+01  0.00000E+00   1.04718E+02  0.00000E+00
   9      2.00523E+01  0.00000E+00   4.67887E+01  0.00000E+00   4.45607E+00  0.00000E+00   7.12971E+01  0.00000E+00
  10      1.33682E+01  0.00000E+00   3.78766E+01  0.00000E+00   4.45607E+00  0.00000E+00   5.57009E+01  0.00000E+00
  11      2.00523E+01  0.00000E+00   2.22804E+01  0.00000E+00       ---          ---       4.23327E+01  0.00000E+00
  12      1.78243E+01  0.00000E+00   1.33682E+01  0.00000E+00       ---          ---       3.11925E+01  0.00000E+00
  13      4.45607E+00  0.00000E+00   4.45607E+00  0.00000E+00       ---          ---       8.91214E+00  0.00000E+00
  14      6.68411E+00  0.00000E+00   4.45607E+00  0.00000E+00       ---          ---       1.11402E+01  0.00000E+00
  15      6.68411E+00  0.00000E+00       ---          ---       2.22804E+00  0.00000E+00   8.91214E+00  0.00000E+00
  16          ---          ---       1.11402E+01  0.00000E+00   2.22804E+00  0.00000E+00   1.33682E+01  0.00000E+00
  17      6.68411E+00  0.00000E+00   6.68411E+00  0.00000E+00       ---          ---       1.33682E+01  0.00000E+00
  18      2.22804E+00  0.00000E+00       ---          ---           ---          ---       2.22804E+00  0.00000E+00
  19      4.45607E+00  0.00000E+00   4.45607E+00  0.00000E+00       ---          ---       8.91214E+00  0.00000E+00
  20      4.45607E+00  0.00000E+00       ---          ---           ---          ---       4.45607E+00  0.00000E+00
  21      2.22804E+00  0.00000E+00   2.22804E+00  0.00000E+00       ---          ---       4.45607E+00  0.00000E+00
  22          ---          ---           ---          ---           ---          ---           ---          ---
  23      6.68411E+00  0.00000E+00       ---          ---           ---          ---       6.68411E+00  0.00000E+00
  24          ---          ---           ---          ---           ---          ---           ---          ---
  25          ---          ---       2.22804E+00  0.00000E+00       ---          ---       2.22804E+00  0.00000E+00
  26          ---          ---           ---          ---           ---          ---           ---          ---
  27          ---          ---           ---          ---           ---          ---           ---          ---
  28          ---          ---           ---          ---           ---          ---           ---          ---
  29          ---          ---           ---          ---           ---          ---           ---          ---
  30          ---          ---           ---          ---           ---          ---           ---          ---
  31          ---          ---           ---          ---           ---          ---           ---          ---
  32          ---          ---           ---          ---           ---          ---           ---          ---
  33          ---          ---           ---          ---           ---          ---           ---          ---
  34      2.22804E+00  0.00000E+00       ---          ---           ---          ---       2.22804E+00  0.00000E+00
  35          ---          ---           ---          ---           ---          ---           ---          ---
  36          ---          ---           ---          ---           ---          ---           ---          ---
  37          ---          ---           ---          ---           ---          ---           ---          ---
  38          ---          ---           ---          ---           ---          ---           ---          ---
  39          ---          ---           ---          ---           ---          ---           ---          ---
  40          ---          ---           ---          ---           ---          ---           ---          ---
  41          ---          ---           ---          ---           ---          ---           ---          ---
  42          ---          ---           ---          ---           ---          ---           ---          ---
  43          ---          ---           ---          ---           ---          ---           ---          ---
  44          ---          ---           ---          ---           ---          ---           ---          ---
  45          ---          ---           ---          ---           ---          ---           ---          ---
  46          ---          ---           ---          ---           ---          ---           ---          ---
  47          ---          ---           ---          ---           ---          ---           ---          ---
  48          ---          ---           ---          ---           ---          ---           ---          ---
  49          ---          ---           ---          ---           ---          ---           ---          ---
  50          ---          ---           ---          ---           ---          ---           ---          ---
 Total    3.31977E+02  0.00000E+00   1.32568E+03  0.00000E+00   1.15412E+03  0.00000E+00   2.81178E+03  0.00000E+00
-------------------------------------------------------------------------------------------------------------------

TABLE 4. Cluster Length (in base pair)
===================================================================================================================
Number of --------- DSB ----------   --------- SSB ----------   -------- OTHER ---------   ----- ALL CLUSTERS -----
 lesions    Average        SEM         Average        SEM         Average        SEM         Average        SEM    
===================================================================================================================
   1          ---          ---       1.00000E+00  0.00000E+00   1.00000E+00  0.00000E+00   1.00000E+00  0.00000E+00
   2      3.33333E+00  0.00000E+00   4.92920E+00  0.00000E+00   4.67188E+00  0.00000E+00   4.75709E+00  0.00000E+00
   3      8.76923E+00  0.00000E+00   8.65169E+00  0.00000E+00   9.59420E+00  0.00000E+00   9.04094E+00  0.00000E+00
   4      1.20588E+01  0.00000E+00   1.31333E+01  0.00000E+00   1.17609E+01  0.00000E+00   1.24715E+01  0.00000E+00
   5      1.64167E+01  0.00000E+00   1.81481E+01  0.00000E+00   1.59583E+01  0.00000E+00   1.73333E+01  0.00000E+00
   6      1.85000E+01  0.00000E+00   1.89787E+01  0.00000E+00   1.83158E+01  0.00000E+00   1.87065E+01  0.00000E+00
   7      2.21818E+01  0.00000E+00   2.36591E+01  0.00000E+00   2.14000E+01  0.00000E+00   2.32000E+01  0.00000E+00
   8      2.96364E+01  0.00000E+00   2.70667E+01  0.00000E+00   2.76667E+01  0.00000E+00   2.77447E+01  0.00000E+00
   9      3.04444E+01  0.00000E+00   3.04286E+01  0.00000E+00   3.35000E+01  0.00000E+00   3.06250E+01  0.00000E+00
  10      3.26667E+01  0.00000E+00   3.62353E+01  0.00000E+00   3.55000E+01  0.00000E+00   3.53200E+01  0.00000E+00
  11      3.48889E+01  0.00000E+00   3.89000E+01  0.00000E+00       ---          ---       3.70000E+01  0.00000E+00
  12      3.83750E+01  0.00000E+00   4.71667E+01  0.00000E+00       ---          ---       4.21429E+01  0.00000E+00
  13      4.40000E+01  0.00000E+00   4.75000E+01  0.00000E+00       ---          ---       4.57500E+01  0.00000E+00
  14      5.63333E+01  0.00000E+00   5.35000E+01  0.00000E+00       ---          ---       5.52000E+01  0.00000E+00
  15      5.40000E+01  0.00000E+00       ---          ---       5.30000E+01  0.00000E+00   5.37500E+01  0.00000E+00
  16          ---          ---       6.42000E+01  0.00000E+00   4.00000E+01  0.00000E+00   6.01667E+01  0.00000E+00
  17      6.20000E+01  0.00000E+00   7.66667E+01  0.00000E+00       ---          ---       6.93333E+01  0.00000E+00
  18      5.60000E+01  0.00000E+00       ---          ---           ---          ---       5.60000E+01  0.00000E+00
  19      6.75000E+01  0.00000E+00   7.00000E+01  0.00000E+00       ---          ---       6.87500E+01  0.00000E+00
  20      7.05000E+01  0.00000E+00       ---          ---           ---          ---       7.05000E+01  0.00000E+00
  21      8.10000E+01  0.00000E+00   8.20000E+01  0.00000E+00       ---          ---       8.15000E+01  0.00000E+00
  22          ---          ---           ---          ---           ---          ---           ---          ---
  23      9.60000E+01  0.00000E+00       ---          ---           ---          ---       9.60000E+01  0.00000E+00
  24          ---          ---           ---          ---           ---          ---           ---          ---
  25          ---          ---       1.05000E+02  0.00000E+00       ---          ---       1.05000E+02  0.00000E+00
  26          ---          ---           ---          ---           ---          ---           ---          ---
  27          ---          ---           ---          ---           ---          ---           ---          ---
  28          ---          ---           ---          ---           ---          ---           ---          ---
  29          ---          ---           ---          ---           ---          ---           ---          ---
  30          ---          ---           ---          ---           ---          ---           ---          ---
  31          ---          ---           ---          ---           ---          ---           ---          ---
  32          ---          ---           ---          ---           ---          ---           ---          ---
  33          ---          ---           ---          ---           ---          ---           ---          ---
  34      1.08000E+02  0.00000E+00       ---          ---           ---          ---       1.08000E+02  0.00000E+00
  35          ---          ---           ---          ---           ---          ---           ---          ---
  36          ---          ---           ---          ---           ---          ---           ---          ---
  37          ---          ---           ---          ---           ---          ---           ---          ---
  38          ---          ---           ---          ---           ---          ---           ---          ---
  39          ---          ---           ---          ---           ---          ---           ---          ---
  40          ---          ---           ---          ---           ---          ---           ---          ---
  41          ---          ---           ---          ---           ---          ---           ---          ---
  42          ---          ---           ---          ---           ---          ---           ---          ---
  43          ---          ---           ---          ---           ---          ---           ---          ---
  44          ---          ---           ---          ---           ---          ---           ---          ---
  45          ---          ---           ---          ---           ---          ---           ---          ---
  46          ---          ---           ---          ---           ---          ---           ---          ---
  47          ---          ---           ---          ---           ---          ---           ---          ---
  48          ---          ---           ---          ---           ---          ---           ---          ---
  49          ---          ---           ---          ---           ---          ---           ---          ---
  50          ---          ---           ---          ---           ---          ---           ---          ---
Average   2.74631E+01  0.00000E+00   1.50168E+01  0.00000E+00   6.27606E+00  0.00000E+00   1.28986E+01  0.00000E+00
-------------------------------------------------------------------------------------------------------------------

TABLE 5. Density of lesions forming a cluster (in units of lesions per nucleotide).
===================================================================================================================
Number of --------- DSB ----------   --------- SSB ----------   -------- OTHER ---------   ----- ALL CLUSTERS -----
 lesions    Average        SEM         Average        SEM         Average        SEM         Average        SEM    
===================================================================================================================
   1          ---          ---       5.00000E-01  0.00000E+00   5.00000E-01  0.00000E+00   5.00000E-01  0.00000E+00
   2      3.33333E-01  0.00000E+00   2.73697E-01  0.00000E+00   3.29892E-01  0.00000E+00   3.04267E-01  0.00000E+00
   3      2.01011E-01  0.00000E+00   2.16776E-01  0.00000E+00   1.89029E-01  0.00000E+00   2.04381E-01  0.00000E+00
   4      1.85476E-01  0.00000E+00   1.77288E-01  0.00000E+00   1.93616E-01  0.00000E+00   1.84526E-01  0.00000E+00
   5      1.64478E-01  0.00000E+00   1.46305E-01  0.00000E+00   1.66944E-01  0.00000E+00   1.54232E-01  0.00000E+00
   6      1.81531E-01  0.00000E+00   1.76883E-01  0.00000E+00   1.76764E-01  0.00000E+00   1.78172E-01  0.00000E+00
   7      1.76435E-01  0.00000E+00   1.59262E-01  0.00000E+00   1.70259E-01  0.00000E+00   1.63327E-01  0.00000E+00
   8      1.37530E-01  0.00000E+00   1.55123E-01  0.00000E+00   1.46784E-01  0.00000E+00   1.49941E-01  0.00000E+00
   9      1.55801E-01  0.00000E+00   1.54515E-01  0.00000E+00   1.36797E-01  0.00000E+00   1.53769E-01  0.00000E+00
  10      1.59778E-01  0.00000E+00   1.47618E-01  0.00000E+00   1.47425E-01  0.00000E+00   1.50521E-01  0.00000E+00
  11      1.62193E-01  0.00000E+00   1.48353E-01  0.00000E+00       ---          ---       1.54908E-01  0.00000E+00
  12      1.67026E-01  0.00000E+00   1.29557E-01  0.00000E+00       ---          ---       1.50968E-01  0.00000E+00
  13      1.51563E-01  0.00000E+00   1.36979E-01  0.00000E+00       ---          ---       1.44271E-01  0.00000E+00
  14      1.37950E-01  0.00000E+00   1.31404E-01  0.00000E+00       ---          ---       1.35331E-01  0.00000E+00
  15      1.44467E-01  0.00000E+00       ---          ---       1.41509E-01  0.00000E+00   1.43728E-01  0.00000E+00
  16          ---          ---       1.26664E-01  0.00000E+00   2.00000E-01  0.00000E+00   1.38886E-01  0.00000E+00
  17      1.52439E-01  0.00000E+00   1.12542E-01  0.00000E+00       ---          ---       1.32491E-01  0.00000E+00
  18      1.60714E-01  0.00000E+00       ---          ---           ---          ---       1.60714E-01  0.00000E+00
  19      1.41120E-01  0.00000E+00   1.35825E-01  0.00000E+00       ---          ---       1.38473E-01  0.00000E+00
  20      1.45062E-01  0.00000E+00       ---          ---           ---          ---       1.45062E-01  0.00000E+00
  21      1.29630E-01  0.00000E+00   1.28049E-01  0.00000E+00       ---          ---       1.28839E-01  0.00000E+00
  22          ---          ---           ---          ---           ---          ---           ---          ---
  23      1.19800E-01  0.00000E+00       ---          ---           ---          ---       1.19800E-01  0.00000E+00
  24          ---          ---           ---          ---           ---          ---           ---          ---
  25          ---          ---       1.19048E-01  0.00000E+00       ---          ---       1.19048E-01  0.00000E+00
  26          ---          ---           ---          ---           ---          ---           ---          ---
  27          ---          ---           ---          ---           ---          ---           ---          ---
  28          ---          ---           ---          ---           ---          ---           ---          ---
  29          ---          ---           ---          ---           ---          ---           ---          ---
  30          ---          ---           ---          ---           ---          ---           ---          ---
  31          ---          ---           ---          ---           ---          ---           ---          ---
  32          ---          ---           ---          ---           ---          ---           ---          ---
  33          ---          ---           ---          ---           ---          ---           ---          ---
  34      1.57407E-01  0.00000E+00       ---          ---           ---          ---       1.57407E-01  0.00000E+00
  35          ---          ---           ---          ---           ---          ---           ---          ---
  36          ---          ---           ---          ---           ---          ---           ---          ---
  37          ---          ---           ---          ---           ---          ---           ---          ---
  38          ---          ---           ---          ---           ---          ---           ---          ---
  39          ---          ---           ---          ---           ---          ---           ---          ---
  40          ---          ---           ---          ---           ---          ---           ---          ---
  41          ---          ---           ---          ---           ---          ---           ---          ---
  42          ---          ---           ---          ---           ---          ---           ---          ---
  43          ---          ---           ---          ---           ---          ---           ---          ---
  44          ---          ---           ---          ---           ---          ---           ---          ---
  45          ---          ---           ---          ---           ---          ---           ---          ---
  46          ---          ---           ---          ---           ---          ---           ---          ---
  47          ---          ---           ---          ---           ---          ---           ---          ---
  48          ---          ---           ---          ---           ---          ---           ---          ---
  49          ---          ---           ---          ---           ---          ---           ---          ---
  50          ---          ---           ---          ---           ---          ---           ---          ---
Average   1.74882E-01  0.00000E+00   2.39958E-01  0.00000E+00   3.50739E-01  0.00000E+00   2.77746E-01  0.00000E+00
-------------------------------------------------------------------------------------------------------------------
NOTE: Lesion density computed as the number of lesions per cluster divided by twice the cluster length.

TABLE 6. Cluster composition (% Sb per cluster)
===================================================================================================================
Number of --------- DSB ----------   --------- SSB ----------   -------- OTHER ---------   ----- ALL CLUSTERS -----
 lesions    Average        SEM         Average        SEM         Average        SEM         Average        SEM    
===================================================================================================================
   1          ---          ---       1.00000E+02  0.00000E+00   0.00000E+00  0.00000E+00   2.90429E+01  0.00000E+00
   2      1.00000E+02  0.00000E+00   5.26549E+01  0.00000E+00   0.00000E+00  0.00000E+00   2.65182E+01  0.00000E+00
   3      7.43590E+01  0.00000E+00   4.19476E+01  0.00000E+00   0.00000E+00  0.00000E+00   2.74854E+01  0.00000E+00
   4      5.88235E+01  0.00000E+00   2.87500E+01  0.00000E+00   0.00000E+00  0.00000E+00   2.21545E+01  0.00000E+00
   5      4.50000E+01  0.00000E+00   2.66667E+01  0.00000E+00   0.00000E+00  0.00000E+00   2.20000E+01  0.00000E+00
   6      4.35897E+01  0.00000E+00   2.62411E+01  0.00000E+00   0.00000E+00  0.00000E+00   2.57246E+01  0.00000E+00
   7      4.41558E+01  0.00000E+00   2.27273E+01  0.00000E+00   0.00000E+00  0.00000E+00   2.47619E+01  0.00000E+00
   8      4.09091E+01  0.00000E+00   2.16667E+01  0.00000E+00   0.00000E+00  0.00000E+00   2.34043E+01  0.00000E+00
   9      3.82716E+01  0.00000E+00   2.01058E+01  0.00000E+00   0.00000E+00  0.00000E+00   2.39583E+01  0.00000E+00
  10      4.00000E+01  0.00000E+00   1.94118E+01  0.00000E+00   0.00000E+00  0.00000E+00   2.28000E+01  0.00000E+00
  11      4.44444E+01  0.00000E+00   1.81818E+01  0.00000E+00       ---          ---       3.06220E+01  0.00000E+00
  12      3.12500E+01  0.00000E+00   1.66667E+01  0.00000E+00       ---          ---       2.50000E+01  0.00000E+00
  13      3.84615E+01  0.00000E+00   3.07692E+01  0.00000E+00       ---          ---       3.46154E+01  0.00000E+00
  14      3.33333E+01  0.00000E+00   2.14286E+01  0.00000E+00       ---          ---       2.85714E+01  0.00000E+00
  15      2.88889E+01  0.00000E+00       ---          ---       0.00000E+00  0.00000E+00   2.16667E+01  0.00000E+00
  16          ---          ---       2.62500E+01  0.00000E+00   0.00000E+00  0.00000E+00   2.18750E+01  0.00000E+00
  17      3.13725E+01  0.00000E+00   1.37255E+01  0.00000E+00       ---          ---       2.25490E+01  0.00000E+00
  18      2.22222E+01  0.00000E+00       ---          ---           ---          ---       2.22222E+01  0.00000E+00
  19      2.63158E+01  0.00000E+00   1.05263E+01  0.00000E+00       ---          ---       1.84211E+01  0.00000E+00
  20      2.25000E+01  0.00000E+00       ---          ---           ---          ---       2.25000E+01  0.00000E+00
  21      2.85714E+01  0.00000E+00   2.38095E+01  0.00000E+00       ---          ---       2.61905E+01  0.00000E+00
  22          ---          ---           ---          ---           ---          ---           ---          ---
  23      2.31884E+01  0.00000E+00       ---          ---           ---          ---       2.31884E+01  0.00000E+00
  24          ---          ---           ---          ---           ---          ---           ---          ---
  25          ---          ---       2.80000E+01  0.00000E+00       ---          ---       2.80000E+01  0.00000E+00
  26          ---          ---           ---          ---           ---          ---           ---          ---
  27          ---          ---           ---          ---           ---          ---           ---          ---
  28          ---          ---           ---          ---           ---          ---           ---          ---
  29          ---          ---           ---          ---           ---          ---           ---          ---
  30          ---          ---           ---          ---           ---          ---           ---          ---
  31          ---          ---           ---          ---           ---          ---           ---          ---
  32          ---          ---           ---          ---           ---          ---           ---          ---
  33          ---          ---           ---          ---           ---          ---           ---          ---
  34      2.94118E+01  0.00000E+00       ---          ---           ---          ---       2.94118E+01  0.00000E+00
  35          ---          ---           ---          ---           ---          ---           ---          ---
  36          ---          ---           ---          ---           ---          ---           ---          ---
  37          ---          ---           ---          ---           ---          ---           ---          ---
  38          ---          ---           ---          ---           ---          ---           ---          ---
  39          ---          ---           ---          ---           ---          ---           ---          ---
  40          ---          ---           ---          ---           ---          ---           ---          ---
  41          ---          ---           ---          ---           ---          ---           ---          ---
  42          ---          ---           ---          ---           ---          ---           ---          ---
  43          ---          ---           ---          ---           ---          ---           ---          ---
  44          ---          ---           ---          ---           ---          ---           ---          ---
  45          ---          ---           ---          ---           ---          ---           ---          ---
  46          ---          ---           ---          ---           ---          ---           ---          ---
  47          ---          ---           ---          ---           ---          ---           ---          ---
  48          ---          ---           ---          ---           ---          ---           ---          ---
  49          ---          ---           ---          ---           ---          ---           ---          ---
  50          ---          ---           ---          ---           ---          ---           ---          ---
Average   4.70823E+01  0.00000E+00   4.35553E+01  0.00000E+00   0.00000E+00  0.00000E+00   2.60940E+01  0.00000E+00
-------------------------------------------------------------------------------------------------------------------
NOTES: (% Sb) is the percentage of lesions that are strand breaks. The number of Sb is [(% Sb)/100]*(# lesions).
The number of Bd is (1-(% Sb)/100)*(# lesions).
