===============================
MCDS Version 3.10A  05-DEC-2011
===============================
      0.004     running time (min)
  987654321     random number seed
          1     number of cells (nocs)
 0.0000E+00     water-equivalent material (WEM) thickness (mg/cm^2)
 1.0000E+00     Desired dose to the cell nucleus (Gy)
 6.0000E+00     DNA content (Gbp)

TARGET (cell) DEFINITION (4V/S = mean chord length)
========================================================
            DIAMETER     4V/S      Volume      Mass
               (um)      (um)      (um^3)      (ng)
--------------------------------------------------------
DNA            ---        ---     6.123E+00  6.123E-03
NUCLEUS     5.000E+00  3.333E+00  6.545E+01  6.545E-02
CYTOPLASM      ---        ---     -6.545E+01  -6.545E-02
CELL        0.000E+00  0.000E+00  0.000E+00  0.000E+00
========================================================
NOTE: In human DNA, 1 Gbp=0.979 ng (not including bound
H2O).  DNA volume computed using a density of 1 g/cm^3.

WARNING: volume of nucleus larger than the volume of the cell!

INCIDENT PARTICLE: 12C (mass = 1.20000E+01 u = 1.11749E+04 MeV/c^2)
  2.30000E+03 MeV >= 1.00000E-06 MeV
  1.91667E+02 MeV/A >= 8.33333E-08 MeV/A)
  7.52957E+03 MeV (p*c = momentum x speed of light)
  1.64684E-04 pm (de Broglie wavelength)
  1.20582E+00 = T/m0c2+1 (Lorentz factor) >= 1
  6.00000E+00 ABS(effective charge); Barkas 1963
  5.58786E-01 beta = (v/c) <= 1
  1.15295E+02 (zeff/beta)^2 <= 2.000E+05
  1.65120E+01 keV/um (total stopping power in H2O)
  1.65063E+01 keV/um ( 99.966% electronic)
  5.67356E-03 keV/um (  0.034% nuclear)
  8.11182E+00 CSDA range of particle (cm) in H2O

PARTICLE TRANSPORT - Beam of radiation incident on bottom of cell culture dish
(WEM=0.00 um, cell=0.00 um, nucleus=5.00 um; total distance traveled to
reach nucleus=-2.500 um of H2O).
==============================================================================
                                  ------- Cell --------  ------- Nucleus -----
                       Incident      Entry      Exit       Entry       Exit
==============================================================================
         KE (MeV)   2.3000E+03  2.3000E+03  2.3000E+03  2.3000E+03  2.3000E+03
    (Zeff/beta)^2   1.1530E+02  1.1530E+02  1.1530E+02  1.1530E+02  1.1530E+02
     LET (keV/um)   1.6512E+01  1.6512E+01  1.6512E+01  1.6512E+01  1.6512E+01
  Res. Range (um)   8.1118E+04  8.1118E+04  8.1118E+04  8.1118E+04  8.1116E+04
 DPUF1 (nGy-cm^2)   2.6452E+01  2.6452E+01  2.6452E+01  2.6452E+01  2.6452E+01
 DPUF2 (nGy-cm^2)      ---      NaN     ---      2.6452E+01     ---
       Edep (keV)      ---      NaN     ---      5.5040E+01     ---
      YF (keV/um)      ---      NaN     ---      1.6512E+01     ---
          ZF (Gy)      ---      NaN     ---      1.3472E-01     ---
==============================================================================
LET=(Stot-Srad); absorbed dose per unit fluence (DPUF1) = 1.602*LET/rho
Avg. absorbed dose within target (i.e., DPUF2) = 2.5*pi*d*d*zf
Edep = 0.1602*ZF*PI*d*d*d/6; yf = edep/lbar = 0.25*edep*{area}/{volume}

DAMAGE FORMATION AND CLUSTERING (normoxic conditions)
     111923     segment length, nseg (bp per cell per Gy)
       1300     number of strand breaks, sigSb (per cell per Gy)
       3900     number of base damages,  sigBd (per cell per Gy)
        3.0     base damage to strand break ratio, f
          9     minimum distance between clusters, Nmin (bp)
         10     maximum distance between two Sb to compose a DSB, Ndsb (bp)
        0.0     fraction Bl/Bd

OXYGEN SIMULATION (M0=1.740, K=0.3372, q=946.10, r=2.15)
  1.0000E+02 % O2 concentration (=760.00 mmHg)
  2.4542E-03 chemical repair probability (pcr)
  9.9755E-01 O2 fixation probability (1-pcr)
  1.0025E+00 Approx. HRF for SSB induction [=1/(1-pcr)]
  1.0049E+00 Approx. HRF for DSB induction [1/(1-pcr)]^2

DMSO SIMULATION
  5.0000E-01 fraction of non-scavengeable DNA damage (fnsd)
  5.0000E-01 concentration (mol dm^-3) at half-level (chmx)
  0.0000E+00 DMSO concentration (mol dm^-3)

TABLE 1. Percent (%) cluster yields by complexity, as classified using the scheme of Nikjoo et al. (IJRB 71, 
467-483 1997 and and Radiat. Res. 156, 577-583 2001).
===================================================================================================================
    66.364     BD    - one or more Bd (no Sb)
    28.861     SSB   - Sb (no auxilary damage)
     2.267     SSB+  - two Sb on the same strand
     0.302     2SSB  - two or more Sb on opposite strands separated by at least 10 bp
     1.662     DSB   - two Sb on opposite strands with a separation <= 10 bp
     0.423     DSB+  - DSB accompanied by one (or more) additional Sb within 10 bp separation
     0.121     DSB++ - more than one DSB whether within the 10 bp separation or further apart
     8.173     SSBc  - fraction of complex damage (SSB+ and 2SSB) among SSBs
    50.962     SSBcb - fraction of complex damage (SSB+ and 2SSB) among SSBs; base damage included
    24.658     DSBc  - fraction of complex damage (DSB+ and DSB++) among DSBs
    63.014     DSBcb - fraction of complex damage (DSB+ and DSB++) among DSBs; base damage included
===================================================================================================================

TABLE 2. Number of clusters per cell (DNA=6.000 Gbp, AD=1.000 Gy).
===================================================================================================================
Number of --------- DSB ----------   --------- SSB ----------   -------- OTHER ---------   ----- ALL CLUSTERS -----
 lesions    Average        SEM         Average        SEM         Average        SEM         Average        SEM    
===================================================================================================================
   1          ---          ---       5.10000E+02  0.00000E+00   1.59700E+03  0.00000E+00   2.10700E+03  0.00000E+00
   2      2.70000E+01  0.00000E+00   3.20000E+02  0.00000E+00   4.34000E+02  0.00000E+00   7.81000E+02  0.00000E+00
   3      1.40000E+01  0.00000E+00   1.25000E+02  0.00000E+00   1.17000E+02  0.00000E+00   2.56000E+02  0.00000E+00
   4      1.40000E+01  0.00000E+00   5.80000E+01  0.00000E+00   3.70000E+01  0.00000E+00   1.09000E+02  0.00000E+00
   5      1.10000E+01  0.00000E+00   1.70000E+01  0.00000E+00   8.00000E+00  0.00000E+00   3.60000E+01  0.00000E+00
   6      5.00000E+00  0.00000E+00   2.00000E+00  0.00000E+00   2.00000E+00  0.00000E+00   9.00000E+00  0.00000E+00
   7      1.00000E+00  0.00000E+00   7.00000E+00  0.00000E+00   1.00000E+00  0.00000E+00   9.00000E+00  0.00000E+00
   8      1.00000E+00  0.00000E+00       ---          ---           ---          ---       1.00000E+00  0.00000E+00
   9          ---          ---       1.00000E+00  0.00000E+00       ---          ---       1.00000E+00  0.00000E+00
  10          ---          ---           ---          ---           ---          ---           ---          ---
  11          ---          ---           ---          ---           ---          ---           ---          ---
  12          ---          ---           ---          ---           ---          ---           ---          ---
  13          ---          ---           ---          ---           ---          ---           ---          ---
  14          ---          ---           ---          ---           ---          ---           ---          ---
  15          ---          ---           ---          ---           ---          ---           ---          ---
  16          ---          ---           ---          ---           ---          ---           ---          ---
  17          ---          ---           ---          ---           ---          ---           ---          ---
  18          ---          ---           ---          ---           ---          ---           ---          ---
  19          ---          ---           ---          ---           ---          ---           ---          ---
  20          ---          ---           ---          ---           ---          ---           ---          ---
  21          ---          ---           ---          ---           ---          ---           ---          ---
  22          ---          ---           ---          ---           ---          ---           ---          ---
  23          ---          ---           ---          ---           ---          ---           ---          ---
  24          ---          ---           ---          ---           ---          ---           ---          ---
  25          ---          ---           ---          ---           ---          ---           ---          ---
  26          ---          ---           ---          ---           ---          ---           ---          ---
  27          ---          ---           ---          ---           ---          ---           ---          ---
  28          ---          ---           ---          ---           ---          ---           ---          ---
  29          ---          ---           ---          ---           ---          ---           ---          ---
  30          ---          ---           ---          ---           ---          ---           ---          ---
  31          ---          ---           ---          ---           ---          ---           ---          ---
  32          ---          ---           ---          ---           ---          ---           ---          ---
  33          ---          ---           ---          ---           ---          ---           ---          ---
  34          ---          ---           ---          ---           ---          ---           ---          ---
  35          ---          ---           ---          ---           ---          ---           ---          ---
  36          ---          ---           ---          ---           ---          ---           ---          ---
  37          ---          ---           ---          ---           ---          ---           ---          ---
  38          ---          ---           ---          ---           ---          ---           ---          ---
  39          ---          ---           ---          ---           ---          ---           ---          ---
  40          ---          ---           ---          ---           ---          ---           ---          ---
  41          ---          ---           ---          ---           ---          ---           ---          ---
  42          ---          ---           ---          ---           ---          ---           ---          ---
  43          ---          ---           ---          ---           ---          ---           ---          ---
  44          ---          ---           ---          ---           ---          ---           ---          ---
  45          ---          ---           ---          ---           ---          ---           ---          ---
  46          ---          ---           ---          ---           ---          ---           ---          ---
  47          ---          ---           ---          ---           ---          ---           ---          ---
  48          ---          ---           ---          ---           ---          ---           ---          ---
  49          ---          ---           ---          ---           ---          ---           ---          ---
  50          ---          ---           ---          ---           ---          ---           ---          ---
 Total    7.30000E+01  0.00000E+00   1.04000E+03  0.00000E+00   2.19600E+03  0.00000E+00   3.30900E+03  0.00000E+00
-------------------------------------------------------------------------------------------------------------------
NOTE: The category "OTHER" includes all classes of individual and clustered DNA lesion, except for SSB and DSB.
SEM = standard error of the mean.

TABLE 3. Number of clusters per cell per track (DNA=6.000 Gbp, ZF=0.13472 Gy).
===================================================================================================================
Number of --------- DSB ----------   --------- SSB ----------   -------- OTHER ---------   ----- ALL CLUSTERS -----
 lesions    Average        SEM         Average        SEM         Average        SEM         Average        SEM    
===================================================================================================================
   1          ---          ---       6.87076E+01  0.00000E+00   2.15149E+02  0.00000E+00   2.83857E+02  0.00000E+00
   2      3.63746E+00  0.00000E+00   4.31107E+01  0.00000E+00   5.84689E+01  0.00000E+00   1.05217E+02  0.00000E+00
   3      1.88609E+00  0.00000E+00   1.68401E+01  0.00000E+00   1.57623E+01  0.00000E+00   3.44885E+01  0.00000E+00
   4      1.88609E+00  0.00000E+00   7.81381E+00  0.00000E+00   4.98467E+00  0.00000E+00   1.46846E+01  0.00000E+00
   5      1.48193E+00  0.00000E+00   2.29025E+00  0.00000E+00   1.07777E+00  0.00000E+00   4.84995E+00  0.00000E+00
   6      6.73604E-01  0.00000E+00   2.69442E-01  0.00000E+00   2.69442E-01  0.00000E+00   1.21249E+00  0.00000E+00
   7      1.34721E-01  0.00000E+00   9.43046E-01  0.00000E+00   1.34721E-01  0.00000E+00   1.21249E+00  0.00000E+00
   8      1.34721E-01  0.00000E+00       ---          ---           ---          ---       1.34721E-01  0.00000E+00
   9          ---          ---       1.34721E-01  0.00000E+00       ---          ---       1.34721E-01  0.00000E+00
  10          ---          ---           ---          ---           ---          ---           ---          ---
  11          ---          ---           ---          ---           ---          ---           ---          ---
  12          ---          ---           ---          ---           ---          ---           ---          ---
  13          ---          ---           ---          ---           ---          ---           ---          ---
  14          ---          ---           ---          ---           ---          ---           ---          ---
  15          ---          ---           ---          ---           ---          ---           ---          ---
  16          ---          ---           ---          ---           ---          ---           ---          ---
  17          ---          ---           ---          ---           ---          ---           ---          ---
  18          ---          ---           ---          ---           ---          ---           ---          ---
  19          ---          ---           ---          ---           ---          ---           ---          ---
  20          ---          ---           ---          ---           ---          ---           ---          ---
  21          ---          ---           ---          ---           ---          ---           ---          ---
  22          ---          ---           ---          ---           ---          ---           ---          ---
  23          ---          ---           ---          ---           ---          ---           ---          ---
  24          ---          ---           ---          ---           ---          ---           ---          ---
  25          ---          ---           ---          ---           ---          ---           ---          ---
  26          ---          ---           ---          ---           ---          ---           ---          ---
  27          ---          ---           ---          ---           ---          ---           ---          ---
  28          ---          ---           ---          ---           ---          ---           ---          ---
  29          ---          ---           ---          ---           ---          ---           ---          ---
  30          ---          ---           ---          ---           ---          ---           ---          ---
  31          ---          ---           ---          ---           ---          ---           ---          ---
  32          ---          ---           ---          ---           ---          ---           ---          ---
  33          ---          ---           ---          ---           ---          ---           ---          ---
  34          ---          ---           ---          ---           ---          ---           ---          ---
  35          ---          ---           ---          ---           ---          ---           ---          ---
  36          ---          ---           ---          ---           ---          ---           ---          ---
  37          ---          ---           ---          ---           ---          ---           ---          ---
  38          ---          ---           ---          ---           ---          ---           ---          ---
  39          ---          ---           ---          ---           ---          ---           ---          ---
  40          ---          ---           ---          ---           ---          ---           ---          ---
  41          ---          ---           ---          ---           ---          ---           ---          ---
  42          ---          ---           ---          ---           ---          ---           ---          ---
  43          ---          ---           ---          ---           ---          ---           ---          ---
  44          ---          ---           ---          ---           ---          ---           ---          ---
  45          ---          ---           ---          ---           ---          ---           ---          ---
  46          ---          ---           ---          ---           ---          ---           ---          ---
  47          ---          ---           ---          ---           ---          ---           ---          ---
  48          ---          ---           ---          ---           ---          ---           ---          ---
  49          ---          ---           ---          ---           ---          ---           ---          ---
  50          ---          ---           ---          ---           ---          ---           ---          ---
 Total    9.83462E+00  0.00000E+00   1.40110E+02  0.00000E+00   2.95847E+02  0.00000E+00   4.45791E+02  0.00000E+00
-------------------------------------------------------------------------------------------------------------------

TABLE 4. Cluster Length (in base pair)
===================================================================================================================
Number of --------- DSB ----------   --------- SSB ----------   -------- OTHER ---------   ----- ALL CLUSTERS -----
 lesions    Average        SEM         Average        SEM         Average        SEM         Average        SEM    
===================================================================================================================
   1          ---          ---       1.00000E+00  0.00000E+00   1.00000E+00  0.00000E+00   1.00000E+00  0.00000E+00
   2      5.07407E+00  0.00000E+00   5.53437E+00  0.00000E+00   5.44931E+00  0.00000E+00   5.47119E+00  0.00000E+00
   3      8.64286E+00  0.00000E+00   1.06160E+01  0.00000E+00   1.05641E+01  0.00000E+00   1.04844E+01  0.00000E+00
   4      1.24286E+01  0.00000E+00   1.58448E+01  0.00000E+00   1.39730E+01  0.00000E+00   1.47706E+01  0.00000E+00
   5      1.80000E+01  0.00000E+00   1.98824E+01  0.00000E+00   1.77500E+01  0.00000E+00   1.88333E+01  0.00000E+00
   6      2.38000E+01  0.00000E+00   1.50000E+01  0.00000E+00   2.60000E+01  0.00000E+00   2.23333E+01  0.00000E+00
   7      3.10000E+01  0.00000E+00   2.65714E+01  0.00000E+00   2.10000E+01  0.00000E+00   2.64444E+01  0.00000E+00
   8      2.50000E+01  0.00000E+00       ---          ---           ---          ---       2.50000E+01  0.00000E+00
   9          ---          ---       2.60000E+01  0.00000E+00       ---          ---       2.60000E+01  0.00000E+00
  10          ---          ---           ---          ---           ---          ---           ---          ---
  11          ---          ---           ---          ---           ---          ---           ---          ---
  12          ---          ---           ---          ---           ---          ---           ---          ---
  13          ---          ---           ---          ---           ---          ---           ---          ---
  14          ---          ---           ---          ---           ---          ---           ---          ---
  15          ---          ---           ---          ---           ---          ---           ---          ---
  16          ---          ---           ---          ---           ---          ---           ---          ---
  17          ---          ---           ---          ---           ---          ---           ---          ---
  18          ---          ---           ---          ---           ---          ---           ---          ---
  19          ---          ---           ---          ---           ---          ---           ---          ---
  20          ---          ---           ---          ---           ---          ---           ---          ---
  21          ---          ---           ---          ---           ---          ---           ---          ---
  22          ---          ---           ---          ---           ---          ---           ---          ---
  23          ---          ---           ---          ---           ---          ---           ---          ---
  24          ---          ---           ---          ---           ---          ---           ---          ---
  25          ---          ---           ---          ---           ---          ---           ---          ---
  26          ---          ---           ---          ---           ---          ---           ---          ---
  27          ---          ---           ---          ---           ---          ---           ---          ---
  28          ---          ---           ---          ---           ---          ---           ---          ---
  29          ---          ---           ---          ---           ---          ---           ---          ---
  30          ---          ---           ---          ---           ---          ---           ---          ---
  31          ---          ---           ---          ---           ---          ---           ---          ---
  32          ---          ---           ---          ---           ---          ---           ---          ---
  33          ---          ---           ---          ---           ---          ---           ---          ---
  34          ---          ---           ---          ---           ---          ---           ---          ---
  35          ---          ---           ---          ---           ---          ---           ---          ---
  36          ---          ---           ---          ---           ---          ---           ---          ---
  37          ---          ---           ---          ---           ---          ---           ---          ---
  38          ---          ---           ---          ---           ---          ---           ---          ---
  39          ---          ---           ---          ---           ---          ---           ---          ---
  40          ---          ---           ---          ---           ---          ---           ---          ---
  41          ---          ---           ---          ---           ---          ---           ---          ---
  42          ---          ---           ---          ---           ---          ---           ---          ---
  43          ---          ---           ---          ---           ---          ---           ---          ---
  44          ---          ---           ---          ---           ---          ---           ---          ---
  45          ---          ---           ---          ---           ---          ---           ---          ---
  46          ---          ---           ---          ---           ---          ---           ---          ---
  47          ---          ---           ---          ---           ---          ---           ---          ---
  48          ---          ---           ---          ---           ---          ---           ---          ---
  49          ---          ---           ---          ---           ---          ---           ---          ---
  50          ---          ---           ---          ---           ---          ---           ---          ---
Average   1.10274E+01  0.00000E+00   4.91058E+00  0.00000E+00   2.70036E+00  0.00000E+00   3.57872E+00  0.00000E+00
-------------------------------------------------------------------------------------------------------------------

TABLE 5. Density of lesions forming a cluster (in units of lesions per nucleotide).
===================================================================================================================
Number of --------- DSB ----------   --------- SSB ----------   -------- OTHER ---------   ----- ALL CLUSTERS -----
 lesions    Average        SEM         Average        SEM         Average        SEM         Average        SEM    
===================================================================================================================
   1          ---          ---       5.00000E-01  0.00000E+00   5.00000E-01  0.00000E+00   5.00000E-01  0.00000E+00
   2      2.72501E-01  0.00000E+00   2.47001E-01  0.00000E+00   2.63707E-01  0.00000E+00   2.57166E-01  0.00000E+00
   3      2.41400E-01  0.00000E+00   1.66935E-01  0.00000E+00   1.64489E-01  0.00000E+00   1.69890E-01  0.00000E+00
   4      1.92590E-01  0.00000E+00   1.36776E-01  0.00000E+00   1.58159E-01  0.00000E+00   1.51203E-01  0.00000E+00
   5      1.61046E-01  0.00000E+00   1.36686E-01  0.00000E+00   1.53309E-01  0.00000E+00   1.47823E-01  0.00000E+00
   6      1.37622E-01  0.00000E+00   2.03620E-01  0.00000E+00   1.24402E-01  0.00000E+00   1.49351E-01  0.00000E+00
   7      1.12903E-01  0.00000E+00   1.37011E-01  0.00000E+00   1.66667E-01  0.00000E+00   1.37627E-01  0.00000E+00
   8      1.60000E-01  0.00000E+00       ---          ---           ---          ---       1.60000E-01  0.00000E+00
   9          ---          ---       1.73077E-01  0.00000E+00       ---          ---       1.73077E-01  0.00000E+00
  10          ---          ---           ---          ---           ---          ---           ---          ---
  11          ---          ---           ---          ---           ---          ---           ---          ---
  12          ---          ---           ---          ---           ---          ---           ---          ---
  13          ---          ---           ---          ---           ---          ---           ---          ---
  14          ---          ---           ---          ---           ---          ---           ---          ---
  15          ---          ---           ---          ---           ---          ---           ---          ---
  16          ---          ---           ---          ---           ---          ---           ---          ---
  17          ---          ---           ---          ---           ---          ---           ---          ---
  18          ---          ---           ---          ---           ---          ---           ---          ---
  19          ---          ---           ---          ---           ---          ---           ---          ---
  20          ---          ---           ---          ---           ---          ---           ---          ---
  21          ---          ---           ---          ---           ---          ---           ---          ---
  22          ---          ---           ---          ---           ---          ---           ---          ---
  23          ---          ---           ---          ---           ---          ---           ---          ---
  24          ---          ---           ---          ---           ---          ---           ---          ---
  25          ---          ---           ---          ---           ---          ---           ---          ---
  26          ---          ---           ---          ---           ---          ---           ---          ---
  27          ---          ---           ---          ---           ---          ---           ---          ---
  28          ---          ---           ---          ---           ---          ---           ---          ---
  29          ---          ---           ---          ---           ---          ---           ---          ---
  30          ---          ---           ---          ---           ---          ---           ---          ---
  31          ---          ---           ---          ---           ---          ---           ---          ---
  32          ---          ---           ---          ---           ---          ---           ---          ---
  33          ---          ---           ---          ---           ---          ---           ---          ---
  34          ---          ---           ---          ---           ---          ---           ---          ---
  35          ---          ---           ---          ---           ---          ---           ---          ---
  36          ---          ---           ---          ---           ---          ---           ---          ---
  37          ---          ---           ---          ---           ---          ---           ---          ---
  38          ---          ---           ---          ---           ---          ---           ---          ---
  39          ---          ---           ---          ---           ---          ---           ---          ---
  40          ---          ---           ---          ---           ---          ---           ---          ---
  41          ---          ---           ---          ---           ---          ---           ---          ---
  42          ---          ---           ---          ---           ---          ---           ---          ---
  43          ---          ---           ---          ---           ---          ---           ---          ---
  44          ---          ---           ---          ---           ---          ---           ---          ---
  45          ---          ---           ---          ---           ---          ---           ---          ---
  46          ---          ---           ---          ---           ---          ---           ---          ---
  47          ---          ---           ---          ---           ---          ---           ---          ---
  48          ---          ---           ---          ---           ---          ---           ---          ---
  49          ---          ---           ---          ---           ---          ---           ---          ---
  50          ---          ---           ---          ---           ---          ---           ---          ---
Average   2.21451E-01  0.00000E+00   3.52599E-01  0.00000E+00   4.27909E-01  0.00000E+00   3.99685E-01  0.00000E+00
-------------------------------------------------------------------------------------------------------------------
NOTE: Lesion density computed as the number of lesions per cluster divided by twice the cluster length.

TABLE 6. Cluster composition (% Sb per cluster)
===================================================================================================================
Number of --------- DSB ----------   --------- SSB ----------   -------- OTHER ---------   ----- ALL CLUSTERS -----
 lesions    Average        SEM         Average        SEM         Average        SEM         Average        SEM    
===================================================================================================================
   1          ---          ---       1.00000E+02  0.00000E+00   0.00000E+00  0.00000E+00   2.42050E+01  0.00000E+00
   2      1.00000E+02  0.00000E+00   5.46875E+01  0.00000E+00   0.00000E+00  0.00000E+00   2.58643E+01  0.00000E+00
   3      7.14286E+01  0.00000E+00   3.97333E+01  0.00000E+00   0.00000E+00  0.00000E+00   2.33073E+01  0.00000E+00
   4      6.25000E+01  0.00000E+00   3.40517E+01  0.00000E+00   0.00000E+00  0.00000E+00   2.61468E+01  0.00000E+00
   5      5.63636E+01  0.00000E+00   2.94118E+01  0.00000E+00   0.00000E+00  0.00000E+00   3.11111E+01  0.00000E+00
   6      3.66667E+01  0.00000E+00   2.50000E+01  0.00000E+00   0.00000E+00  0.00000E+00   2.59259E+01  0.00000E+00
   7      4.28571E+01  0.00000E+00   2.04082E+01  0.00000E+00   0.00000E+00  0.00000E+00   2.06349E+01  0.00000E+00
   8      6.25000E+01  0.00000E+00       ---          ---           ---          ---       6.25000E+01  0.00000E+00
   9          ---          ---       2.22222E+01  0.00000E+00       ---          ---       2.22222E+01  0.00000E+00
  10          ---          ---           ---          ---           ---          ---           ---          ---
  11          ---          ---           ---          ---           ---          ---           ---          ---
  12          ---          ---           ---          ---           ---          ---           ---          ---
  13          ---          ---           ---          ---           ---          ---           ---          ---
  14          ---          ---           ---          ---           ---          ---           ---          ---
  15          ---          ---           ---          ---           ---          ---           ---          ---
  16          ---          ---           ---          ---           ---          ---           ---          ---
  17          ---          ---           ---          ---           ---          ---           ---          ---
  18          ---          ---           ---          ---           ---          ---           ---          ---
  19          ---          ---           ---          ---           ---          ---           ---          ---
  20          ---          ---           ---          ---           ---          ---           ---          ---
  21          ---          ---           ---          ---           ---          ---           ---          ---
  22          ---          ---           ---          ---           ---          ---           ---          ---
  23          ---          ---           ---          ---           ---          ---           ---          ---
  24          ---          ---           ---          ---           ---          ---           ---          ---
  25          ---          ---           ---          ---           ---          ---           ---          ---
  26          ---          ---           ---          ---           ---          ---           ---          ---
  27          ---          ---           ---          ---           ---          ---           ---          ---
  28          ---          ---           ---          ---           ---          ---           ---          ---
  29          ---          ---           ---          ---           ---          ---           ---          ---
  30          ---          ---           ---          ---           ---          ---           ---          ---
  31          ---          ---           ---          ---           ---          ---           ---          ---
  32          ---          ---           ---          ---           ---          ---           ---          ---
  33          ---          ---           ---          ---           ---          ---           ---          ---
  34          ---          ---           ---          ---           ---          ---           ---          ---
  35          ---          ---           ---          ---           ---          ---           ---          ---
  36          ---          ---           ---          ---           ---          ---           ---          ---
  37          ---          ---           ---          ---           ---          ---           ---          ---
  38          ---          ---           ---          ---           ---          ---           ---          ---
  39          ---          ---           ---          ---           ---          ---           ---          ---
  40          ---          ---           ---          ---           ---          ---           ---          ---
  41          ---          ---           ---          ---           ---          ---           ---          ---
  42          ---          ---           ---          ---           ---          ---           ---          ---
  43          ---          ---           ---          ---           ---          ---           ---          ---
  44          ---          ---           ---          ---           ---          ---           ---          ---
  45          ---          ---           ---          ---           ---          ---           ---          ---
  46          ---          ---           ---          ---           ---          ---           ---          ---
  47          ---          ---           ---          ---           ---          ---           ---          ---
  48          ---          ---           ---          ---           ---          ---           ---          ---
  49          ---          ---           ---          ---           ---          ---           ---          ---
  50          ---          ---           ---          ---           ---          ---           ---          ---
Average   7.51190E+01  0.00000E+00   7.32276E+01  0.00000E+00   0.00000E+00  0.00000E+00   2.46722E+01  0.00000E+00
-------------------------------------------------------------------------------------------------------------------
NOTES: (% Sb) is the percentage of lesions that are strand breaks. The number of Sb is [(% Sb)/100]*(# lesions).
The number of Bd is (1-(% Sb)/100)*(# lesions).
