===============================
MCDS Version 3.10A  05-DEC-2011
===============================
      0.004     running time (min)
  987654321     random number seed
          1     number of cells (nocs)
 0.0000E+00     water-equivalent material (WEM) thickness (mg/cm^2)
 1.0000E+00     Desired dose to the cell nucleus (Gy)
 6.0000E+00     DNA content (Gbp)

TARGET (cell) DEFINITION (4V/S = mean chord length)
========================================================
            DIAMETER     4V/S      Volume      Mass
               (um)      (um)      (um^3)      (ng)
--------------------------------------------------------
DNA            ---        ---     6.123E+00  6.123E-03
NUCLEUS     5.000E+00  3.333E+00  6.545E+01  6.545E-02
CYTOPLASM      ---        ---     -6.545E+01  -6.545E-02
CELL        0.000E+00  0.000E+00  0.000E+00  0.000E+00
========================================================
NOTE: In human DNA, 1 Gbp=0.979 ng (not including bound
H2O).  DNA volume computed using a density of 1 g/cm^3.

WARNING: volume of nucleus larger than the volume of the cell!

INCIDENT PARTICLE: 12C (mass = 1.20000E+01 u = 1.11749E+04 MeV/c^2)
  5.70000E+03 MeV >= 1.00000E-06 MeV
  4.75000E+02 MeV/A >= 8.33333E-08 MeV/A)
  1.26445E+04 MeV (p*c = momentum x speed of light)
  9.80663E-05 pm (de Broglie wavelength)
  1.51007E+00 = T/m0c2+1 (Lorentz factor) >= 1
  6.00000E+00 ABS(effective charge); Barkas 1963
  7.49310E-01 beta = (v/c) <= 1
  6.41179E+01 (zeff/beta)^2 <= 2.000E+05
  9.96840E+00 keV/um (total stopping power in H2O)
  9.96602E+00 keV/um ( 99.976% electronic)
  2.37457E-03 keV/um (  0.024% nuclear)
  3.63294E+01 CSDA range of particle (cm) in H2O

PARTICLE TRANSPORT - Beam of radiation incident on bottom of cell culture dish
(WEM=0.00 um, cell=0.00 um, nucleus=5.00 um; total distance traveled to
reach nucleus=-2.500 um of H2O).
==============================================================================
                                  ------- Cell --------  ------- Nucleus -----
                       Incident      Entry      Exit       Entry       Exit
==============================================================================
         KE (MeV)   5.7000E+03  5.7000E+03  5.7000E+03  5.7000E+03  5.7000E+03
    (Zeff/beta)^2   6.4118E+01  6.4118E+01  6.4118E+01  6.4118E+01  6.4118E+01
     LET (keV/um)   9.9684E+00  9.9684E+00  9.9684E+00  9.9684E+00  9.9684E+00
  Res. Range (um)   3.6329E+05  3.6329E+05  3.6329E+05  3.6329E+05  3.6329E+05
 DPUF1 (nGy-cm^2)   1.5969E+01  1.5969E+01  1.5969E+01  1.5969E+01  1.5969E+01
 DPUF2 (nGy-cm^2)      ---      NaN     ---      1.5969E+01     ---
       Edep (keV)      ---      NaN     ---      3.3228E+01     ---
      YF (keV/um)      ---      NaN     ---      9.9684E+00     ---
          ZF (Gy)      ---      NaN     ---      8.1331E-02     ---
==============================================================================
LET=(Stot-Srad); absorbed dose per unit fluence (DPUF1) = 1.602*LET/rho
Avg. absorbed dose within target (i.e., DPUF2) = 2.5*pi*d*d*zf
Edep = 0.1602*ZF*PI*d*d*d/6; yf = edep/lbar = 0.25*edep*{area}/{volume}

DAMAGE FORMATION AND CLUSTERING (normoxic conditions)
     125265     segment length, nseg (bp per cell per Gy)
       1300     number of strand breaks, sigSb (per cell per Gy)
       3900     number of base damages,  sigBd (per cell per Gy)
        3.0     base damage to strand break ratio, f
          9     minimum distance between clusters, Nmin (bp)
         10     maximum distance between two Sb to compose a DSB, Ndsb (bp)
        0.0     fraction Bl/Bd

OXYGEN SIMULATION (M0=1.740, K=0.3372, q=946.10, r=2.15)
  1.0000E+02 % O2 concentration (=760.00 mmHg)
  2.4732E-03 chemical repair probability (pcr)
  9.9753E-01 O2 fixation probability (1-pcr)
  1.0025E+00 Approx. HRF for SSB induction [=1/(1-pcr)]
  1.0050E+00 Approx. HRF for DSB induction [1/(1-pcr)]^2

DMSO SIMULATION
  5.0000E-01 fraction of non-scavengeable DNA damage (fnsd)
  5.0000E-01 concentration (mol dm^-3) at half-level (chmx)
  0.0000E+00 DMSO concentration (mol dm^-3)

TABLE 1. Percent (%) cluster yields by complexity, as classified using the scheme of Nikjoo et al. (IJRB 71, 
467-483 1997 and and Radiat. Res. 156, 577-583 2001).
===================================================================================================================
    67.260     BD    - one or more Bd (no Sb)
    28.895     SSB   - Sb (no auxilary damage)
     1.521     SSB+  - two Sb on the same strand
     0.316     2SSB  - two or more Sb on opposite strands separated by at least 10 bp
     1.578     DSB   - two Sb on opposite strands with a separation <= 10 bp
     0.373     DSB+  - DSB accompanied by one (or more) additional Sb within 10 bp separation
     0.057     DSB++ - more than one DSB whether within the 10 bp separation or further apart
     5.976     SSBc  - fraction of complex damage (SSB+ and 2SSB) among SSBs
    47.339     SSBcb - fraction of complex damage (SSB+ and 2SSB) among SSBs; base damage included
    21.429     DSBc  - fraction of complex damage (DSB+ and DSB++) among DSBs
    57.143     DSBcb - fraction of complex damage (DSB+ and DSB++) among DSBs; base damage included
===================================================================================================================

TABLE 2. Number of clusters per cell (DNA=6.000 Gbp, AD=1.000 Gy).
===================================================================================================================
Number of --------- DSB ----------   --------- SSB ----------   -------- OTHER ---------   ----- ALL CLUSTERS -----
 lesions    Average        SEM         Average        SEM         Average        SEM         Average        SEM    
===================================================================================================================
   1          ---          ---       5.64000E+02  0.00000E+00   1.77700E+03  0.00000E+00   2.34100E+03  0.00000E+00
   2      3.00000E+01  0.00000E+00   3.14000E+02  0.00000E+00   4.32000E+02  0.00000E+00   7.76000E+02  0.00000E+00
   3      2.40000E+01  0.00000E+00   1.20000E+02  0.00000E+00   9.50000E+01  0.00000E+00   2.39000E+02  0.00000E+00
   4      7.00000E+00  0.00000E+00   4.90000E+01  0.00000E+00   2.90000E+01  0.00000E+00   8.50000E+01  0.00000E+00
   5      7.00000E+00  0.00000E+00   1.70000E+01  0.00000E+00   6.00000E+00  0.00000E+00   3.00000E+01  0.00000E+00
   6      1.00000E+00  0.00000E+00   7.00000E+00  0.00000E+00   4.00000E+00  0.00000E+00   1.20000E+01  0.00000E+00
   7          ---          ---           ---          ---       1.00000E+00  0.00000E+00   1.00000E+00  0.00000E+00
   8      1.00000E+00  0.00000E+00       ---          ---           ---          ---       1.00000E+00  0.00000E+00
   9          ---          ---           ---          ---           ---          ---           ---          ---
  10          ---          ---           ---          ---           ---          ---           ---          ---
  11          ---          ---           ---          ---           ---          ---           ---          ---
  12          ---          ---           ---          ---           ---          ---           ---          ---
  13          ---          ---           ---          ---           ---          ---           ---          ---
  14          ---          ---           ---          ---           ---          ---           ---          ---
  15          ---          ---           ---          ---           ---          ---           ---          ---
  16          ---          ---           ---          ---           ---          ---           ---          ---
  17          ---          ---           ---          ---           ---          ---           ---          ---
  18          ---          ---           ---          ---           ---          ---           ---          ---
  19          ---          ---           ---          ---           ---          ---           ---          ---
  20          ---          ---           ---          ---           ---          ---           ---          ---
  21          ---          ---           ---          ---           ---          ---           ---          ---
  22          ---          ---           ---          ---           ---          ---           ---          ---
  23          ---          ---           ---          ---           ---          ---           ---          ---
  24          ---          ---           ---          ---           ---          ---           ---          ---
  25          ---          ---           ---          ---           ---          ---           ---          ---
  26          ---          ---           ---          ---           ---          ---           ---          ---
  27          ---          ---           ---          ---           ---          ---           ---          ---
  28          ---          ---           ---          ---           ---          ---           ---          ---
  29          ---          ---           ---          ---           ---          ---           ---          ---
  30          ---          ---           ---          ---           ---          ---           ---          ---
  31          ---          ---           ---          ---           ---          ---           ---          ---
  32          ---          ---           ---          ---           ---          ---           ---          ---
  33          ---          ---           ---          ---           ---          ---           ---          ---
  34          ---          ---           ---          ---           ---          ---           ---          ---
  35          ---          ---           ---          ---           ---          ---           ---          ---
  36          ---          ---           ---          ---           ---          ---           ---          ---
  37          ---          ---           ---          ---           ---          ---           ---          ---
  38          ---          ---           ---          ---           ---          ---           ---          ---
  39          ---          ---           ---          ---           ---          ---           ---          ---
  40          ---          ---           ---          ---           ---          ---           ---          ---
  41          ---          ---           ---          ---           ---          ---           ---          ---
  42          ---          ---           ---          ---           ---          ---           ---          ---
  43          ---          ---           ---          ---           ---          ---           ---          ---
  44          ---          ---           ---          ---           ---          ---           ---          ---
  45          ---          ---           ---          ---           ---          ---           ---          ---
  46          ---          ---           ---          ---           ---          ---           ---          ---
  47          ---          ---           ---          ---           ---          ---           ---          ---
  48          ---          ---           ---          ---           ---          ---           ---          ---
  49          ---          ---           ---          ---           ---          ---           ---          ---
  50          ---          ---           ---          ---           ---          ---           ---          ---
 Total    7.00000E+01  0.00000E+00   1.07100E+03  0.00000E+00   2.34400E+03  0.00000E+00   3.48500E+03  0.00000E+00
-------------------------------------------------------------------------------------------------------------------
NOTE: The category "OTHER" includes all classes of individual and clustered DNA lesion, except for SSB and DSB.
SEM = standard error of the mean.

TABLE 3. Number of clusters per cell per track (DNA=6.000 Gbp, ZF=0.08133 Gy).
===================================================================================================================
Number of --------- DSB ----------   --------- SSB ----------   -------- OTHER ---------   ----- ALL CLUSTERS -----
 lesions    Average        SEM         Average        SEM         Average        SEM         Average        SEM    
===================================================================================================================
   1          ---          ---       4.58709E+01  0.00000E+00   1.44526E+02  0.00000E+00   1.90397E+02  0.00000E+00
   2      2.43994E+00  0.00000E+00   2.55381E+01  0.00000E+00   3.51352E+01  0.00000E+00   6.31132E+01  0.00000E+00
   3      1.95196E+00  0.00000E+00   9.75978E+00  0.00000E+00   7.72649E+00  0.00000E+00   1.94382E+01  0.00000E+00
   4      5.69320E-01  0.00000E+00   3.98524E+00  0.00000E+00   2.35861E+00  0.00000E+00   6.91318E+00  0.00000E+00
   5      5.69320E-01  0.00000E+00   1.38264E+00  0.00000E+00   4.87989E-01  0.00000E+00   2.43994E+00  0.00000E+00
   6      8.13315E-02  0.00000E+00   5.69320E-01  0.00000E+00   3.25326E-01  0.00000E+00   9.75978E-01  0.00000E+00
   7          ---          ---           ---          ---       8.13315E-02  0.00000E+00   8.13315E-02  0.00000E+00
   8      8.13315E-02  0.00000E+00       ---          ---           ---          ---       8.13315E-02  0.00000E+00
   9          ---          ---           ---          ---           ---          ---           ---          ---
  10          ---          ---           ---          ---           ---          ---           ---          ---
  11          ---          ---           ---          ---           ---          ---           ---          ---
  12          ---          ---           ---          ---           ---          ---           ---          ---
  13          ---          ---           ---          ---           ---          ---           ---          ---
  14          ---          ---           ---          ---           ---          ---           ---          ---
  15          ---          ---           ---          ---           ---          ---           ---          ---
  16          ---          ---           ---          ---           ---          ---           ---          ---
  17          ---          ---           ---          ---           ---          ---           ---          ---
  18          ---          ---           ---          ---           ---          ---           ---          ---
  19          ---          ---           ---          ---           ---          ---           ---          ---
  20          ---          ---           ---          ---           ---          ---           ---          ---
  21          ---          ---           ---          ---           ---          ---           ---          ---
  22          ---          ---           ---          ---           ---          ---           ---          ---
  23          ---          ---           ---          ---           ---          ---           ---          ---
  24          ---          ---           ---          ---           ---          ---           ---          ---
  25          ---          ---           ---          ---           ---          ---           ---          ---
  26          ---          ---           ---          ---           ---          ---           ---          ---
  27          ---          ---           ---          ---           ---          ---           ---          ---
  28          ---          ---           ---          ---           ---          ---           ---          ---
  29          ---          ---           ---          ---           ---          ---           ---          ---
  30          ---          ---           ---          ---           ---          ---           ---          ---
  31          ---          ---           ---          ---           ---          ---           ---          ---
  32          ---          ---           ---          ---           ---          ---           ---          ---
  33          ---          ---           ---          ---           ---          ---           ---          ---
  34          ---          ---           ---          ---           ---          ---           ---          ---
  35          ---          ---           ---          ---           ---          ---           ---          ---
  36          ---          ---           ---          ---           ---          ---           ---          ---
  37          ---          ---           ---          ---           ---          ---           ---          ---
  38          ---          ---           ---          ---           ---          ---           ---          ---
  39          ---          ---           ---          ---           ---          ---           ---          ---
  40          ---          ---           ---          ---           ---          ---           ---          ---
  41          ---          ---           ---          ---           ---          ---           ---          ---
  42          ---          ---           ---          ---           ---          ---           ---          ---
  43          ---          ---           ---          ---           ---          ---           ---          ---
  44          ---          ---           ---          ---           ---          ---           ---          ---
  45          ---          ---           ---          ---           ---          ---           ---          ---
  46          ---          ---           ---          ---           ---          ---           ---          ---
  47          ---          ---           ---          ---           ---          ---           ---          ---
  48          ---          ---           ---          ---           ---          ---           ---          ---
  49          ---          ---           ---          ---           ---          ---           ---          ---
  50          ---          ---           ---          ---           ---          ---           ---          ---
 Total    5.69320E+00  0.00000E+00   8.71060E+01  0.00000E+00   1.90641E+02  0.00000E+00   2.83440E+02  0.00000E+00
-------------------------------------------------------------------------------------------------------------------

TABLE 4. Cluster Length (in base pair)
===================================================================================================================
Number of --------- DSB ----------   --------- SSB ----------   -------- OTHER ---------   ----- ALL CLUSTERS -----
 lesions    Average        SEM         Average        SEM         Average        SEM         Average        SEM    
===================================================================================================================
   1          ---          ---       1.00000E+00  0.00000E+00   1.00000E+00  0.00000E+00   1.00000E+00  0.00000E+00
   2      5.26667E+00  0.00000E+00   5.59554E+00  0.00000E+00   5.55787E+00  0.00000E+00   5.56186E+00  0.00000E+00
   3      8.33333E+00  0.00000E+00   1.08167E+01  0.00000E+00   9.72632E+00  0.00000E+00   1.01339E+01  0.00000E+00
   4      1.51429E+01  0.00000E+00   1.53673E+01  0.00000E+00   1.45172E+01  0.00000E+00   1.50588E+01  0.00000E+00
   5      2.01429E+01  0.00000E+00   2.08824E+01  0.00000E+00   1.60000E+01  0.00000E+00   1.97333E+01  0.00000E+00
   6      2.60000E+01  0.00000E+00   2.47143E+01  0.00000E+00   2.40000E+01  0.00000E+00   2.45833E+01  0.00000E+00
   7          ---          ---           ---          ---       2.80000E+01  0.00000E+00   2.80000E+01  0.00000E+00
   8      3.20000E+01  0.00000E+00       ---          ---           ---          ---       3.20000E+01  0.00000E+00
   9          ---          ---           ---          ---           ---          ---           ---          ---
  10          ---          ---           ---          ---           ---          ---           ---          ---
  11          ---          ---           ---          ---           ---          ---           ---          ---
  12          ---          ---           ---          ---           ---          ---           ---          ---
  13          ---          ---           ---          ---           ---          ---           ---          ---
  14          ---          ---           ---          ---           ---          ---           ---          ---
  15          ---          ---           ---          ---           ---          ---           ---          ---
  16          ---          ---           ---          ---           ---          ---           ---          ---
  17          ---          ---           ---          ---           ---          ---           ---          ---
  18          ---          ---           ---          ---           ---          ---           ---          ---
  19          ---          ---           ---          ---           ---          ---           ---          ---
  20          ---          ---           ---          ---           ---          ---           ---          ---
  21          ---          ---           ---          ---           ---          ---           ---          ---
  22          ---          ---           ---          ---           ---          ---           ---          ---
  23          ---          ---           ---          ---           ---          ---           ---          ---
  24          ---          ---           ---          ---           ---          ---           ---          ---
  25          ---          ---           ---          ---           ---          ---           ---          ---
  26          ---          ---           ---          ---           ---          ---           ---          ---
  27          ---          ---           ---          ---           ---          ---           ---          ---
  28          ---          ---           ---          ---           ---          ---           ---          ---
  29          ---          ---           ---          ---           ---          ---           ---          ---
  30          ---          ---           ---          ---           ---          ---           ---          ---
  31          ---          ---           ---          ---           ---          ---           ---          ---
  32          ---          ---           ---          ---           ---          ---           ---          ---
  33          ---          ---           ---          ---           ---          ---           ---          ---
  34          ---          ---           ---          ---           ---          ---           ---          ---
  35          ---          ---           ---          ---           ---          ---           ---          ---
  36          ---          ---           ---          ---           ---          ---           ---          ---
  37          ---          ---           ---          ---           ---          ---           ---          ---
  38          ---          ---           ---          ---           ---          ---           ---          ---
  39          ---          ---           ---          ---           ---          ---           ---          ---
  40          ---          ---           ---          ---           ---          ---           ---          ---
  41          ---          ---           ---          ---           ---          ---           ---          ---
  42          ---          ---           ---          ---           ---          ---           ---          ---
  43          ---          ---           ---          ---           ---          ---           ---          ---
  44          ---          ---           ---          ---           ---          ---           ---          ---
  45          ---          ---           ---          ---           ---          ---           ---          ---
  46          ---          ---           ---          ---           ---          ---           ---          ---
  47          ---          ---           ---          ---           ---          ---           ---          ---
  48          ---          ---           ---          ---           ---          ---           ---          ---
  49          ---          ---           ---          ---           ---          ---           ---          ---
  50          ---          ---           ---          ---           ---          ---           ---          ---
Average   9.47143E+00  0.00000E+00   4.57516E+00  0.00000E+00   2.45009E+00  0.00000E+00   3.24419E+00  0.00000E+00
-------------------------------------------------------------------------------------------------------------------

TABLE 5. Density of lesions forming a cluster (in units of lesions per nucleotide).
===================================================================================================================
Number of --------- DSB ----------   --------- SSB ----------   -------- OTHER ---------   ----- ALL CLUSTERS -----
 lesions    Average        SEM         Average        SEM         Average        SEM         Average        SEM    
===================================================================================================================
   1          ---          ---       5.00000E-01  0.00000E+00   5.00000E-01  0.00000E+00   5.00000E-01  0.00000E+00
   2      3.04894E-01  0.00000E+00   2.40373E-01  0.00000E+00   2.55617E-01  0.00000E+00   2.51354E-01  0.00000E+00
   3      2.07624E-01  0.00000E+00   1.66714E-01  0.00000E+00   1.76164E-01  0.00000E+00   1.74578E-01  0.00000E+00
   4      1.34730E-01  0.00000E+00   1.45285E-01  0.00000E+00   1.57249E-01  0.00000E+00   1.48497E-01  0.00000E+00
   5      1.34464E-01  0.00000E+00   1.27091E-01  0.00000E+00   1.74179E-01  0.00000E+00   1.38229E-01  0.00000E+00
   6      1.15385E-01  0.00000E+00   1.23866E-01  0.00000E+00   1.26346E-01  0.00000E+00   1.23986E-01  0.00000E+00
   7          ---          ---           ---          ---       1.25000E-01  0.00000E+00   1.25000E-01  0.00000E+00
   8      1.25000E-01  0.00000E+00       ---          ---           ---          ---       1.25000E-01  0.00000E+00
   9          ---          ---           ---          ---           ---          ---           ---          ---
  10          ---          ---           ---          ---           ---          ---           ---          ---
  11          ---          ---           ---          ---           ---          ---           ---          ---
  12          ---          ---           ---          ---           ---          ---           ---          ---
  13          ---          ---           ---          ---           ---          ---           ---          ---
  14          ---          ---           ---          ---           ---          ---           ---          ---
  15          ---          ---           ---          ---           ---          ---           ---          ---
  16          ---          ---           ---          ---           ---          ---           ---          ---
  17          ---          ---           ---          ---           ---          ---           ---          ---
  18          ---          ---           ---          ---           ---          ---           ---          ---
  19          ---          ---           ---          ---           ---          ---           ---          ---
  20          ---          ---           ---          ---           ---          ---           ---          ---
  21          ---          ---           ---          ---           ---          ---           ---          ---
  22          ---          ---           ---          ---           ---          ---           ---          ---
  23          ---          ---           ---          ---           ---          ---           ---          ---
  24          ---          ---           ---          ---           ---          ---           ---          ---
  25          ---          ---           ---          ---           ---          ---           ---          ---
  26          ---          ---           ---          ---           ---          ---           ---          ---
  27          ---          ---           ---          ---           ---          ---           ---          ---
  28          ---          ---           ---          ---           ---          ---           ---          ---
  29          ---          ---           ---          ---           ---          ---           ---          ---
  30          ---          ---           ---          ---           ---          ---           ---          ---
  31          ---          ---           ---          ---           ---          ---           ---          ---
  32          ---          ---           ---          ---           ---          ---           ---          ---
  33          ---          ---           ---          ---           ---          ---           ---          ---
  34          ---          ---           ---          ---           ---          ---           ---          ---
  35          ---          ---           ---          ---           ---          ---           ---          ---
  36          ---          ---           ---          ---           ---          ---           ---          ---
  37          ---          ---           ---          ---           ---          ---           ---          ---
  38          ---          ---           ---          ---           ---          ---           ---          ---
  39          ---          ---           ---          ---           ---          ---           ---          ---
  40          ---          ---           ---          ---           ---          ---           ---          ---
  41          ---          ---           ---          ---           ---          ---           ---          ---
  42          ---          ---           ---          ---           ---          ---           ---          ---
  43          ---          ---           ---          ---           ---          ---           ---          ---
  44          ---          ---           ---          ---           ---          ---           ---          ---
  45          ---          ---           ---          ---           ---          ---           ---          ---
  46          ---          ---           ---          ---           ---          ---           ---          ---
  47          ---          ---           ---          ---           ---          ---           ---          ---
  48          ---          ---           ---          ---           ---          ---           ---          ---
  49          ---          ---           ---          ---           ---          ---           ---          ---
  50          ---          ---           ---          ---           ---          ---           ---          ---
Average   2.32208E-01  0.00000E+00   3.61932E-01  0.00000E+00   4.35963E-01  0.00000E+00   4.09120E-01  0.00000E+00
-------------------------------------------------------------------------------------------------------------------
NOTE: Lesion density computed as the number of lesions per cluster divided by twice the cluster length.

TABLE 6. Cluster composition (% Sb per cluster)
===================================================================================================================
Number of --------- DSB ----------   --------- SSB ----------   -------- OTHER ---------   ----- ALL CLUSTERS -----
 lesions    Average        SEM         Average        SEM         Average        SEM         Average        SEM    
===================================================================================================================
   1          ---          ---       1.00000E+02  0.00000E+00   0.00000E+00  0.00000E+00   2.40923E+01  0.00000E+00
   2      1.00000E+02  0.00000E+00   5.39809E+01  0.00000E+00   0.00000E+00  0.00000E+00   2.57088E+01  0.00000E+00
   3      7.36111E+01  0.00000E+00   3.80556E+01  0.00000E+00   0.00000E+00  0.00000E+00   2.64993E+01  0.00000E+00
   4      6.42857E+01  0.00000E+00   3.26531E+01  0.00000E+00   0.00000E+00  0.00000E+00   2.41176E+01  0.00000E+00
   5      5.71429E+01  0.00000E+00   2.70588E+01  0.00000E+00   0.00000E+00  0.00000E+00   2.86667E+01  0.00000E+00
   6      5.00000E+01  0.00000E+00   3.09524E+01  0.00000E+00   0.00000E+00  0.00000E+00   2.22222E+01  0.00000E+00
   7          ---          ---           ---          ---       0.00000E+00  0.00000E+00   0.00000E+00  0.00000E+00
   8      3.75000E+01  0.00000E+00       ---          ---           ---          ---       3.75000E+01  0.00000E+00
   9          ---          ---           ---          ---           ---          ---           ---          ---
  10          ---          ---           ---          ---           ---          ---           ---          ---
  11          ---          ---           ---          ---           ---          ---           ---          ---
  12          ---          ---           ---          ---           ---          ---           ---          ---
  13          ---          ---           ---          ---           ---          ---           ---          ---
  14          ---          ---           ---          ---           ---          ---           ---          ---
  15          ---          ---           ---          ---           ---          ---           ---          ---
  16          ---          ---           ---          ---           ---          ---           ---          ---
  17          ---          ---           ---          ---           ---          ---           ---          ---
  18          ---          ---           ---          ---           ---          ---           ---          ---
  19          ---          ---           ---          ---           ---          ---           ---          ---
  20          ---          ---           ---          ---           ---          ---           ---          ---
  21          ---          ---           ---          ---           ---          ---           ---          ---
  22          ---          ---           ---          ---           ---          ---           ---          ---
  23          ---          ---           ---          ---           ---          ---           ---          ---
  24          ---          ---           ---          ---           ---          ---           ---          ---
  25          ---          ---           ---          ---           ---          ---           ---          ---
  26          ---          ---           ---          ---           ---          ---           ---          ---
  27          ---          ---           ---          ---           ---          ---           ---          ---
  28          ---          ---           ---          ---           ---          ---           ---          ---
  29          ---          ---           ---          ---           ---          ---           ---          ---
  30          ---          ---           ---          ---           ---          ---           ---          ---
  31          ---          ---           ---          ---           ---          ---           ---          ---
  32          ---          ---           ---          ---           ---          ---           ---          ---
  33          ---          ---           ---          ---           ---          ---           ---          ---
  34          ---          ---           ---          ---           ---          ---           ---          ---
  35          ---          ---           ---          ---           ---          ---           ---          ---
  36          ---          ---           ---          ---           ---          ---           ---          ---
  37          ---          ---           ---          ---           ---          ---           ---          ---
  38          ---          ---           ---          ---           ---          ---           ---          ---
  39          ---          ---           ---          ---           ---          ---           ---          ---
  40          ---          ---           ---          ---           ---          ---           ---          ---
  41          ---          ---           ---          ---           ---          ---           ---          ---
  42          ---          ---           ---          ---           ---          ---           ---          ---
  43          ---          ---           ---          ---           ---          ---           ---          ---
  44          ---          ---           ---          ---           ---          ---           ---          ---
  45          ---          ---           ---          ---           ---          ---           ---          ---
  46          ---          ---           ---          ---           ---          ---           ---          ---
  47          ---          ---           ---          ---           ---          ---           ---          ---
  48          ---          ---           ---          ---           ---          ---           ---          ---
  49          ---          ---           ---          ---           ---          ---           ---          ---
  50          ---          ---           ---          ---           ---          ---           ---          ---
Average   8.14881E+01  0.00000E+00   7.48771E+01  0.00000E+00   0.00000E+00  0.00000E+00   2.46478E+01  0.00000E+00
-------------------------------------------------------------------------------------------------------------------
NOTES: (% Sb) is the percentage of lesions that are strand breaks. The number of Sb is [(% Sb)/100]*(# lesions).
The number of Bd is (1-(% Sb)/100)*(# lesions).
