===============================
MCDS Version 3.10A  05-DEC-2011
===============================
      0.005     running time (min)
  987654321     random number seed
          1     number of cells (nocs)
 0.0000E+00     water-equivalent material (WEM) thickness (mg/cm^2)
 1.0000E+00     Desired dose to the cell nucleus (Gy)
 6.0000E+00     DNA content (Gbp)

TARGET (cell) DEFINITION (4V/S = mean chord length)
========================================================
            DIAMETER     4V/S      Volume      Mass
               (um)      (um)      (um^3)      (ng)
--------------------------------------------------------
DNA            ---        ---     6.123E+00  6.123E-03
NUCLEUS     5.000E+00  3.333E+00  6.545E+01  6.545E-02
CYTOPLASM      ---        ---     -6.545E+01  -6.545E-02
CELL        0.000E+00  0.000E+00  0.000E+00  0.000E+00
========================================================
NOTE: In human DNA, 1 Gbp=0.979 ng (not including bound
H2O).  DNA volume computed using a density of 1 g/cm^3.

WARNING: volume of nucleus larger than the volume of the cell!

INCIDENT PARTICLE: 12C (mass = 1.20000E+01 u = 1.11749E+04 MeV/c^2)
  3.00000E+03 MeV >= 1.00000E-06 MeV
  2.50000E+02 MeV/A >= 8.33333E-08 MeV/A)
  8.72062E+03 MeV (p*c = momentum x speed of light)
  1.42192E-04 pm (de Broglie wavelength)
  1.26846E+00 = T/m0c2+1 (Lorentz factor) >= 1
  6.00000E+00 ABS(effective charge); Barkas 1963
  6.15217E-01 beta = (v/c) <= 1
  9.51143E+01 (zeff/beta)^2 <= 2.000E+05
  1.39815E+01 keV/um (total stopping power in H2O)
  1.39771E+01 keV/um ( 99.969% electronic)
  4.37758E-03 keV/um (  0.031% nuclear)
  1.27463E+01 CSDA range of particle (cm) in H2O

PARTICLE TRANSPORT - Beam of radiation incident on bottom of cell culture dish
(WEM=0.00 um, cell=0.00 um, nucleus=5.00 um; total distance traveled to
reach nucleus=-2.500 um of H2O).
==============================================================================
                                  ------- Cell --------  ------- Nucleus -----
                       Incident      Entry      Exit       Entry       Exit
==============================================================================
         KE (MeV)   3.0000E+03  3.0000E+03  3.0000E+03  3.0000E+03  3.0000E+03
    (Zeff/beta)^2   9.5114E+01  9.5114E+01  9.5114E+01  9.5114E+01  9.5115E+01
     LET (keV/um)   1.3982E+01  1.3982E+01  1.3982E+01  1.3982E+01  1.3982E+01
  Res. Range (um)   1.2746E+05  1.2746E+05  1.2746E+05  1.2746E+05  1.2746E+05
 DPUF1 (nGy-cm^2)   2.2398E+01  2.2398E+01  2.2398E+01  2.2398E+01  2.2399E+01
 DPUF2 (nGy-cm^2)      ---      NaN     ---      2.2398E+01     ---
       Edep (keV)      ---      NaN     ---      4.6605E+01     ---
      YF (keV/um)      ---      NaN     ---      1.3982E+01     ---
          ZF (Gy)      ---      NaN     ---      1.1407E-01     ---
==============================================================================
LET=(Stot-Srad); absorbed dose per unit fluence (DPUF1) = 1.602*LET/rho
Avg. absorbed dose within target (i.e., DPUF2) = 2.5*pi*d*d*zf
Edep = 0.1602*ZF*PI*d*d*d/6; yf = edep/lbar = 0.25*edep*{area}/{volume}

DAMAGE FORMATION AND CLUSTERING (normoxic conditions)
     116734     segment length, nseg (bp per cell per Gy)
       1300     number of strand breaks, sigSb (per cell per Gy)
       3900     number of base damages,  sigBd (per cell per Gy)
        3.0     base damage to strand break ratio, f
          9     minimum distance between clusters, Nmin (bp)
         10     maximum distance between two Sb to compose a DSB, Ndsb (bp)
        0.0     fraction Bl/Bd

OXYGEN SIMULATION (M0=1.740, K=0.3372, q=946.10, r=2.15)
  1.0000E+02 % O2 concentration (=760.00 mmHg)
  2.4631E-03 chemical repair probability (pcr)
  9.9754E-01 O2 fixation probability (1-pcr)
  1.0025E+00 Approx. HRF for SSB induction [=1/(1-pcr)]
  1.0049E+00 Approx. HRF for DSB induction [1/(1-pcr)]^2

DMSO SIMULATION
  5.0000E-01 fraction of non-scavengeable DNA damage (fnsd)
  5.0000E-01 concentration (mol dm^-3) at half-level (chmx)
  0.0000E+00 DMSO concentration (mol dm^-3)

TABLE 1. Percent (%) cluster yields by complexity, as classified using the scheme of Nikjoo et al. (IJRB 71, 
467-483 1997 and and Radiat. Res. 156, 577-583 2001).
===================================================================================================================
    66.195     BD    - one or more Bd (no Sb)
    30.000     SSB   - Sb (no auxilary damage)
     1.858     SSB+  - two Sb on the same strand
     0.383     2SSB  - two or more Sb on opposite strands separated by at least 10 bp
     1.121     DSB   - two Sb on opposite strands with a separation <= 10 bp
     0.354     DSB+  - DSB accompanied by one (or more) additional Sb within 10 bp separation
     0.088     DSB++ - more than one DSB whether within the 10 bp separation or further apart
     6.953     SSBc  - fraction of complex damage (SSB+ and 2SSB) among SSBs
    48.124     SSBcb - fraction of complex damage (SSB+ and 2SSB) among SSBs; base damage included
    28.302     DSBc  - fraction of complex damage (DSB+ and DSB++) among DSBs
    69.811     DSBcb - fraction of complex damage (DSB+ and DSB++) among DSBs; base damage included
===================================================================================================================

TABLE 2. Number of clusters per cell (DNA=6.000 Gbp, AD=1.000 Gy).
===================================================================================================================
Number of --------- DSB ----------   --------- SSB ----------   -------- OTHER ---------   ----- ALL CLUSTERS -----
 lesions    Average        SEM         Average        SEM         Average        SEM         Average        SEM    
===================================================================================================================
   1          ---          ---       5.67000E+02  0.00000E+00   1.66000E+03  0.00000E+00   2.22700E+03  0.00000E+00
   2      1.60000E+01  0.00000E+00   3.13000E+02  0.00000E+00   4.18000E+02  0.00000E+00   7.47000E+02  0.00000E+00
   3      1.60000E+01  0.00000E+00   1.32000E+02  0.00000E+00   1.22000E+02  0.00000E+00   2.70000E+02  0.00000E+00
   4      8.00000E+00  0.00000E+00   5.80000E+01  0.00000E+00   2.80000E+01  0.00000E+00   9.40000E+01  0.00000E+00
   5      6.00000E+00  0.00000E+00   2.00000E+01  0.00000E+00   1.50000E+01  0.00000E+00   4.10000E+01  0.00000E+00
   6      2.00000E+00  0.00000E+00   2.00000E+00  0.00000E+00       ---          ---       4.00000E+00  0.00000E+00
   7      4.00000E+00  0.00000E+00   1.00000E+00  0.00000E+00       ---          ---       5.00000E+00  0.00000E+00
   8      1.00000E+00  0.00000E+00       ---          ---       1.00000E+00  0.00000E+00   2.00000E+00  0.00000E+00
   9          ---          ---           ---          ---           ---          ---           ---          ---
  10          ---          ---           ---          ---           ---          ---           ---          ---
  11          ---          ---           ---          ---           ---          ---           ---          ---
  12          ---          ---           ---          ---           ---          ---           ---          ---
  13          ---          ---           ---          ---           ---          ---           ---          ---
  14          ---          ---           ---          ---           ---          ---           ---          ---
  15          ---          ---           ---          ---           ---          ---           ---          ---
  16          ---          ---           ---          ---           ---          ---           ---          ---
  17          ---          ---           ---          ---           ---          ---           ---          ---
  18          ---          ---           ---          ---           ---          ---           ---          ---
  19          ---          ---           ---          ---           ---          ---           ---          ---
  20          ---          ---           ---          ---           ---          ---           ---          ---
  21          ---          ---           ---          ---           ---          ---           ---          ---
  22          ---          ---           ---          ---           ---          ---           ---          ---
  23          ---          ---           ---          ---           ---          ---           ---          ---
  24          ---          ---           ---          ---           ---          ---           ---          ---
  25          ---          ---           ---          ---           ---          ---           ---          ---
  26          ---          ---           ---          ---           ---          ---           ---          ---
  27          ---          ---           ---          ---           ---          ---           ---          ---
  28          ---          ---           ---          ---           ---          ---           ---          ---
  29          ---          ---           ---          ---           ---          ---           ---          ---
  30          ---          ---           ---          ---           ---          ---           ---          ---
  31          ---          ---           ---          ---           ---          ---           ---          ---
  32          ---          ---           ---          ---           ---          ---           ---          ---
  33          ---          ---           ---          ---           ---          ---           ---          ---
  34          ---          ---           ---          ---           ---          ---           ---          ---
  35          ---          ---           ---          ---           ---          ---           ---          ---
  36          ---          ---           ---          ---           ---          ---           ---          ---
  37          ---          ---           ---          ---           ---          ---           ---          ---
  38          ---          ---           ---          ---           ---          ---           ---          ---
  39          ---          ---           ---          ---           ---          ---           ---          ---
  40          ---          ---           ---          ---           ---          ---           ---          ---
  41          ---          ---           ---          ---           ---          ---           ---          ---
  42          ---          ---           ---          ---           ---          ---           ---          ---
  43          ---          ---           ---          ---           ---          ---           ---          ---
  44          ---          ---           ---          ---           ---          ---           ---          ---
  45          ---          ---           ---          ---           ---          ---           ---          ---
  46          ---          ---           ---          ---           ---          ---           ---          ---
  47          ---          ---           ---          ---           ---          ---           ---          ---
  48          ---          ---           ---          ---           ---          ---           ---          ---
  49          ---          ---           ---          ---           ---          ---           ---          ---
  50          ---          ---           ---          ---           ---          ---           ---          ---
 Total    5.30000E+01  0.00000E+00   1.09300E+03  0.00000E+00   2.24400E+03  0.00000E+00   3.39000E+03  0.00000E+00
-------------------------------------------------------------------------------------------------------------------
NOTE: The category "OTHER" includes all classes of individual and clustered DNA lesion, except for SSB and DSB.
SEM = standard error of the mean.

TABLE 3. Number of clusters per cell per track (DNA=6.000 Gbp, ZF=0.11407 Gy).
===================================================================================================================
Number of --------- DSB ----------   --------- SSB ----------   -------- OTHER ---------   ----- ALL CLUSTERS -----
 lesions    Average        SEM         Average        SEM         Average        SEM         Average        SEM    
===================================================================================================================
   1          ---          ---       6.46803E+01  0.00000E+00   1.89364E+02  0.00000E+00   2.54044E+02  0.00000E+00
   2      1.82519E+00  0.00000E+00   3.57053E+01  0.00000E+00   4.76832E+01  0.00000E+00   8.52137E+01  0.00000E+00
   3      1.82519E+00  0.00000E+00   1.50578E+01  0.00000E+00   1.39171E+01  0.00000E+00   3.08001E+01  0.00000E+00
   4      9.12596E-01  0.00000E+00   6.61632E+00  0.00000E+00   3.19409E+00  0.00000E+00   1.07230E+01  0.00000E+00
   5      6.84447E-01  0.00000E+00   2.28149E+00  0.00000E+00   1.71112E+00  0.00000E+00   4.67706E+00  0.00000E+00
   6      2.28149E-01  0.00000E+00   2.28149E-01  0.00000E+00       ---          ---       4.56298E-01  0.00000E+00
   7      4.56298E-01  0.00000E+00   1.14075E-01  0.00000E+00       ---          ---       5.70373E-01  0.00000E+00
   8      1.14075E-01  0.00000E+00       ---          ---       1.14075E-01  0.00000E+00   2.28149E-01  0.00000E+00
   9          ---          ---           ---          ---           ---          ---           ---          ---
  10          ---          ---           ---          ---           ---          ---           ---          ---
  11          ---          ---           ---          ---           ---          ---           ---          ---
  12          ---          ---           ---          ---           ---          ---           ---          ---
  13          ---          ---           ---          ---           ---          ---           ---          ---
  14          ---          ---           ---          ---           ---          ---           ---          ---
  15          ---          ---           ---          ---           ---          ---           ---          ---
  16          ---          ---           ---          ---           ---          ---           ---          ---
  17          ---          ---           ---          ---           ---          ---           ---          ---
  18          ---          ---           ---          ---           ---          ---           ---          ---
  19          ---          ---           ---          ---           ---          ---           ---          ---
  20          ---          ---           ---          ---           ---          ---           ---          ---
  21          ---          ---           ---          ---           ---          ---           ---          ---
  22          ---          ---           ---          ---           ---          ---           ---          ---
  23          ---          ---           ---          ---           ---          ---           ---          ---
  24          ---          ---           ---          ---           ---          ---           ---          ---
  25          ---          ---           ---          ---           ---          ---           ---          ---
  26          ---          ---           ---          ---           ---          ---           ---          ---
  27          ---          ---           ---          ---           ---          ---           ---          ---
  28          ---          ---           ---          ---           ---          ---           ---          ---
  29          ---          ---           ---          ---           ---          ---           ---          ---
  30          ---          ---           ---          ---           ---          ---           ---          ---
  31          ---          ---           ---          ---           ---          ---           ---          ---
  32          ---          ---           ---          ---           ---          ---           ---          ---
  33          ---          ---           ---          ---           ---          ---           ---          ---
  34          ---          ---           ---          ---           ---          ---           ---          ---
  35          ---          ---           ---          ---           ---          ---           ---          ---
  36          ---          ---           ---          ---           ---          ---           ---          ---
  37          ---          ---           ---          ---           ---          ---           ---          ---
  38          ---          ---           ---          ---           ---          ---           ---          ---
  39          ---          ---           ---          ---           ---          ---           ---          ---
  40          ---          ---           ---          ---           ---          ---           ---          ---
  41          ---          ---           ---          ---           ---          ---           ---          ---
  42          ---          ---           ---          ---           ---          ---           ---          ---
  43          ---          ---           ---          ---           ---          ---           ---          ---
  44          ---          ---           ---          ---           ---          ---           ---          ---
  45          ---          ---           ---          ---           ---          ---           ---          ---
  46          ---          ---           ---          ---           ---          ---           ---          ---
  47          ---          ---           ---          ---           ---          ---           ---          ---
  48          ---          ---           ---          ---           ---          ---           ---          ---
  49          ---          ---           ---          ---           ---          ---           ---          ---
  50          ---          ---           ---          ---           ---          ---           ---          ---
 Total    6.04595E+00  0.00000E+00   1.24683E+02  0.00000E+00   2.55983E+02  0.00000E+00   3.86713E+02  0.00000E+00
-------------------------------------------------------------------------------------------------------------------

TABLE 4. Cluster Length (in base pair)
===================================================================================================================
Number of --------- DSB ----------   --------- SSB ----------   -------- OTHER ---------   ----- ALL CLUSTERS -----
 lesions    Average        SEM         Average        SEM         Average        SEM         Average        SEM    
===================================================================================================================
   1          ---          ---       1.00000E+00  0.00000E+00   1.00000E+00  0.00000E+00   1.00000E+00  0.00000E+00
   2      5.18750E+00  0.00000E+00   5.14058E+00  0.00000E+00   5.22488E+00  0.00000E+00   5.18876E+00  0.00000E+00
   3      9.87500E+00  0.00000E+00   1.03788E+01  0.00000E+00   9.91803E+00  0.00000E+00   1.01407E+01  0.00000E+00
   4      1.07500E+01  0.00000E+00   1.55345E+01  0.00000E+00   1.55714E+01  0.00000E+00   1.51383E+01  0.00000E+00
   5      1.93333E+01  0.00000E+00   2.03500E+01  0.00000E+00   1.93333E+01  0.00000E+00   1.98293E+01  0.00000E+00
   6      2.05000E+01  0.00000E+00   2.30000E+01  0.00000E+00       ---          ---       2.17500E+01  0.00000E+00
   7      3.27500E+01  0.00000E+00   2.40000E+01  0.00000E+00       ---          ---       3.10000E+01  0.00000E+00
   8      3.00000E+01  0.00000E+00       ---          ---       3.10000E+01  0.00000E+00   3.05000E+01  0.00000E+00
   9          ---          ---           ---          ---           ---          ---           ---          ---
  10          ---          ---           ---          ---           ---          ---           ---          ---
  11          ---          ---           ---          ---           ---          ---           ---          ---
  12          ---          ---           ---          ---           ---          ---           ---          ---
  13          ---          ---           ---          ---           ---          ---           ---          ---
  14          ---          ---           ---          ---           ---          ---           ---          ---
  15          ---          ---           ---          ---           ---          ---           ---          ---
  16          ---          ---           ---          ---           ---          ---           ---          ---
  17          ---          ---           ---          ---           ---          ---           ---          ---
  18          ---          ---           ---          ---           ---          ---           ---          ---
  19          ---          ---           ---          ---           ---          ---           ---          ---
  20          ---          ---           ---          ---           ---          ---           ---          ---
  21          ---          ---           ---          ---           ---          ---           ---          ---
  22          ---          ---           ---          ---           ---          ---           ---          ---
  23          ---          ---           ---          ---           ---          ---           ---          ---
  24          ---          ---           ---          ---           ---          ---           ---          ---
  25          ---          ---           ---          ---           ---          ---           ---          ---
  26          ---          ---           ---          ---           ---          ---           ---          ---
  27          ---          ---           ---          ---           ---          ---           ---          ---
  28          ---          ---           ---          ---           ---          ---           ---          ---
  29          ---          ---           ---          ---           ---          ---           ---          ---
  30          ---          ---           ---          ---           ---          ---           ---          ---
  31          ---          ---           ---          ---           ---          ---           ---          ---
  32          ---          ---           ---          ---           ---          ---           ---          ---
  33          ---          ---           ---          ---           ---          ---           ---          ---
  34          ---          ---           ---          ---           ---          ---           ---          ---
  35          ---          ---           ---          ---           ---          ---           ---          ---
  36          ---          ---           ---          ---           ---          ---           ---          ---
  37          ---          ---           ---          ---           ---          ---           ---          ---
  38          ---          ---           ---          ---           ---          ---           ---          ---
  39          ---          ---           ---          ---           ---          ---           ---          ---
  40          ---          ---           ---          ---           ---          ---           ---          ---
  41          ---          ---           ---          ---           ---          ---           ---          ---
  42          ---          ---           ---          ---           ---          ---           ---          ---
  43          ---          ---           ---          ---           ---          ---           ---          ---
  44          ---          ---           ---          ---           ---          ---           ---          ---
  45          ---          ---           ---          ---           ---          ---           ---          ---
  46          ---          ---           ---          ---           ---          ---           ---          ---
  47          ---          ---           ---          ---           ---          ---           ---          ---
  48          ---          ---           ---          ---           ---          ---           ---          ---
  49          ---          ---           ---          ---           ---          ---           ---          ---
  50          ---          ---           ---          ---           ---          ---           ---          ---
Average   1.21698E+01  0.00000E+00   4.50503E+00  0.00000E+00   2.58957E+00  0.00000E+00   3.35693E+00  0.00000E+00
-------------------------------------------------------------------------------------------------------------------

TABLE 5. Density of lesions forming a cluster (in units of lesions per nucleotide).
===================================================================================================================
Number of --------- DSB ----------   --------- SSB ----------   -------- OTHER ---------   ----- ALL CLUSTERS -----
 lesions    Average        SEM         Average        SEM         Average        SEM         Average        SEM    
===================================================================================================================
   1          ---          ---       5.00000E-01  0.00000E+00   5.00000E-01  0.00000E+00   5.00000E-01  0.00000E+00
   2      2.32118E-01  0.00000E+00   2.81063E-01  0.00000E+00   2.81117E-01  0.00000E+00   2.80045E-01  0.00000E+00
   3      1.95761E-01  0.00000E+00   1.83012E-01  0.00000E+00   1.74644E-01  0.00000E+00   1.79986E-01  0.00000E+00
   4      2.36458E-01  0.00000E+00   1.46265E-01  0.00000E+00   1.38584E-01  0.00000E+00   1.51653E-01  0.00000E+00
   5      1.38187E-01  0.00000E+00   1.38033E-01  0.00000E+00   1.40644E-01  0.00000E+00   1.39011E-01  0.00000E+00
   6      1.46429E-01  0.00000E+00   1.30682E-01  0.00000E+00       ---          ---       1.38555E-01  0.00000E+00
   7      1.09692E-01  0.00000E+00   1.45833E-01  0.00000E+00       ---          ---       1.16921E-01  0.00000E+00
   8      1.33333E-01  0.00000E+00       ---          ---       1.29032E-01  0.00000E+00   1.31183E-01  0.00000E+00
   9          ---          ---           ---          ---           ---          ---           ---          ---
  10          ---          ---           ---          ---           ---          ---           ---          ---
  11          ---          ---           ---          ---           ---          ---           ---          ---
  12          ---          ---           ---          ---           ---          ---           ---          ---
  13          ---          ---           ---          ---           ---          ---           ---          ---
  14          ---          ---           ---          ---           ---          ---           ---          ---
  15          ---          ---           ---          ---           ---          ---           ---          ---
  16          ---          ---           ---          ---           ---          ---           ---          ---
  17          ---          ---           ---          ---           ---          ---           ---          ---
  18          ---          ---           ---          ---           ---          ---           ---          ---
  19          ---          ---           ---          ---           ---          ---           ---          ---
  20          ---          ---           ---          ---           ---          ---           ---          ---
  21          ---          ---           ---          ---           ---          ---           ---          ---
  22          ---          ---           ---          ---           ---          ---           ---          ---
  23          ---          ---           ---          ---           ---          ---           ---          ---
  24          ---          ---           ---          ---           ---          ---           ---          ---
  25          ---          ---           ---          ---           ---          ---           ---          ---
  26          ---          ---           ---          ---           ---          ---           ---          ---
  27          ---          ---           ---          ---           ---          ---           ---          ---
  28          ---          ---           ---          ---           ---          ---           ---          ---
  29          ---          ---           ---          ---           ---          ---           ---          ---
  30          ---          ---           ---          ---           ---          ---           ---          ---
  31          ---          ---           ---          ---           ---          ---           ---          ---
  32          ---          ---           ---          ---           ---          ---           ---          ---
  33          ---          ---           ---          ---           ---          ---           ---          ---
  34          ---          ---           ---          ---           ---          ---           ---          ---
  35          ---          ---           ---          ---           ---          ---           ---          ---
  36          ---          ---           ---          ---           ---          ---           ---          ---
  37          ---          ---           ---          ---           ---          ---           ---          ---
  38          ---          ---           ---          ---           ---          ---           ---          ---
  39          ---          ---           ---          ---           ---          ---           ---          ---
  40          ---          ---           ---          ---           ---          ---           ---          ---
  41          ---          ---           ---          ---           ---          ---           ---          ---
  42          ---          ---           ---          ---           ---          ---           ---          ---
  43          ---          ---           ---          ---           ---          ---           ---          ---
  44          ---          ---           ---          ---           ---          ---           ---          ---
  45          ---          ---           ---          ---           ---          ---           ---          ---
  46          ---          ---           ---          ---           ---          ---           ---          ---
  47          ---          ---           ---          ---           ---          ---           ---          ---
  48          ---          ---           ---          ---           ---          ---           ---          ---
  49          ---          ---           ---          ---           ---          ---           ---          ---
  50          ---          ---           ---          ---           ---          ---           ---          ---
Average   1.96827E-01  0.00000E+00   3.72627E-01  0.00000E+00   4.34462E-01  0.00000E+00   4.10810E-01  0.00000E+00
-------------------------------------------------------------------------------------------------------------------
NOTE: Lesion density computed as the number of lesions per cluster divided by twice the cluster length.

TABLE 6. Cluster composition (% Sb per cluster)
===================================================================================================================
Number of --------- DSB ----------   --------- SSB ----------   -------- OTHER ---------   ----- ALL CLUSTERS -----
 lesions    Average        SEM         Average        SEM         Average        SEM         Average        SEM    
===================================================================================================================
   1          ---          ---       1.00000E+02  0.00000E+00   0.00000E+00  0.00000E+00   2.54603E+01  0.00000E+00
   2      1.00000E+02  0.00000E+00   5.43131E+01  0.00000E+00   0.00000E+00  0.00000E+00   2.48996E+01  0.00000E+00
   3      7.50000E+01  0.00000E+00   4.04040E+01  0.00000E+00   0.00000E+00  0.00000E+00   2.41975E+01  0.00000E+00
   4      5.93750E+01  0.00000E+00   3.27586E+01  0.00000E+00   0.00000E+00  0.00000E+00   2.52660E+01  0.00000E+00
   5      5.33333E+01  0.00000E+00   2.40000E+01  0.00000E+00   0.00000E+00  0.00000E+00   1.95122E+01  0.00000E+00
   6      6.66667E+01  0.00000E+00   4.16667E+01  0.00000E+00       ---          ---       5.41667E+01  0.00000E+00
   7      3.92857E+01  0.00000E+00   1.42857E+01  0.00000E+00       ---          ---       3.42857E+01  0.00000E+00
   8      2.50000E+01  0.00000E+00       ---          ---       0.00000E+00  0.00000E+00   1.25000E+01  0.00000E+00
   9          ---          ---           ---          ---           ---          ---           ---          ---
  10          ---          ---           ---          ---           ---          ---           ---          ---
  11          ---          ---           ---          ---           ---          ---           ---          ---
  12          ---          ---           ---          ---           ---          ---           ---          ---
  13          ---          ---           ---          ---           ---          ---           ---          ---
  14          ---          ---           ---          ---           ---          ---           ---          ---
  15          ---          ---           ---          ---           ---          ---           ---          ---
  16          ---          ---           ---          ---           ---          ---           ---          ---
  17          ---          ---           ---          ---           ---          ---           ---          ---
  18          ---          ---           ---          ---           ---          ---           ---          ---
  19          ---          ---           ---          ---           ---          ---           ---          ---
  20          ---          ---           ---          ---           ---          ---           ---          ---
  21          ---          ---           ---          ---           ---          ---           ---          ---
  22          ---          ---           ---          ---           ---          ---           ---          ---
  23          ---          ---           ---          ---           ---          ---           ---          ---
  24          ---          ---           ---          ---           ---          ---           ---          ---
  25          ---          ---           ---          ---           ---          ---           ---          ---
  26          ---          ---           ---          ---           ---          ---           ---          ---
  27          ---          ---           ---          ---           ---          ---           ---          ---
  28          ---          ---           ---          ---           ---          ---           ---          ---
  29          ---          ---           ---          ---           ---          ---           ---          ---
  30          ---          ---           ---          ---           ---          ---           ---          ---
  31          ---          ---           ---          ---           ---          ---           ---          ---
  32          ---          ---           ---          ---           ---          ---           ---          ---
  33          ---          ---           ---          ---           ---          ---           ---          ---
  34          ---          ---           ---          ---           ---          ---           ---          ---
  35          ---          ---           ---          ---           ---          ---           ---          ---
  36          ---          ---           ---          ---           ---          ---           ---          ---
  37          ---          ---           ---          ---           ---          ---           ---          ---
  38          ---          ---           ---          ---           ---          ---           ---          ---
  39          ---          ---           ---          ---           ---          ---           ---          ---
  40          ---          ---           ---          ---           ---          ---           ---          ---
  41          ---          ---           ---          ---           ---          ---           ---          ---
  42          ---          ---           ---          ---           ---          ---           ---          ---
  43          ---          ---           ---          ---           ---          ---           ---          ---
  44          ---          ---           ---          ---           ---          ---           ---          ---
  45          ---          ---           ---          ---           ---          ---           ---          ---
  46          ---          ---           ---          ---           ---          ---           ---          ---
  47          ---          ---           ---          ---           ---          ---           ---          ---
  48          ---          ---           ---          ---           ---          ---           ---          ---
  49          ---          ---           ---          ---           ---          ---           ---          ---
  50          ---          ---           ---          ---           ---          ---           ---          ---
Average   7.37826E+01  0.00000E+00   7.45754E+01  0.00000E+00   0.00000E+00  0.00000E+00   2.51981E+01  0.00000E+00
-------------------------------------------------------------------------------------------------------------------
NOTES: (% Sb) is the percentage of lesions that are strand breaks. The number of Sb is [(% Sb)/100]*(# lesions).
The number of Bd is (1-(% Sb)/100)*(# lesions).
