===============================
MCDS Version 3.10A  05-DEC-2011
===============================
      0.004     running time (min)
  987654321     random number seed
          1     number of cells (nocs)
 0.0000E+00     water-equivalent material (WEM) thickness (mg/cm^2)
 1.0000E+00     Desired dose to the cell nucleus (Gy)
 6.0000E+00     DNA content (Gbp)

TARGET (cell) DEFINITION (4V/S = mean chord length)
========================================================
            DIAMETER     4V/S      Volume      Mass
               (um)      (um)      (um^3)      (ng)
--------------------------------------------------------
DNA            ---        ---     6.123E+00  6.123E-03
NUCLEUS     5.000E+00  3.333E+00  6.545E+01  6.545E-02
CYTOPLASM      ---        ---     -6.545E+01  -6.545E-02
CELL        0.000E+00  0.000E+00  0.000E+00  0.000E+00
========================================================
NOTE: In human DNA, 1 Gbp=0.979 ng (not including bound
H2O).  DNA volume computed using a density of 1 g/cm^3.

WARNING: volume of nucleus larger than the volume of the cell!

INCIDENT PARTICLE: 12C (mass = 1.20000E+01 u = 1.11749E+04 MeV/c^2)
  3.00000E+02 MeV >= 1.00000E-06 MeV
  2.50000E+01 MeV/A >= 8.33333E-08 MeV/A)
  2.60671E+03 MeV (p*c = momentum x speed of light)
  4.75696E-04 pm (de Broglie wavelength)
  1.02685E+00 = T/m0c2+1 (Lorentz factor) >= 1
  5.99890E+00 ABS(effective charge); Barkas 1963
  2.27167E-01 beta = (v/c) <= 1
  6.97354E+02 (zeff/beta)^2 <= 2.000E+05
  7.72034E+01 keV/um (total stopping power in H2O)
  7.71620E+01 keV/um ( 99.946% electronic)
  4.14366E-02 keV/um (  0.054% nuclear)
  2.17839E-01 CSDA range of particle (cm) in H2O

PARTICLE TRANSPORT - Beam of radiation incident on bottom of cell culture dish
(WEM=0.00 um, cell=0.00 um, nucleus=5.00 um; total distance traveled to
reach nucleus=-2.500 um of H2O).
==============================================================================
                                  ------- Cell --------  ------- Nucleus -----
                       Incident      Entry      Exit       Entry       Exit
==============================================================================
         KE (MeV)   3.0000E+02  3.0000E+02  3.0000E+02  3.0000E+02  2.9981E+02
    (Zeff/beta)^2   6.9735E+02  6.9735E+02  6.9735E+02  6.9735E+02  6.9778E+02
     LET (keV/um)   7.7203E+01  7.7203E+01  7.7203E+01  7.7203E+01  7.7244E+01
  Res. Range (um)   2.1784E+03  2.1784E+03  2.1784E+03  2.1784E+03  2.1759E+03
 DPUF1 (nGy-cm^2)   1.2368E+02  1.2368E+02  1.2368E+02  1.2368E+02  1.2374E+02
 DPUF2 (nGy-cm^2)      ---      NaN     ---      1.2373E+02     ---
       Edep (keV)      ---      NaN     ---      2.5745E+02     ---
      YF (keV/um)      ---      NaN     ---      7.7234E+01     ---
          ZF (Gy)      ---      NaN     ---      6.3014E-01     ---
==============================================================================
LET=(Stot-Srad); absorbed dose per unit fluence (DPUF1) = 1.602*LET/rho
Avg. absorbed dose within target (i.e., DPUF2) = 2.5*pi*d*d*zf
Edep = 0.1602*ZF*PI*d*d*d/6; yf = edep/lbar = 0.25*edep*{area}/{volume}

DAMAGE FORMATION AND CLUSTERING (normoxic conditions)
      59805     segment length, nseg (bp per cell per Gy)
       1300     number of strand breaks, sigSb (per cell per Gy)
       3900     number of base damages,  sigBd (per cell per Gy)
        3.0     base damage to strand break ratio, f
          9     minimum distance between clusters, Nmin (bp)
         10     maximum distance between two Sb to compose a DSB, Ndsb (bp)
        0.0     fraction Bl/Bd

OXYGEN SIMULATION (M0=1.740, K=0.3372, q=946.10, r=2.15)
  1.0000E+02 % O2 concentration (=760.00 mmHg)
  1.6338E-03 chemical repair probability (pcr)
  9.9837E-01 O2 fixation probability (1-pcr)
  1.0016E+00 Approx. HRF for SSB induction [=1/(1-pcr)]
  1.0033E+00 Approx. HRF for DSB induction [1/(1-pcr)]^2

DMSO SIMULATION
  5.0000E-01 fraction of non-scavengeable DNA damage (fnsd)
  5.0000E-01 concentration (mol dm^-3) at half-level (chmx)
  0.0000E+00 DMSO concentration (mol dm^-3)

TABLE 1. Percent (%) cluster yields by complexity, as classified using the scheme of Nikjoo et al. (IJRB 71, 
467-483 1997 and and Radiat. Res. 156, 577-583 2001).
===================================================================================================================
    56.692     BD    - one or more Bd (no Sb)
    32.470     SSB   - Sb (no auxilary damage)
     5.309     SSB+  - two Sb on the same strand
     1.624     2SSB  - two or more Sb on opposite strands separated by at least 10 bp
     2.589     DSB   - two Sb on opposite strands with a separation <= 10 bp
     0.878     DSB+  - DSB accompanied by one (or more) additional Sb within 10 bp separation
     0.439     DSB++ - more than one DSB whether within the 10 bp separation or further apart
    17.595     SSBc  - fraction of complex damage (SSB+ and 2SSB) among SSBs
    70.379     SSBcb - fraction of complex damage (SSB+ and 2SSB) among SSBs; base damage included
    33.708     DSBc  - fraction of complex damage (DSB+ and DSB++) among DSBs
    88.764     DSBcb - fraction of complex damage (DSB+ and DSB++) among DSBs; base damage included
===================================================================================================================

TABLE 2. Number of clusters per cell (DNA=6.000 Gbp, AD=1.000 Gy).
===================================================================================================================
Number of --------- DSB ----------   --------- SSB ----------   -------- OTHER ---------   ----- ALL CLUSTERS -----
 lesions    Average        SEM         Average        SEM         Average        SEM         Average        SEM    
===================================================================================================================
   1          ---          ---       2.66000E+02  0.00000E+00   7.53000E+02  0.00000E+00   1.01900E+03  0.00000E+00
   2      1.00000E+01  0.00000E+00   2.41000E+02  0.00000E+00   3.02000E+02  0.00000E+00   5.53000E+02  0.00000E+00
   3      1.90000E+01  0.00000E+00   1.48000E+02  0.00000E+00   1.48000E+02  0.00000E+00   3.15000E+02  0.00000E+00
   4      2.30000E+01  0.00000E+00   9.30000E+01  0.00000E+00   4.40000E+01  0.00000E+00   1.60000E+02  0.00000E+00
   5      1.30000E+01  0.00000E+00   6.20000E+01  0.00000E+00   2.20000E+01  0.00000E+00   9.70000E+01  0.00000E+00
   6      1.00000E+01  0.00000E+00   3.80000E+01  0.00000E+00   1.40000E+01  0.00000E+00   6.20000E+01  0.00000E+00
   7      3.00000E+00  0.00000E+00   2.20000E+01  0.00000E+00   5.00000E+00  0.00000E+00   3.00000E+01  0.00000E+00
   8      2.00000E+00  0.00000E+00   9.00000E+00  0.00000E+00   2.00000E+00  0.00000E+00   1.30000E+01  0.00000E+00
   9      3.00000E+00  0.00000E+00   1.00000E+01  0.00000E+00   2.00000E+00  0.00000E+00   1.50000E+01  0.00000E+00
  10      2.00000E+00  0.00000E+00   4.00000E+00  0.00000E+00       ---          ---       6.00000E+00  0.00000E+00
  11      1.00000E+00  0.00000E+00   1.00000E+00  0.00000E+00       ---          ---       2.00000E+00  0.00000E+00
  12      1.00000E+00  0.00000E+00   1.00000E+00  0.00000E+00       ---          ---       2.00000E+00  0.00000E+00
  13      1.00000E+00  0.00000E+00   1.00000E+00  0.00000E+00       ---          ---       2.00000E+00  0.00000E+00
  14      1.00000E+00  0.00000E+00   1.00000E+00  0.00000E+00       ---          ---       2.00000E+00  0.00000E+00
  15          ---          ---           ---          ---           ---          ---           ---          ---
  16          ---          ---       1.00000E+00  0.00000E+00       ---          ---       1.00000E+00  0.00000E+00
  17          ---          ---           ---          ---           ---          ---           ---          ---
  18          ---          ---           ---          ---           ---          ---           ---          ---
  19          ---          ---           ---          ---           ---          ---           ---          ---
  20          ---          ---           ---          ---           ---          ---           ---          ---
  21          ---          ---           ---          ---           ---          ---           ---          ---
  22          ---          ---           ---          ---           ---          ---           ---          ---
  23          ---          ---           ---          ---           ---          ---           ---          ---
  24          ---          ---           ---          ---           ---          ---           ---          ---
  25          ---          ---           ---          ---           ---          ---           ---          ---
  26          ---          ---           ---          ---           ---          ---           ---          ---
  27          ---          ---           ---          ---           ---          ---           ---          ---
  28          ---          ---           ---          ---           ---          ---           ---          ---
  29          ---          ---           ---          ---           ---          ---           ---          ---
  30          ---          ---           ---          ---           ---          ---           ---          ---
  31          ---          ---           ---          ---           ---          ---           ---          ---
  32          ---          ---           ---          ---           ---          ---           ---          ---
  33          ---          ---           ---          ---           ---          ---           ---          ---
  34          ---          ---           ---          ---           ---          ---           ---          ---
  35          ---          ---           ---          ---           ---          ---           ---          ---
  36          ---          ---           ---          ---           ---          ---           ---          ---
  37          ---          ---           ---          ---           ---          ---           ---          ---
  38          ---          ---           ---          ---           ---          ---           ---          ---
  39          ---          ---           ---          ---           ---          ---           ---          ---
  40          ---          ---           ---          ---           ---          ---           ---          ---
  41          ---          ---           ---          ---           ---          ---           ---          ---
  42          ---          ---           ---          ---           ---          ---           ---          ---
  43          ---          ---           ---          ---           ---          ---           ---          ---
  44          ---          ---           ---          ---           ---          ---           ---          ---
  45          ---          ---           ---          ---           ---          ---           ---          ---
  46          ---          ---           ---          ---           ---          ---           ---          ---
  47          ---          ---           ---          ---           ---          ---           ---          ---
  48          ---          ---           ---          ---           ---          ---           ---          ---
  49          ---          ---           ---          ---           ---          ---           ---          ---
  50          ---          ---           ---          ---           ---          ---           ---          ---
 Total    8.90000E+01  0.00000E+00   8.98000E+02  0.00000E+00   1.29200E+03  0.00000E+00   2.27900E+03  0.00000E+00
-------------------------------------------------------------------------------------------------------------------
NOTE: The category "OTHER" includes all classes of individual and clustered DNA lesion, except for SSB and DSB.
SEM = standard error of the mean.

TABLE 3. Number of clusters per cell per track (DNA=6.000 Gbp, ZF=0.63014 Gy).
===================================================================================================================
Number of --------- DSB ----------   --------- SSB ----------   -------- OTHER ---------   ----- ALL CLUSTERS -----
 lesions    Average        SEM         Average        SEM         Average        SEM         Average        SEM    
===================================================================================================================
   1          ---          ---       1.67618E+02  0.00000E+00   4.74497E+02  0.00000E+00   6.42115E+02  0.00000E+00
   2      6.30142E+00  0.00000E+00   1.51864E+02  0.00000E+00   1.90303E+02  0.00000E+00   3.48469E+02  0.00000E+00
   3      1.19727E+01  0.00000E+00   9.32610E+01  0.00000E+00   9.32610E+01  0.00000E+00   1.98495E+02  0.00000E+00
   4      1.44933E+01  0.00000E+00   5.86032E+01  0.00000E+00   2.77263E+01  0.00000E+00   1.00823E+02  0.00000E+00
   5      8.19185E+00  0.00000E+00   3.90688E+01  0.00000E+00   1.38631E+01  0.00000E+00   6.11238E+01  0.00000E+00
   6      6.30142E+00  0.00000E+00   2.39454E+01  0.00000E+00   8.82199E+00  0.00000E+00   3.90688E+01  0.00000E+00
   7      1.89043E+00  0.00000E+00   1.38631E+01  0.00000E+00   3.15071E+00  0.00000E+00   1.89043E+01  0.00000E+00
   8      1.26028E+00  0.00000E+00   5.67128E+00  0.00000E+00   1.26028E+00  0.00000E+00   8.19185E+00  0.00000E+00
   9      1.89043E+00  0.00000E+00   6.30142E+00  0.00000E+00   1.26028E+00  0.00000E+00   9.45213E+00  0.00000E+00
  10      1.26028E+00  0.00000E+00   2.52057E+00  0.00000E+00       ---          ---       3.78085E+00  0.00000E+00
  11      6.30142E-01  0.00000E+00   6.30142E-01  0.00000E+00       ---          ---       1.26028E+00  0.00000E+00
  12      6.30142E-01  0.00000E+00   6.30142E-01  0.00000E+00       ---          ---       1.26028E+00  0.00000E+00
  13      6.30142E-01  0.00000E+00   6.30142E-01  0.00000E+00       ---          ---       1.26028E+00  0.00000E+00
  14      6.30142E-01  0.00000E+00   6.30142E-01  0.00000E+00       ---          ---       1.26028E+00  0.00000E+00
  15          ---          ---           ---          ---           ---          ---           ---          ---
  16          ---          ---       6.30142E-01  0.00000E+00       ---          ---       6.30142E-01  0.00000E+00
  17          ---          ---           ---          ---           ---          ---           ---          ---
  18          ---          ---           ---          ---           ---          ---           ---          ---
  19          ---          ---           ---          ---           ---          ---           ---          ---
  20          ---          ---           ---          ---           ---          ---           ---          ---
  21          ---          ---           ---          ---           ---          ---           ---          ---
  22          ---          ---           ---          ---           ---          ---           ---          ---
  23          ---          ---           ---          ---           ---          ---           ---          ---
  24          ---          ---           ---          ---           ---          ---           ---          ---
  25          ---          ---           ---          ---           ---          ---           ---          ---
  26          ---          ---           ---          ---           ---          ---           ---          ---
  27          ---          ---           ---          ---           ---          ---           ---          ---
  28          ---          ---           ---          ---           ---          ---           ---          ---
  29          ---          ---           ---          ---           ---          ---           ---          ---
  30          ---          ---           ---          ---           ---          ---           ---          ---
  31          ---          ---           ---          ---           ---          ---           ---          ---
  32          ---          ---           ---          ---           ---          ---           ---          ---
  33          ---          ---           ---          ---           ---          ---           ---          ---
  34          ---          ---           ---          ---           ---          ---           ---          ---
  35          ---          ---           ---          ---           ---          ---           ---          ---
  36          ---          ---           ---          ---           ---          ---           ---          ---
  37          ---          ---           ---          ---           ---          ---           ---          ---
  38          ---          ---           ---          ---           ---          ---           ---          ---
  39          ---          ---           ---          ---           ---          ---           ---          ---
  40          ---          ---           ---          ---           ---          ---           ---          ---
  41          ---          ---           ---          ---           ---          ---           ---          ---
  42          ---          ---           ---          ---           ---          ---           ---          ---
  43          ---          ---           ---          ---           ---          ---           ---          ---
  44          ---          ---           ---          ---           ---          ---           ---          ---
  45          ---          ---           ---          ---           ---          ---           ---          ---
  46          ---          ---           ---          ---           ---          ---           ---          ---
  47          ---          ---           ---          ---           ---          ---           ---          ---
  48          ---          ---           ---          ---           ---          ---           ---          ---
  49          ---          ---           ---          ---           ---          ---           ---          ---
  50          ---          ---           ---          ---           ---          ---           ---          ---
 Total    5.60826E+01  0.00000E+00   5.65868E+02  0.00000E+00   8.14144E+02  0.00000E+00   1.43609E+03  0.00000E+00
-------------------------------------------------------------------------------------------------------------------

TABLE 4. Cluster Length (in base pair)
===================================================================================================================
Number of --------- DSB ----------   --------- SSB ----------   -------- OTHER ---------   ----- ALL CLUSTERS -----
 lesions    Average        SEM         Average        SEM         Average        SEM         Average        SEM    
===================================================================================================================
   1          ---          ---       1.00000E+00  0.00000E+00   1.00000E+00  0.00000E+00   1.00000E+00  0.00000E+00
   2      5.30000E+00  0.00000E+00   5.17427E+00  0.00000E+00   5.24503E+00  0.00000E+00   5.21519E+00  0.00000E+00
   3      8.31579E+00  0.00000E+00   9.87162E+00  0.00000E+00   9.59459E+00  0.00000E+00   9.64762E+00  0.00000E+00
   4      1.25652E+01  0.00000E+00   1.30538E+01  0.00000E+00   1.45455E+01  0.00000E+00   1.33938E+01  0.00000E+00
   5      1.78462E+01  0.00000E+00   1.81290E+01  0.00000E+00   1.57273E+01  0.00000E+00   1.75464E+01  0.00000E+00
   6      2.38000E+01  0.00000E+00   2.32368E+01  0.00000E+00   2.14286E+01  0.00000E+00   2.29194E+01  0.00000E+00
   7      2.80000E+01  0.00000E+00   2.80909E+01  0.00000E+00   3.30000E+01  0.00000E+00   2.89000E+01  0.00000E+00
   8      3.50000E+01  0.00000E+00   2.84444E+01  0.00000E+00   3.05000E+01  0.00000E+00   2.97692E+01  0.00000E+00
   9      3.26667E+01  0.00000E+00   3.32000E+01  0.00000E+00   3.60000E+01  0.00000E+00   3.34667E+01  0.00000E+00
  10      3.45000E+01  0.00000E+00   3.90000E+01  0.00000E+00       ---          ---       3.75000E+01  0.00000E+00
  11      4.70000E+01  0.00000E+00   4.70000E+01  0.00000E+00       ---          ---       4.70000E+01  0.00000E+00
  12      4.70000E+01  0.00000E+00   4.10000E+01  0.00000E+00       ---          ---       4.40000E+01  0.00000E+00
  13      4.10000E+01  0.00000E+00   5.60000E+01  0.00000E+00       ---          ---       4.85000E+01  0.00000E+00
  14      4.80000E+01  0.00000E+00   6.70000E+01  0.00000E+00       ---          ---       5.75000E+01  0.00000E+00
  15          ---          ---           ---          ---           ---          ---           ---          ---
  16          ---          ---       7.90000E+01  0.00000E+00       ---          ---       7.90000E+01  0.00000E+00
  17          ---          ---           ---          ---           ---          ---           ---          ---
  18          ---          ---           ---          ---           ---          ---           ---          ---
  19          ---          ---           ---          ---           ---          ---           ---          ---
  20          ---          ---           ---          ---           ---          ---           ---          ---
  21          ---          ---           ---          ---           ---          ---           ---          ---
  22          ---          ---           ---          ---           ---          ---           ---          ---
  23          ---          ---           ---          ---           ---          ---           ---          ---
  24          ---          ---           ---          ---           ---          ---           ---          ---
  25          ---          ---           ---          ---           ---          ---           ---          ---
  26          ---          ---           ---          ---           ---          ---           ---          ---
  27          ---          ---           ---          ---           ---          ---           ---          ---
  28          ---          ---           ---          ---           ---          ---           ---          ---
  29          ---          ---           ---          ---           ---          ---           ---          ---
  30          ---          ---           ---          ---           ---          ---           ---          ---
  31          ---          ---           ---          ---           ---          ---           ---          ---
  32          ---          ---           ---          ---           ---          ---           ---          ---
  33          ---          ---           ---          ---           ---          ---           ---          ---
  34          ---          ---           ---          ---           ---          ---           ---          ---
  35          ---          ---           ---          ---           ---          ---           ---          ---
  36          ---          ---           ---          ---           ---          ---           ---          ---
  37          ---          ---           ---          ---           ---          ---           ---          ---
  38          ---          ---           ---          ---           ---          ---           ---          ---
  39          ---          ---           ---          ---           ---          ---           ---          ---
  40          ---          ---           ---          ---           ---          ---           ---          ---
  41          ---          ---           ---          ---           ---          ---           ---          ---
  42          ---          ---           ---          ---           ---          ---           ---          ---
  43          ---          ---           ---          ---           ---          ---           ---          ---
  44          ---          ---           ---          ---           ---          ---           ---          ---
  45          ---          ---           ---          ---           ---          ---           ---          ---
  46          ---          ---           ---          ---           ---          ---           ---          ---
  47          ---          ---           ---          ---           ---          ---           ---          ---
  48          ---          ---           ---          ---           ---          ---           ---          ---
  49          ---          ---           ---          ---           ---          ---           ---          ---
  50          ---          ---           ---          ---           ---          ---           ---          ---
Average   1.65618E+01  0.00000E+00   8.73831E+00  0.00000E+00   4.13390E+00  0.00000E+00   6.43352E+00  0.00000E+00
-------------------------------------------------------------------------------------------------------------------

TABLE 5. Density of lesions forming a cluster (in units of lesions per nucleotide).
===================================================================================================================
Number of --------- DSB ----------   --------- SSB ----------   -------- OTHER ---------   ----- ALL CLUSTERS -----
 lesions    Average        SEM         Average        SEM         Average        SEM         Average        SEM    
===================================================================================================================
   1          ---          ---       5.00000E-01  0.00000E+00   5.00000E-01  0.00000E+00   5.00000E-01  0.00000E+00
   2      2.50397E-01  0.00000E+00   2.66657E-01  0.00000E+00   2.71619E-01  0.00000E+00   2.69073E-01  0.00000E+00
   3      2.57164E-01  0.00000E+00   1.82209E-01  0.00000E+00   1.92421E-01  0.00000E+00   1.91528E-01  0.00000E+00
   4      1.83986E-01  0.00000E+00   1.79605E-01  0.00000E+00   1.67256E-01  0.00000E+00   1.76839E-01  0.00000E+00
   5      1.53653E-01  0.00000E+00   1.54014E-01  0.00000E+00   1.74109E-01  0.00000E+00   1.58523E-01  0.00000E+00
   6      1.36199E-01  0.00000E+00   1.41670E-01  0.00000E+00   1.54473E-01  0.00000E+00   1.43679E-01  0.00000E+00
   7      1.25309E-01  0.00000E+00   1.29946E-01  0.00000E+00   1.11088E-01  0.00000E+00   1.26339E-01  0.00000E+00
   8      1.14379E-01  0.00000E+00   1.47618E-01  0.00000E+00   1.32035E-01  0.00000E+00   1.40107E-01  0.00000E+00
   9      1.37959E-01  0.00000E+00   1.38000E-01  0.00000E+00   1.28571E-01  0.00000E+00   1.36735E-01  0.00000E+00
  10      1.63043E-01  0.00000E+00   1.28777E-01  0.00000E+00       ---          ---       1.40199E-01  0.00000E+00
  11      1.17021E-01  0.00000E+00   1.17021E-01  0.00000E+00       ---          ---       1.17021E-01  0.00000E+00
  12      1.27660E-01  0.00000E+00   1.46341E-01  0.00000E+00       ---          ---       1.37001E-01  0.00000E+00
  13      1.58537E-01  0.00000E+00   1.16071E-01  0.00000E+00       ---          ---       1.37304E-01  0.00000E+00
  14      1.45833E-01  0.00000E+00   1.04478E-01  0.00000E+00       ---          ---       1.25155E-01  0.00000E+00
  15          ---          ---           ---          ---           ---          ---           ---          ---
  16          ---          ---       1.01266E-01  0.00000E+00       ---          ---       1.01266E-01  0.00000E+00
  17          ---          ---           ---          ---           ---          ---           ---          ---
  18          ---          ---           ---          ---           ---          ---           ---          ---
  19          ---          ---           ---          ---           ---          ---           ---          ---
  20          ---          ---           ---          ---           ---          ---           ---          ---
  21          ---          ---           ---          ---           ---          ---           ---          ---
  22          ---          ---           ---          ---           ---          ---           ---          ---
  23          ---          ---           ---          ---           ---          ---           ---          ---
  24          ---          ---           ---          ---           ---          ---           ---          ---
  25          ---          ---           ---          ---           ---          ---           ---          ---
  26          ---          ---           ---          ---           ---          ---           ---          ---
  27          ---          ---           ---          ---           ---          ---           ---          ---
  28          ---          ---           ---          ---           ---          ---           ---          ---
  29          ---          ---           ---          ---           ---          ---           ---          ---
  30          ---          ---           ---          ---           ---          ---           ---          ---
  31          ---          ---           ---          ---           ---          ---           ---          ---
  32          ---          ---           ---          ---           ---          ---           ---          ---
  33          ---          ---           ---          ---           ---          ---           ---          ---
  34          ---          ---           ---          ---           ---          ---           ---          ---
  35          ---          ---           ---          ---           ---          ---           ---          ---
  36          ---          ---           ---          ---           ---          ---           ---          ---
  37          ---          ---           ---          ---           ---          ---           ---          ---
  38          ---          ---           ---          ---           ---          ---           ---          ---
  39          ---          ---           ---          ---           ---          ---           ---          ---
  40          ---          ---           ---          ---           ---          ---           ---          ---
  41          ---          ---           ---          ---           ---          ---           ---          ---
  42          ---          ---           ---          ---           ---          ---           ---          ---
  43          ---          ---           ---          ---           ---          ---           ---          ---
  44          ---          ---           ---          ---           ---          ---           ---          ---
  45          ---          ---           ---          ---           ---          ---           ---          ---
  46          ---          ---           ---          ---           ---          ---           ---          ---
  47          ---          ---           ---          ---           ---          ---           ---          ---
  48          ---          ---           ---          ---           ---          ---           ---          ---
  49          ---          ---           ---          ---           ---          ---           ---          ---
  50          ---          ---           ---          ---           ---          ---           ---          ---
Average   1.89606E-01  0.00000E+00   2.92355E-01  0.00000E+00   3.88109E-01  0.00000E+00   3.42626E-01  0.00000E+00
-------------------------------------------------------------------------------------------------------------------
NOTE: Lesion density computed as the number of lesions per cluster divided by twice the cluster length.

TABLE 6. Cluster composition (% Sb per cluster)
===================================================================================================================
Number of --------- DSB ----------   --------- SSB ----------   -------- OTHER ---------   ----- ALL CLUSTERS -----
 lesions    Average        SEM         Average        SEM         Average        SEM         Average        SEM    
===================================================================================================================
   1          ---          ---       1.00000E+02  0.00000E+00   0.00000E+00  0.00000E+00   2.61040E+01  0.00000E+00
   2      1.00000E+02  0.00000E+00   5.35270E+01  0.00000E+00   0.00000E+00  0.00000E+00   2.51356E+01  0.00000E+00
   3      7.19298E+01  0.00000E+00   4.12162E+01  0.00000E+00   0.00000E+00  0.00000E+00   2.37037E+01  0.00000E+00
   4      5.86957E+01  0.00000E+00   3.33333E+01  0.00000E+00   0.00000E+00  0.00000E+00   2.78125E+01  0.00000E+00
   5      4.76923E+01  0.00000E+00   3.03226E+01  0.00000E+00   0.00000E+00  0.00000E+00   2.57732E+01  0.00000E+00
   6      4.00000E+01  0.00000E+00   2.76316E+01  0.00000E+00   0.00000E+00  0.00000E+00   2.33871E+01  0.00000E+00
   7      5.23810E+01  0.00000E+00   2.53247E+01  0.00000E+00   0.00000E+00  0.00000E+00   2.38095E+01  0.00000E+00
   8      4.37500E+01  0.00000E+00   1.94444E+01  0.00000E+00   0.00000E+00  0.00000E+00   2.01923E+01  0.00000E+00
   9      3.33333E+01  0.00000E+00   2.11111E+01  0.00000E+00   0.00000E+00  0.00000E+00   2.07407E+01  0.00000E+00
  10      4.00000E+01  0.00000E+00   2.00000E+01  0.00000E+00       ---          ---       2.66667E+01  0.00000E+00
  11      2.72727E+01  0.00000E+00   9.09091E+00  0.00000E+00       ---          ---       1.81818E+01  0.00000E+00
  12      2.50000E+01  0.00000E+00   8.33333E+00  0.00000E+00       ---          ---       1.66667E+01  0.00000E+00
  13      3.84615E+01  0.00000E+00   2.30769E+01  0.00000E+00       ---          ---       3.07692E+01  0.00000E+00
  14      3.57143E+01  0.00000E+00   1.42857E+01  0.00000E+00       ---          ---       2.50000E+01  0.00000E+00
  15          ---          ---           ---          ---           ---          ---           ---          ---
  16          ---          ---       1.25000E+01  0.00000E+00       ---          ---       1.25000E+01  0.00000E+00
  17          ---          ---           ---          ---           ---          ---           ---          ---
  18          ---          ---           ---          ---           ---          ---           ---          ---
  19          ---          ---           ---          ---           ---          ---           ---          ---
  20          ---          ---           ---          ---           ---          ---           ---          ---
  21          ---          ---           ---          ---           ---          ---           ---          ---
  22          ---          ---           ---          ---           ---          ---           ---          ---
  23          ---          ---           ---          ---           ---          ---           ---          ---
  24          ---          ---           ---          ---           ---          ---           ---          ---
  25          ---          ---           ---          ---           ---          ---           ---          ---
  26          ---          ---           ---          ---           ---          ---           ---          ---
  27          ---          ---           ---          ---           ---          ---           ---          ---
  28          ---          ---           ---          ---           ---          ---           ---          ---
  29          ---          ---           ---          ---           ---          ---           ---          ---
  30          ---          ---           ---          ---           ---          ---           ---          ---
  31          ---          ---           ---          ---           ---          ---           ---          ---
  32          ---          ---           ---          ---           ---          ---           ---          ---
  33          ---          ---           ---          ---           ---          ---           ---          ---
  34          ---          ---           ---          ---           ---          ---           ---          ---
  35          ---          ---           ---          ---           ---          ---           ---          ---
  36          ---          ---           ---          ---           ---          ---           ---          ---
  37          ---          ---           ---          ---           ---          ---           ---          ---
  38          ---          ---           ---          ---           ---          ---           ---          ---
  39          ---          ---           ---          ---           ---          ---           ---          ---
  40          ---          ---           ---          ---           ---          ---           ---          ---
  41          ---          ---           ---          ---           ---          ---           ---          ---
  42          ---          ---           ---          ---           ---          ---           ---          ---
  43          ---          ---           ---          ---           ---          ---           ---          ---
  44          ---          ---           ---          ---           ---          ---           ---          ---
  45          ---          ---           ---          ---           ---          ---           ---          ---
  46          ---          ---           ---          ---           ---          ---           ---          ---
  47          ---          ---           ---          ---           ---          ---           ---          ---
  48          ---          ---           ---          ---           ---          ---           ---          ---
  49          ---          ---           ---          ---           ---          ---           ---          ---
  50          ---          ---           ---          ---           ---          ---           ---          ---
Average   5.94130E+01  0.00000E+00   5.87088E+01  0.00000E+00   0.00000E+00  0.00000E+00   2.54534E+01  0.00000E+00
-------------------------------------------------------------------------------------------------------------------
NOTES: (% Sb) is the percentage of lesions that are strand breaks. The number of Sb is [(% Sb)/100]*(# lesions).
The number of Bd is (1-(% Sb)/100)*(# lesions).
