===============================
MCDS Version 3.10A  05-DEC-2011
===============================
      0.005     running time (min)
  987654321     random number seed
          1     number of cells (nocs)
 0.0000E+00     water-equivalent material (WEM) thickness (mg/cm^2)
 1.0000E+00     Desired dose to the cell nucleus (Gy)
 6.0000E+00     DNA content (Gbp)

TARGET (cell) DEFINITION (4V/S = mean chord length)
========================================================
            DIAMETER     4V/S      Volume      Mass
               (um)      (um)      (um^3)      (ng)
--------------------------------------------------------
DNA            ---        ---     6.123E+00  6.123E-03
NUCLEUS     5.000E+00  3.333E+00  6.545E+01  6.545E-02
CYTOPLASM      ---        ---     -6.545E+01  -6.545E-02
CELL        0.000E+00  0.000E+00  0.000E+00  0.000E+00
========================================================
NOTE: In human DNA, 1 Gbp=0.979 ng (not including bound
H2O).  DNA volume computed using a density of 1 g/cm^3.

WARNING: volume of nucleus larger than the volume of the cell!

INCIDENT PARTICLE: 12C (mass = 1.20000E+01 u = 1.11749E+04 MeV/c^2)
  2.20000E+02 MeV >= 1.00000E-06 MeV
  1.83333E+01 MeV/A >= 8.33333E-08 MeV/A)
  2.22830E+03 MeV (p*c = momentum x speed of light)
  5.56477E-04 pm (de Broglie wavelength)
  1.01969E+00 = T/m0c2+1 (Lorentz factor) >= 1
  5.99634E+00 ABS(effective charge); Barkas 1963
  1.95553E-01 beta = (v/c) <= 1
  9.40248E+02 (zeff/beta)^2 <= 2.000E+05
  9.91588E+01 keV/um (total stopping power in H2O)
  9.91034E+01 keV/um ( 99.944% electronic)
  5.54796E-02 keV/um (  0.056% nuclear)
  1.25611E-01 CSDA range of particle (cm) in H2O

PARTICLE TRANSPORT - Beam of radiation incident on bottom of cell culture dish
(WEM=0.00 um, cell=0.00 um, nucleus=5.00 um; total distance traveled to
reach nucleus=-2.500 um of H2O).
==============================================================================
                                  ------- Cell --------  ------- Nucleus -----
                       Incident      Entry      Exit       Entry       Exit
==============================================================================
         KE (MeV)   2.2000E+02  2.2000E+02  2.2000E+02  2.2000E+02  2.1975E+02
    (Zeff/beta)^2   9.4025E+02  9.4025E+02  9.4025E+02  9.4025E+02  9.4127E+02
     LET (keV/um)   9.9159E+01  9.9159E+01  9.9159E+01  9.9159E+01  9.9249E+01
  Res. Range (um)   1.2561E+03  1.2561E+03  1.2561E+03  1.2561E+03  1.2536E+03
 DPUF1 (nGy-cm^2)   1.5885E+02  1.5885E+02  1.5885E+02  1.5885E+02  1.5900E+02
 DPUF2 (nGy-cm^2)      ---      NaN     ---      1.5896E+02     ---
       Edep (keV)      ---      NaN     ---      3.3076E+02     ---
      YF (keV/um)      ---      NaN     ---      9.9227E+01     ---
          ZF (Gy)      ---      NaN     ---      8.0958E-01     ---
==============================================================================
LET=(Stot-Srad); absorbed dose per unit fluence (DPUF1) = 1.602*LET/rho
Avg. absorbed dose within target (i.e., DPUF2) = 2.5*pi*d*d*zf
Edep = 0.1602*ZF*PI*d*d*d/6; yf = edep/lbar = 0.25*edep*{area}/{volume}

DAMAGE FORMATION AND CLUSTERING (normoxic conditions)
      52912     segment length, nseg (bp per cell per Gy)
       1300     number of strand breaks, sigSb (per cell per Gy)
       3900     number of base damages,  sigBd (per cell per Gy)
        3.0     base damage to strand break ratio, f
          9     minimum distance between clusters, Nmin (bp)
         10     maximum distance between two Sb to compose a DSB, Ndsb (bp)
        0.0     fraction Bl/Bd

OXYGEN SIMULATION (M0=1.740, K=0.3372, q=946.10, r=2.15)
  1.0000E+02 % O2 concentration (=760.00 mmHg)
  1.2487E-03 chemical repair probability (pcr)
  9.9875E-01 O2 fixation probability (1-pcr)
  1.0013E+00 Approx. HRF for SSB induction [=1/(1-pcr)]
  1.0025E+00 Approx. HRF for DSB induction [1/(1-pcr)]^2

DMSO SIMULATION
  5.0000E-01 fraction of non-scavengeable DNA damage (fnsd)
  5.0000E-01 concentration (mol dm^-3) at half-level (chmx)
  0.0000E+00 DMSO concentration (mol dm^-3)

TABLE 1. Percent (%) cluster yields by complexity, as classified using the scheme of Nikjoo et al. (IJRB 71, 
467-483 1997 and and Radiat. Res. 156, 577-583 2001).
===================================================================================================================
    54.611     BD    - one or more Bd (no Sb)
    33.221     SSB   - Sb (no auxilary damage)
     4.877     SSB+  - two Sb on the same strand
     1.738     2SSB  - two or more Sb on opposite strands separated by at least 10 bp
     3.139     DSB   - two Sb on opposite strands with a separation <= 10 bp
     1.738     DSB+  - DSB accompanied by one (or more) additional Sb within 10 bp separation
     0.676     DSB++ - more than one DSB whether within the 10 bp separation or further apart
    16.606     SSBc  - fraction of complex damage (SSB+ and 2SSB) among SSBs
    75.636     SSBcb - fraction of complex damage (SSB+ and 2SSB) among SSBs; base damage included
    43.478     DSBc  - fraction of complex damage (DSB+ and DSB++) among DSBs
    85.217     DSBcb - fraction of complex damage (DSB+ and DSB++) among DSBs; base damage included
===================================================================================================================

TABLE 2. Number of clusters per cell (DNA=6.000 Gbp, AD=1.000 Gy).
===================================================================================================================
Number of --------- DSB ----------   --------- SSB ----------   -------- OTHER ---------   ----- ALL CLUSTERS -----
 lesions    Average        SEM         Average        SEM         Average        SEM         Average        SEM    
===================================================================================================================
   1          ---          ---       2.01000E+02  0.00000E+00   6.24000E+02  0.00000E+00   8.25000E+02  0.00000E+00
   2      1.70000E+01  0.00000E+00   2.08000E+02  0.00000E+00   2.89000E+02  0.00000E+00   5.14000E+02  0.00000E+00
   3      1.60000E+01  0.00000E+00   1.36000E+02  0.00000E+00   1.26000E+02  0.00000E+00   2.78000E+02  0.00000E+00
   4      2.00000E+01  0.00000E+00   1.09000E+02  0.00000E+00   4.50000E+01  0.00000E+00   1.74000E+02  0.00000E+00
   5      2.00000E+01  0.00000E+00   6.00000E+01  0.00000E+00   2.90000E+01  0.00000E+00   1.09000E+02  0.00000E+00
   6      1.60000E+01  0.00000E+00   5.00000E+01  0.00000E+00   8.00000E+00  0.00000E+00   7.40000E+01  0.00000E+00
   7      1.20000E+01  0.00000E+00   2.10000E+01  0.00000E+00   4.00000E+00  0.00000E+00   3.70000E+01  0.00000E+00
   8      2.00000E+00  0.00000E+00   1.90000E+01  0.00000E+00   3.00000E+00  0.00000E+00   2.40000E+01  0.00000E+00
   9      8.00000E+00  0.00000E+00   8.00000E+00  0.00000E+00   2.00000E+00  0.00000E+00   1.80000E+01  0.00000E+00
  10      1.00000E+00  0.00000E+00   5.00000E+00  0.00000E+00   1.00000E+00  0.00000E+00   7.00000E+00  0.00000E+00
  11      1.00000E+00  0.00000E+00   4.00000E+00  0.00000E+00       ---          ---       5.00000E+00  0.00000E+00
  12          ---          ---       2.00000E+00  0.00000E+00       ---          ---       2.00000E+00  0.00000E+00
  13          ---          ---       1.00000E+00  0.00000E+00       ---          ---       1.00000E+00  0.00000E+00
  14          ---          ---       1.00000E+00  0.00000E+00       ---          ---       1.00000E+00  0.00000E+00
  15      1.00000E+00  0.00000E+00       ---          ---           ---          ---       1.00000E+00  0.00000E+00
  16          ---          ---           ---          ---           ---          ---           ---          ---
  17      1.00000E+00  0.00000E+00       ---          ---           ---          ---       1.00000E+00  0.00000E+00
  18          ---          ---           ---          ---           ---          ---           ---          ---
  19          ---          ---           ---          ---           ---          ---           ---          ---
  20          ---          ---           ---          ---           ---          ---           ---          ---
  21          ---          ---           ---          ---           ---          ---           ---          ---
  22          ---          ---           ---          ---           ---          ---           ---          ---
  23          ---          ---           ---          ---           ---          ---           ---          ---
  24          ---          ---           ---          ---           ---          ---           ---          ---
  25          ---          ---           ---          ---           ---          ---           ---          ---
  26          ---          ---           ---          ---           ---          ---           ---          ---
  27          ---          ---           ---          ---           ---          ---           ---          ---
  28          ---          ---           ---          ---           ---          ---           ---          ---
  29          ---          ---           ---          ---           ---          ---           ---          ---
  30          ---          ---           ---          ---           ---          ---           ---          ---
  31          ---          ---           ---          ---           ---          ---           ---          ---
  32          ---          ---           ---          ---           ---          ---           ---          ---
  33          ---          ---           ---          ---           ---          ---           ---          ---
  34          ---          ---           ---          ---           ---          ---           ---          ---
  35          ---          ---           ---          ---           ---          ---           ---          ---
  36          ---          ---           ---          ---           ---          ---           ---          ---
  37          ---          ---           ---          ---           ---          ---           ---          ---
  38          ---          ---           ---          ---           ---          ---           ---          ---
  39          ---          ---           ---          ---           ---          ---           ---          ---
  40          ---          ---           ---          ---           ---          ---           ---          ---
  41          ---          ---           ---          ---           ---          ---           ---          ---
  42          ---          ---           ---          ---           ---          ---           ---          ---
  43          ---          ---           ---          ---           ---          ---           ---          ---
  44          ---          ---           ---          ---           ---          ---           ---          ---
  45          ---          ---           ---          ---           ---          ---           ---          ---
  46          ---          ---           ---          ---           ---          ---           ---          ---
  47          ---          ---           ---          ---           ---          ---           ---          ---
  48          ---          ---           ---          ---           ---          ---           ---          ---
  49          ---          ---           ---          ---           ---          ---           ---          ---
  50          ---          ---           ---          ---           ---          ---           ---          ---
 Total    1.15000E+02  0.00000E+00   8.25000E+02  0.00000E+00   1.13100E+03  0.00000E+00   2.07100E+03  0.00000E+00
-------------------------------------------------------------------------------------------------------------------
NOTE: The category "OTHER" includes all classes of individual and clustered DNA lesion, except for SSB and DSB.
SEM = standard error of the mean.

TABLE 3. Number of clusters per cell per track (DNA=6.000 Gbp, ZF=0.80958 Gy).
===================================================================================================================
Number of --------- DSB ----------   --------- SSB ----------   -------- OTHER ---------   ----- ALL CLUSTERS -----
 lesions    Average        SEM         Average        SEM         Average        SEM         Average        SEM    
===================================================================================================================
   1          ---          ---       1.62726E+02  0.00000E+00   5.05179E+02  0.00000E+00   6.67904E+02  0.00000E+00
   2      1.37629E+01  0.00000E+00   1.68393E+02  0.00000E+00   2.33969E+02  0.00000E+00   4.16125E+02  0.00000E+00
   3      1.29533E+01  0.00000E+00   1.10103E+02  0.00000E+00   1.02007E+02  0.00000E+00   2.25064E+02  0.00000E+00
   4      1.61916E+01  0.00000E+00   8.82443E+01  0.00000E+00   3.64312E+01  0.00000E+00   1.40867E+02  0.00000E+00
   5      1.61916E+01  0.00000E+00   4.85749E+01  0.00000E+00   2.34779E+01  0.00000E+00   8.82443E+01  0.00000E+00
   6      1.29533E+01  0.00000E+00   4.04791E+01  0.00000E+00   6.47665E+00  0.00000E+00   5.99090E+01  0.00000E+00
   7      9.71497E+00  0.00000E+00   1.70012E+01  0.00000E+00   3.23832E+00  0.00000E+00   2.99545E+01  0.00000E+00
   8      1.61916E+00  0.00000E+00   1.53820E+01  0.00000E+00   2.42874E+00  0.00000E+00   1.94299E+01  0.00000E+00
   9      6.47665E+00  0.00000E+00   6.47665E+00  0.00000E+00   1.61916E+00  0.00000E+00   1.45725E+01  0.00000E+00
  10      8.09581E-01  0.00000E+00   4.04791E+00  0.00000E+00   8.09581E-01  0.00000E+00   5.66707E+00  0.00000E+00
  11      8.09581E-01  0.00000E+00   3.23832E+00  0.00000E+00       ---          ---       4.04791E+00  0.00000E+00
  12          ---          ---       1.61916E+00  0.00000E+00       ---          ---       1.61916E+00  0.00000E+00
  13          ---          ---       8.09581E-01  0.00000E+00       ---          ---       8.09581E-01  0.00000E+00
  14          ---          ---       8.09581E-01  0.00000E+00       ---          ---       8.09581E-01  0.00000E+00
  15      8.09581E-01  0.00000E+00       ---          ---           ---          ---       8.09581E-01  0.00000E+00
  16          ---          ---           ---          ---           ---          ---           ---          ---
  17      8.09581E-01  0.00000E+00       ---          ---           ---          ---       8.09581E-01  0.00000E+00
  18          ---          ---           ---          ---           ---          ---           ---          ---
  19          ---          ---           ---          ---           ---          ---           ---          ---
  20          ---          ---           ---          ---           ---          ---           ---          ---
  21          ---          ---           ---          ---           ---          ---           ---          ---
  22          ---          ---           ---          ---           ---          ---           ---          ---
  23          ---          ---           ---          ---           ---          ---           ---          ---
  24          ---          ---           ---          ---           ---          ---           ---          ---
  25          ---          ---           ---          ---           ---          ---           ---          ---
  26          ---          ---           ---          ---           ---          ---           ---          ---
  27          ---          ---           ---          ---           ---          ---           ---          ---
  28          ---          ---           ---          ---           ---          ---           ---          ---
  29          ---          ---           ---          ---           ---          ---           ---          ---
  30          ---          ---           ---          ---           ---          ---           ---          ---
  31          ---          ---           ---          ---           ---          ---           ---          ---
  32          ---          ---           ---          ---           ---          ---           ---          ---
  33          ---          ---           ---          ---           ---          ---           ---          ---
  34          ---          ---           ---          ---           ---          ---           ---          ---
  35          ---          ---           ---          ---           ---          ---           ---          ---
  36          ---          ---           ---          ---           ---          ---           ---          ---
  37          ---          ---           ---          ---           ---          ---           ---          ---
  38          ---          ---           ---          ---           ---          ---           ---          ---
  39          ---          ---           ---          ---           ---          ---           ---          ---
  40          ---          ---           ---          ---           ---          ---           ---          ---
  41          ---          ---           ---          ---           ---          ---           ---          ---
  42          ---          ---           ---          ---           ---          ---           ---          ---
  43          ---          ---           ---          ---           ---          ---           ---          ---
  44          ---          ---           ---          ---           ---          ---           ---          ---
  45          ---          ---           ---          ---           ---          ---           ---          ---
  46          ---          ---           ---          ---           ---          ---           ---          ---
  47          ---          ---           ---          ---           ---          ---           ---          ---
  48          ---          ---           ---          ---           ---          ---           ---          ---
  49          ---          ---           ---          ---           ---          ---           ---          ---
  50          ---          ---           ---          ---           ---          ---           ---          ---
 Total    9.31018E+01  0.00000E+00   6.67904E+02  0.00000E+00   9.15636E+02  0.00000E+00   1.67664E+03  0.00000E+00
-------------------------------------------------------------------------------------------------------------------

TABLE 4. Cluster Length (in base pair)
===================================================================================================================
Number of --------- DSB ----------   --------- SSB ----------   -------- OTHER ---------   ----- ALL CLUSTERS -----
 lesions    Average        SEM         Average        SEM         Average        SEM         Average        SEM    
===================================================================================================================
   1          ---          ---       1.00000E+00  0.00000E+00   1.00000E+00  0.00000E+00   1.00000E+00  0.00000E+00
   2      4.94118E+00  0.00000E+00   5.63462E+00  0.00000E+00   5.21453E+00  0.00000E+00   5.37549E+00  0.00000E+00
   3      8.12500E+00  0.00000E+00   9.75000E+00  0.00000E+00   9.64286E+00  0.00000E+00   9.60791E+00  0.00000E+00
   4      1.24000E+01  0.00000E+00   1.33028E+01  0.00000E+00   1.38222E+01  0.00000E+00   1.33333E+01  0.00000E+00
   5      1.80500E+01  0.00000E+00   1.74667E+01  0.00000E+00   1.77241E+01  0.00000E+00   1.76422E+01  0.00000E+00
   6      1.96875E+01  0.00000E+00   2.31400E+01  0.00000E+00   2.08750E+01  0.00000E+00   2.21486E+01  0.00000E+00
   7      2.45000E+01  0.00000E+00   2.82857E+01  0.00000E+00   2.67500E+01  0.00000E+00   2.68919E+01  0.00000E+00
   8      2.65000E+01  0.00000E+00   2.98947E+01  0.00000E+00   3.03333E+01  0.00000E+00   2.96667E+01  0.00000E+00
   9      3.32500E+01  0.00000E+00   3.48750E+01  0.00000E+00   3.70000E+01  0.00000E+00   3.43889E+01  0.00000E+00
  10      3.90000E+01  0.00000E+00   3.90000E+01  0.00000E+00   4.80000E+01  0.00000E+00   4.02857E+01  0.00000E+00
  11      3.30000E+01  0.00000E+00   4.50000E+01  0.00000E+00       ---          ---       4.26000E+01  0.00000E+00
  12          ---          ---       3.95000E+01  0.00000E+00       ---          ---       3.95000E+01  0.00000E+00
  13          ---          ---       4.80000E+01  0.00000E+00       ---          ---       4.80000E+01  0.00000E+00
  14          ---          ---       4.80000E+01  0.00000E+00       ---          ---       4.80000E+01  0.00000E+00
  15      5.90000E+01  0.00000E+00       ---          ---           ---          ---       5.90000E+01  0.00000E+00
  16          ---          ---           ---          ---           ---          ---           ---          ---
  17      7.50000E+01  0.00000E+00       ---          ---           ---          ---       7.50000E+01  0.00000E+00
  18          ---          ---           ---          ---           ---          ---           ---          ---
  19          ---          ---           ---          ---           ---          ---           ---          ---
  20          ---          ---           ---          ---           ---          ---           ---          ---
  21          ---          ---           ---          ---           ---          ---           ---          ---
  22          ---          ---           ---          ---           ---          ---           ---          ---
  23          ---          ---           ---          ---           ---          ---           ---          ---
  24          ---          ---           ---          ---           ---          ---           ---          ---
  25          ---          ---           ---          ---           ---          ---           ---          ---
  26          ---          ---           ---          ---           ---          ---           ---          ---
  27          ---          ---           ---          ---           ---          ---           ---          ---
  28          ---          ---           ---          ---           ---          ---           ---          ---
  29          ---          ---           ---          ---           ---          ---           ---          ---
  30          ---          ---           ---          ---           ---          ---           ---          ---
  31          ---          ---           ---          ---           ---          ---           ---          ---
  32          ---          ---           ---          ---           ---          ---           ---          ---
  33          ---          ---           ---          ---           ---          ---           ---          ---
  34          ---          ---           ---          ---           ---          ---           ---          ---
  35          ---          ---           ---          ---           ---          ---           ---          ---
  36          ---          ---           ---          ---           ---          ---           ---          ---
  37          ---          ---           ---          ---           ---          ---           ---          ---
  38          ---          ---           ---          ---           ---          ---           ---          ---
  39          ---          ---           ---          ---           ---          ---           ---          ---
  40          ---          ---           ---          ---           ---          ---           ---          ---
  41          ---          ---           ---          ---           ---          ---           ---          ---
  42          ---          ---           ---          ---           ---          ---           ---          ---
  43          ---          ---           ---          ---           ---          ---           ---          ---
  44          ---          ---           ---          ---           ---          ---           ---          ---
  45          ---          ---           ---          ---           ---          ---           ---          ---
  46          ---          ---           ---          ---           ---          ---           ---          ---
  47          ---          ---           ---          ---           ---          ---           ---          ---
  48          ---          ---           ---          ---           ---          ---           ---          ---
  49          ---          ---           ---          ---           ---          ---           ---          ---
  50          ---          ---           ---          ---           ---          ---           ---          ---
Average   1.70174E+01  0.00000E+00   1.01152E+01  0.00000E+00   4.39346E+00  0.00000E+00   7.37373E+00  0.00000E+00
-------------------------------------------------------------------------------------------------------------------

TABLE 5. Density of lesions forming a cluster (in units of lesions per nucleotide).
===================================================================================================================
Number of --------- DSB ----------   --------- SSB ----------   -------- OTHER ---------   ----- ALL CLUSTERS -----
 lesions    Average        SEM         Average        SEM         Average        SEM         Average        SEM    
===================================================================================================================
   1          ---          ---       5.00000E-01  0.00000E+00   5.00000E-01  0.00000E+00   5.00000E-01  0.00000E+00
   2      3.05439E-01  0.00000E+00   2.40564E-01  0.00000E+00   2.66371E-01  0.00000E+00   2.57220E-01  0.00000E+00
   3      2.25896E-01  0.00000E+00   1.89221E-01  0.00000E+00   1.81348E-01  0.00000E+00   1.87764E-01  0.00000E+00
   4      1.87575E-01  0.00000E+00   1.86631E-01  0.00000E+00   1.62763E-01  0.00000E+00   1.80567E-01  0.00000E+00
   5      1.58029E-01  0.00000E+00   1.57719E-01  0.00000E+00   1.47781E-01  0.00000E+00   1.55132E-01  0.00000E+00
   6      1.60437E-01  0.00000E+00   1.35910E-01  0.00000E+00   1.60281E-01  0.00000E+00   1.43848E-01  0.00000E+00
   7      1.50137E-01  0.00000E+00   1.30462E-01  0.00000E+00   1.35438E-01  0.00000E+00   1.37381E-01  0.00000E+00
   8      1.57738E-01  0.00000E+00   1.39981E-01  0.00000E+00   1.39239E-01  0.00000E+00   1.41368E-01  0.00000E+00
   9      1.40073E-01  0.00000E+00   1.35941E-01  0.00000E+00   1.23884E-01  0.00000E+00   1.36438E-01  0.00000E+00
  10      1.28205E-01  0.00000E+00   1.43908E-01  0.00000E+00   1.04167E-01  0.00000E+00   1.35987E-01  0.00000E+00
  11      1.66667E-01  0.00000E+00   1.25785E-01  0.00000E+00       ---          ---       1.33962E-01  0.00000E+00
  12          ---          ---       1.59274E-01  0.00000E+00       ---          ---       1.59274E-01  0.00000E+00
  13          ---          ---       1.35417E-01  0.00000E+00       ---          ---       1.35417E-01  0.00000E+00
  14          ---          ---       1.45833E-01  0.00000E+00       ---          ---       1.45833E-01  0.00000E+00
  15      1.27119E-01  0.00000E+00       ---          ---           ---          ---       1.27119E-01  0.00000E+00
  16          ---          ---           ---          ---           ---          ---           ---          ---
  17      1.13333E-01  0.00000E+00       ---          ---           ---          ---       1.13333E-01  0.00000E+00
  18          ---          ---           ---          ---           ---          ---           ---          ---
  19          ---          ---           ---          ---           ---          ---           ---          ---
  20          ---          ---           ---          ---           ---          ---           ---          ---
  21          ---          ---           ---          ---           ---          ---           ---          ---
  22          ---          ---           ---          ---           ---          ---           ---          ---
  23          ---          ---           ---          ---           ---          ---           ---          ---
  24          ---          ---           ---          ---           ---          ---           ---          ---
  25          ---          ---           ---          ---           ---          ---           ---          ---
  26          ---          ---           ---          ---           ---          ---           ---          ---
  27          ---          ---           ---          ---           ---          ---           ---          ---
  28          ---          ---           ---          ---           ---          ---           ---          ---
  29          ---          ---           ---          ---           ---          ---           ---          ---
  30          ---          ---           ---          ---           ---          ---           ---          ---
  31          ---          ---           ---          ---           ---          ---           ---          ---
  32          ---          ---           ---          ---           ---          ---           ---          ---
  33          ---          ---           ---          ---           ---          ---           ---          ---
  34          ---          ---           ---          ---           ---          ---           ---          ---
  35          ---          ---           ---          ---           ---          ---           ---          ---
  36          ---          ---           ---          ---           ---          ---           ---          ---
  37          ---          ---           ---          ---           ---          ---           ---          ---
  38          ---          ---           ---          ---           ---          ---           ---          ---
  39          ---          ---           ---          ---           ---          ---           ---          ---
  40          ---          ---           ---          ---           ---          ---           ---          ---
  41          ---          ---           ---          ---           ---          ---           ---          ---
  42          ---          ---           ---          ---           ---          ---           ---          ---
  43          ---          ---           ---          ---           ---          ---           ---          ---
  44          ---          ---           ---          ---           ---          ---           ---          ---
  45          ---          ---           ---          ---           ---          ---           ---          ---
  46          ---          ---           ---          ---           ---          ---           ---          ---
  47          ---          ---           ---          ---           ---          ---           ---          ---
  48          ---          ---           ---          ---           ---          ---           ---          ---
  49          ---          ---           ---          ---           ---          ---           ---          ---
  50          ---          ---           ---          ---           ---          ---           ---          ---
Average   1.91816E-01  0.00000E+00   2.68100E-01  0.00000E+00   3.76689E-01  0.00000E+00   3.23166E-01  0.00000E+00
-------------------------------------------------------------------------------------------------------------------
NOTE: Lesion density computed as the number of lesions per cluster divided by twice the cluster length.

TABLE 6. Cluster composition (% Sb per cluster)
===================================================================================================================
Number of --------- DSB ----------   --------- SSB ----------   -------- OTHER ---------   ----- ALL CLUSTERS -----
 lesions    Average        SEM         Average        SEM         Average        SEM         Average        SEM    
===================================================================================================================
   1          ---          ---       1.00000E+02  0.00000E+00   0.00000E+00  0.00000E+00   2.43636E+01  0.00000E+00
   2      1.00000E+02  0.00000E+00   5.38462E+01  0.00000E+00   0.00000E+00  0.00000E+00   2.50973E+01  0.00000E+00
   3      7.29167E+01  0.00000E+00   3.62745E+01  0.00000E+00   0.00000E+00  0.00000E+00   2.19424E+01  0.00000E+00
   4      5.75000E+01  0.00000E+00   3.23394E+01  0.00000E+00   0.00000E+00  0.00000E+00   2.68678E+01  0.00000E+00
   5      5.20000E+01  0.00000E+00   2.96667E+01  0.00000E+00   0.00000E+00  0.00000E+00   2.58716E+01  0.00000E+00
   6      5.31250E+01  0.00000E+00   2.43333E+01  0.00000E+00   0.00000E+00  0.00000E+00   2.79279E+01  0.00000E+00
   7      4.16667E+01  0.00000E+00   2.58503E+01  0.00000E+00   0.00000E+00  0.00000E+00   2.81853E+01  0.00000E+00
   8      2.50000E+01  0.00000E+00   2.43421E+01  0.00000E+00   0.00000E+00  0.00000E+00   2.13542E+01  0.00000E+00
   9      3.33333E+01  0.00000E+00   2.22222E+01  0.00000E+00   0.00000E+00  0.00000E+00   2.46914E+01  0.00000E+00
  10      6.00000E+01  0.00000E+00   2.40000E+01  0.00000E+00   0.00000E+00  0.00000E+00   2.57143E+01  0.00000E+00
  11      5.45455E+01  0.00000E+00   1.59091E+01  0.00000E+00       ---          ---       2.36364E+01  0.00000E+00
  12          ---          ---       1.25000E+01  0.00000E+00       ---          ---       1.25000E+01  0.00000E+00
  13          ---          ---       3.07692E+01  0.00000E+00       ---          ---       3.07692E+01  0.00000E+00
  14          ---          ---       2.14286E+01  0.00000E+00       ---          ---       2.14286E+01  0.00000E+00
  15      2.00000E+01  0.00000E+00       ---          ---           ---          ---       2.00000E+01  0.00000E+00
  16          ---          ---           ---          ---           ---          ---           ---          ---
  17      3.52941E+01  0.00000E+00       ---          ---           ---          ---       3.52941E+01  0.00000E+00
  18          ---          ---           ---          ---           ---          ---           ---          ---
  19          ---          ---           ---          ---           ---          ---           ---          ---
  20          ---          ---           ---          ---           ---          ---           ---          ---
  21          ---          ---           ---          ---           ---          ---           ---          ---
  22          ---          ---           ---          ---           ---          ---           ---          ---
  23          ---          ---           ---          ---           ---          ---           ---          ---
  24          ---          ---           ---          ---           ---          ---           ---          ---
  25          ---          ---           ---          ---           ---          ---           ---          ---
  26          ---          ---           ---          ---           ---          ---           ---          ---
  27          ---          ---           ---          ---           ---          ---           ---          ---
  28          ---          ---           ---          ---           ---          ---           ---          ---
  29          ---          ---           ---          ---           ---          ---           ---          ---
  30          ---          ---           ---          ---           ---          ---           ---          ---
  31          ---          ---           ---          ---           ---          ---           ---          ---
  32          ---          ---           ---          ---           ---          ---           ---          ---
  33          ---          ---           ---          ---           ---          ---           ---          ---
  34          ---          ---           ---          ---           ---          ---           ---          ---
  35          ---          ---           ---          ---           ---          ---           ---          ---
  36          ---          ---           ---          ---           ---          ---           ---          ---
  37          ---          ---           ---          ---           ---          ---           ---          ---
  38          ---          ---           ---          ---           ---          ---           ---          ---
  39          ---          ---           ---          ---           ---          ---           ---          ---
  40          ---          ---           ---          ---           ---          ---           ---          ---
  41          ---          ---           ---          ---           ---          ---           ---          ---
  42          ---          ---           ---          ---           ---          ---           ---          ---
  43          ---          ---           ---          ---           ---          ---           ---          ---
  44          ---          ---           ---          ---           ---          ---           ---          ---
  45          ---          ---           ---          ---           ---          ---           ---          ---
  46          ---          ---           ---          ---           ---          ---           ---          ---
  47          ---          ---           ---          ---           ---          ---           ---          ---
  48          ---          ---           ---          ---           ---          ---           ---          ---
  49          ---          ---           ---          ---           ---          ---           ---          ---
  50          ---          ---           ---          ---           ---          ---           ---          ---
Average   5.99406E+01  0.00000E+00   5.35745E+01  0.00000E+00   0.00000E+00  0.00000E+00   2.46703E+01  0.00000E+00
-------------------------------------------------------------------------------------------------------------------
NOTES: (% Sb) is the percentage of lesions that are strand breaks. The number of Sb is [(% Sb)/100]*(# lesions).
The number of Bd is (1-(% Sb)/100)*(# lesions).
