===============================
MCDS Version 3.10A  05-DEC-2011
===============================
      0.005     running time (min)
  987654321     random number seed
          1     number of cells (nocs)
 0.0000E+00     water-equivalent material (WEM) thickness (mg/cm^2)
 1.0000E+00     Desired dose to the cell nucleus (Gy)
 6.0000E+00     DNA content (Gbp)

TARGET (cell) DEFINITION (4V/S = mean chord length)
========================================================
            DIAMETER     4V/S      Volume      Mass
               (um)      (um)      (um^3)      (ng)
--------------------------------------------------------
DNA            ---        ---     6.123E+00  6.123E-03
NUCLEUS     5.000E+00  3.333E+00  6.545E+01  6.545E-02
CYTOPLASM      ---        ---     -6.545E+01  -6.545E-02
CELL        0.000E+00  0.000E+00  0.000E+00  0.000E+00
========================================================
NOTE: In human DNA, 1 Gbp=0.979 ng (not including bound
H2O).  DNA volume computed using a density of 1 g/cm^3.

WARNING: volume of nucleus larger than the volume of the cell!

INCIDENT PARTICLE: 12C (mass = 1.20000E+01 u = 1.11749E+04 MeV/c^2)
  5.60000E+03 MeV >= 1.00000E-06 MeV
  4.66667E+02 MeV/A >= 8.33333E-08 MeV/A)
  1.25107E+04 MeV (p*c = momentum x speed of light)
  9.91149E-05 pm (de Broglie wavelength)
  1.50112E+00 = T/m0c2+1 (Lorentz factor) >= 1
  6.00000E+00 ABS(effective charge); Barkas 1963
  7.45802E-01 beta = (v/c) <= 1
  6.47224E+01 (zeff/beta)^2 <= 2.000E+05
  1.00482E+01 keV/um (total stopping power in H2O)
  1.00457E+01 keV/um ( 99.976% electronic)
  2.41413E-03 keV/um (  0.024% nuclear)
  3.53302E+01 CSDA range of particle (cm) in H2O

PARTICLE TRANSPORT - Beam of radiation incident on bottom of cell culture dish
(WEM=0.00 um, cell=0.00 um, nucleus=5.00 um; total distance traveled to
reach nucleus=-2.500 um of H2O).
==============================================================================
                                  ------- Cell --------  ------- Nucleus -----
                       Incident      Entry      Exit       Entry       Exit
==============================================================================
         KE (MeV)   5.6000E+03  5.6000E+03  5.6000E+03  5.6000E+03  5.6000E+03
    (Zeff/beta)^2   6.4722E+01  6.4722E+01  6.4722E+01  6.4722E+01  6.4723E+01
     LET (keV/um)   1.0048E+01  1.0048E+01  1.0048E+01  1.0048E+01  1.0048E+01
  Res. Range (um)   3.5330E+05  3.5330E+05  3.5330E+05  3.5330E+05  3.5330E+05
 DPUF1 (nGy-cm^2)   1.6097E+01  1.6097E+01  1.6097E+01  1.6097E+01  1.6097E+01
 DPUF2 (nGy-cm^2)      ---      NaN     ---      1.6097E+01     ---
       Edep (keV)      ---      NaN     ---      3.3494E+01     ---
      YF (keV/um)      ---      NaN     ---      1.0048E+01     ---
          ZF (Gy)      ---      NaN     ---      8.1982E-02     ---
==============================================================================
LET=(Stot-Srad); absorbed dose per unit fluence (DPUF1) = 1.602*LET/rho
Avg. absorbed dose within target (i.e., DPUF2) = 2.5*pi*d*d*zf
Edep = 0.1602*ZF*PI*d*d*d/6; yf = edep/lbar = 0.25*edep*{area}/{volume}

DAMAGE FORMATION AND CLUSTERING (normoxic conditions)
     125084     segment length, nseg (bp per cell per Gy)
       1300     number of strand breaks, sigSb (per cell per Gy)
       3900     number of base damages,  sigBd (per cell per Gy)
        3.0     base damage to strand break ratio, f
          9     minimum distance between clusters, Nmin (bp)
         10     maximum distance between two Sb to compose a DSB, Ndsb (bp)
        0.0     fraction Bl/Bd

OXYGEN SIMULATION (M0=1.740, K=0.3372, q=946.10, r=2.15)
  1.0000E+02 % O2 concentration (=760.00 mmHg)
  2.4730E-03 chemical repair probability (pcr)
  9.9753E-01 O2 fixation probability (1-pcr)
  1.0025E+00 Approx. HRF for SSB induction [=1/(1-pcr)]
  1.0050E+00 Approx. HRF for DSB induction [1/(1-pcr)]^2

DMSO SIMULATION
  5.0000E-01 fraction of non-scavengeable DNA damage (fnsd)
  5.0000E-01 concentration (mol dm^-3) at half-level (chmx)
  0.0000E+00 DMSO concentration (mol dm^-3)

TABLE 1. Percent (%) cluster yields by complexity, as classified using the scheme of Nikjoo et al. (IJRB 71, 
467-483 1997 and and Radiat. Res. 156, 577-583 2001).
===================================================================================================================
    67.179     BD    - one or more Bd (no Sb)
    29.234     SSB   - Sb (no auxilary damage)
     1.452     SSB+  - two Sb on the same strand
     0.171     2SSB  - two or more Sb on opposite strands separated by at least 10 bp
     1.623     DSB   - two Sb on opposite strands with a separation <= 10 bp
     0.256     DSB+  - DSB accompanied by one (or more) additional Sb within 10 bp separation
     0.085     DSB++ - more than one DSB whether within the 10 bp separation or further apart
     5.258     SSBc  - fraction of complex damage (SSB+ and 2SSB) among SSBs
    47.694     SSBcb - fraction of complex damage (SSB+ and 2SSB) among SSBs; base damage included
    17.391     DSBc  - fraction of complex damage (DSB+ and DSB++) among DSBs
    55.072     DSBcb - fraction of complex damage (DSB+ and DSB++) among DSBs; base damage included
===================================================================================================================

TABLE 2. Number of clusters per cell (DNA=6.000 Gbp, AD=1.000 Gy).
===================================================================================================================
Number of --------- DSB ----------   --------- SSB ----------   -------- OTHER ---------   ----- ALL CLUSTERS -----
 lesions    Average        SEM         Average        SEM         Average        SEM         Average        SEM    
===================================================================================================================
   1          ---          ---       5.67000E+02  0.00000E+00   1.80000E+03  0.00000E+00   2.36700E+03  0.00000E+00
   2      3.10000E+01  0.00000E+00   3.34000E+02  0.00000E+00   4.30000E+02  0.00000E+00   7.95000E+02  0.00000E+00
   3      1.80000E+01  0.00000E+00   1.24000E+02  0.00000E+00   9.20000E+01  0.00000E+00   2.34000E+02  0.00000E+00
   4      1.00000E+01  0.00000E+00   4.00000E+01  0.00000E+00   3.00000E+01  0.00000E+00   8.00000E+01  0.00000E+00
   5      7.00000E+00  0.00000E+00   1.10000E+01  0.00000E+00   6.00000E+00  0.00000E+00   2.40000E+01  0.00000E+00
   6      1.00000E+00  0.00000E+00   5.00000E+00  0.00000E+00   2.00000E+00  0.00000E+00   8.00000E+00  0.00000E+00
   7      1.00000E+00  0.00000E+00   2.00000E+00  0.00000E+00       ---          ---       3.00000E+00  0.00000E+00
   8          ---          ---       1.00000E+00  0.00000E+00       ---          ---       1.00000E+00  0.00000E+00
   9          ---          ---           ---          ---           ---          ---           ---          ---
  10          ---          ---           ---          ---           ---          ---           ---          ---
  11      1.00000E+00  0.00000E+00       ---          ---           ---          ---       1.00000E+00  0.00000E+00
  12          ---          ---           ---          ---           ---          ---           ---          ---
  13          ---          ---           ---          ---           ---          ---           ---          ---
  14          ---          ---           ---          ---           ---          ---           ---          ---
  15          ---          ---           ---          ---           ---          ---           ---          ---
  16          ---          ---           ---          ---           ---          ---           ---          ---
  17          ---          ---           ---          ---           ---          ---           ---          ---
  18          ---          ---           ---          ---           ---          ---           ---          ---
  19          ---          ---           ---          ---           ---          ---           ---          ---
  20          ---          ---           ---          ---           ---          ---           ---          ---
  21          ---          ---           ---          ---           ---          ---           ---          ---
  22          ---          ---           ---          ---           ---          ---           ---          ---
  23          ---          ---           ---          ---           ---          ---           ---          ---
  24          ---          ---           ---          ---           ---          ---           ---          ---
  25          ---          ---           ---          ---           ---          ---           ---          ---
  26          ---          ---           ---          ---           ---          ---           ---          ---
  27          ---          ---           ---          ---           ---          ---           ---          ---
  28          ---          ---           ---          ---           ---          ---           ---          ---
  29          ---          ---           ---          ---           ---          ---           ---          ---
  30          ---          ---           ---          ---           ---          ---           ---          ---
  31          ---          ---           ---          ---           ---          ---           ---          ---
  32          ---          ---           ---          ---           ---          ---           ---          ---
  33          ---          ---           ---          ---           ---          ---           ---          ---
  34          ---          ---           ---          ---           ---          ---           ---          ---
  35          ---          ---           ---          ---           ---          ---           ---          ---
  36          ---          ---           ---          ---           ---          ---           ---          ---
  37          ---          ---           ---          ---           ---          ---           ---          ---
  38          ---          ---           ---          ---           ---          ---           ---          ---
  39          ---          ---           ---          ---           ---          ---           ---          ---
  40          ---          ---           ---          ---           ---          ---           ---          ---
  41          ---          ---           ---          ---           ---          ---           ---          ---
  42          ---          ---           ---          ---           ---          ---           ---          ---
  43          ---          ---           ---          ---           ---          ---           ---          ---
  44          ---          ---           ---          ---           ---          ---           ---          ---
  45          ---          ---           ---          ---           ---          ---           ---          ---
  46          ---          ---           ---          ---           ---          ---           ---          ---
  47          ---          ---           ---          ---           ---          ---           ---          ---
  48          ---          ---           ---          ---           ---          ---           ---          ---
  49          ---          ---           ---          ---           ---          ---           ---          ---
  50          ---          ---           ---          ---           ---          ---           ---          ---
 Total    6.90000E+01  0.00000E+00   1.08400E+03  0.00000E+00   2.36000E+03  0.00000E+00   3.51300E+03  0.00000E+00
-------------------------------------------------------------------------------------------------------------------
NOTE: The category "OTHER" includes all classes of individual and clustered DNA lesion, except for SSB and DSB.
SEM = standard error of the mean.

TABLE 3. Number of clusters per cell per track (DNA=6.000 Gbp, ZF=0.08198 Gy).
===================================================================================================================
Number of --------- DSB ----------   --------- SSB ----------   -------- OTHER ---------   ----- ALL CLUSTERS -----
 lesions    Average        SEM         Average        SEM         Average        SEM         Average        SEM    
===================================================================================================================
   1          ---          ---       4.64839E+01  0.00000E+00   1.47568E+02  0.00000E+00   1.94052E+02  0.00000E+00
   2      2.54145E+00  0.00000E+00   2.73820E+01  0.00000E+00   3.52523E+01  0.00000E+00   6.51758E+01  0.00000E+00
   3      1.47568E+00  0.00000E+00   1.01658E+01  0.00000E+00   7.54236E+00  0.00000E+00   1.91838E+01  0.00000E+00
   4      8.19822E-01  0.00000E+00   3.27929E+00  0.00000E+00   2.45947E+00  0.00000E+00   6.55857E+00  0.00000E+00
   5      5.73875E-01  0.00000E+00   9.01804E-01  0.00000E+00   4.91893E-01  0.00000E+00   1.96757E+00  0.00000E+00
   6      8.19822E-02  0.00000E+00   4.09911E-01  0.00000E+00   1.63964E-01  0.00000E+00   6.55857E-01  0.00000E+00
   7      8.19822E-02  0.00000E+00   1.63964E-01  0.00000E+00       ---          ---       2.45947E-01  0.00000E+00
   8          ---          ---       8.19822E-02  0.00000E+00       ---          ---       8.19822E-02  0.00000E+00
   9          ---          ---           ---          ---           ---          ---           ---          ---
  10          ---          ---           ---          ---           ---          ---           ---          ---
  11      8.19822E-02  0.00000E+00       ---          ---           ---          ---       8.19822E-02  0.00000E+00
  12          ---          ---           ---          ---           ---          ---           ---          ---
  13          ---          ---           ---          ---           ---          ---           ---          ---
  14          ---          ---           ---          ---           ---          ---           ---          ---
  15          ---          ---           ---          ---           ---          ---           ---          ---
  16          ---          ---           ---          ---           ---          ---           ---          ---
  17          ---          ---           ---          ---           ---          ---           ---          ---
  18          ---          ---           ---          ---           ---          ---           ---          ---
  19          ---          ---           ---          ---           ---          ---           ---          ---
  20          ---          ---           ---          ---           ---          ---           ---          ---
  21          ---          ---           ---          ---           ---          ---           ---          ---
  22          ---          ---           ---          ---           ---          ---           ---          ---
  23          ---          ---           ---          ---           ---          ---           ---          ---
  24          ---          ---           ---          ---           ---          ---           ---          ---
  25          ---          ---           ---          ---           ---          ---           ---          ---
  26          ---          ---           ---          ---           ---          ---           ---          ---
  27          ---          ---           ---          ---           ---          ---           ---          ---
  28          ---          ---           ---          ---           ---          ---           ---          ---
  29          ---          ---           ---          ---           ---          ---           ---          ---
  30          ---          ---           ---          ---           ---          ---           ---          ---
  31          ---          ---           ---          ---           ---          ---           ---          ---
  32          ---          ---           ---          ---           ---          ---           ---          ---
  33          ---          ---           ---          ---           ---          ---           ---          ---
  34          ---          ---           ---          ---           ---          ---           ---          ---
  35          ---          ---           ---          ---           ---          ---           ---          ---
  36          ---          ---           ---          ---           ---          ---           ---          ---
  37          ---          ---           ---          ---           ---          ---           ---          ---
  38          ---          ---           ---          ---           ---          ---           ---          ---
  39          ---          ---           ---          ---           ---          ---           ---          ---
  40          ---          ---           ---          ---           ---          ---           ---          ---
  41          ---          ---           ---          ---           ---          ---           ---          ---
  42          ---          ---           ---          ---           ---          ---           ---          ---
  43          ---          ---           ---          ---           ---          ---           ---          ---
  44          ---          ---           ---          ---           ---          ---           ---          ---
  45          ---          ---           ---          ---           ---          ---           ---          ---
  46          ---          ---           ---          ---           ---          ---           ---          ---
  47          ---          ---           ---          ---           ---          ---           ---          ---
  48          ---          ---           ---          ---           ---          ---           ---          ---
  49          ---          ---           ---          ---           ---          ---           ---          ---
  50          ---          ---           ---          ---           ---          ---           ---          ---
 Total    5.65677E+00  0.00000E+00   8.88687E+01  0.00000E+00   1.93478E+02  0.00000E+00   2.88003E+02  0.00000E+00
-------------------------------------------------------------------------------------------------------------------

TABLE 4. Cluster Length (in base pair)
===================================================================================================================
Number of --------- DSB ----------   --------- SSB ----------   -------- OTHER ---------   ----- ALL CLUSTERS -----
 lesions    Average        SEM         Average        SEM         Average        SEM         Average        SEM    
===================================================================================================================
   1          ---          ---       1.00000E+00  0.00000E+00   1.00000E+00  0.00000E+00   1.00000E+00  0.00000E+00
   2      5.67742E+00  0.00000E+00   5.76647E+00  0.00000E+00   5.52558E+00  0.00000E+00   5.63270E+00  0.00000E+00
   3      9.38889E+00  0.00000E+00   1.02177E+01  0.00000E+00   1.03587E+01  0.00000E+00   1.02094E+01  0.00000E+00
   4      1.30000E+01  0.00000E+00   1.50250E+01  0.00000E+00   1.52000E+01  0.00000E+00   1.48375E+01  0.00000E+00
   5      1.52857E+01  0.00000E+00   2.09091E+01  0.00000E+00   1.66667E+01  0.00000E+00   1.82083E+01  0.00000E+00
   6      2.50000E+01  0.00000E+00   2.16000E+01  0.00000E+00   2.65000E+01  0.00000E+00   2.32500E+01  0.00000E+00
   7      3.00000E+01  0.00000E+00   2.70000E+01  0.00000E+00       ---          ---       2.80000E+01  0.00000E+00
   8          ---          ---       3.00000E+01  0.00000E+00       ---          ---       3.00000E+01  0.00000E+00
   9          ---          ---           ---          ---           ---          ---           ---          ---
  10          ---          ---           ---          ---           ---          ---           ---          ---
  11      3.90000E+01  0.00000E+00       ---          ---           ---          ---       3.90000E+01  0.00000E+00
  12          ---          ---           ---          ---           ---          ---           ---          ---
  13          ---          ---           ---          ---           ---          ---           ---          ---
  14          ---          ---           ---          ---           ---          ---           ---          ---
  15          ---          ---           ---          ---           ---          ---           ---          ---
  16          ---          ---           ---          ---           ---          ---           ---          ---
  17          ---          ---           ---          ---           ---          ---           ---          ---
  18          ---          ---           ---          ---           ---          ---           ---          ---
  19          ---          ---           ---          ---           ---          ---           ---          ---
  20          ---          ---           ---          ---           ---          ---           ---          ---
  21          ---          ---           ---          ---           ---          ---           ---          ---
  22          ---          ---           ---          ---           ---          ---           ---          ---
  23          ---          ---           ---          ---           ---          ---           ---          ---
  24          ---          ---           ---          ---           ---          ---           ---          ---
  25          ---          ---           ---          ---           ---          ---           ---          ---
  26          ---          ---           ---          ---           ---          ---           ---          ---
  27          ---          ---           ---          ---           ---          ---           ---          ---
  28          ---          ---           ---          ---           ---          ---           ---          ---
  29          ---          ---           ---          ---           ---          ---           ---          ---
  30          ---          ---           ---          ---           ---          ---           ---          ---
  31          ---          ---           ---          ---           ---          ---           ---          ---
  32          ---          ---           ---          ---           ---          ---           ---          ---
  33          ---          ---           ---          ---           ---          ---           ---          ---
  34          ---          ---           ---          ---           ---          ---           ---          ---
  35          ---          ---           ---          ---           ---          ---           ---          ---
  36          ---          ---           ---          ---           ---          ---           ---          ---
  37          ---          ---           ---          ---           ---          ---           ---          ---
  38          ---          ---           ---          ---           ---          ---           ---          ---
  39          ---          ---           ---          ---           ---          ---           ---          ---
  40          ---          ---           ---          ---           ---          ---           ---          ---
  41          ---          ---           ---          ---           ---          ---           ---          ---
  42          ---          ---           ---          ---           ---          ---           ---          ---
  43          ---          ---           ---          ---           ---          ---           ---          ---
  44          ---          ---           ---          ---           ---          ---           ---          ---
  45          ---          ---           ---          ---           ---          ---           ---          ---
  46          ---          ---           ---          ---           ---          ---           ---          ---
  47          ---          ---           ---          ---           ---          ---           ---          ---
  48          ---          ---           ---          ---           ---          ---           ---          ---
  49          ---          ---           ---          ---           ---          ---           ---          ---
  50          ---          ---           ---          ---           ---          ---           ---          ---
Average   9.79710E+00  0.00000E+00   4.41236E+00  0.00000E+00   2.43136E+00  0.00000E+00   3.18730E+00  0.00000E+00
-------------------------------------------------------------------------------------------------------------------

TABLE 5. Density of lesions forming a cluster (in units of lesions per nucleotide).
===================================================================================================================
Number of --------- DSB ----------   --------- SSB ----------   -------- OTHER ---------   ----- ALL CLUSTERS -----
 lesions    Average        SEM         Average        SEM         Average        SEM         Average        SEM    
===================================================================================================================
   1          ---          ---       5.00000E-01  0.00000E+00   5.00000E-01  0.00000E+00   5.00000E-01  0.00000E+00
   2      2.60509E-01  0.00000E+00   2.36901E-01  0.00000E+00   2.51473E-01  0.00000E+00   2.45703E-01  0.00000E+00
   3      2.04234E-01  0.00000E+00   1.69258E-01  0.00000E+00   1.81958E-01  0.00000E+00   1.76942E-01  0.00000E+00
   4      2.05961E-01  0.00000E+00   1.46372E-01  0.00000E+00   1.45858E-01  0.00000E+00   1.53628E-01  0.00000E+00
   5      1.73944E-01  0.00000E+00   1.25099E-01  0.00000E+00   1.97222E-01  0.00000E+00   1.57376E-01  0.00000E+00
   6      1.20000E-01  0.00000E+00   1.40264E-01  0.00000E+00   1.15217E-01  0.00000E+00   1.31470E-01  0.00000E+00
   7      1.16667E-01  0.00000E+00   1.32539E-01  0.00000E+00       ---          ---       1.27248E-01  0.00000E+00
   8          ---          ---       1.33333E-01  0.00000E+00       ---          ---       1.33333E-01  0.00000E+00
   9          ---          ---           ---          ---           ---          ---           ---          ---
  10          ---          ---           ---          ---           ---          ---           ---          ---
  11      1.41026E-01  0.00000E+00       ---          ---           ---          ---       1.41026E-01  0.00000E+00
  12          ---          ---           ---          ---           ---          ---           ---          ---
  13          ---          ---           ---          ---           ---          ---           ---          ---
  14          ---          ---           ---          ---           ---          ---           ---          ---
  15          ---          ---           ---          ---           ---          ---           ---          ---
  16          ---          ---           ---          ---           ---          ---           ---          ---
  17          ---          ---           ---          ---           ---          ---           ---          ---
  18          ---          ---           ---          ---           ---          ---           ---          ---
  19          ---          ---           ---          ---           ---          ---           ---          ---
  20          ---          ---           ---          ---           ---          ---           ---          ---
  21          ---          ---           ---          ---           ---          ---           ---          ---
  22          ---          ---           ---          ---           ---          ---           ---          ---
  23          ---          ---           ---          ---           ---          ---           ---          ---
  24          ---          ---           ---          ---           ---          ---           ---          ---
  25          ---          ---           ---          ---           ---          ---           ---          ---
  26          ---          ---           ---          ---           ---          ---           ---          ---
  27          ---          ---           ---          ---           ---          ---           ---          ---
  28          ---          ---           ---          ---           ---          ---           ---          ---
  29          ---          ---           ---          ---           ---          ---           ---          ---
  30          ---          ---           ---          ---           ---          ---           ---          ---
  31          ---          ---           ---          ---           ---          ---           ---          ---
  32          ---          ---           ---          ---           ---          ---           ---          ---
  33          ---          ---           ---          ---           ---          ---           ---          ---
  34          ---          ---           ---          ---           ---          ---           ---          ---
  35          ---          ---           ---          ---           ---          ---           ---          ---
  36          ---          ---           ---          ---           ---          ---           ---          ---
  37          ---          ---           ---          ---           ---          ---           ---          ---
  38          ---          ---           ---          ---           ---          ---           ---          ---
  39          ---          ---           ---          ---           ---          ---           ---          ---
  40          ---          ---           ---          ---           ---          ---           ---          ---
  41          ---          ---           ---          ---           ---          ---           ---          ---
  42          ---          ---           ---          ---           ---          ---           ---          ---
  43          ---          ---           ---          ---           ---          ---           ---          ---
  44          ---          ---           ---          ---           ---          ---           ---          ---
  45          ---          ---           ---          ---           ---          ---           ---          ---
  46          ---          ---           ---          ---           ---          ---           ---          ---
  47          ---          ---           ---          ---           ---          ---           ---          ---
  48          ---          ---           ---          ---           ---          ---           ---          ---
  49          ---          ---           ---          ---           ---          ---           ---          ---
  50          ---          ---           ---          ---           ---          ---           ---          ---
Average   2.23289E-01  0.00000E+00   3.61572E-01  0.00000E+00   4.36722E-01  0.00000E+00   4.09341E-01  0.00000E+00
-------------------------------------------------------------------------------------------------------------------
NOTE: Lesion density computed as the number of lesions per cluster divided by twice the cluster length.

TABLE 6. Cluster composition (% Sb per cluster)
===================================================================================================================
Number of --------- DSB ----------   --------- SSB ----------   -------- OTHER ---------   ----- ALL CLUSTERS -----
 lesions    Average        SEM         Average        SEM         Average        SEM         Average        SEM    
===================================================================================================================
   1          ---          ---       1.00000E+02  0.00000E+00   0.00000E+00  0.00000E+00   2.39544E+01  0.00000E+00
   2      1.00000E+02  0.00000E+00   5.34431E+01  0.00000E+00   0.00000E+00  0.00000E+00   2.63522E+01  0.00000E+00
   3      7.03704E+01  0.00000E+00   3.70968E+01  0.00000E+00   0.00000E+00  0.00000E+00   2.50712E+01  0.00000E+00
   4      6.50000E+01  0.00000E+00   3.43750E+01  0.00000E+00   0.00000E+00  0.00000E+00   2.53125E+01  0.00000E+00
   5      5.14286E+01  0.00000E+00   2.54545E+01  0.00000E+00   0.00000E+00  0.00000E+00   2.66667E+01  0.00000E+00
   6      5.00000E+01  0.00000E+00   2.33333E+01  0.00000E+00   0.00000E+00  0.00000E+00   2.08333E+01  0.00000E+00
   7      2.85714E+01  0.00000E+00   2.14286E+01  0.00000E+00       ---          ---       2.38095E+01  0.00000E+00
   8          ---          ---       2.50000E+01  0.00000E+00       ---          ---       2.50000E+01  0.00000E+00
   9          ---          ---           ---          ---           ---          ---           ---          ---
  10          ---          ---           ---          ---           ---          ---           ---          ---
  11      4.54545E+01  0.00000E+00       ---          ---           ---          ---       4.54545E+01  0.00000E+00
  12          ---          ---           ---          ---           ---          ---           ---          ---
  13          ---          ---           ---          ---           ---          ---           ---          ---
  14          ---          ---           ---          ---           ---          ---           ---          ---
  15          ---          ---           ---          ---           ---          ---           ---          ---
  16          ---          ---           ---          ---           ---          ---           ---          ---
  17          ---          ---           ---          ---           ---          ---           ---          ---
  18          ---          ---           ---          ---           ---          ---           ---          ---
  19          ---          ---           ---          ---           ---          ---           ---          ---
  20          ---          ---           ---          ---           ---          ---           ---          ---
  21          ---          ---           ---          ---           ---          ---           ---          ---
  22          ---          ---           ---          ---           ---          ---           ---          ---
  23          ---          ---           ---          ---           ---          ---           ---          ---
  24          ---          ---           ---          ---           ---          ---           ---          ---
  25          ---          ---           ---          ---           ---          ---           ---          ---
  26          ---          ---           ---          ---           ---          ---           ---          ---
  27          ---          ---           ---          ---           ---          ---           ---          ---
  28          ---          ---           ---          ---           ---          ---           ---          ---
  29          ---          ---           ---          ---           ---          ---           ---          ---
  30          ---          ---           ---          ---           ---          ---           ---          ---
  31          ---          ---           ---          ---           ---          ---           ---          ---
  32          ---          ---           ---          ---           ---          ---           ---          ---
  33          ---          ---           ---          ---           ---          ---           ---          ---
  34          ---          ---           ---          ---           ---          ---           ---          ---
  35          ---          ---           ---          ---           ---          ---           ---          ---
  36          ---          ---           ---          ---           ---          ---           ---          ---
  37          ---          ---           ---          ---           ---          ---           ---          ---
  38          ---          ---           ---          ---           ---          ---           ---          ---
  39          ---          ---           ---          ---           ---          ---           ---          ---
  40          ---          ---           ---          ---           ---          ---           ---          ---
  41          ---          ---           ---          ---           ---          ---           ---          ---
  42          ---          ---           ---          ---           ---          ---           ---          ---
  43          ---          ---           ---          ---           ---          ---           ---          ---
  44          ---          ---           ---          ---           ---          ---           ---          ---
  45          ---          ---           ---          ---           ---          ---           ---          ---
  46          ---          ---           ---          ---           ---          ---           ---          ---
  47          ---          ---           ---          ---           ---          ---           ---          ---
  48          ---          ---           ---          ---           ---          ---           ---          ---
  49          ---          ---           ---          ---           ---          ---           ---          ---
  50          ---          ---           ---          ---           ---          ---           ---          ---
Average   7.97202E+01  0.00000E+00   7.47136E+01  0.00000E+00   0.00000E+00  0.00000E+00   2.46200E+01  0.00000E+00
-------------------------------------------------------------------------------------------------------------------
NOTES: (% Sb) is the percentage of lesions that are strand breaks. The number of Sb is [(% Sb)/100]*(# lesions).
The number of Bd is (1-(% Sb)/100)*(# lesions).
