===============================
MCDS Version 3.10A  05-DEC-2011
===============================
      0.013     running time (min)
  987654321     random number seed
          1     number of cells (nocs)
 0.0000E+00     water-equivalent material (WEM) thickness (mg/cm^2)
 1.0000E+00     Desired dose to the cell nucleus (Gy)
 6.0000E+00     DNA content (Gbp)

TARGET (cell) DEFINITION (4V/S = mean chord length)
========================================================
            DIAMETER     4V/S      Volume      Mass
               (um)      (um)      (um^3)      (ng)
--------------------------------------------------------
DNA            ---        ---     6.123E+00  6.123E-03
NUCLEUS     5.000E+00  3.333E+00  6.545E+01  6.545E-02
CYTOPLASM      ---        ---     -6.545E+01  -6.545E-02
CELL        0.000E+00  0.000E+00  0.000E+00  0.000E+00
========================================================
NOTE: In human DNA, 1 Gbp=0.979 ng (not including bound
H2O).  DNA volume computed using a density of 1 g/cm^3.

WARNING: volume of nucleus larger than the volume of the cell!

INCIDENT PARTICLE: 12C (mass = 1.20000E+01 u = 1.11749E+04 MeV/c^2)
  1.70000E+02 MeV >= 1.00000E-06 MeV
  1.41667E+01 MeV/A >= 8.33333E-08 MeV/A)
  1.95662E+03 MeV (p*c = momentum x speed of light)
  6.33747E-04 pm (de Broglie wavelength)
  1.01521E+00 = T/m0c2+1 (Lorentz factor) >= 1
  5.99124E+00 ABS(effective charge); Barkas 1963
  1.72467E-01 beta = (v/c) <= 1
  1.20676E+03 (zeff/beta)^2 <= 2.000E+05
  1.21987E+02 keV/um (total stopping power in H2O)
  1.21916E+02 keV/um ( 99.942% electronic)
  7.04627E-02 keV/um (  0.058% nuclear)
  8.00148E-02 CSDA range of particle (cm) in H2O

PARTICLE TRANSPORT - Beam of radiation incident on bottom of cell culture dish
(WEM=0.00 um, cell=0.00 um, nucleus=5.00 um; total distance traveled to
reach nucleus=-2.500 um of H2O).
==============================================================================
                                  ------- Cell --------  ------- Nucleus -----
                       Incident      Entry      Exit       Entry       Exit
==============================================================================
         KE (MeV)   1.7000E+02  1.7000E+02  1.7000E+02  1.7000E+02  1.6969E+02
    (Zeff/beta)^2   1.2068E+03  1.2068E+03  1.2068E+03  1.2068E+03  1.2089E+03
     LET (keV/um)   1.2199E+02  1.2199E+02  1.2199E+02  1.2199E+02  1.2216E+02
  Res. Range (um)   8.0015E+02  8.0015E+02  8.0015E+02  8.0015E+02  7.9765E+02
 DPUF1 (nGy-cm^2)   1.9542E+02  1.9542E+02  1.9542E+02  1.9542E+02  1.9570E+02
 DPUF2 (nGy-cm^2)      ---      NaN     ---      1.9563E+02     ---
       Edep (keV)      ---      NaN     ---      4.0706E+02     ---
      YF (keV/um)      ---      NaN     ---      1.2212E+02     ---
          ZF (Gy)      ---      NaN     ---      9.9635E-01     ---
==============================================================================
LET=(Stot-Srad); absorbed dose per unit fluence (DPUF1) = 1.602*LET/rho
Avg. absorbed dose within target (i.e., DPUF2) = 2.5*pi*d*d*zf
Edep = 0.1602*ZF*PI*d*d*d/6; yf = edep/lbar = 0.25*edep*{area}/{volume}

DAMAGE FORMATION AND CLUSTERING (normoxic conditions)
      47960     segment length, nseg (bp per cell per Gy)
       1300     number of strand breaks, sigSb (per cell per Gy)
       3900     number of base damages,  sigBd (per cell per Gy)
        3.0     base damage to strand break ratio, f
          9     minimum distance between clusters, Nmin (bp)
         10     maximum distance between two Sb to compose a DSB, Ndsb (bp)
        0.0     fraction Bl/Bd

OXYGEN SIMULATION (M0=1.740, K=0.3372, q=946.10, r=2.15)
  1.0000E+02 % O2 concentration (=760.00 mmHg)
  9.2237E-04 chemical repair probability (pcr)
  9.9908E-01 O2 fixation probability (1-pcr)
  1.0009E+00 Approx. HRF for SSB induction [=1/(1-pcr)]
  1.0018E+00 Approx. HRF for DSB induction [1/(1-pcr)]^2

DMSO SIMULATION
  5.0000E-01 fraction of non-scavengeable DNA damage (fnsd)
  5.0000E-01 concentration (mol dm^-3) at half-level (chmx)
  0.0000E+00 DMSO concentration (mol dm^-3)

TABLE 1. Percent (%) cluster yields by complexity, as classified using the scheme of Nikjoo et al. (IJRB 71, 
467-483 1997 and and Radiat. Res. 156, 577-583 2001).
===================================================================================================================
    51.380     BD    - one or more Bd (no Sb)
    33.917     SSB   - Sb (no auxilary damage)
     5.679     SSB+  - two Sb on the same strand
     2.601     2SSB  - two or more Sb on opposite strands separated by at least 10 bp
     4.034     DSB   - two Sb on opposite strands with a separation <= 10 bp
     1.592     DSB+  - DSB accompanied by one (or more) additional Sb within 10 bp separation
     0.796     DSB++ - more than one DSB whether within the 10 bp separation or further apart
    19.623     SSBc  - fraction of complex damage (SSB+ and 2SSB) among SSBs
    76.352     SSBcb - fraction of complex damage (SSB+ and 2SSB) among SSBs; base damage included
    37.190     DSBc  - fraction of complex damage (DSB+ and DSB++) among DSBs
    82.645     DSBcb - fraction of complex damage (DSB+ and DSB++) among DSBs; base damage included
===================================================================================================================

TABLE 2. Number of clusters per cell (DNA=6.000 Gbp, AD=1.000 Gy).
===================================================================================================================
Number of --------- DSB ----------   --------- SSB ----------   -------- OTHER ---------   ----- ALL CLUSTERS -----
 lesions    Average        SEM         Average        SEM         Average        SEM         Average        SEM    
===================================================================================================================
   1          ---          ---       1.88000E+02  0.00000E+00   5.07000E+02  0.00000E+00   6.95000E+02  0.00000E+00
   2      2.10000E+01  0.00000E+00   1.63000E+02  0.00000E+00   2.65000E+02  0.00000E+00   4.49000E+02  0.00000E+00
   3      1.40000E+01  0.00000E+00   1.46000E+02  0.00000E+00   8.50000E+01  0.00000E+00   2.45000E+02  0.00000E+00
   4      2.90000E+01  0.00000E+00   8.50000E+01  0.00000E+00   5.50000E+01  0.00000E+00   1.69000E+02  0.00000E+00
   5      1.50000E+01  0.00000E+00   7.20000E+01  0.00000E+00   3.20000E+01  0.00000E+00   1.19000E+02  0.00000E+00
   6      1.40000E+01  0.00000E+00   4.50000E+01  0.00000E+00   1.40000E+01  0.00000E+00   7.30000E+01  0.00000E+00
   7      7.00000E+00  0.00000E+00   3.70000E+01  0.00000E+00   6.00000E+00  0.00000E+00   5.00000E+01  0.00000E+00
   8      7.00000E+00  0.00000E+00   2.30000E+01  0.00000E+00   3.00000E+00  0.00000E+00   3.30000E+01  0.00000E+00
   9      7.00000E+00  0.00000E+00   1.10000E+01  0.00000E+00       ---          ---       1.80000E+01  0.00000E+00
  10      1.00000E+00  0.00000E+00   8.00000E+00  0.00000E+00   1.00000E+00  0.00000E+00   1.00000E+01  0.00000E+00
  11      4.00000E+00  0.00000E+00   7.00000E+00  0.00000E+00       ---          ---       1.10000E+01  0.00000E+00
  12      2.00000E+00  0.00000E+00   3.00000E+00  0.00000E+00       ---          ---       5.00000E+00  0.00000E+00
  13          ---          ---       3.00000E+00  0.00000E+00       ---          ---       3.00000E+00  0.00000E+00
  14          ---          ---       1.00000E+00  0.00000E+00       ---          ---       1.00000E+00  0.00000E+00
  15          ---          ---       2.00000E+00  0.00000E+00       ---          ---       2.00000E+00  0.00000E+00
  16          ---          ---           ---          ---           ---          ---           ---          ---
  17          ---          ---           ---          ---           ---          ---           ---          ---
  18          ---          ---       1.00000E+00  0.00000E+00       ---          ---       1.00000E+00  0.00000E+00
  19          ---          ---           ---          ---           ---          ---           ---          ---
  20          ---          ---           ---          ---           ---          ---           ---          ---
  21          ---          ---           ---          ---           ---          ---           ---          ---
  22          ---          ---           ---          ---           ---          ---           ---          ---
  23          ---          ---           ---          ---           ---          ---           ---          ---
  24          ---          ---           ---          ---           ---          ---           ---          ---
  25          ---          ---           ---          ---           ---          ---           ---          ---
  26          ---          ---           ---          ---           ---          ---           ---          ---
  27          ---          ---           ---          ---           ---          ---           ---          ---
  28          ---          ---           ---          ---           ---          ---           ---          ---
  29          ---          ---           ---          ---           ---          ---           ---          ---
  30          ---          ---           ---          ---           ---          ---           ---          ---
  31          ---          ---           ---          ---           ---          ---           ---          ---
  32          ---          ---           ---          ---           ---          ---           ---          ---
  33          ---          ---           ---          ---           ---          ---           ---          ---
  34          ---          ---           ---          ---           ---          ---           ---          ---
  35          ---          ---           ---          ---           ---          ---           ---          ---
  36          ---          ---           ---          ---           ---          ---           ---          ---
  37          ---          ---           ---          ---           ---          ---           ---          ---
  38          ---          ---           ---          ---           ---          ---           ---          ---
  39          ---          ---           ---          ---           ---          ---           ---          ---
  40          ---          ---           ---          ---           ---          ---           ---          ---
  41          ---          ---           ---          ---           ---          ---           ---          ---
  42          ---          ---           ---          ---           ---          ---           ---          ---
  43          ---          ---           ---          ---           ---          ---           ---          ---
  44          ---          ---           ---          ---           ---          ---           ---          ---
  45          ---          ---           ---          ---           ---          ---           ---          ---
  46          ---          ---           ---          ---           ---          ---           ---          ---
  47          ---          ---           ---          ---           ---          ---           ---          ---
  48          ---          ---           ---          ---           ---          ---           ---          ---
  49          ---          ---           ---          ---           ---          ---           ---          ---
  50          ---          ---           ---          ---           ---          ---           ---          ---
 Total    1.21000E+02  0.00000E+00   7.95000E+02  0.00000E+00   9.68000E+02  0.00000E+00   1.88400E+03  0.00000E+00
-------------------------------------------------------------------------------------------------------------------
NOTE: The category "OTHER" includes all classes of individual and clustered DNA lesion, except for SSB and DSB.
SEM = standard error of the mean.

TABLE 3. Number of clusters per cell per track (DNA=6.000 Gbp, ZF=0.99635 Gy).
===================================================================================================================
Number of --------- DSB ----------   --------- SSB ----------   -------- OTHER ---------   ----- ALL CLUSTERS -----
 lesions    Average        SEM         Average        SEM         Average        SEM         Average        SEM    
===================================================================================================================
   1          ---          ---       1.87315E+02  0.00000E+00   5.05152E+02  0.00000E+00   6.92467E+02  0.00000E+00
   2      2.09235E+01  0.00000E+00   1.62406E+02  0.00000E+00   2.64034E+02  0.00000E+00   4.47363E+02  0.00000E+00
   3      1.39490E+01  0.00000E+00   1.45468E+02  0.00000E+00   8.46902E+01  0.00000E+00   2.44107E+02  0.00000E+00
   4      2.88943E+01  0.00000E+00   8.46902E+01  0.00000E+00   5.47995E+01  0.00000E+00   1.68384E+02  0.00000E+00
   5      1.49453E+01  0.00000E+00   7.17375E+01  0.00000E+00   3.18834E+01  0.00000E+00   1.18566E+02  0.00000E+00
   6      1.39490E+01  0.00000E+00   4.48360E+01  0.00000E+00   1.39490E+01  0.00000E+00   7.27339E+01  0.00000E+00
   7      6.97448E+00  0.00000E+00   3.68651E+01  0.00000E+00   5.97813E+00  0.00000E+00   4.98177E+01  0.00000E+00
   8      6.97448E+00  0.00000E+00   2.29162E+01  0.00000E+00   2.98906E+00  0.00000E+00   3.28797E+01  0.00000E+00
   9      6.97448E+00  0.00000E+00   1.09599E+01  0.00000E+00       ---          ---       1.79344E+01  0.00000E+00
  10      9.96355E-01  0.00000E+00   7.97084E+00  0.00000E+00   9.96355E-01  0.00000E+00   9.96355E+00  0.00000E+00
  11      3.98542E+00  0.00000E+00   6.97448E+00  0.00000E+00       ---          ---       1.09599E+01  0.00000E+00
  12      1.99271E+00  0.00000E+00   2.98906E+00  0.00000E+00       ---          ---       4.98177E+00  0.00000E+00
  13          ---          ---       2.98906E+00  0.00000E+00       ---          ---       2.98906E+00  0.00000E+00
  14          ---          ---       9.96355E-01  0.00000E+00       ---          ---       9.96355E-01  0.00000E+00
  15          ---          ---       1.99271E+00  0.00000E+00       ---          ---       1.99271E+00  0.00000E+00
  16          ---          ---           ---          ---           ---          ---           ---          ---
  17          ---          ---           ---          ---           ---          ---           ---          ---
  18          ---          ---       9.96355E-01  0.00000E+00       ---          ---       9.96355E-01  0.00000E+00
  19          ---          ---           ---          ---           ---          ---           ---          ---
  20          ---          ---           ---          ---           ---          ---           ---          ---
  21          ---          ---           ---          ---           ---          ---           ---          ---
  22          ---          ---           ---          ---           ---          ---           ---          ---
  23          ---          ---           ---          ---           ---          ---           ---          ---
  24          ---          ---           ---          ---           ---          ---           ---          ---
  25          ---          ---           ---          ---           ---          ---           ---          ---
  26          ---          ---           ---          ---           ---          ---           ---          ---
  27          ---          ---           ---          ---           ---          ---           ---          ---
  28          ---          ---           ---          ---           ---          ---           ---          ---
  29          ---          ---           ---          ---           ---          ---           ---          ---
  30          ---          ---           ---          ---           ---          ---           ---          ---
  31          ---          ---           ---          ---           ---          ---           ---          ---
  32          ---          ---           ---          ---           ---          ---           ---          ---
  33          ---          ---           ---          ---           ---          ---           ---          ---
  34          ---          ---           ---          ---           ---          ---           ---          ---
  35          ---          ---           ---          ---           ---          ---           ---          ---
  36          ---          ---           ---          ---           ---          ---           ---          ---
  37          ---          ---           ---          ---           ---          ---           ---          ---
  38          ---          ---           ---          ---           ---          ---           ---          ---
  39          ---          ---           ---          ---           ---          ---           ---          ---
  40          ---          ---           ---          ---           ---          ---           ---          ---
  41          ---          ---           ---          ---           ---          ---           ---          ---
  42          ---          ---           ---          ---           ---          ---           ---          ---
  43          ---          ---           ---          ---           ---          ---           ---          ---
  44          ---          ---           ---          ---           ---          ---           ---          ---
  45          ---          ---           ---          ---           ---          ---           ---          ---
  46          ---          ---           ---          ---           ---          ---           ---          ---
  47          ---          ---           ---          ---           ---          ---           ---          ---
  48          ---          ---           ---          ---           ---          ---           ---          ---
  49          ---          ---           ---          ---           ---          ---           ---          ---
  50          ---          ---           ---          ---           ---          ---           ---          ---
 Total    1.20559E+02  0.00000E+00   7.92102E+02  0.00000E+00   9.64472E+02  0.00000E+00   1.87713E+03  0.00000E+00
-------------------------------------------------------------------------------------------------------------------

TABLE 4. Cluster Length (in base pair)
===================================================================================================================
Number of --------- DSB ----------   --------- SSB ----------   -------- OTHER ---------   ----- ALL CLUSTERS -----
 lesions    Average        SEM         Average        SEM         Average        SEM         Average        SEM    
===================================================================================================================
   1          ---          ---       1.00000E+00  0.00000E+00   1.00000E+00  0.00000E+00   1.00000E+00  0.00000E+00
   2      4.66667E+00  0.00000E+00   5.11043E+00  0.00000E+00   5.21509E+00  0.00000E+00   5.15145E+00  0.00000E+00
   3      8.42857E+00  0.00000E+00   9.36986E+00  0.00000E+00   8.83529E+00  0.00000E+00   9.13061E+00  0.00000E+00
   4      1.24138E+01  0.00000E+00   1.44706E+01  0.00000E+00   1.40727E+01  0.00000E+00   1.39882E+01  0.00000E+00
   5      1.78667E+01  0.00000E+00   1.73333E+01  0.00000E+00   1.75938E+01  0.00000E+00   1.74706E+01  0.00000E+00
   6      2.00000E+01  0.00000E+00   2.08667E+01  0.00000E+00   1.85000E+01  0.00000E+00   2.02466E+01  0.00000E+00
   7      2.32857E+01  0.00000E+00   2.45946E+01  0.00000E+00   2.11667E+01  0.00000E+00   2.40000E+01  0.00000E+00
   8      2.54286E+01  0.00000E+00   3.11739E+01  0.00000E+00   3.46667E+01  0.00000E+00   3.02727E+01  0.00000E+00
   9      3.10000E+01  0.00000E+00   3.20000E+01  0.00000E+00       ---          ---       3.16111E+01  0.00000E+00
  10      3.80000E+01  0.00000E+00   3.42500E+01  0.00000E+00   4.50000E+01  0.00000E+00   3.57000E+01  0.00000E+00
  11      3.95000E+01  0.00000E+00   4.45714E+01  0.00000E+00       ---          ---       4.27273E+01  0.00000E+00
  12      4.10000E+01  0.00000E+00   5.00000E+01  0.00000E+00       ---          ---       4.64000E+01  0.00000E+00
  13          ---          ---       5.33333E+01  0.00000E+00       ---          ---       5.33333E+01  0.00000E+00
  14          ---          ---       6.20000E+01  0.00000E+00       ---          ---       6.20000E+01  0.00000E+00
  15          ---          ---       6.35000E+01  0.00000E+00       ---          ---       6.35000E+01  0.00000E+00
  16          ---          ---           ---          ---           ---          ---           ---          ---
  17          ---          ---           ---          ---           ---          ---           ---          ---
  18          ---          ---       7.40000E+01  0.00000E+00       ---          ---       7.40000E+01  0.00000E+00
  19          ---          ---           ---          ---           ---          ---           ---          ---
  20          ---          ---           ---          ---           ---          ---           ---          ---
  21          ---          ---           ---          ---           ---          ---           ---          ---
  22          ---          ---           ---          ---           ---          ---           ---          ---
  23          ---          ---           ---          ---           ---          ---           ---          ---
  24          ---          ---           ---          ---           ---          ---           ---          ---
  25          ---          ---           ---          ---           ---          ---           ---          ---
  26          ---          ---           ---          ---           ---          ---           ---          ---
  27          ---          ---           ---          ---           ---          ---           ---          ---
  28          ---          ---           ---          ---           ---          ---           ---          ---
  29          ---          ---           ---          ---           ---          ---           ---          ---
  30          ---          ---           ---          ---           ---          ---           ---          ---
  31          ---          ---           ---          ---           ---          ---           ---          ---
  32          ---          ---           ---          ---           ---          ---           ---          ---
  33          ---          ---           ---          ---           ---          ---           ---          ---
  34          ---          ---           ---          ---           ---          ---           ---          ---
  35          ---          ---           ---          ---           ---          ---           ---          ---
  36          ---          ---           ---          ---           ---          ---           ---          ---
  37          ---          ---           ---          ---           ---          ---           ---          ---
  38          ---          ---           ---          ---           ---          ---           ---          ---
  39          ---          ---           ---          ---           ---          ---           ---          ---
  40          ---          ---           ---          ---           ---          ---           ---          ---
  41          ---          ---           ---          ---           ---          ---           ---          ---
  42          ---          ---           ---          ---           ---          ---           ---          ---
  43          ---          ---           ---          ---           ---          ---           ---          ---
  44          ---          ---           ---          ---           ---          ---           ---          ---
  45          ---          ---           ---          ---           ---          ---           ---          ---
  46          ---          ---           ---          ---           ---          ---           ---          ---
  47          ---          ---           ---          ---           ---          ---           ---          ---
  48          ---          ---           ---          ---           ---          ---           ---          ---
  49          ---          ---           ---          ---           ---          ---           ---          ---
  50          ---          ---           ---          ---           ---          ---           ---          ---
Average   1.61983E+01  0.00000E+00   1.12503E+01  0.00000E+00   4.66116E+00  0.00000E+00   8.18259E+00  0.00000E+00
-------------------------------------------------------------------------------------------------------------------

TABLE 5. Density of lesions forming a cluster (in units of lesions per nucleotide).
===================================================================================================================
Number of --------- DSB ----------   --------- SSB ----------   -------- OTHER ---------   ----- ALL CLUSTERS -----
 lesions    Average        SEM         Average        SEM         Average        SEM         Average        SEM    
===================================================================================================================
   1          ---          ---       5.00000E-01  0.00000E+00   5.00000E-01  0.00000E+00   5.00000E-01  0.00000E+00
   2      3.43424E-01  0.00000E+00   2.88227E-01  0.00000E+00   2.65584E-01  0.00000E+00   2.77445E-01  0.00000E+00
   3      2.44055E-01  0.00000E+00   1.95987E-01  0.00000E+00   2.12466E-01  0.00000E+00   2.04451E-01  0.00000E+00
   4      1.86367E-01  0.00000E+00   1.57790E-01  0.00000E+00   1.65360E-01  0.00000E+00   1.65157E-01  0.00000E+00
   5      1.70828E-01  0.00000E+00   1.58835E-01  0.00000E+00   1.56556E-01  0.00000E+00   1.59734E-01  0.00000E+00
   6      1.60811E-01  0.00000E+00   1.56564E-01  0.00000E+00   1.68106E-01  0.00000E+00   1.59592E-01  0.00000E+00
   7      1.56408E-01  0.00000E+00   1.53934E-01  0.00000E+00   1.69301E-01  0.00000E+00   1.56125E-01  0.00000E+00
   8      1.62022E-01  0.00000E+00   1.35608E-01  0.00000E+00   1.15656E-01  0.00000E+00   1.39397E-01  0.00000E+00
   9      1.54390E-01  0.00000E+00   1.45329E-01  0.00000E+00       ---          ---       1.48853E-01  0.00000E+00
  10      1.31579E-01  0.00000E+00   1.51328E-01  0.00000E+00   1.11111E-01  0.00000E+00   1.45331E-01  0.00000E+00
  11      1.48292E-01  0.00000E+00   1.26425E-01  0.00000E+00       ---          ---       1.34377E-01  0.00000E+00
  12      1.57692E-01  0.00000E+00   1.33352E-01  0.00000E+00       ---          ---       1.43088E-01  0.00000E+00
  13          ---          ---       1.25224E-01  0.00000E+00       ---          ---       1.25224E-01  0.00000E+00
  14          ---          ---       1.12903E-01  0.00000E+00       ---          ---       1.12903E-01  0.00000E+00
  15          ---          ---       1.18470E-01  0.00000E+00       ---          ---       1.18470E-01  0.00000E+00
  16          ---          ---           ---          ---           ---          ---           ---          ---
  17          ---          ---           ---          ---           ---          ---           ---          ---
  18          ---          ---       1.21622E-01  0.00000E+00       ---          ---       1.21622E-01  0.00000E+00
  19          ---          ---           ---          ---           ---          ---           ---          ---
  20          ---          ---           ---          ---           ---          ---           ---          ---
  21          ---          ---           ---          ---           ---          ---           ---          ---
  22          ---          ---           ---          ---           ---          ---           ---          ---
  23          ---          ---           ---          ---           ---          ---           ---          ---
  24          ---          ---           ---          ---           ---          ---           ---          ---
  25          ---          ---           ---          ---           ---          ---           ---          ---
  26          ---          ---           ---          ---           ---          ---           ---          ---
  27          ---          ---           ---          ---           ---          ---           ---          ---
  28          ---          ---           ---          ---           ---          ---           ---          ---
  29          ---          ---           ---          ---           ---          ---           ---          ---
  30          ---          ---           ---          ---           ---          ---           ---          ---
  31          ---          ---           ---          ---           ---          ---           ---          ---
  32          ---          ---           ---          ---           ---          ---           ---          ---
  33          ---          ---           ---          ---           ---          ---           ---          ---
  34          ---          ---           ---          ---           ---          ---           ---          ---
  35          ---          ---           ---          ---           ---          ---           ---          ---
  36          ---          ---           ---          ---           ---          ---           ---          ---
  37          ---          ---           ---          ---           ---          ---           ---          ---
  38          ---          ---           ---          ---           ---          ---           ---          ---
  39          ---          ---           ---          ---           ---          ---           ---          ---
  40          ---          ---           ---          ---           ---          ---           ---          ---
  41          ---          ---           ---          ---           ---          ---           ---          ---
  42          ---          ---           ---          ---           ---          ---           ---          ---
  43          ---          ---           ---          ---           ---          ---           ---          ---
  44          ---          ---           ---          ---           ---          ---           ---          ---
  45          ---          ---           ---          ---           ---          ---           ---          ---
  46          ---          ---           ---          ---           ---          ---           ---          ---
  47          ---          ---           ---          ---           ---          ---           ---          ---
  48          ---          ---           ---          ---           ---          ---           ---          ---
  49          ---          ---           ---          ---           ---          ---           ---          ---
  50          ---          ---           ---          ---           ---          ---           ---          ---
Average   2.08239E-01  0.00000E+00   2.70748E-01  0.00000E+00   3.71768E-01  0.00000E+00   3.18637E-01  0.00000E+00
-------------------------------------------------------------------------------------------------------------------
NOTE: Lesion density computed as the number of lesions per cluster divided by twice the cluster length.

TABLE 6. Cluster composition (% Sb per cluster)
===================================================================================================================
Number of --------- DSB ----------   --------- SSB ----------   -------- OTHER ---------   ----- ALL CLUSTERS -----
 lesions    Average        SEM         Average        SEM         Average        SEM         Average        SEM    
===================================================================================================================
   1          ---          ---       1.00000E+02  0.00000E+00   0.00000E+00  0.00000E+00   2.70504E+01  0.00000E+00
   2      1.00000E+02  0.00000E+00   5.27607E+01  0.00000E+00   0.00000E+00  0.00000E+00   2.38307E+01  0.00000E+00
   3      7.14286E+01  0.00000E+00   3.88128E+01  0.00000E+00   0.00000E+00  0.00000E+00   2.72109E+01  0.00000E+00
   4      5.77586E+01  0.00000E+00   3.29412E+01  0.00000E+00   0.00000E+00  0.00000E+00   2.64793E+01  0.00000E+00
   5      4.80000E+01  0.00000E+00   2.86111E+01  0.00000E+00   0.00000E+00  0.00000E+00   2.33613E+01  0.00000E+00
   6      4.40476E+01  0.00000E+00   2.70370E+01  0.00000E+00   0.00000E+00  0.00000E+00   2.51142E+01  0.00000E+00
   7      5.10204E+01  0.00000E+00   2.20077E+01  0.00000E+00   0.00000E+00  0.00000E+00   2.34286E+01  0.00000E+00
   8      3.39286E+01  0.00000E+00   2.22826E+01  0.00000E+00   0.00000E+00  0.00000E+00   2.27273E+01  0.00000E+00
   9      4.28571E+01  0.00000E+00   1.91919E+01  0.00000E+00       ---          ---       2.83951E+01  0.00000E+00
  10      2.00000E+01  0.00000E+00   1.87500E+01  0.00000E+00   0.00000E+00  0.00000E+00   1.70000E+01  0.00000E+00
  11      3.18182E+01  0.00000E+00   2.33766E+01  0.00000E+00       ---          ---       2.64463E+01  0.00000E+00
  12      3.75000E+01  0.00000E+00   1.11111E+01  0.00000E+00       ---          ---       2.16667E+01  0.00000E+00
  13          ---          ---       2.05128E+01  0.00000E+00       ---          ---       2.05128E+01  0.00000E+00
  14          ---          ---       7.14286E+00  0.00000E+00       ---          ---       7.14286E+00  0.00000E+00
  15          ---          ---       2.66667E+01  0.00000E+00       ---          ---       2.66667E+01  0.00000E+00
  16          ---          ---           ---          ---           ---          ---           ---          ---
  17          ---          ---           ---          ---           ---          ---           ---          ---
  18          ---          ---       1.11111E+01  0.00000E+00       ---          ---       1.11111E+01  0.00000E+00
  19          ---          ---           ---          ---           ---          ---           ---          ---
  20          ---          ---           ---          ---           ---          ---           ---          ---
  21          ---          ---           ---          ---           ---          ---           ---          ---
  22          ---          ---           ---          ---           ---          ---           ---          ---
  23          ---          ---           ---          ---           ---          ---           ---          ---
  24          ---          ---           ---          ---           ---          ---           ---          ---
  25          ---          ---           ---          ---           ---          ---           ---          ---
  26          ---          ---           ---          ---           ---          ---           ---          ---
  27          ---          ---           ---          ---           ---          ---           ---          ---
  28          ---          ---           ---          ---           ---          ---           ---          ---
  29          ---          ---           ---          ---           ---          ---           ---          ---
  30          ---          ---           ---          ---           ---          ---           ---          ---
  31          ---          ---           ---          ---           ---          ---           ---          ---
  32          ---          ---           ---          ---           ---          ---           ---          ---
  33          ---          ---           ---          ---           ---          ---           ---          ---
  34          ---          ---           ---          ---           ---          ---           ---          ---
  35          ---          ---           ---          ---           ---          ---           ---          ---
  36          ---          ---           ---          ---           ---          ---           ---          ---
  37          ---          ---           ---          ---           ---          ---           ---          ---
  38          ---          ---           ---          ---           ---          ---           ---          ---
  39          ---          ---           ---          ---           ---          ---           ---          ---
  40          ---          ---           ---          ---           ---          ---           ---          ---
  41          ---          ---           ---          ---           ---          ---           ---          ---
  42          ---          ---           ---          ---           ---          ---           ---          ---
  43          ---          ---           ---          ---           ---          ---           ---          ---
  44          ---          ---           ---          ---           ---          ---           ---          ---
  45          ---          ---           ---          ---           ---          ---           ---          ---
  46          ---          ---           ---          ---           ---          ---           ---          ---
  47          ---          ---           ---          ---           ---          ---           ---          ---
  48          ---          ---           ---          ---           ---          ---           ---          ---
  49          ---          ---           ---          ---           ---          ---           ---          ---
  50          ---          ---           ---          ---           ---          ---           ---          ---
Average   5.97403E+01  0.00000E+00   5.17753E+01  0.00000E+00   0.00000E+00  0.00000E+00   2.56847E+01  0.00000E+00
-------------------------------------------------------------------------------------------------------------------
NOTES: (% Sb) is the percentage of lesions that are strand breaks. The number of Sb is [(% Sb)/100]*(# lesions).
The number of Bd is (1-(% Sb)/100)*(# lesions).
