===============================
MCDS Version 3.10A  05-DEC-2011
===============================
      0.026     running time (min)
  987654321     random number seed
          1     number of cells (nocs)
 0.0000E+00     water-equivalent material (WEM) thickness (mg/cm^2)
 1.0000E+00     Desired dose to the cell nucleus (Gy)
 6.0000E+00     DNA content (Gbp)

TARGET (cell) DEFINITION (4V/S = mean chord length)
========================================================
            DIAMETER     4V/S      Volume      Mass
               (um)      (um)      (um^3)      (ng)
--------------------------------------------------------
DNA            ---        ---     6.123E+00  6.123E-03
NUCLEUS     5.000E+00  3.333E+00  6.545E+01  6.545E-02
CYTOPLASM      ---        ---     -6.545E+01  -6.545E-02
CELL        0.000E+00  0.000E+00  0.000E+00  0.000E+00
========================================================
NOTE: In human DNA, 1 Gbp=0.979 ng (not including bound
H2O).  DNA volume computed using a density of 1 g/cm^3.

WARNING: volume of nucleus larger than the volume of the cell!

INCIDENT PARTICLE: 12C (mass = 1.20000E+01 u = 1.11749E+04 MeV/c^2)
  2.00000E+01 MeV >= 1.00000E-06 MeV
  1.66667E+00 MeV/A >= 8.33333E-08 MeV/A)
  6.68876E+02 MeV (p*c = momentum x speed of light)
  1.85386E-03 pm (de Broglie wavelength)
  1.00179E+00 = T/m0c2+1 (Lorentz factor) >= 1
  5.37507E+00 ABS(effective charge); Barkas 1963
  5.97484E-02 beta = (v/c) <= 1
  8.09311E+03 (zeff/beta)^2 <= 2.000E+05
  5.38362E+02 keV/um (total stopping power in H2O)
  5.37956E+02 keV/um ( 99.925% electronic)
  4.06133E-01 keV/um (  0.075% nuclear)
  3.01076E-03 CSDA range of particle (cm) in H2O

PARTICLE TRANSPORT - Beam of radiation incident on bottom of cell culture dish
(WEM=0.00 um, cell=0.00 um, nucleus=5.00 um; total distance traveled to
reach nucleus=-2.500 um of H2O).
==============================================================================
                                  ------- Cell --------  ------- Nucleus -----
                       Incident      Entry      Exit       Entry       Exit
==============================================================================
         KE (MeV)   2.0000E+01  2.0000E+01  2.0000E+01  2.0000E+01  1.8630E+01
    (Zeff/beta)^2   8.0931E+03  8.0931E+03  8.0931E+03  8.0931E+03  8.5222E+03
     LET (keV/um)   5.3836E+02  5.3836E+02  5.3836E+02  5.3836E+02  5.5812E+02
  Res. Range (um)   3.0108E+01  3.0108E+01  3.0108E+01  3.0108E+01  2.7608E+01
 DPUF1 (nGy-cm^2)   8.6246E+02  8.6246E+02  8.6246E+02  8.6246E+02  8.9412E+02
 DPUF2 (nGy-cm^2)      ---      NaN     ---      8.8631E+02     ---
       Edep (keV)      ---      NaN     ---      1.8442E+03     ---
      YF (keV/um)      ---      NaN     ---      5.5325E+02     ---
          ZF (Gy)      ---      NaN     ---      4.5139E+00     ---
==============================================================================
LET=(Stot-Srad); absorbed dose per unit fluence (DPUF1) = 1.602*LET/rho
Avg. absorbed dose within target (i.e., DPUF2) = 2.5*pi*d*d*zf
Edep = 0.1602*ZF*PI*d*d*d/6; yf = edep/lbar = 0.25*edep*{area}/{volume}

DAMAGE FORMATION AND CLUSTERING (normoxic conditions)
      29354     segment length, nseg (bp per cell per Gy)
       1300     number of strand breaks, sigSb (per cell per Gy)
       3900     number of base damages,  sigBd (per cell per Gy)
        3.0     base damage to strand break ratio, f
          9     minimum distance between clusters, Nmin (bp)
         10     maximum distance between two Sb to compose a DSB, Ndsb (bp)
        0.0     fraction Bl/Bd

OXYGEN SIMULATION (M0=1.740, K=0.3372, q=946.10, r=2.15)
  1.0000E+02 % O2 concentration (=760.00 mmHg)
  2.1847E-05 chemical repair probability (pcr)
  9.9998E-01 O2 fixation probability (1-pcr)
  1.0000E+00 Approx. HRF for SSB induction [=1/(1-pcr)]
  1.0000E+00 Approx. HRF for DSB induction [1/(1-pcr)]^2

DMSO SIMULATION
  5.0000E-01 fraction of non-scavengeable DNA damage (fnsd)
  5.0000E-01 concentration (mol dm^-3) at half-level (chmx)
  0.0000E+00 DMSO concentration (mol dm^-3)

TABLE 1. Percent (%) cluster yields by complexity, as classified using the scheme of Nikjoo et al. (IJRB 71, 
467-483 1997 and and Radiat. Res. 156, 577-583 2001).
===================================================================================================================
    38.130     BD    - one or more Bd (no Sb)
    28.571     SSB   - Sb (no auxilary damage)
    11.555     SSB+  - two Sb on the same strand
     5.567     2SSB  - two or more Sb on opposite strands separated by at least 10 bp
     3.676     DSB   - two Sb on opposite strands with a separation <= 10 bp
     4.202     DSB+  - DSB accompanied by one (or more) additional Sb within 10 bp separation
     8.298     DSB++ - more than one DSB whether within the 10 bp separation or further apart
    37.471     SSBc  - fraction of complex damage (SSB+ and 2SSB) among SSBs
    91.034     SSBcb - fraction of complex damage (SSB+ and 2SSB) among SSBs; base damage included
    77.273     DSBc  - fraction of complex damage (DSB+ and DSB++) among DSBs
    96.753     DSBcb - fraction of complex damage (DSB+ and DSB++) among DSBs; base damage included
===================================================================================================================

TABLE 2. Number of clusters per cell (DNA=6.000 Gbp, AD=1.000 Gy).
===================================================================================================================
Number of --------- DSB ----------   --------- SSB ----------   -------- OTHER ---------   ----- ALL CLUSTERS -----
 lesions    Average        SEM         Average        SEM         Average        SEM         Average        SEM    
===================================================================================================================
   1          ---          ---       3.90000E+01  0.00000E+00   1.33000E+02  0.00000E+00   1.72000E+02  0.00000E+00
   2      5.00000E+00  0.00000E+00   5.30000E+01  0.00000E+00   9.30000E+01  0.00000E+00   1.51000E+02  0.00000E+00
   3      8.00000E+00  0.00000E+00   5.60000E+01  0.00000E+00   5.40000E+01  0.00000E+00   1.18000E+02  0.00000E+00
   4      1.00000E+01  0.00000E+00   6.00000E+01  0.00000E+00   3.10000E+01  0.00000E+00   1.01000E+02  0.00000E+00
   5      1.20000E+01  0.00000E+00   4.40000E+01  0.00000E+00   2.80000E+01  0.00000E+00   8.40000E+01  0.00000E+00
   6      8.00000E+00  0.00000E+00   3.60000E+01  0.00000E+00   1.20000E+01  0.00000E+00   5.60000E+01  0.00000E+00
   7      9.00000E+00  0.00000E+00   2.60000E+01  0.00000E+00   4.00000E+00  0.00000E+00   3.90000E+01  0.00000E+00
   8      1.00000E+01  0.00000E+00   3.10000E+01  0.00000E+00   3.00000E+00  0.00000E+00   4.40000E+01  0.00000E+00
   9      1.20000E+01  0.00000E+00   2.00000E+01  0.00000E+00   2.00000E+00  0.00000E+00   3.40000E+01  0.00000E+00
  10      1.00000E+01  0.00000E+00   1.50000E+01  0.00000E+00   3.00000E+00  0.00000E+00   2.80000E+01  0.00000E+00
  11      9.00000E+00  0.00000E+00   1.00000E+01  0.00000E+00       ---          ---       1.90000E+01  0.00000E+00
  12      6.00000E+00  0.00000E+00   7.00000E+00  0.00000E+00       ---          ---       1.30000E+01  0.00000E+00
  13      6.00000E+00  0.00000E+00   1.20000E+01  0.00000E+00       ---          ---       1.80000E+01  0.00000E+00
  14      6.00000E+00  0.00000E+00   5.00000E+00  0.00000E+00       ---          ---       1.10000E+01  0.00000E+00
  15      7.00000E+00  0.00000E+00   3.00000E+00  0.00000E+00       ---          ---       1.00000E+01  0.00000E+00
  16      4.00000E+00  0.00000E+00   4.00000E+00  0.00000E+00       ---          ---       8.00000E+00  0.00000E+00
  17      8.00000E+00  0.00000E+00   4.00000E+00  0.00000E+00       ---          ---       1.20000E+01  0.00000E+00
  18      2.00000E+00  0.00000E+00   2.00000E+00  0.00000E+00       ---          ---       4.00000E+00  0.00000E+00
  19      3.00000E+00  0.00000E+00   1.00000E+00  0.00000E+00       ---          ---       4.00000E+00  0.00000E+00
  20      2.00000E+00  0.00000E+00   2.00000E+00  0.00000E+00       ---          ---       4.00000E+00  0.00000E+00
  21      4.00000E+00  0.00000E+00   2.00000E+00  0.00000E+00       ---          ---       6.00000E+00  0.00000E+00
  22      2.00000E+00  0.00000E+00   1.00000E+00  0.00000E+00       ---          ---       3.00000E+00  0.00000E+00
  23      2.00000E+00  0.00000E+00       ---          ---           ---          ---       2.00000E+00  0.00000E+00
  24      2.00000E+00  0.00000E+00       ---          ---           ---          ---       2.00000E+00  0.00000E+00
  25      2.00000E+00  0.00000E+00   1.00000E+00  0.00000E+00       ---          ---       3.00000E+00  0.00000E+00
  26      2.00000E+00  0.00000E+00   1.00000E+00  0.00000E+00       ---          ---       3.00000E+00  0.00000E+00
  27      1.00000E+00  0.00000E+00       ---          ---           ---          ---       1.00000E+00  0.00000E+00
  28          ---          ---           ---          ---           ---          ---           ---          ---
  29          ---          ---           ---          ---           ---          ---           ---          ---
  30          ---          ---           ---          ---           ---          ---           ---          ---
  31          ---          ---           ---          ---           ---          ---           ---          ---
  32          ---          ---           ---          ---           ---          ---           ---          ---
  33          ---          ---           ---          ---           ---          ---           ---          ---
  34          ---          ---           ---          ---           ---          ---           ---          ---
  35      1.00000E+00  0.00000E+00       ---          ---           ---          ---       1.00000E+00  0.00000E+00
  36          ---          ---           ---          ---           ---          ---           ---          ---
  37      1.00000E+00  0.00000E+00       ---          ---           ---          ---       1.00000E+00  0.00000E+00
  38          ---          ---           ---          ---           ---          ---           ---          ---
  39          ---          ---           ---          ---           ---          ---           ---          ---
  40          ---          ---           ---          ---           ---          ---           ---          ---
  41          ---          ---           ---          ---           ---          ---           ---          ---
  42          ---          ---           ---          ---           ---          ---           ---          ---
  43          ---          ---           ---          ---           ---          ---           ---          ---
  44          ---          ---           ---          ---           ---          ---           ---          ---
  45          ---          ---           ---          ---           ---          ---           ---          ---
  46          ---          ---           ---          ---           ---          ---           ---          ---
  47          ---          ---           ---          ---           ---          ---           ---          ---
  48          ---          ---           ---          ---           ---          ---           ---          ---
  49          ---          ---           ---          ---           ---          ---           ---          ---
  50          ---          ---           ---          ---           ---          ---           ---          ---
 Total    1.54000E+02  0.00000E+00   4.35000E+02  0.00000E+00   3.63000E+02  0.00000E+00   9.52000E+02  0.00000E+00
-------------------------------------------------------------------------------------------------------------------
NOTE: The category "OTHER" includes all classes of individual and clustered DNA lesion, except for SSB and DSB.
SEM = standard error of the mean.

TABLE 3. Number of clusters per cell per track (DNA=6.000 Gbp, ZF=4.51395 Gy).
===================================================================================================================
Number of --------- DSB ----------   --------- SSB ----------   -------- OTHER ---------   ----- ALL CLUSTERS -----
 lesions    Average        SEM         Average        SEM         Average        SEM         Average        SEM    
===================================================================================================================
   1          ---          ---       1.76044E+02  0.00000E+00   6.00355E+02  0.00000E+00   7.76399E+02  0.00000E+00
   2      2.25697E+01  0.00000E+00   2.39239E+02  0.00000E+00   4.19797E+02  0.00000E+00   6.81606E+02  0.00000E+00
   3      3.61116E+01  0.00000E+00   2.52781E+02  0.00000E+00   2.43753E+02  0.00000E+00   5.32646E+02  0.00000E+00
   4      4.51395E+01  0.00000E+00   2.70837E+02  0.00000E+00   1.39932E+02  0.00000E+00   4.55909E+02  0.00000E+00
   5      5.41674E+01  0.00000E+00   1.98614E+02  0.00000E+00   1.26391E+02  0.00000E+00   3.79172E+02  0.00000E+00
   6      3.61116E+01  0.00000E+00   1.62502E+02  0.00000E+00   5.41674E+01  0.00000E+00   2.52781E+02  0.00000E+00
   7      4.06255E+01  0.00000E+00   1.17363E+02  0.00000E+00   1.80558E+01  0.00000E+00   1.76044E+02  0.00000E+00
   8      4.51395E+01  0.00000E+00   1.39932E+02  0.00000E+00   1.35418E+01  0.00000E+00   1.98614E+02  0.00000E+00
   9      5.41674E+01  0.00000E+00   9.02789E+01  0.00000E+00   9.02789E+00  0.00000E+00   1.53474E+02  0.00000E+00
  10      4.51395E+01  0.00000E+00   6.77092E+01  0.00000E+00   1.35418E+01  0.00000E+00   1.26391E+02  0.00000E+00
  11      4.06255E+01  0.00000E+00   4.51395E+01  0.00000E+00       ---          ---       8.57650E+01  0.00000E+00
  12      2.70837E+01  0.00000E+00   3.15976E+01  0.00000E+00       ---          ---       5.86813E+01  0.00000E+00
  13      2.70837E+01  0.00000E+00   5.41674E+01  0.00000E+00       ---          ---       8.12510E+01  0.00000E+00
  14      2.70837E+01  0.00000E+00   2.25697E+01  0.00000E+00       ---          ---       4.96534E+01  0.00000E+00
  15      3.15976E+01  0.00000E+00   1.35418E+01  0.00000E+00       ---          ---       4.51395E+01  0.00000E+00
  16      1.80558E+01  0.00000E+00   1.80558E+01  0.00000E+00       ---          ---       3.61116E+01  0.00000E+00
  17      3.61116E+01  0.00000E+00   1.80558E+01  0.00000E+00       ---          ---       5.41674E+01  0.00000E+00
  18      9.02789E+00  0.00000E+00   9.02789E+00  0.00000E+00       ---          ---       1.80558E+01  0.00000E+00
  19      1.35418E+01  0.00000E+00   4.51395E+00  0.00000E+00       ---          ---       1.80558E+01  0.00000E+00
  20      9.02789E+00  0.00000E+00   9.02789E+00  0.00000E+00       ---          ---       1.80558E+01  0.00000E+00
  21      1.80558E+01  0.00000E+00   9.02789E+00  0.00000E+00       ---          ---       2.70837E+01  0.00000E+00
  22      9.02789E+00  0.00000E+00   4.51395E+00  0.00000E+00       ---          ---       1.35418E+01  0.00000E+00
  23      9.02789E+00  0.00000E+00       ---          ---           ---          ---       9.02789E+00  0.00000E+00
  24      9.02789E+00  0.00000E+00       ---          ---           ---          ---       9.02789E+00  0.00000E+00
  25      9.02789E+00  0.00000E+00   4.51395E+00  0.00000E+00       ---          ---       1.35418E+01  0.00000E+00
  26      9.02789E+00  0.00000E+00   4.51395E+00  0.00000E+00       ---          ---       1.35418E+01  0.00000E+00
  27      4.51395E+00  0.00000E+00       ---          ---           ---          ---       4.51395E+00  0.00000E+00
  28          ---          ---           ---          ---           ---          ---           ---          ---
  29          ---          ---           ---          ---           ---          ---           ---          ---
  30          ---          ---           ---          ---           ---          ---           ---          ---
  31          ---          ---           ---          ---           ---          ---           ---          ---
  32          ---          ---           ---          ---           ---          ---           ---          ---
  33          ---          ---           ---          ---           ---          ---           ---          ---
  34          ---          ---           ---          ---           ---          ---           ---          ---
  35      4.51395E+00  0.00000E+00       ---          ---           ---          ---       4.51395E+00  0.00000E+00
  36          ---          ---           ---          ---           ---          ---           ---          ---
  37      4.51395E+00  0.00000E+00       ---          ---           ---          ---       4.51395E+00  0.00000E+00
  38          ---          ---           ---          ---           ---          ---           ---          ---
  39          ---          ---           ---          ---           ---          ---           ---          ---
  40          ---          ---           ---          ---           ---          ---           ---          ---
  41          ---          ---           ---          ---           ---          ---           ---          ---
  42          ---          ---           ---          ---           ---          ---           ---          ---
  43          ---          ---           ---          ---           ---          ---           ---          ---
  44          ---          ---           ---          ---           ---          ---           ---          ---
  45          ---          ---           ---          ---           ---          ---           ---          ---
  46          ---          ---           ---          ---           ---          ---           ---          ---
  47          ---          ---           ---          ---           ---          ---           ---          ---
  48          ---          ---           ---          ---           ---          ---           ---          ---
  49          ---          ---           ---          ---           ---          ---           ---          ---
  50          ---          ---           ---          ---           ---          ---           ---          ---
 Total    6.95148E+02  0.00000E+00   1.96357E+03  0.00000E+00   1.63856E+03  0.00000E+00   4.29728E+03  0.00000E+00
-------------------------------------------------------------------------------------------------------------------

TABLE 4. Cluster Length (in base pair)
===================================================================================================================
Number of --------- DSB ----------   --------- SSB ----------   -------- OTHER ---------   ----- ALL CLUSTERS -----
 lesions    Average        SEM         Average        SEM         Average        SEM         Average        SEM    
===================================================================================================================
   1          ---          ---       1.00000E+00  0.00000E+00   1.00000E+00  0.00000E+00   1.00000E+00  0.00000E+00
   2      4.20000E+00  0.00000E+00   5.28302E+00  0.00000E+00   4.59140E+00  0.00000E+00   4.82119E+00  0.00000E+00
   3      7.62500E+00  0.00000E+00   8.12500E+00  0.00000E+00   7.85185E+00  0.00000E+00   7.96610E+00  0.00000E+00
   4      1.14000E+01  0.00000E+00   1.09333E+01  0.00000E+00   1.25806E+01  0.00000E+00   1.14851E+01  0.00000E+00
   5      1.35833E+01  0.00000E+00   1.59318E+01  0.00000E+00   1.62143E+01  0.00000E+00   1.56905E+01  0.00000E+00
   6      1.82500E+01  0.00000E+00   1.93611E+01  0.00000E+00   2.06667E+01  0.00000E+00   1.94821E+01  0.00000E+00
   7      2.37778E+01  0.00000E+00   2.15000E+01  0.00000E+00   2.22500E+01  0.00000E+00   2.21026E+01  0.00000E+00
   8      2.28000E+01  0.00000E+00   2.58065E+01  0.00000E+00   2.33333E+01  0.00000E+00   2.49545E+01  0.00000E+00
   9      2.75000E+01  0.00000E+00   3.04500E+01  0.00000E+00   2.95000E+01  0.00000E+00   2.93529E+01  0.00000E+00
  10      3.66000E+01  0.00000E+00   3.54000E+01  0.00000E+00   3.30000E+01  0.00000E+00   3.55714E+01  0.00000E+00
  11      3.91111E+01  0.00000E+00   3.66000E+01  0.00000E+00       ---          ---       3.77895E+01  0.00000E+00
  12      4.06667E+01  0.00000E+00   4.18571E+01  0.00000E+00       ---          ---       4.13077E+01  0.00000E+00
  13      4.05000E+01  0.00000E+00   4.46667E+01  0.00000E+00       ---          ---       4.32778E+01  0.00000E+00
  14      5.10000E+01  0.00000E+00   5.18000E+01  0.00000E+00       ---          ---       5.13636E+01  0.00000E+00
  15      5.02857E+01  0.00000E+00   5.13333E+01  0.00000E+00       ---          ---       5.06000E+01  0.00000E+00
  16      6.22500E+01  0.00000E+00   6.37500E+01  0.00000E+00       ---          ---       6.30000E+01  0.00000E+00
  17      5.68750E+01  0.00000E+00   6.17500E+01  0.00000E+00       ---          ---       5.85000E+01  0.00000E+00
  18      7.10000E+01  0.00000E+00   5.85000E+01  0.00000E+00       ---          ---       6.47500E+01  0.00000E+00
  19      6.70000E+01  0.00000E+00   7.20000E+01  0.00000E+00       ---          ---       6.82500E+01  0.00000E+00
  20      7.50000E+01  0.00000E+00   6.75000E+01  0.00000E+00       ---          ---       7.12500E+01  0.00000E+00
  21      7.07500E+01  0.00000E+00   7.85000E+01  0.00000E+00       ---          ---       7.33333E+01  0.00000E+00
  22      6.25000E+01  0.00000E+00   8.40000E+01  0.00000E+00       ---          ---       6.96667E+01  0.00000E+00
  23      8.30000E+01  0.00000E+00       ---          ---           ---          ---       8.30000E+01  0.00000E+00
  24      8.05000E+01  0.00000E+00       ---          ---           ---          ---       8.05000E+01  0.00000E+00
  25      8.70000E+01  0.00000E+00   8.50000E+01  0.00000E+00       ---          ---       8.63333E+01  0.00000E+00
  26      8.50000E+01  0.00000E+00   1.00000E+02  0.00000E+00       ---          ---       9.00000E+01  0.00000E+00
  27      8.80000E+01  0.00000E+00       ---          ---           ---          ---       8.80000E+01  0.00000E+00
  28          ---          ---           ---          ---           ---          ---           ---          ---
  29          ---          ---           ---          ---           ---          ---           ---          ---
  30          ---          ---           ---          ---           ---          ---           ---          ---
  31          ---          ---           ---          ---           ---          ---           ---          ---
  32          ---          ---           ---          ---           ---          ---           ---          ---
  33          ---          ---           ---          ---           ---          ---           ---          ---
  34          ---          ---           ---          ---           ---          ---           ---          ---
  35      1.30000E+02  0.00000E+00       ---          ---           ---          ---       1.30000E+02  0.00000E+00
  36          ---          ---           ---          ---           ---          ---           ---          ---
  37      1.40000E+02  0.00000E+00       ---          ---           ---          ---       1.40000E+02  0.00000E+00
  38          ---          ---           ---          ---           ---          ---           ---          ---
  39          ---          ---           ---          ---           ---          ---           ---          ---
  40          ---          ---           ---          ---           ---          ---           ---          ---
  41          ---          ---           ---          ---           ---          ---           ---          ---
  42          ---          ---           ---          ---           ---          ---           ---          ---
  43          ---          ---           ---          ---           ---          ---           ---          ---
  44          ---          ---           ---          ---           ---          ---           ---          ---
  45          ---          ---           ---          ---           ---          ---           ---          ---
  46          ---          ---           ---          ---           ---          ---           ---          ---
  47          ---          ---           ---          ---           ---          ---           ---          ---
  48          ---          ---           ---          ---           ---          ---           ---          ---
  49          ---          ---           ---          ---           ---          ---           ---          ---
  50          ---          ---           ---          ---           ---          ---           ---          ---
Average   3.74935E+01  0.00000E+00   1.88207E+01  0.00000E+00   6.59229E+00  0.00000E+00   1.71786E+01  0.00000E+00
-------------------------------------------------------------------------------------------------------------------

TABLE 5. Density of lesions forming a cluster (in units of lesions per nucleotide).
===================================================================================================================
Number of --------- DSB ----------   --------- SSB ----------   -------- OTHER ---------   ----- ALL CLUSTERS -----
 lesions    Average        SEM         Average        SEM         Average        SEM         Average        SEM    
===================================================================================================================
   1          ---          ---       5.00000E-01  0.00000E+00   5.00000E-01  0.00000E+00   5.00000E-01  0.00000E+00
   2      3.36667E-01  0.00000E+00   2.56252E-01  0.00000E+00   3.31631E-01  0.00000E+00   3.05340E-01  0.00000E+00
   3      2.08340E-01  0.00000E+00   2.49123E-01  0.00000E+00   2.39047E-01  0.00000E+00   2.41747E-01  0.00000E+00
   4      2.01746E-01  0.00000E+00   2.12856E-01  0.00000E+00   1.87922E-01  0.00000E+00   2.04103E-01  0.00000E+00
   5      2.37721E-01  0.00000E+00   1.67945E-01  0.00000E+00   1.81753E-01  0.00000E+00   1.82516E-01  0.00000E+00
   6      1.74868E-01  0.00000E+00   1.78029E-01  0.00000E+00   1.57041E-01  0.00000E+00   1.73080E-01  0.00000E+00
   7      1.53881E-01  0.00000E+00   1.74842E-01  0.00000E+00   1.72355E-01  0.00000E+00   1.69750E-01  0.00000E+00
   8      1.86757E-01  0.00000E+00   1.65697E-01  0.00000E+00   1.97801E-01  0.00000E+00   1.72672E-01  0.00000E+00
   9      1.67430E-01  0.00000E+00   1.55769E-01  0.00000E+00   1.53646E-01  0.00000E+00   1.59760E-01  0.00000E+00
  10      1.41554E-01  0.00000E+00   1.46597E-01  0.00000E+00   1.52709E-01  0.00000E+00   1.45451E-01  0.00000E+00
  11      1.44497E-01  0.00000E+00   1.55047E-01  0.00000E+00       ---          ---       1.50050E-01  0.00000E+00
  12      1.53769E-01  0.00000E+00   1.51291E-01  0.00000E+00       ---          ---       1.52435E-01  0.00000E+00
  13      1.63640E-01  0.00000E+00   1.52416E-01  0.00000E+00       ---          ---       1.56157E-01  0.00000E+00
  14      1.40736E-01  0.00000E+00   1.38420E-01  0.00000E+00       ---          ---       1.39683E-01  0.00000E+00
  15      1.51574E-01  0.00000E+00   1.46189E-01  0.00000E+00       ---          ---       1.49958E-01  0.00000E+00
  16      1.29163E-01  0.00000E+00   1.26341E-01  0.00000E+00       ---          ---       1.27752E-01  0.00000E+00
  17      1.50506E-01  0.00000E+00   1.43318E-01  0.00000E+00       ---          ---       1.48110E-01  0.00000E+00
  18      1.31889E-01  0.00000E+00   1.62500E-01  0.00000E+00       ---          ---       1.47194E-01  0.00000E+00
  19      1.44743E-01  0.00000E+00   1.31944E-01  0.00000E+00       ---          ---       1.41543E-01  0.00000E+00
  20      1.33333E-01  0.00000E+00   1.51822E-01  0.00000E+00       ---          ---       1.42578E-01  0.00000E+00
  21      1.49895E-01  0.00000E+00   1.35746E-01  0.00000E+00       ---          ---       1.45178E-01  0.00000E+00
  22      1.76011E-01  0.00000E+00   1.30952E-01  0.00000E+00       ---          ---       1.60992E-01  0.00000E+00
  23      1.40595E-01  0.00000E+00       ---          ---           ---          ---       1.40595E-01  0.00000E+00
  24      1.50047E-01  0.00000E+00       ---          ---           ---          ---       1.50047E-01  0.00000E+00
  25      1.43678E-01  0.00000E+00   1.47059E-01  0.00000E+00       ---          ---       1.44805E-01  0.00000E+00
  26      1.58559E-01  0.00000E+00   1.30000E-01  0.00000E+00       ---          ---       1.49040E-01  0.00000E+00
  27      1.53409E-01  0.00000E+00       ---          ---           ---          ---       1.53409E-01  0.00000E+00
  28          ---          ---           ---          ---           ---          ---           ---          ---
  29          ---          ---           ---          ---           ---          ---           ---          ---
  30          ---          ---           ---          ---           ---          ---           ---          ---
  31          ---          ---           ---          ---           ---          ---           ---          ---
  32          ---          ---           ---          ---           ---          ---           ---          ---
  33          ---          ---           ---          ---           ---          ---           ---          ---
  34          ---          ---           ---          ---           ---          ---           ---          ---
  35      1.34615E-01  0.00000E+00       ---          ---           ---          ---       1.34615E-01  0.00000E+00
  36          ---          ---           ---          ---           ---          ---           ---          ---
  37      1.32143E-01  0.00000E+00       ---          ---           ---          ---       1.32143E-01  0.00000E+00
  38          ---          ---           ---          ---           ---          ---           ---          ---
  39          ---          ---           ---          ---           ---          ---           ---          ---
  40          ---          ---           ---          ---           ---          ---           ---          ---
  41          ---          ---           ---          ---           ---          ---           ---          ---
  42          ---          ---           ---          ---           ---          ---           ---          ---
  43          ---          ---           ---          ---           ---          ---           ---          ---
  44          ---          ---           ---          ---           ---          ---           ---          ---
  45          ---          ---           ---          ---           ---          ---           ---          ---
  46          ---          ---           ---          ---           ---          ---           ---          ---
  47          ---          ---           ---          ---           ---          ---           ---          ---
  48          ---          ---           ---          ---           ---          ---           ---          ---
  49          ---          ---           ---          ---           ---          ---           ---          ---
  50          ---          ---           ---          ---           ---          ---           ---          ---
Average   1.73049E-01  0.00000E+00   2.22269E-01  0.00000E+00   3.44622E-01  0.00000E+00   2.60960E-01  0.00000E+00
-------------------------------------------------------------------------------------------------------------------
NOTE: Lesion density computed as the number of lesions per cluster divided by twice the cluster length.

TABLE 6. Cluster composition (% Sb per cluster)
===================================================================================================================
Number of --------- DSB ----------   --------- SSB ----------   -------- OTHER ---------   ----- ALL CLUSTERS -----
 lesions    Average        SEM         Average        SEM         Average        SEM         Average        SEM    
===================================================================================================================
   1          ---          ---       1.00000E+02  0.00000E+00   0.00000E+00  0.00000E+00   2.26744E+01  0.00000E+00
   2      1.00000E+02  0.00000E+00   5.66038E+01  0.00000E+00   0.00000E+00  0.00000E+00   2.31788E+01  0.00000E+00
   3      8.33333E+01  0.00000E+00   3.92857E+01  0.00000E+00   0.00000E+00  0.00000E+00   2.42938E+01  0.00000E+00
   4      5.50000E+01  0.00000E+00   3.25000E+01  0.00000E+00   0.00000E+00  0.00000E+00   2.47525E+01  0.00000E+00
   5      5.16667E+01  0.00000E+00   2.86364E+01  0.00000E+00   0.00000E+00  0.00000E+00   2.23810E+01  0.00000E+00
   6      4.37500E+01  0.00000E+00   2.63889E+01  0.00000E+00   0.00000E+00  0.00000E+00   2.32143E+01  0.00000E+00
   7      4.76190E+01  0.00000E+00   2.30769E+01  0.00000E+00   0.00000E+00  0.00000E+00   2.63736E+01  0.00000E+00
   8      3.75000E+01  0.00000E+00   2.13710E+01  0.00000E+00   0.00000E+00  0.00000E+00   2.35795E+01  0.00000E+00
   9      4.25926E+01  0.00000E+00   2.11111E+01  0.00000E+00   0.00000E+00  0.00000E+00   2.74510E+01  0.00000E+00
  10      3.40000E+01  0.00000E+00   2.06667E+01  0.00000E+00   0.00000E+00  0.00000E+00   2.32143E+01  0.00000E+00
  11      3.93939E+01  0.00000E+00   1.90909E+01  0.00000E+00       ---          ---       2.87081E+01  0.00000E+00
  12      3.61111E+01  0.00000E+00   2.38095E+01  0.00000E+00       ---          ---       2.94872E+01  0.00000E+00
  13      2.94872E+01  0.00000E+00   1.60256E+01  0.00000E+00       ---          ---       2.05128E+01  0.00000E+00
  14      3.80952E+01  0.00000E+00   1.28571E+01  0.00000E+00       ---          ---       2.66234E+01  0.00000E+00
  15      4.00000E+01  0.00000E+00   1.77778E+01  0.00000E+00       ---          ---       3.33333E+01  0.00000E+00
  16      2.81250E+01  0.00000E+00   2.65625E+01  0.00000E+00       ---          ---       2.73438E+01  0.00000E+00
  17      3.16176E+01  0.00000E+00   2.20588E+01  0.00000E+00       ---          ---       2.84314E+01  0.00000E+00
  18      3.88889E+01  0.00000E+00   1.94444E+01  0.00000E+00       ---          ---       2.91667E+01  0.00000E+00
  19      2.28070E+01  0.00000E+00   1.05263E+01  0.00000E+00       ---          ---       1.97368E+01  0.00000E+00
  20      3.00000E+01  0.00000E+00   1.75000E+01  0.00000E+00       ---          ---       2.37500E+01  0.00000E+00
  21      2.61905E+01  0.00000E+00   2.61905E+01  0.00000E+00       ---          ---       2.61905E+01  0.00000E+00
  22      2.95455E+01  0.00000E+00   1.36364E+01  0.00000E+00       ---          ---       2.42424E+01  0.00000E+00
  23      2.39130E+01  0.00000E+00       ---          ---           ---          ---       2.39130E+01  0.00000E+00
  24      2.91667E+01  0.00000E+00       ---          ---           ---          ---       2.91667E+01  0.00000E+00
  25      1.80000E+01  0.00000E+00   1.60000E+01  0.00000E+00       ---          ---       1.73333E+01  0.00000E+00
  26      2.50000E+01  0.00000E+00   2.30769E+01  0.00000E+00       ---          ---       2.43590E+01  0.00000E+00
  27      2.96296E+01  0.00000E+00       ---          ---           ---          ---       2.96296E+01  0.00000E+00
  28          ---          ---           ---          ---           ---          ---           ---          ---
  29          ---          ---           ---          ---           ---          ---           ---          ---
  30          ---          ---           ---          ---           ---          ---           ---          ---
  31          ---          ---           ---          ---           ---          ---           ---          ---
  32          ---          ---           ---          ---           ---          ---           ---          ---
  33          ---          ---           ---          ---           ---          ---           ---          ---
  34          ---          ---           ---          ---           ---          ---           ---          ---
  35      3.71429E+01  0.00000E+00       ---          ---           ---          ---       3.71429E+01  0.00000E+00
  36          ---          ---           ---          ---           ---          ---           ---          ---
  37      2.43243E+01  0.00000E+00       ---          ---           ---          ---       2.43243E+01  0.00000E+00
  38          ---          ---           ---          ---           ---          ---           ---          ---
  39          ---          ---           ---          ---           ---          ---           ---          ---
  40          ---          ---           ---          ---           ---          ---           ---          ---
  41          ---          ---           ---          ---           ---          ---           ---          ---
  42          ---          ---           ---          ---           ---          ---           ---          ---
  43          ---          ---           ---          ---           ---          ---           ---          ---
  44          ---          ---           ---          ---           ---          ---           ---          ---
  45          ---          ---           ---          ---           ---          ---           ---          ---
  46          ---          ---           ---          ---           ---          ---           ---          ---
  47          ---          ---           ---          ---           ---          ---           ---          ---
  48          ---          ---           ---          ---           ---          ---           ---          ---
  49          ---          ---           ---          ---           ---          ---           ---          ---
  50          ---          ---           ---          ---           ---          ---           ---          ---
Average   4.29663E+01  0.00000E+00   3.74856E+01  0.00000E+00   0.00000E+00  0.00000E+00   2.40788E+01  0.00000E+00
-------------------------------------------------------------------------------------------------------------------
NOTES: (% Sb) is the percentage of lesions that are strand breaks. The number of Sb is [(% Sb)/100]*(# lesions).
The number of Bd is (1-(% Sb)/100)*(# lesions).
