===============================
MCDS Version 3.10A  05-DEC-2011
===============================
      0.005     running time (min)
  987654321     random number seed
          1     number of cells (nocs)
 0.0000E+00     water-equivalent material (WEM) thickness (mg/cm^2)
 1.0000E+00     Desired dose to the cell nucleus (Gy)
 6.0000E+00     DNA content (Gbp)

TARGET (cell) DEFINITION (4V/S = mean chord length)
========================================================
            DIAMETER     4V/S      Volume      Mass
               (um)      (um)      (um^3)      (ng)
--------------------------------------------------------
DNA            ---        ---     6.123E+00  6.123E-03
NUCLEUS     5.000E+00  3.333E+00  6.545E+01  6.545E-02
CYTOPLASM      ---        ---     -6.545E+01  -6.545E-02
CELL        0.000E+00  0.000E+00  0.000E+00  0.000E+00
========================================================
NOTE: In human DNA, 1 Gbp=0.979 ng (not including bound
H2O).  DNA volume computed using a density of 1 g/cm^3.

WARNING: volume of nucleus larger than the volume of the cell!

INCIDENT PARTICLE: 12C (mass = 1.20000E+01 u = 1.11749E+04 MeV/c^2)
  4.40000E+03 MeV >= 1.00000E-06 MeV
  3.66667E+02 MeV/A >= 8.33333E-08 MeV/A)
  1.08489E+04 MeV (p*c = momentum x speed of light)
  1.14297E-04 pm (de Broglie wavelength)
  1.39374E+00 = T/m0c2+1 (Lorentz factor) >= 1
  6.00000E+00 ABS(effective charge); Barkas 1963
  6.96565E-01 beta = (v/c) <= 1
  7.41957E+01 (zeff/beta)^2 <= 2.000E+05
  1.12906E+01 keV/um (total stopping power in H2O)
  1.12876E+01 keV/um ( 99.973% electronic)
  3.02988E-03 keV/um (  0.027% nuclear)
  2.40173E+01 CSDA range of particle (cm) in H2O

PARTICLE TRANSPORT - Beam of radiation incident on bottom of cell culture dish
(WEM=0.00 um, cell=0.00 um, nucleus=5.00 um; total distance traveled to
reach nucleus=-2.500 um of H2O).
==============================================================================
                                  ------- Cell --------  ------- Nucleus -----
                       Incident      Entry      Exit       Entry       Exit
==============================================================================
         KE (MeV)   4.4000E+03  4.4000E+03  4.4000E+03  4.4000E+03  4.4000E+03
    (Zeff/beta)^2   7.4196E+01  7.4196E+01  7.4196E+01  7.4196E+01  7.4196E+01
     LET (keV/um)   1.1291E+01  1.1291E+01  1.1291E+01  1.1291E+01  1.1291E+01
  Res. Range (um)   2.4017E+05  2.4017E+05  2.4017E+05  2.4017E+05  2.4017E+05
 DPUF1 (nGy-cm^2)   1.8088E+01  1.8088E+01  1.8088E+01  1.8088E+01  1.8088E+01
 DPUF2 (nGy-cm^2)      ---      NaN     ---      1.8088E+01     ---
       Edep (keV)      ---      NaN     ---      3.7636E+01     ---
      YF (keV/um)      ---      NaN     ---      1.1291E+01     ---
          ZF (Gy)      ---      NaN     ---      9.2120E-02     ---
==============================================================================
LET=(Stot-Srad); absorbed dose per unit fluence (DPUF1) = 1.602*LET/rho
Avg. absorbed dose within target (i.e., DPUF2) = 2.5*pi*d*d*zf
Edep = 0.1602*ZF*PI*d*d*d/6; yf = edep/lbar = 0.25*edep*{area}/{volume}

DAMAGE FORMATION AND CLUSTERING (normoxic conditions)
     122322     segment length, nseg (bp per cell per Gy)
       1300     number of strand breaks, sigSb (per cell per Gy)
       3900     number of base damages,  sigBd (per cell per Gy)
        3.0     base damage to strand break ratio, f
          9     minimum distance between clusters, Nmin (bp)
         10     maximum distance between two Sb to compose a DSB, Ndsb (bp)
        0.0     fraction Bl/Bd

OXYGEN SIMULATION (M0=1.740, K=0.3372, q=946.10, r=2.15)
  1.0000E+02 % O2 concentration (=760.00 mmHg)
  2.4704E-03 chemical repair probability (pcr)
  9.9753E-01 O2 fixation probability (1-pcr)
  1.0025E+00 Approx. HRF for SSB induction [=1/(1-pcr)]
  1.0050E+00 Approx. HRF for DSB induction [1/(1-pcr)]^2

DMSO SIMULATION
  5.0000E-01 fraction of non-scavengeable DNA damage (fnsd)
  5.0000E-01 concentration (mol dm^-3) at half-level (chmx)
  0.0000E+00 DMSO concentration (mol dm^-3)

TABLE 1. Percent (%) cluster yields by complexity, as classified using the scheme of Nikjoo et al. (IJRB 71, 
467-483 1997 and and Radiat. Res. 156, 577-583 2001).
===================================================================================================================
    67.197     BD    - one or more Bd (no Sb)
    29.221     SSB   - Sb (no auxilary damage)
     1.364     SSB+  - two Sb on the same strand
     0.199     2SSB  - two or more Sb on opposite strands separated by at least 10 bp
     1.762     DSB   - two Sb on opposite strands with a separation <= 10 bp
     0.227     DSB+  - DSB accompanied by one (or more) additional Sb within 10 bp separation
     0.028     DSB++ - more than one DSB whether within the 10 bp separation or further apart
     5.078     SSBc  - fraction of complex damage (SSB+ and 2SSB) among SSBs
    45.337     SSBcb - fraction of complex damage (SSB+ and 2SSB) among SSBs; base damage included
    12.676     DSBc  - fraction of complex damage (DSB+ and DSB++) among DSBs
    61.972     DSBcb - fraction of complex damage (DSB+ and DSB++) among DSBs; base damage included
===================================================================================================================

TABLE 2. Number of clusters per cell (DNA=6.000 Gbp, AD=1.000 Gy).
===================================================================================================================
Number of --------- DSB ----------   --------- SSB ----------   -------- OTHER ---------   ----- ALL CLUSTERS -----
 lesions    Average        SEM         Average        SEM         Average        SEM         Average        SEM    
===================================================================================================================
   1          ---          ---       5.92000E+02  0.00000E+00   1.79000E+03  0.00000E+00   2.38200E+03  0.00000E+00
   2      2.70000E+01  0.00000E+00   3.08000E+02  0.00000E+00   4.39000E+02  0.00000E+00   7.74000E+02  0.00000E+00
   3      1.90000E+01  0.00000E+00   1.13000E+02  0.00000E+00   1.11000E+02  0.00000E+00   2.43000E+02  0.00000E+00
   4      1.60000E+01  0.00000E+00   4.70000E+01  0.00000E+00   2.00000E+01  0.00000E+00   8.30000E+01  0.00000E+00
   5      6.00000E+00  0.00000E+00   1.90000E+01  0.00000E+00   2.00000E+00  0.00000E+00   2.70000E+01  0.00000E+00
   6      2.00000E+00  0.00000E+00   2.00000E+00  0.00000E+00   1.00000E+00  0.00000E+00   5.00000E+00  0.00000E+00
   7      1.00000E+00  0.00000E+00   1.00000E+00  0.00000E+00   1.00000E+00  0.00000E+00   3.00000E+00  0.00000E+00
   8          ---          ---           ---          ---           ---          ---           ---          ---
   9          ---          ---           ---          ---           ---          ---           ---          ---
  10          ---          ---       1.00000E+00  0.00000E+00       ---          ---       1.00000E+00  0.00000E+00
  11          ---          ---           ---          ---           ---          ---           ---          ---
  12          ---          ---           ---          ---           ---          ---           ---          ---
  13          ---          ---           ---          ---           ---          ---           ---          ---
  14          ---          ---           ---          ---           ---          ---           ---          ---
  15          ---          ---           ---          ---           ---          ---           ---          ---
  16          ---          ---           ---          ---           ---          ---           ---          ---
  17          ---          ---           ---          ---           ---          ---           ---          ---
  18          ---          ---           ---          ---           ---          ---           ---          ---
  19          ---          ---           ---          ---           ---          ---           ---          ---
  20          ---          ---           ---          ---           ---          ---           ---          ---
  21          ---          ---           ---          ---           ---          ---           ---          ---
  22          ---          ---           ---          ---           ---          ---           ---          ---
  23          ---          ---           ---          ---           ---          ---           ---          ---
  24          ---          ---           ---          ---           ---          ---           ---          ---
  25          ---          ---           ---          ---           ---          ---           ---          ---
  26          ---          ---           ---          ---           ---          ---           ---          ---
  27          ---          ---           ---          ---           ---          ---           ---          ---
  28          ---          ---           ---          ---           ---          ---           ---          ---
  29          ---          ---           ---          ---           ---          ---           ---          ---
  30          ---          ---           ---          ---           ---          ---           ---          ---
  31          ---          ---           ---          ---           ---          ---           ---          ---
  32          ---          ---           ---          ---           ---          ---           ---          ---
  33          ---          ---           ---          ---           ---          ---           ---          ---
  34          ---          ---           ---          ---           ---          ---           ---          ---
  35          ---          ---           ---          ---           ---          ---           ---          ---
  36          ---          ---           ---          ---           ---          ---           ---          ---
  37          ---          ---           ---          ---           ---          ---           ---          ---
  38          ---          ---           ---          ---           ---          ---           ---          ---
  39          ---          ---           ---          ---           ---          ---           ---          ---
  40          ---          ---           ---          ---           ---          ---           ---          ---
  41          ---          ---           ---          ---           ---          ---           ---          ---
  42          ---          ---           ---          ---           ---          ---           ---          ---
  43          ---          ---           ---          ---           ---          ---           ---          ---
  44          ---          ---           ---          ---           ---          ---           ---          ---
  45          ---          ---           ---          ---           ---          ---           ---          ---
  46          ---          ---           ---          ---           ---          ---           ---          ---
  47          ---          ---           ---          ---           ---          ---           ---          ---
  48          ---          ---           ---          ---           ---          ---           ---          ---
  49          ---          ---           ---          ---           ---          ---           ---          ---
  50          ---          ---           ---          ---           ---          ---           ---          ---
 Total    7.10000E+01  0.00000E+00   1.08300E+03  0.00000E+00   2.36400E+03  0.00000E+00   3.51800E+03  0.00000E+00
-------------------------------------------------------------------------------------------------------------------
NOTE: The category "OTHER" includes all classes of individual and clustered DNA lesion, except for SSB and DSB.
SEM = standard error of the mean.

TABLE 3. Number of clusters per cell per track (DNA=6.000 Gbp, ZF=0.09212 Gy).
===================================================================================================================
Number of --------- DSB ----------   --------- SSB ----------   -------- OTHER ---------   ----- ALL CLUSTERS -----
 lesions    Average        SEM         Average        SEM         Average        SEM         Average        SEM    
===================================================================================================================
   1          ---          ---       5.45349E+01  0.00000E+00   1.64894E+02  0.00000E+00   2.19429E+02  0.00000E+00
   2      2.48723E+00  0.00000E+00   2.83729E+01  0.00000E+00   4.04405E+01  0.00000E+00   7.13006E+01  0.00000E+00
   3      1.75027E+00  0.00000E+00   1.04095E+01  0.00000E+00   1.02253E+01  0.00000E+00   2.23851E+01  0.00000E+00
   4      1.47391E+00  0.00000E+00   4.32963E+00  0.00000E+00   1.84239E+00  0.00000E+00   7.64593E+00  0.00000E+00
   5      5.52718E-01  0.00000E+00   1.75027E+00  0.00000E+00   1.84239E-01  0.00000E+00   2.48723E+00  0.00000E+00
   6      1.84239E-01  0.00000E+00   1.84239E-01  0.00000E+00   9.21197E-02  0.00000E+00   4.60598E-01  0.00000E+00
   7      9.21197E-02  0.00000E+00   9.21197E-02  0.00000E+00   9.21197E-02  0.00000E+00   2.76359E-01  0.00000E+00
   8          ---          ---           ---          ---           ---          ---           ---          ---
   9          ---          ---           ---          ---           ---          ---           ---          ---
  10          ---          ---       9.21197E-02  0.00000E+00       ---          ---       9.21197E-02  0.00000E+00
  11          ---          ---           ---          ---           ---          ---           ---          ---
  12          ---          ---           ---          ---           ---          ---           ---          ---
  13          ---          ---           ---          ---           ---          ---           ---          ---
  14          ---          ---           ---          ---           ---          ---           ---          ---
  15          ---          ---           ---          ---           ---          ---           ---          ---
  16          ---          ---           ---          ---           ---          ---           ---          ---
  17          ---          ---           ---          ---           ---          ---           ---          ---
  18          ---          ---           ---          ---           ---          ---           ---          ---
  19          ---          ---           ---          ---           ---          ---           ---          ---
  20          ---          ---           ---          ---           ---          ---           ---          ---
  21          ---          ---           ---          ---           ---          ---           ---          ---
  22          ---          ---           ---          ---           ---          ---           ---          ---
  23          ---          ---           ---          ---           ---          ---           ---          ---
  24          ---          ---           ---          ---           ---          ---           ---          ---
  25          ---          ---           ---          ---           ---          ---           ---          ---
  26          ---          ---           ---          ---           ---          ---           ---          ---
  27          ---          ---           ---          ---           ---          ---           ---          ---
  28          ---          ---           ---          ---           ---          ---           ---          ---
  29          ---          ---           ---          ---           ---          ---           ---          ---
  30          ---          ---           ---          ---           ---          ---           ---          ---
  31          ---          ---           ---          ---           ---          ---           ---          ---
  32          ---          ---           ---          ---           ---          ---           ---          ---
  33          ---          ---           ---          ---           ---          ---           ---          ---
  34          ---          ---           ---          ---           ---          ---           ---          ---
  35          ---          ---           ---          ---           ---          ---           ---          ---
  36          ---          ---           ---          ---           ---          ---           ---          ---
  37          ---          ---           ---          ---           ---          ---           ---          ---
  38          ---          ---           ---          ---           ---          ---           ---          ---
  39          ---          ---           ---          ---           ---          ---           ---          ---
  40          ---          ---           ---          ---           ---          ---           ---          ---
  41          ---          ---           ---          ---           ---          ---           ---          ---
  42          ---          ---           ---          ---           ---          ---           ---          ---
  43          ---          ---           ---          ---           ---          ---           ---          ---
  44          ---          ---           ---          ---           ---          ---           ---          ---
  45          ---          ---           ---          ---           ---          ---           ---          ---
  46          ---          ---           ---          ---           ---          ---           ---          ---
  47          ---          ---           ---          ---           ---          ---           ---          ---
  48          ---          ---           ---          ---           ---          ---           ---          ---
  49          ---          ---           ---          ---           ---          ---           ---          ---
  50          ---          ---           ---          ---           ---          ---           ---          ---
 Total    6.54050E+00  0.00000E+00   9.97656E+01  0.00000E+00   2.17771E+02  0.00000E+00   3.24077E+02  0.00000E+00
-------------------------------------------------------------------------------------------------------------------

TABLE 4. Cluster Length (in base pair)
===================================================================================================================
Number of --------- DSB ----------   --------- SSB ----------   -------- OTHER ---------   ----- ALL CLUSTERS -----
 lesions    Average        SEM         Average        SEM         Average        SEM         Average        SEM    
===================================================================================================================
   1          ---          ---       1.00000E+00  0.00000E+00   1.00000E+00  0.00000E+00   1.00000E+00  0.00000E+00
   2      5.51852E+00  0.00000E+00   5.79221E+00  0.00000E+00   5.56036E+00  0.00000E+00   5.65116E+00  0.00000E+00
   3      8.78947E+00  0.00000E+00   1.02655E+01  0.00000E+00   9.82883E+00  0.00000E+00   9.95062E+00  0.00000E+00
   4      1.46250E+01  0.00000E+00   1.49787E+01  0.00000E+00   1.37500E+01  0.00000E+00   1.46145E+01  0.00000E+00
   5      1.70000E+01  0.00000E+00   1.85789E+01  0.00000E+00   1.50000E+01  0.00000E+00   1.79630E+01  0.00000E+00
   6      1.50000E+01  0.00000E+00   1.70000E+01  0.00000E+00   2.10000E+01  0.00000E+00   1.70000E+01  0.00000E+00
   7      2.50000E+01  0.00000E+00   3.10000E+01  0.00000E+00   1.80000E+01  0.00000E+00   2.46667E+01  0.00000E+00
   8          ---          ---           ---          ---           ---          ---           ---          ---
   9          ---          ---           ---          ---           ---          ---           ---          ---
  10          ---          ---       5.30000E+01  0.00000E+00       ---          ---       5.30000E+01  0.00000E+00
  11          ---          ---           ---          ---           ---          ---           ---          ---
  12          ---          ---           ---          ---           ---          ---           ---          ---
  13          ---          ---           ---          ---           ---          ---           ---          ---
  14          ---          ---           ---          ---           ---          ---           ---          ---
  15          ---          ---           ---          ---           ---          ---           ---          ---
  16          ---          ---           ---          ---           ---          ---           ---          ---
  17          ---          ---           ---          ---           ---          ---           ---          ---
  18          ---          ---           ---          ---           ---          ---           ---          ---
  19          ---          ---           ---          ---           ---          ---           ---          ---
  20          ---          ---           ---          ---           ---          ---           ---          ---
  21          ---          ---           ---          ---           ---          ---           ---          ---
  22          ---          ---           ---          ---           ---          ---           ---          ---
  23          ---          ---           ---          ---           ---          ---           ---          ---
  24          ---          ---           ---          ---           ---          ---           ---          ---
  25          ---          ---           ---          ---           ---          ---           ---          ---
  26          ---          ---           ---          ---           ---          ---           ---          ---
  27          ---          ---           ---          ---           ---          ---           ---          ---
  28          ---          ---           ---          ---           ---          ---           ---          ---
  29          ---          ---           ---          ---           ---          ---           ---          ---
  30          ---          ---           ---          ---           ---          ---           ---          ---
  31          ---          ---           ---          ---           ---          ---           ---          ---
  32          ---          ---           ---          ---           ---          ---           ---          ---
  33          ---          ---           ---          ---           ---          ---           ---          ---
  34          ---          ---           ---          ---           ---          ---           ---          ---
  35          ---          ---           ---          ---           ---          ---           ---          ---
  36          ---          ---           ---          ---           ---          ---           ---          ---
  37          ---          ---           ---          ---           ---          ---           ---          ---
  38          ---          ---           ---          ---           ---          ---           ---          ---
  39          ---          ---           ---          ---           ---          ---           ---          ---
  40          ---          ---           ---          ---           ---          ---           ---          ---
  41          ---          ---           ---          ---           ---          ---           ---          ---
  42          ---          ---           ---          ---           ---          ---           ---          ---
  43          ---          ---           ---          ---           ---          ---           ---          ---
  44          ---          ---           ---          ---           ---          ---           ---          ---
  45          ---          ---           ---          ---           ---          ---           ---          ---
  46          ---          ---           ---          ---           ---          ---           ---          ---
  47          ---          ---           ---          ---           ---          ---           ---          ---
  48          ---          ---           ---          ---           ---          ---           ---          ---
  49          ---          ---           ---          ---           ---          ---           ---          ---
  50          ---          ---           ---          ---           ---          ---           ---          ---
Average   9.95775E+00  0.00000E+00   4.34995E+00  0.00000E+00   2.39679E+00  0.00000E+00   3.15065E+00  0.00000E+00
-------------------------------------------------------------------------------------------------------------------

TABLE 5. Density of lesions forming a cluster (in units of lesions per nucleotide).
===================================================================================================================
Number of --------- DSB ----------   --------- SSB ----------   -------- OTHER ---------   ----- ALL CLUSTERS -----
 lesions    Average        SEM         Average        SEM         Average        SEM         Average        SEM    
===================================================================================================================
   1          ---          ---       5.00000E-01  0.00000E+00   5.00000E-01  0.00000E+00   5.00000E-01  0.00000E+00
   2      2.76073E-01  0.00000E+00   2.30312E-01  0.00000E+00   2.52074E-01  0.00000E+00   2.44251E-01  0.00000E+00
   3      1.84713E-01  0.00000E+00   1.75841E-01  0.00000E+00   1.89659E-01  0.00000E+00   1.82846E-01  0.00000E+00
   4      1.62986E-01  0.00000E+00   1.49480E-01  0.00000E+00   1.65004E-01  0.00000E+00   1.55824E-01  0.00000E+00
   5      1.75970E-01  0.00000E+00   1.50417E-01  0.00000E+00   1.67411E-01  0.00000E+00   1.57354E-01  0.00000E+00
   6      2.03620E-01  0.00000E+00   1.86813E-01  0.00000E+00   1.42857E-01  0.00000E+00   1.84745E-01  0.00000E+00
   7      1.40000E-01  0.00000E+00   1.12903E-01  0.00000E+00   1.94444E-01  0.00000E+00   1.49116E-01  0.00000E+00
   8          ---          ---           ---          ---           ---          ---           ---          ---
   9          ---          ---           ---          ---           ---          ---           ---          ---
  10          ---          ---       9.43396E-02  0.00000E+00       ---          ---       9.43396E-02  0.00000E+00
  11          ---          ---           ---          ---           ---          ---           ---          ---
  12          ---          ---           ---          ---           ---          ---           ---          ---
  13          ---          ---           ---          ---           ---          ---           ---          ---
  14          ---          ---           ---          ---           ---          ---           ---          ---
  15          ---          ---           ---          ---           ---          ---           ---          ---
  16          ---          ---           ---          ---           ---          ---           ---          ---
  17          ---          ---           ---          ---           ---          ---           ---          ---
  18          ---          ---           ---          ---           ---          ---           ---          ---
  19          ---          ---           ---          ---           ---          ---           ---          ---
  20          ---          ---           ---          ---           ---          ---           ---          ---
  21          ---          ---           ---          ---           ---          ---           ---          ---
  22          ---          ---           ---          ---           ---          ---           ---          ---
  23          ---          ---           ---          ---           ---          ---           ---          ---
  24          ---          ---           ---          ---           ---          ---           ---          ---
  25          ---          ---           ---          ---           ---          ---           ---          ---
  26          ---          ---           ---          ---           ---          ---           ---          ---
  27          ---          ---           ---          ---           ---          ---           ---          ---
  28          ---          ---           ---          ---           ---          ---           ---          ---
  29          ---          ---           ---          ---           ---          ---           ---          ---
  30          ---          ---           ---          ---           ---          ---           ---          ---
  31          ---          ---           ---          ---           ---          ---           ---          ---
  32          ---          ---           ---          ---           ---          ---           ---          ---
  33          ---          ---           ---          ---           ---          ---           ---          ---
  34          ---          ---           ---          ---           ---          ---           ---          ---
  35          ---          ---           ---          ---           ---          ---           ---          ---
  36          ---          ---           ---          ---           ---          ---           ---          ---
  37          ---          ---           ---          ---           ---          ---           ---          ---
  38          ---          ---           ---          ---           ---          ---           ---          ---
  39          ---          ---           ---          ---           ---          ---           ---          ---
  40          ---          ---           ---          ---           ---          ---           ---          ---
  41          ---          ---           ---          ---           ---          ---           ---          ---
  42          ---          ---           ---          ---           ---          ---           ---          ---
  43          ---          ---           ---          ---           ---          ---           ---          ---
  44          ---          ---           ---          ---           ---          ---           ---          ---
  45          ---          ---           ---          ---           ---          ---           ---          ---
  46          ---          ---           ---          ---           ---          ---           ---          ---
  47          ---          ---           ---          ---           ---          ---           ---          ---
  48          ---          ---           ---          ---           ---          ---           ---          ---
  49          ---          ---           ---          ---           ---          ---           ---          ---
  50          ---          ---           ---          ---           ---          ---           ---          ---
Average   2.13723E-01  0.00000E+00   3.66824E-01  0.00000E+00   4.35992E-01  0.00000E+00   4.10213E-01  0.00000E+00
-------------------------------------------------------------------------------------------------------------------
NOTE: Lesion density computed as the number of lesions per cluster divided by twice the cluster length.

TABLE 6. Cluster composition (% Sb per cluster)
===================================================================================================================
Number of --------- DSB ----------   --------- SSB ----------   -------- OTHER ---------   ----- ALL CLUSTERS -----
 lesions    Average        SEM         Average        SEM         Average        SEM         Average        SEM    
===================================================================================================================
   1          ---          ---       1.00000E+02  0.00000E+00   0.00000E+00  0.00000E+00   2.48531E+01  0.00000E+00
   2      1.00000E+02  0.00000E+00   5.27597E+01  0.00000E+00   0.00000E+00  0.00000E+00   2.44832E+01  0.00000E+00
   3      7.19298E+01  0.00000E+00   3.68732E+01  0.00000E+00   0.00000E+00  0.00000E+00   2.27709E+01  0.00000E+00
   4      5.46875E+01  0.00000E+00   3.51064E+01  0.00000E+00   0.00000E+00  0.00000E+00   3.04217E+01  0.00000E+00
   5      4.66667E+01  0.00000E+00   3.05263E+01  0.00000E+00   0.00000E+00  0.00000E+00   3.18519E+01  0.00000E+00
   6      4.16667E+01  0.00000E+00   3.33333E+01  0.00000E+00   0.00000E+00  0.00000E+00   3.00000E+01  0.00000E+00
   7      4.28571E+01  0.00000E+00   2.85714E+01  0.00000E+00   0.00000E+00  0.00000E+00   2.38095E+01  0.00000E+00
   8          ---          ---           ---          ---           ---          ---           ---          ---
   9          ---          ---           ---          ---           ---          ---           ---          ---
  10          ---          ---       2.00000E+01  0.00000E+00       ---          ---       2.00000E+01  0.00000E+00
  11          ---          ---           ---          ---           ---          ---           ---          ---
  12          ---          ---           ---          ---           ---          ---           ---          ---
  13          ---          ---           ---          ---           ---          ---           ---          ---
  14          ---          ---           ---          ---           ---          ---           ---          ---
  15          ---          ---           ---          ---           ---          ---           ---          ---
  16          ---          ---           ---          ---           ---          ---           ---          ---
  17          ---          ---           ---          ---           ---          ---           ---          ---
  18          ---          ---           ---          ---           ---          ---           ---          ---
  19          ---          ---           ---          ---           ---          ---           ---          ---
  20          ---          ---           ---          ---           ---          ---           ---          ---
  21          ---          ---           ---          ---           ---          ---           ---          ---
  22          ---          ---           ---          ---           ---          ---           ---          ---
  23          ---          ---           ---          ---           ---          ---           ---          ---
  24          ---          ---           ---          ---           ---          ---           ---          ---
  25          ---          ---           ---          ---           ---          ---           ---          ---
  26          ---          ---           ---          ---           ---          ---           ---          ---
  27          ---          ---           ---          ---           ---          ---           ---          ---
  28          ---          ---           ---          ---           ---          ---           ---          ---
  29          ---          ---           ---          ---           ---          ---           ---          ---
  30          ---          ---           ---          ---           ---          ---           ---          ---
  31          ---          ---           ---          ---           ---          ---           ---          ---
  32          ---          ---           ---          ---           ---          ---           ---          ---
  33          ---          ---           ---          ---           ---          ---           ---          ---
  34          ---          ---           ---          ---           ---          ---           ---          ---
  35          ---          ---           ---          ---           ---          ---           ---          ---
  36          ---          ---           ---          ---           ---          ---           ---          ---
  37          ---          ---           ---          ---           ---          ---           ---          ---
  38          ---          ---           ---          ---           ---          ---           ---          ---
  39          ---          ---           ---          ---           ---          ---           ---          ---
  40          ---          ---           ---          ---           ---          ---           ---          ---
  41          ---          ---           ---          ---           ---          ---           ---          ---
  42          ---          ---           ---          ---           ---          ---           ---          ---
  43          ---          ---           ---          ---           ---          ---           ---          ---
  44          ---          ---           ---          ---           ---          ---           ---          ---
  45          ---          ---           ---          ---           ---          ---           ---          ---
  46          ---          ---           ---          ---           ---          ---           ---          ---
  47          ---          ---           ---          ---           ---          ---           ---          ---
  48          ---          ---           ---          ---           ---          ---           ---          ---
  49          ---          ---           ---          ---           ---          ---           ---          ---
  50          ---          ---           ---          ---           ---          ---           ---          ---
Average   7.53219E+01  0.00000E+00   7.56804E+01  0.00000E+00   0.00000E+00  0.00000E+00   2.48180E+01  0.00000E+00
-------------------------------------------------------------------------------------------------------------------
NOTES: (% Sb) is the percentage of lesions that are strand breaks. The number of Sb is [(% Sb)/100]*(# lesions).
The number of Bd is (1-(% Sb)/100)*(# lesions).
