===============================
MCDS Version 3.10A  05-DEC-2011
===============================
      0.013     running time (min)
  987654321     random number seed
          1     number of cells (nocs)
 0.0000E+00     water-equivalent material (WEM) thickness (mg/cm^2)
 1.0000E+00     Desired dose to the cell nucleus (Gy)
 6.0000E+00     DNA content (Gbp)

TARGET (cell) DEFINITION (4V/S = mean chord length)
========================================================
            DIAMETER     4V/S      Volume      Mass
               (um)      (um)      (um^3)      (ng)
--------------------------------------------------------
DNA            ---        ---     6.123E+00  6.123E-03
NUCLEUS     5.000E+00  3.333E+00  6.545E+01  6.545E-02
CYTOPLASM      ---        ---     -6.545E+01  -6.545E-02
CELL        0.000E+00  0.000E+00  0.000E+00  0.000E+00
========================================================
NOTE: In human DNA, 1 Gbp=0.979 ng (not including bound
H2O).  DNA volume computed using a density of 1 g/cm^3.

WARNING: volume of nucleus larger than the volume of the cell!

INCIDENT PARTICLE: 12C (mass = 1.20000E+01 u = 1.11749E+04 MeV/c^2)
  1.50000E+02 MeV >= 1.00000E-06 MeV
  1.25000E+01 MeV/A >= 8.33333E-08 MeV/A)
  1.83711E+03 MeV (p*c = momentum x speed of light)
  6.74975E-04 pm (de Broglie wavelength)
  1.01342E+00 = T/m0c2+1 (Lorentz factor) >= 1
  5.98708E+00 ABS(effective charge); Barkas 1963
  1.62219E-01 beta = (v/c) <= 1
  1.36216E+03 (zeff/beta)^2 <= 2.000E+05
  1.34805E+02 keV/um (total stopping power in H2O)
  1.34726E+02 keV/um ( 99.941% electronic)
  7.90290E-02 keV/um (  0.059% nuclear)
  6.43996E-02 CSDA range of particle (cm) in H2O

PARTICLE TRANSPORT - Beam of radiation incident on bottom of cell culture dish
(WEM=0.00 um, cell=0.00 um, nucleus=5.00 um; total distance traveled to
reach nucleus=-2.500 um of H2O).
==============================================================================
                                  ------- Cell --------  ------- Nucleus -----
                       Incident      Entry      Exit       Entry       Exit
==============================================================================
         KE (MeV)   1.5000E+02  1.5000E+02  1.5000E+02  1.5000E+02  1.4966E+02
    (Zeff/beta)^2   1.3622E+03  1.3622E+03  1.3622E+03  1.3622E+03  1.3651E+03
     LET (keV/um)   1.3481E+02  1.3481E+02  1.3481E+02  1.3481E+02  1.3505E+02
  Res. Range (um)   6.4400E+02  6.4400E+02  6.4400E+02  6.4400E+02  6.4150E+02
 DPUF1 (nGy-cm^2)   2.1596E+02  2.1596E+02  2.1596E+02  2.1596E+02  2.1635E+02
 DPUF2 (nGy-cm^2)      ---      NaN     ---      2.1625E+02     ---
       Edep (keV)      ---      NaN     ---      4.4996E+02     ---
      YF (keV/um)      ---      NaN     ---      1.3499E+02     ---
          ZF (Gy)      ---      NaN     ---      1.1013E+00     ---
==============================================================================
LET=(Stot-Srad); absorbed dose per unit fluence (DPUF1) = 1.602*LET/rho
Avg. absorbed dose within target (i.e., DPUF2) = 2.5*pi*d*d*zf
Edep = 0.1602*ZF*PI*d*d*d/6; yf = edep/lbar = 0.25*edep*{area}/{volume}

DAMAGE FORMATION AND CLUSTERING (normoxic conditions)
      45819     segment length, nseg (bp per cell per Gy)
       1300     number of strand breaks, sigSb (per cell per Gy)
       3900     number of base damages,  sigBd (per cell per Gy)
        3.0     base damage to strand break ratio, f
          9     minimum distance between clusters, Nmin (bp)
         10     maximum distance between two Sb to compose a DSB, Ndsb (bp)
        0.0     fraction Bl/Bd

OXYGEN SIMULATION (M0=1.740, K=0.3372, q=946.10, r=2.15)
  1.0000E+02 % O2 concentration (=760.00 mmHg)
  7.7663E-04 chemical repair probability (pcr)
  9.9922E-01 O2 fixation probability (1-pcr)
  1.0008E+00 Approx. HRF for SSB induction [=1/(1-pcr)]
  1.0016E+00 Approx. HRF for DSB induction [1/(1-pcr)]^2

DMSO SIMULATION
  5.0000E-01 fraction of non-scavengeable DNA damage (fnsd)
  5.0000E-01 concentration (mol dm^-3) at half-level (chmx)
  0.0000E+00 DMSO concentration (mol dm^-3)

TABLE 1. Percent (%) cluster yields by complexity, as classified using the scheme of Nikjoo et al. (IJRB 71, 
467-483 1997 and and Radiat. Res. 156, 577-583 2001).
===================================================================================================================
    49.747     BD    - one or more Bd (no Sb)
    34.778     SSB   - Sb (no auxilary damage)
     6.078     SSB+  - two Sb on the same strand
     2.476     2SSB  - two or more Sb on opposite strands separated by at least 10 bp
     3.827     DSB   - two Sb on opposite strands with a separation <= 10 bp
     2.026     DSB+  - DSB accompanied by one (or more) additional Sb within 10 bp separation
     1.069     DSB++ - more than one DSB whether within the 10 bp separation or further apart
    19.740     SSBc  - fraction of complex damage (SSB+ and 2SSB) among SSBs
    81.169     SSBcb - fraction of complex damage (SSB+ and 2SSB) among SSBs; base damage included
    44.715     DSBc  - fraction of complex damage (DSB+ and DSB++) among DSBs
    90.244     DSBcb - fraction of complex damage (DSB+ and DSB++) among DSBs; base damage included
===================================================================================================================

TABLE 2. Number of clusters per cell (DNA=6.000 Gbp, AD=1.000 Gy).
===================================================================================================================
Number of --------- DSB ----------   --------- SSB ----------   -------- OTHER ---------   ----- ALL CLUSTERS -----
 lesions    Average        SEM         Average        SEM         Average        SEM         Average        SEM    
===================================================================================================================
   1          ---          ---       1.45000E+02  0.00000E+00   4.65000E+02  0.00000E+00   6.10000E+02  0.00000E+00
   2      1.20000E+01  0.00000E+00   1.62000E+02  0.00000E+00   2.12000E+02  0.00000E+00   3.86000E+02  0.00000E+00
   3      1.80000E+01  0.00000E+00   1.43000E+02  0.00000E+00   1.03000E+02  0.00000E+00   2.64000E+02  0.00000E+00
   4      1.70000E+01  0.00000E+00   1.10000E+02  0.00000E+00   5.50000E+01  0.00000E+00   1.82000E+02  0.00000E+00
   5      1.90000E+01  0.00000E+00   7.40000E+01  0.00000E+00   2.40000E+01  0.00000E+00   1.17000E+02  0.00000E+00
   6      1.30000E+01  0.00000E+00   4.80000E+01  0.00000E+00   1.30000E+01  0.00000E+00   7.40000E+01  0.00000E+00
   7      1.20000E+01  0.00000E+00   2.40000E+01  0.00000E+00   9.00000E+00  0.00000E+00   4.50000E+01  0.00000E+00
   8      1.00000E+01  0.00000E+00   2.80000E+01  0.00000E+00       ---          ---       3.80000E+01  0.00000E+00
   9      5.00000E+00  0.00000E+00   1.30000E+01  0.00000E+00   1.00000E+00  0.00000E+00   1.90000E+01  0.00000E+00
  10      8.00000E+00  0.00000E+00   1.10000E+01  0.00000E+00   2.00000E+00  0.00000E+00   2.10000E+01  0.00000E+00
  11      6.00000E+00  0.00000E+00   6.00000E+00  0.00000E+00       ---          ---       1.20000E+01  0.00000E+00
  12          ---          ---       2.00000E+00  0.00000E+00       ---          ---       2.00000E+00  0.00000E+00
  13      2.00000E+00  0.00000E+00   1.00000E+00  0.00000E+00       ---          ---       3.00000E+00  0.00000E+00
  14          ---          ---           ---          ---           ---          ---           ---          ---
  15          ---          ---       2.00000E+00  0.00000E+00       ---          ---       2.00000E+00  0.00000E+00
  16          ---          ---           ---          ---           ---          ---           ---          ---
  17      1.00000E+00  0.00000E+00       ---          ---           ---          ---       1.00000E+00  0.00000E+00
  18          ---          ---           ---          ---           ---          ---           ---          ---
  19          ---          ---           ---          ---           ---          ---           ---          ---
  20          ---          ---           ---          ---           ---          ---           ---          ---
  21          ---          ---           ---          ---           ---          ---           ---          ---
  22          ---          ---           ---          ---           ---          ---           ---          ---
  23          ---          ---       1.00000E+00  0.00000E+00       ---          ---       1.00000E+00  0.00000E+00
  24          ---          ---           ---          ---           ---          ---           ---          ---
  25          ---          ---           ---          ---           ---          ---           ---          ---
  26          ---          ---           ---          ---           ---          ---           ---          ---
  27          ---          ---           ---          ---           ---          ---           ---          ---
  28          ---          ---           ---          ---           ---          ---           ---          ---
  29          ---          ---           ---          ---           ---          ---           ---          ---
  30          ---          ---           ---          ---           ---          ---           ---          ---
  31          ---          ---           ---          ---           ---          ---           ---          ---
  32          ---          ---           ---          ---           ---          ---           ---          ---
  33          ---          ---           ---          ---           ---          ---           ---          ---
  34          ---          ---           ---          ---           ---          ---           ---          ---
  35          ---          ---           ---          ---           ---          ---           ---          ---
  36          ---          ---           ---          ---           ---          ---           ---          ---
  37          ---          ---           ---          ---           ---          ---           ---          ---
  38          ---          ---           ---          ---           ---          ---           ---          ---
  39          ---          ---           ---          ---           ---          ---           ---          ---
  40          ---          ---           ---          ---           ---          ---           ---          ---
  41          ---          ---           ---          ---           ---          ---           ---          ---
  42          ---          ---           ---          ---           ---          ---           ---          ---
  43          ---          ---           ---          ---           ---          ---           ---          ---
  44          ---          ---           ---          ---           ---          ---           ---          ---
  45          ---          ---           ---          ---           ---          ---           ---          ---
  46          ---          ---           ---          ---           ---          ---           ---          ---
  47          ---          ---           ---          ---           ---          ---           ---          ---
  48          ---          ---           ---          ---           ---          ---           ---          ---
  49          ---          ---           ---          ---           ---          ---           ---          ---
  50          ---          ---           ---          ---           ---          ---           ---          ---
 Total    1.23000E+02  0.00000E+00   7.70000E+02  0.00000E+00   8.84000E+02  0.00000E+00   1.77700E+03  0.00000E+00
-------------------------------------------------------------------------------------------------------------------
NOTE: The category "OTHER" includes all classes of individual and clustered DNA lesion, except for SSB and DSB.
SEM = standard error of the mean.

TABLE 3. Number of clusters per cell per track (DNA=6.000 Gbp, ZF=1.10135 Gy).
===================================================================================================================
Number of --------- DSB ----------   --------- SSB ----------   -------- OTHER ---------   ----- ALL CLUSTERS -----
 lesions    Average        SEM         Average        SEM         Average        SEM         Average        SEM    
===================================================================================================================
   1          ---          ---       1.59695E+02  0.00000E+00   5.12126E+02  0.00000E+00   6.71821E+02  0.00000E+00
   2      1.32161E+01  0.00000E+00   1.78418E+02  0.00000E+00   2.33485E+02  0.00000E+00   4.25119E+02  0.00000E+00
   3      1.98242E+01  0.00000E+00   1.57492E+02  0.00000E+00   1.13439E+02  0.00000E+00   2.90755E+02  0.00000E+00
   4      1.87229E+01  0.00000E+00   1.21148E+02  0.00000E+00   6.05740E+01  0.00000E+00   2.00445E+02  0.00000E+00
   5      2.09256E+01  0.00000E+00   8.14996E+01  0.00000E+00   2.64323E+01  0.00000E+00   1.28857E+02  0.00000E+00
   6      1.43175E+01  0.00000E+00   5.28646E+01  0.00000E+00   1.43175E+01  0.00000E+00   8.14996E+01  0.00000E+00
   7      1.32161E+01  0.00000E+00   2.64323E+01  0.00000E+00   9.91211E+00  0.00000E+00   4.95606E+01  0.00000E+00
   8      1.10135E+01  0.00000E+00   3.08377E+01  0.00000E+00       ---          ---       4.18511E+01  0.00000E+00
   9      5.50673E+00  0.00000E+00   1.43175E+01  0.00000E+00   1.10135E+00  0.00000E+00   2.09256E+01  0.00000E+00
  10      8.81077E+00  0.00000E+00   1.21148E+01  0.00000E+00   2.20269E+00  0.00000E+00   2.31283E+01  0.00000E+00
  11      6.60807E+00  0.00000E+00   6.60807E+00  0.00000E+00       ---          ---       1.32161E+01  0.00000E+00
  12          ---          ---       2.20269E+00  0.00000E+00       ---          ---       2.20269E+00  0.00000E+00
  13      2.20269E+00  0.00000E+00   1.10135E+00  0.00000E+00       ---          ---       3.30404E+00  0.00000E+00
  14          ---          ---           ---          ---           ---          ---           ---          ---
  15          ---          ---       2.20269E+00  0.00000E+00       ---          ---       2.20269E+00  0.00000E+00
  16          ---          ---           ---          ---           ---          ---           ---          ---
  17      1.10135E+00  0.00000E+00       ---          ---           ---          ---       1.10135E+00  0.00000E+00
  18          ---          ---           ---          ---           ---          ---           ---          ---
  19          ---          ---           ---          ---           ---          ---           ---          ---
  20          ---          ---           ---          ---           ---          ---           ---          ---
  21          ---          ---           ---          ---           ---          ---           ---          ---
  22          ---          ---           ---          ---           ---          ---           ---          ---
  23          ---          ---       1.10135E+00  0.00000E+00       ---          ---       1.10135E+00  0.00000E+00
  24          ---          ---           ---          ---           ---          ---           ---          ---
  25          ---          ---           ---          ---           ---          ---           ---          ---
  26          ---          ---           ---          ---           ---          ---           ---          ---
  27          ---          ---           ---          ---           ---          ---           ---          ---
  28          ---          ---           ---          ---           ---          ---           ---          ---
  29          ---          ---           ---          ---           ---          ---           ---          ---
  30          ---          ---           ---          ---           ---          ---           ---          ---
  31          ---          ---           ---          ---           ---          ---           ---          ---
  32          ---          ---           ---          ---           ---          ---           ---          ---
  33          ---          ---           ---          ---           ---          ---           ---          ---
  34          ---          ---           ---          ---           ---          ---           ---          ---
  35          ---          ---           ---          ---           ---          ---           ---          ---
  36          ---          ---           ---          ---           ---          ---           ---          ---
  37          ---          ---           ---          ---           ---          ---           ---          ---
  38          ---          ---           ---          ---           ---          ---           ---          ---
  39          ---          ---           ---          ---           ---          ---           ---          ---
  40          ---          ---           ---          ---           ---          ---           ---          ---
  41          ---          ---           ---          ---           ---          ---           ---          ---
  42          ---          ---           ---          ---           ---          ---           ---          ---
  43          ---          ---           ---          ---           ---          ---           ---          ---
  44          ---          ---           ---          ---           ---          ---           ---          ---
  45          ---          ---           ---          ---           ---          ---           ---          ---
  46          ---          ---           ---          ---           ---          ---           ---          ---
  47          ---          ---           ---          ---           ---          ---           ---          ---
  48          ---          ---           ---          ---           ---          ---           ---          ---
  49          ---          ---           ---          ---           ---          ---           ---          ---
  50          ---          ---           ---          ---           ---          ---           ---          ---
 Total    1.35466E+02  0.00000E+00   8.48036E+02  0.00000E+00   9.73590E+02  0.00000E+00   1.95709E+03  0.00000E+00
-------------------------------------------------------------------------------------------------------------------

TABLE 4. Cluster Length (in base pair)
===================================================================================================================
Number of --------- DSB ----------   --------- SSB ----------   -------- OTHER ---------   ----- ALL CLUSTERS -----
 lesions    Average        SEM         Average        SEM         Average        SEM         Average        SEM    
===================================================================================================================
   1          ---          ---       1.00000E+00  0.00000E+00   1.00000E+00  0.00000E+00   1.00000E+00  0.00000E+00
   2      4.66667E+00  0.00000E+00   4.61111E+00  0.00000E+00   4.79717E+00  0.00000E+00   4.71503E+00  0.00000E+00
   3      7.83333E+00  0.00000E+00   8.87413E+00  0.00000E+00   9.10680E+00  0.00000E+00   8.89394E+00  0.00000E+00
   4      1.27059E+01  0.00000E+00   1.29818E+01  0.00000E+00   1.45636E+01  0.00000E+00   1.34341E+01  0.00000E+00
   5      1.67368E+01  0.00000E+00   1.63514E+01  0.00000E+00   1.75000E+01  0.00000E+00   1.66496E+01  0.00000E+00
   6      2.00000E+01  0.00000E+00   2.07292E+01  0.00000E+00   2.08462E+01  0.00000E+00   2.06216E+01  0.00000E+00
   7      2.41667E+01  0.00000E+00   2.64167E+01  0.00000E+00   2.38889E+01  0.00000E+00   2.53111E+01  0.00000E+00
   8      2.63000E+01  0.00000E+00   3.07857E+01  0.00000E+00       ---          ---       2.96053E+01  0.00000E+00
   9      3.28000E+01  0.00000E+00   3.50000E+01  0.00000E+00   3.50000E+01  0.00000E+00   3.44211E+01  0.00000E+00
  10      3.31250E+01  0.00000E+00   3.58182E+01  0.00000E+00   4.10000E+01  0.00000E+00   3.52857E+01  0.00000E+00
  11      3.90000E+01  0.00000E+00   4.73333E+01  0.00000E+00       ---          ---       4.31667E+01  0.00000E+00
  12          ---          ---       4.10000E+01  0.00000E+00       ---          ---       4.10000E+01  0.00000E+00
  13      5.45000E+01  0.00000E+00   5.50000E+01  0.00000E+00       ---          ---       5.46667E+01  0.00000E+00
  14          ---          ---           ---          ---           ---          ---           ---          ---
  15          ---          ---       6.40000E+01  0.00000E+00       ---          ---       6.40000E+01  0.00000E+00
  16          ---          ---           ---          ---           ---          ---           ---          ---
  17      7.00000E+01  0.00000E+00       ---          ---           ---          ---       7.00000E+01  0.00000E+00
  18          ---          ---           ---          ---           ---          ---           ---          ---
  19          ---          ---           ---          ---           ---          ---           ---          ---
  20          ---          ---           ---          ---           ---          ---           ---          ---
  21          ---          ---           ---          ---           ---          ---           ---          ---
  22          ---          ---           ---          ---           ---          ---           ---          ---
  23          ---          ---       8.60000E+01  0.00000E+00       ---          ---       8.60000E+01  0.00000E+00
  24          ---          ---           ---          ---           ---          ---           ---          ---
  25          ---          ---           ---          ---           ---          ---           ---          ---
  26          ---          ---           ---          ---           ---          ---           ---          ---
  27          ---          ---           ---          ---           ---          ---           ---          ---
  28          ---          ---           ---          ---           ---          ---           ---          ---
  29          ---          ---           ---          ---           ---          ---           ---          ---
  30          ---          ---           ---          ---           ---          ---           ---          ---
  31          ---          ---           ---          ---           ---          ---           ---          ---
  32          ---          ---           ---          ---           ---          ---           ---          ---
  33          ---          ---           ---          ---           ---          ---           ---          ---
  34          ---          ---           ---          ---           ---          ---           ---          ---
  35          ---          ---           ---          ---           ---          ---           ---          ---
  36          ---          ---           ---          ---           ---          ---           ---          ---
  37          ---          ---           ---          ---           ---          ---           ---          ---
  38          ---          ---           ---          ---           ---          ---           ---          ---
  39          ---          ---           ---          ---           ---          ---           ---          ---
  40          ---          ---           ---          ---           ---          ---           ---          ---
  41          ---          ---           ---          ---           ---          ---           ---          ---
  42          ---          ---           ---          ---           ---          ---           ---          ---
  43          ---          ---           ---          ---           ---          ---           ---          ---
  44          ---          ---           ---          ---           ---          ---           ---          ---
  45          ---          ---           ---          ---           ---          ---           ---          ---
  46          ---          ---           ---          ---           ---          ---           ---          ---
  47          ---          ---           ---          ---           ---          ---           ---          ---
  48          ---          ---           ---          ---           ---          ---           ---          ---
  49          ---          ---           ---          ---           ---          ---           ---          ---
  50          ---          ---           ---          ---           ---          ---           ---          ---
Average   1.93984E+01  0.00000E+00   1.13948E+01  0.00000E+00   4.80090E+00  0.00000E+00   8.66854E+00  0.00000E+00
-------------------------------------------------------------------------------------------------------------------

TABLE 5. Density of lesions forming a cluster (in units of lesions per nucleotide).
===================================================================================================================
Number of --------- DSB ----------   --------- SSB ----------   -------- OTHER ---------   ----- ALL CLUSTERS -----
 lesions    Average        SEM         Average        SEM         Average        SEM         Average        SEM    
===================================================================================================================
   1          ---          ---       5.00000E-01  0.00000E+00   5.00000E-01  0.00000E+00   5.00000E-01  0.00000E+00
   2      3.80192E-01  0.00000E+00   2.95067E-01  0.00000E+00   3.00365E-01  0.00000E+00   3.00623E-01  0.00000E+00
   3      2.26266E-01  0.00000E+00   2.08845E-01  0.00000E+00   2.13751E-01  0.00000E+00   2.11947E-01  0.00000E+00
   4      1.75526E-01  0.00000E+00   1.71504E-01  0.00000E+00   1.57612E-01  0.00000E+00   1.67681E-01  0.00000E+00
   5      1.66243E-01  0.00000E+00   1.67245E-01  0.00000E+00   1.50575E-01  0.00000E+00   1.63663E-01  0.00000E+00
   6      1.62814E-01  0.00000E+00   1.54339E-01  0.00000E+00   1.51336E-01  0.00000E+00   1.55301E-01  0.00000E+00
   7      1.55057E-01  0.00000E+00   1.39894E-01  0.00000E+00   1.58496E-01  0.00000E+00   1.47658E-01  0.00000E+00
   8      1.56502E-01  0.00000E+00   1.39693E-01  0.00000E+00       ---          ---       1.44117E-01  0.00000E+00
   9      1.42619E-01  0.00000E+00   1.31231E-01  0.00000E+00   1.28571E-01  0.00000E+00   1.34088E-01  0.00000E+00
  10      1.59208E-01  0.00000E+00   1.45413E-01  0.00000E+00   1.23123E-01  0.00000E+00   1.48545E-01  0.00000E+00
  11      1.44865E-01  0.00000E+00   1.19992E-01  0.00000E+00       ---          ---       1.32428E-01  0.00000E+00
  12          ---          ---       1.46691E-01  0.00000E+00       ---          ---       1.46691E-01  0.00000E+00
  13      1.19518E-01  0.00000E+00   1.18182E-01  0.00000E+00       ---          ---       1.19072E-01  0.00000E+00
  14          ---          ---           ---          ---           ---          ---           ---          ---
  15          ---          ---       1.17446E-01  0.00000E+00       ---          ---       1.17446E-01  0.00000E+00
  16          ---          ---           ---          ---           ---          ---           ---          ---
  17      1.21429E-01  0.00000E+00       ---          ---           ---          ---       1.21429E-01  0.00000E+00
  18          ---          ---           ---          ---           ---          ---           ---          ---
  19          ---          ---           ---          ---           ---          ---           ---          ---
  20          ---          ---           ---          ---           ---          ---           ---          ---
  21          ---          ---           ---          ---           ---          ---           ---          ---
  22          ---          ---           ---          ---           ---          ---           ---          ---
  23          ---          ---       1.33721E-01  0.00000E+00       ---          ---       1.33721E-01  0.00000E+00
  24          ---          ---           ---          ---           ---          ---           ---          ---
  25          ---          ---           ---          ---           ---          ---           ---          ---
  26          ---          ---           ---          ---           ---          ---           ---          ---
  27          ---          ---           ---          ---           ---          ---           ---          ---
  28          ---          ---           ---          ---           ---          ---           ---          ---
  29          ---          ---           ---          ---           ---          ---           ---          ---
  30          ---          ---           ---          ---           ---          ---           ---          ---
  31          ---          ---           ---          ---           ---          ---           ---          ---
  32          ---          ---           ---          ---           ---          ---           ---          ---
  33          ---          ---           ---          ---           ---          ---           ---          ---
  34          ---          ---           ---          ---           ---          ---           ---          ---
  35          ---          ---           ---          ---           ---          ---           ---          ---
  36          ---          ---           ---          ---           ---          ---           ---          ---
  37          ---          ---           ---          ---           ---          ---           ---          ---
  38          ---          ---           ---          ---           ---          ---           ---          ---
  39          ---          ---           ---          ---           ---          ---           ---          ---
  40          ---          ---           ---          ---           ---          ---           ---          ---
  41          ---          ---           ---          ---           ---          ---           ---          ---
  42          ---          ---           ---          ---           ---          ---           ---          ---
  43          ---          ---           ---          ---           ---          ---           ---          ---
  44          ---          ---           ---          ---           ---          ---           ---          ---
  45          ---          ---           ---          ---           ---          ---           ---          ---
  46          ---          ---           ---          ---           ---          ---           ---          ---
  47          ---          ---           ---          ---           ---          ---           ---          ---
  48          ---          ---           ---          ---           ---          ---           ---          ---
  49          ---          ---           ---          ---           ---          ---           ---          ---
  50          ---          ---           ---          ---           ---          ---           ---          ---
Average   1.91352E-01  0.00000E+00   2.60896E-01  0.00000E+00   3.78105E-01  0.00000E+00   3.14390E-01  0.00000E+00
-------------------------------------------------------------------------------------------------------------------
NOTE: Lesion density computed as the number of lesions per cluster divided by twice the cluster length.

TABLE 6. Cluster composition (% Sb per cluster)
===================================================================================================================
Number of --------- DSB ----------   --------- SSB ----------   -------- OTHER ---------   ----- ALL CLUSTERS -----
 lesions    Average        SEM         Average        SEM         Average        SEM         Average        SEM    
===================================================================================================================
   1          ---          ---       1.00000E+02  0.00000E+00   0.00000E+00  0.00000E+00   2.37705E+01  0.00000E+00
   2      1.00000E+02  0.00000E+00   5.33951E+01  0.00000E+00   0.00000E+00  0.00000E+00   2.55181E+01  0.00000E+00
   3      7.03704E+01  0.00000E+00   3.86946E+01  0.00000E+00   0.00000E+00  0.00000E+00   2.57576E+01  0.00000E+00
   4      6.02941E+01  0.00000E+00   3.11364E+01  0.00000E+00   0.00000E+00  0.00000E+00   2.44505E+01  0.00000E+00
   5      5.05263E+01  0.00000E+00   2.81081E+01  0.00000E+00   0.00000E+00  0.00000E+00   2.59829E+01  0.00000E+00
   6      4.10256E+01  0.00000E+00   2.25694E+01  0.00000E+00   0.00000E+00  0.00000E+00   2.18468E+01  0.00000E+00
   7      4.40476E+01  0.00000E+00   2.38095E+01  0.00000E+00   0.00000E+00  0.00000E+00   2.44444E+01  0.00000E+00
   8      4.37500E+01  0.00000E+00   2.32143E+01  0.00000E+00       ---          ---       2.86184E+01  0.00000E+00
   9      4.00000E+01  0.00000E+00   2.56410E+01  0.00000E+00   0.00000E+00  0.00000E+00   2.80702E+01  0.00000E+00
  10      3.25000E+01  0.00000E+00   2.36364E+01  0.00000E+00   0.00000E+00  0.00000E+00   2.47619E+01  0.00000E+00
  11      2.72727E+01  0.00000E+00   2.27273E+01  0.00000E+00       ---          ---       2.50000E+01  0.00000E+00
  12          ---          ---       2.08333E+01  0.00000E+00       ---          ---       2.08333E+01  0.00000E+00
  13      1.92308E+01  0.00000E+00   2.30769E+01  0.00000E+00       ---          ---       2.05128E+01  0.00000E+00
  14          ---          ---           ---          ---           ---          ---           ---          ---
  15          ---          ---       2.00000E+01  0.00000E+00       ---          ---       2.00000E+01  0.00000E+00
  16          ---          ---           ---          ---           ---          ---           ---          ---
  17      2.35294E+01  0.00000E+00       ---          ---           ---          ---       2.35294E+01  0.00000E+00
  18          ---          ---           ---          ---           ---          ---           ---          ---
  19          ---          ---           ---          ---           ---          ---           ---          ---
  20          ---          ---           ---          ---           ---          ---           ---          ---
  21          ---          ---           ---          ---           ---          ---           ---          ---
  22          ---          ---           ---          ---           ---          ---           ---          ---
  23          ---          ---       2.60870E+01  0.00000E+00       ---          ---       2.60870E+01  0.00000E+00
  24          ---          ---           ---          ---           ---          ---           ---          ---
  25          ---          ---           ---          ---           ---          ---           ---          ---
  26          ---          ---           ---          ---           ---          ---           ---          ---
  27          ---          ---           ---          ---           ---          ---           ---          ---
  28          ---          ---           ---          ---           ---          ---           ---          ---
  29          ---          ---           ---          ---           ---          ---           ---          ---
  30          ---          ---           ---          ---           ---          ---           ---          ---
  31          ---          ---           ---          ---           ---          ---           ---          ---
  32          ---          ---           ---          ---           ---          ---           ---          ---
  33          ---          ---           ---          ---           ---          ---           ---          ---
  34          ---          ---           ---          ---           ---          ---           ---          ---
  35          ---          ---           ---          ---           ---          ---           ---          ---
  36          ---          ---           ---          ---           ---          ---           ---          ---
  37          ---          ---           ---          ---           ---          ---           ---          ---
  38          ---          ---           ---          ---           ---          ---           ---          ---
  39          ---          ---           ---          ---           ---          ---           ---          ---
  40          ---          ---           ---          ---           ---          ---           ---          ---
  41          ---          ---           ---          ---           ---          ---           ---          ---
  42          ---          ---           ---          ---           ---          ---           ---          ---
  43          ---          ---           ---          ---           ---          ---           ---          ---
  44          ---          ---           ---          ---           ---          ---           ---          ---
  45          ---          ---           ---          ---           ---          ---           ---          ---
  46          ---          ---           ---          ---           ---          ---           ---          ---
  47          ---          ---           ---          ---           ---          ---           ---          ---
  48          ---          ---           ---          ---           ---          ---           ---          ---
  49          ---          ---           ---          ---           ---          ---           ---          ---
  50          ---          ---           ---          ---           ---          ---           ---          ---
Average   5.39569E+01  0.00000E+00   4.85112E+01  0.00000E+00   0.00000E+00  0.00000E+00   2.47554E+01  0.00000E+00
-------------------------------------------------------------------------------------------------------------------
NOTES: (% Sb) is the percentage of lesions that are strand breaks. The number of Sb is [(% Sb)/100]*(# lesions).
The number of Bd is (1-(% Sb)/100)*(# lesions).
