===============================
MCDS Version 3.10A  05-DEC-2011
===============================
      0.004     running time (min)
  987654321     random number seed
          1     number of cells (nocs)
 0.0000E+00     water-equivalent material (WEM) thickness (mg/cm^2)
 1.0000E+00     Desired dose to the cell nucleus (Gy)
 6.0000E+00     DNA content (Gbp)

TARGET (cell) DEFINITION (4V/S = mean chord length)
========================================================
            DIAMETER     4V/S      Volume      Mass
               (um)      (um)      (um^3)      (ng)
--------------------------------------------------------
DNA            ---        ---     6.123E+00  6.123E-03
NUCLEUS     5.000E+00  3.333E+00  6.545E+01  6.545E-02
CYTOPLASM      ---        ---     -6.545E+01  -6.545E-02
CELL        0.000E+00  0.000E+00  0.000E+00  0.000E+00
========================================================
NOTE: In human DNA, 1 Gbp=0.979 ng (not including bound
H2O).  DNA volume computed using a density of 1 g/cm^3.

WARNING: volume of nucleus larger than the volume of the cell!

INCIDENT PARTICLE: 12C (mass = 1.20000E+01 u = 1.11749E+04 MeV/c^2)
  3.40000E+03 MeV >= 1.00000E-06 MeV
  2.83333E+02 MeV/A >= 8.33333E-08 MeV/A)
  9.35677E+03 MeV (p*c = momentum x speed of light)
  1.32524E-04 pm (de Broglie wavelength)
  1.30425E+00 = T/m0c2+1 (Lorentz factor) >= 1
  6.00000E+00 ABS(effective charge); Barkas 1963
  6.41980E-01 beta = (v/c) <= 1
  8.73494E+01 (zeff/beta)^2 <= 2.000E+05
  1.29911E+01 keV/um (total stopping power in H2O)
  1.29873E+01 keV/um ( 99.970% electronic)
  3.87822E-03 keV/um (  0.030% nuclear)
  1.57181E+01 CSDA range of particle (cm) in H2O

PARTICLE TRANSPORT - Beam of radiation incident on bottom of cell culture dish
(WEM=0.00 um, cell=0.00 um, nucleus=5.00 um; total distance traveled to
reach nucleus=-2.500 um of H2O).
==============================================================================
                                  ------- Cell --------  ------- Nucleus -----
                       Incident      Entry      Exit       Entry       Exit
==============================================================================
         KE (MeV)   3.4000E+03  3.4000E+03  3.4000E+03  3.4000E+03  3.4000E+03
    (Zeff/beta)^2   8.7349E+01  8.7349E+01  8.7349E+01  8.7349E+01  8.7350E+01
     LET (keV/um)   1.2991E+01  1.2991E+01  1.2991E+01  1.2991E+01  1.2991E+01
  Res. Range (um)   1.5718E+05  1.5718E+05  1.5718E+05  1.5718E+05  1.5718E+05
 DPUF1 (nGy-cm^2)   2.0812E+01  2.0812E+01  2.0812E+01  2.0812E+01  2.0812E+01
 DPUF2 (nGy-cm^2)      ---      NaN     ---      2.0812E+01     ---
       Edep (keV)      ---      NaN     ---      4.3304E+01     ---
      YF (keV/um)      ---      NaN     ---      1.2991E+01     ---
          ZF (Gy)      ---      NaN     ---      1.0599E-01     ---
==============================================================================
LET=(Stot-Srad); absorbed dose per unit fluence (DPUF1) = 1.602*LET/rho
Avg. absorbed dose within target (i.e., DPUF2) = 2.5*pi*d*d*zf
Edep = 0.1602*ZF*PI*d*d*d/6; yf = edep/lbar = 0.25*edep*{area}/{volume}

DAMAGE FORMATION AND CLUSTERING (normoxic conditions)
     118731     segment length, nseg (bp per cell per Gy)
       1300     number of strand breaks, sigSb (per cell per Gy)
       3900     number of base damages,  sigBd (per cell per Gy)
        3.0     base damage to strand break ratio, f
          9     minimum distance between clusters, Nmin (bp)
         10     maximum distance between two Sb to compose a DSB, Ndsb (bp)
        0.0     fraction Bl/Bd

OXYGEN SIMULATION (M0=1.740, K=0.3372, q=946.10, r=2.15)
  1.0000E+02 % O2 concentration (=760.00 mmHg)
  2.4661E-03 chemical repair probability (pcr)
  9.9753E-01 O2 fixation probability (1-pcr)
  1.0025E+00 Approx. HRF for SSB induction [=1/(1-pcr)]
  1.0050E+00 Approx. HRF for DSB induction [1/(1-pcr)]^2

DMSO SIMULATION
  5.0000E-01 fraction of non-scavengeable DNA damage (fnsd)
  5.0000E-01 concentration (mol dm^-3) at half-level (chmx)
  0.0000E+00 DMSO concentration (mol dm^-3)

TABLE 1. Percent (%) cluster yields by complexity, as classified using the scheme of Nikjoo et al. (IJRB 71, 
467-483 1997 and and Radiat. Res. 156, 577-583 2001).
===================================================================================================================
    66.667     BD    - one or more Bd (no Sb)
    29.444     SSB   - Sb (no auxilary damage)
     1.579     SSB+  - two Sb on the same strand
     0.439     2SSB  - two or more Sb on opposite strands separated by at least 10 bp
     1.433     DSB   - two Sb on opposite strands with a separation <= 10 bp
     0.351     DSB+  - DSB accompanied by one (or more) additional Sb within 10 bp separation
     0.088     DSB++ - more than one DSB whether within the 10 bp separation or further apart
     6.413     SSBc  - fraction of complex damage (SSB+ and 2SSB) among SSBs
    49.535     SSBcb - fraction of complex damage (SSB+ and 2SSB) among SSBs; base damage included
    23.438     DSBc  - fraction of complex damage (DSB+ and DSB++) among DSBs
    56.250     DSBcb - fraction of complex damage (DSB+ and DSB++) among DSBs; base damage included
===================================================================================================================

TABLE 2. Number of clusters per cell (DNA=6.000 Gbp, AD=1.000 Gy).
===================================================================================================================
Number of --------- DSB ----------   --------- SSB ----------   -------- OTHER ---------   ----- ALL CLUSTERS -----
 lesions    Average        SEM         Average        SEM         Average        SEM         Average        SEM    
===================================================================================================================
   1          ---          ---       5.43000E+02  0.00000E+00   1.72700E+03  0.00000E+00   2.27000E+03  0.00000E+00
   2      2.80000E+01  0.00000E+00   3.01000E+02  0.00000E+00   4.06000E+02  0.00000E+00   7.35000E+02  0.00000E+00
   3      2.00000E+01  0.00000E+00   1.46000E+02  0.00000E+00   1.17000E+02  0.00000E+00   2.83000E+02  0.00000E+00
   4      9.00000E+00  0.00000E+00   5.60000E+01  0.00000E+00   2.50000E+01  0.00000E+00   9.00000E+01  0.00000E+00
   5      3.00000E+00  0.00000E+00   1.90000E+01  0.00000E+00   4.00000E+00  0.00000E+00   2.60000E+01  0.00000E+00
   6      1.00000E+00  0.00000E+00   8.00000E+00  0.00000E+00   1.00000E+00  0.00000E+00   1.00000E+01  0.00000E+00
   7      1.00000E+00  0.00000E+00   2.00000E+00  0.00000E+00       ---          ---       3.00000E+00  0.00000E+00
   8          ---          ---       1.00000E+00  0.00000E+00       ---          ---       1.00000E+00  0.00000E+00
   9      1.00000E+00  0.00000E+00       ---          ---           ---          ---       1.00000E+00  0.00000E+00
  10      1.00000E+00  0.00000E+00       ---          ---           ---          ---       1.00000E+00  0.00000E+00
  11          ---          ---           ---          ---           ---          ---           ---          ---
  12          ---          ---           ---          ---           ---          ---           ---          ---
  13          ---          ---           ---          ---           ---          ---           ---          ---
  14          ---          ---           ---          ---           ---          ---           ---          ---
  15          ---          ---           ---          ---           ---          ---           ---          ---
  16          ---          ---           ---          ---           ---          ---           ---          ---
  17          ---          ---           ---          ---           ---          ---           ---          ---
  18          ---          ---           ---          ---           ---          ---           ---          ---
  19          ---          ---           ---          ---           ---          ---           ---          ---
  20          ---          ---           ---          ---           ---          ---           ---          ---
  21          ---          ---           ---          ---           ---          ---           ---          ---
  22          ---          ---           ---          ---           ---          ---           ---          ---
  23          ---          ---           ---          ---           ---          ---           ---          ---
  24          ---          ---           ---          ---           ---          ---           ---          ---
  25          ---          ---           ---          ---           ---          ---           ---          ---
  26          ---          ---           ---          ---           ---          ---           ---          ---
  27          ---          ---           ---          ---           ---          ---           ---          ---
  28          ---          ---           ---          ---           ---          ---           ---          ---
  29          ---          ---           ---          ---           ---          ---           ---          ---
  30          ---          ---           ---          ---           ---          ---           ---          ---
  31          ---          ---           ---          ---           ---          ---           ---          ---
  32          ---          ---           ---          ---           ---          ---           ---          ---
  33          ---          ---           ---          ---           ---          ---           ---          ---
  34          ---          ---           ---          ---           ---          ---           ---          ---
  35          ---          ---           ---          ---           ---          ---           ---          ---
  36          ---          ---           ---          ---           ---          ---           ---          ---
  37          ---          ---           ---          ---           ---          ---           ---          ---
  38          ---          ---           ---          ---           ---          ---           ---          ---
  39          ---          ---           ---          ---           ---          ---           ---          ---
  40          ---          ---           ---          ---           ---          ---           ---          ---
  41          ---          ---           ---          ---           ---          ---           ---          ---
  42          ---          ---           ---          ---           ---          ---           ---          ---
  43          ---          ---           ---          ---           ---          ---           ---          ---
  44          ---          ---           ---          ---           ---          ---           ---          ---
  45          ---          ---           ---          ---           ---          ---           ---          ---
  46          ---          ---           ---          ---           ---          ---           ---          ---
  47          ---          ---           ---          ---           ---          ---           ---          ---
  48          ---          ---           ---          ---           ---          ---           ---          ---
  49          ---          ---           ---          ---           ---          ---           ---          ---
  50          ---          ---           ---          ---           ---          ---           ---          ---
 Total    6.40000E+01  0.00000E+00   1.07600E+03  0.00000E+00   2.28000E+03  0.00000E+00   3.42000E+03  0.00000E+00
-------------------------------------------------------------------------------------------------------------------
NOTE: The category "OTHER" includes all classes of individual and clustered DNA lesion, except for SSB and DSB.
SEM = standard error of the mean.

TABLE 3. Number of clusters per cell per track (DNA=6.000 Gbp, ZF=0.10599 Gy).
===================================================================================================================
Number of --------- DSB ----------   --------- SSB ----------   -------- OTHER ---------   ----- ALL CLUSTERS -----
 lesions    Average        SEM         Average        SEM         Average        SEM         Average        SEM    
===================================================================================================================
   1          ---          ---       5.75548E+01  0.00000E+00   1.83052E+02  0.00000E+00   2.40606E+02  0.00000E+00
   2      2.96783E+00  0.00000E+00   3.19042E+01  0.00000E+00   4.30336E+01  0.00000E+00   7.79056E+01  0.00000E+00
   3      2.11988E+00  0.00000E+00   1.54751E+01  0.00000E+00   1.24013E+01  0.00000E+00   2.99963E+01  0.00000E+00
   4      9.53946E-01  0.00000E+00   5.93567E+00  0.00000E+00   2.64985E+00  0.00000E+00   9.53946E+00  0.00000E+00
   5      3.17982E-01  0.00000E+00   2.01389E+00  0.00000E+00   4.23976E-01  0.00000E+00   2.75585E+00  0.00000E+00
   6      1.05994E-01  0.00000E+00   8.47952E-01  0.00000E+00   1.05994E-01  0.00000E+00   1.05994E+00  0.00000E+00
   7      1.05994E-01  0.00000E+00   2.11988E-01  0.00000E+00       ---          ---       3.17982E-01  0.00000E+00
   8          ---          ---       1.05994E-01  0.00000E+00       ---          ---       1.05994E-01  0.00000E+00
   9      1.05994E-01  0.00000E+00       ---          ---           ---          ---       1.05994E-01  0.00000E+00
  10      1.05994E-01  0.00000E+00       ---          ---           ---          ---       1.05994E-01  0.00000E+00
  11          ---          ---           ---          ---           ---          ---           ---          ---
  12          ---          ---           ---          ---           ---          ---           ---          ---
  13          ---          ---           ---          ---           ---          ---           ---          ---
  14          ---          ---           ---          ---           ---          ---           ---          ---
  15          ---          ---           ---          ---           ---          ---           ---          ---
  16          ---          ---           ---          ---           ---          ---           ---          ---
  17          ---          ---           ---          ---           ---          ---           ---          ---
  18          ---          ---           ---          ---           ---          ---           ---          ---
  19          ---          ---           ---          ---           ---          ---           ---          ---
  20          ---          ---           ---          ---           ---          ---           ---          ---
  21          ---          ---           ---          ---           ---          ---           ---          ---
  22          ---          ---           ---          ---           ---          ---           ---          ---
  23          ---          ---           ---          ---           ---          ---           ---          ---
  24          ---          ---           ---          ---           ---          ---           ---          ---
  25          ---          ---           ---          ---           ---          ---           ---          ---
  26          ---          ---           ---          ---           ---          ---           ---          ---
  27          ---          ---           ---          ---           ---          ---           ---          ---
  28          ---          ---           ---          ---           ---          ---           ---          ---
  29          ---          ---           ---          ---           ---          ---           ---          ---
  30          ---          ---           ---          ---           ---          ---           ---          ---
  31          ---          ---           ---          ---           ---          ---           ---          ---
  32          ---          ---           ---          ---           ---          ---           ---          ---
  33          ---          ---           ---          ---           ---          ---           ---          ---
  34          ---          ---           ---          ---           ---          ---           ---          ---
  35          ---          ---           ---          ---           ---          ---           ---          ---
  36          ---          ---           ---          ---           ---          ---           ---          ---
  37          ---          ---           ---          ---           ---          ---           ---          ---
  38          ---          ---           ---          ---           ---          ---           ---          ---
  39          ---          ---           ---          ---           ---          ---           ---          ---
  40          ---          ---           ---          ---           ---          ---           ---          ---
  41          ---          ---           ---          ---           ---          ---           ---          ---
  42          ---          ---           ---          ---           ---          ---           ---          ---
  43          ---          ---           ---          ---           ---          ---           ---          ---
  44          ---          ---           ---          ---           ---          ---           ---          ---
  45          ---          ---           ---          ---           ---          ---           ---          ---
  46          ---          ---           ---          ---           ---          ---           ---          ---
  47          ---          ---           ---          ---           ---          ---           ---          ---
  48          ---          ---           ---          ---           ---          ---           ---          ---
  49          ---          ---           ---          ---           ---          ---           ---          ---
  50          ---          ---           ---          ---           ---          ---           ---          ---
 Total    6.78362E+00  0.00000E+00   1.14050E+02  0.00000E+00   2.41666E+02  0.00000E+00   3.62500E+02  0.00000E+00
-------------------------------------------------------------------------------------------------------------------

TABLE 4. Cluster Length (in base pair)
===================================================================================================================
Number of --------- DSB ----------   --------- SSB ----------   -------- OTHER ---------   ----- ALL CLUSTERS -----
 lesions    Average        SEM         Average        SEM         Average        SEM         Average        SEM    
===================================================================================================================
   1          ---          ---       1.00000E+00  0.00000E+00   1.00000E+00  0.00000E+00   1.00000E+00  0.00000E+00
   2      6.00000E+00  0.00000E+00   5.69767E+00  0.00000E+00   5.45320E+00  0.00000E+00   5.57415E+00  0.00000E+00
   3      1.04500E+01  0.00000E+00   9.85616E+00  0.00000E+00   1.01111E+01  0.00000E+00   1.00035E+01  0.00000E+00
   4      1.43333E+01  0.00000E+00   1.56429E+01  0.00000E+00   1.34800E+01  0.00000E+00   1.49111E+01  0.00000E+00
   5      1.50000E+01  0.00000E+00   1.91579E+01  0.00000E+00   1.92500E+01  0.00000E+00   1.86923E+01  0.00000E+00
   6      2.90000E+01  0.00000E+00   2.40000E+01  0.00000E+00   2.40000E+01  0.00000E+00   2.45000E+01  0.00000E+00
   7      2.20000E+01  0.00000E+00   2.85000E+01  0.00000E+00       ---          ---       2.63333E+01  0.00000E+00
   8          ---          ---       3.20000E+01  0.00000E+00       ---          ---       3.20000E+01  0.00000E+00
   9      3.10000E+01  0.00000E+00       ---          ---           ---          ---       3.10000E+01  0.00000E+00
  10      4.60000E+01  0.00000E+00       ---          ---           ---          ---       4.60000E+01  0.00000E+00
  11          ---          ---           ---          ---           ---          ---           ---          ---
  12          ---          ---           ---          ---           ---          ---           ---          ---
  13          ---          ---           ---          ---           ---          ---           ---          ---
  14          ---          ---           ---          ---           ---          ---           ---          ---
  15          ---          ---           ---          ---           ---          ---           ---          ---
  16          ---          ---           ---          ---           ---          ---           ---          ---
  17          ---          ---           ---          ---           ---          ---           ---          ---
  18          ---          ---           ---          ---           ---          ---           ---          ---
  19          ---          ---           ---          ---           ---          ---           ---          ---
  20          ---          ---           ---          ---           ---          ---           ---          ---
  21          ---          ---           ---          ---           ---          ---           ---          ---
  22          ---          ---           ---          ---           ---          ---           ---          ---
  23          ---          ---           ---          ---           ---          ---           ---          ---
  24          ---          ---           ---          ---           ---          ---           ---          ---
  25          ---          ---           ---          ---           ---          ---           ---          ---
  26          ---          ---           ---          ---           ---          ---           ---          ---
  27          ---          ---           ---          ---           ---          ---           ---          ---
  28          ---          ---           ---          ---           ---          ---           ---          ---
  29          ---          ---           ---          ---           ---          ---           ---          ---
  30          ---          ---           ---          ---           ---          ---           ---          ---
  31          ---          ---           ---          ---           ---          ---           ---          ---
  32          ---          ---           ---          ---           ---          ---           ---          ---
  33          ---          ---           ---          ---           ---          ---           ---          ---
  34          ---          ---           ---          ---           ---          ---           ---          ---
  35          ---          ---           ---          ---           ---          ---           ---          ---
  36          ---          ---           ---          ---           ---          ---           ---          ---
  37          ---          ---           ---          ---           ---          ---           ---          ---
  38          ---          ---           ---          ---           ---          ---           ---          ---
  39          ---          ---           ---          ---           ---          ---           ---          ---
  40          ---          ---           ---          ---           ---          ---           ---          ---
  41          ---          ---           ---          ---           ---          ---           ---          ---
  42          ---          ---           ---          ---           ---          ---           ---          ---
  43          ---          ---           ---          ---           ---          ---           ---          ---
  44          ---          ---           ---          ---           ---          ---           ---          ---
  45          ---          ---           ---          ---           ---          ---           ---          ---
  46          ---          ---           ---          ---           ---          ---           ---          ---
  47          ---          ---           ---          ---           ---          ---           ---          ---
  48          ---          ---           ---          ---           ---          ---           ---          ---
  49          ---          ---           ---          ---           ---          ---           ---          ---
  50          ---          ---           ---          ---           ---          ---           ---          ---
Average   1.06094E+01  0.00000E+00   4.84944E+00  0.00000E+00   2.43947E+00  0.00000E+00   3.35058E+00  0.00000E+00
-------------------------------------------------------------------------------------------------------------------

TABLE 5. Density of lesions forming a cluster (in units of lesions per nucleotide).
===================================================================================================================
Number of --------- DSB ----------   --------- SSB ----------   -------- OTHER ---------   ----- ALL CLUSTERS -----
 lesions    Average        SEM         Average        SEM         Average        SEM         Average        SEM    
===================================================================================================================
   1          ---          ---       5.00000E-01  0.00000E+00   5.00000E-01  0.00000E+00   5.00000E-01  0.00000E+00
   2      2.10006E-01  0.00000E+00   2.41457E-01  0.00000E+00   2.58611E-01  0.00000E+00   2.49734E-01  0.00000E+00
   3      1.58369E-01  0.00000E+00   1.82825E-01  0.00000E+00   1.76290E-01  0.00000E+00   1.78395E-01  0.00000E+00
   4      1.40435E-01  0.00000E+00   1.41954E-01  0.00000E+00   1.68369E-01  0.00000E+00   1.49140E-01  0.00000E+00
   5      1.69923E-01  0.00000E+00   1.40696E-01  0.00000E+00   1.32645E-01  0.00000E+00   1.42830E-01  0.00000E+00
   6      1.03448E-01  0.00000E+00   1.37618E-01  0.00000E+00   1.25000E-01  0.00000E+00   1.32939E-01  0.00000E+00
   7      1.59091E-01  0.00000E+00   1.23148E-01  0.00000E+00       ---          ---       1.35129E-01  0.00000E+00
   8          ---          ---       1.25000E-01  0.00000E+00       ---          ---       1.25000E-01  0.00000E+00
   9      1.45161E-01  0.00000E+00       ---          ---           ---          ---       1.45161E-01  0.00000E+00
  10      1.08696E-01  0.00000E+00       ---          ---           ---          ---       1.08696E-01  0.00000E+00
  11          ---          ---           ---          ---           ---          ---           ---          ---
  12          ---          ---           ---          ---           ---          ---           ---          ---
  13          ---          ---           ---          ---           ---          ---           ---          ---
  14          ---          ---           ---          ---           ---          ---           ---          ---
  15          ---          ---           ---          ---           ---          ---           ---          ---
  16          ---          ---           ---          ---           ---          ---           ---          ---
  17          ---          ---           ---          ---           ---          ---           ---          ---
  18          ---          ---           ---          ---           ---          ---           ---          ---
  19          ---          ---           ---          ---           ---          ---           ---          ---
  20          ---          ---           ---          ---           ---          ---           ---          ---
  21          ---          ---           ---          ---           ---          ---           ---          ---
  22          ---          ---           ---          ---           ---          ---           ---          ---
  23          ---          ---           ---          ---           ---          ---           ---          ---
  24          ---          ---           ---          ---           ---          ---           ---          ---
  25          ---          ---           ---          ---           ---          ---           ---          ---
  26          ---          ---           ---          ---           ---          ---           ---          ---
  27          ---          ---           ---          ---           ---          ---           ---          ---
  28          ---          ---           ---          ---           ---          ---           ---          ---
  29          ---          ---           ---          ---           ---          ---           ---          ---
  30          ---          ---           ---          ---           ---          ---           ---          ---
  31          ---          ---           ---          ---           ---          ---           ---          ---
  32          ---          ---           ---          ---           ---          ---           ---          ---
  33          ---          ---           ---          ---           ---          ---           ---          ---
  34          ---          ---           ---          ---           ---          ---           ---          ---
  35          ---          ---           ---          ---           ---          ---           ---          ---
  36          ---          ---           ---          ---           ---          ---           ---          ---
  37          ---          ---           ---          ---           ---          ---           ---          ---
  38          ---          ---           ---          ---           ---          ---           ---          ---
  39          ---          ---           ---          ---           ---          ---           ---          ---
  40          ---          ---           ---          ---           ---          ---           ---          ---
  41          ---          ---           ---          ---           ---          ---           ---          ---
  42          ---          ---           ---          ---           ---          ---           ---          ---
  43          ---          ---           ---          ---           ---          ---           ---          ---
  44          ---          ---           ---          ---           ---          ---           ---          ---
  45          ---          ---           ---          ---           ---          ---           ---          ---
  46          ---          ---           ---          ---           ---          ---           ---          ---
  47          ---          ---           ---          ---           ---          ---           ---          ---
  48          ---          ---           ---          ---           ---          ---           ---          ---
  49          ---          ---           ---          ---           ---          ---           ---          ---
  50          ---          ---           ---          ---           ---          ---           ---          ---
Average   1.77150E-01  0.00000E+00   3.55916E-01  0.00000E+00   4.35959E-01  0.00000E+00   4.05933E-01  0.00000E+00
-------------------------------------------------------------------------------------------------------------------
NOTE: Lesion density computed as the number of lesions per cluster divided by twice the cluster length.

TABLE 6. Cluster composition (% Sb per cluster)
===================================================================================================================
Number of --------- DSB ----------   --------- SSB ----------   -------- OTHER ---------   ----- ALL CLUSTERS -----
 lesions    Average        SEM         Average        SEM         Average        SEM         Average        SEM    
===================================================================================================================
   1          ---          ---       1.00000E+02  0.00000E+00   0.00000E+00  0.00000E+00   2.39207E+01  0.00000E+00
   2      1.00000E+02  0.00000E+00   5.43189E+01  0.00000E+00   0.00000E+00  0.00000E+00   2.60544E+01  0.00000E+00
   3      7.66667E+01  0.00000E+00   3.78995E+01  0.00000E+00   0.00000E+00  0.00000E+00   2.49706E+01  0.00000E+00
   4      6.66667E+01  0.00000E+00   3.34821E+01  0.00000E+00   0.00000E+00  0.00000E+00   2.75000E+01  0.00000E+00
   5      4.66667E+01  0.00000E+00   2.52632E+01  0.00000E+00   0.00000E+00  0.00000E+00   2.38462E+01  0.00000E+00
   6      6.66667E+01  0.00000E+00   2.29167E+01  0.00000E+00   0.00000E+00  0.00000E+00   2.50000E+01  0.00000E+00
   7      2.85714E+01  0.00000E+00   2.14286E+01  0.00000E+00       ---          ---       2.38095E+01  0.00000E+00
   8          ---          ---       2.50000E+01  0.00000E+00       ---          ---       2.50000E+01  0.00000E+00
   9      3.33333E+01  0.00000E+00       ---          ---           ---          ---       3.33333E+01  0.00000E+00
  10      4.00000E+01  0.00000E+00       ---          ---           ---          ---       4.00000E+01  0.00000E+00
  11          ---          ---           ---          ---           ---          ---           ---          ---
  12          ---          ---           ---          ---           ---          ---           ---          ---
  13          ---          ---           ---          ---           ---          ---           ---          ---
  14          ---          ---           ---          ---           ---          ---           ---          ---
  15          ---          ---           ---          ---           ---          ---           ---          ---
  16          ---          ---           ---          ---           ---          ---           ---          ---
  17          ---          ---           ---          ---           ---          ---           ---          ---
  18          ---          ---           ---          ---           ---          ---           ---          ---
  19          ---          ---           ---          ---           ---          ---           ---          ---
  20          ---          ---           ---          ---           ---          ---           ---          ---
  21          ---          ---           ---          ---           ---          ---           ---          ---
  22          ---          ---           ---          ---           ---          ---           ---          ---
  23          ---          ---           ---          ---           ---          ---           ---          ---
  24          ---          ---           ---          ---           ---          ---           ---          ---
  25          ---          ---           ---          ---           ---          ---           ---          ---
  26          ---          ---           ---          ---           ---          ---           ---          ---
  27          ---          ---           ---          ---           ---          ---           ---          ---
  28          ---          ---           ---          ---           ---          ---           ---          ---
  29          ---          ---           ---          ---           ---          ---           ---          ---
  30          ---          ---           ---          ---           ---          ---           ---          ---
  31          ---          ---           ---          ---           ---          ---           ---          ---
  32          ---          ---           ---          ---           ---          ---           ---          ---
  33          ---          ---           ---          ---           ---          ---           ---          ---
  34          ---          ---           ---          ---           ---          ---           ---          ---
  35          ---          ---           ---          ---           ---          ---           ---          ---
  36          ---          ---           ---          ---           ---          ---           ---          ---
  37          ---          ---           ---          ---           ---          ---           ---          ---
  38          ---          ---           ---          ---           ---          ---           ---          ---
  39          ---          ---           ---          ---           ---          ---           ---          ---
  40          ---          ---           ---          ---           ---          ---           ---          ---
  41          ---          ---           ---          ---           ---          ---           ---          ---
  42          ---          ---           ---          ---           ---          ---           ---          ---
  43          ---          ---           ---          ---           ---          ---           ---          ---
  44          ---          ---           ---          ---           ---          ---           ---          ---
  45          ---          ---           ---          ---           ---          ---           ---          ---
  46          ---          ---           ---          ---           ---          ---           ---          ---
  47          ---          ---           ---          ---           ---          ---           ---          ---
  48          ---          ---           ---          ---           ---          ---           ---          ---
  49          ---          ---           ---          ---           ---          ---           ---          ---
  50          ---          ---           ---          ---           ---          ---           ---          ---
Average   8.19048E+01  0.00000E+00   7.32245E+01  0.00000E+00   0.00000E+00  0.00000E+00   2.45706E+01  0.00000E+00
-------------------------------------------------------------------------------------------------------------------
NOTES: (% Sb) is the percentage of lesions that are strand breaks. The number of Sb is [(% Sb)/100]*(# lesions).
The number of Bd is (1-(% Sb)/100)*(# lesions).
