===============================
MCDS Version 3.10A  08-DEC-2011
===============================
     19.794     running time (min)
  987654321     random number seed
       3001     number of cells (nocs)
 0.0000E+00     water-equivalent material (WEM) thickness (mg/cm^2)
 1.0000E+00     Desired dose to the cell nucleus (Gy)
 1.0000E+00     DNA content (Gbp)

TARGET (cell) DEFINITION (4V/S = mean chord length)
========================================================
            DIAMETER     4V/S      Volume      Mass
               (um)      (um)      (um^3)      (ng)
--------------------------------------------------------
DNA            ---        ---     1.021E+00  1.021E-03
NUCLEUS     5.000E+00  3.333E+00  6.545E+01  6.545E-02
CYTOPLASM      ---        ---     4.581E+02  4.581E-01
CELL        1.000E+01  6.667E+00  5.236E+02  5.236E-01
========================================================
NOTE: In human DNA, 1 Gbp=0.979 ng (not including bound
H2O).  DNA volume computed using a density of 1 g/cm^3.

INCIDENT MXRF: Selected properties of the particles incident on the bottom
of a cell culture dish. Minimum distance particles must travel to reach the
cell nucleus: 0.5(cdia-ndia)+10WEM = 2.50 um.
===============================================================================
      -- KE --              CSDA     --- S (keV/um) ---   Fluence      DOSE*
  Ion   (MeV)      zeb     Range (cm)   Rad      Total     (1/cm^2)     (Gy)
===============================================================================
    p  4.66E-03 1.068E+04  2.205E-05  0.00E+00 3.027E+01  2.333E+05  1.132E-02
    p  4.84E-03 1.060E+04  2.265E-05  0.00E+00 3.084E+01  2.333E+05  1.153E-02
    p  5.03E-03 1.052E+04  2.326E-05  0.00E+00 3.142E+01  2.333E+05  1.175E-02
    p  5.23E-03 1.045E+04  2.388E-05  0.00E+00 3.202E+01  2.333E+05  1.197E-02
    p  5.43E-03 1.037E+04  2.451E-05  0.00E+00 3.264E+01  2.333E+05  1.220E-02
    p  5.64E-03 1.029E+04  2.515E-05  0.00E+00 3.326E+01  2.333E+05  1.243E-02
    p  5.86E-03 1.021E+04  2.581E-05  0.00E+00 3.391E+01  2.333E+05  1.267E-02
    p  6.09E-03 1.013E+04  2.648E-05  0.00E+00 3.456E+01  2.333E+05  1.292E-02
    p  6.33E-03 1.005E+04  2.716E-05  0.00E+00 3.523E+01  2.333E+05  1.317E-02
    p  6.58E-03 9.964E+03  2.786E-05  0.00E+00 3.592E+01  2.333E+05  1.343E-02
    p  6.84E-03 9.881E+03  2.857E-05  0.00E+00 3.661E+01  2.333E+05  1.369E-02
    p  7.10E-03 9.798E+03  2.929E-05  0.00E+00 3.733E+01  2.333E+05  1.395E-02
    p  7.38E-03 9.713E+03  3.003E-05  0.00E+00 3.805E+01  2.333E+05  1.422E-02
    p  7.67E-03 9.628E+03  3.078E-05  0.00E+00 3.879E+01  2.333E+05  1.450E-02
    p  7.97E-03 9.542E+03  3.155E-05  0.00E+00 3.955E+01  2.333E+05  1.478E-02
    p  8.28E-03 9.455E+03  3.233E-05  0.00E+00 4.031E+01  2.333E+05  1.507E-02
    p  8.61E-03 9.368E+03  3.312E-05  0.00E+00 4.109E+01  2.333E+05  1.536E-02
    p  8.94E-03 9.280E+03  3.394E-05  0.00E+00 4.188E+01  2.333E+05  1.565E-02
    p  9.29E-03 9.191E+03  3.476E-05  0.00E+00 4.268E+01  2.333E+05  1.595E-02
    p  9.66E-03 9.102E+03  3.561E-05  0.00E+00 4.349E+01  2.333E+05  1.626E-02
    p  1.00E-02 9.012E+03  3.647E-05  0.00E+00 4.432E+01  2.333E+05  1.657E-02
    p  1.04E-02 8.921E+03  3.734E-05  0.00E+00 4.515E+01  2.333E+05  1.688E-02
    p  1.08E-02 8.830E+03  3.824E-05  0.00E+00 4.599E+01  2.333E+05  1.719E-02
    p  1.13E-02 8.738E+03  3.915E-05  0.00E+00 4.685E+01  2.333E+05  1.751E-02
    p  1.17E-02 8.645E+03  4.008E-05  0.00E+00 4.770E+01  2.333E+05  1.783E-02
    p  1.22E-02 8.552E+03  4.103E-05  0.00E+00 4.857E+01  2.333E+05  1.816E-02
    p  1.26E-02 8.458E+03  4.201E-05  0.00E+00 4.945E+01  2.333E+05  1.848E-02
    p  1.31E-02 8.364E+03  4.300E-05  0.00E+00 5.033E+01  2.333E+05  1.881E-02
    p  1.36E-02 8.270E+03  4.401E-05  0.00E+00 5.121E+01  2.333E+05  1.914E-02
    p  1.42E-02 8.174E+03  4.504E-05  0.00E+00 5.210E+01  2.333E+05  1.948E-02
    p  1.47E-02 8.078E+03  4.610E-05  0.00E+00 5.300E+01  2.333E+05  1.981E-02
    p  1.53E-02 7.982E+03  4.717E-05  0.00E+00 5.389E+01  2.333E+05  2.015E-02
    p  1.59E-02 7.885E+03  4.828E-05  0.00E+00 5.479E+01  2.333E+05  2.048E-02
    p  1.65E-02 7.788E+03  4.940E-05  0.00E+00 5.569E+01  2.333E+05  2.082E-02
    p  1.72E-02 7.691E+03  5.055E-05  0.00E+00 5.659E+01  2.333E+05  2.115E-02
    p  1.78E-02 7.593E+03  5.173E-05  0.00E+00 5.748E+01  2.333E+05  2.149E-02
    p  1.85E-02 7.495E+03  5.293E-05  0.00E+00 5.838E+01  2.333E+05  2.182E-02
    p  1.93E-02 7.396E+03  5.417E-05  0.00E+00 5.927E+01  2.333E+05  2.215E-02
    p  2.00E-02 7.298E+03  5.543E-05  0.00E+00 6.015E+01  2.333E+05  2.248E-02
    p  2.08E-02 7.199E+03  5.672E-05  0.00E+00 6.103E+01  2.333E+05  2.281E-02
    p  2.16E-02 7.099E+03  5.805E-05  0.00E+00 6.190E+01  2.333E+05  2.314E-02
    p  2.25E-02 7.000E+03  5.940E-05  0.00E+00 6.276E+01  2.333E+05  2.346E-02
    p  2.33E-02 6.900E+03  6.080E-05  0.00E+00 6.361E+01  2.333E+05  2.378E-02
    p  2.43E-02 6.800E+03  6.222E-05  0.00E+00 6.445E+01  2.333E+05  2.409E-02
    p  2.52E-02 6.700E+03  6.368E-05  0.00E+00 6.528E+01  2.333E+05  2.440E-02
    p  2.62E-02 6.600E+03  6.519E-05  0.00E+00 6.609E+01  2.333E+05  2.471E-02
    p  2.72E-02 6.500E+03  6.673E-05  0.00E+00 6.689E+01  2.333E+05  2.500E-02
    p  2.83E-02 6.400E+03  6.831E-05  0.00E+00 6.767E+01  2.333E+05  2.530E-02
    p  2.94E-02 6.299E+03  6.993E-05  0.00E+00 6.843E+01  2.333E+05  2.558E-02
    p  3.05E-02 6.199E+03  7.161E-05  0.00E+00 6.918E+01  2.333E+05  2.586E-02
    p  3.17E-02 6.099E+03  7.332E-05  0.00E+00 6.990E+01  2.333E+05  2.613E-02
    p  3.30E-02 5.999E+03  7.509E-05  0.00E+00 7.060E+01  2.333E+05  2.639E-02
    p  3.43E-02 5.899E+03  7.691E-05  0.00E+00 7.128E+01  2.333E+05  2.664E-02
    p  3.56E-02 5.800E+03  7.878E-05  0.00E+00 7.193E+01  2.333E+05  2.689E-02
    p  3.70E-02 5.700E+03  8.071E-05  0.00E+00 7.256E+01  2.333E+05  2.712E-02
    p  3.84E-02 5.601E+03  8.270E-05  0.00E+00 7.316E+01  2.333E+05  2.735E-02
    p  3.99E-02 5.502E+03  8.474E-05  0.00E+00 7.374E+01  2.333E+05  2.756E-02
    p  4.15E-02 5.403E+03  8.686E-05  0.00E+00 7.428E+01  2.333E+05  2.777E-02
    p  4.31E-02 5.305E+03  8.904E-05  0.00E+00 7.479E+01  2.333E+05  2.796E-02
    p  4.48E-02 5.207E+03  9.129E-05  0.00E+00 7.528E+01  2.333E+05  2.814E-02
    p  4.66E-02 5.109E+03  9.361E-05  0.00E+00 7.573E+01  2.333E+05  2.831E-02
    p  4.84E-02 5.012E+03  9.601E-05  0.00E+00 7.614E+01  2.333E+05  2.846E-02
    p  5.03E-02 4.915E+03  9.849E-05  0.00E+00 7.652E+01  2.333E+05  2.861E-02
    p  5.23E-02 4.819E+03  1.011E-04  0.00E+00 7.687E+01  2.333E+05  2.874E-02
    p  5.43E-02 4.723E+03  1.037E-04  0.00E+00 7.718E+01  2.333E+05  2.885E-02
    p  5.64E-02 4.628E+03  1.065E-04  0.00E+00 7.746E+01  2.333E+05  2.895E-02
    p  5.86E-02 4.534E+03  1.093E-04  0.00E+00 7.770E+01  2.333E+05  2.904E-02
    p  6.09E-02 4.440E+03  1.123E-04  0.00E+00 7.789E+01  2.333E+05  2.912E-02
    p  6.33E-02 4.347E+03  1.153E-04  0.00E+00 7.806E+01  2.333E+05  2.918E-02
    p  6.58E-02 4.255E+03  1.185E-04  0.00E+00 7.818E+01  2.333E+05  2.922E-02
    p  6.84E-02 4.163E+03  1.218E-04  0.00E+00 7.826E+01  2.333E+05  2.925E-02
    p  7.10E-02 4.072E+03  1.252E-04  0.00E+00 7.831E+01  2.333E+05  2.927E-02
    p  7.38E-02 3.982E+03  1.287E-04  0.00E+00 7.831E+01  2.333E+05  2.927E-02
    p  7.67E-02 3.893E+03  1.324E-04  0.00E+00 7.827E+01  2.333E+05  2.926E-02
    p  7.97E-02 3.804E+03  1.363E-04  0.00E+00 7.820E+01  2.333E+05  2.923E-02
    p  8.28E-02 3.717E+03  1.403E-04  0.00E+00 7.808E+01  2.333E+05  2.919E-02
    p  8.61E-02 3.630E+03  1.444E-04  0.00E+00 7.793E+01  2.333E+05  2.913E-02
    p  8.94E-02 3.544E+03  1.487E-04  0.00E+00 7.773E+01  2.333E+05  2.906E-02
    p  9.29E-02 3.460E+03  1.532E-04  0.00E+00 7.750E+01  2.333E+05  2.897E-02
    p  9.66E-02 3.376E+03  1.579E-04  0.00E+00 7.722E+01  2.333E+05  2.887E-02
    p  1.00E-01 3.293E+03  1.629E-04  0.00E+00 7.691E+01  2.333E+05  2.875E-02
    p  1.04E-01 3.212E+03  1.680E-04  0.00E+00 7.656E+01  2.333E+05  2.862E-02
    p  1.08E-01 3.131E+03  1.733E-04  0.00E+00 7.617E+01  2.333E+05  2.847E-02
    p  1.13E-01 3.052E+03  1.789E-04  0.00E+00 7.574E+01  2.333E+05  2.831E-02
    p  1.17E-01 2.973E+03  1.847E-04  0.00E+00 7.528E+01  2.333E+05  2.814E-02
    p  1.22E-01 2.896E+03  1.908E-04  0.00E+00 7.479E+01  2.333E+05  2.796E-02
    p  1.26E-01 2.820E+03  1.972E-04  0.00E+00 7.425E+01  2.333E+05  2.776E-02
    p  1.31E-01 2.745E+03  2.039E-04  0.00E+00 7.369E+01  2.333E+05  2.755E-02
    p  1.36E-01 2.672E+03  2.109E-04  0.00E+00 7.309E+01  2.333E+05  2.732E-02
    p  1.42E-01 2.599E+03  2.182E-04  0.00E+00 7.246E+01  2.333E+05  2.709E-02
    p  1.47E-01 2.528E+03  2.259E-04  0.00E+00 7.180E+01  2.333E+05  2.684E-02
    p  1.53E-01 2.458E+03  2.340E-04  0.00E+00 7.111E+01  2.333E+05  2.658E-02
    p  1.59E-01 2.389E+03  2.425E-04  0.00E+00 7.039E+01  2.333E+05  2.631E-02
    p  1.65E-01 2.321E+03  2.514E-04  0.00E+00 6.965E+01  2.333E+05  2.603E-02
    p  1.72E-01 2.255E+03  2.607E-04  0.00E+00 6.888E+01  2.333E+05  2.575E-02
    p  1.78E-01 2.190E+03  2.705E-04  0.00E+00 6.808E+01  2.333E+05  2.545E-02
    p  1.85E-01 2.126E+03  2.808E-04  0.00E+00 6.726E+01  2.333E+05  2.514E-02
    p  1.93E-01 2.064E+03  2.917E-04  0.00E+00 6.642E+01  2.333E+05  2.483E-02
    p  2.00E-01 2.002E+03  3.031E-04  0.00E+00 6.556E+01  2.333E+05  2.451E-02
    p  2.08E-01 1.942E+03  3.152E-04  0.00E+00 6.468E+01  2.333E+05  2.418E-02
    p  2.16E-01 1.884E+03  3.279E-04  0.00E+00 6.378E+01  2.333E+05  2.384E-02
    p  2.25E-01 1.826E+03  3.412E-04  0.00E+00 6.286E+01  2.333E+05  2.350E-02
    p  2.34E-01 1.770E+03  3.553E-04  0.00E+00 6.194E+01  2.333E+05  2.315E-02
    p  2.43E-01 1.715E+03  3.702E-04  0.00E+00 6.099E+01  2.333E+05  2.280E-02
    p  2.52E-01 1.662E+03  3.859E-04  0.00E+00 6.003E+01  2.333E+05  2.244E-02
    p  2.62E-01 1.609E+03  4.025E-04  0.00E+00 5.907E+01  2.333E+05  2.208E-02
    p  2.72E-01 1.558E+03  4.200E-04  0.00E+00 5.809E+01  2.333E+05  2.172E-02
    p  2.83E-01 1.508E+03  4.385E-04  0.00E+00 5.711E+01  2.333E+05  2.135E-02
    p  2.94E-01 1.460E+03  4.580E-04  0.00E+00 5.612E+01  2.333E+05  2.098E-02
    p  3.06E-01 1.412E+03  4.787E-04  0.00E+00 5.512E+01  2.333E+05  2.060E-02
    p  3.17E-01 1.366E+03  5.006E-04  0.00E+00 5.412E+01  2.333E+05  2.023E-02
    p  3.30E-01 1.321E+03  5.238E-04  0.00E+00 5.311E+01  2.333E+05  1.985E-02
    p  3.43E-01 1.277E+03  5.483E-04  0.00E+00 5.211E+01  2.333E+05  1.948E-02
    p  3.56E-01 1.235E+03  5.743E-04  0.00E+00 5.110E+01  2.333E+05  1.910E-02
    p  3.70E-01 1.193E+03  6.019E-04  0.00E+00 5.009E+01  2.333E+05  1.873E-02
    p  3.85E-01 1.153E+03  6.311E-04  0.00E+00 4.909E+01  2.333E+05  1.835E-02
    p  4.00E-01 1.114E+03  6.621E-04  0.00E+00 4.809E+01  2.333E+05  1.798E-02
    p  4.15E-01 1.076E+03  6.950E-04  0.00E+00 4.709E+01  2.333E+05  1.760E-02
    p  4.32E-01 1.039E+03  7.299E-04  0.00E+00 4.610E+01  2.333E+05  1.723E-02
    p  4.49E-01 1.003E+03  7.670E-04  0.00E+00 4.511E+01  2.333E+05  1.686E-02
    p  4.66E-01 9.684E+02  8.063E-04  0.00E+00 4.413E+01  2.333E+05  1.650E-02
    p  4.84E-01 9.347E+02  8.482E-04  0.00E+00 4.316E+01  2.333E+05  1.613E-02
    p  5.03E-01 9.020E+02  8.926E-04  0.00E+00 4.219E+01  2.333E+05  1.577E-02
    p  5.23E-01 8.702E+02  9.399E-04  0.00E+00 4.123E+01  2.333E+05  1.541E-02
    p  5.43E-01 8.395E+02  9.901E-04  0.00E+00 4.029E+01  2.333E+05  1.506E-02
    p  5.65E-01 8.098E+02  1.044E-03  0.00E+00 3.935E+01  2.333E+05  1.471E-02
    p  5.87E-01 7.810E+02  1.100E-03  0.00E+00 3.842E+01  2.333E+05  1.436E-02
    p  6.10E-01 7.530E+02  1.161E-03  0.00E+00 3.751E+01  2.333E+05  1.402E-02
    p  6.34E-01 7.261E+02  1.225E-03  0.00E+00 3.661E+01  2.333E+05  1.368E-02
    p  6.59E-01 6.999E+02  1.294E-03  0.00E+00 3.572E+01  2.333E+05  1.335E-02
    p  6.84E-01 6.747E+02  1.367E-03  0.00E+00 3.484E+01  2.333E+05  1.302E-02
    p  7.11E-01 6.503E+02  1.445E-03  0.00E+00 3.398E+01  2.333E+05  1.270E-02
    p  7.39E-01 6.266E+02  1.528E-03  0.00E+00 3.313E+01  2.333E+05  1.238E-02
    p  7.68E-01 6.038E+02  1.617E-03  0.00E+00 3.229E+01  2.333E+05  1.207E-02
    p  7.98E-01 5.818E+02  1.711E-03  0.00E+00 3.147E+01  2.333E+05  1.176E-02
    p  8.29E-01 5.605E+02  1.812E-03  0.00E+00 3.066E+01  2.333E+05  1.146E-02
    p  8.62E-01 5.400E+02  1.919E-03  0.00E+00 2.987E+01  2.333E+05  1.116E-02
    p  8.96E-01 5.201E+02  2.034E-03  0.00E+00 2.909E+01  2.333E+05  1.087E-02
    p  9.31E-01 5.010E+02  2.156E-03  0.00E+00 2.833E+01  2.333E+05  1.059E-02
    p  9.67E-01 4.825E+02  2.286E-03  0.00E+00 2.758E+01  2.333E+05  1.031E-02
    p  1.00E+00 4.647E+02  2.426E-03  0.00E+00 2.684E+01  2.333E+05  1.003E-02
    p  1.04E+00 4.475E+02  2.574E-03  0.00E+00 2.612E+01  2.333E+05  9.766E-03
    p  1.09E+00 4.308E+02  2.733E-03  0.00E+00 2.542E+01  2.333E+05  9.502E-03
    p  1.13E+00 4.149E+02  2.903E-03  0.00E+00 2.473E+01  2.333E+05  9.245E-03
    p  1.17E+00 3.994E+02  3.084E-03  0.00E+00 2.406E+01  2.333E+05  8.993E-03
    p  1.22E+00 3.846E+02  3.278E-03  0.00E+00 2.340E+01  2.333E+05  8.746E-03
    p  1.27E+00 3.702E+02  3.485E-03  0.00E+00 2.275E+01  2.333E+05  8.505E-03
    p  1.32E+00 3.564E+02  3.706E-03  0.00E+00 2.212E+01  2.333E+05  8.270E-03
    p  1.37E+00 3.431E+02  3.943E-03  0.00E+00 2.151E+01  2.333E+05  8.040E-03
    p  1.42E+00 3.303E+02  4.195E-03  0.00E+00 2.091E+01  2.333E+05  7.815E-03
    p  1.48E+00 3.179E+02  4.466E-03  0.00E+00 2.032E+01  2.333E+05  7.596E-03
    p  1.53E+00 3.060E+02  4.755E-03  0.00E+00 1.975E+01  2.333E+05  7.382E-03
    p  1.59E+00 2.946E+02  5.064E-03  0.00E+00 1.919E+01  2.333E+05  7.173E-03
    p  1.66E+00 2.836E+02  5.394E-03  0.00E+00 1.864E+01  2.333E+05  6.969E-03
    p  1.72E+00 2.729E+02  5.748E-03  0.00E+00 1.811E+01  2.333E+05  6.771E-03
    p  1.79E+00 2.627E+02  6.127E-03  0.00E+00 1.759E+01  2.333E+05  6.577E-03
    p  1.86E+00 2.528E+02  6.532E-03  0.00E+00 1.709E+01  2.333E+05  6.388E-03
    p  1.93E+00 2.433E+02  6.965E-03  0.00E+00 1.660E+01  2.333E+05  6.204E-03
    p  2.01E+00 2.342E+02  7.429E-03  0.00E+00 1.612E+01  2.333E+05  6.024E-03
    p  2.09E+00 2.254E+02  7.926E-03  0.00E+00 1.565E+01  2.333E+05  5.850E-03
    p  2.17E+00 2.169E+02  8.457E-03  0.00E+00 1.519E+01  2.333E+05  5.679E-03
    p  2.25E+00 2.088E+02  9.026E-03  0.00E+00 1.475E+01  2.333E+05  5.514E-03
    p  2.34E+00 2.009E+02  9.636E-03  0.00E+00 1.432E+01  2.333E+05  5.352E-03
    p  2.44E+00 1.934E+02  1.029E-02  0.00E+00 1.390E+01  2.333E+05  5.195E-03
    p  2.53E+00 1.861E+02  1.099E-02  0.00E+00 1.349E+01  2.333E+05  5.043E-03
    p  2.63E+00 1.791E+02  1.173E-02  0.00E+00 1.309E+01  2.333E+05  4.894E-03
    p  2.73E+00 1.723E+02  1.254E-02  0.00E+00 1.271E+01  2.333E+05  4.749E-03
    p  2.84E+00 1.659E+02  1.339E-02  0.00E+00 1.233E+01  2.333E+05  4.608E-03
    p  2.95E+00 1.596E+02  1.431E-02  0.00E+00 1.196E+01  2.333E+05  4.472E-03
    p  3.07E+00 1.536E+02  1.529E-02  0.00E+00 1.161E+01  2.333E+05  4.338E-03
    p  3.19E+00 1.478E+02  1.635E-02  0.00E+00 1.126E+01  2.333E+05  4.209E-03
    p  3.31E+00 1.423E+02  1.748E-02  0.00E+00 1.092E+01  2.333E+05  4.083E-03
    p  3.45E+00 1.369E+02  1.869E-02  0.00E+00 1.059E+01  2.333E+05  3.960E-03
    p  3.58E+00 1.318E+02  1.999E-02  0.00E+00 1.028E+01  2.333E+05  3.842E-03
    p  3.72E+00 1.268E+02  2.137E-02  0.00E+00 9.967E+00  2.333E+05  3.726E-03
    p  3.87E+00 1.220E+02  2.287E-02  0.00E+00 9.667E+00  2.333E+05  3.613E-03
    p  4.02E+00 1.174E+02  2.447E-02  0.00E+00 9.375E+00  2.333E+05  3.504E-03
    p  4.18E+00 1.130E+02  2.618E-02  0.00E+00 9.091E+00  2.333E+05  3.398E-03
    p  4.34E+00 1.088E+02  2.802E-02  0.00E+00 8.815E+00  2.333E+05  3.295E-03
    p  4.51E+00 1.047E+02  2.999E-02  0.00E+00 8.547E+00  2.333E+05  3.195E-03
    p  4.69E+00 1.007E+02  3.211E-02  0.00E+00 8.287E+00  2.333E+05  3.098E-03
    p  4.88E+00 9.693E+01  3.437E-02  0.00E+00 8.034E+00  2.333E+05  3.003E-03
    p  5.07E+00 9.328E+01  3.680E-02  0.00E+00 7.789E+00  2.333E+05  2.912E-03
    p  5.27E+00 8.977E+01  3.941E-02  0.00E+00 7.550E+00  2.333E+05  2.822E-03
    p  5.48E+00 8.639E+01  4.221E-02  0.00E+00 7.319E+00  2.333E+05  2.736E-03
    p  5.69E+00 8.314E+01  4.521E-02  0.00E+00 7.095E+00  2.333E+05  2.652E-03
    p  5.92E+00 8.000E+01  4.843E-02  0.00E+00 6.876E+00  2.333E+05  2.570E-03
    p  6.15E+00 7.699E+01  5.189E-02  0.00E+00 6.665E+00  2.333E+05  2.491E-03
    p  6.40E+00 7.409E+01  5.559E-02  0.00E+00 6.459E+00  2.333E+05  2.415E-03
    p  6.65E+00 7.130E+01  5.957E-02  0.00E+00 6.260E+00  2.333E+05  2.340E-03
    p  6.91E+00 6.862E+01  6.384E-02  0.00E+00 6.066E+00  2.333E+05  2.268E-03
    p  7.19E+00 6.604E+01  6.842E-02  0.00E+00 5.878E+00  2.333E+05  2.197E-03
    p  7.47E+00 6.355E+01  7.334E-02  0.00E+00 5.696E+00  2.333E+05  2.129E-03
    p  7.77E+00 6.116E+01  7.862E-02  0.00E+00 5.519E+00  2.333E+05  2.063E-03
    p  8.07E+00 5.885E+01  8.428E-02  0.00E+00 5.348E+00  2.333E+05  1.999E-03
    p  8.39E+00 5.664E+01  9.036E-02  0.00E+00 5.181E+00  2.333E+05  1.937E-03
    p  8.73E+00 5.451E+01  9.689E-02  0.00E+00 5.020E+00  2.333E+05  1.877E-03
    p  9.07E+00 5.245E+01  1.039E-01  0.00E+00 4.863E+00  2.333E+05  1.818E-03
    p  9.43E+00 5.048E+01  1.114E-01  0.00E+00 4.712E+00  2.333E+05  1.761E-03
    p  9.81E+00 4.858E+01  1.195E-01  0.00E+00 4.564E+00  2.333E+05  1.706E-03
    p  1.02E+01 4.675E+01  1.282E-01  0.00E+00 4.421E+00  2.333E+05  1.653E-03
    p  1.06E+01 4.499E+01  1.375E-01  0.00E+00 4.283E+00  2.333E+05  1.601E-03
    p  1.10E+01 4.330E+01  1.475E-01  0.00E+00 4.149E+00  2.333E+05  1.551E-03
    p  1.15E+01 4.166E+01  1.583E-01  0.00E+00 4.018E+00  2.333E+05  1.502E-03
    p  1.19E+01 4.010E+01  1.699E-01  0.00E+00 3.892E+00  2.333E+05  1.455E-03
    p  1.24E+01 3.859E+01  1.823E-01  0.00E+00 3.770E+00  2.333E+05  1.409E-03
    p  1.29E+01 3.713E+01  1.956E-01  0.00E+00 3.651E+00  2.333E+05  1.365E-03
    p  1.34E+01 3.573E+01  2.100E-01  0.00E+00 3.536E+00  2.333E+05  1.322E-03
    p  1.39E+01 3.439E+01  2.254E-01  0.00E+00 3.424E+00  2.333E+05  1.280E-03
    p  1.45E+01 3.309E+01  2.420E-01  0.00E+00 3.316E+00  2.333E+05  1.240E-03
    p  1.51E+01 3.185E+01  2.598E-01  0.00E+00 3.211E+00  2.333E+05  1.200E-03
    p  1.57E+01 3.065E+01  2.790E-01  0.00E+00 3.110E+00  2.333E+05  1.162E-03
    p  1.63E+01 2.949E+01  2.995E-01  0.00E+00 3.011E+00  2.333E+05  1.126E-03
    p  1.70E+01 2.838E+01  3.217E-01  0.00E+00 2.916E+00  2.333E+05  1.090E-03
    p  1.77E+01 2.731E+01  3.455E-01  0.00E+00 2.824E+00  2.333E+05  1.055E-03
    p  1.84E+01 2.629E+01  3.711E-01  0.00E+00 2.734E+00  2.333E+05  1.022E-03
    p  1.91E+01 2.530E+01  3.987E-01  0.00E+00 2.647E+00  2.333E+05  9.896E-04
    p  1.99E+01 2.434E+01  4.283E-01  0.00E+00 2.563E+00  2.333E+05  9.582E-04
    p  2.07E+01 2.343E+01  4.602E-01  0.00E+00 2.482E+00  2.333E+05  9.277E-04
    p  2.15E+01 2.254E+01  4.945E-01  0.00E+00 2.403E+00  2.333E+05  8.982E-04
    p  2.24E+01 2.170E+01  5.314E-01  0.00E+00 2.326E+00  2.333E+05  8.696E-04
    p  2.33E+01 2.088E+01  5.712E-01  0.00E+00 2.252E+00  2.333E+05  8.419E-04
    p  2.43E+01 2.009E+01  6.139E-01  0.00E+00 2.181E+00  2.333E+05  8.151E-04
    p  2.52E+01 1.934E+01  6.600E-01  0.00E+00 2.111E+00  2.333E+05  7.891E-04
    p  2.63E+01 1.861E+01  7.096E-01  0.00E+00 2.044E+00  2.333E+05  7.640E-04
    p  2.74E+01 1.791E+01  7.630E-01  0.00E+00 1.979E+00  2.333E+05  7.396E-04
    p  2.85E+01 1.723E+01  8.205E-01  0.00E+00 1.915E+00  2.333E+05  7.160E-04
    p  2.96E+01 1.658E+01  8.825E-01  0.00E+00 1.854E+00  2.333E+05  6.931E-04
    p  3.09E+01 1.596E+01  9.493E-01  0.00E+00 1.795E+00  2.333E+05  6.710E-04
    p  3.21E+01 1.536E+01  1.021E+00  0.00E+00 1.738E+00  2.333E+05  6.495E-04
    p  3.35E+01 1.478E+01  1.099E+00  0.00E+00 1.682E+00  2.333E+05  6.288E-04
    p  3.48E+01 1.422E+01  1.182E+00  0.00E+00 1.628E+00  2.333E+05  6.086E-04
    p  3.63E+01 1.369E+01  1.272E+00  0.00E+00 1.576E+00  2.333E+05  5.892E-04
    p  3.78E+01 1.317E+01  1.370E+00  0.00E+00 1.526E+00  2.333E+05  5.703E-04
    p  3.94E+01 1.268E+01  1.474E+00  0.00E+00 1.477E+00  2.333E+05  5.521E-04
    p  4.10E+01 1.220E+01  1.587E+00  0.00E+00 1.430E+00  2.333E+05  5.344E-04
    p  4.27E+01 1.174E+01  1.709E+00  0.00E+00 1.384E+00  2.333E+05  5.173E-04
    p  4.45E+01 1.130E+01  1.841E+00  0.00E+00 1.339E+00  2.333E+05  5.007E-04
    p  4.64E+01 1.087E+01  1.983E+00  0.00E+00 1.297E+00  2.333E+05  4.846E-04
    p  4.83E+01 1.046E+01  2.137E+00  0.00E+00 1.255E+00  2.333E+05  4.691E-04
    p  5.04E+01 1.007E+01  2.303E+00  0.00E+00 1.215E+00  2.333E+05  4.541E-04
    p  5.25E+01 9.688E+00  2.482E+00  0.00E+00 1.176E+00  2.333E+05  4.395E-04
    p  5.48E+01 9.323E+00  2.676E+00  0.00E+00 1.138E+00  2.333E+05  4.254E-04
    p  5.71E+01 8.972E+00  2.885E+00  0.00E+00 1.102E+00  2.333E+05  4.118E-04
    p  5.96E+01 8.634E+00  3.111E+00  0.00E+00 1.066E+00  2.333E+05  3.986E-04
    p  6.21E+01 8.309E+00  3.356E+00  0.00E+00 1.032E+00  2.333E+05  3.858E-04
    p  6.48E+01 7.996E+00  3.621E+00  0.00E+00 9.990E-01  2.333E+05  3.734E-04
    p  6.76E+01 7.694E+00  3.908E+00  0.00E+00 9.670E-01  2.333E+05  3.615E-04
    p  7.06E+01 7.404E+00  4.219E+00  0.00E+00 9.359E-01  2.333E+05  3.499E-04
    p  7.37E+01 7.125E+00  4.555E+00  0.00E+00 9.059E-01  2.333E+05  3.387E-04
    p  7.69E+01 6.857E+00  4.920E+00  0.00E+00 8.769E-01  2.333E+05  3.278E-04
    p  8.04E+01 6.599E+00  5.315E+00  0.00E+00 8.488E-01  2.333E+05  3.173E-04
    p  8.39E+01 6.350E+00  5.744E+00  0.00E+00 8.216E-01  2.333E+05  3.071E-04
    p  8.77E+01 6.111E+00  6.210E+00  0.00E+00 7.953E-01  2.333E+05  2.973E-04
    p  9.17E+01 5.880E+00  6.715E+00  0.00E+00 7.698E-01  2.333E+05  2.878E-04
    p  9.58E+01 5.659E+00  7.264E+00  0.00E+00 7.452E-01  2.333E+05  2.786E-04
    p  1.00E+02 5.446E+00  7.860E+00  0.00E+00 7.214E-01  2.333E+05  2.697E-04
    p  1.05E+02 5.240E+00  8.510E+00  0.00E+00 6.983E-01  2.333E+05  2.610E-04
    p  1.10E+02 5.043E+00  9.216E+00  0.00E+00 6.759E-01  2.333E+05  2.527E-04
    p  1.15E+02 4.853E+00  9.985E+00  0.00E+00 6.544E-01  2.333E+05  2.446E-04
    p  1.20E+02 4.670E+00  1.082E+01  0.00E+00 6.335E-01  2.333E+05  2.368E-04
    p  1.26E+02 4.494E+00  1.174E+01  0.00E+00 6.133E-01  2.333E+05  2.292E-04
    p  1.32E+02 4.324E+00  1.273E+01  0.00E+00 5.937E-01  2.333E+05  2.219E-04
    p  1.38E+02 4.161E+00  1.382E+01  0.00E+00 5.748E-01  2.333E+05  2.149E-04
    p  1.45E+02 4.004E+00  1.502E+01  0.00E+00 5.565E-01  2.333E+05  2.080E-04
    p  1.52E+02 3.853E+00  1.632E+01  0.00E+00 5.388E-01  2.333E+05  2.014E-04
    p  1.60E+02 3.708E+00  1.774E+01  0.00E+00 5.217E-01  2.333E+05  1.950E-04
    p  1.68E+02 3.568E+00  1.931E+01  0.00E+00 5.051E-01  2.333E+05  1.888E-04
    p  1.76E+02 3.434E+00  2.103E+01  0.00E+00 4.891E-01  2.333E+05  1.828E-04
    p  1.85E+02 3.304E+00  2.292E+01  0.00E+00 4.736E-01  2.333E+05  1.770E-04
    p  1.95E+02 3.179E+00  2.499E+01  0.00E+00 4.586E-01  2.333E+05  1.714E-04
    p  2.05E+02 3.060E+00  2.728E+01  0.00E+00 4.441E-01  2.333E+05  1.660E-04
    p  2.16E+02 2.944E+00  2.981E+01  0.00E+00 4.301E-01  2.333E+05  1.608E-04
    p  2.28E+02 2.833E+00  3.260E+01  0.00E+00 4.166E-01  2.333E+05  1.557E-04
    p  2.41E+02 2.726E+00  3.570E+01  0.00E+00 4.035E-01  2.333E+05  1.508E-04
    p  2.54E+02 2.623E+00  3.913E+01  0.00E+00 3.909E-01  2.333E+05  1.461E-04
    p  2.69E+02 2.524E+00  4.295E+01  0.00E+00 3.786E-01  2.333E+05  1.415E-04
    p  2.85E+02 2.429E+00  4.720E+01  0.00E+00 3.668E-01  2.333E+05  1.371E-04
    p  3.02E+02 2.337E+00  5.195E+01  0.00E+00 3.554E-01  2.333E+05  1.329E-04
    p  3.21E+02 2.249E+00  5.727E+01  0.00E+00 3.444E-01  2.333E+05  1.287E-04
    p  3.41E+02 2.164E+00  6.324E+01  0.00E+00 3.338E-01  2.333E+05  1.248E-04
    p  3.63E+02 2.082E+00  6.998E+01  0.00E+00 3.235E-01  2.333E+05  1.209E-04
    p  3.87E+02 2.004E+00  7.760E+01  0.00E+00 3.136E-01  2.333E+05  1.172E-04
    p  4.14E+02 1.928E+00  8.625E+01  0.00E+00 3.040E-01  2.333E+05  1.136E-04
    p  4.44E+02 1.855E+00  9.613E+01  0.00E+00 2.948E-01  2.333E+05  1.102E-04
    p  4.77E+02 1.785E+00  1.075E+02  0.00E+00 2.859E-01  2.333E+05  1.069E-04
    p  5.13E+02 1.718E+00  1.205E+02  0.00E+00 2.773E-01  2.333E+05  1.037E-04
    p  5.55E+02 1.653E+00  1.357E+02  0.00E+00 2.691E-01  2.333E+05  1.006E-04
    p  6.02E+02 1.590E+00  1.535E+02  0.00E+00 2.612E-01  2.333E+05  9.763E-05
    p  6.56E+02 1.530E+00  1.745E+02  0.00E+00 2.536E-01  2.333E+05  9.478E-05
    p  7.19E+02 1.472E+00  1.995E+02  0.00E+00 2.463E-01  2.333E+05  9.206E-05
    p  7.92E+02 1.416E+00  2.299E+02  0.00E+00 2.393E-01  2.333E+05  8.945E-05
    p  8.80E+02 1.363E+00  2.672E+02  0.00E+00 2.326E-01  2.333E+05  8.696E-05
    p  9.88E+02 1.311E+00  3.141E+02  0.00E+00 2.263E-01  2.333E+05  8.461E-05
    p  1.12E+03 1.262E+00  3.745E+02  0.00E+00 2.204E-01  2.333E+05  8.238E-05
    p  1.30E+03 1.214E+00  4.551E+02  0.00E+00 2.149E-01  2.333E+05  8.031E-05
    p  1.54E+03 1.168E+00  5.683E+02  0.00E+00 2.098E-01  2.333E+05  7.842E-05
    p  1.89E+03 1.123E+00  7.397E+02  0.00E+00 2.054E-01  2.333E+05  7.676E-05
    p  2.50E+03 1.081E+00  1.036E+03  0.00E+00 2.019E-01  2.333E+05  7.546E-05
    p  3.87E+03 1.040E+00  1.720E+03  0.00E+00 2.003E-01  2.333E+05  7.487E-05
  Avg  9.05E+01 2.248E+03  2.558E+01  0.00E+00 2.953E+01  7.000E+07  3.311E+00
===============================================================================
ZEB = (zeff/beta)^2 (Barkas 1963); DPUF = dose/fluence = 4.7305E+01 nGy-cm^2.
* Est. dose on bottom surface of culture dish = 1.602*(Stot-Srad)/rho

TARGET DOSIMETRY: Dosimetric and microdosimetric properties of the radiation field within the nucleus
========================================================================================================
       ----- INCIDENT PARTICLE -----------------  -------------- AVERAGE OVER CELL NUCLEUS -------------
          KE                  CSDA      Fluence      DPUF      Dose        YF          YD         ZF
  Ion    (MeV)      zeb     Range (cm)  (1/cm^2)  (nGy-cm^2)   (Gy)     (keV/um)    (keV/um)     (Gy)
========================================================================================================
    p  4.658E-03 1.068E+04  2.205E-05  2.333E+05  0.000E+00  0.000E+00  0.000E+00  0.000E+00  0.000E+00
    p  4.840E-03 1.060E+04  2.265E-05  2.333E+05  0.000E+00  0.000E+00  0.000E+00  0.000E+00  0.000E+00
    p  5.029E-03 1.052E+04  2.326E-05  2.333E+05  0.000E+00  0.000E+00  0.000E+00  0.000E+00  0.000E+00
    p  5.226E-03 1.045E+04  2.388E-05  2.333E+05  0.000E+00  0.000E+00  0.000E+00  0.000E+00  0.000E+00
    p  5.430E-03 1.037E+04  2.451E-05  2.333E+05  0.000E+00  0.000E+00  0.000E+00  0.000E+00  0.000E+00
    p  5.643E-03 1.029E+04  2.515E-05  2.333E+05  0.000E+00  0.000E+00  0.000E+00  0.000E+00  0.000E+00
    p  5.863E-03 1.021E+04  2.581E-05  2.333E+05  0.000E+00  0.000E+00  0.000E+00  0.000E+00  0.000E+00
    p  6.093E-03 1.013E+04  2.648E-05  2.333E+05  0.000E+00  0.000E+00  0.000E+00  0.000E+00  0.000E+00
    p  6.331E-03 1.005E+04  2.716E-05  2.333E+05  0.000E+00  0.000E+00  0.000E+00  0.000E+00  0.000E+00
    p  6.579E-03 9.964E+03  2.786E-05  2.333E+05  0.000E+00  0.000E+00  0.000E+00  0.000E+00  0.000E+00
    p  6.836E-03 9.881E+03  2.857E-05  2.333E+05  0.000E+00  0.000E+00  0.000E+00  0.000E+00  0.000E+00
    p  7.104E-03 9.798E+03  2.929E-05  2.333E+05  0.000E+00  0.000E+00  0.000E+00  0.000E+00  0.000E+00
    p  7.382E-03 9.713E+03  3.003E-05  2.333E+05  0.000E+00  0.000E+00  0.000E+00  0.000E+00  0.000E+00
    p  7.671E-03 9.628E+03  3.078E-05  2.333E+05  0.000E+00  0.000E+00  0.000E+00  0.000E+00  0.000E+00
    p  7.971E-03 9.542E+03  3.155E-05  2.333E+05  0.000E+00  0.000E+00  0.000E+00  0.000E+00  0.000E+00
    p  8.282E-03 9.455E+03  3.233E-05  2.333E+05  0.000E+00  0.000E+00  0.000E+00  0.000E+00  0.000E+00
    p  8.606E-03 9.368E+03  3.312E-05  2.333E+05  0.000E+00  0.000E+00  0.000E+00  0.000E+00  0.000E+00
    p  8.943E-03 9.280E+03  3.394E-05  2.333E+05  0.000E+00  0.000E+00  0.000E+00  0.000E+00  0.000E+00
    p  9.293E-03 9.191E+03  3.476E-05  2.333E+05  0.000E+00  0.000E+00  0.000E+00  0.000E+00  0.000E+00
    p  9.657E-03 9.102E+03  3.561E-05  2.333E+05  0.000E+00  0.000E+00  0.000E+00  0.000E+00  0.000E+00
    p  1.003E-02 9.012E+03  3.647E-05  2.333E+05  0.000E+00  0.000E+00  0.000E+00  0.000E+00  0.000E+00
    p  1.043E-02 8.921E+03  3.734E-05  2.333E+05  0.000E+00  0.000E+00  0.000E+00  0.000E+00  0.000E+00
    p  1.083E-02 8.830E+03  3.824E-05  2.333E+05  0.000E+00  0.000E+00  0.000E+00  0.000E+00  0.000E+00
    p  1.126E-02 8.738E+03  3.915E-05  2.333E+05  0.000E+00  0.000E+00  0.000E+00  0.000E+00  0.000E+00
    p  1.170E-02 8.645E+03  4.008E-05  2.333E+05  0.000E+00  0.000E+00  0.000E+00  0.000E+00  0.000E+00
    p  1.216E-02 8.552E+03  4.103E-05  2.333E+05  0.000E+00  0.000E+00  0.000E+00  0.000E+00  0.000E+00
    p  1.263E-02 8.458E+03  4.201E-05  2.333E+05  0.000E+00  0.000E+00  0.000E+00  0.000E+00  0.000E+00
    p  1.313E-02 8.364E+03  4.300E-05  2.333E+05  0.000E+00  0.000E+00  0.000E+00  0.000E+00  0.000E+00
    p  1.364E-02 8.270E+03  4.401E-05  2.333E+05  0.000E+00  0.000E+00  0.000E+00  0.000E+00  0.000E+00
    p  1.417E-02 8.174E+03  4.504E-05  2.333E+05  0.000E+00  0.000E+00  0.000E+00  0.000E+00  0.000E+00
    p  1.473E-02 8.078E+03  4.610E-05  2.333E+05  0.000E+00  0.000E+00  0.000E+00  0.000E+00  0.000E+00
    p  1.530E-02 7.982E+03  4.717E-05  2.333E+05  0.000E+00  0.000E+00  0.000E+00  0.000E+00  0.000E+00
    p  1.590E-02 7.885E+03  4.828E-05  2.333E+05  0.000E+00  0.000E+00  0.000E+00  0.000E+00  0.000E+00
    p  1.653E-02 7.788E+03  4.940E-05  2.333E+05  0.000E+00  0.000E+00  0.000E+00  0.000E+00  0.000E+00
    p  1.717E-02 7.691E+03  5.055E-05  2.333E+05  0.000E+00  0.000E+00  0.000E+00  0.000E+00  0.000E+00
    p  1.784E-02 7.593E+03  5.173E-05  2.333E+05  0.000E+00  0.000E+00  0.000E+00  0.000E+00  0.000E+00
    p  1.854E-02 7.495E+03  5.293E-05  2.333E+05  0.000E+00  0.000E+00  0.000E+00  0.000E+00  0.000E+00
    p  1.927E-02 7.396E+03  5.417E-05  2.333E+05  0.000E+00  0.000E+00  0.000E+00  0.000E+00  0.000E+00
    p  2.002E-02 7.298E+03  5.543E-05  2.333E+05  0.000E+00  0.000E+00  0.000E+00  0.000E+00  0.000E+00
    p  2.081E-02 7.199E+03  5.672E-05  2.333E+05  0.000E+00  0.000E+00  0.000E+00  0.000E+00  0.000E+00
    p  2.162E-02 7.099E+03  5.805E-05  2.333E+05  0.000E+00  0.000E+00  0.000E+00  0.000E+00  0.000E+00
    p  2.246E-02 7.000E+03  5.940E-05  2.333E+05  0.000E+00  0.000E+00  0.000E+00  0.000E+00  0.000E+00
    p  2.334E-02 6.900E+03  6.080E-05  2.333E+05  0.000E+00  0.000E+00  0.000E+00  0.000E+00  0.000E+00
    p  2.426E-02 6.800E+03  6.222E-05  2.333E+05  0.000E+00  0.000E+00  0.000E+00  0.000E+00  0.000E+00
    p  2.521E-02 6.700E+03  6.368E-05  2.333E+05  0.000E+00  0.000E+00  0.000E+00  0.000E+00  0.000E+00
    p  2.619E-02 6.600E+03  6.519E-05  2.333E+05  0.000E+00  0.000E+00  0.000E+00  0.000E+00  0.000E+00
    p  2.722E-02 6.500E+03  6.673E-05  2.333E+05  0.000E+00  0.000E+00  0.000E+00  0.000E+00  0.000E+00
    p  2.828E-02 6.400E+03  6.831E-05  2.333E+05  0.000E+00  0.000E+00  0.000E+00  0.000E+00  0.000E+00
    p  2.939E-02 6.299E+03  6.993E-05  2.333E+05  0.000E+00  0.000E+00  0.000E+00  0.000E+00  0.000E+00
    p  3.054E-02 6.199E+03  7.161E-05  2.333E+05  0.000E+00  0.000E+00  0.000E+00  0.000E+00  0.000E+00
    p  3.173E-02 6.099E+03  7.332E-05  2.333E+05  0.000E+00  0.000E+00  0.000E+00  0.000E+00  0.000E+00
    p  3.297E-02 5.999E+03  7.509E-05  2.333E+05  0.000E+00  0.000E+00  0.000E+00  0.000E+00  0.000E+00
    p  3.426E-02 5.899E+03  7.691E-05  2.333E+05  0.000E+00  0.000E+00  0.000E+00  0.000E+00  0.000E+00
    p  3.560E-02 5.800E+03  7.878E-05  2.333E+05  0.000E+00  0.000E+00  0.000E+00  0.000E+00  0.000E+00
    p  3.700E-02 5.700E+03  8.071E-05  2.333E+05  0.000E+00  0.000E+00  0.000E+00  0.000E+00  0.000E+00
    p  3.845E-02 5.601E+03  8.270E-05  2.333E+05  0.000E+00  0.000E+00  0.000E+00  0.000E+00  0.000E+00
    p  3.995E-02 5.502E+03  8.474E-05  2.333E+05  0.000E+00  0.000E+00  0.000E+00  0.000E+00  0.000E+00
    p  4.151E-02 5.403E+03  8.686E-05  2.333E+05  0.000E+00  0.000E+00  0.000E+00  0.000E+00  0.000E+00
    p  4.314E-02 5.305E+03  8.904E-05  2.333E+05  0.000E+00  0.000E+00  0.000E+00  0.000E+00  0.000E+00
    p  4.482E-02 5.207E+03  9.129E-05  2.333E+05  0.000E+00  0.000E+00  0.000E+00  0.000E+00  0.000E+00
    p  4.658E-02 5.109E+03  9.361E-05  2.333E+05  0.000E+00  0.000E+00  0.000E+00  0.000E+00  0.000E+00
    p  4.840E-02 5.012E+03  9.601E-05  2.333E+05  0.000E+00  0.000E+00  0.000E+00  0.000E+00  0.000E+00
    p  5.029E-02 4.915E+03  9.849E-05  2.333E+05  0.000E+00  0.000E+00  0.000E+00  0.000E+00  0.000E+00
    p  5.226E-02 4.819E+03  1.011E-04  2.333E+05  0.000E+00  0.000E+00  0.000E+00  0.000E+00  0.000E+00
    p  5.431E-02 4.723E+03  1.037E-04  2.333E+05  0.000E+00  0.000E+00  0.000E+00  0.000E+00  0.000E+00
    p  5.643E-02 4.628E+03  1.065E-04  2.333E+05  0.000E+00  0.000E+00  0.000E+00  0.000E+00  0.000E+00
    p  5.864E-02 4.534E+03  1.093E-04  2.333E+05  0.000E+00  0.000E+00  0.000E+00  0.000E+00  0.000E+00
    p  6.093E-02 4.440E+03  1.123E-04  2.333E+05  0.000E+00  0.000E+00  0.000E+00  0.000E+00  0.000E+00
    p  6.332E-02 4.347E+03  1.153E-04  2.333E+05  0.000E+00  0.000E+00  0.000E+00  0.000E+00  0.000E+00
    p  6.580E-02 4.255E+03  1.185E-04  2.333E+05  0.000E+00  0.000E+00  0.000E+00  0.000E+00  0.000E+00
    p  6.837E-02 4.163E+03  1.218E-04  2.333E+05  0.000E+00  0.000E+00  0.000E+00  0.000E+00  0.000E+00
    p  7.104E-02 4.072E+03  1.252E-04  2.333E+05  0.000E+00  0.000E+00  0.000E+00  0.000E+00  0.000E+00
    p  7.383E-02 3.982E+03  1.287E-04  2.333E+05  0.000E+00  0.000E+00  0.000E+00  0.000E+00  0.000E+00
    p  7.671E-02 3.893E+03  1.324E-04  2.333E+05  0.000E+00  0.000E+00  0.000E+00  0.000E+00  0.000E+00
    p  7.971E-02 3.804E+03  1.363E-04  2.333E+05  0.000E+00  0.000E+00  0.000E+00  0.000E+00  0.000E+00
    p  8.283E-02 3.717E+03  1.403E-04  2.333E+05  0.000E+00  0.000E+00  0.000E+00  0.000E+00  0.000E+00
    p  8.607E-02 3.630E+03  1.444E-04  2.333E+05  0.000E+00  0.000E+00  0.000E+00  0.000E+00  0.000E+00
    p  8.944E-02 3.544E+03  1.487E-04  2.333E+05  0.000E+00  0.000E+00  0.000E+00  0.000E+00  0.000E+00
    p  9.294E-02 3.460E+03  1.532E-04  2.333E+05  0.000E+00  0.000E+00  0.000E+00  0.000E+00  0.000E+00
    p  9.658E-02 3.376E+03  1.579E-04  2.333E+05  0.000E+00  0.000E+00  0.000E+00  0.000E+00  0.000E+00
    p  1.004E-01 3.293E+03  1.629E-04  2.333E+05  0.000E+00  0.000E+00  0.000E+00  0.000E+00  0.000E+00
    p  1.043E-01 3.212E+03  1.680E-04  2.333E+05  0.000E+00  0.000E+00  0.000E+00  0.000E+00  0.000E+00
    p  1.084E-01 3.131E+03  1.733E-04  2.333E+05  0.000E+00  0.000E+00  0.000E+00  0.000E+00  0.000E+00
    p  1.126E-01 3.052E+03  1.789E-04  2.333E+05  0.000E+00  0.000E+00  0.000E+00  0.000E+00  0.000E+00
    p  1.170E-01 2.973E+03  1.847E-04  2.333E+05  0.000E+00  0.000E+00  0.000E+00  0.000E+00  0.000E+00
    p  1.216E-01 2.896E+03  1.908E-04  2.333E+05  0.000E+00  0.000E+00  0.000E+00  0.000E+00  0.000E+00
    p  1.263E-01 2.820E+03  1.972E-04  2.333E+05  0.000E+00  0.000E+00  0.000E+00  0.000E+00  0.000E+00
    p  1.313E-01 2.745E+03  2.039E-04  2.333E+05  0.000E+00  0.000E+00  0.000E+00  0.000E+00  0.000E+00
    p  1.364E-01 2.672E+03  2.109E-04  2.333E+05  0.000E+00  0.000E+00  0.000E+00  0.000E+00  0.000E+00
    p  1.418E-01 2.599E+03  2.182E-04  2.333E+05  0.000E+00  0.000E+00  0.000E+00  0.000E+00  0.000E+00
    p  1.473E-01 2.528E+03  2.259E-04  2.333E+05  0.000E+00  0.000E+00  0.000E+00  0.000E+00  0.000E+00
    p  1.531E-01 2.458E+03  2.340E-04  2.333E+05  0.000E+00  0.000E+00  0.000E+00  0.000E+00  0.000E+00
    p  1.591E-01 2.389E+03  2.425E-04  2.333E+05  0.000E+00  0.000E+00  0.000E+00  0.000E+00  0.000E+00
    p  1.653E-01 2.321E+03  2.514E-04  2.333E+05  9.287E-02  2.167E-05  5.797E-02  1.256E-06  4.730E-04
    p  1.718E-01 2.255E+03  2.607E-04  2.333E+05  8.355E-01  1.950E-04  5.216E-01  1.017E-04  4.255E-03
    p  1.785E-01 2.190E+03  2.705E-04  2.333E+05  2.009E+00  4.689E-04  1.254E+00  5.881E-04  1.023E-02
    p  1.855E-01 2.126E+03  2.808E-04  2.333E+05  3.690E+00  8.610E-04  2.303E+00  1.983E-03  1.879E-02
    p  1.927E-01 2.064E+03  2.917E-04  2.333E+05  5.987E+00  1.397E-03  3.737E+00  5.220E-03  3.049E-02
    p  2.003E-01 2.002E+03  3.031E-04  2.333E+05  8.936E+00  2.085E-03  5.578E+00  1.163E-02  4.551E-02
    p  2.081E-01 1.942E+03  3.152E-04  2.333E+05  1.253E+01  2.924E-03  7.823E+00  2.287E-02  6.382E-02
    p  2.163E-01 1.884E+03  3.279E-04  2.333E+05  1.670E+01  3.897E-03  1.042E+01  4.063E-02  8.506E-02
    p  2.247E-01 1.826E+03  3.412E-04  2.333E+05  2.136E+01  4.985E-03  1.333E+01  6.647E-02  1.088E-01
    p  2.335E-01 1.770E+03  3.553E-04  2.333E+05  2.643E+01  6.167E-03  1.650E+01  1.018E-01  1.346E-01
    p  2.427E-01 1.715E+03  3.702E-04  2.333E+05  3.184E+01  7.430E-03  1.988E+01  1.477E-01  1.622E-01
    p  2.521E-01 1.662E+03  3.859E-04  2.333E+05  3.752E+01  8.756E-03  2.342E+01  2.051E-01  1.911E-01
    p  2.620E-01 1.609E+03  4.025E-04  2.333E+05  4.341E+01  1.013E-02  2.710E+01  2.745E-01  2.211E-01
    p  2.723E-01 1.558E+03  4.200E-04  2.333E+05  4.944E+01  1.154E-02  3.086E+01  3.561E-01  2.518E-01
    p  2.829E-01 1.508E+03  4.385E-04  2.333E+05  5.557E+01  1.297E-02  3.469E+01  4.498E-01  2.830E-01
    p  2.940E-01 1.460E+03  4.580E-04  2.333E+05  6.174E+01  1.441E-02  3.854E+01  5.551E-01  3.144E-01
    p  3.055E-01 1.412E+03  4.787E-04  2.333E+05  6.786E+01  1.583E-02  4.236E+01  6.708E-01  3.456E-01
    p  3.175E-01 1.366E+03  5.006E-04  2.333E+05  7.388E+01  1.724E-02  4.612E+01  7.951E-01  3.763E-01
    p  3.299E-01 1.321E+03  5.238E-04  2.333E+05  7.972E+01  1.860E-02  4.977E+01  9.258E-01  4.060E-01
    p  3.428E-01 1.277E+03  5.483E-04  2.333E+05  8.528E+01  1.990E-02  5.323E+01  1.059E+00  4.343E-01
    p  3.562E-01 1.235E+03  5.743E-04  2.333E+05  9.042E+01  2.110E-02  5.644E+01  1.191E+00  4.605E-01
    p  3.702E-01 1.193E+03  6.019E-04  2.333E+05  9.502E+01  2.217E-02  5.931E+01  1.315E+00  4.839E-01
    p  3.847E-01 1.153E+03  6.311E-04  2.333E+05  9.890E+01  2.308E-02  6.173E+01  1.425E+00  5.037E-01
    p  3.997E-01 1.114E+03  6.621E-04  2.333E+05  1.018E+02  2.376E-02  6.357E+01  1.511E+00  5.187E-01
    p  4.154E-01 1.076E+03  6.950E-04  2.333E+05  1.036E+02  2.417E-02  6.467E+01  1.563E+00  5.276E-01
    p  4.316E-01 1.039E+03  7.299E-04  2.333E+05  1.039E+02  2.424E-02  6.484E+01  1.572E+00  5.290E-01
    p  4.485E-01 1.003E+03  7.670E-04  2.333E+05  1.023E+02  2.388E-02  6.388E+01  1.526E+00  5.212E-01
    p  4.661E-01 9.684E+02  8.063E-04  2.333E+05  9.930E+01  2.317E-02  6.199E+01  1.436E+00  5.057E-01
    p  4.844E-01 9.347E+02  8.482E-04  2.333E+05  9.556E+01  2.230E-02  5.965E+01  1.330E+00  4.867E-01
    p  5.033E-01 9.020E+02  8.926E-04  2.333E+05  9.170E+01  2.140E-02  5.724E+01  1.225E+00  4.670E-01
    p  5.230E-01 8.702E+02  9.399E-04  2.333E+05  8.794E+01  2.052E-02  5.489E+01  1.126E+00  4.479E-01
    p  5.435E-01 8.395E+02  9.901E-04  2.333E+05  8.436E+01  1.968E-02  5.266E+01  1.036E+00  4.296E-01
    p  5.648E-01 8.098E+02  1.044E-03  2.333E+05  8.098E+01  1.890E-02  5.055E+01  9.551E-01  4.124E-01
    p  5.869E-01 7.810E+02  1.100E-03  2.333E+05  7.779E+01  1.815E-02  4.856E+01  8.815E-01  3.962E-01
    p  6.099E-01 7.530E+02  1.161E-03  2.333E+05  7.479E+01  1.745E-02  4.669E+01  8.148E-01  3.809E-01
    p  6.338E-01 7.261E+02  1.225E-03  2.333E+05  7.196E+01  1.679E-02  4.492E+01  7.542E-01  3.665E-01
    p  6.586E-01 6.999E+02  1.294E-03  2.333E+05  6.928E+01  1.617E-02  4.325E+01  6.992E-01  3.529E-01
    p  6.844E-01 6.747E+02  1.367E-03  2.333E+05  6.675E+01  1.557E-02  4.166E+01  6.489E-01  3.399E-01
    p  7.112E-01 6.503E+02  1.445E-03  2.333E+05  6.434E+01  1.501E-02  4.016E+01  6.030E-01  3.277E-01
    p  7.390E-01 6.266E+02  1.528E-03  2.333E+05  6.206E+01  1.448E-02  3.874E+01  5.609E-01  3.161E-01
    p  7.680E-01 6.038E+02  1.617E-03  2.333E+05  5.988E+01  1.397E-02  3.738E+01  5.223E-01  3.050E-01
    p  7.981E-01 5.818E+02  1.711E-03  2.333E+05  5.781E+01  1.349E-02  3.609E+01  4.868E-01  2.944E-01
    p  8.293E-01 5.605E+02  1.812E-03  2.333E+05  5.583E+01  1.303E-02  3.485E+01  4.541E-01  2.844E-01
    p  8.618E-01 5.400E+02  1.919E-03  2.333E+05  5.394E+01  1.259E-02  3.367E+01  4.238E-01  2.747E-01
    p  8.956E-01 5.201E+02  2.034E-03  2.333E+05  5.213E+01  1.216E-02  3.254E+01  3.959E-01  2.655E-01
    p  9.307E-01 5.010E+02  2.156E-03  2.333E+05  5.040E+01  1.176E-02  3.146E+01  3.700E-01  2.567E-01
    p  9.671E-01 4.825E+02  2.286E-03  2.333E+05  4.874E+01  1.137E-02  3.042E+01  3.460E-01  2.482E-01
    p  1.005E+00 4.647E+02  2.426E-03  2.333E+05  4.714E+01  1.100E-02  2.943E+01  3.237E-01  2.401E-01
    p  1.044E+00 4.475E+02  2.574E-03  2.333E+05  4.561E+01  1.064E-02  2.847E+01  3.030E-01  2.323E-01
    p  1.085E+00 4.308E+02  2.733E-03  2.333E+05  4.414E+01  1.030E-02  2.755E+01  2.837E-01  2.248E-01
    p  1.128E+00 4.149E+02  2.903E-03  2.333E+05  4.272E+01  9.968E-03  2.667E+01  2.658E-01  2.176E-01
    p  1.172E+00 3.994E+02  3.084E-03  2.333E+05  4.135E+01  9.650E-03  2.581E+01  2.491E-01  2.106E-01
    p  1.218E+00 3.846E+02  3.278E-03  2.333E+05  4.004E+01  9.343E-03  2.499E+01  2.335E-01  2.039E-01
    p  1.266E+00 3.702E+02  3.485E-03  2.333E+05  3.877E+01  9.047E-03  2.420E+01  2.190E-01  1.975E-01
    p  1.315E+00 3.564E+02  3.706E-03  2.333E+05  3.755E+01  8.762E-03  2.344E+01  2.054E-01  1.912E-01
    p  1.367E+00 3.431E+02  3.943E-03  2.333E+05  3.637E+01  8.487E-03  2.270E+01  1.927E-01  1.852E-01
    p  1.421E+00 3.303E+02  4.195E-03  2.333E+05  3.523E+01  8.221E-03  2.199E+01  1.808E-01  1.794E-01
    p  1.476E+00 3.179E+02  4.466E-03  2.333E+05  3.413E+01  7.964E-03  2.131E+01  1.697E-01  1.738E-01
    p  1.534E+00 3.060E+02  4.755E-03  2.333E+05  3.307E+01  7.716E-03  2.064E+01  1.593E-01  1.684E-01
    p  1.594E+00 2.946E+02  5.064E-03  2.333E+05  3.204E+01  7.476E-03  2.000E+01  1.495E-01  1.632E-01
    p  1.657E+00 2.836E+02  5.394E-03  2.333E+05  3.105E+01  7.245E-03  1.938E+01  1.404E-01  1.581E-01
    p  1.722E+00 2.729E+02  5.748E-03  2.333E+05  3.009E+01  7.020E-03  1.878E+01  1.319E-01  1.532E-01
    p  1.790E+00 2.627E+02  6.127E-03  2.333E+05  2.916E+01  6.803E-03  1.820E+01  1.238E-01  1.485E-01
    p  1.860E+00 2.528E+02  6.532E-03  2.333E+05  2.826E+01  6.594E-03  1.764E+01  1.163E-01  1.439E-01
    p  1.933E+00 2.433E+02  6.965E-03  2.333E+05  2.739E+01  6.390E-03  1.710E+01  1.092E-01  1.395E-01
    p  2.009E+00 2.342E+02  7.429E-03  2.333E+05  2.654E+01  6.194E-03  1.657E+01  1.026E-01  1.352E-01
    p  2.087E+00 2.254E+02  7.926E-03  2.333E+05  2.573E+01  6.003E-03  1.606E+01  9.641E-02  1.310E-01
    p  2.169E+00 2.169E+02  8.457E-03  2.333E+05  2.494E+01  5.819E-03  1.557E+01  9.058E-02  1.270E-01
    p  2.255E+00 2.088E+02  9.026E-03  2.333E+05  2.417E+01  5.640E-03  1.509E+01  8.511E-02  1.231E-01
    p  2.343E+00 2.009E+02  9.636E-03  2.333E+05  2.343E+01  5.467E-03  1.463E+01  7.996E-02  1.193E-01
    p  2.435E+00 1.934E+02  1.029E-02  2.333E+05  2.271E+01  5.299E-03  1.418E+01  7.513E-02  1.157E-01
    p  2.531E+00 1.861E+02  1.099E-02  2.333E+05  2.201E+01  5.137E-03  1.374E+01  7.059E-02  1.121E-01
    p  2.630E+00 1.791E+02  1.173E-02  2.333E+05  2.134E+01  4.979E-03  1.332E+01  6.633E-02  1.087E-01
    p  2.733E+00 1.723E+02  1.254E-02  2.333E+05  2.069E+01  4.827E-03  1.291E+01  6.232E-02  1.053E-01
    p  2.841E+00 1.659E+02  1.339E-02  2.333E+05  2.005E+01  4.679E-03  1.252E+01  5.856E-02  1.021E-01
    p  2.953E+00 1.596E+02  1.431E-02  2.333E+05  1.944E+01  4.535E-03  1.213E+01  5.502E-02  9.899E-02
    p  3.069E+00 1.536E+02  1.529E-02  2.333E+05  1.884E+01  4.396E-03  1.176E+01  5.170E-02  9.595E-02
    p  3.189E+00 1.478E+02  1.635E-02  2.333E+05  1.826E+01  4.261E-03  1.140E+01  4.857E-02  9.300E-02
    p  3.315E+00 1.423E+02  1.748E-02  2.333E+05  1.770E+01  4.130E-03  1.105E+01  4.564E-02  9.015E-02
    p  3.445E+00 1.369E+02  1.869E-02  2.333E+05  1.716E+01  4.003E-03  1.071E+01  4.287E-02  8.738E-02
    p  3.581E+00 1.318E+02  1.999E-02  2.333E+05  1.663E+01  3.880E-03  1.038E+01  4.028E-02  8.470E-02
    p  3.722E+00 1.268E+02  2.137E-02  2.333E+05  1.612E+01  3.762E-03  1.006E+01  3.786E-02  8.211E-02
    p  3.868E+00 1.220E+02  2.287E-02  2.333E+05  1.562E+01  3.645E-03  9.752E+00  3.555E-02  7.956E-02
    p  4.021E+00 1.174E+02  2.447E-02  2.333E+05  1.514E+01  3.533E-03  9.452E+00  3.339E-02  7.712E-02
    p  4.179E+00 1.130E+02  2.618E-02  2.333E+05  1.468E+01  3.424E-03  9.161E+00  3.137E-02  7.474E-02
    p  4.344E+00 1.088E+02  2.802E-02  2.333E+05  1.422E+01  3.319E-03  8.878E+00  2.946E-02  7.244E-02
    p  4.515E+00 1.047E+02  2.999E-02  2.333E+05  1.378E+01  3.216E-03  8.604E+00  2.768E-02  7.020E-02
    p  4.693E+00 1.007E+02  3.211E-02  2.333E+05  1.336E+01  3.117E-03  8.339E+00  2.599E-02  6.803E-02
    p  4.878E+00 9.693E+01  3.437E-02  2.333E+05  1.295E+01  3.021E-03  8.081E+00  2.441E-02  6.593E-02
    p  5.070E+00 9.328E+01  3.680E-02  2.333E+05  1.255E+01  2.927E-03  7.831E+00  2.293E-02  6.389E-02
    p  5.270E+00 8.977E+01  3.941E-02  2.333E+05  1.216E+01  2.837E-03  7.589E+00  2.153E-02  6.192E-02
    p  5.478E+00 8.639E+01  4.221E-02  2.333E+05  1.178E+01  2.749E-03  7.354E+00  2.021E-02  6.000E-02
    p  5.694E+00 8.314E+01  4.521E-02  2.333E+05  1.142E+01  2.664E-03  7.126E+00  1.898E-02  5.814E-02
    p  5.919E+00 8.000E+01  4.843E-02  2.333E+05  1.106E+01  2.581E-03  6.905E+00  1.782E-02  5.634E-02
    p  6.153E+00 7.699E+01  5.189E-02  2.333E+05  1.072E+01  2.501E-03  6.690E+00  1.673E-02  5.459E-02
    p  6.396E+00 7.409E+01  5.559E-02  2.333E+05  1.038E+01  2.423E-03  6.482E+00  1.571E-02  5.289E-02
    p  6.649E+00 7.130E+01  5.957E-02  2.333E+05  1.006E+01  2.348E-03  6.281E+00  1.475E-02  5.124E-02
    p  6.912E+00 6.862E+01  6.384E-02  2.333E+05  9.749E+00  2.275E-03  6.085E+00  1.384E-02  4.965E-02
    p  7.186E+00 6.604E+01  6.842E-02  2.333E+05  9.445E+00  2.204E-03  5.896E+00  1.299E-02  4.810E-02
    p  7.471E+00 6.355E+01  7.334E-02  2.333E+05  9.150E+00  2.135E-03  5.712E+00  1.219E-02  4.660E-02
    p  7.766E+00 6.116E+01  7.862E-02  2.333E+05  8.865E+00  2.068E-03  5.533E+00  1.145E-02  4.515E-02
    p  8.074E+00 5.885E+01  8.428E-02  2.333E+05  8.588E+00  2.004E-03  5.361E+00  1.074E-02  4.374E-02
    p  8.394E+00 5.664E+01  9.036E-02  2.333E+05  8.319E+00  1.941E-03  5.193E+00  1.008E-02  4.237E-02
    p  8.727E+00 5.451E+01  9.689E-02  2.333E+05  8.059E+00  1.880E-03  5.030E+00  9.459E-03  4.104E-02
    p  9.074E+00 5.245E+01  1.039E-01  2.333E+05  7.806E+00  1.821E-03  4.873E+00  8.875E-03  3.976E-02
    p  9.434E+00 5.048E+01  1.114E-01  2.333E+05  7.561E+00  1.764E-03  4.720E+00  8.328E-03  3.851E-02
    p  9.809E+00 4.858E+01  1.195E-01  2.333E+05  7.324E+00  1.709E-03  4.572E+00  7.813E-03  3.730E-02
    p  1.020E+01 4.675E+01  1.282E-01  2.333E+05  7.094E+00  1.655E-03  4.428E+00  7.330E-03  3.613E-02
    p  1.061E+01 4.499E+01  1.375E-01  2.333E+05  6.871E+00  1.603E-03  4.289E+00  6.877E-03  3.499E-02
    p  1.103E+01 4.330E+01  1.475E-01  2.333E+05  6.655E+00  1.553E-03  4.154E+00  6.451E-03  3.389E-02
    p  1.147E+01 4.166E+01  1.583E-01  2.333E+05  6.445E+00  1.504E-03  4.023E+00  6.051E-03  3.283E-02
    p  1.192E+01 4.010E+01  1.699E-01  2.333E+05  6.242E+00  1.457E-03  3.897E+00  5.676E-03  3.179E-02
    p  1.240E+01 3.859E+01  1.823E-01  2.333E+05  6.045E+00  1.411E-03  3.774E+00  5.323E-03  3.079E-02
    p  1.289E+01 3.713E+01  1.956E-01  2.333E+05  5.855E+00  1.366E-03  3.655E+00  4.993E-03  2.982E-02
    p  1.341E+01 3.573E+01  2.100E-01  2.333E+05  5.670E+00  1.323E-03  3.539E+00  4.682E-03  2.887E-02
    p  1.395E+01 3.439E+01  2.254E-01  2.333E+05  5.491E+00  1.281E-03  3.427E+00  4.391E-03  2.796E-02
    p  1.451E+01 3.309E+01  2.420E-01  2.333E+05  5.317E+00  1.241E-03  3.319E+00  4.117E-03  2.708E-02
    p  1.509E+01 3.185E+01  2.598E-01  2.333E+05  5.149E+00  1.201E-03  3.214E+00  3.861E-03  2.622E-02
    p  1.569E+01 3.065E+01  2.790E-01  2.333E+05  4.986E+00  1.163E-03  3.112E+00  3.620E-03  2.539E-02
    p  1.632E+01 2.949E+01  2.995E-01  2.333E+05  4.828E+00  1.126E-03  3.013E+00  3.395E-03  2.459E-02
    p  1.698E+01 2.838E+01  3.217E-01  2.333E+05  4.674E+00  1.091E-03  2.918E+00  3.182E-03  2.381E-02
    p  1.766E+01 2.731E+01  3.455E-01  2.333E+05  4.526E+00  1.056E-03  2.825E+00  2.984E-03  2.305E-02
    p  1.837E+01 2.629E+01  3.711E-01  2.333E+05  4.382E+00  1.023E-03  2.736E+00  2.797E-03  2.232E-02
    p  1.911E+01 2.530E+01  3.987E-01  2.333E+05  4.243E+00  9.901E-04  2.649E+00  2.622E-03  2.161E-02
    p  1.989E+01 2.434E+01  4.283E-01  2.333E+05  4.108E+00  9.586E-04  2.564E+00  2.458E-03  2.092E-02
    p  2.069E+01 2.343E+01  4.602E-01  2.333E+05  3.978E+00  9.281E-04  2.483E+00  2.304E-03  2.026E-02
    p  2.153E+01 2.254E+01  4.945E-01  2.333E+05  3.851E+00  8.986E-04  2.404E+00  2.160E-03  1.961E-02
    p  2.240E+01 2.170E+01  5.314E-01  2.333E+05  3.728E+00  8.699E-04  2.327E+00  2.025E-03  1.899E-02
    p  2.331E+01 2.088E+01  5.712E-01  2.333E+05  3.609E+00  8.422E-04  2.253E+00  1.898E-03  1.838E-02
    p  2.426E+01 2.009E+01  6.139E-01  2.333E+05  3.494E+00  8.154E-04  2.181E+00  1.779E-03  1.780E-02
    p  2.525E+01 1.934E+01  6.600E-01  2.333E+05  3.383E+00  7.894E-04  2.112E+00  1.667E-03  1.723E-02
    p  2.628E+01 1.861E+01  7.096E-01  2.333E+05  3.275E+00  7.642E-04  2.044E+00  1.562E-03  1.668E-02
    p  2.735E+01 1.791E+01  7.630E-01  2.333E+05  3.170E+00  7.398E-04  1.979E+00  1.464E-03  1.615E-02
    p  2.847E+01 1.723E+01  8.205E-01  2.333E+05  3.069E+00  7.162E-04  1.916E+00  1.372E-03  1.563E-02
    p  2.964E+01 1.658E+01  8.825E-01  2.333E+05  2.971E+00  6.933E-04  1.855E+00  1.286E-03  1.513E-02
    p  3.086E+01 1.596E+01  9.493E-01  2.333E+05  2.876E+00  6.711E-04  1.795E+00  1.205E-03  1.465E-02
    p  3.213E+01 1.536E+01  1.021E+00  2.333E+05  2.784E+00  6.496E-04  1.738E+00  1.129E-03  1.418E-02
    p  3.345E+01 1.478E+01  1.099E+00  2.333E+05  2.695E+00  6.289E-04  1.682E+00  1.058E-03  1.373E-02
    p  3.483E+01 1.422E+01  1.182E+00  2.333E+05  2.609E+00  6.087E-04  1.628E+00  9.913E-04  1.329E-02
    p  3.628E+01 1.369E+01  1.272E+00  2.333E+05  2.525E+00  5.893E-04  1.576E+00  9.289E-04  1.286E-02
    p  3.778E+01 1.317E+01  1.370E+00  2.333E+05  2.444E+00  5.704E-04  1.526E+00  8.704E-04  1.245E-02
    p  3.936E+01 1.268E+01  1.474E+00  2.333E+05  2.366E+00  5.521E-04  1.477E+00  8.155E-04  1.205E-02
    p  4.100E+01 1.220E+01  1.587E+00  2.333E+05  2.290E+00  5.344E-04  1.430E+00  7.641E-04  1.166E-02
    p  4.272E+01 1.174E+01  1.709E+00  2.333E+05  2.217E+00  5.173E-04  1.384E+00  7.159E-04  1.129E-02
    p  4.451E+01 1.130E+01  1.841E+00  2.333E+05  2.146E+00  5.007E-04  1.340E+00  6.708E-04  1.093E-02
    p  4.638E+01 1.087E+01  1.983E+00  2.333E+05  2.077E+00  4.847E-04  1.297E+00  6.285E-04  1.058E-02
    p  4.834E+01 1.046E+01  2.137E+00  2.333E+05  2.011E+00  4.691E-04  1.255E+00  5.888E-04  1.024E-02
    p  5.039E+01 1.007E+01  2.303E+00  2.333E+05  1.946E+00  4.541E-04  1.215E+00  5.517E-04  9.912E-03
    p  5.253E+01 9.688E+00  2.482E+00  2.333E+05  1.884E+00  4.395E-04  1.176E+00  5.168E-04  9.594E-03
    p  5.477E+01 9.323E+00  2.676E+00  2.333E+05  1.823E+00  4.255E-04  1.138E+00  4.842E-04  9.286E-03
    p  5.711E+01 8.972E+00  2.885E+00  2.333E+05  1.765E+00  4.118E-04  1.102E+00  4.537E-04  8.988E-03
    p  5.956E+01 8.634E+00  3.111E+00  2.333E+05  1.708E+00  3.986E-04  1.066E+00  4.250E-04  8.700E-03
    p  6.213E+01 8.309E+00  3.356E+00  2.333E+05  1.653E+00  3.858E-04  1.032E+00  3.982E-04  8.421E-03
    p  6.482E+01 7.996E+00  3.621E+00  2.333E+05  1.600E+00  3.734E-04  9.990E-01  3.731E-04  8.151E-03
    p  6.764E+01 7.694E+00  3.908E+00  2.333E+05  1.549E+00  3.615E-04  9.670E-01  3.495E-04  7.890E-03
    p  7.060E+01 7.404E+00  4.219E+00  2.333E+05  1.499E+00  3.499E-04  9.360E-01  3.275E-04  7.637E-03
    p  7.369E+01 7.125E+00  4.555E+00  2.333E+05  1.451E+00  3.387E-04  9.060E-01  3.068E-04  7.392E-03
    p  7.694E+01 6.857E+00  4.920E+00  2.333E+05  1.405E+00  3.278E-04  8.769E-01  2.875E-04  7.155E-03
    p  8.036E+01 6.599E+00  5.315E+00  2.333E+05  1.360E+00  3.173E-04  8.488E-01  2.693E-04  6.926E-03
    p  8.394E+01 6.350E+00  5.744E+00  2.333E+05  1.316E+00  3.071E-04  8.216E-01  2.524E-04  6.704E-03
    p  8.770E+01 6.111E+00  6.210E+00  2.333E+05  1.274E+00  2.973E-04  7.953E-01  2.364E-04  6.489E-03
    p  9.165E+01 5.880E+00  6.715E+00  2.333E+05  1.233E+00  2.878E-04  7.699E-01  2.215E-04  6.281E-03
    p  9.581E+01 5.659E+00  7.264E+00  2.333E+05  1.194E+00  2.786E-04  7.452E-01  2.076E-04  6.080E-03
    p  1.002E+02 5.446E+00  7.860E+00  2.333E+05  1.156E+00  2.697E-04  7.214E-01  1.945E-04  5.886E-03
    p  1.048E+02 5.240E+00  8.510E+00  2.333E+05  1.119E+00  2.610E-04  6.983E-01  1.823E-04  5.697E-03
    p  1.096E+02 5.043E+00  9.216E+00  2.333E+05  1.083E+00  2.527E-04  6.760E-01  1.708E-04  5.515E-03
    p  1.148E+02 4.853E+00  9.985E+00  2.333E+05  1.048E+00  2.446E-04  6.544E-01  1.601E-04  5.339E-03
    p  1.202E+02 4.670E+00  1.082E+01  2.333E+05  1.015E+00  2.368E-04  6.335E-01  1.500E-04  5.168E-03
    p  1.258E+02 4.494E+00  1.174E+01  2.333E+05  9.824E-01  2.292E-04  6.133E-01  1.406E-04  5.004E-03
    p  1.319E+02 4.324E+00  1.273E+01  2.333E+05  9.511E-01  2.219E-04  5.937E-01  1.318E-04  4.844E-03
    p  1.382E+02 4.161E+00  1.382E+01  2.333E+05  9.208E-01  2.149E-04  5.748E-01  1.235E-04  4.690E-03
    p  1.450E+02 4.004E+00  1.502E+01  2.333E+05  8.915E-01  2.080E-04  5.565E-01  1.158E-04  4.540E-03
    p  1.521E+02 3.853E+00  1.632E+01  2.333E+05  8.631E-01  2.014E-04  5.388E-01  1.085E-04  4.396E-03
    p  1.597E+02 3.708E+00  1.774E+01  2.333E+05  8.357E-01  1.950E-04  5.217E-01  1.017E-04  4.256E-03
    p  1.677E+02 3.568E+00  1.931E+01  2.333E+05  8.091E-01  1.888E-04  5.051E-01  9.536E-05  4.121E-03
    p  1.762E+02 3.434E+00  2.103E+01  2.333E+05  7.835E-01  1.828E-04  4.891E-01  8.941E-05  3.990E-03
    p  1.853E+02 3.304E+00  2.292E+01  2.333E+05  7.587E-01  1.770E-04  4.736E-01  8.384E-05  3.864E-03
    p  1.950E+02 3.179E+00  2.499E+01  2.333E+05  7.347E-01  1.714E-04  4.586E-01  7.862E-05  3.742E-03
    p  2.053E+02 3.060E+00  2.728E+01  2.333E+05  7.115E-01  1.660E-04  4.441E-01  7.373E-05  3.624E-03
    p  2.164E+02 2.944E+00  2.981E+01  2.333E+05  6.891E-01  1.608E-04  4.301E-01  6.916E-05  3.509E-03
    p  2.282E+02 2.833E+00  3.260E+01  2.333E+05  6.674E-01  1.557E-04  4.166E-01  6.488E-05  3.399E-03
    p  2.409E+02 2.726E+00  3.570E+01  2.333E+05  6.464E-01  1.508E-04  4.035E-01  6.086E-05  3.292E-03
    p  2.545E+02 2.623E+00  3.913E+01  2.333E+05  6.262E-01  1.461E-04  3.909E-01  5.711E-05  3.189E-03
    p  2.692E+02 2.524E+00  4.295E+01  2.333E+05  6.066E-01  1.415E-04  3.786E-01  5.359E-05  3.089E-03
    p  2.850E+02 2.429E+00  4.720E+01  2.333E+05  5.877E-01  1.371E-04  3.668E-01  5.030E-05  2.993E-03
    p  3.022E+02 2.337E+00  5.195E+01  2.333E+05  5.694E-01  1.329E-04  3.554E-01  4.722E-05  2.900E-03
    p  3.208E+02 2.249E+00  5.727E+01  2.333E+05  5.517E-01  1.287E-04  3.444E-01  4.434E-05  2.810E-03
    p  3.410E+02 2.164E+00  6.324E+01  2.333E+05  5.347E-01  1.248E-04  3.338E-01  4.164E-05  2.723E-03
    p  3.631E+02 2.082E+00  6.998E+01  2.333E+05  5.182E-01  1.209E-04  3.235E-01  3.912E-05  2.639E-03
    p  3.874E+02 2.004E+00  7.760E+01  2.333E+05  5.024E-01  1.172E-04  3.136E-01  3.676E-05  2.558E-03
    p  4.141E+02 1.928E+00  8.625E+01  2.333E+05  4.870E-01  1.136E-04  3.040E-01  3.455E-05  2.480E-03
    p  4.437E+02 1.855E+00  9.613E+01  2.333E+05  4.722E-01  1.102E-04  2.948E-01  3.248E-05  2.405E-03
    p  4.765E+02 1.785E+00  1.075E+02  2.333E+05  4.580E-01  1.069E-04  2.859E-01  3.055E-05  2.333E-03
    p  5.133E+02 1.718E+00  1.205E+02  2.333E+05  4.443E-01  1.037E-04  2.773E-01  2.875E-05  2.263E-03
    p  5.548E+02 1.653E+00  1.357E+02  2.333E+05  4.311E-01  1.006E-04  2.691E-01  2.707E-05  2.195E-03
    p  6.019E+02 1.590E+00  1.535E+02  2.333E+05  4.184E-01  9.763E-05  2.612E-01  2.550E-05  2.131E-03
    p  6.559E+02 1.530E+00  1.745E+02  2.333E+05  4.062E-01  9.478E-05  2.536E-01  2.403E-05  2.069E-03
    p  7.185E+02 1.472E+00  1.995E+02  2.333E+05  3.945E-01  9.206E-05  2.463E-01  2.267E-05  2.009E-03
    p  7.921E+02 1.416E+00  2.299E+02  2.333E+05  3.833E-01  8.945E-05  2.393E-01  2.140E-05  1.952E-03
    p  8.802E+02 1.363E+00  2.672E+02  2.333E+05  3.727E-01  8.696E-05  2.326E-01  2.023E-05  1.898E-03
    p  9.877E+02 1.311E+00  3.141E+02  2.333E+05  3.626E-01  8.461E-05  2.263E-01  1.915E-05  1.847E-03
    p  1.123E+03 1.262E+00  3.745E+02  2.333E+05  3.531E-01  8.238E-05  2.204E-01  1.816E-05  1.798E-03
    p  1.298E+03 1.214E+00  4.551E+02  2.333E+05  3.442E-01  8.031E-05  2.149E-01  1.726E-05  1.753E-03
    p  1.538E+03 1.168E+00  5.683E+02  2.333E+05  3.361E-01  7.842E-05  2.098E-01  1.645E-05  1.712E-03
    p  1.893E+03 1.123E+00  7.397E+02  2.333E+05  3.290E-01  7.676E-05  2.054E-01  1.576E-05  1.675E-03
    p  2.496E+03 1.081E+00  1.036E+03  2.333E+05  3.234E-01  7.546E-05  2.019E-01  1.523E-05  1.647E-03
    p  3.869E+03 1.040E+00  1.720E+03  2.333E+05  3.208E-01  7.487E-05  2.003E-01  1.499E-05  1.634E-03
  Avg  9.054E+01 2.248E+03  2.558E+01  7.000E+07  1.429E+01  1.000E+00  1.292E+01  3.611E+01  1.054E-01
========================================================================================================
YF=frequency-mean lineal energy, YD=dose-mean lineal energy, ZF=frequency-mean specific energy. Fluence
on plane tangent to nuclear membrane closest to radiation source = 4.8301E+07  particle per cm^2; dose
per unit (incident on dish) fluence (DPUF)=2.5*pi*zf*ndia*ndia=1.4285E+01 nGy-cm^2.

TABLE 1. Percent (%) cluster yields by complexity, as classified using the scheme of Nikjoo et al. (IJRB 71, 
467-483 1997 and and Radiat. Res. 156, 577-583 2001).
===================================================================================================================
    59.133     BD    - one or more Bd (no Sb)
    30.591     SSB   - Sb (no auxilary damage)
     3.837     SSB+  - two Sb on the same strand
     1.467     2SSB  - two or more Sb on opposite strands separated by at least 10 bp
     2.515     DSB   - two Sb on opposite strands with a separation <= 10 bp
     1.224     DSB+  - DSB accompanied by one (or more) additional Sb within 10 bp separation
     1.232     DSB++ - more than one DSB whether within the 10 bp separation or further apart
    13.786     SSBc  - fraction of complex damage (SSB+ and 2SSB) among SSBs
    61.321     SSBcb - fraction of complex damage (SSB+ and 2SSB) among SSBs; base damage included
    40.198     DSBc  - fraction of complex damage (DSB+ and DSB++) among DSBs
    79.599     DSBcb - fraction of complex damage (DSB+ and DSB++) among DSBs; base damage included
===================================================================================================================

TABLE 2. Number of clusters per cell (DNA=1.000 Gbp, AD=1.000 Gy).
===================================================================================================================
Number of --------- DSB ----------   --------- SSB ----------   -------- OTHER ---------   ----- ALL CLUSTERS -----
 lesions    Average        SEM         Average        SEM         Average        SEM         Average        SEM    
===================================================================================================================
   1          ---          ---       8.52184E+01  6.42578E-01   2.55592E+02  1.92023E+00   3.40811E+02  2.56085E+00
   2      3.59991E+00  2.19235E-02   4.53092E+01  2.22166E-01   6.28228E+01  3.06182E-01   1.11732E+02  5.40678E-01
   3      2.89415E+00  1.64013E-02   1.97874E+01  8.02178E-02   1.66008E+01  6.80923E-02   3.92824E+01  1.52167E-01
   4      1.79407E+00  1.82326E-02   8.73831E+00  7.36591E-02   4.87388E+00  4.29238E-02   1.54063E+01  1.28955E-01
   5      1.08508E+00  1.87032E-02   4.20282E+00  6.27107E-02   1.63390E+00  2.57314E-02   6.92180E+00  1.03676E-01
   6      7.05709E-01  1.67053E-02   2.19705E+00  4.77761E-02   6.34066E-01  1.49274E-02   3.53682E+00  7.70220E-02
   7      4.97001E-01  1.49737E-02   1.28157E+00  3.57360E-02   2.75464E-01  8.45220E-03   2.05404E+00  5.71948E-02
   8      3.65267E-01  1.26836E-02   8.01455E-01  2.64668E-02   1.31067E-01  4.87230E-03   1.29779E+00  4.25371E-02
   9      2.77296E-01  1.08020E-02   5.38931E-01  1.99892E-02   6.11463E-02  2.86969E-03   8.77374E-01  3.22569E-02
  10      2.14984E-01  9.37265E-03   3.60380E-01  1.47454E-02   3.31001E-02  1.90940E-03   6.08464E-01  2.46852E-02
  11      1.70332E-01  7.90448E-03   2.45751E-01  1.07557E-02   1.94935E-02  1.31909E-03   4.35577E-01  1.89071E-02
  12      1.37176E-01  6.73899E-03   1.76052E-01  8.41769E-03   1.08297E-02  9.09890E-04   3.24059E-01  1.50599E-02
  13      1.09575E-01  5.88420E-03   1.30123E-01  6.65994E-03   6.10907E-03  6.47699E-04   2.45807E-01  1.22588E-02
  14      8.54160E-02  4.76268E-03   9.45240E-02  5.21210E-03   2.61024E-03  3.93807E-04   1.82550E-01  9.61428E-03
  15      7.00322E-02  4.18671E-03   6.86993E-02  4.11084E-03   1.55504E-03  3.12932E-04   1.40287E-01  7.93862E-03
  16      5.95912E-02  3.71677E-03   5.17605E-02  3.24485E-03   1.11074E-03  2.59745E-04   1.12463E-01  6.60664E-03
  17      4.90947E-02  3.25484E-03   3.46551E-02  2.29578E-03   7.21982E-04  1.99841E-04   8.44718E-02  5.13799E-03
  18      3.42664E-02  2.42130E-03   2.70465E-02  1.89344E-03   1.66611E-04  9.61609E-05   6.14795E-02  3.86941E-03
  19      2.64912E-02  1.97419E-03   1.92158E-02  1.55143E-03   1.66611E-04  9.61609E-05   4.58736E-02  3.13955E-03
  20      2.66578E-02  2.03274E-03   1.55504E-02  1.30962E-03   2.22148E-04  1.11019E-04   4.24303E-02  3.01259E-03
  21      2.01044E-02  1.60445E-03   1.12185E-02  1.06325E-03   2.22148E-04  1.11019E-04   3.15450E-02  2.34646E-03
  22      1.73831E-02  1.49909E-03   7.10874E-03  8.09797E-04   5.55370E-05  5.55370E-05   2.45474E-02  1.95827E-03
  23      1.37176E-02  1.29635E-03   6.44230E-03  7.52475E-04       ---          ---       2.01599E-02  1.71843E-03
  24      1.08853E-02  1.09582E-03   4.49850E-03  5.84725E-04       ---          ---       1.53838E-02  1.39357E-03
  25      9.44130E-03  9.33392E-04   3.49883E-03  5.43325E-04       ---          ---       1.29401E-02  1.22820E-03
  26      6.33122E-03  7.14951E-04   2.83239E-03  4.23514E-04       ---          ---       9.16361E-03  9.29348E-04
  27      5.49817E-03  6.65940E-04   2.27702E-03  4.09839E-04       ---          ---       7.77519E-03  8.45087E-04
  28      4.33189E-03  5.49804E-04   1.66611E-03  3.22456E-04       ---          ---       5.99800E-03  6.89565E-04
  29      4.60957E-03  6.00066E-04   1.05520E-03  2.77063E-04       ---          ---       5.66478E-03  6.90504E-04
  30      3.49883E-03  5.43325E-04   1.16628E-03  2.65538E-04       ---          ---       4.66511E-03  6.37329E-04
  31      2.61024E-03  4.23989E-04   4.99833E-04  1.66389E-04       ---          ---       3.11007E-03  4.74442E-04
  32      1.83272E-03  3.45269E-04   4.99833E-04  1.66389E-04       ---          ---       2.33256E-03  4.13483E-04
  33      1.61057E-03  3.07868E-04   6.10907E-04  1.83888E-04       ---          ---       2.22148E-03  3.66213E-04
  34      1.44396E-03  3.22813E-04   6.66445E-04  1.92033E-04       ---          ---       2.11041E-03  3.90877E-04
  35      1.22181E-03  2.71204E-04   1.66611E-04  9.61609E-05       ---          ---       1.38843E-03  2.87512E-04
  36      9.99667E-04  2.71507E-04   1.11074E-04  7.85281E-05       ---          ---       1.11074E-03  2.82505E-04
  37      7.77519E-04  2.21731E-04   5.55370E-05  5.55370E-05       ---          ---       8.33056E-04  2.28518E-04
  38      6.66445E-04  2.07479E-04   1.11074E-04  7.85281E-05       ---          ---       7.77519E-04  2.21731E-04
  39      6.66445E-04  1.92033E-04   5.55370E-05  5.55370E-05       ---          ---       7.21982E-04  1.99841E-04
  40      7.21982E-04  2.14726E-04       ---          ---           ---          ---       7.21982E-04  2.14726E-04
  41      7.21982E-04  2.14726E-04   5.55370E-05  5.55370E-05       ---          ---       7.77519E-04  2.21731E-04
  42      2.22148E-04  1.11019E-04       ---          ---           ---          ---       2.22148E-04  1.11019E-04
  43      1.66611E-04  9.61609E-05   1.66611E-04  9.61609E-05       ---          ---       3.33222E-04  1.35924E-04
  44      3.88759E-04  1.66488E-04       ---          ---           ---          ---       3.88759E-04  1.66488E-04
  45      2.22148E-04  1.11019E-04   5.55370E-05  5.55370E-05       ---          ---       2.77685E-04  1.24102E-04
  46      1.66611E-04  9.61609E-05       ---          ---           ---          ---       1.66611E-04  9.61609E-05
  47      5.55370E-05  5.55370E-05   5.55370E-05  5.55370E-05       ---          ---       1.11074E-04  7.85281E-05
  48      1.66611E-04  9.61609E-05       ---          ---           ---          ---       1.66611E-04  9.61609E-05
  49          ---          ---           ---          ---           ---          ---           ---          ---
  50      5.55370E-05  5.55370E-05       ---          ---           ---          ---       5.55370E-05  5.55370E-05
 Total    1.23128E+01  1.09119E-01   1.69344E+02  5.76065E-01   3.42702E+02  2.11350E+00   5.24358E+02  2.57227E+00
-------------------------------------------------------------------------------------------------------------------
NOTE: The category "OTHER" includes all classes of individual and clustered DNA lesion, except for SSB and DSB.
SEM = standard error of the mean.

TABLE 3. Number of clusters per cell per track (DNA=1.000 Gbp, ZF=0.07275 Gy).
===================================================================================================================
Number of --------- DSB ----------   --------- SSB ----------   -------- OTHER ---------   ----- ALL CLUSTERS -----
 lesions    Average        SEM         Average        SEM         Average        SEM         Average        SEM    
===================================================================================================================
   1          ---          ---       4.35613E+00  8.45383E-02   1.30894E+01  2.53686E-01   1.74455E+01  3.38000E-01
   2      2.70065E-01  6.45986E-03   3.37769E+00  7.74836E-02   4.68046E+00  1.07084E-01   8.32821E+00  1.90472E-01
   3      3.22366E-01  8.97505E-03   2.15614E+00  5.79344E-02   1.81541E+00  4.88119E-02   4.29392E+00  1.15163E-01
   4      2.82047E-01  8.94685E-03   1.33384E+00  4.06152E-02   7.48850E-01  2.30727E-02   2.36474E+00  7.21070E-02
   5      2.22966E-01  7.89046E-03   8.34063E-01  2.83442E-02   3.25296E-01  1.11963E-02   1.38233E+00  4.69142E-02
   6      1.66845E-01  6.38239E-03   5.19672E-01  1.92318E-02   1.51838E-01  5.83033E-03   8.38355E-01  3.09114E-02
   7      1.27426E-01  5.20036E-03   3.31464E-01  1.31353E-02   7.08350E-02  2.96146E-03   5.29725E-01  2.07460E-02
   8      9.52873E-02  4.08632E-03   2.12877E-01  8.99417E-03   3.44573E-02  1.61673E-03   3.42622E-01  1.42623E-02
   9      7.17317E-02  3.27668E-03   1.40421E-01  6.16186E-03   1.58854E-02  9.10502E-04   2.28038E-01  9.86903E-03
  10      5.26849E-02  2.53754E-03   9.12414E-02  4.21809E-03   8.38606E-03  5.64993E-04   1.52312E-01  6.89013E-03
  11      3.95827E-02  1.96910E-03   5.86657E-02  2.79601E-03   4.70639E-03  3.60965E-04   1.02955E-01  4.78132E-03
  12      3.00458E-02  1.55152E-03   4.01651E-02  2.05937E-03   2.26948E-03  2.42010E-04   7.24804E-02  3.50855E-03
  13      2.19257E-02  1.21688E-03   2.75650E-02  1.46322E-03   1.20929E-03  1.63925E-04   5.07000E-02  2.56965E-03
  14      1.66128E-02  9.66174E-04   1.85656E-02  1.07162E-03   5.33609E-04  1.04009E-04   3.57120E-02  1.89855E-03
  15      1.22835E-02  7.43020E-04   1.20011E-02  7.50148E-04   2.53872E-04  6.77739E-05   2.45386E-02  1.34692E-03
  16      9.83718E-03  6.34711E-04   8.91352E-03  6.07683E-04   1.22997E-04  4.14884E-05   1.88737E-02  1.11734E-03
  17      7.40842E-03  5.16227E-04   5.78486E-03  4.11990E-04   5.95523E-05  3.21525E-05   1.32528E-02  7.94837E-04
  18      4.79242E-03  3.81338E-04   4.65271E-03  3.69401E-04   5.09234E-05  3.16317E-05   9.49605E-03  6.19223E-04
  19      3.74316E-03  3.15738E-04   2.63557E-03  2.45667E-04   3.32060E-05  2.37452E-05   6.41194E-03  4.58140E-04
  20      3.48514E-03  3.01749E-04   1.83661E-03  1.84301E-04   4.34145E-05  2.74595E-05   5.36516E-03  4.05615E-04
  21      2.60978E-03  2.43825E-04   1.32617E-03  1.55147E-04   3.04743E-05  2.70143E-05   3.96642E-03  3.15255E-04
  22      1.93067E-03  1.96026E-04   7.95391E-04  1.17395E-04   1.04373E-06  0.00000E+00   2.72711E-03  2.45956E-04
  23      1.29342E-03  1.46110E-04   6.88894E-04  1.09871E-04       ---          ---       1.98231E-03  1.92821E-04
  24      9.42596E-04  1.17922E-04   4.69637E-04  8.65601E-05       ---          ---       1.41223E-03  1.55796E-04
  25      9.00470E-04  1.19185E-04   2.73608E-04  5.77574E-05       ---          ---       1.17408E-03  1.37669E-04
  26      5.60768E-04  9.13694E-05   2.25512E-04  4.72040E-05       ---          ---       7.86280E-04  1.08217E-04
  27      4.49018E-04  7.74460E-05   1.34415E-04  3.52219E-05       ---          ---       5.83434E-04  8.62265E-05
  28      4.12828E-04  7.56281E-05   1.62994E-04  4.51202E-05       ---          ---       5.75822E-04  8.87884E-05
  29      3.41145E-04  6.66742E-05   9.03674E-05  3.24724E-05       ---          ---       4.31513E-04  7.55697E-05
  30      2.07533E-04  4.47736E-05   6.99982E-05  2.63108E-05       ---          ---       2.77531E-04  5.21521E-05
  31      2.63903E-04  6.60933E-05   2.34010E-05  1.47247E-05       ---          ---       2.87304E-04  6.78735E-05
  32      1.07543E-04  3.65269E-05   1.84743E-05  8.56497E-06       ---          ---       1.26017E-04  3.78423E-05
  33      9.19428E-05  2.59743E-05   4.68718E-05  1.88872E-05       ---          ---       1.38815E-04  3.21598E-05
  34      9.00298E-05  2.84555E-05   5.41655E-05  2.23329E-05       ---          ---       1.44195E-04  3.61310E-05
  35      9.24741E-05  3.44578E-05   4.98639E-06  4.72969E-06       ---          ---       9.74605E-05  3.47765E-05
  36      4.45961E-05  1.54596E-05   1.25152E-05  1.22811E-05       ---          ---       5.71113E-05  1.97345E-05
  37      2.65851E-05  1.36613E-05   9.00610E-06  0.00000E+00       ---          ---       3.55912E-05  1.63579E-05
  38      1.64776E-05  6.50470E-06   2.12850E-05  1.52252E-05       ---          ---       3.77626E-05  1.65495E-05
  39      5.76464E-05  2.52908E-05   2.36327E-07  0.00000E+00       ---          ---       5.78828E-05  2.52918E-05
  40      2.13930E-05  8.35570E-06       ---          ---           ---          ---       2.13930E-05  8.35570E-06
  41      2.00360E-05  9.01356E-06   4.72380E-06  0.00000E+00       ---          ---       2.47598E-05  1.01733E-05
  42      1.10734E-05  7.95911E-06       ---          ---           ---          ---       1.10734E-05  7.95911E-06
  43      4.45721E-06  3.05093E-06   6.74842E-06  3.95403E-06       ---          ---       1.12056E-05  4.99224E-06
  44      1.21812E-05  6.18070E-06       ---          ---           ---          ---       1.21812E-05  6.18070E-06
  45      4.48348E-06  3.05103E-06   2.62669E-08  0.00000E+00       ---          ---       4.50974E-06  3.05113E-06
  46      6.00385E-06  4.84307E-06       ---          ---           ---          ---       6.00385E-06  4.84307E-06
  47      1.06138E-05  0.00000E+00   1.04373E-06  0.00000E+00       ---          ---       1.16575E-05  1.06647E-05
  48      1.63836E-06  1.18856E-06       ---          ---           ---          ---       1.63836E-06  1.18856E-06
  49          ---          ---           ---          ---           ---          ---           ---          ---
  50      5.68369E-07  0.00000E+00       ---          ---           ---          ---       5.68369E-07  0.00000E+00
 Total    1.77167E+00  5.53870E-02   1.35388E+01  3.23870E-01   2.09501E+01  4.39571E-01   3.62606E+01  8.05513E-01
-------------------------------------------------------------------------------------------------------------------

TABLE 4. Cluster Length (in base pair)
===================================================================================================================
Number of --------- DSB ----------   --------- SSB ----------   -------- OTHER ---------   ----- ALL CLUSTERS -----
 lesions    Average        SEM         Average        SEM         Average        SEM         Average        SEM    
===================================================================================================================
   1          ---          ---       1.66667E-01  0.00000E+00   1.66667E-01  0.00000E+00   1.66667E-01  0.00000E+00
   2      8.79967E-01  2.18331E-03   9.08592E-01  9.92872E-04   9.06784E-01  9.46319E-04   9.06631E-01  9.01776E-04
   3      1.54897E+00  3.23935E-03   1.66238E+00  1.96650E-03   1.64884E+00  2.05969E-03   1.64837E+00  1.82663E-03
   4      2.24972E+00  5.59878E-03   2.41888E+00  3.25216E-03   2.39280E+00  3.81904E-03   2.39077E+00  2.98177E-03
   5      2.95596E+00  1.00598E-02   3.17096E+00  5.42089E-03   3.12646E+00  8.18578E-03   3.12662E+00  4.62964E-03
   6      3.67212E+00  1.55006E-02   3.90121E+00  1.04105E-02   3.81067E+00  1.54056E-02   3.86396E+00  8.62117E-03
   7      4.27608E+00  1.96629E-02   4.63821E+00  1.57277E-02   4.39182E+00  2.35553E-02   4.57477E+00  1.43093E-02
   8      4.95465E+00  2.50945E-02   5.25117E+00  2.11748E-02   5.01208E+00  3.19581E-02   5.23344E+00  1.92657E-02
   9      5.49849E+00  2.98966E-02   5.80585E+00  2.64974E-02   5.46229E+00  4.40479E-02   5.77308E+00  2.43788E-02
  10      6.07501E+00  3.31135E-02   6.38384E+00  3.16294E-02   6.13547E+00  6.33186E-02   6.38662E+00  2.93260E-02
  11      6.71304E+00  3.99316E-02   7.02664E+00  3.60058E-02   6.69198E+00  7.95302E-02   6.99799E+00  3.29171E-02
  12      7.26018E+00  4.28529E-02   7.56159E+00  4.07657E-02   7.25035E+00  1.16997E-01   7.51789E+00  3.56047E-02
  13      7.85422E+00  5.10640E-02   8.17621E+00  4.90295E-02   7.96267E+00  1.46177E-01   8.13811E+00  4.32347E-02
  14      8.42400E+00  5.56773E-02   8.82664E+00  5.62438E-02   8.67037E+00  2.37215E-01   8.73987E+00  4.67918E-02
  15      8.96858E+00  6.10080E-02   9.23826E+00  6.10630E-02   9.34936E+00  3.25616E-01   9.17739E+00  5.18398E-02
  16      9.53605E+00  6.47420E-02   9.77625E+00  7.10558E-02   9.42105E+00  3.25035E-01   9.71746E+00  5.53579E-02
  17      1.00430E+01  7.82914E-02   1.04967E+01  8.36989E-02   1.03718E+01  4.46239E-01   1.03623E+01  6.67351E-02
  18      1.06842E+01  8.71299E-02   1.10276E+01  9.03471E-02   1.19444E+01  6.18640E-01   1.09558E+01  7.16136E-02
  19      1.13324E+01  9.56027E-02   1.16156E+01  1.19968E-01   1.15556E+01  1.97750E+00   1.15290E+01  8.47770E-02
  20      1.17172E+01  9.90022E-02   1.23533E+01  1.30363E-01   1.25833E+01  9.82486E-01   1.20731E+01  8.61311E-02
  21      1.24448E+01  1.18581E-01   1.29579E+01  1.59324E-01   1.13750E+01  4.10369E-01   1.27428E+01  1.03794E-01
  22      1.29057E+01  1.21866E-01   1.31746E+01  1.88056E-01   1.43333E+01  0.00000E+00   1.30903E+01  1.08753E-01
  23      1.38004E+01  1.42250E-01   1.38995E+01  1.90923E-01       ---          ---       1.38658E+01  1.20169E-01
  24      1.43079E+01  1.65477E-01   1.47361E+01  2.33019E-01       ---          ---       1.45618E+01  1.39433E-01
  25      1.50590E+01  1.64979E-01   1.52072E+01  2.65767E-01       ---          ---       1.50559E+01  1.47168E-01
  26      1.55606E+01  1.81603E-01   1.53227E+01  3.15600E-01       ---          ---       1.55884E+01  1.64245E-01
  27      1.62735E+01  2.36611E-01   1.60937E+01  4.12563E-01       ---          ---       1.62055E+01  2.10174E-01
  28      1.65478E+01  2.32337E-01   1.71964E+01  3.80585E-01       ---          ---       1.67345E+01  2.03723E-01
  29      1.68901E+01  2.38180E-01   1.85990E+01  5.12642E-01       ---          ---       1.72425E+01  2.35468E-01
  30      1.73940E+01  2.48683E-01   1.80958E+01  4.34583E-01       ---          ---       1.75287E+01  2.28973E-01
  31      1.86199E+01  2.84137E-01   1.71481E+01  6.37949E-01       ---          ---       1.83901E+01  2.77095E-01
  32      1.84982E+01  4.53715E-01   1.85556E+01  5.06135E-01       ---          ---       1.86142E+01  3.97141E-01
  33      1.95268E+01  3.94774E-01   1.91212E+01  9.37731E-01       ---          ---       1.93333E+01  3.83198E-01
  34      1.90871E+01  5.04652E-01   2.13889E+01  6.60748E-01       ---          ---       1.98485E+01  4.48917E-01
  35      2.07579E+01  4.80778E-01   2.16667E+01  2.88675E-01       ---          ---       2.08715E+01  4.25095E-01
  36      2.11389E+01  3.68364E-01   2.37500E+01  1.08333E+00       ---          ---       2.14461E+01  3.97021E-01
  37      2.13333E+01  5.73016E-01   2.41667E+01  0.00000E+00       ---          ---       2.15357E+01  5.67802E-01
  38      2.14773E+01  6.89394E-01   2.43333E+01  2.50000E+00       ---          ---       2.19167E+01  7.09746E-01
  39      2.39444E+01  5.07657E-01   2.38333E+01  0.00000E+00       ---          ---       2.39359E+01  4.67055E-01
  40      2.36875E+01  7.75664E-01       ---          ---           ---          ---       2.36875E+01  7.75664E-01
  41      2.30625E+01  5.72696E-01   2.38333E+01  0.00000E+00       ---          ---       2.31218E+01  5.30130E-01
  42      2.21250E+01  2.07205E+00       ---          ---           ---          ---       2.21250E+01  2.07205E+00
  43      2.72778E+01  1.15604E+00   2.57778E+01  1.21843E+00       ---          ---       2.65278E+01  8.22616E-01
  44      2.58889E+01  1.49485E+00       ---          ---           ---          ---       2.58889E+01  1.49485E+00
  45      2.72083E+01  2.00390E+00   2.45000E+01  0.00000E+00       ---          ---       2.66667E+01  1.64401E+00
  46      3.09444E+01  3.09320E-01       ---          ---           ---          ---       3.09444E+01  3.09320E-01
  47      2.91667E+01  0.00000E+00   2.65000E+01  0.00000E+00       ---          ---       2.78333E+01  1.33333E+00
  48      2.71667E+01  1.00462E+00       ---          ---           ---          ---       2.71667E+01  1.00462E+00
  49          ---          ---           ---          ---           ---          ---           ---          ---
  50      2.48333E+01  0.00000E+00       ---          ---           ---          ---       2.48333E+01  0.00000E+00
Average   2.07653E+00  1.93592E-02   1.02706E+00  1.23096E-02   5.05656E-01  3.89213E-03   7.89706E-01  1.10029E-02
-------------------------------------------------------------------------------------------------------------------

TABLE 5. Density of lesions forming a cluster (in units of lesions per nucleotide).
===================================================================================================================
Number of --------- DSB ----------   --------- SSB ----------   -------- OTHER ---------   ----- ALL CLUSTERS -----
 lesions    Average        SEM         Average        SEM         Average        SEM         Average        SEM    
===================================================================================================================
   1          ---          ---       8.33333E-02  0.00000E+00   8.33333E-02  0.00000E+00   8.33333E-02  0.00000E+00
   2      4.74916E-02  1.87295E-04   4.29262E-02  6.47036E-05   4.32738E-02  6.12272E-05   4.32699E-02  5.74487E-05
   3      3.31640E-02  9.67702E-05   3.05626E-02  5.15821E-05   3.08579E-02  5.45784E-05   3.08798E-02  4.78065E-05
   4      2.85709E-02  9.15596E-05   2.61985E-02  4.73625E-05   2.65594E-02  5.72918E-05   2.65914E-02  4.43432E-05
   5      2.62146E-02  1.05920E-04   2.41204E-02  5.18684E-05   2.45782E-02  7.76693E-05   2.45616E-02  4.58767E-05
   6      2.47848E-02  1.16259E-04   2.31203E-02  7.23241E-05   2.37371E-02  1.06596E-04   2.33853E-02  5.96664E-05
   7      2.44454E-02  1.24632E-04   2.23251E-02  8.22623E-05   2.38160E-02  1.42602E-04   2.26931E-02  7.91685E-05
   8      2.39962E-02  1.37445E-04   2.24138E-02  9.67984E-05   2.35985E-02  1.62417E-04   2.25074E-02  8.98690E-05
   9      2.41473E-02  1.33370E-04   2.27537E-02  1.08069E-04   2.42244E-02  2.13381E-04   2.28906E-02  1.00558E-04
  10      2.40996E-02  1.34968E-04   2.28722E-02  1.16304E-04   2.38652E-02  2.60660E-04   2.28854E-02  1.06667E-04
  11      2.39299E-02  1.46942E-04   2.27591E-02  1.25171E-04   2.38966E-02  3.13621E-04   2.28885E-02  1.10264E-04
  12      2.39876E-02  1.39172E-04   2.29941E-02  1.31366E-04   2.41999E-02  4.67223E-04   2.31504E-02  1.12852E-04
  13      2.39872E-02  1.61295E-04   2.29989E-02  1.42487E-04   2.35322E-02  4.61455E-04   2.31235E-02  1.22230E-04
  14      2.39759E-02  1.56340E-04   2.28604E-02  1.44979E-04   2.31746E-02  6.25238E-04   2.30899E-02  1.22734E-04
  15      2.40675E-02  1.72759E-04   2.33304E-02  1.61534E-04   2.30670E-02  8.61325E-04   2.35209E-02  1.38509E-04
  16      2.40602E-02  1.62083E-04   2.35064E-02  2.01710E-04   2.41752E-02  9.52342E-04   2.36155E-02  1.38602E-04
  17      2.42991E-02  1.90059E-04   2.31555E-02  1.92682E-04   2.33107E-02  1.06956E-03   2.35344E-02  1.52803E-04
  18      2.40514E-02  1.97914E-04   2.32380E-02  1.87043E-04   2.10382E-02  1.04239E-03   2.34426E-02  1.49867E-04
  19      2.39167E-02  2.05520E-04   2.33816E-02  2.62737E-04   2.43589E-02  4.50579E-03   2.35450E-02  1.80099E-04
  20      2.42820E-02  2.10982E-04   2.30795E-02  2.55694E-04   2.24843E-02  1.74926E-03   2.35861E-02  1.73481E-04
  21      2.41131E-02  2.58035E-04   2.30517E-02  2.81893E-04   2.57430E-02  9.44087E-04   2.35080E-02  2.03630E-04
  22      2.42494E-02  2.37267E-04   2.37377E-02  3.38856E-04   2.13178E-02  0.00000E+00   2.39093E-02  2.03490E-04
  23      2.36592E-02  2.49885E-04   2.34331E-02  3.46308E-04       ---          ---       2.35263E-02  2.12734E-04
  24      2.37979E-02  2.87888E-04   2.30655E-02  3.97612E-04       ---          ---       2.33698E-02  2.37023E-04
  25      2.35013E-02  2.71281E-04   2.32538E-02  4.40052E-04       ---          ---       2.34944E-02  2.43481E-04
  26      2.35489E-02  2.76430E-04   2.40628E-02  4.99466E-04       ---          ---       2.35437E-02  2.46858E-04
  27      2.34749E-02  3.50492E-04   2.38975E-02  6.34128E-04       ---          ---       2.36083E-02  3.14212E-04
  28      2.38469E-02  3.47084E-04   2.29141E-02  5.03770E-04       ---          ---       2.35767E-02  2.89375E-04
  29      2.42182E-02  3.37105E-04   2.19617E-02  6.06021E-04       ---          ---       2.37618E-02  3.22345E-04
  30      2.42678E-02  3.64863E-04   2.33325E-02  5.60544E-04       ---          ---       2.40964E-02  3.24149E-04
  31      2.33374E-02  3.36423E-04   2.54039E-02  1.00520E-03       ---          ---       2.36684E-02  3.55337E-04
  32      2.44924E-02  5.90101E-04   2.41017E-02  6.87245E-04       ---          ---       2.42950E-02  5.19792E-04
  33      2.37436E-02  4.92866E-04   2.45306E-02  1.15073E-03       ---          ---       2.40582E-02  4.78111E-04
  34      2.51465E-02  6.74505E-04   2.23122E-02  6.96028E-04       ---          ---       2.42130E-02  5.59521E-04
  35      2.36976E-02  6.05409E-04   2.24439E-02  2.99110E-04       ---          ---       2.35409E-02  5.36024E-04
  36      2.37752E-02  4.15801E-04   2.10965E-02  9.62298E-04       ---          ---       2.34600E-02  4.32252E-04
  37      2.42953E-02  6.43550E-04   2.12644E-02  0.00000E+00       ---          ---       2.40788E-02  6.33924E-04
  38      2.48466E-02  7.68982E-04   2.19209E-02  2.25215E-03       ---          ---       2.43964E-02  7.58187E-04
  39      2.27288E-02  4.60672E-04   2.27273E-02  0.00000E+00       ---          ---       2.27287E-02  4.23757E-04
  40      2.37371E-02  7.55536E-04       ---          ---           ---          ---       2.37371E-02  7.55536E-04
  41      2.48564E-02  5.73323E-04   2.38928E-02  0.00000E+00       ---          ---       2.47823E-02  5.32564E-04
  42      2.71069E-02  2.64958E-03       ---          ---           ---          ---       2.71069E-02  2.64958E-03
  43      2.19727E-02  9.28024E-04   2.32746E-02  1.12763E-03       ---          ---       2.26236E-02  7.15056E-04
  44      2.40061E-02  1.35394E-03       ---          ---           ---          ---       2.40061E-02  1.35394E-03
  45      2.33409E-02  1.67837E-03   2.55102E-02  0.00000E+00       ---          ---       2.37748E-02  1.37054E-03
  46      2.06505E-02  2.08286E-04       ---          ---           ---          ---       2.06505E-02  2.08286E-04
  47      2.23810E-02  0.00000E+00   2.46331E-02  0.00000E+00       ---          ---       2.35070E-02  1.12609E-03
  48      2.46049E-02  8.78875E-04       ---          ---           ---          ---       2.46049E-02  8.78875E-04
  49          ---          ---           ---          ---           ---          ---           ---          ---
  50      2.79642E-02  0.00000E+00       ---          ---           ---          ---       2.79642E-02  0.00000E+00
Average   3.54309E-02  7.95099E-05   5.81031E-02  1.57838E-04   7.02628E-02  9.65753E-05   6.49397E-02  1.50536E-04
-------------------------------------------------------------------------------------------------------------------
NOTE: Lesion density computed as the number of lesions per cluster divided by twice the cluster length.

TABLE 6. Cluster composition (% Sb per cluster)
===================================================================================================================
Number of --------- DSB ----------   --------- SSB ----------   -------- OTHER ---------   ----- ALL CLUSTERS -----
 lesions    Average        SEM         Average        SEM         Average        SEM         Average        SEM    
===================================================================================================================
   1          ---          ---       1.66667E+01  0.00000E+00   0.00000E+00  0.00000E+00   4.16441E+00  3.40289E-03
   2      1.66667E+01  0.00000E+00   8.95104E+00  2.61766E-03   0.00000E+00  0.00000E+00   4.16745E+00  3.50615E-03
   3      1.20424E+01  9.82801E-03   6.50789E+00  3.79212E-03   0.00000E+00  0.00000E+00   4.16510E+00  4.84209E-03
   4      9.76557E+00  1.42210E-02   5.34107E+00  5.80733E-03   0.00000E+00  0.00000E+00   4.16150E+00  7.26091E-03
   5      8.48292E+00  2.30414E-02   4.70126E+00  9.69731E-03   0.00000E+00  0.00000E+00   4.15735E+00  1.19306E-02
   6      7.63300E+00  3.21287E-02   4.25071E+00  1.77114E-02   0.00000E+00  0.00000E+00   4.13963E+00  2.15429E-02
   7      7.05158E+00  3.52211E-02   3.98472E+00  2.56828E-02   0.00000E+00  0.00000E+00   4.18021E+00  3.37380E-02
   8      6.59556E+00  3.91135E-02   3.77497E+00  2.98498E-02   0.00000E+00  0.00000E+00   4.12083E+00  3.93381E-02
   9      6.25125E+00  3.90067E-02   3.55808E+00  3.04297E-02   0.00000E+00  0.00000E+00   4.07930E+00  4.11815E-02
  10      6.04523E+00  4.37746E-02   3.52149E+00  3.48517E-02   0.00000E+00  0.00000E+00   4.15793E+00  4.46198E-02
  11      5.94504E+00  4.86304E-02   3.42080E+00  3.82020E-02   0.00000E+00  0.00000E+00   4.23713E+00  4.74538E-02
  12      5.63454E+00  4.89099E-02   3.34127E+00  3.88510E-02   0.00000E+00  0.00000E+00   4.24383E+00  4.59659E-02
  13      5.33691E+00  5.01181E-02   3.28848E+00  4.43695E-02   0.00000E+00  0.00000E+00   4.11269E+00  4.95750E-02
  14      5.38313E+00  5.60454E-02   3.34987E+00  4.59749E-02   0.00000E+00  0.00000E+00   4.26105E+00  5.46544E-02
  15      5.22469E+00  5.58965E-02   3.15568E+00  5.19566E-02   0.00000E+00  0.00000E+00   4.16907E+00  5.27611E-02
  16      5.02610E+00  5.19624E-02   3.13047E+00  5.53598E-02   0.00000E+00  0.00000E+00   4.12234E+00  5.16915E-02
  17      5.00497E+00  6.41943E-02   3.03549E+00  6.27996E-02   0.00000E+00  0.00000E+00   4.14731E+00  5.97209E-02
  18      4.84242E+00  7.47908E-02   3.11884E+00  6.93482E-02   0.00000E+00  0.00000E+00   4.01438E+00  6.55008E-02
  19      4.77885E+00  7.49854E-02   2.91773E+00  8.22540E-02   0.00000E+00  0.00000E+00   3.97233E+00  7.51516E-02
  20      4.89453E+00  6.86282E-02   3.20881E+00  8.14003E-02   0.00000E+00  0.00000E+00   4.25047E+00  6.74951E-02
  21      4.80549E+00  8.25291E-02   3.16138E+00  8.16906E-02   0.00000E+00  0.00000E+00   4.20364E+00  7.99035E-02
  22      4.80831E+00  8.05710E-02   2.97727E+00  1.03267E-01   0.00000E+00  0.00000E+00   4.26536E+00  8.62085E-02
  23      4.74227E+00  9.97612E-02   3.02747E+00  1.17961E-01       ---          ---       4.24525E+00  9.47881E-02
  24      4.62626E+00  1.00022E-01   3.24074E+00  1.29275E-01       ---          ---       4.22703E+00  9.44561E-02
  25      4.60744E+00  1.07959E-01   3.11778E+00  1.30329E-01       ---          ---       4.26598E+00  1.05098E-01
  26      4.44226E+00  1.22464E-01   2.80278E+00  1.33474E-01       ---          ---       3.96008E+00  1.18579E-01
  27      4.58742E+00  1.26991E-01   3.20400E+00  1.79247E-01       ---          ---       4.20163E+00  1.21362E-01
  28      4.66999E+00  1.41820E-01   3.30570E+00  2.06139E-01       ---          ---       4.28894E+00  1.32731E-01
  29      4.37039E+00  1.30210E-01   2.69397E+00  1.48100E-01       ---          ---       4.10649E+00  1.29575E-01
  30      4.63530E+00  1.47330E-01   3.11111E+00  2.39802E-01       ---          ---       4.21223E+00  1.53721E-01
  31      4.55022E+00  1.83090E-01   3.28554E+00  2.44485E-01       ---          ---       4.33539E+00  1.59091E-01
  32      4.77151E+00  2.26700E-01   3.06713E+00  3.92496E-01       ---          ---       4.47049E+00  2.19725E-01
  33      4.54545E+00  1.94394E-01   2.89256E+00  3.85784E-01       ---          ---       4.08028E+00  2.09862E-01
  34      4.28922E+00  1.85802E-01   3.22712E+00  1.95132E-01       ---          ---       3.93642E+00  1.59976E-01
  35      4.27438E+00  2.31470E-01   3.80952E+00  2.74929E-01       ---          ---       4.21627E+00  2.06435E-01
  36      4.21296E+00  2.24997E-01   3.70370E+00  1.38889E+00       ---          ---       4.15305E+00  2.34416E-01
  37      3.67290E+00  2.38390E-01   1.80180E+00  0.00000E+00       ---          ---       3.53925E+00  2.58018E-01
  38      4.02711E+00  1.42652E-01   2.41228E+00  6.57895E-01       ---          ---       3.77868E+00  2.19514E-01
  39      4.30912E+00  3.04274E-01   5.12821E+00  0.00000E+00       ---          ---       4.37212E+00  2.86895E-01
  40      4.30556E+00  3.41493E-01       ---          ---           ---          ---       4.30556E+00  3.41493E-01
  41      4.79336E+00  3.60353E-01   2.43902E+00  0.00000E+00       ---          ---       4.61226E+00  3.77723E-01
  42      3.47222E+00  7.66312E-01       ---          ---           ---          ---       3.47222E+00  7.66312E-01
  43      3.87597E+00  5.92064E-01   2.97158E+00  3.41828E-01       ---          ---       3.42377E+00  3.66570E-01
  44      3.91414E+00  3.19422E-01       ---          ---           ---          ---       3.91414E+00  3.19422E-01
  45      4.81481E+00  4.00046E-01   2.96296E+00  0.00000E+00       ---          ---       4.44444E+00  4.82904E-01
  46      4.83092E+00  9.43267E-01       ---          ---           ---          ---       4.83092E+00  9.43267E-01
  47      5.31915E+00  0.00000E+00   2.48227E+00  0.00000E+00       ---          ---       3.90071E+00  1.41844E+00
  48      3.24074E+00  3.06221E-01       ---          ---           ---          ---       3.24074E+00  3.06221E-01
  49          ---          ---           ---          ---           ---          ---           ---          ---
  50      6.66667E+00  0.00000E+00       ---          ---           ---          ---       6.66667E+00  0.00000E+00
Average   1.23530E+01  3.70512E-02   1.16889E+01  3.83471E-02   0.00000E+00  0.00000E+00   4.16654E+00  1.00295E-03
-------------------------------------------------------------------------------------------------------------------
NOTES: (% Sb) is the percentage of lesions that are strand breaks. The number of Sb is [(% Sb)/100]*(# lesions).
The number of Bd is (1-(% Sb)/100)*(# lesions).
