Profund[mm] D[A.U.]   D-Error    DSB-Yield  Yield-Error  Lambda  Lambda-Error    S      S-Error
0.0000e+00 5.2630e-01 3.4889e-03 4.9961e+01 6.4993e-02 1.9921e-01 2.5906e-04 8.7874e-01 1.3885e-02
1.0000e+00 5.4979e-01 4.6094e-03 4.9965e+01 6.4994e-02 2.0021e-01 2.6028e-04 8.7277e-01 1.4465e-02
2.0000e+00 5.5681e-01 6.5092e-03 4.9967e+01 6.4995e-02 2.0119e-01 2.6138e-04 8.7096e-01 1.4678e-02
3.0000e+00 5.5653e-01 3.0798e-03 4.9969e+01 6.4995e-02 2.0177e-01 2.6215e-04 8.7101e-01 1.4600e-02
4.0000e+00 5.6161e-01 3.4270e-03 4.9973e+01 6.4995e-02 2.0308e-01 2.6361e-04 8.6967e-01 1.4727e-02
5.0000e+00 5.6306e-01 1.3381e-03 4.9976e+01 6.4995e-02 2.0377e-01 2.6456e-04 8.6927e-01 1.4741e-02
6.0000e+00 5.7188e-01 4.1598e-03 4.9975e+01 6.4995e-02 2.0336e-01 2.6434e-04 8.6704e-01 1.4981e-02
7.0000e+00 5.7160e-01 4.9691e-03 4.9978e+01 6.4996e-02 2.0463e-01 2.6578e-04 8.6706e-01 1.4992e-02
8.0000e+00 5.7094e-01 3.2696e-03 4.9981e+01 6.4996e-02 2.0553e-01 2.6687e-04 8.6719e-01 1.4948e-02
9.0000e+00 5.7909e-01 7.8070e-03 4.9987e+01 6.4998e-02 2.0776e-01 2.6915e-04 8.6502e-01 1.5250e-02
1.0000e+01 5.7790e-01 3.6222e-03 4.9986e+01 6.4999e-02 2.0713e-01 2.6888e-04 8.6535e-01 1.5119e-02
1.1000e+01 5.8116e-01 5.5600e-03 4.9988e+01 6.5000e-02 2.0743e-01 2.6943e-04 8.6450e-01 1.5234e-02
1.2000e+01 5.8325e-01 4.0207e-03 4.9991e+01 6.5001e-02 2.0847e-01 2.7062e-04 8.6393e-01 1.5252e-02
1.3000e+01 5.8501e-01 5.7784e-03 4.9995e+01 6.5004e-02 2.0979e-01 2.7222e-04 8.6342e-01 1.5333e-02
1.4000e+01 5.8556e-01 2.1026e-03 4.9996e+01 6.5004e-02 2.1039e-01 2.7274e-04 8.6326e-01 1.5284e-02
1.5000e+01 5.8843e-01 4.4877e-03 4.9995e+01 6.5005e-02 2.0971e-01 2.7248e-04 8.6255e-01 1.5384e-02
1.6000e+01 5.9067e-01 4.9008e-03 5.0000e+01 6.5008e-02 2.1169e-01 2.7454e-04 8.6189e-01 1.5447e-02
1.7000e+01 5.9588e-01 5.3049e-03 5.0000e+01 6.5010e-02 2.1130e-01 2.7447e-04 8.6057e-01 1.5576e-02
1.8000e+01 5.9924e-01 4.3533e-03 5.0001e+01 6.5012e-02 2.1195e-01 2.7518e-04 8.5968e-01 1.5635e-02
1.9000e+01 6.0039e-01 6.1150e-03 5.0004e+01 6.5014e-02 2.1255e-01 2.7608e-04 8.5936e-01 1.5702e-02
2.0000e+01 6.0282e-01 3.5421e-03 5.0006e+01 6.5017e-02 2.1335e-01 2.7698e-04 8.5870e-01 1.5707e-02
2.1000e+01 6.0336e-01 3.6818e-03 5.0008e+01 6.5020e-02 2.1412e-01 2.7795e-04 8.5853e-01 1.5723e-02
2.2000e+01 6.0468e-01 5.2739e-03 5.0011e+01 6.5024e-02 2.1513e-01 2.7916e-04 8.5815e-01 1.5785e-02
2.3000e+01 6.0735e-01 6.3133e-03 5.0011e+01 6.5026e-02 2.1519e-01 2.7935e-04 8.5746e-01 1.5872e-02
2.4000e+01 6.1425e-01 7.1800e-03 5.0016e+01 6.5031e-02 2.1700e-01 2.8125e-04 8.5560e-01 1.6057e-02
2.5000e+01 6.1113e-01 3.9613e-03 5.0015e+01 6.5034e-02 2.1648e-01 2.8105e-04 8.5643e-01 1.5910e-02
2.6000e+01 6.1056e-01 2.8126e-03 5.0016e+01 6.5038e-02 2.1690e-01 2.8177e-04 8.5656e-01 1.5882e-02
2.7000e+01 6.1400e-01 5.4314e-03 5.0019e+01 6.5043e-02 2.1787e-01 2.8297e-04 8.5563e-01 1.6008e-02
2.8000e+01 6.1562e-01 2.5686e-03 5.0020e+01 6.5047e-02 2.1852e-01 2.8363e-04 8.5518e-01 1.5998e-02
2.9000e+01 6.1768e-01 2.9859e-03 5.0022e+01 6.5052e-02 2.1914e-01 2.8440e-04 8.5462e-01 1.6051e-02
3.0000e+01 6.2164e-01 5.2986e-03 5.0025e+01 6.5058e-02 2.2017e-01 2.8558e-04 8.5356e-01 1.6183e-02
3.1000e+01 6.2011e-01 3.2043e-03 5.0027e+01 6.5064e-02 2.2125e-01 2.8683e-04 8.5391e-01 1.6113e-02
3.2000e+01 6.2261e-01 3.6065e-03 5.0027e+01 6.5069e-02 2.2083e-01 2.8695e-04 8.5327e-01 1.6175e-02
3.3000e+01 6.2616e-01 4.7561e-03 5.0034e+01 6.5078e-02 2.2307e-01 2.8945e-04 8.5226e-01 1.6280e-02
3.4000e+01 6.2451e-01 5.2865e-03 5.0031e+01 6.5083e-02 2.2259e-01 2.8896e-04 8.5271e-01 1.6252e-02
3.5000e+01 6.2784e-01 4.1825e-03 5.0032e+01 6.5090e-02 2.2262e-01 2.8937e-04 8.5184e-01 1.6307e-02
3.6000e+01 6.2618e-01 5.6231e-03 5.0032e+01 6.5098e-02 2.2291e-01 2.8984e-04 8.5226e-01 1.6299e-02
3.7000e+01 6.3165e-01 5.7030e-03 5.0038e+01 6.5108e-02 2.2523e-01 2.9226e-04 8.5075e-01 1.6429e-02
3.8000e+01 6.3182e-01 4.9617e-03 5.0036e+01 6.5118e-02 2.2467e-01 2.9207e-04 8.5073e-01 1.6415e-02
3.9000e+01 6.3612e-01 4.1154e-03 5.0043e+01 6.5131e-02 2.2744e-01 2.9499e-04 8.4949e-01 1.6502e-02
4.0000e+01 6.3371e-01 6.8936e-03 5.0041e+01 6.5142e-02 2.2642e-01 2.9448e-04 8.5016e-01 1.6508e-02
4.1000e+01 6.3830e-01 3.8559e-03 5.0043e+01 6.5155e-02 2.2790e-01 2.9597e-04 8.4891e-01 1.6548e-02
4.2000e+01 6.3877e-01 3.7783e-03 5.0044e+01 6.5169e-02 2.2794e-01 2.9649e-04 8.4878e-01 1.6557e-02
4.3000e+01 6.4385e-01 7.7832e-03 5.0051e+01 6.5186e-02 2.3082e-01 2.9969e-04 8.4733e-01 1.6771e-02
4.4000e+01 6.4704e-01 4.8262e-03 5.0048e+01 6.5199e-02 2.2993e-01 2.9928e-04 8.4654e-01 1.6766e-02
4.5000e+01 6.4717e-01 5.7871e-03 5.0053e+01 6.5215e-02 2.3206e-01 3.0160e-04 8.4642e-01 1.6793e-02
4.6000e+01 6.5215e-01 6.5519e-03 5.0056e+01 6.5230e-02 2.3359e-01 3.0336e-04 8.4505e-01 1.6927e-02
4.7000e+01 6.4907e-01 5.8826e-03 5.0056e+01 6.5244e-02 2.3351e-01 3.0368e-04 8.4586e-01 1.6840e-02
4.8000e+01 6.4989e-01 2.7184e-03 5.0063e+01 6.5261e-02 2.3655e-01 3.0681e-04 8.4551e-01 1.6809e-02
4.9000e+01 6.5335e-01 3.3922e-03 5.0062e+01 6.5275e-02 2.3600e-01 3.0672e-04 8.4464e-01 1.6894e-02
5.0000e+01 6.5299e-01 3.5182e-03 5.0059e+01 6.5288e-02 2.3533e-01 3.0632e-04 8.4476e-01 1.6886e-02
5.1000e+01 6.5622e-01 5.9733e-03 5.0064e+01 6.5304e-02 2.3695e-01 3.0845e-04 8.4384e-01 1.7009e-02
5.2000e+01 6.5788e-01 5.0364e-03 5.0064e+01 6.5318e-02 2.3761e-01 3.0928e-04 8.4338e-01 1.7026e-02
5.3000e+01 6.6083e-01 4.6903e-03 5.0067e+01 6.5334e-02 2.3898e-01 3.1078e-04 8.4255e-01 1.7088e-02
5.4000e+01 6.6233e-01 4.4117e-03 5.0067e+01 6.5348e-02 2.3883e-01 3.1110e-04 8.4217e-01 1.7116e-02
5.5000e+01 6.6463e-01 5.9505e-03 5.0073e+01 6.5365e-02 2.4109e-01 3.1382e-04 8.4146e-01 1.7203e-02
5.6000e+01 6.6505e-01 4.3241e-03 5.0076e+01 6.5380e-02 2.4290e-01 3.1570e-04 8.4127e-01 1.7182e-02
5.7000e+01 6.6598e-01 3.9678e-03 5.0073e+01 6.5393e-02 2.4172e-01 3.1482e-04 8.4108e-01 1.7195e-02
5.8000e+01 6.7083e-01 3.4134e-03 5.0078e+01 6.5408e-02 2.4389e-01 3.1730e-04 8.3971e-01 1.7299e-02
5.9000e+01 6.7136e-01 5.5133e-03 5.0077e+01 6.5422e-02 2.4369e-01 3.1735e-04 8.3958e-01 1.7347e-02
6.0000e+01 6.6965e-01 3.4158e-03 5.0077e+01 6.5435e-02 2.4398e-01 3.1791e-04 8.4002e-01 1.7272e-02
6.1000e+01 6.7324e-01 3.9632e-03 5.0077e+01 6.5449e-02 2.4382e-01 3.1817e-04 8.3909e-01 1.7360e-02
6.2000e+01 6.7313e-01 6.8845e-03 5.0078e+01 6.5462e-02 2.4485e-01 3.1936e-04 8.3907e-01 1.7422e-02
6.3000e+01 6.7841e-01 8.3286e-03 5.0083e+01 6.5478e-02 2.4647e-01 3.2167e-04 8.3761e-01 1.7586e-02
6.4000e+01 6.7649e-01 3.9241e-03 5.0085e+01 6.5492e-02 2.4721e-01 3.2278e-04 8.3808e-01 1.7438e-02
6.5000e+01 6.7739e-01 6.5550e-03 5.0090e+01 6.5506e-02 2.5012e-01 3.2551e-04 8.3771e-01 1.7517e-02
6.6000e+01 6.8074e-01 4.1418e-03 5.0092e+01 6.5519e-02 2.5034e-01 3.2630e-04 8.3682e-01 1.7541e-02
6.7000e+01 6.8583e-01 2.9447e-03 5.0089e+01 6.5530e-02 2.4931e-01 3.2561e-04 8.3553e-01 1.7635e-02
6.8000e+01 6.8634e-01 6.5356e-03 5.0095e+01 6.5545e-02 2.5232e-01 3.2873e-04 8.3526e-01 1.7718e-02
6.9000e+01 6.9026e-01 8.1242e-03 5.0100e+01 6.5558e-02 2.5416e-01 3.3093e-04 8.3414e-01 1.7853e-02
7.0000e+01 6.8632e-01 6.7509e-03 5.0098e+01 6.5570e-02 2.5342e-01 3.3069e-04 8.3521e-01 1.7725e-02
7.1000e+01 6.9088e-01 4.3784e-03 5.0102e+01 6.5583e-02 2.5471e-01 3.3245e-04 8.3394e-01 1.7776e-02
7.2000e+01 6.8989e-01 6.7194e-03 5.0105e+01 6.5596e-02 2.5646e-01 3.3431e-04 8.3413e-01 1.7808e-02
7.3000e+01 6.9148e-01 3.6061e-03 5.0103e+01 6.5606e-02 2.5526e-01 3.3361e-04 8.3376e-01 1.7778e-02
7.4000e+01 6.9327e-01 6.5577e-03 5.0107e+01 6.5618e-02 2.5707e-01 3.3556e-04 8.3321e-01 1.7880e-02
7.5000e+01 6.9788e-01 5.5100e-03 5.0107e+01 6.5629e-02 2.5722e-01 3.3604e-04 8.3198e-01 1.7956e-02
7.6000e+01 6.9850e-01 4.5218e-03 5.0112e+01 6.5641e-02 2.5952e-01 3.3865e-04 8.3171e-01 1.7955e-02
7.7000e+01 7.0483e-01 4.4214e-03 5.0114e+01 6.5652e-02 2.6013e-01 3.3983e-04 8.3000e-01 1.8093e-02
7.8000e+01 7.0245e-01 4.3357e-03 5.0119e+01 6.5664e-02 2.6251e-01 3.4225e-04 8.3052e-01 1.8043e-02
7.9000e+01 7.0627e-01 3.7323e-03 5.0119e+01 6.5674e-02 2.6201e-01 3.4231e-04 8.2953e-01 1.8117e-02
8.0000e+01 7.0442e-01 5.2924e-03 5.0123e+01 6.5685e-02 2.6419e-01 3.4454e-04 8.2992e-01 1.8107e-02
8.1000e+01 7.0892e-01 5.9915e-03 5.0124e+01 6.5695e-02 2.6453e-01 3.4531e-04 8.2871e-01 1.8222e-02
8.2000e+01 7.1168e-01 2.9694e-03 5.0126e+01 6.5705e-02 2.6513e-01 3.4632e-04 8.2795e-01 1.8231e-02
8.3000e+01 7.1445e-01 9.2126e-03 5.0128e+01 6.5714e-02 2.6565e-01 3.4739e-04 8.2718e-01 1.8439e-02
8.4000e+01 7.1322e-01 8.7637e-03 5.0131e+01 6.5724e-02 2.6719e-01 3.4919e-04 8.2744e-01 1.8399e-02
8.5000e+01 7.1503e-01 5.0686e-03 5.0136e+01 6.5735e-02 2.6907e-01 3.5121e-04 8.2687e-01 1.8343e-02
8.6000e+01 7.2001e-01 3.7999e-03 5.0135e+01 6.5743e-02 2.6881e-01 3.5144e-04 8.2555e-01 1.8430e-02
8.7000e+01 7.2326e-01 6.2501e-03 5.0135e+01 6.5751e-02 2.6871e-01 3.5159e-04 8.2470e-01 1.8547e-02
8.8000e+01 7.2276e-01 5.8772e-03 5.0142e+01 6.5761e-02 2.7130e-01 3.5461e-04 8.2470e-01 1.8532e-02
8.9000e+01 7.2571e-01 5.4257e-03 5.0145e+01 6.5770e-02 2.7285e-01 3.5624e-04 8.2384e-01 1.8589e-02
9.0000e+01 7.2572e-01 4.0774e-03 5.0144e+01 6.5777e-02 2.7248e-01 3.5632e-04 8.2385e-01 1.8564e-02
9.1000e+01 7.2947e-01 3.3700e-03 5.0148e+01 6.5785e-02 2.7354e-01 3.5805e-04 8.2280e-01 1.8637e-02
9.2000e+01 7.2939e-01 4.1072e-03 5.0150e+01 6.5792e-02 2.7473e-01 3.5945e-04 8.2276e-01 1.8648e-02
9.3000e+01 7.2962e-01 4.9894e-03 5.0158e+01 6.5801e-02 2.7733e-01 3.6266e-04 8.2257e-01 1.8674e-02
9.4000e+01 7.3340e-01 5.0039e-03 5.0159e+01 6.5807e-02 2.7779e-01 3.6320e-04 8.2154e-01 1.8756e-02
9.5000e+01 7.3443e-01 4.3644e-03 5.0158e+01 6.5812e-02 2.7805e-01 3.6361e-04 8.2125e-01 1.8767e-02
9.6000e+01 7.3960e-01 4.4124e-03 5.0164e+01 6.5819e-02 2.8020e-01 3.6601e-04 8.1976e-01 1.8883e-02
9.7000e+01 7.4439e-01 4.4730e-03 5.0165e+01 6.5825e-02 2.8057e-01 3.6694e-04 8.1846e-01 1.8988e-02
9.8000e+01 7.4207e-01 3.3056e-03 5.0170e+01 6.5831e-02 2.8214e-01 3.6893e-04 8.1900e-01 1.8924e-02
9.9000e+01 7.4473e-01 4.7866e-03 5.0172e+01 6.5836e-02 2.8286e-01 3.7025e-04 8.1825e-01 1.9005e-02
1.0000e+02 7.4644e-01 3.1116e-03 5.0180e+01 6.5843e-02 2.8600e-01 3.7374e-04 8.1763e-01 1.9023e-02
1.0100e+02 7.5083e-01 5.7060e-03 5.0184e+01 6.5849e-02 2.8759e-01 3.7563e-04 8.1638e-01 1.9163e-02
1.0200e+02 7.5109e-01 4.3611e-03 5.0190e+01 6.5855e-02 2.9009e-01 3.7835e-04 8.1618e-01 1.9147e-02
1.0300e+02 7.5211e-01 5.7135e-03 5.0189e+01 6.5859e-02 2.8953e-01 3.7837e-04 8.1593e-01 1.9194e-02
1.0400e+02 7.5310e-01 5.0045e-03 5.0192e+01 6.5863e-02 2.9099e-01 3.7999e-04 8.1560e-01 1.9203e-02
1.0500e+02 7.5884e-01 5.2883e-03 5.0201e+01 6.5870e-02 2.9442e-01 3.8367e-04 8.1388e-01 1.9337e-02
1.0600e+02 7.6159e-01 3.7709e-03 5.0200e+01 6.5872e-02 2.9376e-01 3.8381e-04 8.1317e-01 1.9368e-02
1.0700e+02 7.6844e-01 5.0881e-03 5.0207e+01 6.5878e-02 2.9631e-01 3.8688e-04 8.1119e-01 1.9540e-02
1.0800e+02 7.7260e-01 4.9300e-03 5.0212e+01 6.5882e-02 2.9811e-01 3.8906e-04 8.0997e-01 1.9628e-02
1.0900e+02 7.7211e-01 5.8881e-03 5.0215e+01 6.5885e-02 2.9900e-01 3.9052e-04 8.1006e-01 1.9639e-02
1.1000e+02 7.7448e-01 7.7476e-03 5.0218e+01 6.5887e-02 3.0069e-01 3.9246e-04 8.0933e-01 1.9739e-02
1.1100e+02 7.7981e-01 5.3901e-03 5.0224e+01 6.5890e-02 3.0264e-01 3.9503e-04 8.0779e-01 1.9797e-02
1.1200e+02 7.8077e-01 3.8830e-03 5.0228e+01 6.5892e-02 3.0385e-01 3.9688e-04 8.0746e-01 1.9794e-02
1.1300e+02 7.8336e-01 3.9505e-03 5.0235e+01 6.5894e-02 3.0730e-01 4.0047e-04 8.0659e-01 1.9855e-02
1.1400e+02 7.8738e-01 5.5828e-03 5.0240e+01 6.5894e-02 3.0910e-01 4.0278e-04 8.0540e-01 1.9972e-02
1.1500e+02 7.9311e-01 5.1937e-03 5.0239e+01 6.5892e-02 3.0810e-01 4.0284e-04 8.0389e-01 2.0082e-02
1.1600e+02 7.9169e-01 4.3607e-03 5.0248e+01 6.5891e-02 3.1130e-01 4.0677e-04 8.0411e-01 2.0044e-02
1.1700e+02 8.0077e-01 8.1873e-03 5.0260e+01 6.5889e-02 3.1630e-01 4.1188e-04 8.0138e-01 2.0330e-02
1.1800e+02 8.0167e-01 3.5239e-03 5.0263e+01 6.5882e-02 3.1677e-01 4.1320e-04 8.0110e-01 2.0250e-02
1.1900e+02 8.0580e-01 8.3583e-03 5.0270e+01 6.5875e-02 3.1933e-01 4.1626e-04 7.9984e-01 2.0445e-02
1.2000e+02 8.1014e-01 6.7264e-03 5.0273e+01 6.5866e-02 3.2012e-01 4.1777e-04 7.9861e-01 2.0491e-02
1.2100e+02 8.1294e-01 5.2603e-03 5.0283e+01 6.5858e-02 3.2396e-01 4.2201e-04 7.9764e-01 2.0524e-02
1.2200e+02 8.1671e-01 4.4698e-03 5.0293e+01 6.5850e-02 3.2763e-01 4.2633e-04 7.9641e-01 2.0595e-02
1.2300e+02 8.2123e-01 3.7987e-03 5.0297e+01 6.5839e-02 3.2858e-01 4.2811e-04 7.9512e-01 2.0680e-02
1.2400e+02 8.2240e-01 3.7962e-03 5.0304e+01 6.5829e-02 3.3121e-01 4.3127e-04 7.9466e-01 2.0709e-02
1.2500e+02 8.2936e-01 3.0850e-03 5.0313e+01 6.5819e-02 3.3427e-01 4.3508e-04 7.9258e-01 2.0848e-02
1.2600e+02 8.3316e-01 7.6722e-03 5.0319e+01 6.5807e-02 3.3602e-01 4.3761e-04 7.9144e-01 2.1018e-02
1.2700e+02 8.3953e-01 6.7852e-03 5.0337e+01 6.5800e-02 3.4257e-01 4.4481e-04 7.8933e-01 2.1136e-02
1.2800e+02 8.4334e-01 4.1355e-03 5.0344e+01 6.5788e-02 3.4499e-01 4.4784e-04 7.8814e-01 2.1166e-02
1.2900e+02 8.4788e-01 2.6022e-03 5.0356e+01 6.5778e-02 3.4883e-01 4.5269e-04 7.8667e-01 2.1247e-02
1.3000e+02 8.5721e-01 3.5058e-03 5.0361e+01 6.5765e-02 3.5010e-01 4.5488e-04 7.8402e-01 2.1448e-02
1.3100e+02 8.6659e-01 4.8927e-03 5.0374e+01 6.5756e-02 3.5501e-01 4.6043e-04 7.8115e-01 2.1665e-02
1.3200e+02 8.6741e-01 6.2894e-03 5.0379e+01 6.5742e-02 3.5655e-01 4.6270e-04 7.8084e-01 2.1712e-02
1.3300e+02 8.7786e-01 7.6096e-03 5.0395e+01 6.5735e-02 3.6214e-01 4.6938e-04 7.7762e-01 2.1962e-02
1.3400e+02 8.8435e-01 7.2194e-03 5.0406e+01 6.5726e-02 3.6572e-01 4.7378e-04 7.7562e-01 2.2086e-02
1.3500e+02 8.9142e-01 4.1152e-03 5.0415e+01 6.5716e-02 3.6867e-01 4.7790e-04 7.7347e-01 2.2169e-02
1.3600e+02 8.9697e-01 3.1998e-03 5.0433e+01 6.5712e-02 3.7475e-01 4.8517e-04 7.7158e-01 2.2278e-02
1.3700e+02 9.0529e-01 4.7992e-03 5.0441e+01 6.5704e-02 3.7723e-01 4.8880e-04 7.6911e-01 2.2467e-02
1.3800e+02 9.1701e-01 3.5525e-03 5.0466e+01 6.5703e-02 3.8566e-01 4.9849e-04 7.6534e-01 2.2691e-02
1.3900e+02 9.3215e-01 2.9172e-03 5.0486e+01 6.5701e-02 3.9214e-01 5.0673e-04 7.6071e-01 2.2987e-02
1.4000e+02 9.4567e-01 1.8961e-03 5.0516e+01 6.5703e-02 4.0293e-01 5.1866e-04 7.5628e-01 2.3255e-02
1.4100e+02 9.6083e-01 2.6685e-03 5.0540e+01 6.5703e-02 4.0968e-01 5.2756e-04 7.5159e-01 2.3558e-02
1.4200e+02 9.7434e-01 3.9296e-03 5.0567e+01 6.5704e-02 4.1898e-01 5.3816e-04 7.4722e-01 2.3840e-02
1.4300e+02 9.8878e-01 4.1443e-03 5.0592e+01 6.5704e-02 4.2777e-01 5.4796e-04 7.4261e-01 2.4123e-02
1.4400e+02 9.9482e-01 3.8025e-03 5.0617e+01 6.5706e-02 4.3658e-01 5.5790e-04 7.4035e-01 2.4246e-02
1.4500e+02 9.9655e-01 3.4506e-03 5.0637e+01 6.5704e-02 4.4426e-01 5.6594e-04 7.3941e-01 2.4286e-02
1.4600e+02 9.9479e-01 3.6703e-03 5.0641e+01 6.5696e-02 4.4440e-01 5.6737e-04 7.3988e-01 2.4259e-02
1.4700e+02 9.9850e-01 7.1818e-03 5.0663e+01 6.5697e-02 4.5220e-01 5.7603e-04 7.3835e-01 2.4403e-02
1.4800e+02 9.9464e-01 3.4498e-03 5.0669e+01 6.5690e-02 4.5533e-01 5.7909e-04 7.3927e-01 2.4273e-02
1.4900e+02 9.9485e-01 4.0609e-03 5.0681e+01 6.5688e-02 4.5974e-01 5.8422e-04 7.3894e-01 2.4293e-02
1.5000e+02 9.8891e-01 6.5384e-03 5.0680e+01 6.5680e-02 4.5886e-01 5.8430e-04 7.4067e-01 2.4228e-02
1.5100e+02 9.8963e-01 6.9798e-03 5.0694e+01 6.5677e-02 4.6406e-01 5.9004e-04 7.4016e-01 2.4261e-02
1.5200e+02 9.8945e-01 4.1555e-03 5.0706e+01 6.5675e-02 4.6767e-01 5.9494e-04 7.3998e-01 2.4213e-02
1.5300e+02 9.8852e-01 3.2325e-03 5.0722e+01 6.5676e-02 4.7401e-01 6.0177e-04 7.3988e-01 2.4196e-02
1.5400e+02 9.8642e-01 4.2249e-03 5.0722e+01 6.5671e-02 4.7376e-01 6.0243e-04 7.4049e-01 2.4170e-02
1.5500e+02 9.8689e-01 4.8118e-03 5.0738e+01 6.5673e-02 4.7969e-01 6.0922e-04 7.4000e-01 2.4198e-02
1.5600e+02 9.8379e-01 2.9137e-03 5.0742e+01 6.5672e-02 4.8093e-01 6.1170e-04 7.4080e-01 2.4120e-02
1.5700e+02 9.8308e-01 5.2417e-03 5.0759e+01 6.5676e-02 4.8791e-01 6.1914e-04 7.4061e-01 2.4151e-02
1.5800e+02 9.8336e-01 3.6988e-03 5.0775e+01 6.5684e-02 4.9300e-01 6.2619e-04 7.4021e-01 2.4143e-02
1.5900e+02 9.8318e-01 2.9640e-03 5.0792e+01 6.5693e-02 4.9971e-01 6.3386e-04 7.3988e-01 2.4144e-02
1.6000e+02 9.8230e-01 2.4230e-03 5.0798e+01 6.5701e-02 5.0178e-01 6.3732e-04 7.4001e-01 2.4127e-02
1.6100e+02 9.8173e-01 4.5064e-03 5.0813e+01 6.5714e-02 5.0861e-01 6.4480e-04 7.3979e-01 2.4152e-02
1.6200e+02 9.8142e-01 4.1470e-03 5.0822e+01 6.5726e-02 5.1247e-01 6.4997e-04 7.3966e-01 2.4148e-02
1.6300e+02 9.7617e-01 2.6532e-03 5.0834e+01 6.5739e-02 5.1710e-01 6.5604e-04 7.4090e-01 2.4043e-02
1.6400e+02 9.7362e-01 2.2285e-03 5.0851e+01 6.5756e-02 5.2356e-01 6.6426e-04 7.4126e-01 2.4005e-02
1.6500e+02 9.7388e-01 4.8170e-03 5.0862e+01 6.5769e-02 5.2814e-01 6.7035e-04 7.4092e-01 2.4049e-02
1.6600e+02 9.7166e-01 4.8435e-03 5.0882e+01 6.5786e-02 5.3555e-01 6.7934e-04 7.4114e-01 2.4022e-02
1.6700e+02 9.7145e-01 6.2600e-03 5.0899e+01 6.5801e-02 5.4275e-01 6.8769e-04 7.4080e-01 2.4058e-02
1.6800e+02 9.7122e-01 4.2268e-03 5.0925e+01 6.5820e-02 5.5289e-01 6.9930e-04 7.4029e-01 2.4035e-02
1.6900e+02 9.7095e-01 5.2763e-03 5.0930e+01 6.5829e-02 5.5457e-01 7.0269e-04 7.4027e-01 2.4051e-02
1.7000e+02 9.7006e-01 4.5292e-03 5.0946e+01 6.5843e-02 5.6100e-01 7.1060e-04 7.4017e-01 2.4033e-02
1.7100e+02 9.6860e-01 3.8841e-03 5.0970e+01 6.5858e-02 5.6974e-01 7.2130e-04 7.4009e-01 2.4013e-02
1.7200e+02 9.6792e-01 2.5358e-03 5.1000e+01 6.5877e-02 5.8028e-01 7.3403e-04 7.3968e-01 2.4006e-02
1.7300e+02 9.6787e-01 4.0406e-03 5.1021e+01 6.5889e-02 5.8902e-01 7.4373e-04 7.3922e-01 2.4037e-02
1.7400e+02 9.6646e-01 4.4939e-03 5.1034e+01 6.5897e-02 5.9340e-01 7.5036e-04 7.3937e-01 2.4026e-02
1.7500e+02 9.6637e-01 4.3493e-03 5.1070e+01 6.5911e-02 6.0678e-01 7.6520e-04 7.3865e-01 2.4047e-02
1.7600e+02 9.6294e-01 3.4409e-03 5.1103e+01 6.5923e-02 6.1971e-01 7.7922e-04 7.3894e-01 2.3994e-02
1.7700e+02 9.6520e-01 3.0397e-03 5.1113e+01 6.5923e-02 6.2154e-01 7.8407e-04 7.3815e-01 2.4037e-02
1.7800e+02 9.6601e-01 2.6024e-03 5.1153e+01 6.5930e-02 6.3638e-01 8.0021e-04 7.3709e-01 2.4074e-02
1.7900e+02 9.6415e-01 3.7602e-03 5.1184e+01 6.5930e-02 6.4640e-01 8.1255e-04 7.3706e-01 2.4072e-02
1.8000e+02 9.6064e-01 5.3139e-03 5.1207e+01 6.5920e-02 6.5363e-01 8.2201e-04 7.3766e-01 2.4047e-02
1.8100e+02 9.6294e-01 5.4153e-03 5.1255e+01 6.5913e-02 6.6964e-01 8.4020e-04 7.3608e-01 2.4122e-02
1.8200e+02 9.6214e-01 3.2302e-03 5.1300e+01 6.5899e-02 6.8467e-01 8.5709e-04 7.3547e-01 2.4103e-02
1.8300e+02 9.6094e-01 3.6767e-03 5.1333e+01 6.5874e-02 6.9370e-01 8.6906e-04 7.3528e-01 2.4106e-02
1.8400e+02 9.5865e-01 5.5428e-03 5.1372e+01 6.5849e-02 7.0447e-01 8.8309e-04 7.3531e-01 2.4117e-02
1.8500e+02 9.6113e-01 4.3810e-03 5.1443e+01 6.5836e-02 7.2632e-01 9.0878e-04 7.3333e-01 2.4186e-02
1.8600e+02 9.6351e-01 3.7933e-03 5.1517e+01 6.5825e-02 7.5246e-01 9.3676e-04 7.3119e-01 2.4270e-02
1.8700e+02 9.6372e-01 4.9441e-03 5.1571e+01 6.5808e-02 7.6761e-01 9.5595e-04 7.3024e-01 2.4323e-02
1.8800e+02 9.6492e-01 4.7451e-03 5.1639e+01 6.5801e-02 7.8954e-01 9.8133e-04 7.2866e-01 2.4385e-02
1.8900e+02 9.6574e-01 4.6150e-03 5.1729e+01 6.5809e-02 8.1967e-01 1.0149e-03 7.2675e-01 2.4455e-02
1.9000e+02 9.6833e-01 3.5636e-03 5.1809e+01 6.5822e-02 8.4548e-01 1.0448e-03 7.2455e-01 2.4536e-02
1.9100e+02 9.7063e-01 2.8549e-03 5.1883e+01 6.5844e-02 8.6749e-01 1.0725e-03 7.2261e-01 2.4614e-02
1.9200e+02 9.7322e-01 3.2256e-03 5.1994e+01 6.5895e-02 9.0480e-01 1.1149e-03 7.1979e-01 2.4735e-02
1.9300e+02 9.7541e-01 2.4987e-03 5.2112e+01 6.5969e-02 9.4192e-01 1.1595e-03 7.1707e-01 2.4838e-02
1.9400e+02 9.7685e-01 3.6274e-03 5.2243e+01 6.6061e-02 9.8470e-01 1.2098e-03 7.1429e-01 2.4958e-02
1.9500e+02 9.7938e-01 4.3133e-03 5.2395e+01 6.6173e-02 1.0345e+00 1.2678e-03 7.1080e-01 2.5107e-02
1.9600e+02 9.8288e-01 5.5667e-03 5.2580e+01 6.6306e-02 1.0952e+00 1.3380e-03 7.0643e-01 2.5306e-02
1.9700e+02 9.8806e-01 3.7171e-03 5.2812e+01 6.6460e-02 1.1732e+00 1.4252e-03 7.0065e-01 2.5509e-02
1.9800e+02 9.8780e-01 7.4026e-03 5.3051e+01 6.6613e-02 1.2517e+00 1.5141e-03 6.9648e-01 2.5726e-02
1.9900e+02 9.8549e-01 8.5829e-03 5.3349e+01 6.6785e-02 1.3458e+00 1.6228e-03 6.9206e-01 2.5900e-02
2.0000e+02 9.8013e-01 6.9249e-03 5.3766e+01 6.6992e-02 1.4849e+00 1.7754e-03 6.8630e-01 2.6013e-02
2.0100e+02 9.5764e-01 5.6934e-03 5.4332e+01 6.7238e-02 1.6842e+00 1.9842e-03 6.8305e-01 2.5946e-02
2.0200e+02 9.1246e-01 5.5774e-03 5.4998e+01 6.7510e-02 1.9198e+00 2.2294e-03 6.8558e-01 2.5564e-02
2.0300e+02 8.2568e-01 1.0018e-02 5.5788e+01 6.7824e-02 2.2004e+00 2.5191e-03 7.0063e-01 2.4611e-02
2.0400e+02 6.8607e-01 7.0085e-03 5.6658e+01 6.8167e-02 2.5161e+00 2.8395e-03 7.3504e-01 2.2138e-02
2.0500e+02 5.1756e-01 5.3229e-03 5.7606e+01 6.8530e-02 2.8800e+00 3.1945e-03 7.8394e-01 1.8545e-02
2.0600e+02 3.4260e-01 6.6815e-03 5.8584e+01 6.8919e-02 3.2531e+00 3.5592e-03 8.4415e-01 1.4024e-02
2.0700e+02 1.9344e-01 4.9595e-03 5.9645e+01 6.9360e-02 3.6603e+00 3.9547e-03 9.0340e-01 9.0540e-03
2.0800e+02 9.3092e-02 4.3085e-03 6.0410e+01 6.9653e-02 3.9882e+00 4.2507e-03 9.5000e-01 5.1351e-03
2.0900e+02 3.8736e-02 1.3815e-03 6.1691e+01 7.0165e-02 4.5501e+00 4.7489e-03 9.7697e-01 2.2732e-03
2.1000e+02 1.5417e-02 9.5877e-04 6.1903e+01 7.0184e-02 4.7973e+00 4.8772e-03 9.9049e-01 1.0581e-03
2.1100e+02 8.4704e-03 1.1415e-03 5.8478e+01 6.8928e-02 3.2691e+00 3.5169e-03 9.9599e-01 6.6683e-04
2.1200e+02 4.7631e-03 6.8330e-04 5.5071e+01 6.7500e-02 2.0043e+00 2.2440e-03 9.9832e-01 2.9935e-04
2.1300e+02 5.1821e-03 7.4172e-04 5.4869e+01 6.7327e-02 2.1187e+00 2.2228e-03 9.9814e-01 3.3068e-04
2.1400e+02 4.4958e-03 8.9508e-04 5.4990e+01 6.7263e-02 2.3357e+00 2.3205e-03 9.9831e-01 3.7952e-04
2.1500e+02 4.8736e-03 4.4908e-04 5.3209e+01 6.6612e-02 1.4583e+00 1.5894e-03 9.9853e-01 2.1359e-04
2.1600e+02 4.6805e-03 1.1862e-03 5.2470e+01 6.6343e-02 1.0295e+00 1.2688e-03 9.9875e-01 3.5076e-04
2.1700e+02 4.7775e-03 8.7983e-04 5.4596e+01 6.7158e-02 2.0471e+00 2.1275e-03 9.9832e-01 3.5737e-04
2.1800e+02 5.2473e-03 1.0447e-03 5.1791e+01 6.6060e-02 8.1735e-01 1.0261e-03 9.9869e-01 3.0766e-04
2.1900e+02 4.7608e-03 7.7919e-04 5.1849e+01 6.6084e-02 8.3510e-01 1.0460e-03 9.9880e-01 2.4539e-04
2.2000e+02 6.0179e-03 1.4506e-03 5.3066e+01 6.6573e-02 1.3642e+00 1.5246e-03 9.9823e-01 4.7116e-04
2.2100e+02 4.8374e-03 1.2174e-03 5.3099e+01 6.6682e-02 1.2551e+00 1.4989e-03 9.9862e-01 3.8337e-04
2.2200e+02 4.9880e-03 1.7577e-03 5.2901e+01 6.6581e-02 1.1907e+00 1.4295e-03 9.9860e-01 5.1962e-04
2.2300e+02 5.3384e-03 1.1566e-03 5.3891e+01 6.6931e-02 1.6667e+00 1.8324e-03 9.9829e-01 4.1486e-04
2.2400e+02 4.8775e-03 8.0268e-04 5.3717e+01 6.6869e-02 1.6012e+00 1.7692e-03 9.9847e-01 3.0394e-04
2.2500e+02 5.2853e-03 1.2390e-03 5.3012e+01 6.6647e-02 1.2236e+00 1.4707e-03 9.9850e-01 3.9206e-04
2.2600e+02 4.2970e-03 7.7368e-04 5.2396e+01 6.6371e-02 1.0076e+00 1.2445e-03 9.9886e-01 2.4689e-04
2.2700e+02 4.9493e-03 5.3980e-04 5.3085e+01 6.6549e-02 1.4229e+00 1.5522e-03 9.9853e-01 2.3171e-04
2.2800e+02 4.8878e-03 6.8845e-04 5.4066e+01 6.6974e-02 1.7131e+00 1.8982e-03 9.9842e-01 2.8271e-04
2.2900e+02 4.7663e-03 8.9922e-04 5.3938e+01 6.7015e-02 1.5354e+00 1.8015e-03 9.9852e-01 3.2458e-04
2.3000e+02 5.4206e-03 7.1631e-04 5.3624e+01 6.6763e-02 1.5832e+00 1.7372e-03 9.9831e-01 2.9217e-04
2.3100e+02 4.5805e-03 8.8454e-04 5.2736e+01 6.6495e-02 1.1352e+00 1.3662e-03 9.9874e-01 2.8584e-04
2.3200e+02 5.4456e-03 1.3174e-03 5.4401e+01 6.7004e-02 2.0777e+00 2.0897e-03 9.9808e-01 5.0761e-04
2.3300e+02 4.0987e-03 8.6053e-04 5.2301e+01 6.6283e-02 9.7518e-01 1.2099e-03 9.9892e-01 2.6090e-04
2.3400e+02 4.5714e-03 7.3368e-04 5.2883e+01 6.6565e-02 1.1588e+00 1.4199e-03 9.9873e-01 2.5293e-04
2.3500e+02 4.8680e-03 1.2971e-03 5.3193e+01 6.6712e-02 1.2894e+00 1.5361e-03 9.9859e-01 4.0839e-04
2.3600e+02 4.9759e-03 2.3530e-03 5.4480e+01 6.7180e-02 1.8990e+00 2.0571e-03 9.9831e-01 8.2135e-04
2.3700e+02 4.2197e-03 1.3232e-03 5.4501e+01 6.7178e-02 1.8836e+00 2.0621e-03 9.9857e-01 4.7473e-04
2.3800e+02 4.4660e-03 9.0764e-04 5.3649e+01 6.6749e-02 1.6291e+00 1.7603e-03 9.9859e-01 3.2609e-04
2.3900e+02 4.1180e-03 5.8867e-04 5.4053e+01 6.6917e-02 1.7216e+00 1.8955e-03 9.9866e-01 2.4072e-04
2.4000e+02 4.6551e-03 7.2974e-04 5.5172e+01 6.7463e-02 2.1489e+00 2.3057e-03 9.9831e-01 3.1920e-04
2.4100e+02 4.9605e-03 9.1231e-04 5.2053e+01 6.6186e-02 8.9933e-01 1.1184e-03 9.9873e-01 2.8108e-04
2.4200e+02 4.1397e-03 9.7465e-04 5.2452e+01 6.6378e-02 1.0251e+00 1.2635e-03 9.9890e-01 2.9191e-04
2.4300e+02 4.6508e-03 1.0428e-03 5.2690e+01 6.6460e-02 1.0955e+00 1.3516e-03 9.9873e-01 3.2194e-04
2.4400e+02 5.9284e-03 1.0541e-03 5.4420e+01 6.7185e-02 1.8597e+00 2.0282e-03 9.9800e-01 4.1561e-04
2.4500e+02 5.0460e-03 9.9087e-04 5.3121e+01 6.6675e-02 1.2497e+00 1.5066e-03 9.9856e-01 3.2886e-04
2.4600e+02 4.3079e-03 7.5080e-04 5.2552e+01 6.6437e-02 1.0726e+00 1.2989e-03 9.9883e-01 2.4599e-04
2.4700e+02 5.1445e-03 7.6786e-04 5.2339e+01 6.6341e-02 9.8762e-01 1.2194e-03 9.9864e-01 2.6037e-04
2.4800e+02 5.2802e-03 9.4831e-04 5.3604e+01 6.6805e-02 1.5890e+00 1.7309e-03 9.9835e-01 3.4841e-04
2.4900e+02 4.7163e-03 9.5381e-04 5.2426e+01 6.6402e-02 1.0177e+00 1.2486e-03 9.9874e-01 2.9534e-04
2.5000e+02 4.9403e-03 1.3091e-03 5.2816e+01 6.6604e-02 1.1561e+00 1.3932e-03 9.9863e-01 3.9774e-04
