1NUMBER OF BEAM       NUMBER OF BEAM        APPROXIMATE NUMBER    AVERAGE TIME USED     TIME LEFT (RESERVED   NUMBER OF STARS
 PARTICLES HANDLED    PARTICLES LEFT        OF BEAM PARTICLES     BY A BEAM PARTICLE     10000.0 SECONDS      CREATED
                                            THAT CAN STILL BE                           FOR PRINTOUT)
                                            HANDLED

 NEXT SEEDS:10A53AB4       0       0       0       0       0    10E1    3039       0       0
          1                 99999                 99999             1.6605854E-04         1.0000000E+30                 0       
 NEXT SEEDS:10A53FF4       0       0       0       0       0    10E1    3039       0       0
       2000                 98000                 98000             2.9021198E-04         1.0000000E+30                88       
 NEXT SEEDS:10FC1D14       0       0       0       0       0    10E1    3039       0       0
       4000                 96000                 96000             2.8270176E-04         1.0000000E+30               162       
 NEXT SEEDS:114EB80A       0       0       0       0       0    10E1    3039       0       0
       6000                 94000                 94000             2.8199619E-04         1.0000000E+30               235       
 NEXT SEEDS:11A27227       0       0       0       0       0    10E1    3039       0       0
       8000                 92000                 92000             2.8109689E-04         1.0000000E+30               308       
 NEXT SEEDS:11F64A02       0       0       0       0       0    10E1    3039       0       0
      10000                 90000                 90000             2.8042048E-04         1.0000000E+30               377       
 NEXT SEEDS:124AAEA0       0       0       0       0       0    10E1    3039       0       0
      12000                 88000                 88000             2.8112025E-04         1.0000000E+30               458       
 NEXT SEEDS:129FC6ED       0       0       0       0       0    10E1    3039       0       0
      14000                 86000                 86000             2.8223330E-04         1.0000000E+30               537       
 NEXT SEEDS:12F635C3       0       0       0       0       0    10E1    3039       0       0
      16000                 84000                 84000             2.8202089E-04         1.0000000E+30               595       
 NEXT SEEDS:134A81BA       0       0       0       0       0    10E1    3039       0       0
      18000                 82000                 82000             2.8091478E-04         1.0000000E+30               682       
 NEXT SEEDS:139CFAB9       0       0       0       0       0    10E1    3039       0       0
      20000                 80000                 80000             2.8080639E-04         1.0000000E+30               768       
 NEXT SEEDS:13F2FB15       0       0       0       0       0    10E1    3039       0       0
      22000                 78000                 78000             2.8043987E-04         1.0000000E+30               835       
 NEXT SEEDS:1447B5A9       0       0       0       0       0    10E1    3039       0       0
      24000                 76000                 76000             2.8065830E-04         1.0000000E+30               914       
 NEXT SEEDS:149CA74E       0       0       0       0       0    10E1    3039       0       0
      26000                 74000                 74000             2.8120567E-04         1.0000000E+30               997       
 NEXT SEEDS:14F313B3       0       0       0       0       0    10E1    3039       0       0
      28000                 72000                 72000             2.8065523E-04         1.0000000E+30              1069       
 NEXT SEEDS:1545A0BF       0       0       0       0       0    10E1    3039       0       0
      30000                 70000                 70000             2.8044279E-04         1.0000000E+30              1155       
 NEXT SEEDS:159B2A19       0       0       0       0       0    10E1    3039       0       0
      32000                 68000                 68000             2.8043763E-04         1.0000000E+30              1218       
 NEXT SEEDS:15EFF100       0       0       0       0       0    10E1    3039       0       0
      34000                 66000                 66000             2.8045322E-04         1.0000000E+30              1296       
 NEXT SEEDS:16458AE8       0       0       0       0       0    10E1    3039       0       0
      36000                 64000                 64000             2.8060808E-04         1.0000000E+30              1363       
 NEXT SEEDS:169AAFCB       0       0       0       0       0    10E1    3039       0       0
      38000                 62000                 62000             2.8088327E-04         1.0000000E+30              1451       
 NEXT SEEDS:16F09296       0       0       0       0       0    10E1    3039       0       0
      40000                 60000                 60000             2.8109003E-04         1.0000000E+30              1518       
 NEXT SEEDS:1745BD22       0       0       0       0       0    10E1    3039       0       0
      42000                 58000                 58000             2.8152028E-04         1.0000000E+30              1588       
 NEXT SEEDS:179C9CE7       0       0       0       0       0    10E1    3039       0       0
      44000                 56000                 56000             2.8147202E-04         1.0000000E+30              1656       
 NEXT SEEDS:17F1618F       0       0       0       0       0    10E1    3039       0       0
      46000                 54000                 54000             2.8168416E-04         1.0000000E+30              1731       
 NEXT SEEDS:1845F909       0       0       0       0       0    10E1    3039       0       0
      48000                 52000                 52000             2.8208300E-04         1.0000000E+30              1806       
 NEXT SEEDS:189C675A       0       0       0       0       0    10E1    3039       0       0
      50000                 50000                 50000             2.8225192E-04         1.0000000E+30              1872       
 NEXT SEEDS:18F11795       0       0       0       0       0    10E1    3039       0       0
      52000                 48000                 48000             2.8238754E-04         1.0000000E+30              1934       
 NEXT SEEDS:1944E385       0       0       0       0       0    10E1    3039       0       0
      54000                 46000                 46000             2.8249725E-04         1.0000000E+30              2003       
 NEXT SEEDS:19995860       0       0       0       0       0    10E1    3039       0       0
      56000                 44000                 44000             2.8279504E-04         1.0000000E+30              2086       
 NEXT SEEDS:19EFAE8E       0       0       0       0       0    10E1    3039       0       0
      58000                 42000                 42000             2.8261180E-04         1.0000000E+30              2164       
 NEXT SEEDS:1A4297A4       0       0       0       0       0    10E1    3039       0       0
      60000                 40000                 40000             2.8292086E-04         1.0000000E+30              2235       
 NEXT SEEDS:1A99B063       0       0       0       0       0    10E1    3039       0       0
      62000                 38000                 38000             2.8277356E-04         1.0000000E+30              2315       
 NEXT SEEDS:1AED195B       0       0       0       0       0    10E1    3039       0       0
      64000                 36000                 36000             2.8288545E-04         1.0000000E+30              2396       
 NEXT SEEDS:1B42E244       0       0       0       0       0    10E1    3039       0       0
      66000                 34000                 34000             2.8311026E-04         1.0000000E+30              2481       
 NEXT SEEDS:1B99CEBE       0       0       0       0       0    10E1    3039       0       0
      68000                 32000                 32000             2.8324889E-04         1.0000000E+30              2565       
 NEXT SEEDS:1BEFEE08       0       0       0       0       0    10E1    3039       0       0
      70000                 30000                 30000             2.8329742E-04         1.0000000E+30              2642       
 NEXT SEEDS:1C4500CB       0       0       0       0       0    10E1    3039       0       0
      72000                 28000                 28000             2.8337226E-04         1.0000000E+30              2723       
 NEXT SEEDS:1C9AA774       0       0       0       0       0    10E1    3039       0       0
      74000                 26000                 26000             2.8337516E-04         1.0000000E+30              2799       
 NEXT SEEDS:1CEF9719       0       0       0       0       0    10E1    3039       0       0
      76000                 24000                 24000             2.8353720E-04         1.0000000E+30              2897       
 NEXT SEEDS:1D4641AB       0       0       0       0       0    10E1    3039       0       0
      78000                 22000                 22000             2.8333712E-04         1.0000000E+30              2975       
 NEXT SEEDS:1D9AC8F7       0       0       0       0       0    10E1    3039       0       0
      80000                 20000                 20000             2.8350524E-04         1.0000000E+30              3045       
 NEXT SEEDS:1DF0DF13       0       0       0       0       0    10E1    3039       0       0
      82000                 18000                 18000             2.8363543E-04         1.0000000E+30              3109       
 NEXT SEEDS:1E46EA2A       0       0       0       0       0    10E1    3039       0       0
      84000                 16000                 16000             2.8368391E-04         1.0000000E+30              3188       
 NEXT SEEDS:1E9CA4C7       0       0       0       0       0    10E1    3039       0       0
      86000                 14000                 14000             2.8376270E-04         1.0000000E+30              3272       
 NEXT SEEDS:1EF2783B       0       0       0       0       0    10E1    3039       0       0
      88000                 12000                 12000             2.8371637E-04         1.0000000E+30              3353       
 NEXT SEEDS:1F4722C5       0       0       0       0       0    10E1    3039       0       0
      90000                 10000                 10000             2.8361422E-04         1.0000000E+30              3437       
 NEXT SEEDS:1F9AE3DB       0       0       0       0       0    10E1    3039       0       0
      92000                  8000                  8000             2.8369490E-04         1.0000000E+30              3503       
 NEXT SEEDS:1FF0DE38       0       0       0       0       0    10E1    3039       0       0
      94000                  6000                  6000             2.8386726E-04         1.0000000E+30              3584       
 NEXT SEEDS:2047E6A2       0       0       0       0       0    10E1    3039       0       0
      96000                  4000                  4000             2.8386215E-04         1.0000000E+30              3654       
 NEXT SEEDS:209C672E       0       0       0       0       0    10E1    3039       0       0
      98000                  2000                  2000             2.8374245E-04         1.0000000E+30              3727       
 NEXT SEEDS:20F19C1B       0       0       0       0       0    10E1    3039       0       0
      99950                    50                    50             2.8380231E-04         1.0000000E+30              3789       
 NEXT SEEDS:214524B9       0       0       0       0       0    10E1    3039       0       0
      99951                    49                    49             2.8380208E-04         1.0000000E+30              3789       
 NEXT SEEDS:21452A20       0       0       0       0       0    10E1    3039       0       0
      99952                    48                    48             2.8380709E-04         1.0000000E+30              3789       
 NEXT SEEDS:214543E3       0       0       0       0       0    10E1    3039       0       0
      99953                    47                    47             2.8380612E-04         1.0000000E+30              3789       
 NEXT SEEDS:2145495C       0       0       0       0       0    10E1    3039       0       0
      99954                    46                    46             2.8380851E-04         1.0000000E+30              3789       
 NEXT SEEDS:214559D8       0       0       0       0       0    10E1    3039       0       0
      99955                    45                    45             2.8380567E-04         1.0000000E+30              3789       
 NEXT SEEDS:21455F77       0       0       0       0       0    10E1    3039       0       0
      99956                    44                    44             2.8380283E-04         1.0000000E+30              3789       
 NEXT SEEDS:214564BD       0       0       0       0       0    10E1    3039       0       0
      99957                    43                    43             2.8379999E-04         1.0000000E+30              3789       
 NEXT SEEDS:2145866C       0       0       0       0       0    10E1    3039       0       0
      99958                    42                    42             2.8379715E-04         1.0000000E+30              3789       
 NEXT SEEDS:21458BD8       0       0       0       0       0    10E1    3039       0       0
      99959                    41                    41             2.8379431E-04         1.0000000E+30              3789       
 NEXT SEEDS:214590F8       0       0       0       0       0    10E1    3039       0       0
      99960                    40                    40             2.8379147E-04         1.0000000E+30              3789       
 NEXT SEEDS:2145A6B6       0       0       0       0       0    10E1    3039       0       0
      99961                    39                    39             2.8378863E-04         1.0000000E+30              3789       
 NEXT SEEDS:2145ABC1       0       0       0       0       0    10E1    3039       0       0
      99962                    38                    38             2.8378579E-04         1.0000000E+30              3789       
 NEXT SEEDS:2145B0E2       0       0       0       0       0    10E1    3039       0       0
      99963                    37                    37             2.8378295E-04         1.0000000E+30              3789       
 NEXT SEEDS:2145B639       0       0       0       0       0    10E1    3039       0       0
      99964                    36                    36             2.8378011E-04         1.0000000E+30              3789       
 NEXT SEEDS:2145D1A4       0       0       0       0       0    10E1    3039       0       0
      99965                    35                    35             2.8377728E-04         1.0000000E+30              3789       
 NEXT SEEDS:2145E63E       0       0       0       0       0    10E1    3039       0       0
      99966                    34                    34             2.8377444E-04         1.0000000E+30              3789       
 NEXT SEEDS:2145F4C8       0       0       0       0       0    10E1    3039       0       0
      99967                    33                    33             2.8377160E-04         1.0000000E+30              3789       
 NEXT SEEDS:2145FA54       0       0       0       0       0    10E1    3039       0       0
      99968                    32                    32             2.8376876E-04         1.0000000E+30              3789       
 NEXT SEEDS:2145FF67       0       0       0       0       0    10E1    3039       0       0
      99969                    31                    31             2.8376592E-04         1.0000000E+30              3789       
 NEXT SEEDS:21460441       0       0       0       0       0    10E1    3039       0       0
      99970                    30                    30             2.8376308E-04         1.0000000E+30              3789       
 NEXT SEEDS:214609BD       0       0       0       0       0    10E1    3039       0       0
      99971                    29                    29             2.8376024E-04         1.0000000E+30              3789       
 NEXT SEEDS:2146257F       0       0       0       0       0    10E1    3039       0       0
      99972                    28                    28             2.8375741E-04         1.0000000E+30              3789       
 NEXT SEEDS:21462AC7       0       0       0       0       0    10E1    3039       0       0
      99973                    27                    27             2.8375457E-04         1.0000000E+30              3789       
 NEXT SEEDS:21463A3E       0       0       0       0       0    10E1    3039       0       0
      99974                    26                    26             2.8375173E-04         1.0000000E+30              3789       
 NEXT SEEDS:21463F72       0       0       0       0       0    10E1    3039       0       0
      99975                    25                    25             2.8374889E-04         1.0000000E+30              3789       
 NEXT SEEDS:21464EA2       0       0       0       0       0    10E1    3039       0       0
      99976                    24                    24             2.8374605E-04         1.0000000E+30              3789       
 NEXT SEEDS:21465400       0       0       0       0       0    10E1    3039       0       0
      99977                    23                    23             2.8374321E-04         1.0000000E+30              3789       
 NEXT SEEDS:21465998       0       0       0       0       0    10E1    3039       0       0
      99978                    22                    22             2.8374038E-04         1.0000000E+30              3789       
 NEXT SEEDS:21465F0C       0       0       0       0       0    10E1    3039       0       0
      99979                    21                    21             2.8373754E-04         1.0000000E+30              3789       
 NEXT SEEDS:2146643C       0       0       0       0       0    10E1    3039       0       0
      99980                    20                    20             2.8373470E-04         1.0000000E+30              3789       
 NEXT SEEDS:21467B3C       0       0       0       0       0    10E1    3039       0       0
      99981                    19                    19             2.8373186E-04         1.0000000E+30              3789       
 NEXT SEEDS:21468310       0       0       0       0       0    10E1    3039       0       0
      99982                    18                    18             2.8372902E-04         1.0000000E+30              3789       
 NEXT SEEDS:21468862       0       0       0       0       0    10E1    3039       0       0
      99983                    17                    17             2.8373046E-04         1.0000000E+30              3789       
 NEXT SEEDS:2146A228       0       0       0       0       0    10E1    3039       0       0
      99984                    16                    16             2.8372932E-04         1.0000000E+30              3789       
 NEXT SEEDS:2146A6CD       0       0       0       0       0    10E1    3039       0       0
      99985                    15                    15             2.8372807E-04         1.0000000E+30              3789       
 NEXT SEEDS:2146ABB2       0       0       0       0       0    10E1    3039       0       0
      99986                    14                    14             2.8372775E-04         1.0000000E+30              3789       
 NEXT SEEDS:2146B144       0       0       0       0       0    10E1    3039       0       0
      99987                    13                    13             2.8372867E-04         1.0000000E+30              3789       
 NEXT SEEDS:2146BCCD       0       0       0       0       0    10E1    3039       0       0
      99988                    12                    12             2.8373378E-04         1.0000000E+30              3789       
 NEXT SEEDS:2146D718       0       0       0       0       0    10E1    3039       0       0
      99989                    11                    11             2.8373295E-04         1.0000000E+30              3789       
 NEXT SEEDS:2146DCE8       0       0       0       0       0    10E1    3039       0       0
      99990                    10                    10             2.8373181E-04         1.0000000E+30              3789       
 NEXT SEEDS:2146E23A       0       0       0       0       0    10E1    3039       0       0
      99991                     9                     9             2.8373075E-04         1.0000000E+30              3789       
 NEXT SEEDS:2146E7E8       0       0       0       0       0    10E1    3039       0       0
      99992                     8                     8             2.8373516E-04         1.0000000E+30              3789       
 NEXT SEEDS:2146FFDC       0       0       0       0       0    10E1    3039       0       0
      99993                     7                     7             2.8373402E-04         1.0000000E+30              3789       
 NEXT SEEDS:214704F4       0       0       0       0       0    10E1    3039       0       0
      99994                     6                     6             2.8373631E-04         1.0000000E+30              3790       
 NEXT SEEDS:214718BE       0       0       0       0       0    10E1    3039       0       0
      99995                     5                     5             2.8373536E-04         1.0000000E+30              3790       
 NEXT SEEDS:21471DFF       0       0       0       0       0    10E1    3039       0       0
      99996                     4                     4             2.8373439E-04         1.0000000E+30              3790       
 NEXT SEEDS:2147238A       0       0       0       0       0    10E1    3039       0       0
      99997                     3                     3             2.8373781E-04         1.0000000E+30              3790       
 NEXT SEEDS:214737D3       0       0       0       0       0    10E1    3039       0       0
      99998                     2                     2             2.8373692E-04         1.0000000E+30              3790       
 NEXT SEEDS:21473D4F       0       0       0       0       0    10E1    3039       0       0
      99999                     1                     1             2.8373576E-04         1.0000000E+30              3790       
 NEXT SEEDS:214742A2       0       0       0       0       0    10E1    3039       0       0
     100000                     0                     1             2.8373441E-04         1.0000000E+30              3790       
 NEXT SEEDS:2147472F       0       0       0       0       0    10E1    3039       0       0
