1NUMBER OF BEAM       NUMBER OF BEAM        APPROXIMATE NUMBER    AVERAGE TIME USED     TIME LEFT (RESERVED   NUMBER OF STARS
 PARTICLES HANDLED    PARTICLES LEFT        OF BEAM PARTICLES     BY A BEAM PARTICLE     10000.0 SECONDS      CREATED
                                            THAT CAN STILL BE                           FOR PRINTOUT)
                                            HANDLED

 NEXT SEEDS:31F1625D       0       0       0       0       0    10E1    3039       0       0
          1                 99999                 99999             1.7201900E-04         1.0000000E+30                 0       
 NEXT SEEDS:31F16770       0       0       0       0       0    10E1    3039       0       0
       2000                 98000                 98000             2.9040051E-04         1.0000000E+30                75       
 NEXT SEEDS:3247F327       0       0       0       0       0    10E1    3039       0       0
       4000                 96000                 96000             2.8713000E-04         1.0000000E+30               158       
 NEXT SEEDS:329D6AB3       0       0       0       0       0    10E1    3039       0       0
       6000                 94000                 94000             2.8604019E-04         1.0000000E+30               233       
 NEXT SEEDS:32F2B941       0       0       0       0       0    10E1    3039       0       0
       8000                 92000                 92000             2.8491563E-04         1.0000000E+30               321       
 NEXT SEEDS:3347E947       0       0       0       0       0    10E1    3039       0       0
      10000                 90000                 90000             2.8401113E-04         1.0000000E+30               389       
 NEXT SEEDS:339C52CF       0       0       0       0       0    10E1    3039       0       0
      12000                 88000                 88000             2.8327541E-04         1.0000000E+30               468       
 NEXT SEEDS:33F0AE96       0       0       0       0       0    10E1    3039       0       0
      14000                 86000                 86000             2.8276781E-04         1.0000000E+30               535       
 NEXT SEEDS:3444F548       0       0       0       0       0    10E1    3039       0       0
      16000                 84000                 84000             2.8393114E-04         1.0000000E+30               614       
 NEXT SEEDS:349D0FD2       0       0       0       0       0    10E1    3039       0       0
      18000                 82000                 82000             2.8330056E-04         1.0000000E+30               688       
 NEXT SEEDS:34F23C83       0       0       0       0       0    10E1    3039       0       0
      20000                 80000                 80000             2.8385146E-04         1.0000000E+30               769       
 NEXT SEEDS:354AEC27       0       0       0       0       0    10E1    3039       0       0
      22000                 78000                 78000             2.8419163E-04         1.0000000E+30               845       
 NEXT SEEDS:35A1DBC1       0       0       0       0       0    10E1    3039       0       0
      24000                 76000                 76000             2.8486723E-04         1.0000000E+30               922       
 NEXT SEEDS:35F934A3       0       0       0       0       0    10E1    3039       0       0
      26000                 74000                 74000             2.8496597E-04         1.0000000E+30              1002       
 NEXT SEEDS:364E7F04       0       0       0       0       0    10E1    3039       0       0
      28000                 72000                 72000             2.8475096E-04         1.0000000E+30              1080       
 NEXT SEEDS:36A338F8       0       0       0       0       0    10E1    3039       0       0
      30000                 70000                 70000             2.8483920E-04         1.0000000E+30              1168       
 NEXT SEEDS:36F90D46       0       0       0       0       0    10E1    3039       0       0
      32000                 68000                 68000             2.8450049E-04         1.0000000E+30              1232       
 NEXT SEEDS:374CDCC2       0       0       0       0       0    10E1    3039       0       0
      34000                 66000                 66000             2.8434696E-04         1.0000000E+30              1318       
 NEXT SEEDS:37A1C259       0       0       0       0       0    10E1    3039       0       0
      36000                 64000                 64000             2.8430323E-04         1.0000000E+30              1385       
 NEXT SEEDS:37F7016B       0       0       0       0       0    10E1    3039       0       0
      38000                 62000                 62000             2.8453223E-04         1.0000000E+30              1447       
 NEXT SEEDS:384D3851       0       0       0       0       0    10E1    3039       0       0
      40000                 60000                 60000             2.8412739E-04         1.0000000E+30              1523       
 NEXT SEEDS:38A1ECE2       0       0       0       0       0    10E1    3039       0       0
      42000                 58000                 58000             2.8455438E-04         1.0000000E+30              1604       
 NEXT SEEDS:38FA13C1       0       0       0       0       0    10E1    3039       0       0
      44000                 56000                 56000             2.8439644E-04         1.0000000E+30              1671       
 NEXT SEEDS:394EA573       0       0       0       0       0    10E1    3039       0       0
      46000                 54000                 54000             2.8415248E-04         1.0000000E+30              1742       
 NEXT SEEDS:39A24AAC       0       0       0       0       0    10E1    3039       0       0
      48000                 52000                 52000             2.8409538E-04         1.0000000E+30              1800       
 NEXT SEEDS:39F6DFF7       0       0       0       0       0    10E1    3039       0       0
      50000                 50000                 50000             2.8431836E-04         1.0000000E+30              1873       
 NEXT SEEDS:3A4DA800       0       0       0       0       0    10E1    3039       0       0
      52000                 48000                 48000             2.8417247E-04         1.0000000E+30              1961       
 NEXT SEEDS:3AA3E722       0       0       0       0       0    10E1    3039       0       0
      54000                 46000                 46000             2.8434465E-04         1.0000000E+30              2028       
 NEXT SEEDS:3AF9CD4F       0       0       0       0       0    10E1    3039       0       0
      56000                 44000                 44000             2.8413024E-04         1.0000000E+30              2099       
 NEXT SEEDS:3B4D510E       0       0       0       0       0    10E1    3039       0       0
      58000                 42000                 42000             2.8420739E-04         1.0000000E+30              2186       
 NEXT SEEDS:   91D80       1       0       0       0       0    10E1    3039       0       0
      60000                 40000                 40000             2.8442644E-04         1.0000000E+30              2275       
 NEXT SEEDS:  5FCC73       1       0       0       0       0    10E1    3039       0       0
      62000                 38000                 38000             2.8430315E-04         1.0000000E+30              2365       
 NEXT SEEDS:  B557FF       1       0       0       0       0    10E1    3039       0       0
      64000                 36000                 36000             2.8413407E-04         1.0000000E+30              2439       
 NEXT SEEDS: 1099655       1       0       0       0       0    10E1    3039       0       0
      66000                 34000                 34000             2.8416926E-04         1.0000000E+30              2521       
 NEXT SEEDS: 15F76E9       1       0       0       0       0    10E1    3039       0       0
      68000                 32000                 32000             2.8418595E-04         1.0000000E+30              2599       
 NEXT SEEDS: 1B532AD       1       0       0       0       0    10E1    3039       0       0
      70000                 30000                 30000             2.8438269E-04         1.0000000E+30              2677       
 NEXT SEEDS: 20C9578       1       0       0       0       0    10E1    3039       0       0
      72000                 28000                 28000             2.8444119E-04         1.0000000E+30              2768       
 NEXT SEEDS: 2631565       1       0       0       0       0    10E1    3039       0       0
      74000                 26000                 26000             2.8428913E-04         1.0000000E+30              2843       
 NEXT SEEDS: 2B6F937       1       0       0       0       0    10E1    3039       0       0
      76000                 24000                 24000             2.8479592E-04         1.0000000E+30              2931       
 NEXT SEEDS: 311DA40       1       0       0       0       0    10E1    3039       0       0
      78000                 22000                 22000             2.8488512E-04         1.0000000E+30              3003       
 NEXT SEEDS: 368131B       1       0       0       0       0    10E1    3039       0       0
      80000                 20000                 20000             2.8489686E-04         1.0000000E+30              3084       
 NEXT SEEDS: 3BDD827       1       0       0       0       0    10E1    3039       0       0
      82000                 18000                 18000             2.8460024E-04         1.0000000E+30              3149       
 NEXT SEEDS: 41183C2       1       0       0       0       0    10E1    3039       0       0
      84000                 16000                 16000             2.8440964E-04         1.0000000E+30              3213       
 NEXT SEEDS: 46546B0       1       0       0       0       0    10E1    3039       0       0
      86000                 14000                 14000             2.8424461E-04         1.0000000E+30              3283       
 NEXT SEEDS: 4BA63A1       1       0       0       0       0    10E1    3039       0       0
      88000                 12000                 12000             2.8419489E-04         1.0000000E+30              3351       
 NEXT SEEDS: 50F4D6C       1       0       0       0       0    10E1    3039       0       0
      90000                 10000                 10000             2.8425425E-04         1.0000000E+30              3411       
 NEXT SEEDS: 565C228       1       0       0       0       0    10E1    3039       0       0
      92000                  8000                  8000             2.8420049E-04         1.0000000E+30              3494       
 NEXT SEEDS: 5BADFC3       1       0       0       0       0    10E1    3039       0       0
      94000                  6000                  6000             2.8424162E-04         1.0000000E+30              3580       
 NEXT SEEDS: 6114087       1       0       0       0       0    10E1    3039       0       0
      96000                  4000                  4000             2.8423463E-04         1.0000000E+30              3642       
 NEXT SEEDS: 666C4FC       1       0       0       0       0    10E1    3039       0       0
      98000                  2000                  2000             2.8422140E-04         1.0000000E+30              3708       
 NEXT SEEDS: 6BBDED5       1       0       0       0       0    10E1    3039       0       0
      99950                    50                    50             2.8425060E-04         1.0000000E+30              3782       
 NEXT SEEDS: 70F49A8       1       0       0       0       0    10E1    3039       0       0
      99951                    49                    49             2.8425023E-04         1.0000000E+30              3782       
 NEXT SEEDS: 70F4F21       1       0       0       0       0    10E1    3039       0       0
      99952                    48                    48             2.8424903E-04         1.0000000E+30              3782       
 NEXT SEEDS: 70F545D       1       0       0       0       0    10E1    3039       0       0
      99953                    47                    47             2.8424792E-04         1.0000000E+30              3782       
 NEXT SEEDS: 70F5942       1       0       0       0       0    10E1    3039       0       0
      99954                    46                    46             2.8424727E-04         1.0000000E+30              3782       
 NEXT SEEDS: 70F5E97       1       0       0       0       0    10E1    3039       0       0
      99955                    45                    45             2.8425292E-04         1.0000000E+30              3782       
 NEXT SEEDS: 70F7AD4       1       0       0       0       0    10E1    3039       0       0
      99956                    44                    44             2.8425508E-04         1.0000000E+30              3782       
 NEXT SEEDS: 70F8AE3       1       0       0       0       0    10E1    3039       0       0
      99957                    43                    43             2.8425395E-04         1.0000000E+30              3782       
 NEXT SEEDS: 70F9038       1       0       0       0       0    10E1    3039       0       0
      99958                    42                    42             2.8425574E-04         1.0000000E+30              3782       
 NEXT SEEDS: 70F9F0A       1       0       0       0       0    10E1    3039       0       0
      99959                    41                    41             2.8425891E-04         1.0000000E+30              3782       
 NEXT SEEDS: 70FB120       1       0       0       0       0    10E1    3039       0       0
      99960                    40                    40             2.8425811E-04         1.0000000E+30              3782       
 NEXT SEEDS: 70FB67A       1       0       0       0       0    10E1    3039       0       0
      99961                    39                    39             2.8425712E-04         1.0000000E+30              3782       
 NEXT SEEDS: 70FBBE6       1       0       0       0       0    10E1    3039       0       0
      99962                    38                    38             2.8425826E-04         1.0000000E+30              3783       
 NEXT SEEDS: 70FCD7E       1       0       0       0       0    10E1    3039       0       0
      99963                    37                    37             2.8425727E-04         1.0000000E+30              3783       
 NEXT SEEDS: 70FD31F       1       0       0       0       0    10E1    3039       0       0
      99964                    36                    36             2.8425637E-04         1.0000000E+30              3783       
 NEXT SEEDS: 70FD886       1       0       0       0       0    10E1    3039       0       0
      99965                    35                    35             2.8426017E-04         1.0000000E+30              3783       
 NEXT SEEDS: 70FEDF0       1       0       0       0       0    10E1    3039       0       0
      99966                    34                    34             2.8425889E-04         1.0000000E+30              3783       
 NEXT SEEDS: 70FF2AA       1       0       0       0       0    10E1    3039       0       0
      99967                    33                    33             2.8425759E-04         1.0000000E+30              3783       
 NEXT SEEDS: 70FF797       1       0       0       0       0    10E1    3039       0       0
      99968                    32                    32             2.8426419E-04         1.0000000E+30              3784       
 NEXT SEEDS: 7102174       1       0       0       0       0    10E1    3039       0       0
      99969                    31                    31             2.8426337E-04         1.0000000E+30              3784       
 NEXT SEEDS: 710266F       1       0       0       0       0    10E1    3039       0       0
      99970                    30                    30             2.8426228E-04         1.0000000E+30              3784       
 NEXT SEEDS: 7102B92       1       0       0       0       0    10E1    3039       0       0
      99971                    29                    29             2.8426108E-04         1.0000000E+30              3784       
 NEXT SEEDS: 71030BB       1       0       0       0       0    10E1    3039       0       0
      99972                    28                    28             2.8425995E-04         1.0000000E+30              3784       
 NEXT SEEDS: 7103600       1       0       0       0       0    10E1    3039       0       0
      99973                    27                    27             2.8425885E-04         1.0000000E+30              3784       
 NEXT SEEDS: 7103B88       1       0       0       0       0    10E1    3039       0       0
      99974                    26                    26             2.8426367E-04         1.0000000E+30              3784       
 NEXT SEEDS: 71054D8       1       0       0       0       0    10E1    3039       0       0
      99975                    25                    25             2.8426602E-04         1.0000000E+30              3784       
 NEXT SEEDS: 7106441       1       0       0       0       0    10E1    3039       0       0
      99976                    24                    24             2.8426502E-04         1.0000000E+30              3784       
 NEXT SEEDS: 7106990       1       0       0       0       0    10E1    3039       0       0
      99977                    23                    23             2.8426390E-04         1.0000000E+30              3784       
 NEXT SEEDS: 7106EBE       1       0       0       0       0    10E1    3039       0       0
      99978                    22                    22             2.8426277E-04         1.0000000E+30              3784       
 NEXT SEEDS: 7107430       1       0       0       0       0    10E1    3039       0       0
      99979                    21                    21             2.8426170E-04         1.0000000E+30              3784       
 NEXT SEEDS: 71079B8       1       0       0       0       0    10E1    3039       0       0
      99980                    20                    20             2.8426052E-04         1.0000000E+30              3784       
 NEXT SEEDS: 7107EE1       1       0       0       0       0    10E1    3039       0       0
      99981                    19                    19             2.8425957E-04         1.0000000E+30              3784       
 NEXT SEEDS: 710841A       1       0       0       0       0    10E1    3039       0       0
      99982                    18                    18             2.8425850E-04         1.0000000E+30              3784       
 NEXT SEEDS: 7108978       1       0       0       0       0    10E1    3039       0       0
      99983                    17                    17             2.8425720E-04         1.0000000E+30              3784       
 NEXT SEEDS: 7108E15       1       0       0       0       0    10E1    3039       0       0
      99984                    16                    16             2.8426023E-04         1.0000000E+30              3784       
 NEXT SEEDS: 710A6A8       1       0       0       0       0    10E1    3039       0       0
      99985                    15                    15             2.8425939E-04         1.0000000E+30              3784       
 NEXT SEEDS: 710AC06       1       0       0       0       0    10E1    3039       0       0
      99986                    14                    14             2.8426427E-04         1.0000000E+30              3784       
 NEXT SEEDS: 710C513       1       0       0       0       0    10E1    3039       0       0
      99987                    13                    13             2.8426334E-04         1.0000000E+30              3784       
 NEXT SEEDS: 710CA91       1       0       0       0       0    10E1    3039       0       0
      99988                    12                    12             2.8426725E-04         1.0000000E+30              3784       
 NEXT SEEDS: 710E1DE       1       0       0       0       0    10E1    3039       0       0
      99989                    11                    11             2.8426624E-04         1.0000000E+30              3784       
 NEXT SEEDS: 710E762       1       0       0       0       0    10E1    3039       0       0
      99990                    10                    10             2.8426513E-04         1.0000000E+30              3784       
 NEXT SEEDS: 710ECE1       1       0       0       0       0    10E1    3039       0       0
      99991                     9                     9             2.8426465E-04         1.0000000E+30              3784       
 NEXT SEEDS: 710F269       1       0       0       0       0    10E1    3039       0       0
      99992                     8                     8             2.8426963E-04         1.0000000E+30              3784       
 NEXT SEEDS: 7110BBE       1       0       0       0       0    10E1    3039       0       0
      99993                     7                     7             2.8426862E-04         1.0000000E+30              3784       
 NEXT SEEDS: 7111111       1       0       0       0       0    10E1    3039       0       0
      99994                     6                     6             2.8426738E-04         1.0000000E+30              3784       
 NEXT SEEDS: 7111607       1       0       0       0       0    10E1    3039       0       0
      99995                     5                     5             2.8426625E-04         1.0000000E+30              3784       
 NEXT SEEDS: 7111B6B       1       0       0       0       0    10E1    3039       0       0
      99996                     4                     4             2.8426509E-04         1.0000000E+30              3784       
 NEXT SEEDS: 71120D0       1       0       0       0       0    10E1    3039       0       0
      99997                     3                     3             2.8426421E-04         1.0000000E+30              3784       
 NEXT SEEDS: 7112650       1       0       0       0       0    10E1    3039       0       0
      99998                     2                     2             2.8426322E-04         1.0000000E+30              3784       
 NEXT SEEDS: 7112BD5       1       0       0       0       0    10E1    3039       0       0
      99999                     1                     1             2.8426892E-04         1.0000000E+30              3784       
 NEXT SEEDS: 71147B8       1       0       0       0       0    10E1    3039       0       0
     100000                     0                     1             2.8427344E-04         1.0000000E+30              3784       
 NEXT SEEDS: 7116034       1       0       0       0       0    10E1    3039       0       0
