1NUMBER OF BEAM       NUMBER OF BEAM        APPROXIMATE NUMBER    AVERAGE TIME USED     TIME LEFT (RESERVED   NUMBER OF STARS
 PARTICLES HANDLED    PARTICLES LEFT        OF BEAM PARTICLES     BY A BEAM PARTICLE     10000.0 SECONDS      CREATED
                                            THAT CAN STILL BE                           FOR PRINTOUT)
                                            HANDLED

 NEXT SEEDS:2F71D300       2       0       0       0       0    10E1    3039       0       0
          1                 99999                 99999             9.3936920E-05         1.0000000E+30                 0       
 NEXT SEEDS:2F71D894       2       0       0       0       0    10E1    3039       0       0
       2000                 98000                 98000             2.9320544E-04         1.0000000E+30                85       
 NEXT SEEDS:2FCAA0C5       2       0       0       0       0    10E1    3039       0       0
       4000                 96000                 96000             2.9076973E-04         1.0000000E+30               171       
 NEXT SEEDS:3021BF22       2       0       0       0       0    10E1    3039       0       0
       6000                 94000                 94000             2.8635349E-04         1.0000000E+30               247       
 NEXT SEEDS:3076F931       2       0       0       0       0    10E1    3039       0       0
       8000                 92000                 92000             2.8263099E-04         1.0000000E+30               314       
 NEXT SEEDS:30C8ED98       2       0       0       0       0    10E1    3039       0       0
      10000                 90000                 90000             2.8305248E-04         1.0000000E+30               386       
 NEXT SEEDS:311EA003       2       0       0       0       0    10E1    3039       0       0
      12000                 88000                 88000             2.8293410E-04         1.0000000E+30               448       
 NEXT SEEDS:3173A51B       2       0       0       0       0    10E1    3039       0       0
      14000                 86000                 86000             2.8327457E-04         1.0000000E+30               537       
 NEXT SEEDS:31CA49AE       2       0       0       0       0    10E1    3039       0       0
      16000                 84000                 84000             2.8211450E-04         1.0000000E+30               617       
 NEXT SEEDS:321E782A       2       0       0       0       0    10E1    3039       0       0
      18000                 82000                 82000             2.8253139E-04         1.0000000E+30               689       
 NEXT SEEDS:3274CBE4       2       0       0       0       0    10E1    3039       0       0
      20000                 80000                 80000             2.8188414E-04         1.0000000E+30               756       
 NEXT SEEDS:32C837C1       2       0       0       0       0    10E1    3039       0       0
      22000                 78000                 78000             2.8118358E-04         1.0000000E+30               831       
 NEXT SEEDS:331B53C4       2       0       0       0       0    10E1    3039       0       0
      24000                 76000                 76000             2.8059468E-04         1.0000000E+30               914       
 NEXT SEEDS:336E37D2       2       0       0       0       0    10E1    3039       0       0
      26000                 74000                 74000             2.8080047E-04         1.0000000E+30              1006       
 NEXT SEEDS:33C3EFCF       2       0       0       0       0    10E1    3039       0       0
      28000                 72000                 72000             2.8036681E-04         1.0000000E+30              1079       
 NEXT SEEDS:34181CD8       2       0       0       0       0    10E1    3039       0       0
      30000                 70000                 70000             2.8090659E-04         1.0000000E+30              1148       
 NEXT SEEDS:346EC73C       2       0       0       0       0    10E1    3039       0       0
      32000                 68000                 68000             2.8091700E-04         1.0000000E+30              1219       
 NEXT SEEDS:34C37BAC       2       0       0       0       0    10E1    3039       0       0
      34000                 66000                 66000             2.8117574E-04         1.0000000E+30              1298       
 NEXT SEEDS:351916D5       2       0       0       0       0    10E1    3039       0       0
      36000                 64000                 64000             2.8065304E-04         1.0000000E+30              1368       
 NEXT SEEDS:356B19F5       2       0       0       0       0    10E1    3039       0       0
      38000                 62000                 62000             2.8048915E-04         1.0000000E+30              1456       
 NEXT SEEDS:35BF2640       2       0       0       0       0    10E1    3039       0       0
      40000                 60000                 60000             2.8108333E-04         1.0000000E+30              1530       
 NEXT SEEDS:3616CD46       2       0       0       0       0    10E1    3039       0       0
      42000                 58000                 58000             2.8112642E-04         1.0000000E+30              1608       
 NEXT SEEDS:366BD38D       2       0       0       0       0    10E1    3039       0       0
      44000                 56000                 56000             2.8068437E-04         1.0000000E+30              1684       
 NEXT SEEDS:36BDFA50       2       0       0       0       0    10E1    3039       0       0
      46000                 54000                 54000             2.8086224E-04         1.0000000E+30              1769       
 NEXT SEEDS:3713A377       2       0       0       0       0    10E1    3039       0       0
      48000                 52000                 52000             2.8119905E-04         1.0000000E+30              1839       
 NEXT SEEDS:3768C220       2       0       0       0       0    10E1    3039       0       0
      50000                 50000                 50000             2.8175420E-04         1.0000000E+30              1929       
 NEXT SEEDS:37BF0DA8       2       0       0       0       0    10E1    3039       0       0
      52000                 48000                 48000             2.8240782E-04         1.0000000E+30              2019       
 NEXT SEEDS:38155156       2       0       0       0       0    10E1    3039       0       0
      54000                 46000                 46000             2.8307525E-04         1.0000000E+30              2099       
 NEXT SEEDS:386C061E       2       0       0       0       0    10E1    3039       0       0
      56000                 44000                 44000             2.8358584E-04         1.0000000E+30              2155       
 NEXT SEEDS:38C23055       2       0       0       0       0    10E1    3039       0       0
      58000                 42000                 42000             2.8429751E-04         1.0000000E+30              2237       
 NEXT SEEDS:3919921D       2       0       0       0       0    10E1    3039       0       0
      60000                 40000                 40000             2.8444194E-04         1.0000000E+30              2312       
 NEXT SEEDS:396CDF87       2       0       0       0       0    10E1    3039       0       0
      62000                 38000                 38000             2.8420647E-04         1.0000000E+30              2375       
 NEXT SEEDS:39C03EC4       2       0       0       0       0    10E1    3039       0       0
      64000                 36000                 36000             2.8426345E-04         1.0000000E+30              2442       
 NEXT SEEDS:3A15A209       2       0       0       0       0    10E1    3039       0       0
      66000                 34000                 34000             2.8431302E-04         1.0000000E+30              2516       
 NEXT SEEDS:3A6B0DA6       2       0       0       0       0    10E1    3039       0       0
      68000                 32000                 32000             2.8421928E-04         1.0000000E+30              2603       
 NEXT SEEDS:3ABEAD83       2       0       0       0       0    10E1    3039       0       0
      70000                 30000                 30000             2.8401445E-04         1.0000000E+30              2694       
 NEXT SEEDS:3B127AD0       2       0       0       0       0    10E1    3039       0       0
      72000                 28000                 28000             2.8418209E-04         1.0000000E+30              2762       
 NEXT SEEDS:3B687F8C       2       0       0       0       0    10E1    3039       0       0
      74000                 26000                 26000             2.8417885E-04         1.0000000E+30              2833       
 NEXT SEEDS:  229945       3       0       0       0       0    10E1    3039       0       0
      76000                 24000                 24000             2.8390101E-04         1.0000000E+30              2899       
 NEXT SEEDS:  7504A7       3       0       0       0       0    10E1    3039       0       0
      78000                 22000                 22000             2.8395476E-04         1.0000000E+30              2978       
 NEXT SEEDS:  CAF4E8       3       0       0       0       0    10E1    3039       0       0
      80000                 20000                 20000             2.8394508E-04         1.0000000E+30              3047       
 NEXT SEEDS: 120A67A       3       0       0       0       0    10E1    3039       0       0
      82000                 18000                 18000             2.8361292E-04         1.0000000E+30              3131       
 NEXT SEEDS: 1755078       3       0       0       0       0    10E1    3039       0       0
      84000                 16000                 16000             2.8394558E-04         1.0000000E+30              3194       
 NEXT SEEDS: 1CE398D       3       0       0       0       0    10E1    3039       0       0
      86000                 14000                 14000             2.8386641E-04         1.0000000E+30              3272       
 NEXT SEEDS: 2231E70       3       0       0       0       0    10E1    3039       0       0
      88000                 12000                 12000             2.8372458E-04         1.0000000E+30              3339       
 NEXT SEEDS: 276E67D       3       0       0       0       0    10E1    3039       0       0
      90000                 10000                 10000             2.8373499E-04         1.0000000E+30              3415       
 NEXT SEEDS: 2CC4EB5       3       0       0       0       0    10E1    3039       0       0
      92000                  8000                  8000             2.8386051E-04         1.0000000E+30              3508       
 NEXT SEEDS: 322B241       3       0       0       0       0    10E1    3039       0       0
      94000                  6000                  6000             2.8383908E-04         1.0000000E+30              3585       
 NEXT SEEDS: 3778473       3       0       0       0       0    10E1    3039       0       0
      96000                  4000                  4000             2.8380439E-04         1.0000000E+30              3653       
 NEXT SEEDS: 3CB9CE3       3       0       0       0       0    10E1    3039       0       0
      98000                  2000                  2000             2.8365485E-04         1.0000000E+30              3734       
 NEXT SEEDS: 41EE1A5       3       0       0       0       0    10E1    3039       0       0
      99950                    50                    50             2.8347740E-04         1.0000000E+30              3815       
 NEXT SEEDS: 4715D13       3       0       0       0       0    10E1    3039       0       0
      99951                    49                    49             2.8347981E-04         1.0000000E+30              3815       
 NEXT SEEDS: 4716BA1       3       0       0       0       0    10E1    3039       0       0
      99952                    48                    48             2.8347879E-04         1.0000000E+30              3815       
 NEXT SEEDS: 4717115       3       0       0       0       0    10E1    3039       0       0
      99953                    47                    47             2.8347754E-04         1.0000000E+30              3815       
 NEXT SEEDS: 47175FD       3       0       0       0       0    10E1    3039       0       0
      99954                    46                    46             2.8347665E-04         1.0000000E+30              3815       
 NEXT SEEDS: 4717B5E       3       0       0       0       0    10E1    3039       0       0
      99955                    45                    45             2.8347562E-04         1.0000000E+30              3815       
 NEXT SEEDS: 471806D       3       0       0       0       0    10E1    3039       0       0
      99956                    44                    44             2.8347456E-04         1.0000000E+30              3815       
 NEXT SEEDS: 4718608       3       0       0       0       0    10E1    3039       0       0
      99957                    43                    43             2.8347350E-04         1.0000000E+30              3815       
 NEXT SEEDS: 4718BBC       3       0       0       0       0    10E1    3039       0       0
      99958                    42                    42             2.8347896E-04         1.0000000E+30              3815       
 NEXT SEEDS: 471A6CC       3       0       0       0       0    10E1    3039       0       0
      99959                    41                    41             2.8347800E-04         1.0000000E+30              3815       
 NEXT SEEDS: 471AC01       3       0       0       0       0    10E1    3039       0       0
      99960                    40                    40             2.8347675E-04         1.0000000E+30              3815       
 NEXT SEEDS: 471B0C3       3       0       0       0       0    10E1    3039       0       0
      99961                    39                    39             2.8347565E-04         1.0000000E+30              3815       
 NEXT SEEDS: 471B62C       3       0       0       0       0    10E1    3039       0       0
      99962                    38                    38             2.8347483E-04         1.0000000E+30              3815       
 NEXT SEEDS: 471BB9D       3       0       0       0       0    10E1    3039       0       0
      99963                    37                    37             2.8347484E-04         1.0000000E+30              3816       
 NEXT SEEDS: 471C47C       3       0       0       0       0    10E1    3039       0       0
      99964                    36                    36             2.8347647E-04         1.0000000E+30              3817       
 NEXT SEEDS: 471DA37       3       0       0       0       0    10E1    3039       0       0
      99965                    35                    35             2.8347554E-04         1.0000000E+30              3817       
 NEXT SEEDS: 471DF6B       3       0       0       0       0    10E1    3039       0       0
      99966                    34                    34             2.8347858E-04         1.0000000E+30              3817       
 NEXT SEEDS: 471F248       3       0       0       0       0    10E1    3039       0       0
      99967                    33                    33             2.8347764E-04         1.0000000E+30              3817       
 NEXT SEEDS: 471FDA7       3       0       0       0       0    10E1    3039       0       0
      99968                    32                    32             2.8347673E-04         1.0000000E+30              3817       
 NEXT SEEDS: 47202E8       3       0       0       0       0    10E1    3039       0       0
      99969                    31                    31             2.8347580E-04         1.0000000E+30              3817       
 NEXT SEEDS: 4720863       3       0       0       0       0    10E1    3039       0       0
      99970                    30                    30             2.8347474E-04         1.0000000E+30              3817       
 NEXT SEEDS: 4720DF6       3       0       0       0       0    10E1    3039       0       0
      99971                    29                    29             2.8347351E-04         1.0000000E+30              3817       
 NEXT SEEDS: 47212FD       3       0       0       0       0    10E1    3039       0       0
      99972                    28                    28             2.8347246E-04         1.0000000E+30              3817       
 NEXT SEEDS: 4721870       3       0       0       0       0    10E1    3039       0       0
      99973                    27                    27             2.8347134E-04         1.0000000E+30              3817       
 NEXT SEEDS: 4721DD4       3       0       0       0       0    10E1    3039       0       0
      99974                    26                    26             2.8347456E-04         1.0000000E+30              3818       
 NEXT SEEDS: 47238B4       3       0       0       0       0    10E1    3039       0       0
      99975                    25                    25             2.8347359E-04         1.0000000E+30              3818       
 NEXT SEEDS: 4723E1A       3       0       0       0       0    10E1    3039       0       0
      99976                    24                    24             2.8347251E-04         1.0000000E+30              3818       
 NEXT SEEDS: 47243A1       3       0       0       0       0    10E1    3039       0       0
      99977                    23                    23             2.8347769E-04         1.0000000E+30              3818       
 NEXT SEEDS: 4725C5D       3       0       0       0       0    10E1    3039       0       0
      99978                    22                    22             2.8347659E-04         1.0000000E+30              3818       
 NEXT SEEDS: 4726142       3       0       0       0       0    10E1    3039       0       0
      99979                    21                    21             2.8347601E-04         1.0000000E+30              3818       
 NEXT SEEDS: 47266B8       3       0       0       0       0    10E1    3039       0       0
      99980                    20                    20             2.8347513E-04         1.0000000E+30              3818       
 NEXT SEEDS: 4726C59       3       0       0       0       0    10E1    3039       0       0
      99981                    19                    19             2.8347394E-04         1.0000000E+30              3818       
 NEXT SEEDS: 472718E       3       0       0       0       0    10E1    3039       0       0
      99982                    18                    18             2.8347273E-04         1.0000000E+30              3818       
 NEXT SEEDS: 47276B3       3       0       0       0       0    10E1    3039       0       0
      99983                    17                    17             2.8347676E-04         1.0000000E+30              3818       
 NEXT SEEDS: 4728C8A       3       0       0       0       0    10E1    3039       0       0
      99984                    16                    16             2.8347591E-04         1.0000000E+30              3818       
 NEXT SEEDS: 47291EF       3       0       0       0       0    10E1    3039       0       0
      99985                    15                    15             2.8348059E-04         1.0000000E+30              3818       
 NEXT SEEDS: 472AA79       3       0       0       0       0    10E1    3039       0       0
      99986                    14                    14             2.8347976E-04         1.0000000E+30              3818       
 NEXT SEEDS: 472AFBE       3       0       0       0       0    10E1    3039       0       0
      99987                    13                    13             2.8348358E-04         1.0000000E+30              3818       
 NEXT SEEDS: 472C583       3       0       0       0       0    10E1    3039       0       0
      99988                    12                    12             2.8348265E-04         1.0000000E+30              3818       
 NEXT SEEDS: 472CAE9       3       0       0       0       0    10E1    3039       0       0
      99989                    11                    11             2.8348777E-04         1.0000000E+30              3818       
 NEXT SEEDS: 472E598       3       0       0       0       0    10E1    3039       0       0
      99990                    10                    10             2.8348677E-04         1.0000000E+30              3818       
 NEXT SEEDS: 472EA95       3       0       0       0       0    10E1    3039       0       0
      99991                     9                     9             2.8348954E-04         1.0000000E+30              3819       
 NEXT SEEDS: 472FD3C       3       0       0       0       0    10E1    3039       0       0
      99992                     8                     8             2.8348871E-04         1.0000000E+30              3819       
 NEXT SEEDS: 47302A1       3       0       0       0       0    10E1    3039       0       0
      99993                     7                     7             2.8348782E-04         1.0000000E+30              3819       
 NEXT SEEDS: 4730845       3       0       0       0       0    10E1    3039       0       0
      99994                     6                     6             2.8348653E-04         1.0000000E+30              3819       
 NEXT SEEDS: 4730D0E       3       0       0       0       0    10E1    3039       0       0
      99995                     5                     5             2.8348537E-04         1.0000000E+30              3819       
 NEXT SEEDS: 473125E       3       0       0       0       0    10E1    3039       0       0
      99996                     4                     4             2.8348416E-04         1.0000000E+30              3819       
 NEXT SEEDS: 473177C       3       0       0       0       0    10E1    3039       0       0
      99997                     3                     3             2.8348298E-04         1.0000000E+30              3819       
 NEXT SEEDS: 4731CB0       3       0       0       0       0    10E1    3039       0       0
      99998                     2                     2             2.8348200E-04         1.0000000E+30              3819       
 NEXT SEEDS: 473221B       3       0       0       0       0    10E1    3039       0       0
      99999                     1                     1             2.8348710E-04         1.0000000E+30              3819       
 NEXT SEEDS: 4733CB9       3       0       0       0       0    10E1    3039       0       0
     100000                     0                     1             2.8349189E-04         1.0000000E+30              3819       
 NEXT SEEDS: 4735555       3       0       0       0       0    10E1    3039       0       0
