1NUMBER OF BEAM       NUMBER OF BEAM        APPROXIMATE NUMBER    AVERAGE TIME USED     TIME LEFT (RESERVED   NUMBER OF STARS
 PARTICLES HANDLED    PARTICLES LEFT        OF BEAM PARTICLES     BY A BEAM PARTICLE     10000.0 SECONDS      CREATED
                                            THAT CAN STILL BE                           FOR PRINTOUT)
                                            HANDLED

 NEXT SEEDS:2147472F       0       0       0       0       0    10E1    3039       0       0
          1                 99999                 99999             2.0408630E-04         1.0000000E+30                 0       
 NEXT SEEDS:21474CF6       0       0       0       0       0    10E1    3039       0       0
       2000                 98000                 98000             2.6820809E-04         1.0000000E+30                70       
 NEXT SEEDS:2199DCD7       0       0       0       0       0    10E1    3039       0       0
       4000                 96000                 96000             2.7415225E-04         1.0000000E+30               152       
 NEXT SEEDS:21EE3181       0       0       0       0       0    10E1    3039       0       0
       6000                 94000                 94000             2.7479869E-04         1.0000000E+30               232       
 NEXT SEEDS:22418C67       0       0       0       0       0    10E1    3039       0       0
       8000                 92000                 92000             2.7653114E-04         1.0000000E+30               298       
 NEXT SEEDS:2295A7E0       0       0       0       0       0    10E1    3039       0       0
      10000                 90000                 90000             2.7533652E-04         1.0000000E+30               368       
 NEXT SEEDS:22EA1A98       0       0       0       0       0    10E1    3039       0       0
      12000                 88000                 88000             2.7781476E-04         1.0000000E+30               428       
 NEXT SEEDS:2340D84F       0       0       0       0       0    10E1    3039       0       0
      14000                 86000                 86000             2.7945172E-04         1.0000000E+30               508       
 NEXT SEEDS:23979F92       0       0       0       0       0    10E1    3039       0       0
      16000                 84000                 84000             2.8015531E-04         1.0000000E+30               583       
 NEXT SEEDS:23ED86FF       0       0       0       0       0    10E1    3039       0       0
      18000                 82000                 82000             2.8021940E-04         1.0000000E+30               647       
 NEXT SEEDS:2441A6EA       0       0       0       0       0    10E1    3039       0       0
      20000                 80000                 80000             2.8070076E-04         1.0000000E+30               736       
 NEXT SEEDS:2497D290       0       0       0       0       0    10E1    3039       0       0
      22000                 78000                 78000             2.8037523E-04         1.0000000E+30               813       
 NEXT SEEDS:24EB4C47       0       0       0       0       0    10E1    3039       0       0
      24000                 76000                 76000             2.8115253E-04         1.0000000E+30               894       
 NEXT SEEDS:25429904       0       0       0       0       0    10E1    3039       0       0
      26000                 74000                 74000             2.8107640E-04         1.0000000E+30               957       
 NEXT SEEDS:2597002B       0       0       0       0       0    10E1    3039       0       0
      28000                 72000                 72000             2.8138338E-04         1.0000000E+30              1036       
 NEXT SEEDS:25EC8A1D       0       0       0       0       0    10E1    3039       0       0
      30000                 70000                 70000             2.8137551E-04         1.0000000E+30              1116       
 NEXT SEEDS:2640E440       0       0       0       0       0    10E1    3039       0       0
      32000                 68000                 68000             2.8137875E-04         1.0000000E+30              1184       
 NEXT SEEDS:26953105       0       0       0       0       0    10E1    3039       0       0
      34000                 66000                 66000             2.8159442E-04         1.0000000E+30              1267       
 NEXT SEEDS:26EAE1A0       0       0       0       0       0    10E1    3039       0       0
      36000                 64000                 64000             2.8209657E-04         1.0000000E+30              1342       
 NEXT SEEDS:2741D7A5       0       0       0       0       0    10E1    3039       0       0
      38000                 62000                 62000             2.8227975E-04         1.0000000E+30              1410       
 NEXT SEEDS:27978EE4       0       0       0       0       0    10E1    3039       0       0
      40000                 60000                 60000             2.8224879E-04         1.0000000E+30              1487       
 NEXT SEEDS:27EC9B0B       0       0       0       0       0    10E1    3039       0       0
      42000                 58000                 58000             2.8240960E-04         1.0000000E+30              1569       
 NEXT SEEDS:2842070A       0       0       0       0       0    10E1    3039       0       0
      44000                 56000                 56000             2.8197343E-04         1.0000000E+30              1632       
 NEXT SEEDS:289427ED       0       0       0       0       0    10E1    3039       0       0
      46000                 54000                 54000             2.8211519E-04         1.0000000E+30              1705       
 NEXT SEEDS:28E9A488       0       0       0       0       0    10E1    3039       0       0
      48000                 52000                 52000             2.8225758E-04         1.0000000E+30              1774       
 NEXT SEEDS:293F45A8       0       0       0       0       0    10E1    3039       0       0
      50000                 50000                 50000             2.8274025E-04         1.0000000E+30              1846       
 NEXT SEEDS:29974930       0       0       0       0       0    10E1    3039       0       0
      52000                 48000                 48000             2.8232866E-04         1.0000000E+30              1916       
 NEXT SEEDS:29EA9348       0       0       0       0       0    10E1    3039       0       0
      54000                 46000                 46000             2.8235155E-04         1.0000000E+30              1991       
 NEXT SEEDS:2A3F8688       0       0       0       0       0    10E1    3039       0       0
      56000                 44000                 44000             2.8222828E-04         1.0000000E+30              2073       
 NEXT SEEDS:2A93047A       0       0       0       0       0    10E1    3039       0       0
      58000                 42000                 42000             2.8244941E-04         1.0000000E+30              2154       
 NEXT SEEDS:2AE9892B       0       0       0       0       0    10E1    3039       0       0
      60000                 40000                 40000             2.8247845E-04         1.0000000E+30              2226       
 NEXT SEEDS:2B3E5BC1       0       0       0       0       0    10E1    3039       0       0
      62000                 38000                 38000             2.8240941E-04         1.0000000E+30              2297       
 NEXT SEEDS:2B9201B8       0       0       0       0       0    10E1    3039       0       0
      64000                 36000                 36000             2.8289257E-04         1.0000000E+30              2372       
 NEXT SEEDS:2BEAE258       0       0       0       0       0    10E1    3039       0       0
      66000                 34000                 34000             2.8293510E-04         1.0000000E+30              2441       
 NEXT SEEDS:2C400DB5       0       0       0       0       0    10E1    3039       0       0
      68000                 32000                 32000             2.8292341E-04         1.0000000E+30              2510       
 NEXT SEEDS:2C9501F7       0       0       0       0       0    10E1    3039       0       0
      70000                 30000                 30000             2.8336235E-04         1.0000000E+30              2575       
 NEXT SEEDS:2CED273A       0       0       0       0       0    10E1    3039       0       0
      72000                 28000                 28000             2.8341509E-04         1.0000000E+30              2656       
 NEXT SEEDS:2D42A163       0       0       0       0       0    10E1    3039       0       0
      74000                 26000                 26000             2.8323335E-04         1.0000000E+30              2730       
 NEXT SEEDS:2D95D506       0       0       0       0       0    10E1    3039       0       0
      76000                 24000                 24000             2.8331929E-04         1.0000000E+30              2790       
 NEXT SEEDS:2DEB39D5       0       0       0       0       0    10E1    3039       0       0
      78000                 22000                 22000             2.8353810E-04         1.0000000E+30              2863       
 NEXT SEEDS:2E42524C       0       0       0       0       0    10E1    3039       0       0
      80000                 20000                 20000             2.8376092E-04         1.0000000E+30              2946       
 NEXT SEEDS:2E99B095       0       0       0       0       0    10E1    3039       0       0
      82000                 18000                 18000             2.8382203E-04         1.0000000E+30              3019       
 NEXT SEEDS:2EEF1F98       0       0       0       0       0    10E1    3039       0       0
      84000                 16000                 16000             2.8365688E-04         1.0000000E+30              3088       
 NEXT SEEDS:2F44A648       0       0       0       0       0    10E1    3039       0       0
      86000                 14000                 14000             2.8384024E-04         1.0000000E+30              3168       
 NEXT SEEDS:2F9D209D       0       0       0       0       0    10E1    3039       0       0
      88000                 12000                 12000             2.8390498E-04         1.0000000E+30              3249       
 NEXT SEEDS:2FF26725       0       0       0       0       0    10E1    3039       0       0
      90000                 10000                 10000             2.8377396E-04         1.0000000E+30              3316       
 NEXT SEEDS:30456260       0       0       0       0       0    10E1    3039       0       0
      92000                  8000                  8000             2.8385199E-04         1.0000000E+30              3407       
 NEXT SEEDS:309B2FB7       0       0       0       0       0    10E1    3039       0       0
      94000                  6000                  6000             2.8376651E-04         1.0000000E+30              3482       
 NEXT SEEDS:30EFCD38       0       0       0       0       0    10E1    3039       0       0
      96000                  4000                  4000             2.8373157E-04         1.0000000E+30              3569       
 NEXT SEEDS:31449A95       0       0       0       0       0    10E1    3039       0       0
      98000                  2000                  2000             2.8382982E-04         1.0000000E+30              3631       
 NEXT SEEDS:319AD9ED       0       0       0       0       0    10E1    3039       0       0
      99950                    50                    50             2.8394810E-04         1.0000000E+30              3704       
 NEXT SEEDS:31EFBCD2       0       0       0       0       0    10E1    3039       0       0
      99951                    49                    49             2.8394785E-04         1.0000000E+30              3704       
 NEXT SEEDS:31EFC266       0       0       0       0       0    10E1    3039       0       0
      99952                    48                    48             2.8394692E-04         1.0000000E+30              3704       
 NEXT SEEDS:31EFC7C5       0       0       0       0       0    10E1    3039       0       0
      99953                    47                    47             2.8394816E-04         1.0000000E+30              3704       
 NEXT SEEDS:31EFD4C1       0       0       0       0       0    10E1    3039       0       0
      99954                    46                    46             2.8395282E-04         1.0000000E+30              3704       
 NEXT SEEDS:31EFED24       0       0       0       0       0    10E1    3039       0       0
      99955                    45                    45             2.8395183E-04         1.0000000E+30              3704       
 NEXT SEEDS:31EFF283       0       0       0       0       0    10E1    3039       0       0
      99956                    44                    44             2.8395084E-04         1.0000000E+30              3704       
 NEXT SEEDS:31EFF7F4       0       0       0       0       0    10E1    3039       0       0
      99957                    43                    43             2.8394968E-04         1.0000000E+30              3704       
 NEXT SEEDS:31EFFD2C       0       0       0       0       0    10E1    3039       0       0
      99958                    42                    42             2.8394856E-04         1.0000000E+30              3704       
 NEXT SEEDS:31F002B4       0       0       0       0       0    10E1    3039       0       0
      99959                    41                    41             2.8394822E-04         1.0000000E+30              3704       
 NEXT SEEDS:31F007E2       0       0       0       0       0    10E1    3039       0       0
      99960                    40                    40             2.8394727E-04         1.0000000E+30              3704       
 NEXT SEEDS:31F00D7D       0       0       0       0       0    10E1    3039       0       0
      99961                    39                    39             2.8394614E-04         1.0000000E+30              3704       
 NEXT SEEDS:31F012E2       0       0       0       0       0    10E1    3039       0       0
      99962                    38                    38             2.8394508E-04         1.0000000E+30              3704       
 NEXT SEEDS:31F0186D       0       0       0       0       0    10E1    3039       0       0
      99963                    37                    37             2.8394390E-04         1.0000000E+30              3704       
 NEXT SEEDS:31F01DCC       0       0       0       0       0    10E1    3039       0       0
      99964                    36                    36             2.8394281E-04         1.0000000E+30              3704       
 NEXT SEEDS:31F022B7       0       0       0       0       0    10E1    3039       0       0
      99965                    35                    35             2.8394178E-04         1.0000000E+30              3704       
 NEXT SEEDS:31F02809       0       0       0       0       0    10E1    3039       0       0
      99966                    34                    34             2.8394064E-04         1.0000000E+30              3704       
 NEXT SEEDS:31F02D55       0       0       0       0       0    10E1    3039       0       0
      99967                    33                    33             2.8393952E-04         1.0000000E+30              3704       
 NEXT SEEDS:31F032A9       0       0       0       0       0    10E1    3039       0       0
      99968                    32                    32             2.8393830E-04         1.0000000E+30              3704       
 NEXT SEEDS:31F037DF       0       0       0       0       0    10E1    3039       0       0
      99969                    31                    31             2.8393719E-04         1.0000000E+30              3704       
 NEXT SEEDS:31F03D82       0       0       0       0       0    10E1    3039       0       0
      99970                    30                    30             2.8393624E-04         1.0000000E+30              3704       
 NEXT SEEDS:31F0429D       0       0       0       0       0    10E1    3039       0       0
      99971                    29                    29             2.8393512E-04         1.0000000E+30              3704       
 NEXT SEEDS:31F04770       0       0       0       0       0    10E1    3039       0       0
      99972                    28                    28             2.8393403E-04         1.0000000E+30              3704       
 NEXT SEEDS:31F04CEF       0       0       0       0       0    10E1    3039       0       0
      99973                    27                    27             2.8393287E-04         1.0000000E+30              3704       
 NEXT SEEDS:31F05244       0       0       0       0       0    10E1    3039       0       0
      99974                    26                    26             2.8393173E-04         1.0000000E+30              3704       
 NEXT SEEDS:31F057A3       0       0       0       0       0    10E1    3039       0       0
      99975                    25                    25             2.8393523E-04         1.0000000E+30              3704       
 NEXT SEEDS:31F06C49       0       0       0       0       0    10E1    3039       0       0
      99976                    24                    24             2.8393433E-04         1.0000000E+30              3704       
 NEXT SEEDS:31F071FD       0       0       0       0       0    10E1    3039       0       0
      99977                    23                    23             2.8393370E-04         1.0000000E+30              3704       
 NEXT SEEDS:31F0797F       0       0       0       0       0    10E1    3039       0       0
      99978                    22                    22             2.8393260E-04         1.0000000E+30              3704       
 NEXT SEEDS:31F07F04       0       0       0       0       0    10E1    3039       0       0
      99979                    21                    21             2.8393232E-04         1.0000000E+30              3704       
 NEXT SEEDS:31F08628       0       0       0       0       0    10E1    3039       0       0
      99980                    20                    20             2.8393654E-04         1.0000000E+30              3704       
 NEXT SEEDS:31F09D99       0       0       0       0       0    10E1    3039       0       0
      99981                    19                    19             2.8394211E-04         1.0000000E+30              3704       
 NEXT SEEDS:31F0B9E2       0       0       0       0       0    10E1    3039       0       0
      99982                    18                    18             2.8394135E-04         1.0000000E+30              3704       
 NEXT SEEDS:31F0BEB2       0       0       0       0       0    10E1    3039       0       0
      99983                    17                    17             2.8394316E-04         1.0000000E+30              3704       
 NEXT SEEDS:31F0CAF9       0       0       0       0       0    10E1    3039       0       0
      99984                    16                    16             2.8394267E-04         1.0000000E+30              3704       
 NEXT SEEDS:31F0D088       0       0       0       0       0    10E1    3039       0       0
      99985                    15                    15             2.8394181E-04         1.0000000E+30              3704       
 NEXT SEEDS:31F0D5DC       0       0       0       0       0    10E1    3039       0       0
      99986                    14                    14             2.8394113E-04         1.0000000E+30              3704       
 NEXT SEEDS:31F0DB75       0       0       0       0       0    10E1    3039       0       0
      99987                    13                    13             2.8394533E-04         1.0000000E+30              3704       
 NEXT SEEDS:31F0F296       0       0       0       0       0    10E1    3039       0       0
      99988                    12                    12             2.8394403E-04         1.0000000E+30              3704       
 NEXT SEEDS:31F0F743       0       0       0       0       0    10E1    3039       0       0
      99989                    11                    11             2.8394308E-04         1.0000000E+30              3704       
 NEXT SEEDS:31F0FCB7       0       0       0       0       0    10E1    3039       0       0
      99990                    10                    10             2.8394204E-04         1.0000000E+30              3704       
 NEXT SEEDS:31F101F7       0       0       0       0       0    10E1    3039       0       0
      99991                     9                     9             2.8394109E-04         1.0000000E+30              3704       
 NEXT SEEDS:31F10756       0       0       0       0       0    10E1    3039       0       0
      99992                     8                     8             2.8393981E-04         1.0000000E+30              3704       
 NEXT SEEDS:31F10C34       0       0       0       0       0    10E1    3039       0       0
      99993                     7                     7             2.8394536E-04         1.0000000E+30              3704       
 NEXT SEEDS:31F1279A       0       0       0       0       0    10E1    3039       0       0
      99994                     6                     6             2.8394451E-04         1.0000000E+30              3704       
 NEXT SEEDS:31F12D3D       0       0       0       0       0    10E1    3039       0       0
      99995                     5                     5             2.8394340E-04         1.0000000E+30              3704       
 NEXT SEEDS:31F132E1       0       0       0       0       0    10E1    3039       0       0
      99996                     4                     4             2.8394056E-04         1.0000000E+30              3704       
 NEXT SEEDS:31F13803       0       0       0       0       0    10E1    3039       0       0
      99997                     3                     3             2.8393772E-04         1.0000000E+30              3704       
 NEXT SEEDS:31F13D5C       0       0       0       0       0    10E1    3039       0       0
      99998                     2                     2             2.8393488E-04         1.0000000E+30              3704       
 NEXT SEEDS:31F14F3E       0       0       0       0       0    10E1    3039       0       0
      99999                     1                     1             2.8393205E-04         1.0000000E+30              3704       
 NEXT SEEDS:31F154A4       0       0       0       0       0    10E1    3039       0       0
     100000                     0                     1             2.8392921E-04         1.0000000E+30              3704       
 NEXT SEEDS:31F1625D       0       0       0       0       0    10E1    3039       0       0
