1NUMBER OF BEAM       NUMBER OF BEAM        APPROXIMATE NUMBER    AVERAGE TIME USED     TIME LEFT (RESERVED   NUMBER OF STARS
 PARTICLES HANDLED    PARTICLES LEFT        OF BEAM PARTICLES     BY A BEAM PARTICLE     10000.0 SECONDS      CREATED
                                            THAT CAN STILL BE                           FOR PRINTOUT)
                                            HANDLED

 NEXT SEEDS:       0       0       0       0       0       0    10E1    3039       0       0
          1                 99999                 99999             9.4497204E-04         1.0000000E+30                 0       
 NEXT SEEDS:    1C07       0       0       0       0       0    10E1    3039       0       0
       2000                 98000                 98000             2.7750152E-04         1.0000000E+30                73       
 NEXT SEEDS:  53F69D       0       0       0       0       0    10E1    3039       0       0
       4000                 96000                 96000             2.8152522E-04         1.0000000E+30               142       
 NEXT SEEDS:  A975EF       0       0       0       0       0    10E1    3039       0       0
       6000                 94000                 94000             2.8042350E-04         1.0000000E+30               222       
 NEXT SEEDS:  FCB7F6       0       0       0       0       0    10E1    3039       0       0
       8000                 92000                 92000             2.7857025E-04         1.0000000E+30               286       
 NEXT SEEDS: 14FC86F       0       0       0       0       0    10E1    3039       0       0
      10000                 90000                 90000             2.8123430E-04         1.0000000E+30               361       
 NEXT SEEDS: 1A6FC6C       0       0       0       0       0    10E1    3039       0       0
      12000                 88000                 88000             2.8124892E-04         1.0000000E+30               417       
 NEXT SEEDS: 1FAFE03       0       0       0       0       0    10E1    3039       0       0
      14000                 86000                 86000             2.8219137E-04         1.0000000E+30               497       
 NEXT SEEDS: 250F89B       0       0       0       0       0    10E1    3039       0       0
      16000                 84000                 84000             2.8290712E-04         1.0000000E+30               595       
 NEXT SEEDS: 2A7A76F       0       0       0       0       0    10E1    3039       0       0
      18000                 82000                 82000             2.8252500E-04         1.0000000E+30               678       
 NEXT SEEDS: 2FBE28A       0       0       0       0       0    10E1    3039       0       0
      20000                 80000                 80000             2.8401274E-04         1.0000000E+30               753       
 NEXT SEEDS: 353A962       0       0       0       0       0    10E1    3039       0       0
      22000                 78000                 78000             2.8410233E-04         1.0000000E+30               830       
 NEXT SEEDS: 3A967A9       0       0       0       0       0    10E1    3039       0       0
      24000                 76000                 76000             2.8473558E-04         1.0000000E+30               917       
 NEXT SEEDS: 400946A       0       0       0       0       0    10E1    3039       0       0
      26000                 74000                 74000             2.8481254E-04         1.0000000E+30               986       
 NEXT SEEDS: 455DA85       0       0       0       0       0    10E1    3039       0       0
      28000                 72000                 72000             2.8469901E-04         1.0000000E+30              1057       
 NEXT SEEDS: 4AACB1C       0       0       0       0       0    10E1    3039       0       0
      30000                 70000                 70000             2.8458587E-04         1.0000000E+30              1135       
 NEXT SEEDS: 4FFD8DD       0       0       0       0       0    10E1    3039       0       0
      32000                 68000                 68000             2.8484200E-04         1.0000000E+30              1219       
 NEXT SEEDS: 555DF22       0       0       0       0       0    10E1    3039       0       0
      34000                 66000                 66000             2.8504404E-04         1.0000000E+30              1305       
 NEXT SEEDS: 5AC71D7       0       0       0       0       0    10E1    3039       0       0
      36000                 64000                 64000             2.8472634E-04         1.0000000E+30              1367       
 NEXT SEEDS: 6015F77       0       0       0       0       0    10E1    3039       0       0
      38000                 62000                 62000             2.8496221E-04         1.0000000E+30              1448       
 NEXT SEEDS: 6574D86       0       0       0       0       0    10E1    3039       0       0
      40000                 60000                 60000             2.8531404E-04         1.0000000E+30              1530       
 NEXT SEEDS: 6AE7C4D       0       0       0       0       0    10E1    3039       0       0
      42000                 58000                 58000             2.8483112E-04         1.0000000E+30              1599       
 NEXT SEEDS: 70124FF       0       0       0       0       0    10E1    3039       0       0
      44000                 56000                 56000             2.8500536E-04         1.0000000E+30              1669       
 NEXT SEEDS: 758B057       0       0       0       0       0    10E1    3039       0       0
      46000                 54000                 54000             2.8505869E-04         1.0000000E+30              1741       
 NEXT SEEDS: 7AE64C8       0       0       0       0       0    10E1    3039       0       0
      48000                 52000                 52000             2.8504035E-04         1.0000000E+30              1824       
 NEXT SEEDS: 803FC1C       0       0       0       0       0    10E1    3039       0       0
      50000                 50000                 50000             2.8486565E-04         1.0000000E+30              1904       
 NEXT SEEDS: 857C2AF       0       0       0       0       0    10E1    3039       0       0
      52000                 48000                 48000             2.8490647E-04         1.0000000E+30              1973       
 NEXT SEEDS: 8ACD028       0       0       0       0       0    10E1    3039       0       0
      54000                 46000                 46000             2.8491614E-04         1.0000000E+30              2046       
 NEXT SEEDS: 9024A71       0       0       0       0       0    10E1    3039       0       0
      56000                 44000                 44000             2.8492557E-04         1.0000000E+30              2125       
 NEXT SEEDS: 9580B3B       0       0       0       0       0    10E1    3039       0       0
      58000                 42000                 42000             2.8494701E-04         1.0000000E+30              2200       
 NEXT SEEDS: 9AD6FD6       0       0       0       0       0    10E1    3039       0       0
      60000                 40000                 40000             2.8481722E-04         1.0000000E+30              2256       
 NEXT SEEDS: A0275E4       0       0       0       0       0    10E1    3039       0       0
      62000                 38000                 38000             2.8488726E-04         1.0000000E+30              2333       
 NEXT SEEDS: A580C45       0       0       0       0       0    10E1    3039       0       0
      64000                 36000                 36000             2.8485048E-04         1.0000000E+30              2404       
 NEXT SEEDS: AACD98F       0       0       0       0       0    10E1    3039       0       0
      66000                 34000                 34000             2.8498361E-04         1.0000000E+30              2484       
 NEXT SEEDS: B039B8E       0       0       0       0       0    10E1    3039       0       0
      68000                 32000                 32000             2.8492765E-04         1.0000000E+30              2556       
 NEXT SEEDS: B58B44D       0       0       0       0       0    10E1    3039       0       0
      70000                 30000                 30000             2.8488457E-04         1.0000000E+30              2652       
 NEXT SEEDS: BADE92B       0       0       0       0       0    10E1    3039       0       0
      72000                 28000                 28000             2.8482152E-04         1.0000000E+30              2716       
 NEXT SEEDS: C02BF8C       0       0       0       0       0    10E1    3039       0       0
      74000                 26000                 26000             2.8500733E-04         1.0000000E+30              2794       
 NEXT SEEDS: C5988AA       0       0       0       0       0    10E1    3039       0       0
      76000                 24000                 24000             2.8510456E-04         1.0000000E+30              2876       
 NEXT SEEDS: CB04F6C       0       0       0       0       0    10E1    3039       0       0
      78000                 22000                 22000             2.8498019E-04         1.0000000E+30              2940       
 NEXT SEEDS: D03BB21       0       0       0       0       0    10E1    3039       0       0
      80000                 20000                 20000             2.8505640E-04         1.0000000E+30              3023       
 NEXT SEEDS: D59D5AB       0       0       0       0       0    10E1    3039       0       0
      82000                 18000                 18000             2.8494563E-04         1.0000000E+30              3102       
 NEXT SEEDS: DADC6D0       0       0       0       0       0    10E1    3039       0       0
      84000                 16000                 16000             2.8484095E-04         1.0000000E+30              3170       
 NEXT SEEDS: E0335F3       0       0       0       0       0    10E1    3039       0       0
      86000                 14000                 14000             2.8480963E-04         1.0000000E+30              3249       
 NEXT SEEDS: E57CD04       0       0       0       0       0    10E1    3039       0       0
      88000                 12000                 12000             2.8461895E-04         1.0000000E+30              3311       
 NEXT SEEDS: EA9D4C9       0       0       0       0       0    10E1    3039       0       0
      90000                 10000                 10000             2.8448864E-04         1.0000000E+30              3371       
 NEXT SEEDS: EFEA1EB       0       0       0       0       0    10E1    3039       0       0
      92000                  8000                  8000             2.8437886E-04         1.0000000E+30              3432       
 NEXT SEEDS: F520EEA       0       0       0       0       0    10E1    3039       0       0
      94000                  6000                  6000             2.8416037E-04         1.0000000E+30              3515       
 NEXT SEEDS: FA60BAD       0       0       0       0       0    10E1    3039       0       0
      96000                  4000                  4000             2.8418506E-04         1.0000000E+30              3588       
 NEXT SEEDS: FFB6755       0       0       0       0       0    10E1    3039       0       0
      98000                  2000                  2000             2.8419732E-04         1.0000000E+30              3652       
 NEXT SEEDS:105045B7       0       0       0       0       0    10E1    3039       0       0
      99950                    50                    50             2.8404112E-04         1.0000000E+30              3737       
 NEXT SEEDS:10A2C600       0       0       0       0       0    10E1    3039       0       0
      99951                    49                    49             2.8404566E-04         1.0000000E+30              3737       
 NEXT SEEDS:10A2DAEB       0       0       0       0       0    10E1    3039       0       0
      99952                    48                    48             2.8404467E-04         1.0000000E+30              3737       
 NEXT SEEDS:10A2E02C       0       0       0       0       0    10E1    3039       0       0
      99953                    47                    47             2.8404361E-04         1.0000000E+30              3737       
 NEXT SEEDS:10A2E5D9       0       0       0       0       0    10E1    3039       0       0
      99954                    46                    46             2.8404351E-04         1.0000000E+30              3738       
 NEXT SEEDS:10A2EDE1       0       0       0       0       0    10E1    3039       0       0
      99955                    45                    45             2.8404895E-04         1.0000000E+30              3738       
 NEXT SEEDS:10A3096D       0       0       0       0       0    10E1    3039       0       0
      99956                    44                    44             2.8405044E-04         1.0000000E+30              3738       
 NEXT SEEDS:10A3176A       0       0       0       0       0    10E1    3039       0       0
      99957                    43                    43             2.8405241E-04         1.0000000E+30              3738       
 NEXT SEEDS:10A326E3       0       0       0       0       0    10E1    3039       0       0
      99958                    42                    42             2.8405121E-04         1.0000000E+30              3738       
 NEXT SEEDS:10A32BFC       0       0       0       0       0    10E1    3039       0       0
      99959                    41                    41             2.8405289E-04         1.0000000E+30              3738       
 NEXT SEEDS:10A3395E       0       0       0       0       0    10E1    3039       0       0
      99960                    40                    40             2.8405201E-04         1.0000000E+30              3738       
 NEXT SEEDS:10A33F1F       0       0       0       0       0    10E1    3039       0       0
      99961                    39                    39             2.8405268E-04         1.0000000E+30              3738       
 NEXT SEEDS:10A34A83       0       0       0       0       0    10E1    3039       0       0
      99962                    38                    38             2.8406345E-04         1.0000000E+30              3738       
 NEXT SEEDS:10A366F5       0       0       0       0       0    10E1    3039       0       0
      99963                    37                    37             2.8406526E-04         1.0000000E+30              3738       
 NEXT SEEDS:10A374C7       0       0       0       0       0    10E1    3039       0       0
      99964                    36                    36             2.8406434E-04         1.0000000E+30              3738       
 NEXT SEEDS:10A37A78       0       0       0       0       0    10E1    3039       0       0
      99965                    35                    35             2.8406501E-04         1.0000000E+30              3739       
 NEXT SEEDS:10A385E9       0       0       0       0       0    10E1    3039       0       0
      99966                    34                    34             2.8406679E-04         1.0000000E+30              3739       
 NEXT SEEDS:10A39490       0       0       0       0       0    10E1    3039       0       0
      99967                    33                    33             2.8407175E-04         1.0000000E+30              3739       
 NEXT SEEDS:10A3ACA2       0       0       0       0       0    10E1    3039       0       0
      99968                    32                    32             2.8407076E-04         1.0000000E+30              3739       
 NEXT SEEDS:10A3B1DB       0       0       0       0       0    10E1    3039       0       0
      99969                    31                    31             2.8407429E-04         1.0000000E+30              3739       
 NEXT SEEDS:10A3C68E       0       0       0       0       0    10E1    3039       0       0
      99970                    30                    30             2.8407319E-04         1.0000000E+30              3739       
 NEXT SEEDS:10A3CB77       0       0       0       0       0    10E1    3039       0       0
      99971                    29                    29             2.8407645E-04         1.0000000E+30              3740       
 NEXT SEEDS:10A3E087       0       0       0       0       0    10E1    3039       0       0
      99972                    28                    28             2.8408031E-04         1.0000000E+30              3740       
 NEXT SEEDS:10A3F458       0       0       0       0       0    10E1    3039       0       0
      99973                    27                    27             2.8407933E-04         1.0000000E+30              3740       
 NEXT SEEDS:10A3F9A3       0       0       0       0       0    10E1    3039       0       0
      99974                    26                    26             2.8407846E-04         1.0000000E+30              3740       
 NEXT SEEDS:10A3FF5C       0       0       0       0       0    10E1    3039       0       0
      99975                    25                    25             2.8407819E-04         1.0000000E+30              3740       
 NEXT SEEDS:10A406D8       0       0       0       0       0    10E1    3039       0       0
      99976                    24                    24             2.8407701E-04         1.0000000E+30              3740       
 NEXT SEEDS:10A40C0D       0       0       0       0       0    10E1    3039       0       0
      99977                    23                    23             2.8407594E-04         1.0000000E+30              3740       
 NEXT SEEDS:10A411C1       0       0       0       0       0    10E1    3039       0       0
      99978                    22                    22             2.8407776E-04         1.0000000E+30              3740       
 NEXT SEEDS:10A4205B       0       0       0       0       0    10E1    3039       0       0
      99979                    21                    21             2.8408327E-04         1.0000000E+30              3740       
 NEXT SEEDS:10A43BDE       0       0       0       0       0    10E1    3039       0       0
      99980                    20                    20             2.8408863E-04         1.0000000E+30              3740       
 NEXT SEEDS:10A45765       0       0       0       0       0    10E1    3039       0       0
      99981                    19                    19             2.8408776E-04         1.0000000E+30              3740       
 NEXT SEEDS:10A45CE7       0       0       0       0       0    10E1    3039       0       0
      99982                    18                    18             2.8409371E-04         1.0000000E+30              3740       
 NEXT SEEDS:10A478C8       0       0       0       0       0    10E1    3039       0       0
      99983                    17                    17             2.8409279E-04         1.0000000E+30              3740       
 NEXT SEEDS:10A47DC7       0       0       0       0       0    10E1    3039       0       0
      99984                    16                    16             2.8409188E-04         1.0000000E+30              3740       
 NEXT SEEDS:10A4835E       0       0       0       0       0    10E1    3039       0       0
      99985                    15                    15             2.8409297E-04         1.0000000E+30              3740       
 NEXT SEEDS:10A48FBE       0       0       0       0       0    10E1    3039       0       0
      99986                    14                    14             2.8409833E-04         1.0000000E+30              3740       
 NEXT SEEDS:10A4B01C       0       0       0       0       0    10E1    3039       0       0
      99987                    13                    13             2.8409738E-04         1.0000000E+30              3740       
 NEXT SEEDS:10A4B596       0       0       0       0       0    10E1    3039       0       0
      99988                    12                    12             2.8409616E-04         1.0000000E+30              3740       
 NEXT SEEDS:10A4BABF       0       0       0       0       0    10E1    3039       0       0
      99989                    11                    11             2.8409501E-04         1.0000000E+30              3740       
 NEXT SEEDS:10A4C011       0       0       0       0       0    10E1    3039       0       0
      99990                    10                    10             2.8409412E-04         1.0000000E+30              3740       
 NEXT SEEDS:10A4C583       0       0       0       0       0    10E1    3039       0       0
      99991                     9                     9             2.8409309E-04         1.0000000E+30              3740       
 NEXT SEEDS:10A4CA88       0       0       0       0       0    10E1    3039       0       0
      99992                     8                     8             2.8409212E-04         1.0000000E+30              3740       
 NEXT SEEDS:10A4D032       0       0       0       0       0    10E1    3039       0       0
      99993                     7                     7             2.8409088E-04         1.0000000E+30              3740       
 NEXT SEEDS:10A4D57A       0       0       0       0       0    10E1    3039       0       0
      99994                     6                     6             2.8409683E-04         1.0000000E+30              3740       
 NEXT SEEDS:10A4F1A7       0       0       0       0       0    10E1    3039       0       0
      99995                     5                     5             2.8409792E-04         1.0000000E+30              3740       
 NEXT SEEDS:10A4FDDA       0       0       0       0       0    10E1    3039       0       0
      99996                     4                     4             2.8409710E-04         1.0000000E+30              3740       
 NEXT SEEDS:10A50345       0       0       0       0       0    10E1    3039       0       0
      99997                     3                     3             2.8409596E-04         1.0000000E+30              3740       
 NEXT SEEDS:10A50829       0       0       0       0       0    10E1    3039       0       0
      99998                     2                     2             2.8409485E-04         1.0000000E+30              3740       
 NEXT SEEDS:10A50D8E       0       0       0       0       0    10E1    3039       0       0
      99999                     1                     1             2.8409823E-04         1.0000000E+30              3740       
 NEXT SEEDS:10A5207B       0       0       0       0       0    10E1    3039       0       0
     100000                     0                     1             2.8410145E-04         1.0000000E+30              3741       
 NEXT SEEDS:10A53AB4       0       0       0       0       0    10E1    3039       0       0
