1NUMBER OF BEAM       NUMBER OF BEAM        APPROXIMATE NUMBER    AVERAGE TIME USED     TIME LEFT (RESERVED   NUMBER OF STARS
 PARTICLES HANDLED    PARTICLES LEFT        OF BEAM PARTICLES     BY A BEAM PARTICLE     10000.0 SECONDS      CREATED
                                            THAT CAN STILL BE                           FOR PRINTOUT)
                                            HANDLED

 NEXT SEEDS:28739804       1       0       0       0       0    10E1    3039       0       0
          1                 99999                 99999             1.8608570E-04         1.0000000E+30                 0       
 NEXT SEEDS:28739D5B       1       0       0       0       0    10E1    3039       0       0
       2000                 98000                 98000             2.8942800E-04         1.0000000E+30                80       
 NEXT SEEDS:28CA78DC       1       0       0       0       0    10E1    3039       0       0
       4000                 96000                 96000             2.8183502E-04         1.0000000E+30               152       
 NEXT SEEDS:291D32E4       1       0       0       0       0    10E1    3039       0       0
       6000                 94000                 94000             2.8178068E-04         1.0000000E+30               220       
 NEXT SEEDS:2971A4BB       1       0       0       0       0    10E1    3039       0       0
       8000                 92000                 92000             2.8099763E-04         1.0000000E+30               281       
 NEXT SEEDS:29C59CA8       1       0       0       0       0    10E1    3039       0       0
      10000                 90000                 90000             2.7952681E-04         1.0000000E+30               340       
 NEXT SEEDS:2A1829E0       1       0       0       0       0    10E1    3039       0       0
      12000                 88000                 88000             2.8102525E-04         1.0000000E+30               427       
 NEXT SEEDS:2A6EE730       1       0       0       0       0    10E1    3039       0       0
      14000                 86000                 86000             2.8262142E-04         1.0000000E+30               504       
 NEXT SEEDS:2AC699E6       1       0       0       0       0    10E1    3039       0       0
      16000                 84000                 84000             2.8281420E-04         1.0000000E+30               595       
 NEXT SEEDS:2B1C9DB5       1       0       0       0       0    10E1    3039       0       0
      18000                 82000                 82000             2.8286444E-04         1.0000000E+30               678       
 NEXT SEEDS:2B71C2E0       1       0       0       0       0    10E1    3039       0       0
      20000                 80000                 80000             2.8273611E-04         1.0000000E+30               750       
 NEXT SEEDS:2BC6D423       1       0       0       0       0    10E1    3039       0       0
      22000                 78000                 78000             2.8295701E-04         1.0000000E+30               813       
 NEXT SEEDS:2C1C6298       1       0       0       0       0    10E1    3039       0       0
      24000                 76000                 76000             2.8261063E-04         1.0000000E+30               894       
 NEXT SEEDS:2C709795       1       0       0       0       0    10E1    3039       0       0
      26000                 74000                 74000             2.8201864E-04         1.0000000E+30               980       
 NEXT SEEDS:2CC55FFA       1       0       0       0       0    10E1    3039       0       0
      28000                 72000                 72000             2.8204637E-04         1.0000000E+30              1046       
 NEXT SEEDS:2D1A460C       1       0       0       0       0    10E1    3039       0       0
      30000                 70000                 70000             2.8220973E-04         1.0000000E+30              1133       
 NEXT SEEDS:2D702CED       1       0       0       0       0    10E1    3039       0       0
      32000                 68000                 68000             2.8275071E-04         1.0000000E+30              1211       
 NEXT SEEDS:2DC77BEB       1       0       0       0       0    10E1    3039       0       0
      34000                 66000                 66000             2.8276523E-04         1.0000000E+30              1294       
 NEXT SEEDS:2E1CAD2E       1       0       0       0       0    10E1    3039       0       0
      36000                 64000                 64000             2.8278000E-04         1.0000000E+30              1379       
 NEXT SEEDS:2E724D14       1       0       0       0       0    10E1    3039       0       0
      38000                 62000                 62000             2.8283637E-04         1.0000000E+30              1466       
 NEXT SEEDS:2EC80250       1       0       0       0       0    10E1    3039       0       0
      40000                 60000                 60000             2.8299502E-04         1.0000000E+30              1553       
 NEXT SEEDS:2F1E2EBC       1       0       0       0       0    10E1    3039       0       0
      42000                 58000                 58000             2.8314514E-04         1.0000000E+30              1621       
 NEXT SEEDS:2F73F6E8       1       0       0       0       0    10E1    3039       0       0
      44000                 56000                 56000             2.8256192E-04         1.0000000E+30              1690       
 NEXT SEEDS:2FC5C5A0       1       0       0       0       0    10E1    3039       0       0
      46000                 54000                 54000             2.8236067E-04         1.0000000E+30              1758       
 NEXT SEEDS:30199ECC       1       0       0       0       0    10E1    3039       0       0
      48000                 52000                 52000             2.8256298E-04         1.0000000E+30              1825       
 NEXT SEEDS:30700629       1       0       0       0       0    10E1    3039       0       0
      50000                 50000                 50000             2.8291339E-04         1.0000000E+30              1904       
 NEXT SEEDS:30C7A677       1       0       0       0       0    10E1    3039       0       0
      52000                 48000                 48000             2.8326907E-04         1.0000000E+30              1984       
 NEXT SEEDS:311F07C4       1       0       0       0       0    10E1    3039       0       0
      54000                 46000                 46000             2.8306310E-04         1.0000000E+30              2058       
 NEXT SEEDS:3173C00F       1       0       0       0       0    10E1    3039       0       0
      56000                 44000                 44000             2.8306490E-04         1.0000000E+30              2142       
 NEXT SEEDS:31C91450       1       0       0       0       0    10E1    3039       0       0
      58000                 42000                 42000             2.8305198E-04         1.0000000E+30              2212       
 NEXT SEEDS:321E1F73       1       0       0       0       0    10E1    3039       0       0
      60000                 40000                 40000             2.8311261E-04         1.0000000E+30              2274       
 NEXT SEEDS:327540B6       1       0       0       0       0    10E1    3039       0       0
      62000                 38000                 38000             2.8308317E-04         1.0000000E+30              2353       
 NEXT SEEDS:32CAED35       1       0       0       0       0    10E1    3039       0       0
      64000                 36000                 36000             2.8308433E-04         1.0000000E+30              2418       
 NEXT SEEDS:331FC382       1       0       0       0       0    10E1    3039       0       0
      66000                 34000                 34000             2.8315720E-04         1.0000000E+30              2496       
 NEXT SEEDS:33757431       1       0       0       0       0    10E1    3039       0       0
      68000                 32000                 32000             2.8329439E-04         1.0000000E+30              2573       
 NEXT SEEDS:33CBA287       1       0       0       0       0    10E1    3039       0       0
      70000                 30000                 30000             2.8300045E-04         1.0000000E+30              2626       
 NEXT SEEDS:341F4A79       1       0       0       0       0    10E1    3039       0       0
      72000                 28000                 28000             2.8272779E-04         1.0000000E+30              2704       
 NEXT SEEDS:34717EC9       1       0       0       0       0    10E1    3039       0       0
      74000                 26000                 26000             2.8285433E-04         1.0000000E+30              2773       
 NEXT SEEDS:34C80A6D       1       0       0       0       0    10E1    3039       0       0
      76000                 24000                 24000             2.8241601E-04         1.0000000E+30              2854       
 NEXT SEEDS:351A48FC       1       0       0       0       0    10E1    3039       0       0
      78000                 22000                 22000             2.8244945E-04         1.0000000E+30              2943       
 NEXT SEEDS:3571235F       1       0       0       0       0    10E1    3039       0       0
      80000                 20000                 20000             2.8235013E-04         1.0000000E+30              3019       
 NEXT SEEDS:35C5BD11       1       0       0       0       0    10E1    3039       0       0
      82000                 18000                 18000             2.8234686E-04         1.0000000E+30              3094       
 NEXT SEEDS:361AC230       1       0       0       0       0    10E1    3039       0       0
      84000                 16000                 16000             2.8233251E-04         1.0000000E+30              3164       
 NEXT SEEDS:366F6A8B       1       0       0       0       0    10E1    3039       0       0
      86000                 14000                 14000             2.8235448E-04         1.0000000E+30              3235       
 NEXT SEEDS:36C6052D       1       0       0       0       0    10E1    3039       0       0
      88000                 12000                 12000             2.8251689E-04         1.0000000E+30              3311       
 NEXT SEEDS:371D0072       1       0       0       0       0    10E1    3039       0       0
      90000                 10000                 10000             2.8243128E-04         1.0000000E+30              3380       
 NEXT SEEDS:37706496       1       0       0       0       0    10E1    3039       0       0
      92000                  8000                  8000             2.8250671E-04         1.0000000E+30              3462       
 NEXT SEEDS:37C63C20       1       0       0       0       0    10E1    3039       0       0
      94000                  6000                  6000             2.8268473E-04         1.0000000E+30              3545       
 NEXT SEEDS:381D2548       1       0       0       0       0    10E1    3039       0       0
      96000                  4000                  4000             2.8253885E-04         1.0000000E+30              3622       
 NEXT SEEDS:3871C11A       1       0       0       0       0    10E1    3039       0       0
      98000                  2000                  2000             2.8270275E-04         1.0000000E+30              3701       
 NEXT SEEDS:38C85052       1       0       0       0       0    10E1    3039       0       0
      99950                    50                    50             2.8269086E-04         1.0000000E+30              3759       
 NEXT SEEDS:391A9440       1       0       0       0       0    10E1    3039       0       0
      99951                    49                    49             2.8269049E-04         1.0000000E+30              3759       
 NEXT SEEDS:391A9977       1       0       0       0       0    10E1    3039       0       0
      99952                    48                    48             2.8269514E-04         1.0000000E+30              3759       
 NEXT SEEDS:391AB27A       1       0       0       0       0    10E1    3039       0       0
      99953                    47                    47             2.8269409E-04         1.0000000E+30              3759       
 NEXT SEEDS:391AB786       1       0       0       0       0    10E1    3039       0       0
      99954                    46                    46             2.8269857E-04         1.0000000E+30              3759       
 NEXT SEEDS:391ACD8F       1       0       0       0       0    10E1    3039       0       0
      99955                    45                    45             2.8269770E-04         1.0000000E+30              3759       
 NEXT SEEDS:391AD2F3       1       0       0       0       0    10E1    3039       0       0
      99956                    44                    44             2.8270241E-04         1.0000000E+30              3759       
 NEXT SEEDS:391AEB93       1       0       0       0       0    10E1    3039       0       0
      99957                    43                    43             2.8270149E-04         1.0000000E+30              3759       
 NEXT SEEDS:391AF119       1       0       0       0       0    10E1    3039       0       0
      99958                    42                    42             2.8270725E-04         1.0000000E+30              3759       
 NEXT SEEDS:391B1185       1       0       0       0       0    10E1    3039       0       0
      99959                    41                    41             2.8270633E-04         1.0000000E+30              3759       
 NEXT SEEDS:391B16F4       1       0       0       0       0    10E1    3039       0       0
      99960                    40                    40             2.8270518E-04         1.0000000E+30              3759       
 NEXT SEEDS:391B1BEA       1       0       0       0       0    10E1    3039       0       0
      99961                    39                    39             2.8270405E-04         1.0000000E+30              3759       
 NEXT SEEDS:391B212B       1       0       0       0       0    10E1    3039       0       0
      99962                    38                    38             2.8270308E-04         1.0000000E+30              3759       
 NEXT SEEDS:391B268E       1       0       0       0       0    10E1    3039       0       0
      99963                    37                    37             2.8270225E-04         1.0000000E+30              3759       
 NEXT SEEDS:391B2C49       1       0       0       0       0    10E1    3039       0       0
      99964                    36                    36             2.8270127E-04         1.0000000E+30              3759       
 NEXT SEEDS:391B31DB       1       0       0       0       0    10E1    3039       0       0
      99965                    35                    35             2.8270007E-04         1.0000000E+30              3759       
 NEXT SEEDS:391B36F7       1       0       0       0       0    10E1    3039       0       0
      99966                    34                    34             2.8269880E-04         1.0000000E+30              3759       
 NEXT SEEDS:391B3BD3       1       0       0       0       0    10E1    3039       0       0
      99967                    33                    33             2.8269779E-04         1.0000000E+30              3759       
 NEXT SEEDS:391B4182       1       0       0       0       0    10E1    3039       0       0
      99968                    32                    32             2.8269737E-04         1.0000000E+30              3759       
 NEXT SEEDS:391B4722       1       0       0       0       0    10E1    3039       0       0
      99969                    31                    31             2.8270297E-04         1.0000000E+30              3759       
 NEXT SEEDS:391B6325       1       0       0       0       0    10E1    3039       0       0
      99970                    30                    30             2.8270226E-04         1.0000000E+30              3759       
 NEXT SEEDS:391B68D7       1       0       0       0       0    10E1    3039       0       0
      99971                    29                    29             2.8270100E-04         1.0000000E+30              3759       
 NEXT SEEDS:391B6D91       1       0       0       0       0    10E1    3039       0       0
      99972                    28                    28             2.8269994E-04         1.0000000E+30              3759       
 NEXT SEEDS:391B7323       1       0       0       0       0    10E1    3039       0       0
      99973                    27                    27             2.8269874E-04         1.0000000E+30              3759       
 NEXT SEEDS:391B7833       1       0       0       0       0    10E1    3039       0       0
      99974                    26                    26             2.8269767E-04         1.0000000E+30              3759       
 NEXT SEEDS:391B7DCA       1       0       0       0       0    10E1    3039       0       0
      99975                    25                    25             2.8269688E-04         1.0000000E+30              3759       
 NEXT SEEDS:391B834E       1       0       0       0       0    10E1    3039       0       0
      99976                    24                    24             2.8270071E-04         1.0000000E+30              3759       
 NEXT SEEDS:391B990F       1       0       0       0       0    10E1    3039       0       0
      99977                    23                    23             2.8269971E-04         1.0000000E+30              3759       
 NEXT SEEDS:391B9ECA       1       0       0       0       0    10E1    3039       0       0
      99978                    22                    22             2.8270503E-04         1.0000000E+30              3759       
 NEXT SEEDS:391BB97F       1       0       0       0       0    10E1    3039       0       0
      99979                    21                    21             2.8270798E-04         1.0000000E+30              3759       
 NEXT SEEDS:391BCB30       1       0       0       0       0    10E1    3039       0       0
      99980                    20                    20             2.8271067E-04         1.0000000E+30              3759       
 NEXT SEEDS:391BDD14       1       0       0       0       0    10E1    3039       0       0
      99981                    19                    19             2.8271460E-04         1.0000000E+30              3759       
 NEXT SEEDS:391BF372       1       0       0       0       0    10E1    3039       0       0
      99982                    18                    18             2.8271362E-04         1.0000000E+30              3759       
 NEXT SEEDS:391BF8BC       1       0       0       0       0    10E1    3039       0       0
      99983                    17                    17             2.8271251E-04         1.0000000E+30              3759       
 NEXT SEEDS:391BFDD0       1       0       0       0       0    10E1    3039       0       0
      99984                    16                    16             2.8271346E-04         1.0000000E+30              3759       
 NEXT SEEDS:391C0955       1       0       0       0       0    10E1    3039       0       0
      99985                    15                    15             2.8271723E-04         1.0000000E+30              3759       
 NEXT SEEDS:391C1E82       1       0       0       0       0    10E1    3039       0       0
      99986                    14                    14             2.8271866E-04         1.0000000E+30              3760       
 NEXT SEEDS:391C2F30       1       0       0       0       0    10E1    3039       0       0
      99987                    13                    13             2.8271778E-04         1.0000000E+30              3760       
 NEXT SEEDS:391C34AC       1       0       0       0       0    10E1    3039       0       0
      99988                    12                    12             2.8271661E-04         1.0000000E+30              3760       
 NEXT SEEDS:391C39FB       1       0       0       0       0    10E1    3039       0       0
      99989                    11                    11             2.8271550E-04         1.0000000E+30              3760       
 NEXT SEEDS:391C3F32       1       0       0       0       0    10E1    3039       0       0
      99990                    10                    10             2.8271448E-04         1.0000000E+30              3760       
 NEXT SEEDS:391C4496       1       0       0       0       0    10E1    3039       0       0
      99991                     9                     9             2.8271354E-04         1.0000000E+30              3760       
 NEXT SEEDS:391C49EF       1       0       0       0       0    10E1    3039       0       0
      99992                     8                     8             2.8271239E-04         1.0000000E+30              3760       
 NEXT SEEDS:391C4F3A       1       0       0       0       0    10E1    3039       0       0
      99993                     7                     7             2.8271706E-04         1.0000000E+30              3760       
 NEXT SEEDS:391C67C0       1       0       0       0       0    10E1    3039       0       0
      99994                     6                     6             2.8271616E-04         1.0000000E+30              3760       
 NEXT SEEDS:391C6D26       1       0       0       0       0    10E1    3039       0       0
      99995                     5                     5             2.8271507E-04         1.0000000E+30              3760       
 NEXT SEEDS:391C72B4       1       0       0       0       0    10E1    3039       0       0
      99996                     4                     4             2.8271430E-04         1.0000000E+30              3760       
 NEXT SEEDS:391C7837       1       0       0       0       0    10E1    3039       0       0
      99997                     3                     3             2.8271312E-04         1.0000000E+30              3760       
 NEXT SEEDS:391C7D3C       1       0       0       0       0    10E1    3039       0       0
      99998                     2                     2             2.8271237E-04         1.0000000E+30              3760       
 NEXT SEEDS:391C82F9       1       0       0       0       0    10E1    3039       0       0
      99999                     1                     1             2.8271337E-04         1.0000000E+30              3761       
 NEXT SEEDS:391C91F3       1       0       0       0       0    10E1    3039       0       0
     100000                     0                     1             2.8271757E-04         1.0000000E+30              3761       
 NEXT SEEDS:391CA6CE       1       0       0       0       0    10E1    3039       0       0
