1NUMBER OF BEAM       NUMBER OF BEAM        APPROXIMATE NUMBER    AVERAGE TIME USED     TIME LEFT (RESERVED   NUMBER OF STARS
 PARTICLES HANDLED    PARTICLES LEFT        OF BEAM PARTICLES     BY A BEAM PARTICLE     10000.0 SECONDS      CREATED
                                            THAT CAN STILL BE                           FOR PRINTOUT)
                                            HANDLED

 NEXT SEEDS:1EC83457       2       0       0       0       0    10E1    3039       0       0
          1                 99999                 99999             4.9006939E-04         1.0000000E+30                 1       
 NEXT SEEDS:1EC841EA       2       0       0       0       0    10E1    3039       0       0
       2000                 98000                 98000             2.8505707E-04         1.0000000E+30                60       
 NEXT SEEDS:1F1D3ABF       2       0       0       0       0    10E1    3039       0       0
       4000                 96000                 96000             2.8180003E-04         1.0000000E+30               126       
 NEXT SEEDS:1F70A0B7       2       0       0       0       0    10E1    3039       0       0
       6000                 94000                 94000             2.8240200E-04         1.0000000E+30               206       
 NEXT SEEDS:1FC63A67       2       0       0       0       0    10E1    3039       0       0
       8000                 92000                 92000             2.8126764E-04         1.0000000E+30               280       
 NEXT SEEDS:2019F5E7       2       0       0       0       0    10E1    3039       0       0
      10000                 90000                 90000             2.7916892E-04         1.0000000E+30               331       
 NEXT SEEDS:206B5C9A       2       0       0       0       0    10E1    3039       0       0
      12000                 88000                 88000             2.7986266E-04         1.0000000E+30               408       
 NEXT SEEDS:20C095AC       2       0       0       0       0    10E1    3039       0       0
      14000                 86000                 86000             2.7958122E-04         1.0000000E+30               483       
 NEXT SEEDS:21142359       2       0       0       0       0    10E1    3039       0       0
      16000                 84000                 84000             2.8013144E-04         1.0000000E+30               556       
 NEXT SEEDS:21697F8C       2       0       0       0       0    10E1    3039       0       0
      18000                 82000                 82000             2.8101001E-04         1.0000000E+30               635       
 NEXT SEEDS:21C03683       2       0       0       0       0    10E1    3039       0       0
      20000                 80000                 80000             2.8047119E-04         1.0000000E+30               704       
 NEXT SEEDS:2213216C       2       0       0       0       0    10E1    3039       0       0
      22000                 78000                 78000             2.8091182E-04         1.0000000E+30               778       
 NEXT SEEDS:22693884       2       0       0       0       0    10E1    3039       0       0
      24000                 76000                 76000             2.8155389E-04         1.0000000E+30               850       
 NEXT SEEDS:22C0C940       2       0       0       0       0    10E1    3039       0       0
      26000                 74000                 74000             2.8132471E-04         1.0000000E+30               930       
 NEXT SEEDS:2314D615       2       0       0       0       0    10E1    3039       0       0
      28000                 72000                 72000             2.8183640E-04         1.0000000E+30              1003       
 NEXT SEEDS:236B948D       2       0       0       0       0    10E1    3039       0       0
      30000                 70000                 70000             2.8165886E-04         1.0000000E+30              1086       
 NEXT SEEDS:23C12437       2       0       0       0       0    10E1    3039       0       0
      32000                 68000                 68000             2.8208335E-04         1.0000000E+30              1175       
 NEXT SEEDS:2417FBD3       2       0       0       0       0    10E1    3039       0       0
      34000                 66000                 66000             2.8179087E-04         1.0000000E+30              1240       
 NEXT SEEDS:246B6A09       2       0       0       0       0    10E1    3039       0       0
      36000                 64000                 64000             2.8216322E-04         1.0000000E+30              1313       
 NEXT SEEDS:24C21CBE       2       0       0       0       0    10E1    3039       0       0
      38000                 62000                 62000             2.8220884E-04         1.0000000E+30              1395       
 NEXT SEEDS:25178C4E       2       0       0       0       0    10E1    3039       0       0
      40000                 60000                 60000             2.8259746E-04         1.0000000E+30              1488       
 NEXT SEEDS:256F0E3B       2       0       0       0       0    10E1    3039       0       0
      42000                 58000                 58000             2.8260841E-04         1.0000000E+30              1554       
 NEXT SEEDS:25C460AA       2       0       0       0       0    10E1    3039       0       0
      44000                 56000                 56000             2.8229659E-04         1.0000000E+30              1632       
 NEXT SEEDS:261795B7       2       0       0       0       0    10E1    3039       0       0
      46000                 54000                 54000             2.8225739E-04         1.0000000E+30              1718       
 NEXT SEEDS:266C81ED       2       0       0       0       0    10E1    3039       0       0
      48000                 52000                 52000             2.8253032E-04         1.0000000E+30              1802       
 NEXT SEEDS:26C3775A       2       0       0       0       0    10E1    3039       0       0
      50000                 50000                 50000             2.8290708E-04         1.0000000E+30              1876       
 NEXT SEEDS:271B2DD9       2       0       0       0       0    10E1    3039       0       0
      52000                 48000                 48000             2.8232429E-04         1.0000000E+30              1958       
 NEXT SEEDS:276D39C4       2       0       0       0       0    10E1    3039       0       0
      54000                 46000                 46000             2.8285625E-04         1.0000000E+30              2034       
 NEXT SEEDS:27C5695D       2       0       0       0       0    10E1    3039       0       0
      56000                 44000                 44000             2.8296189E-04         1.0000000E+30              2115       
 NEXT SEEDS:281AC919       2       0       0       0       0    10E1    3039       0       0
      58000                 42000                 42000             2.8285856E-04         1.0000000E+30              2188       
 NEXT SEEDS:286DEBB6       2       0       0       0       0    10E1    3039       0       0
      60000                 40000                 40000             2.8299918E-04         1.0000000E+30              2268       
 NEXT SEEDS:28C31D57       2       0       0       0       0    10E1    3039       0       0
      62000                 38000                 38000             2.8321683E-04         1.0000000E+30              2338       
 NEXT SEEDS:29170C64       2       0       0       0       0    10E1    3039       0       0
      64000                 36000                 36000             2.8373016E-04         1.0000000E+30              2423       
 NEXT SEEDS:296EABD9       2       0       0       0       0    10E1    3039       0       0
      66000                 34000                 34000             2.8384106E-04         1.0000000E+30              2502       
 NEXT SEEDS:29C460F3       2       0       0       0       0    10E1    3039       0       0
      68000                 32000                 32000             2.8384745E-04         1.0000000E+30              2572       
 NEXT SEEDS:2A17C730       2       0       0       0       0    10E1    3039       0       0
      70000                 30000                 30000             2.8394084E-04         1.0000000E+30              2649       
 NEXT SEEDS:2A6D91FA       2       0       0       0       0    10E1    3039       0       0
      72000                 28000                 28000             2.8409535E-04         1.0000000E+30              2737       
 NEXT SEEDS:2AC3C249       2       0       0       0       0    10E1    3039       0       0
      74000                 26000                 26000             2.8388236E-04         1.0000000E+30              2813       
 NEXT SEEDS:2B16AAF7       2       0       0       0       0    10E1    3039       0       0
      76000                 24000                 24000             2.8398841E-04         1.0000000E+30              2884       
 NEXT SEEDS:2B6CB576       2       0       0       0       0    10E1    3039       0       0
      78000                 22000                 22000             2.8397346E-04         1.0000000E+30              2970       
 NEXT SEEDS:2BC20D32       2       0       0       0       0    10E1    3039       0       0
      80000                 20000                 20000             2.8419348E-04         1.0000000E+30              3037       
 NEXT SEEDS:2C19A99B       2       0       0       0       0    10E1    3039       0       0
      82000                 18000                 18000             2.8415248E-04         1.0000000E+30              3118       
 NEXT SEEDS:2C6E9720       2       0       0       0       0    10E1    3039       0       0
      84000                 16000                 16000             2.8423869E-04         1.0000000E+30              3179       
 NEXT SEEDS:2CC3F47C       2       0       0       0       0    10E1    3039       0       0
      86000                 14000                 14000             2.8428385E-04         1.0000000E+30              3234       
 NEXT SEEDS:2D194AAA       2       0       0       0       0    10E1    3039       0       0
      88000                 12000                 12000             2.8422476E-04         1.0000000E+30              3308       
 NEXT SEEDS:2D6DB73C       2       0       0       0       0    10E1    3039       0       0
      90000                 10000                 10000             2.8421386E-04         1.0000000E+30              3385       
 NEXT SEEDS:2DC2C4C7       2       0       0       0       0    10E1    3039       0       0
      92000                  8000                  8000             2.8432353E-04         1.0000000E+30              3467       
 NEXT SEEDS:2E19C2DA       2       0       0       0       0    10E1    3039       0       0
      94000                  6000                  6000             2.8434805E-04         1.0000000E+30              3545       
 NEXT SEEDS:2E711668       2       0       0       0       0    10E1    3039       0       0
      96000                  4000                  4000             2.8445817E-04         1.0000000E+30              3616       
 NEXT SEEDS:2EC7E6CD       2       0       0       0       0    10E1    3039       0       0
      98000                  2000                  2000             2.8442168E-04         1.0000000E+30              3698       
 NEXT SEEDS:2F1D1360       2       0       0       0       0    10E1    3039       0       0
      99950                    50                    50             2.8435754E-04         1.0000000E+30              3764       
 NEXT SEEDS:2F6FB333       2       0       0       0       0    10E1    3039       0       0
      99951                    49                    49             2.8435702E-04         1.0000000E+30              3764       
 NEXT SEEDS:2F6FB7F1       2       0       0       0       0    10E1    3039       0       0
      99952                    48                    48             2.8435603E-04         1.0000000E+30              3764       
 NEXT SEEDS:2F6FBD62       2       0       0       0       0    10E1    3039       0       0
      99953                    47                    47             2.8435643E-04         1.0000000E+30              3764       
 NEXT SEEDS:2F6FC7C6       2       0       0       0       0    10E1    3039       0       0
      99954                    46                    46             2.8435981E-04         1.0000000E+30              3764       
 NEXT SEEDS:2F6FDBBD       2       0       0       0       0    10E1    3039       0       0
      99955                    45                    45             2.8435891E-04         1.0000000E+30              3764       
 NEXT SEEDS:2F6FE14E       2       0       0       0       0    10E1    3039       0       0
      99956                    44                    44             2.8435768E-04         1.0000000E+30              3764       
 NEXT SEEDS:2F6FE67B       2       0       0       0       0    10E1    3039       0       0
      99957                    43                    43             2.8436276E-04         1.0000000E+30              3764       
 NEXT SEEDS:2F700070       2       0       0       0       0    10E1    3039       0       0
      99958                    42                    42             2.8436543E-04         1.0000000E+30              3764       
 NEXT SEEDS:2F7011DC       2       0       0       0       0    10E1    3039       0       0
      99959                    41                    41             2.8436669E-04         1.0000000E+30              3764       
 NEXT SEEDS:2F701EC2       2       0       0       0       0    10E1    3039       0       0
      99960                    40                    40             2.8437229E-04         1.0000000E+30              3764       
 NEXT SEEDS:2F7039DC       2       0       0       0       0    10E1    3039       0       0
      99961                    39                    39             2.8437149E-04         1.0000000E+30              3764       
 NEXT SEEDS:2F703F65       2       0       0       0       0    10E1    3039       0       0
      99962                    38                    38             2.8437044E-04         1.0000000E+30              3764       
 NEXT SEEDS:2F7044E2       2       0       0       0       0    10E1    3039       0       0
      99963                    37                    37             2.8437082E-04         1.0000000E+30              3764       
 NEXT SEEDS:2F704E3A       2       0       0       0       0    10E1    3039       0       0
      99964                    36                    36             2.8437631E-04         1.0000000E+30              3764       
 NEXT SEEDS:2F706926       2       0       0       0       0    10E1    3039       0       0
      99965                    35                    35             2.8437532E-04         1.0000000E+30              3764       
 NEXT SEEDS:2F706E08       2       0       0       0       0    10E1    3039       0       0
      99966                    34                    34             2.8437444E-04         1.0000000E+30              3764       
 NEXT SEEDS:2F7073A6       2       0       0       0       0    10E1    3039       0       0
      99967                    33                    33             2.8437322E-04         1.0000000E+30              3764       
 NEXT SEEDS:2F7078B2       2       0       0       0       0    10E1    3039       0       0
      99968                    32                    32             2.8437476E-04         1.0000000E+30              3764       
 NEXT SEEDS:2F708651       2       0       0       0       0    10E1    3039       0       0
      99969                    31                    31             2.8437386E-04         1.0000000E+30              3764       
 NEXT SEEDS:2F708BF9       2       0       0       0       0    10E1    3039       0       0
      99970                    30                    30             2.8437277E-04         1.0000000E+30              3764       
 NEXT SEEDS:2F709183       2       0       0       0       0    10E1    3039       0       0
      99971                    29                    29             2.8437155E-04         1.0000000E+30              3764       
 NEXT SEEDS:2F7096BE       2       0       0       0       0    10E1    3039       0       0
      99972                    28                    28             2.8437044E-04         1.0000000E+30              3764       
 NEXT SEEDS:2F709C00       2       0       0       0       0    10E1    3039       0       0
      99973                    27                    27             2.8436931E-04         1.0000000E+30              3764       
 NEXT SEEDS:2F70A169       2       0       0       0       0    10E1    3039       0       0
      99974                    26                    26             2.8437223E-04         1.0000000E+30              3764       
 NEXT SEEDS:2F70B457       2       0       0       0       0    10E1    3039       0       0
      99975                    25                    25             2.8437116E-04         1.0000000E+30              3764       
 NEXT SEEDS:2F70B94C       2       0       0       0       0    10E1    3039       0       0
      99976                    24                    24             2.8437478E-04         1.0000000E+30              3764       
 NEXT SEEDS:2F70CE71       2       0       0       0       0    10E1    3039       0       0
      99977                    23                    23             2.8437636E-04         1.0000000E+30              3764       
 NEXT SEEDS:2F70DBC3       2       0       0       0       0    10E1    3039       0       0
      99978                    22                    22             2.8437524E-04         1.0000000E+30              3764       
 NEXT SEEDS:2F70E12D       2       0       0       0       0    10E1    3039       0       0
      99979                    21                    21             2.8437421E-04         1.0000000E+30              3764       
 NEXT SEEDS:2F70E654       2       0       0       0       0    10E1    3039       0       0
      99980                    20                    20             2.8437327E-04         1.0000000E+30              3764       
 NEXT SEEDS:2F70EB8B       2       0       0       0       0    10E1    3039       0       0
      99981                    19                    19             2.8437205E-04         1.0000000E+30              3764       
 NEXT SEEDS:2F70F0A3       2       0       0       0       0    10E1    3039       0       0
      99982                    18                    18             2.8437096E-04         1.0000000E+30              3764       
 NEXT SEEDS:2F70F651       2       0       0       0       0    10E1    3039       0       0
      99983                    17                    17             2.8437620E-04         1.0000000E+30              3764       
 NEXT SEEDS:2F710E36       2       0       0       0       0    10E1    3039       0       0
      99984                    16                    16             2.8437526E-04         1.0000000E+30              3764       
 NEXT SEEDS:2F711390       2       0       0       0       0    10E1    3039       0       0
      99985                    15                    15             2.8437404E-04         1.0000000E+30              3764       
 NEXT SEEDS:2F71187A       2       0       0       0       0    10E1    3039       0       0
      99986                    14                    14             2.8437374E-04         1.0000000E+30              3764       
 NEXT SEEDS:2F711F82       2       0       0       0       0    10E1    3039       0       0
      99987                    13                    13             2.8437734E-04         1.0000000E+30              3764       
 NEXT SEEDS:2F713469       2       0       0       0       0    10E1    3039       0       0
      99988                    12                    12             2.8437608E-04         1.0000000E+30              3764       
 NEXT SEEDS:2F71395E       2       0       0       0       0    10E1    3039       0       0
      99989                    11                    11             2.8437508E-04         1.0000000E+30              3764       
 NEXT SEEDS:2F713EA2       2       0       0       0       0    10E1    3039       0       0
      99990                    10                    10             2.8438037E-04         1.0000000E+30              3764       
 NEXT SEEDS:2F7159AD       2       0       0       0       0    10E1    3039       0       0
      99991                     9                     9             2.8438582E-04         1.0000000E+30              3764       
 NEXT SEEDS:2F7173D7       2       0       0       0       0    10E1    3039       0       0
      99992                     8                     8             2.8438490E-04         1.0000000E+30              3764       
 NEXT SEEDS:2F717946       2       0       0       0       0    10E1    3039       0       0
      99993                     7                     7             2.8438383E-04         1.0000000E+30              3764       
 NEXT SEEDS:2F717E86       2       0       0       0       0    10E1    3039       0       0
      99994                     6                     6             2.8438978E-04         1.0000000E+30              3764       
 NEXT SEEDS:2F719BA5       2       0       0       0       0    10E1    3039       0       0
      99995                     5                     5             2.8439541E-04         1.0000000E+30              3764       
 NEXT SEEDS:2F71B792       2       0       0       0       0    10E1    3039       0       0
      99996                     4                     4             2.8439439E-04         1.0000000E+30              3764       
 NEXT SEEDS:2F71BCCB       2       0       0       0       0    10E1    3039       0       0
      99997                     3                     3             2.8439405E-04         1.0000000E+30              3764       
 NEXT SEEDS:2F71C347       2       0       0       0       0    10E1    3039       0       0
      99998                     2                     2             2.8439302E-04         1.0000000E+30              3764       
 NEXT SEEDS:2F71C8D1       2       0       0       0       0    10E1    3039       0       0
      99999                     1                     1             2.8439168E-04         1.0000000E+30              3764       
 NEXT SEEDS:2F71CD77       2       0       0       0       0    10E1    3039       0       0
     100000                     0                     1             2.8439055E-04         1.0000000E+30              3764       
 NEXT SEEDS:2F71D300       2       0       0       0       0    10E1    3039       0       0
