1NUMBER OF BEAM       NUMBER OF BEAM        APPROXIMATE NUMBER    AVERAGE TIME USED     TIME LEFT (RESERVED   NUMBER OF STARS
 PARTICLES HANDLED    PARTICLES LEFT        OF BEAM PARTICLES     BY A BEAM PARTICLE     10000.0 SECONDS      CREATED
                                            THAT CAN STILL BE                           FOR PRINTOUT)
                                            HANDLED

 NEXT SEEDS: E23F372       2       0       0       0       0    10E1    3039       0       0
          1                 99999                 99999             1.8799305E-04         1.0000000E+30                 0       
 NEXT SEEDS: E23F8DB       2       0       0       0       0    10E1    3039       0       0
       2000                 98000                 98000             2.8502452E-04         1.0000000E+30                60       
 NEXT SEEDS: E7828FD       2       0       0       0       0    10E1    3039       0       0
       4000                 96000                 96000             2.8842801E-04         1.0000000E+30               131       
 NEXT SEEDS: ECE0EDE       2       0       0       0       0    10E1    3039       0       0
       6000                 94000                 94000             2.8809969E-04         1.0000000E+30               202       
 NEXT SEEDS: F22B4E0       2       0       0       0       0    10E1    3039       0       0
       8000                 92000                 92000             2.8739449E-04         1.0000000E+30               275       
 NEXT SEEDS: F76EEFB       2       0       0       0       0    10E1    3039       0       0
      10000                 90000                 90000             2.8799362E-04         1.0000000E+30               350       
 NEXT SEEDS: FCCC279       2       0       0       0       0    10E1    3039       0       0
      12000                 88000                 88000             2.8835877E-04         1.0000000E+30               432       
 NEXT SEEDS:1022E5F6       2       0       0       0       0    10E1    3039       0       0
      14000                 86000                 86000             2.8791973E-04         1.0000000E+30               501       
 NEXT SEEDS:107821B1       2       0       0       0       0    10E1    3039       0       0
      16000                 84000                 84000             2.8755888E-04         1.0000000E+30               583       
 NEXT SEEDS:10CCDB54       2       0       0       0       0    10E1    3039       0       0
      18000                 82000                 82000             2.8730077E-04         1.0000000E+30               662       
 NEXT SEEDS:11227452       2       0       0       0       0    10E1    3039       0       0
      20000                 80000                 80000             2.8767710E-04         1.0000000E+30               744       
 NEXT SEEDS:117892A8       2       0       0       0       0    10E1    3039       0       0
      22000                 78000                 78000             2.8768650E-04         1.0000000E+30               811       
 NEXT SEEDS:11CD2994       2       0       0       0       0    10E1    3039       0       0
      24000                 76000                 76000             2.8804765E-04         1.0000000E+30               901       
 NEXT SEEDS:122357C1       2       0       0       0       0    10E1    3039       0       0
      26000                 74000                 74000             2.8787464E-04         1.0000000E+30               978       
 NEXT SEEDS:1277656A       2       0       0       0       0    10E1    3039       0       0
      28000                 72000                 72000             2.8833221E-04         1.0000000E+30              1062       
 NEXT SEEDS:12CE0C4C       2       0       0       0       0    10E1    3039       0       0
      30000                 70000                 70000             2.8831973E-04         1.0000000E+30              1143       
 NEXT SEEDS:1322988C       2       0       0       0       0    10E1    3039       0       0
      32000                 68000                 68000             2.8873427E-04         1.0000000E+30              1231       
 NEXT SEEDS:13793847       2       0       0       0       0    10E1    3039       0       0
      34000                 66000                 66000             2.8851289E-04         1.0000000E+30              1298       
 NEXT SEEDS:13CCCA7B       2       0       0       0       0    10E1    3039       0       0
      36000                 64000                 64000             2.8855346E-04         1.0000000E+30              1384       
 NEXT SEEDS:142247AC       2       0       0       0       0    10E1    3039       0       0
      38000                 62000                 62000             2.8889088E-04         1.0000000E+30              1444       
 NEXT SEEDS:1478FDE3       2       0       0       0       0    10E1    3039       0       0
      40000                 60000                 60000             2.8884643E-04         1.0000000E+30              1529       
 NEXT SEEDS:14CE12B0       2       0       0       0       0    10E1    3039       0       0
      42000                 58000                 58000             2.8881458E-04         1.0000000E+30              1604       
 NEXT SEEDS:1522F4AC       2       0       0       0       0    10E1    3039       0       0
      44000                 56000                 56000             2.8852735E-04         1.0000000E+30              1667       
 NEXT SEEDS:15778D87       2       0       0       0       0    10E1    3039       0       0
      46000                 54000                 54000             2.8796786E-04         1.0000000E+30              1737       
 NEXT SEEDS:15CBB935       2       0       0       0       0    10E1    3039       0       0
      48000                 52000                 52000             2.8835967E-04         1.0000000E+30              1808       
 NEXT SEEDS:1622D899       2       0       0       0       0    10E1    3039       0       0
      50000                 50000                 50000             2.8861732E-04         1.0000000E+30              1886       
 NEXT SEEDS:1678ACFF       2       0       0       0       0    10E1    3039       0       0
      52000                 48000                 48000             2.8861786E-04         1.0000000E+30              1952       
 NEXT SEEDS:16CD92AB       2       0       0       0       0    10E1    3039       0       0
      54000                 46000                 46000             2.8871366E-04         1.0000000E+30              2027       
 NEXT SEEDS:172465B1       2       0       0       0       0    10E1    3039       0       0
      56000                 44000                 44000             2.8889005E-04         1.0000000E+30              2101       
 NEXT SEEDS:177A8E40       2       0       0       0       0    10E1    3039       0       0
      58000                 42000                 42000             2.8881158E-04         1.0000000E+30              2171       
 NEXT SEEDS:17CEE963       2       0       0       0       0    10E1    3039       0       0
      60000                 40000                 40000             2.8873115E-04         1.0000000E+30              2241       
 NEXT SEEDS:1822EBAF       2       0       0       0       0    10E1    3039       0       0
      62000                 38000                 38000             2.8826421E-04         1.0000000E+30              2311       
 NEXT SEEDS:18753493       2       0       0       0       0    10E1    3039       0       0
      64000                 36000                 36000             2.8806814E-04         1.0000000E+30              2390       
 NEXT SEEDS:18C965F6       2       0       0       0       0    10E1    3039       0       0
      66000                 34000                 34000             2.8792502E-04         1.0000000E+30              2463       
 NEXT SEEDS:191E8081       2       0       0       0       0    10E1    3039       0       0
      68000                 32000                 32000             2.8743931E-04         1.0000000E+30              2544       
 NEXT SEEDS:19718241       2       0       0       0       0    10E1    3039       0       0
      70000                 30000                 30000             2.8699803E-04         1.0000000E+30              2625       
 NEXT SEEDS:19C49A06       2       0       0       0       0    10E1    3039       0       0
      72000                 28000                 28000             2.8660599E-04         1.0000000E+30              2705       
 NEXT SEEDS:1A16AF6D       2       0       0       0       0    10E1    3039       0       0
      74000                 26000                 26000             2.8669117E-04         1.0000000E+30              2784       
 NEXT SEEDS:1A6D92C3       2       0       0       0       0    10E1    3039       0       0
      76000                 24000                 24000             2.8661705E-04         1.0000000E+30              2860       
 NEXT SEEDS:1AC3512E       2       0       0       0       0    10E1    3039       0       0
      78000                 22000                 22000             2.8661673E-04         1.0000000E+30              2931       
 NEXT SEEDS:1B192D0F       2       0       0       0       0    10E1    3039       0       0
      80000                 20000                 20000             2.8666539E-04         1.0000000E+30              3018       
 NEXT SEEDS:1B6F9817       2       0       0       0       0    10E1    3039       0       0
      82000                 18000                 18000             2.8647883E-04         1.0000000E+30              3092       
 NEXT SEEDS:1BC35B17       2       0       0       0       0    10E1    3039       0       0
      84000                 16000                 16000             2.8661260E-04         1.0000000E+30              3173       
 NEXT SEEDS:1C1A4629       2       0       0       0       0    10E1    3039       0       0
      86000                 14000                 14000             2.8652397E-04         1.0000000E+30              3253       
 NEXT SEEDS:1C6F3BDE       2       0       0       0       0    10E1    3039       0       0
      88000                 12000                 12000             2.8652923E-04         1.0000000E+30              3326       
 NEXT SEEDS:1CC5241F       2       0       0       0       0    10E1    3039       0       0
      90000                 10000                 10000             2.8644169E-04         1.0000000E+30              3405       
 NEXT SEEDS:1D1B5146       2       0       0       0       0    10E1    3039       0       0
      92000                  8000                  8000             2.8629302E-04         1.0000000E+30              3477       
 NEXT SEEDS:1D6F728D       2       0       0       0       0    10E1    3039       0       0
      94000                  6000                  6000             2.8624341E-04         1.0000000E+30              3550       
 NEXT SEEDS:1DC4C0D1       2       0       0       0       0    10E1    3039       0       0
      96000                  4000                  4000             2.8628983E-04         1.0000000E+30              3622       
 NEXT SEEDS:1E1B7154       2       0       0       0       0    10E1    3039       0       0
      98000                  2000                  2000             2.8628615E-04         1.0000000E+30              3700       
 NEXT SEEDS:1E70F386       2       0       0       0       0    10E1    3039       0       0
      99950                    50                    50             2.8637167E-04         1.0000000E+30              3777       
 NEXT SEEDS:1EC61834       2       0       0       0       0    10E1    3039       0       0
      99951                    49                    49             2.8637164E-04         1.0000000E+30              3777       
 NEXT SEEDS:1EC61DCE       2       0       0       0       0    10E1    3039       0       0
      99952                    48                    48             2.8637288E-04         1.0000000E+30              3777       
 NEXT SEEDS:1EC62AC8       2       0       0       0       0    10E1    3039       0       0
      99953                    47                    47             2.8637185E-04         1.0000000E+30              3777       
 NEXT SEEDS:1EC63063       2       0       0       0       0    10E1    3039       0       0
      99954                    46                    46             2.8637429E-04         1.0000000E+30              3777       
 NEXT SEEDS:1EC64143       2       0       0       0       0    10E1    3039       0       0
      99955                    45                    45             2.8637562E-04         1.0000000E+30              3777       
 NEXT SEEDS:1EC64EB5       2       0       0       0       0    10E1    3039       0       0
      99956                    44                    44             2.8637440E-04         1.0000000E+30              3777       
 NEXT SEEDS:1EC653C0       2       0       0       0       0    10E1    3039       0       0
      99957                    43                    43             2.8637317E-04         1.0000000E+30              3777       
 NEXT SEEDS:1EC658CF       2       0       0       0       0    10E1    3039       0       0
      99958                    42                    42             2.8637214E-04         1.0000000E+30              3777       
 NEXT SEEDS:1EC65E0F       2       0       0       0       0    10E1    3039       0       0
      99959                    41                    41             2.8637643E-04         1.0000000E+30              3777       
 NEXT SEEDS:1EC6755E       2       0       0       0       0    10E1    3039       0       0
      99960                    40                    40             2.8638145E-04         1.0000000E+30              3777       
 NEXT SEEDS:1EC692AE       2       0       0       0       0    10E1    3039       0       0
      99961                    39                    39             2.8638047E-04         1.0000000E+30              3777       
 NEXT SEEDS:1EC69828       2       0       0       0       0    10E1    3039       0       0
      99962                    38                    38             2.8637936E-04         1.0000000E+30              3777       
 NEXT SEEDS:1EC69D8D       2       0       0       0       0    10E1    3039       0       0
      99963                    37                    37             2.8638384E-04         1.0000000E+30              3777       
 NEXT SEEDS:1EC6B576       2       0       0       0       0    10E1    3039       0       0
      99964                    36                    36             2.8638283E-04         1.0000000E+30              3777       
 NEXT SEEDS:1EC6BAEF       2       0       0       0       0    10E1    3039       0       0
      99965                    35                    35             2.8638187E-04         1.0000000E+30              3777       
 NEXT SEEDS:1EC6C078       2       0       0       0       0    10E1    3039       0       0
      99966                    34                    34             2.8638158E-04         1.0000000E+30              3777       
 NEXT SEEDS:1EC6C87B       2       0       0       0       0    10E1    3039       0       0
      99967                    33                    33             2.8638047E-04         1.0000000E+30              3777       
 NEXT SEEDS:1EC6CE21       2       0       0       0       0    10E1    3039       0       0
      99968                    32                    32             2.8637934E-04         1.0000000E+30              3777       
 NEXT SEEDS:1EC6D390       2       0       0       0       0    10E1    3039       0       0
      99969                    31                    31             2.8638407E-04         1.0000000E+30              3777       
 NEXT SEEDS:1EC6ED1C       2       0       0       0       0    10E1    3039       0       0
      99970                    30                    30             2.8638312E-04         1.0000000E+30              3777       
 NEXT SEEDS:1EC6F27D       2       0       0       0       0    10E1    3039       0       0
      99971                    29                    29             2.8638405E-04         1.0000000E+30              3777       
 NEXT SEEDS:1EC6FC7F       2       0       0       0       0    10E1    3039       0       0
      99972                    28                    28             2.8638302E-04         1.0000000E+30              3777       
 NEXT SEEDS:1EC7018F       2       0       0       0       0    10E1    3039       0       0
      99973                    27                    27             2.8638210E-04         1.0000000E+30              3777       
 NEXT SEEDS:1EC706EA       2       0       0       0       0    10E1    3039       0       0
      99974                    26                    26             2.8638751E-04         1.0000000E+30              3777       
 NEXT SEEDS:1EC72210       2       0       0       0       0    10E1    3039       0       0
      99975                    25                    25             2.8638991E-04         1.0000000E+30              3777       
 NEXT SEEDS:1EC73374       2       0       0       0       0    10E1    3039       0       0
      99976                    24                    24             2.8638882E-04         1.0000000E+30              3777       
 NEXT SEEDS:1EC738D2       2       0       0       0       0    10E1    3039       0       0
      99977                    23                    23             2.8638789E-04         1.0000000E+30              3777       
 NEXT SEEDS:1EC73E52       2       0       0       0       0    10E1    3039       0       0
      99978                    22                    22             2.8638678E-04         1.0000000E+30              3777       
 NEXT SEEDS:1EC74362       2       0       0       0       0    10E1    3039       0       0
      99979                    21                    21             2.8639168E-04         1.0000000E+30              3777       
 NEXT SEEDS:1EC75D84       2       0       0       0       0    10E1    3039       0       0
      99980                    20                    20             2.8639082E-04         1.0000000E+30              3777       
 NEXT SEEDS:1EC762FD       2       0       0       0       0    10E1    3039       0       0
      99981                    19                    19             2.8638972E-04         1.0000000E+30              3777       
 NEXT SEEDS:1EC76821       2       0       0       0       0    10E1    3039       0       0
      99982                    18                    18             2.8638844E-04         1.0000000E+30              3777       
 NEXT SEEDS:1EC76D10       2       0       0       0       0    10E1    3039       0       0
      99983                    17                    17             2.8638795E-04         1.0000000E+30              3777       
 NEXT SEEDS:1EC773E6       2       0       0       0       0    10E1    3039       0       0
      99984                    16                    16             2.8639265E-04         1.0000000E+30              3777       
 NEXT SEEDS:1EC78CBB       2       0       0       0       0    10E1    3039       0       0
      99985                    15                    15             2.8639168E-04         1.0000000E+30              3777       
 NEXT SEEDS:1EC79252       2       0       0       0       0    10E1    3039       0       0
      99986                    14                    14             2.8639593E-04         1.0000000E+30              3777       
 NEXT SEEDS:1EC7A955       2       0       0       0       0    10E1    3039       0       0
      99987                    13                    13             2.8639501E-04         1.0000000E+30              3777       
 NEXT SEEDS:1EC7AED6       2       0       0       0       0    10E1    3039       0       0
      99988                    12                    12             2.8640075E-04         1.0000000E+30              3777       
 NEXT SEEDS:1EC7D03A       2       0       0       0       0    10E1    3039       0       0
      99989                    11                    11             2.8640584E-04         1.0000000E+30              3777       
 NEXT SEEDS:1EC7E9EB       2       0       0       0       0    10E1    3039       0       0
      99990                    10                    10             2.8640484E-04         1.0000000E+30              3777       
 NEXT SEEDS:1EC7EF2C       2       0       0       0       0    10E1    3039       0       0
      99991                     9                     9             2.8640360E-04         1.0000000E+30              3777       
 NEXT SEEDS:1EC7F436       2       0       0       0       0    10E1    3039       0       0
      99992                     8                     8             2.8640240E-04         1.0000000E+30              3777       
 NEXT SEEDS:1EC7F95D       2       0       0       0       0    10E1    3039       0       0
      99993                     7                     7             2.8640125E-04         1.0000000E+30              3777       
 NEXT SEEDS:1EC7FEE6       2       0       0       0       0    10E1    3039       0       0
      99994                     6                     6             2.8640516E-04         1.0000000E+30              3777       
 NEXT SEEDS:1EC814D7       2       0       0       0       0    10E1    3039       0       0
      99995                     5                     5             2.8640411E-04         1.0000000E+30              3777       
 NEXT SEEDS:1EC81A0F       2       0       0       0       0    10E1    3039       0       0
      99996                     4                     4             2.8640301E-04         1.0000000E+30              3777       
 NEXT SEEDS:1EC81F70       2       0       0       0       0    10E1    3039       0       0
      99997                     3                     3             2.8640179E-04         1.0000000E+30              3777       
 NEXT SEEDS:1EC8249E       2       0       0       0       0    10E1    3039       0       0
      99998                     2                     2             2.8640087E-04         1.0000000E+30              3777       
 NEXT SEEDS:1EC829EE       2       0       0       0       0    10E1    3039       0       0
      99999                     1                     1             2.8639959E-04         1.0000000E+30              3777       
 NEXT SEEDS:1EC82ED4       2       0       0       0       0    10E1    3039       0       0
     100000                     0                     1             2.8639856E-04         1.0000000E+30              3777       
 NEXT SEEDS:1EC83457       2       0       0       0       0    10E1    3039       0       0
