1NUMBER OF BEAM       NUMBER OF BEAM        APPROXIMATE NUMBER    AVERAGE TIME USED     TIME LEFT (RESERVED   NUMBER OF STARS
 PARTICLES HANDLED    PARTICLES LEFT        OF BEAM PARTICLES     BY A BEAM PARTICLE     10000.0 SECONDS      CREATED
                                            THAT CAN STILL BE                           FOR PRINTOUT)
                                            HANDLED

 NEXT SEEDS:391CA6CE       1       0       0       0       0    10E1    3039       0       0
          1                 99999                 99999             3.8397312E-04         1.0000000E+30                 0       
 NEXT SEEDS:391CABE4       1       0       0       0       0    10E1    3039       0       0
       2000                 98000                 98000             2.8594196E-04         1.0000000E+30                86       
 NEXT SEEDS:3972D35D       1       0       0       0       0    10E1    3039       0       0
       4000                 96000                 96000             2.7923876E-04         1.0000000E+30               145       
 NEXT SEEDS:39C4BCF0       1       0       0       0       0    10E1    3039       0       0
       6000                 94000                 94000             2.7869833E-04         1.0000000E+30               222       
 NEXT SEEDS:3A19B940       1       0       0       0       0    10E1    3039       0       0
       8000                 92000                 92000             2.7912149E-04         1.0000000E+30               285       
 NEXT SEEDS:3A6DF5F6       1       0       0       0       0    10E1    3039       0       0
      10000                 90000                 90000             2.8010721E-04         1.0000000E+30               362       
 NEXT SEEDS:3AC31334       1       0       0       0       0    10E1    3039       0       0
      12000                 88000                 88000             2.8223240E-04         1.0000000E+30               437       
 NEXT SEEDS:3B1997B0       1       0       0       0       0    10E1    3039       0       0
      14000                 86000                 86000             2.8162101E-04         1.0000000E+30               515       
 NEXT SEEDS:3B6D4BC8       1       0       0       0       0    10E1    3039       0       0
      16000                 84000                 84000             2.8137243E-04         1.0000000E+30               577       
 NEXT SEEDS:  2634D9       2       0       0       0       0    10E1    3039       0       0
      18000                 82000                 82000             2.8131199E-04         1.0000000E+30               632       
 NEXT SEEDS:  7983D6       2       0       0       0       0    10E1    3039       0       0
      20000                 80000                 80000             2.8270836E-04         1.0000000E+30               717       
 NEXT SEEDS:  D0A138       2       0       0       0       0    10E1    3039       0       0
      22000                 78000                 78000             2.8287185E-04         1.0000000E+30               799       
 NEXT SEEDS: 1272F8A       2       0       0       0       0    10E1    3039       0       0
      24000                 76000                 76000             2.8212128E-04         1.0000000E+30               871       
 NEXT SEEDS: 17B5CC8       2       0       0       0       0    10E1    3039       0       0
      26000                 74000                 74000             2.8251140E-04         1.0000000E+30               941       
 NEXT SEEDS: 1D02262       2       0       0       0       0    10E1    3039       0       0
      28000                 72000                 72000             2.8322712E-04         1.0000000E+30              1009       
 NEXT SEEDS: 22681F3       2       0       0       0       0    10E1    3039       0       0
      30000                 70000                 70000             2.8402734E-04         1.0000000E+30              1097       
 NEXT SEEDS: 27DF252       2       0       0       0       0    10E1    3039       0       0
      32000                 68000                 68000             2.8418000E-04         1.0000000E+30              1154       
 NEXT SEEDS: 2D29D99       2       0       0       0       0    10E1    3039       0       0
      34000                 66000                 66000             2.8371748E-04         1.0000000E+30              1210       
 NEXT SEEDS: 3247438       2       0       0       0       0    10E1    3039       0       0
      36000                 64000                 64000             2.8344807E-04         1.0000000E+30              1274       
 NEXT SEEDS: 3773F85       2       0       0       0       0    10E1    3039       0       0
      38000                 62000                 62000             2.8354478E-04         1.0000000E+30              1353       
 NEXT SEEDS: 3CC480D       2       0       0       0       0    10E1    3039       0       0
      40000                 60000                 60000             2.8371814E-04         1.0000000E+30              1441       
 NEXT SEEDS: 421EB76       2       0       0       0       0    10E1    3039       0       0
      42000                 58000                 58000             2.8390102E-04         1.0000000E+30              1509       
 NEXT SEEDS: 476B9CA       2       0       0       0       0    10E1    3039       0       0
      44000                 56000                 56000             2.8411381E-04         1.0000000E+30              1584       
 NEXT SEEDS: 4CC318C       2       0       0       0       0    10E1    3039       0       0
      46000                 54000                 54000             2.8428404E-04         1.0000000E+30              1652       
 NEXT SEEDS: 521877F       2       0       0       0       0    10E1    3039       0       0
      48000                 52000                 52000             2.8459621E-04         1.0000000E+30              1724       
 NEXT SEEDS: 577760F       2       0       0       0       0    10E1    3039       0       0
      50000                 50000                 50000             2.8487685E-04         1.0000000E+30              1800       
 NEXT SEEDS: 5CE0453       2       0       0       0       0    10E1    3039       0       0
      52000                 48000                 48000             2.8456814E-04         1.0000000E+30              1871       
 NEXT SEEDS: 621D3EC       2       0       0       0       0    10E1    3039       0       0
      54000                 46000                 46000             2.8434069E-04         1.0000000E+30              1942       
 NEXT SEEDS: 675CB50       2       0       0       0       0    10E1    3039       0       0
      56000                 44000                 44000             2.8432438E-04         1.0000000E+30              2016       
 NEXT SEEDS: 6CB1802       2       0       0       0       0    10E1    3039       0       0
 COUSET, TXYZ:   1.00000000005289     -0.246847560912773      0.969054323439714    
      58000                 42000                 42000             2.8435751E-04         1.0000000E+30              2099       
 NEXT SEEDS: 7211950       2       0       0       0       0    10E1    3039       0       0
      60000                 40000                 40000             2.8435673E-04         1.0000000E+30              2169       
 NEXT SEEDS: 77661E1       2       0       0       0       0    10E1    3039       0       0
      62000                 38000                 38000             2.8436538E-04         1.0000000E+30              2244       
 NEXT SEEDS: 7CBBC76       2       0       0       0       0    10E1    3039       0       0
      64000                 36000                 36000             2.8403685E-04         1.0000000E+30              2324       
 NEXT SEEDS: 81FD844       2       0       0       0       0    10E1    3039       0       0
      66000                 34000                 34000             2.8405918E-04         1.0000000E+30              2412       
 NEXT SEEDS: 8770297       2       0       0       0       0    10E1    3039       0       0
      68000                 32000                 32000             2.8405516E-04         1.0000000E+30              2495       
 NEXT SEEDS: 8CDFF6B       2       0       0       0       0    10E1    3039       0       0
      70000                 30000                 30000             2.8381572E-04         1.0000000E+30              2567       
 NEXT SEEDS: 9211FF6       2       0       0       0       0    10E1    3039       0       0
      72000                 28000                 28000             2.8375798E-04         1.0000000E+30              2633       
 NEXT SEEDS: 9757B94       2       0       0       0       0    10E1    3039       0       0
      74000                 26000                 26000             2.8378936E-04         1.0000000E+30              2712       
 NEXT SEEDS: 9CAFBC4       2       0       0       0       0    10E1    3039       0       0
      76000                 24000                 24000             2.8385384E-04         1.0000000E+30              2787       
 NEXT SEEDS: A2176B2       2       0       0       0       0    10E1    3039       0       0
      78000                 22000                 22000             2.8385251E-04         1.0000000E+30              2875       
 NEXT SEEDS: A771A1E       2       0       0       0       0    10E1    3039       0       0
      80000                 20000                 20000             2.8365720E-04         1.0000000E+30              2954       
 NEXT SEEDS: ACA777D       2       0       0       0       0    10E1    3039       0       0
      82000                 18000                 18000             2.8371202E-04         1.0000000E+30              3029       
 NEXT SEEDS: B20786A       2       0       0       0       0    10E1    3039       0       0
      84000                 16000                 16000             2.8356085E-04         1.0000000E+30              3111       
 NEXT SEEDS: B74508B       2       0       0       0       0    10E1    3039       0       0
      86000                 14000                 14000             2.8349074E-04         1.0000000E+30              3171       
 NEXT SEEDS: BC8CA2B       2       0       0       0       0    10E1    3039       0       0
      88000                 12000                 12000             2.8352560E-04         1.0000000E+30              3254       
 NEXT SEEDS: C213148       2       0       0       0       0    10E1    3039       0       0
      90000                 10000                 10000             2.8346221E-04         1.0000000E+30              3336       
 NEXT SEEDS: C755180       2       0       0       0       0    10E1    3039       0       0
      92000                  8000                  8000             2.8352792E-04         1.0000000E+30              3413       
 NEXT SEEDS: CCAB38D       2       0       0       0       0    10E1    3039       0       0
      94000                  6000                  6000             2.8354765E-04         1.0000000E+30              3481       
 NEXT SEEDS: D207809       2       0       0       0       0    10E1    3039       0       0
      96000                  4000                  4000             2.8361510E-04         1.0000000E+30              3559       
 NEXT SEEDS: D76EB8B       2       0       0       0       0    10E1    3039       0       0
      98000                  2000                  2000             2.8380636E-04         1.0000000E+30              3645       
 NEXT SEEDS: DCE1100       2       0       0       0       0    10E1    3039       0       0
      99950                    50                    50             2.8389598E-04         1.0000000E+30              3707       
 NEXT SEEDS: E218752       2       0       0       0       0    10E1    3039       0       0
      99951                    49                    49             2.8389571E-04         1.0000000E+30              3707       
 NEXT SEEDS: E218CDE       2       0       0       0       0    10E1    3039       0       0
      99952                    48                    48             2.8389497E-04         1.0000000E+30              3707       
 NEXT SEEDS: E219250       2       0       0       0       0    10E1    3039       0       0
      99953                    47                    47             2.8389948E-04         1.0000000E+30              3707       
 NEXT SEEDS: E21AAAE       2       0       0       0       0    10E1    3039       0       0
      99954                    46                    46             2.8389855E-04         1.0000000E+30              3707       
 NEXT SEEDS: E21B04F       2       0       0       0       0    10E1    3039       0       0
      99955                    45                    45             2.8389760E-04         1.0000000E+30              3707       
 NEXT SEEDS: E21B5C2       2       0       0       0       0    10E1    3039       0       0
      99956                    44                    44             2.8389821E-04         1.0000000E+30              3707       
 NEXT SEEDS: E21C031       2       0       0       0       0    10E1    3039       0       0
      99957                    43                    43             2.8390008E-04         1.0000000E+30              3707       
 NEXT SEEDS: E21CF4B       2       0       0       0       0    10E1    3039       0       0
      99958                    42                    42             2.8389894E-04         1.0000000E+30              3707       
 NEXT SEEDS: E21D444       2       0       0       0       0    10E1    3039       0       0
      99959                    41                    41             2.8389784E-04         1.0000000E+30              3707       
 NEXT SEEDS: E21D9BD       2       0       0       0       0    10E1    3039       0       0
      99960                    40                    40             2.8390040E-04         1.0000000E+30              3707       
 NEXT SEEDS: E21EB39       2       0       0       0       0    10E1    3039       0       0
      99961                    39                    39             2.8390567E-04         1.0000000E+30              3707       
 NEXT SEEDS: E22052A       2       0       0       0       0    10E1    3039       0       0
      99962                    38                    38             2.8390807E-04         1.0000000E+30              3708       
 NEXT SEEDS: E221D69       2       0       0       0       0    10E1    3039       0       0
      99963                    37                    37             2.8391141E-04         1.0000000E+30              3708       
 NEXT SEEDS: E22312E       2       0       0       0       0    10E1    3039       0       0
      99964                    36                    36             2.8391054E-04         1.0000000E+30              3708       
 NEXT SEEDS: E223680       2       0       0       0       0    10E1    3039       0       0
      99965                    35                    35             2.8391178E-04         1.0000000E+30              3708       
 NEXT SEEDS: E224367       2       0       0       0       0    10E1    3039       0       0
      99966                    34                    34             2.8391436E-04         1.0000000E+30              3708       
 NEXT SEEDS: E2254BA       2       0       0       0       0    10E1    3039       0       0
      99967                    33                    33             2.8391648E-04         1.0000000E+30              3708       
 NEXT SEEDS: E2264EE       2       0       0       0       0    10E1    3039       0       0
      99968                    32                    32             2.8391542E-04         1.0000000E+30              3708       
 NEXT SEEDS: E226A72       2       0       0       0       0    10E1    3039       0       0
      99969                    31                    31             2.8391418E-04         1.0000000E+30              3708       
 NEXT SEEDS: E226F83       2       0       0       0       0    10E1    3039       0       0
      99970                    30                    30             2.8391136E-04         1.0000000E+30              3708       
 NEXT SEEDS: E228AE4       2       0       0       0       0    10E1    3039       0       0
      99971                    29                    29             2.8390852E-04         1.0000000E+30              3708       
 NEXT SEEDS: E22903D       2       0       0       0       0    10E1    3039       0       0
      99972                    28                    28             2.8390568E-04         1.0000000E+30              3708       
 NEXT SEEDS: E2294F2       2       0       0       0       0    10E1    3039       0       0
      99973                    27                    27             2.8390284E-04         1.0000000E+30              3709       
 NEXT SEEDS: E22B5D4       2       0       0       0       0    10E1    3039       0       0
      99974                    26                    26             2.8390000E-04         1.0000000E+30              3709       
 NEXT SEEDS: E22BB53       2       0       0       0       0    10E1    3039       0       0
      99975                    25                    25             2.8389716E-04         1.0000000E+30              3709       
 NEXT SEEDS: E22D175       2       0       0       0       0    10E1    3039       0       0
      99976                    24                    24             2.8389432E-04         1.0000000E+30              3709       
 NEXT SEEDS: E22D66B       2       0       0       0       0    10E1    3039       0       0
      99977                    23                    23             2.8389148E-04         1.0000000E+30              3710       
 NEXT SEEDS: E22FF15       2       0       0       0       0    10E1    3039       0       0
      99978                    22                    22             2.8388864E-04         1.0000000E+30              3710       
 NEXT SEEDS: E23049D       2       0       0       0       0    10E1    3039       0       0
      99979                    21                    21             2.8388580E-04         1.0000000E+30              3710       
 NEXT SEEDS: E230A25       2       0       0       0       0    10E1    3039       0       0
      99980                    20                    20             2.8388296E-04         1.0000000E+30              3711       
 NEXT SEEDS: E231604       2       0       0       0       0    10E1    3039       0       0
      99981                    19                    19             2.8388012E-04         1.0000000E+30              3711       
 NEXT SEEDS: E231B94       2       0       0       0       0    10E1    3039       0       0
      99982                    18                    18             2.8387728E-04         1.0000000E+30              3711       
 NEXT SEEDS: E2320C1       2       0       0       0       0    10E1    3039       0       0
      99983                    17                    17             2.8387444E-04         1.0000000E+30              3711       
 NEXT SEEDS: E232600       2       0       0       0       0    10E1    3039       0       0
      99984                    16                    16             2.8387160E-04         1.0000000E+30              3711       
 NEXT SEEDS: E232AFA       2       0       0       0       0    10E1    3039       0       0
      99985                    15                    15             2.8386876E-04         1.0000000E+30              3711       
 NEXT SEEDS: E2345FE       2       0       0       0       0    10E1    3039       0       0
      99986                    14                    14             2.8386593E-04         1.0000000E+30              3711       
 NEXT SEEDS: E234B81       2       0       0       0       0    10E1    3039       0       0
      99987                    13                    13             2.8386309E-04         1.0000000E+30              3711       
 NEXT SEEDS: E236782       2       0       0       0       0    10E1    3039       0       0
      99988                    12                    12             2.8386025E-04         1.0000000E+30              3711       
 NEXT SEEDS: E236CCA       2       0       0       0       0    10E1    3039       0       0
      99989                    11                    11             2.8385741E-04         1.0000000E+30              3711       
 NEXT SEEDS: E23720E       2       0       0       0       0    10E1    3039       0       0
      99990                    10                    10             2.8385457E-04         1.0000000E+30              3711       
 NEXT SEEDS: E2376EF       2       0       0       0       0    10E1    3039       0       0
      99991                     9                     9             2.8385173E-04         1.0000000E+30              3711       
 NEXT SEEDS: E237BC7       2       0       0       0       0    10E1    3039       0       0
      99992                     8                     8             2.8384889E-04         1.0000000E+30              3711       
 NEXT SEEDS: E23810C       2       0       0       0       0    10E1    3039       0       0
      99993                     7                     7             2.8384605E-04         1.0000000E+30              3711       
 NEXT SEEDS: E2396FC       2       0       0       0       0    10E1    3039       0       0
      99994                     6                     6             2.8384321E-04         1.0000000E+30              3711       
 NEXT SEEDS: E239BBB       2       0       0       0       0    10E1    3039       0       0
      99995                     5                     5             2.8384038E-04         1.0000000E+30              3711       
 NEXT SEEDS: E23A0D5       2       0       0       0       0    10E1    3039       0       0
      99996                     4                     4             2.8383754E-04         1.0000000E+30              3711       
 NEXT SEEDS: E23A62A       2       0       0       0       0    10E1    3039       0       0
      99997                     3                     3             2.8383470E-04         1.0000000E+30              3711       
 NEXT SEEDS: E23AE3B       2       0       0       0       0    10E1    3039       0       0
      99998                     2                     2             2.8383341E-04         1.0000000E+30              3711       
 NEXT SEEDS: E23C504       2       0       0       0       0    10E1    3039       0       0
      99999                     1                     1             2.8383478E-04         1.0000000E+30              3711       
 NEXT SEEDS: E23D7E9       2       0       0       0       0    10E1    3039       0       0
     100000                     0                     1             2.8384020E-04         1.0000000E+30              3711       
 NEXT SEEDS: E23F372       2       0       0       0       0    10E1    3039       0       0
