1NUMBER OF BEAM       NUMBER OF BEAM        APPROXIMATE NUMBER    AVERAGE TIME USED     TIME LEFT (RESERVED   NUMBER OF STARS
 PARTICLES HANDLED    PARTICLES LEFT        OF BEAM PARTICLES     BY A BEAM PARTICLE     10000.0 SECONDS      CREATED
                                            THAT CAN STILL BE                           FOR PRINTOUT)
                                            HANDLED

 NEXT SEEDS: 7116034       1       0       0       0       0    10E1    3039       0       0
          1                 99999                 99999             4.1997433E-04         1.0000000E+30                 0       
 NEXT SEEDS: 7116C9D       1       0       0       0       0    10E1    3039       0       0
       2000                 98000                 98000             2.8338492E-04         1.0000000E+30                71       
 NEXT SEEDS: 765BCDF       1       0       0       0       0    10E1    3039       0       0
       4000                 96000                 96000             2.8354496E-04         1.0000000E+30               151       
 NEXT SEEDS: 7BAB2F0       1       0       0       0       0    10E1    3039       0       0
       6000                 94000                 94000             2.8377481E-04         1.0000000E+30               231       
 NEXT SEEDS: 80FA43F       1       0       0       0       0    10E1    3039       0       0
       8000                 92000                 92000             2.8164136E-04         1.0000000E+30               310       
 NEXT SEEDS: 86278F1       1       0       0       0       0    10E1    3039       0       0
      10000                 90000                 90000             2.8114212E-04         1.0000000E+30               372       
 NEXT SEEDS: 8B59F90       1       0       0       0       0    10E1    3039       0       0
      12000                 88000                 88000             2.8008749E-04         1.0000000E+30               452       
 NEXT SEEDS: 90845FD       1       0       0       0       0    10E1    3039       0       0
      14000                 86000                 86000             2.8177185E-04         1.0000000E+30               522       
 NEXT SEEDS: 96040C4       1       0       0       0       0    10E1    3039       0       0
      16000                 84000                 84000             2.8304981E-04         1.0000000E+30               607       
 NEXT SEEDS: 9B75752       1       0       0       0       0    10E1    3039       0       0
      18000                 82000                 82000             2.8285311E-04         1.0000000E+30               665       
 NEXT SEEDS: A0B45B2       1       0       0       0       0    10E1    3039       0       0
      20000                 80000                 80000             2.8205925E-04         1.0000000E+30               750       
 NEXT SEEDS: A60B0F1       1       0       0       0       0    10E1    3039       0       0
      22000                 78000                 78000             2.8172423E-04         1.0000000E+30               817       
 NEXT SEEDS: AB5920A       1       0       0       0       0    10E1    3039       0       0
      24000                 76000                 76000             2.8190711E-04         1.0000000E+30               881       
 NEXT SEEDS: B0A9782       1       0       0       0       0    10E1    3039       0       0
      26000                 74000                 74000             2.8226540E-04         1.0000000E+30               960       
 NEXT SEEDS: B6098F7       1       0       0       0       0    10E1    3039       0       0
      28000                 72000                 72000             2.8196337E-04         1.0000000E+30              1027       
 NEXT SEEDS: BB3DCC5       1       0       0       0       0    10E1    3039       0       0
      30000                 70000                 70000             2.8230911E-04         1.0000000E+30              1096       
 NEXT SEEDS: C099806       1       0       0       0       0    10E1    3039       0       0
      32000                 68000                 68000             2.8247689E-04         1.0000000E+30              1174       
 NEXT SEEDS: C5EDA61       1       0       0       0       0    10E1    3039       0       0
      34000                 66000                 66000             2.8230058E-04         1.0000000E+30              1249       
 NEXT SEEDS: CB28B51       1       0       0       0       0    10E1    3039       0       0
      36000                 64000                 64000             2.8271606E-04         1.0000000E+30              1322       
 NEXT SEEDS: D093DAA       1       0       0       0       0    10E1    3039       0       0
      38000                 62000                 62000             2.8287473E-04         1.0000000E+30              1402       
 NEXT SEEDS: D5EEDB8       1       0       0       0       0    10E1    3039       0       0
      40000                 60000                 60000             2.8301832E-04         1.0000000E+30              1476       
 NEXT SEEDS: DB4C5DE       1       0       0       0       0    10E1    3039       0       0
      42000                 58000                 58000             2.8337560E-04         1.0000000E+30              1537       
 NEXT SEEDS: E0B3DAC       1       0       0       0       0    10E1    3039       0       0
      44000                 56000                 56000             2.8362720E-04         1.0000000E+30              1634       
 NEXT SEEDS: E622648       1       0       0       0       0    10E1    3039       0       0
      46000                 54000                 54000             2.8342829E-04         1.0000000E+30              1711       
 NEXT SEEDS: EB6FE65       1       0       0       0       0    10E1    3039       0       0
      48000                 52000                 52000             2.8334867E-04         1.0000000E+30              1787       
 NEXT SEEDS: F0CC139       1       0       0       0       0    10E1    3039       0       0
      50000                 50000                 50000             2.8321647E-04         1.0000000E+30              1871       
 NEXT SEEDS: F6104B5       1       0       0       0       0    10E1    3039       0       0
      52000                 48000                 48000             2.8355897E-04         1.0000000E+30              1951       
 NEXT SEEDS: FB78334       1       0       0       0       0    10E1    3039       0       0
      54000                 46000                 46000             2.8367461E-04         1.0000000E+30              2035       
 NEXT SEEDS:100E7C9F       1       0       0       0       0    10E1    3039       0       0
      56000                 44000                 44000             2.8331073E-04         1.0000000E+30              2101       
 NEXT SEEDS:10608EDA       1       0       0       0       0    10E1    3039       0       0
      58000                 42000                 42000             2.8315588E-04         1.0000000E+30              2183       
 NEXT SEEDS:10B583DF       1       0       0       0       0    10E1    3039       0       0
      60000                 40000                 40000             2.8286239E-04         1.0000000E+30              2259       
 NEXT SEEDS:1107CDCB       1       0       0       0       0    10E1    3039       0       0
      62000                 38000                 38000             2.8306205E-04         1.0000000E+30              2338       
 NEXT SEEDS:115E7D2F       1       0       0       0       0    10E1    3039       0       0
      64000                 36000                 36000             2.8295751E-04         1.0000000E+30              2404       
 NEXT SEEDS:11B28541       1       0       0       0       0    10E1    3039       0       0
      66000                 34000                 34000             2.8300422E-04         1.0000000E+30              2499       
 NEXT SEEDS:12082CF7       1       0       0       0       0    10E1    3039       0       0
      68000                 32000                 32000             2.8296547E-04         1.0000000E+30              2582       
 NEXT SEEDS:125CA169       1       0       0       0       0    10E1    3039       0       0
      70000                 30000                 30000             2.8286120E-04         1.0000000E+30              2653       
 NEXT SEEDS:12B16501       1       0       0       0       0    10E1    3039       0       0
      72000                 28000                 28000             2.8284037E-04         1.0000000E+30              2735       
 NEXT SEEDS:13061062       1       0       0       0       0    10E1    3039       0       0
      74000                 26000                 26000             2.8293208E-04         1.0000000E+30              2808       
 NEXT SEEDS:135B8464       1       0       0       0       0    10E1    3039       0       0
      76000                 24000                 24000             2.8305130E-04         1.0000000E+30              2883       
 NEXT SEEDS:13B1B269       1       0       0       0       0    10E1    3039       0       0
      78000                 22000                 22000             2.8298993E-04         1.0000000E+30              2950       
 NEXT SEEDS:1405D0BE       1       0       0       0       0    10E1    3039       0       0
      80000                 20000                 20000             2.8312429E-04         1.0000000E+30              3030       
 NEXT SEEDS:145C30D5       1       0       0       0       0    10E1    3039       0       0
      82000                 18000                 18000             2.8306883E-04         1.0000000E+30              3104       
 NEXT SEEDS:14B07B02       1       0       0       0       0    10E1    3039       0       0
      84000                 16000                 16000             2.8311242E-04         1.0000000E+30              3182       
 NEXT SEEDS:1505AB23       1       0       0       0       0    10E1    3039       0       0
      86000                 14000                 14000             2.8342827E-04         1.0000000E+30              3265       
 NEXT SEEDS:155E101C       1       0       0       0       0    10E1    3039       0       0
      88000                 12000                 12000             2.8335199E-04         1.0000000E+30              3339       
 NEXT SEEDS:15B31593       1       0       0       0       0    10E1    3039       0       0
      90000                 10000                 10000             2.8341097E-04         1.0000000E+30              3418       
 NEXT SEEDS:160A7A1B       1       0       0       0       0    10E1    3039       0       0
      92000                  8000                  8000             2.8347833E-04         1.0000000E+30              3494       
 NEXT SEEDS:166027DD       1       0       0       0       0    10E1    3039       0       0
      94000                  6000                  6000             2.8361080E-04         1.0000000E+30              3574       
 NEXT SEEDS:16B6F874       1       0       0       0       0    10E1    3039       0       0
      96000                  4000                  4000             2.8357401E-04         1.0000000E+30              3645       
 NEXT SEEDS:170B857E       1       0       0       0       0    10E1    3039       0       0
      98000                  2000                  2000             2.8377999E-04         1.0000000E+30              3726       
 NEXT SEEDS:17630361       1       0       0       0       0    10E1    3039       0       0
      99950                    50                    50             2.8400483E-04         1.0000000E+30              3810       
 NEXT SEEDS:17B8F09E       1       0       0       0       0    10E1    3039       0       0
      99951                    49                    49             2.8400468E-04         1.0000000E+30              3810       
 NEXT SEEDS:17B8F5FC       1       0       0       0       0    10E1    3039       0       0
      99952                    48                    48             2.8400378E-04         1.0000000E+30              3810       
 NEXT SEEDS:17B8FBAD       1       0       0       0       0    10E1    3039       0       0
      99953                    47                    47             2.8400270E-04         1.0000000E+30              3810       
 NEXT SEEDS:17B90159       1       0       0       0       0    10E1    3039       0       0
      99954                    46                    46             2.8400224E-04         1.0000000E+30              3810       
 NEXT SEEDS:17B908FD       1       0       0       0       0    10E1    3039       0       0
      99955                    45                    45             2.8400156E-04         1.0000000E+30              3810       
 NEXT SEEDS:17B90E74       1       0       0       0       0    10E1    3039       0       0
      99956                    44                    44             2.8400408E-04         1.0000000E+30              3811       
 NEXT SEEDS:17B91C57       1       0       0       0       0    10E1    3039       0       0
      99957                    43                    43             2.8400320E-04         1.0000000E+30              3811       
 NEXT SEEDS:17B921DB       1       0       0       0       0    10E1    3039       0       0
      99958                    42                    42             2.8400219E-04         1.0000000E+30              3811       
 NEXT SEEDS:17B9270E       1       0       0       0       0    10E1    3039       0       0
      99959                    41                    41             2.8400616E-04         1.0000000E+30              3811       
 NEXT SEEDS:17B93D8C       1       0       0       0       0    10E1    3039       0       0
      99960                    40                    40             2.8400489E-04         1.0000000E+30              3811       
 NEXT SEEDS:17B94257       1       0       0       0       0    10E1    3039       0       0
      99961                    39                    39             2.8400739E-04         1.0000000E+30              3811       
 NEXT SEEDS:17B951E6       1       0       0       0       0    10E1    3039       0       0
      99962                    38                    38             2.8400708E-04         1.0000000E+30              3811       
 NEXT SEEDS:17B95891       1       0       0       0       0    10E1    3039       0       0
      99963                    37                    37             2.8400959E-04         1.0000000E+30              3811       
 NEXT SEEDS:17B96999       1       0       0       0       0    10E1    3039       0       0
      99964                    36                    36             2.8401392E-04         1.0000000E+30              3811       
 NEXT SEEDS:17B980F0       1       0       0       0       0    10E1    3039       0       0
      99965                    35                    35             2.8401329E-04         1.0000000E+30              3811       
 NEXT SEEDS:17B986C5       1       0       0       0       0    10E1    3039       0       0
      99966                    34                    34             2.8401728E-04         1.0000000E+30              3811       
 NEXT SEEDS:17B99DF1       1       0       0       0       0    10E1    3039       0       0
      99967                    33                    33             2.8402312E-04         1.0000000E+30              3811       
 NEXT SEEDS:17B9BA68       1       0       0       0       0    10E1    3039       0       0
      99968                    32                    32             2.8402209E-04         1.0000000E+30              3811       
 NEXT SEEDS:17B9BF87       1       0       0       0       0    10E1    3039       0       0
      99969                    31                    31             2.8402120E-04         1.0000000E+30              3811       
 NEXT SEEDS:17B9C51A       1       0       0       0       0    10E1    3039       0       0
      99970                    30                    30             2.8402606E-04         1.0000000E+30              3811       
 NEXT SEEDS:17B9DEC9       1       0       0       0       0    10E1    3039       0       0
      99971                    29                    29             2.8402519E-04         1.0000000E+30              3811       
 NEXT SEEDS:17B9E43D       1       0       0       0       0    10E1    3039       0       0
      99972                    28                    28             2.8402420E-04         1.0000000E+30              3811       
 NEXT SEEDS:17B9E96E       1       0       0       0       0    10E1    3039       0       0
      99973                    27                    27             2.8402529E-04         1.0000000E+30              3811       
 NEXT SEEDS:17B9F61C       1       0       0       0       0    10E1    3039       0       0
      99974                    26                    26             2.8402399E-04         1.0000000E+30              3811       
 NEXT SEEDS:17B9FAF8       1       0       0       0       0    10E1    3039       0       0
      99975                    25                    25             2.8402966E-04         1.0000000E+30              3811       
 NEXT SEEDS:17BA1726       1       0       0       0       0    10E1    3039       0       0
      99976                    24                    24             2.8402888E-04         1.0000000E+30              3811       
 NEXT SEEDS:17BA2259       1       0       0       0       0    10E1    3039       0       0
      99977                    23                    23             2.8403407E-04         1.0000000E+30              3811       
 NEXT SEEDS:17BA3C7A       1       0       0       0       0    10E1    3039       0       0
      99978                    22                    22             2.8403310E-04         1.0000000E+30              3811       
 NEXT SEEDS:17BA41ED       1       0       0       0       0    10E1    3039       0       0
      99979                    21                    21             2.8403207E-04         1.0000000E+30              3811       
 NEXT SEEDS:17BA4704       1       0       0       0       0    10E1    3039       0       0
      99980                    20                    20             2.8403108E-04         1.0000000E+30              3811       
 NEXT SEEDS:17BA4C3D       1       0       0       0       0    10E1    3039       0       0
      99981                    19                    19             2.8403036E-04         1.0000000E+30              3811       
 NEXT SEEDS:17BA51BF       1       0       0       0       0    10E1    3039       0       0
      99982                    18                    18             2.8402946E-04         1.0000000E+30              3811       
 NEXT SEEDS:17BA5752       1       0       0       0       0    10E1    3039       0       0
      99983                    17                    17             2.8402841E-04         1.0000000E+30              3811       
 NEXT SEEDS:17BA5CE7       1       0       0       0       0    10E1    3039       0       0
      99984                    16                    16             2.8402744E-04         1.0000000E+30              3811       
 NEXT SEEDS:17BA625F       1       0       0       0       0    10E1    3039       0       0
      99985                    15                    15             2.8402645E-04         1.0000000E+30              3811       
 NEXT SEEDS:17BA67E0       1       0       0       0       0    10E1    3039       0       0
      99986                    14                    14             2.8403120E-04         1.0000000E+30              3811       
 NEXT SEEDS:17BA817B       1       0       0       0       0    10E1    3039       0       0
      99987                    13                    13             2.8403025E-04         1.0000000E+30              3811       
 NEXT SEEDS:17BA869B       1       0       0       0       0    10E1    3039       0       0
      99988                    12                    12             2.8402926E-04         1.0000000E+30              3811       
 NEXT SEEDS:17BA8C09       1       0       0       0       0    10E1    3039       0       0
      99989                    11                    11             2.8402827E-04         1.0000000E+30              3811       
 NEXT SEEDS:17BA91D4       1       0       0       0       0    10E1    3039       0       0
      99990                    10                    10             2.8402720E-04         1.0000000E+30              3811       
 NEXT SEEDS:17BA9763       1       0       0       0       0    10E1    3039       0       0
      99991                     9                     9             2.8402591E-04         1.0000000E+30              3811       
 NEXT SEEDS:17BA9C10       1       0       0       0       0    10E1    3039       0       0
      99992                     8                     8             2.8402538E-04         1.0000000E+30              3811       
 NEXT SEEDS:17BAA79F       1       0       0       0       0    10E1    3039       0       0
      99993                     7                     7             2.8402450E-04         1.0000000E+30              3811       
 NEXT SEEDS:17BAAD07       1       0       0       0       0    10E1    3039       0       0
      99994                     6                     6             2.8402342E-04         1.0000000E+30              3811       
 NEXT SEEDS:17BAB27C       1       0       0       0       0    10E1    3039       0       0
      99995                     5                     5             2.8402838E-04         1.0000000E+30              3811       
 NEXT SEEDS:17BACC00       1       0       0       0       0    10E1    3039       0       0
      99996                     4                     4             2.8403292E-04         1.0000000E+30              3811       
 NEXT SEEDS:17BAE367       1       0       0       0       0    10E1    3039       0       0
      99997                     3                     3             2.8403200E-04         1.0000000E+30              3811       
 NEXT SEEDS:17BAE846       1       0       0       0       0    10E1    3039       0       0
      99998                     2                     2             2.8403086E-04         1.0000000E+30              3811       
 NEXT SEEDS:17BAED70       1       0       0       0       0    10E1    3039       0       0
      99999                     1                     1             2.8403187E-04         1.0000000E+30              3812       
 NEXT SEEDS:17BAF9C7       1       0       0       0       0    10E1    3039       0       0
     100000                     0                     1             2.8403542E-04         1.0000000E+30              3812       
 NEXT SEEDS:17BB0E06       1       0       0       0       0    10E1    3039       0       0
