1NUMBER OF BEAM       NUMBER OF BEAM        APPROXIMATE NUMBER    AVERAGE TIME USED     TIME LEFT (RESERVED   NUMBER OF STARS
 PARTICLES HANDLED    PARTICLES LEFT        OF BEAM PARTICLES     BY A BEAM PARTICLE     10000.0 SECONDS      CREATED
                                            THAT CAN STILL BE                           FOR PRINTOUT)
                                            HANDLED

 NEXT SEEDS:17BB0E06       1       0       0       0       0    10E1    3039       0       0
          1                 99999                 99999             1.9097328E-04         1.0000000E+30                 0       
 NEXT SEEDS:17BB1397       1       0       0       0       0    10E1    3039       0       0
       2000                 98000                 98000             2.8806698E-04         1.0000000E+30                61       
 NEXT SEEDS:18107FAA       1       0       0       0       0    10E1    3039       0       0
       4000                 96000                 96000             2.9044622E-04         1.0000000E+30               147       
 NEXT SEEDS:1867E2AF       1       0       0       0       0    10E1    3039       0       0
       6000                 94000                 94000             2.9259618E-04         1.0000000E+30               226       
 NEXT SEEDS:18BFCC4F       1       0       0       0       0    10E1    3039       0       0
       8000                 92000                 92000             2.9228538E-04         1.0000000E+30               314       
 NEXT SEEDS:1916C61A       1       0       0       0       0    10E1    3039       0       0
      10000                 90000                 90000             2.8966479E-04         1.0000000E+30               371       
 NEXT SEEDS:196A62FD       1       0       0       0       0    10E1    3039       0       0
      12000                 88000                 88000             2.8985043E-04         1.0000000E+30               458       
 NEXT SEEDS:19C0ED9A       1       0       0       0       0    10E1    3039       0       0
      14000                 86000                 86000             2.9062629E-04         1.0000000E+30               530       
 NEXT SEEDS:1A18B952       1       0       0       0       0    10E1    3039       0       0
      16000                 84000                 84000             2.9006624E-04         1.0000000E+30               606       
 NEXT SEEDS:1A6DE96A       1       0       0       0       0    10E1    3039       0       0
      18000                 82000                 82000             2.8953362E-04         1.0000000E+30               681       
 NEXT SEEDS:1AC36B44       1       0       0       0       0    10E1    3039       0       0
      20000                 80000                 80000             2.8884075E-04         1.0000000E+30               758       
 NEXT SEEDS:1B17D684       1       0       0       0       0    10E1    3039       0       0
      22000                 78000                 78000             2.8858432E-04         1.0000000E+30               827       
 NEXT SEEDS:1B6D8547       1       0       0       0       0    10E1    3039       0       0
      24000                 76000                 76000             2.8827572E-04         1.0000000E+30               915       
 NEXT SEEDS:1BC33CCE       1       0       0       0       0    10E1    3039       0       0
      26000                 74000                 74000             2.8764967E-04         1.0000000E+30               983       
 NEXT SEEDS:1C182868       1       0       0       0       0    10E1    3039       0       0
      28000                 72000                 72000             2.8748550E-04         1.0000000E+30              1052       
 NEXT SEEDS:1C6D063D       1       0       0       0       0    10E1    3039       0       0
      30000                 70000                 70000             2.8706563E-04         1.0000000E+30              1123       
 NEXT SEEDS:1CC13958       1       0       0       0       0    10E1    3039       0       0
      32000                 68000                 68000             2.8685775E-04         1.0000000E+30              1206       
 NEXT SEEDS:1D175B52       1       0       0       0       0    10E1    3039       0       0
      34000                 66000                 66000             2.8713198E-04         1.0000000E+30              1284       
 NEXT SEEDS:1D6E2617       1       0       0       0       0    10E1    3039       0       0
      36000                 64000                 64000             2.8674499E-04         1.0000000E+30              1360       
 NEXT SEEDS:1DC1DBEF       1       0       0       0       0    10E1    3039       0       0
      38000                 62000                 62000             2.8659271E-04         1.0000000E+30              1430       
 NEXT SEEDS:1E16B6EB       1       0       0       0       0    10E1    3039       0       0
      40000                 60000                 60000             2.8698404E-04         1.0000000E+30              1497       
 NEXT SEEDS:1E6E1C00       1       0       0       0       0    10E1    3039       0       0
      42000                 58000                 58000             2.8735504E-04         1.0000000E+30              1592       
 NEXT SEEDS:1EC63B8C       1       0       0       0       0    10E1    3039       0       0
      44000                 56000                 56000             2.8757282E-04         1.0000000E+30              1667       
 NEXT SEEDS:1F1D4AF8       1       0       0       0       0    10E1    3039       0       0
      46000                 54000                 54000             2.8724478E-04         1.0000000E+30              1736       
 NEXT SEEDS:1F70B554       1       0       0       0       0    10E1    3039       0       0
      48000                 52000                 52000             2.8711996E-04         1.0000000E+30              1808       
 NEXT SEEDS:1FC5FB1B       1       0       0       0       0    10E1    3039       0       0
      50000                 50000                 50000             2.8731054E-04         1.0000000E+30              1880       
 NEXT SEEDS:201CD65B       1       0       0       0       0    10E1    3039       0       0
      52000                 48000                 48000             2.8741591E-04         1.0000000E+30              1950       
 NEXT SEEDS:20729F61       1       0       0       0       0    10E1    3039       0       0
      54000                 46000                 46000             2.8740805E-04         1.0000000E+30              2024       
 NEXT SEEDS:20C821F1       1       0       0       0       0    10E1    3039       0       0
      56000                 44000                 44000             2.8731149E-04         1.0000000E+30              2090       
 NEXT SEEDS:211CC4CF       1       0       0       0       0    10E1    3039       0       0
      58000                 42000                 42000             2.8717163E-04         1.0000000E+30              2166       
 NEXT SEEDS:217146E3       1       0       0       0       0    10E1    3039       0       0
      60000                 40000                 40000             2.8758720E-04         1.0000000E+30              2249       
 NEXT SEEDS:21CA8883       1       0       0       0       0    10E1    3039       0       0
      62000                 38000                 38000             2.8762116E-04         1.0000000E+30              2323       
 NEXT SEEDS:22221967       1       0       0       0       0    10E1    3039       0       0
      64000                 36000                 36000             2.8740543E-04         1.0000000E+30              2377       
 NEXT SEEDS:22752B06       1       0       0       0       0    10E1    3039       0       0
      66000                 34000                 34000             2.8732259E-04         1.0000000E+30              2451       
 NEXT SEEDS:22CBC373       1       0       0       0       0    10E1    3039       0       0
      68000                 32000                 32000             2.8735015E-04         1.0000000E+30              2530       
 NEXT SEEDS:2321BB73       1       0       0       0       0    10E1    3039       0       0
      70000                 30000                 30000             2.8705403E-04         1.0000000E+30              2606       
 NEXT SEEDS:2374BC3B       1       0       0       0       0    10E1    3039       0       0
      72000                 28000                 28000             2.8672126E-04         1.0000000E+30              2686       
 NEXT SEEDS:23C735F3       1       0       0       0       0    10E1    3039       0       0
      74000                 26000                 26000             2.8658204E-04         1.0000000E+30              2749       
 NEXT SEEDS:241BD466       1       0       0       0       0    10E1    3039       0       0
      76000                 24000                 24000             2.8680721E-04         1.0000000E+30              2830       
 NEXT SEEDS:2473CDAF       1       0       0       0       0    10E1    3039       0       0
      78000                 22000                 22000             2.8682831E-04         1.0000000E+30              2891       
 NEXT SEEDS:24CA595D       1       0       0       0       0    10E1    3039       0       0
      80000                 20000                 20000             2.8676226E-04         1.0000000E+30              2969       
 NEXT SEEDS:251F8033       1       0       0       0       0    10E1    3039       0       0
      82000                 18000                 18000             2.8690901E-04         1.0000000E+30              3041       
 NEXT SEEDS:2576D65A       1       0       0       0       0    10E1    3039       0       0
      84000                 16000                 16000             2.8671553E-04         1.0000000E+30              3114       
 NEXT SEEDS:25CAC174       1       0       0       0       0    10E1    3039       0       0
      86000                 14000                 14000             2.8660994E-04         1.0000000E+30              3182       
 NEXT SEEDS:261EDC95       1       0       0       0       0    10E1    3039       0       0
      88000                 12000                 12000             2.8654491E-04         1.0000000E+30              3247       
 NEXT SEEDS:26763FA9       1       0       0       0       0    10E1    3039       0       0
      90000                 10000                 10000             2.8650188E-04         1.0000000E+30              3332       
 NEXT SEEDS:26CBD6FF       1       0       0       0       0    10E1    3039       0       0
      92000                  8000                  8000             2.8641510E-04         1.0000000E+30              3411       
 NEXT SEEDS:27222EBA       1       0       0       0       0    10E1    3039       0       0
      94000                  6000                  6000             2.8642815E-04         1.0000000E+30              3491       
 NEXT SEEDS:27789422       1       0       0       0       0    10E1    3039       0       0
      96000                  4000                  4000             2.8648152E-04         1.0000000E+30              3553       
 NEXT SEEDS:27CEABB9       1       0       0       0       0    10E1    3039       0       0
      98000                  2000                  2000             2.8621884E-04         1.0000000E+30              3634       
 NEXT SEEDS:2820C344       1       0       0       0       0    10E1    3039       0       0
      99950                    50                    50             2.8600131E-04         1.0000000E+30              3708       
 NEXT SEEDS:2871812D       1       0       0       0       0    10E1    3039       0       0
      99951                    49                    49             2.8600638E-04         1.0000000E+30              3708       
 NEXT SEEDS:28719915       1       0       0       0       0    10E1    3039       0       0
      99952                    48                    48             2.8600526E-04         1.0000000E+30              3708       
 NEXT SEEDS:28719E63       1       0       0       0       0    10E1    3039       0       0
      99953                    47                    47             2.8600425E-04         1.0000000E+30              3708       
 NEXT SEEDS:2871A367       1       0       0       0       0    10E1    3039       0       0
      99954                    46                    46             2.8600326E-04         1.0000000E+30              3708       
 NEXT SEEDS:2871A8CE       1       0       0       0       0    10E1    3039       0       0
      99955                    45                    45             2.8600202E-04         1.0000000E+30              3708       
 NEXT SEEDS:2871ADD7       1       0       0       0       0    10E1    3039       0       0
      99956                    44                    44             2.8600139E-04         1.0000000E+30              3708       
 NEXT SEEDS:2871B454       1       0       0       0       0    10E1    3039       0       0
      99957                    43                    43             2.8600023E-04         1.0000000E+30              3708       
 NEXT SEEDS:2871B9A4       1       0       0       0       0    10E1    3039       0       0
      99958                    42                    42             2.8599937E-04         1.0000000E+30              3708       
 NEXT SEEDS:2871BED2       1       0       0       0       0    10E1    3039       0       0
      99959                    41                    41             2.8600114E-04         1.0000000E+30              3708       
 NEXT SEEDS:2871CD4D       1       0       0       0       0    10E1    3039       0       0
      99960                    40                    40             2.8599991E-04         1.0000000E+30              3708       
 NEXT SEEDS:2871D249       1       0       0       0       0    10E1    3039       0       0
      99961                    39                    39             2.8599872E-04         1.0000000E+30              3708       
 NEXT SEEDS:2871D7B8       1       0       0       0       0    10E1    3039       0       0
      99962                    38                    38             2.8600227E-04         1.0000000E+30              3708       
 NEXT SEEDS:2871EC6D       1       0       0       0       0    10E1    3039       0       0
      99963                    37                    37             2.8600111E-04         1.0000000E+30              3708       
 NEXT SEEDS:2871F139       1       0       0       0       0    10E1    3039       0       0
      99964                    36                    36             2.8600008E-04         1.0000000E+30              3708       
 NEXT SEEDS:2871F6B0       1       0       0       0       0    10E1    3039       0       0
      99965                    35                    35             2.8600609E-04         1.0000000E+30              3709       
 NEXT SEEDS:28721D55       1       0       0       0       0    10E1    3039       0       0
      99966                    34                    34             2.8600514E-04         1.0000000E+30              3709       
 NEXT SEEDS:287222CF       1       0       0       0       0    10E1    3039       0       0
      99967                    33                    33             2.8600428E-04         1.0000000E+30              3709       
 NEXT SEEDS:2872285D       1       0       0       0       0    10E1    3039       0       0
      99968                    32                    32             2.8600646E-04         1.0000000E+30              3709       
 NEXT SEEDS:287238E2       1       0       0       0       0    10E1    3039       0       0
      99969                    31                    31             2.8600518E-04         1.0000000E+30              3709       
 NEXT SEEDS:28723DD7       1       0       0       0       0    10E1    3039       0       0
      99970                    30                    30             2.8600596E-04         1.0000000E+30              3709       
 NEXT SEEDS:287248EF       1       0       0       0       0    10E1    3039       0       0
      99971                    29                    29             2.8601135E-04         1.0000000E+30              3709       
 NEXT SEEDS:287263A8       1       0       0       0       0    10E1    3039       0       0
      99972                    28                    28             2.8601035E-04         1.0000000E+30              3709       
 NEXT SEEDS:287268FE       1       0       0       0       0    10E1    3039       0       0
      99973                    27                    27             2.8600927E-04         1.0000000E+30              3709       
 NEXT SEEDS:28726E74       1       0       0       0       0    10E1    3039       0       0
      99974                    26                    26             2.8600801E-04         1.0000000E+30              3709       
 NEXT SEEDS:287273AB       1       0       0       0       0    10E1    3039       0       0
      99975                    25                    25             2.8600669E-04         1.0000000E+30              3709       
 NEXT SEEDS:28727895       1       0       0       0       0    10E1    3039       0       0
      99976                    24                    24             2.8600553E-04         1.0000000E+30              3709       
 NEXT SEEDS:28727E01       1       0       0       0       0    10E1    3039       0       0
      99977                    23                    23             2.8600464E-04         1.0000000E+30              3709       
 NEXT SEEDS:28728326       1       0       0       0       0    10E1    3039       0       0
      99978                    22                    22             2.8600359E-04         1.0000000E+30              3709       
 NEXT SEEDS:28728866       1       0       0       0       0    10E1    3039       0       0
      99979                    21                    21             2.8600073E-04         1.0000000E+30              3709       
 NEXT SEEDS:2872A49B       1       0       0       0       0    10E1    3039       0       0
      99980                    20                    20             2.8599787E-04         1.0000000E+30              3709       
 NEXT SEEDS:2872AA4D       1       0       0       0       0    10E1    3039       0       0
      99981                    19                    19             2.8599501E-04         1.0000000E+30              3709       
 NEXT SEEDS:2872AFB7       1       0       0       0       0    10E1    3039       0       0
      99982                    18                    18             2.8599214E-04         1.0000000E+30              3709       
 NEXT SEEDS:2872CB4E       1       0       0       0       0    10E1    3039       0       0
      99983                    17                    17             2.8598928E-04         1.0000000E+30              3709       
 NEXT SEEDS:2872D0CF       1       0       0       0       0    10E1    3039       0       0
      99984                    16                    16             2.8598642E-04         1.0000000E+30              3709       
 NEXT SEEDS:2872E302       1       0       0       0       0    10E1    3039       0       0
      99985                    15                    15             2.8598356E-04         1.0000000E+30              3709       
 NEXT SEEDS:2872EDEB       1       0       0       0       0    10E1    3039       0       0
      99986                    14                    14             2.8598070E-04         1.0000000E+30              3709       
 NEXT SEEDS:2873089F       1       0       0       0       0    10E1    3039       0       0
      99987                    13                    13             2.8597784E-04         1.0000000E+30              3709       
 NEXT SEEDS:28732332       1       0       0       0       0    10E1    3039       0       0
      99988                    12                    12             2.8597498E-04         1.0000000E+30              3709       
 NEXT SEEDS:2873281E       1       0       0       0       0    10E1    3039       0       0
      99989                    11                    11             2.8597212E-04         1.0000000E+30              3709       
 NEXT SEEDS:28732D3F       1       0       0       0       0    10E1    3039       0       0
      99990                    10                    10             2.8596926E-04         1.0000000E+30              3709       
 NEXT SEEDS:287332C0       1       0       0       0       0    10E1    3039       0       0
      99991                     9                     9             2.8596640E-04         1.0000000E+30              3709       
 NEXT SEEDS:28734A7D       1       0       0       0       0    10E1    3039       0       0
      99992                     8                     8             2.8596354E-04         1.0000000E+30              3709       
 NEXT SEEDS:28735550       1       0       0       0       0    10E1    3039       0       0
      99993                     7                     7             2.8596068E-04         1.0000000E+30              3709       
 NEXT SEEDS:28735A3F       1       0       0       0       0    10E1    3039       0       0
      99994                     6                     6             2.8595782E-04         1.0000000E+30              3709       
 NEXT SEEDS:28735F64       1       0       0       0       0    10E1    3039       0       0
      99995                     5                     5             2.8595496E-04         1.0000000E+30              3709       
 NEXT SEEDS:287364A0       1       0       0       0       0    10E1    3039       0       0
      99996                     4                     4             2.8595210E-04         1.0000000E+30              3709       
 NEXT SEEDS:287369B6       1       0       0       0       0    10E1    3039       0       0
      99997                     3                     3             2.8594924E-04         1.0000000E+30              3709       
 NEXT SEEDS:28736EDE       1       0       0       0       0    10E1    3039       0       0
      99998                     2                     2             2.8594639E-04         1.0000000E+30              3709       
 NEXT SEEDS:2873746A       1       0       0       0       0    10E1    3039       0       0
      99999                     1                     1             2.8594353E-04         1.0000000E+30              3710       
 NEXT SEEDS:287392BA       1       0       0       0       0    10E1    3039       0       0
     100000                     0                     1             2.8594067E-04         1.0000000E+30              3710       
 NEXT SEEDS:28739804       1       0       0       0       0    10E1    3039       0       0
