===============================
MCDS Version 3.10A  05-DEC-2011
===============================
      0.013     running time (min)
  987654321     random number seed
        100     number of cells (nocs)
 0.0000E+00     water-equivalent material (WEM) thickness (mg/cm^2)
 6.0000E-01     Desired dose to the cell nucleus (Gy)
 5.6000E+00     DNA content (Gbp)

TARGET (cell) DEFINITION (4V/S = mean chord length)
========================================================
            DIAMETER     4V/S      Volume      Mass
               (um)      (um)      (um^3)      (ng)
--------------------------------------------------------
DNA            ---        ---     5.715E+00  5.715E-03
NUCLEUS     1.000E+01  6.667E+00  5.236E+02  5.236E-01
CYTOPLASM      ---        ---     0.000E+00  0.000E+00
CELL        1.000E+01  6.667E+00  5.236E+02  5.236E-01
========================================================
NOTE: In human DNA, 1 Gbp=0.979 ng (not including bound
H2O).  DNA volume computed using a density of 1 g/cm^3.


INCIDENT PARTICLE: proton (mass = 1.00728E+00 u = 9.38272E+02 MeV/c^2)
  5.04000E+00 MeV >= 1.00000E-06 MeV
  5.04000E+00 MeV/A >= 1.00000E-06 MeV/A)
  9.73816E+01 MeV (p*c = momentum x speed of light)
  1.27334E-02 pm (de Broglie wavelength)
  1.00537E+00 = T/m0c2+1 (Lorentz factor) >= 1
  9.99998E-01 ABS(effective charge); Barkas 1963
  1.03234E-01 beta = (v/c) <= 1
  9.38327E+01 (zeff/beta)^2 <= 2.000E+05
  7.82613E+00 keV/um (total stopping power in H2O)
  7.82124E+00 keV/um ( 99.937% electronic)
  4.89160E-03 keV/um (  0.063% nuclear)
  3.64187E-02 CSDA range of particle (cm) in H2O

PARTICLE TRANSPORT - Beam of radiation incident on bottom of cell culture dish
(WEM=0.00 um, cell=10.00 um, nucleus=10.00 um; total distance traveled to
reach nucleus=0.000 um of H2O).
==============================================================================
                                  ------- Cell --------  ------- Nucleus -----
                       Incident      Entry      Exit       Entry       Exit
==============================================================================
         KE (MeV)   5.0400E+00  5.0400E+00  4.9612E+00  5.0400E+00  4.9612E+00
    (Zeff/beta)^2   9.3833E+01  9.3833E+01  9.5311E+01  9.3833E+01  9.5311E+01
     LET (keV/um)   7.8261E+00  7.8261E+00  7.9256E+00  7.8261E+00  7.9256E+00
  Res. Range (um)   3.6419E+02  3.6419E+02  3.5419E+02  3.6419E+02  3.5419E+02
 DPUF1 (nGy-cm^2)   1.2537E+01  1.2537E+01  1.2697E+01  1.2537E+01  1.2697E+01
 DPUF2 (nGy-cm^2)      ---      1.2597E+01     ---      1.2597E+01     ---
       Edep (keV)      ---      5.2421E+01     ---      5.2421E+01     ---
      YF (keV/um)      ---      7.8631E+00     ---      7.8631E+00     ---
          ZF (Gy)      ---      1.6039E-02     ---      1.6039E-02     ---
==============================================================================
LET=(Stot-Srad); absorbed dose per unit fluence (DPUF1) = 1.602*LET/rho
Avg. absorbed dose within target (i.e., DPUF2) = 2.5*pi*d*d*zf
Edep = 0.1602*ZF*PI*d*d*d/6; yf = edep/lbar = 0.25*edep*{area}/{volume}

DAMAGE FORMATION AND CLUSTERING (normoxic conditions)
     116685     segment length, nseg (bp per cell per Gy)
       1300     number of strand breaks, sigSb (per cell per Gy)
       3900     number of base damages,  sigBd (per cell per Gy)
        3.0     base damage to strand break ratio, f
          9     minimum distance between clusters, Nmin (bp)
         10     maximum distance between two Sb to compose a DSB, Ndsb (bp)
        0.0     fraction Bl/Bd

OXYGEN SIMULATION (M0=1.740, K=0.3372, q=946.10, r=2.15)
  1.0000E+02 % O2 concentration (=760.00 mmHg)
  2.4631E-03 chemical repair probability (pcr)
  9.9754E-01 O2 fixation probability (1-pcr)
  1.0025E+00 Approx. HRF for SSB induction [=1/(1-pcr)]
  1.0049E+00 Approx. HRF for DSB induction [1/(1-pcr)]^2

DMSO SIMULATION
  5.0000E-01 fraction of non-scavengeable DNA damage (fnsd)
  5.0000E-01 concentration (mol dm^-3) at half-level (chmx)
  0.0000E+00 DMSO concentration (mol dm^-3)

TABLE 1. Percent (%) cluster yields by complexity, as classified using the scheme of Nikjoo et al. (IJRB 71, 
467-483 1997 and and Radiat. Res. 156, 577-583 2001).
===================================================================================================================
    66.451     BD    - one or more Bd (no Sb)
    29.698     SSB   - Sb (no auxilary damage)
     1.780     SSB+  - two Sb on the same strand
     0.269     2SSB  - two or more Sb on opposite strands separated by at least 10 bp
     1.487     DSB   - two Sb on opposite strands with a separation <= 10 bp
     0.274     DSB+  - DSB accompanied by one (or more) additional Sb within 10 bp separation
     0.042     DSB++ - more than one DSB whether within the 10 bp separation or further apart
     6.452     SSBc  - fraction of complex damage (SSB+ and 2SSB) among SSBs
    48.157     SSBcb - fraction of complex damage (SSB+ and 2SSB) among SSBs; base damage included
    17.516     DSBc  - fraction of complex damage (DSB+ and DSB++) among DSBs
    59.816     DSBcb - fraction of complex damage (DSB+ and DSB++) among DSBs; base damage included
===================================================================================================================

TABLE 2. Number of clusters per cell (DNA=5.600 Gbp, AD=0.600 Gy).
===================================================================================================================
Number of --------- DSB ----------   --------- SSB ----------   -------- OTHER ---------   ----- ALL CLUSTERS -----
 lesions    Average        SEM         Average        SEM         Average        SEM         Average        SEM    
===================================================================================================================
   1          ---          ---       3.16221E+02  1.09875E+00   9.47918E+02  1.87450E+00   1.26414E+03  2.18129E+00
   2      1.38880E+01  2.57302E-01   1.73886E+02  9.24450E-01   2.41847E+02  8.87319E-01   4.29621E+02  1.28420E+00
   3      1.07016E+01  2.17091E-01   7.44968E+01  5.57929E-01   6.19808E+01  5.46423E-01   1.47179E+02  7.60304E-01
   4      5.47680E+00  1.58108E-01   2.85544E+01  4.13089E-01   1.58312E+01  3.04845E-01   4.98624E+01  4.91167E-01
   5      2.66000E+00  1.01112E-01   9.97360E+00  2.08881E-01   3.77440E+00  1.41853E-01   1.64080E+01  2.71149E-01
   6      1.07520E+00  7.86662E-02   3.80800E+00  1.57991E-01   9.85600E-01  6.80618E-02   5.86880E+00  1.73378E-01
   7      4.31200E-01  5.02489E-02   1.43920E+00  8.35766E-02   2.18400E-01  3.45986E-02   2.08880E+00  9.10501E-02
   8      1.68000E-01  3.51482E-02   4.31200E-01  5.33078E-02   9.52000E-02  2.25901E-02   6.94400E-01  6.80618E-02
   9      6.72000E-02  1.82895E-02   1.23200E-01  2.46359E-02   2.24000E-02  1.10290E-02   2.12800E-01  3.71462E-02
  10      1.68000E-02  9.60101E-03   3.36000E-02  1.33663E-02   5.60000E-03  5.60000E-03   5.60000E-02  1.68846E-02
  11      1.68000E-02  9.60101E-03   5.60000E-03  5.60000E-03       ---          ---       2.24000E-02  1.10290E-02
  12      5.60000E-03  5.60000E-03   5.60000E-03  5.60000E-03   5.60000E-03  5.60000E-03   1.68000E-02  9.60101E-03
  13          ---          ---           ---          ---           ---          ---           ---          ---
  14          ---          ---           ---          ---           ---          ---           ---          ---
  15          ---          ---           ---          ---           ---          ---           ---          ---
  16          ---          ---           ---          ---           ---          ---           ---          ---
  17          ---          ---           ---          ---           ---          ---           ---          ---
  18          ---          ---           ---          ---           ---          ---           ---          ---
  19          ---          ---           ---          ---           ---          ---           ---          ---
  20          ---          ---           ---          ---           ---          ---           ---          ---
  21          ---          ---           ---          ---           ---          ---           ---          ---
  22          ---          ---           ---          ---           ---          ---           ---          ---
  23          ---          ---           ---          ---           ---          ---           ---          ---
  24          ---          ---           ---          ---           ---          ---           ---          ---
  25          ---          ---           ---          ---           ---          ---           ---          ---
  26          ---          ---           ---          ---           ---          ---           ---          ---
  27          ---          ---           ---          ---           ---          ---           ---          ---
  28          ---          ---           ---          ---           ---          ---           ---          ---
  29          ---          ---           ---          ---           ---          ---           ---          ---
  30          ---          ---           ---          ---           ---          ---           ---          ---
  31          ---          ---           ---          ---           ---          ---           ---          ---
  32          ---          ---           ---          ---           ---          ---           ---          ---
  33          ---          ---           ---          ---           ---          ---           ---          ---
  34          ---          ---           ---          ---           ---          ---           ---          ---
  35          ---          ---           ---          ---           ---          ---           ---          ---
  36          ---          ---           ---          ---           ---          ---           ---          ---
  37          ---          ---           ---          ---           ---          ---           ---          ---
  38          ---          ---           ---          ---           ---          ---           ---          ---
  39          ---          ---           ---          ---           ---          ---           ---          ---
  40          ---          ---           ---          ---           ---          ---           ---          ---
  41          ---          ---           ---          ---           ---          ---           ---          ---
  42          ---          ---           ---          ---           ---          ---           ---          ---
  43          ---          ---           ---          ---           ---          ---           ---          ---
  44          ---          ---           ---          ---           ---          ---           ---          ---
  45          ---          ---           ---          ---           ---          ---           ---          ---
  46          ---          ---           ---          ---           ---          ---           ---          ---
  47          ---          ---           ---          ---           ---          ---           ---          ---
  48          ---          ---           ---          ---           ---          ---           ---          ---
  49          ---          ---           ---          ---           ---          ---           ---          ---
  50          ---          ---           ---          ---           ---          ---           ---          ---
 Total    3.45072E+01  3.43254E-01   6.08978E+02  8.14222E-01   1.27268E+03  1.50210E+00   1.91617E+03  1.47194E+00
-------------------------------------------------------------------------------------------------------------------
NOTE: The category "OTHER" includes all classes of individual and clustered DNA lesion, except for SSB and DSB.
SEM = standard error of the mean.

TABLE 3. Number of clusters per cell per track (DNA=5.600 Gbp, ZF=0.01604 Gy).
===================================================================================================================
Number of --------- DSB ----------   --------- SSB ----------   -------- OTHER ---------   ----- ALL CLUSTERS -----
 lesions    Average        SEM         Average        SEM         Average        SEM         Average        SEM    
===================================================================================================================
   1          ---          ---       8.45289E+00  2.93707E-02   2.53388E+01  5.01071E-02   3.37917E+01  5.83081E-02
   2      3.71240E-01  6.87794E-03   4.64813E+00  2.47115E-02   6.46481E+00  2.37189E-02   1.14842E+01  3.43280E-02
   3      2.86064E-01  5.80305E-03   1.99137E+00  1.49140E-02   1.65681E+00  1.46064E-02   3.93425E+00  2.03237E-02
   4      1.46400E-01  4.22637E-03   7.63287E-01  1.10423E-02   4.23184E-01  8.14881E-03   1.33287E+00  1.31294E-02
   5      7.11044E-02  2.70283E-03   2.66604E-01  5.58359E-03   1.00893E-01  3.79188E-03   4.38602E-01  7.24808E-03
   6      2.87412E-02  2.10283E-03   1.01792E-01  4.22327E-03   2.63461E-02  1.81936E-03   1.56879E-01  4.63457E-03
   7      1.15264E-02  1.34320E-03   3.84712E-02  2.23408E-03   5.83805E-03  9.24855E-04   5.58357E-02  2.43386E-03
   8      4.49081E-03  9.39545E-04   1.15264E-02  1.42497E-03   2.54479E-03  6.03856E-04   1.85620E-02  1.81936E-03
   9      1.79632E-03  4.88897E-04   3.29326E-03  6.58542E-04   5.98774E-04  2.94816E-04   5.68835E-03  9.92955E-04
  10      4.49081E-04  2.56644E-04   8.98161E-04  3.57293E-04   1.49694E-04  0.00000E+00   1.49694E-03  4.51343E-04
  11      4.49081E-04  2.56644E-04   1.49694E-04  0.00000E+00       ---          ---       5.98774E-04  2.94816E-04
  12      1.49694E-04  0.00000E+00   1.49694E-04  0.00000E+00   1.49694E-04  0.00000E+00   4.49081E-04  2.56644E-04
  13          ---          ---           ---          ---           ---          ---           ---          ---
  14          ---          ---           ---          ---           ---          ---           ---          ---
  15          ---          ---           ---          ---           ---          ---           ---          ---
  16          ---          ---           ---          ---           ---          ---           ---          ---
  17          ---          ---           ---          ---           ---          ---           ---          ---
  18          ---          ---           ---          ---           ---          ---           ---          ---
  19          ---          ---           ---          ---           ---          ---           ---          ---
  20          ---          ---           ---          ---           ---          ---           ---          ---
  21          ---          ---           ---          ---           ---          ---           ---          ---
  22          ---          ---           ---          ---           ---          ---           ---          ---
  23          ---          ---           ---          ---           ---          ---           ---          ---
  24          ---          ---           ---          ---           ---          ---           ---          ---
  25          ---          ---           ---          ---           ---          ---           ---          ---
  26          ---          ---           ---          ---           ---          ---           ---          ---
  27          ---          ---           ---          ---           ---          ---           ---          ---
  28          ---          ---           ---          ---           ---          ---           ---          ---
  29          ---          ---           ---          ---           ---          ---           ---          ---
  30          ---          ---           ---          ---           ---          ---           ---          ---
  31          ---          ---           ---          ---           ---          ---           ---          ---
  32          ---          ---           ---          ---           ---          ---           ---          ---
  33          ---          ---           ---          ---           ---          ---           ---          ---
  34          ---          ---           ---          ---           ---          ---           ---          ---
  35          ---          ---           ---          ---           ---          ---           ---          ---
  36          ---          ---           ---          ---           ---          ---           ---          ---
  37          ---          ---           ---          ---           ---          ---           ---          ---
  38          ---          ---           ---          ---           ---          ---           ---          ---
  39          ---          ---           ---          ---           ---          ---           ---          ---
  40          ---          ---           ---          ---           ---          ---           ---          ---
  41          ---          ---           ---          ---           ---          ---           ---          ---
  42          ---          ---           ---          ---           ---          ---           ---          ---
  43          ---          ---           ---          ---           ---          ---           ---          ---
  44          ---          ---           ---          ---           ---          ---           ---          ---
  45          ---          ---           ---          ---           ---          ---           ---          ---
  46          ---          ---           ---          ---           ---          ---           ---          ---
  47          ---          ---           ---          ---           ---          ---           ---          ---
  48          ---          ---           ---          ---           ---          ---           ---          ---
  49          ---          ---           ---          ---           ---          ---           ---          ---
  50          ---          ---           ---          ---           ---          ---           ---          ---
 Total    9.22412E-01  9.17553E-03   1.62786E+01  2.17650E-02   3.40201E+01  4.01525E-02   5.12211E+01  3.93465E-02
-------------------------------------------------------------------------------------------------------------------

TABLE 4. Cluster Length (in base pair)
===================================================================================================================
Number of --------- DSB ----------   --------- SSB ----------   -------- OTHER ---------   ----- ALL CLUSTERS -----
 lesions    Average        SEM         Average        SEM         Average        SEM         Average        SEM    
===================================================================================================================
   1          ---          ---       5.60000E-01  0.00000E+00   5.60000E-01  0.00000E+00   5.60000E-01  0.00000E+00
   2      3.00916E+00  2.88098E-02   3.11062E+00  8.83468E-03   3.10537E+00  8.12679E-03   3.10445E+00  5.04698E-03
   3      5.33493E+00  4.91120E-02   5.71508E+00  1.83081E-02   5.65681E+00  1.88479E-02   5.66136E+00  1.27303E-02
   4      7.72141E+00  8.19682E-02   8.35542E+00  3.16739E-02   8.26752E+00  5.20098E-02   8.25815E+00  2.63708E-02
   5      1.02270E+01  1.51582E-01   1.08908E+01  7.60016E-02   1.07098E+01  1.49508E-01   1.07727E+01  5.55795E-02
   6      1.28667E+01  2.56055E-01   1.34632E+01  1.45487E-01   1.36974E+01  2.98827E-01   1.33111E+01  1.08721E-01
   7      1.53365E+01  3.58718E-01   1.63941E+01  2.40084E-01   1.63729E+01  6.48276E-01   1.61046E+01  1.95423E-01
   8      1.73048E+01  7.96652E-01   1.83176E+01  4.48348E-01   1.85850E+01  1.03160E+00   1.83206E+01  3.65040E-01
   9      2.15600E+01  8.42824E-01   2.11200E+01  6.76146E-01   2.10000E+01  2.63160E+00   2.13733E+01  5.23668E-01
  10      2.25867E+01  1.45791E+00   2.38933E+01  1.23257E+00   1.68000E+01  0.00000E+00   2.27920E+01  1.06269E+00
  11      2.27733E+01  2.38320E+00   2.80000E+01  0.00000E+00       ---          ---       2.40800E+01  2.13242E+00
  12      2.91200E+01  0.00000E+00   2.52000E+01  0.00000E+00   2.07200E+01  0.00000E+00   2.50133E+01  2.42667E+00
  13          ---          ---           ---          ---           ---          ---           ---          ---
  14          ---          ---           ---          ---           ---          ---           ---          ---
  15          ---          ---           ---          ---           ---          ---           ---          ---
  16          ---          ---           ---          ---           ---          ---           ---          ---
  17          ---          ---           ---          ---           ---          ---           ---          ---
  18          ---          ---           ---          ---           ---          ---           ---          ---
  19          ---          ---           ---          ---           ---          ---           ---          ---
  20          ---          ---           ---          ---           ---          ---           ---          ---
  21          ---          ---           ---          ---           ---          ---           ---          ---
  22          ---          ---           ---          ---           ---          ---           ---          ---
  23          ---          ---           ---          ---           ---          ---           ---          ---
  24          ---          ---           ---          ---           ---          ---           ---          ---
  25          ---          ---           ---          ---           ---          ---           ---          ---
  26          ---          ---           ---          ---           ---          ---           ---          ---
  27          ---          ---           ---          ---           ---          ---           ---          ---
  28          ---          ---           ---          ---           ---          ---           ---          ---
  29          ---          ---           ---          ---           ---          ---           ---          ---
  30          ---          ---           ---          ---           ---          ---           ---          ---
  31          ---          ---           ---          ---           ---          ---           ---          ---
  32          ---          ---           ---          ---           ---          ---           ---          ---
  33          ---          ---           ---          ---           ---          ---           ---          ---
  34          ---          ---           ---          ---           ---          ---           ---          ---
  35          ---          ---           ---          ---           ---          ---           ---          ---
  36          ---          ---           ---          ---           ---          ---           ---          ---
  37          ---          ---           ---          ---           ---          ---           ---          ---
  38          ---          ---           ---          ---           ---          ---           ---          ---
  39          ---          ---           ---          ---           ---          ---           ---          ---
  40          ---          ---           ---          ---           ---          ---           ---          ---
  41          ---          ---           ---          ---           ---          ---           ---          ---
  42          ---          ---           ---          ---           ---          ---           ---          ---
  43          ---          ---           ---          ---           ---          ---           ---          ---
  44          ---          ---           ---          ---           ---          ---           ---          ---
  45          ---          ---           ---          ---           ---          ---           ---          ---
  46          ---          ---           ---          ---           ---          ---           ---          ---
  47          ---          ---           ---          ---           ---          ---           ---          ---
  48          ---          ---           ---          ---           ---          ---           ---          ---
  49          ---          ---           ---          ---           ---          ---           ---          ---
  50          ---          ---           ---          ---           ---          ---           ---          ---
Average   5.63362E+00  5.57693E-02   2.58883E+00  8.57584E-03   1.43287E+00  3.99137E-03   1.87591E+00  3.56312E-03
-------------------------------------------------------------------------------------------------------------------

TABLE 5. Density of lesions forming a cluster (in units of lesions per nucleotide).
===================================================================================================================
Number of --------- DSB ----------   --------- SSB ----------   -------- OTHER ---------   ----- ALL CLUSTERS -----
 lesions    Average        SEM         Average        SEM         Average        SEM         Average        SEM    
===================================================================================================================
   1          ---          ---       2.80000E-01  0.00000E+00   2.80000E-01  0.00000E+00   2.80000E-01  0.00000E+00
   2      1.57399E-01  2.17493E-03   1.40870E-01  5.96871E-04   1.41612E-01  5.55907E-04   1.41814E-01  3.94971E-04
   3      1.08670E-01  1.44564E-03   9.94465E-02  4.64887E-04   1.00619E-01  5.07839E-04   1.00658E-01  3.43274E-04
   4      9.28632E-02  1.26720E-03   8.50168E-02  4.56190E-04   8.61370E-02  7.39470E-04   8.62393E-02  4.00108E-04
   5      8.50932E-02  1.61284E-03   7.92543E-02  7.34482E-04   8.15023E-02  1.36333E-03   8.04579E-02  5.70933E-04
   6      7.82911E-02  1.73020E-03   7.52641E-02  9.12769E-04   7.36750E-02  1.73779E-03   7.61993E-02  7.13961E-04
   7      7.50069E-02  2.04718E-03   7.04714E-02  1.13203E-03   7.13104E-02  3.36561E-03   7.19478E-02  9.46570E-04
   8      7.68973E-02  4.16893E-03   7.13451E-02  1.91220E-03   7.07047E-02  3.73367E-03   7.14829E-02  1.46268E-03
   9      6.65600E-02  2.59607E-03   6.86481E-02  2.69347E-03   7.06939E-02  9.50867E-03   6.75914E-02  1.73240E-03
  10      7.00000E-02  4.49050E-03   6.64425E-02  3.18744E-03   9.33333E-02  0.00000E+00   7.01989E-02  3.40875E-03
  11      7.73033E-02  7.49631E-03   6.16000E-02  0.00000E+00       ---          ---       7.33774E-02  6.59616E-03
  12      6.46154E-02  0.00000E+00   7.46667E-02  0.00000E+00   9.08108E-02  0.00000E+00   7.66976E-02  7.62984E-03
  13          ---          ---           ---          ---           ---          ---           ---          ---
  14          ---          ---           ---          ---           ---          ---           ---          ---
  15          ---          ---           ---          ---           ---          ---           ---          ---
  16          ---          ---           ---          ---           ---          ---           ---          ---
  17          ---          ---           ---          ---           ---          ---           ---          ---
  18          ---          ---           ---          ---           ---          ---           ---          ---
  19          ---          ---           ---          ---           ---          ---           ---          ---
  20          ---          ---           ---          ---           ---          ---           ---          ---
  21          ---          ---           ---          ---           ---          ---           ---          ---
  22          ---          ---           ---          ---           ---          ---           ---          ---
  23          ---          ---           ---          ---           ---          ---           ---          ---
  24          ---          ---           ---          ---           ---          ---           ---          ---
  25          ---          ---           ---          ---           ---          ---           ---          ---
  26          ---          ---           ---          ---           ---          ---           ---          ---
  27          ---          ---           ---          ---           ---          ---           ---          ---
  28          ---          ---           ---          ---           ---          ---           ---          ---
  29          ---          ---           ---          ---           ---          ---           ---          ---
  30          ---          ---           ---          ---           ---          ---           ---          ---
  31          ---          ---           ---          ---           ---          ---           ---          ---
  32          ---          ---           ---          ---           ---          ---           ---          ---
  33          ---          ---           ---          ---           ---          ---           ---          ---
  34          ---          ---           ---          ---           ---          ---           ---          ---
  35          ---          ---           ---          ---           ---          ---           ---          ---
  36          ---          ---           ---          ---           ---          ---           ---          ---
  37          ---          ---           ---          ---           ---          ---           ---          ---
  38          ---          ---           ---          ---           ---          ---           ---          ---
  39          ---          ---           ---          ---           ---          ---           ---          ---
  40          ---          ---           ---          ---           ---          ---           ---          ---
  41          ---          ---           ---          ---           ---          ---           ---          ---
  42          ---          ---           ---          ---           ---          ---           ---          ---
  43          ---          ---           ---          ---           ---          ---           ---          ---
  44          ---          ---           ---          ---           ---          ---           ---          ---
  45          ---          ---           ---          ---           ---          ---           ---          ---
  46          ---          ---           ---          ---           ---          ---           ---          ---
  47          ---          ---           ---          ---           ---          ---           ---          ---
  48          ---          ---           ---          ---           ---          ---           ---          ---
  49          ---          ---           ---          ---           ---          ---           ---          ---
  50          ---          ---           ---          ---           ---          ---           ---          ---
Average   1.22289E-01  1.12600E-03   2.03779E-01  3.23065E-04   2.41742E-01  1.71455E-04   2.27527E-01  1.48728E-04
-------------------------------------------------------------------------------------------------------------------
NOTE: Lesion density computed as the number of lesions per cluster divided by twice the cluster length.

TABLE 6. Cluster composition (% Sb per cluster)
===================================================================================================================
Number of --------- DSB ----------   --------- SSB ----------   -------- OTHER ---------   ----- ALL CLUSTERS -----
 lesions    Average        SEM         Average        SEM         Average        SEM         Average        SEM    
===================================================================================================================
   1          ---          ---       5.60000E+01  0.00000E+00   0.00000E+00  0.00000E+00   1.40081E+01  4.20066E-02
   2      5.60000E+01  0.00000E+00   3.00257E+01  4.45037E-02   0.00000E+00  0.00000E+00   1.39594E+01  5.95631E-02
   3      4.03011E+01  1.58553E-01   2.18868E+01  6.27361E-02   0.00000E+00  0.00000E+00   1.40099E+01  8.32571E-02
   4      3.30192E+01  2.54581E-01   1.81714E+01  1.01983E-01   0.00000E+00  0.00000E+00   1.40199E+01  1.17616E-01
   5      2.86287E+01  3.84831E-01   1.58625E+01  1.62558E-01   0.00000E+00  0.00000E+00   1.43150E+01  1.84939E-01
   6      2.62889E+01  5.91916E-01   1.42065E+01  2.65304E-01   0.00000E+00  0.00000E+00   1.40008E+01  3.33625E-01
   7      2.41600E+01  9.81379E-01   1.30729E+01  4.42244E-01   0.00000E+00  0.00000E+00   1.37443E+01  5.17084E-01
   8      2.11061E+01  1.13313E+00   1.45717E+01  8.13854E-01   0.00000E+00  0.00000E+00   1.39453E+01  8.26871E-01
   9      1.91852E+01  1.42432E+00   1.17037E+01  1.13408E+00   0.00000E+00  0.00000E+00   1.32312E+01  1.16872E+00
  10      2.24000E+01  3.23316E+00   1.02667E+01  1.72098E+00   0.00000E+00  0.00000E+00   1.28800E+01  2.64646E+00
  11      1.35758E+01  1.69697E+00   1.52727E+01  0.00000E+00       ---          ---       1.40000E+01  1.27273E+00
  12      1.86667E+01  0.00000E+00   4.66667E+00  0.00000E+00   0.00000E+00  0.00000E+00   7.77778E+00  5.60864E+00
  13          ---          ---           ---          ---           ---          ---           ---          ---
  14          ---          ---           ---          ---           ---          ---           ---          ---
  15          ---          ---           ---          ---           ---          ---           ---          ---
  16          ---          ---           ---          ---           ---          ---           ---          ---
  17          ---          ---           ---          ---           ---          ---           ---          ---
  18          ---          ---           ---          ---           ---          ---           ---          ---
  19          ---          ---           ---          ---           ---          ---           ---          ---
  20          ---          ---           ---          ---           ---          ---           ---          ---
  21          ---          ---           ---          ---           ---          ---           ---          ---
  22          ---          ---           ---          ---           ---          ---           ---          ---
  23          ---          ---           ---          ---           ---          ---           ---          ---
  24          ---          ---           ---          ---           ---          ---           ---          ---
  25          ---          ---           ---          ---           ---          ---           ---          ---
  26          ---          ---           ---          ---           ---          ---           ---          ---
  27          ---          ---           ---          ---           ---          ---           ---          ---
  28          ---          ---           ---          ---           ---          ---           ---          ---
  29          ---          ---           ---          ---           ---          ---           ---          ---
  30          ---          ---           ---          ---           ---          ---           ---          ---
  31          ---          ---           ---          ---           ---          ---           ---          ---
  32          ---          ---           ---          ---           ---          ---           ---          ---
  33          ---          ---           ---          ---           ---          ---           ---          ---
  34          ---          ---           ---          ---           ---          ---           ---          ---
  35          ---          ---           ---          ---           ---          ---           ---          ---
  36          ---          ---           ---          ---           ---          ---           ---          ---
  37          ---          ---           ---          ---           ---          ---           ---          ---
  38          ---          ---           ---          ---           ---          ---           ---          ---
  39          ---          ---           ---          ---           ---          ---           ---          ---
  40          ---          ---           ---          ---           ---          ---           ---          ---
  41          ---          ---           ---          ---           ---          ---           ---          ---
  42          ---          ---           ---          ---           ---          ---           ---          ---
  43          ---          ---           ---          ---           ---          ---           ---          ---
  44          ---          ---           ---          ---           ---          ---           ---          ---
  45          ---          ---           ---          ---           ---          ---           ---          ---
  46          ---          ---           ---          ---           ---          ---           ---          ---
  47          ---          ---           ---          ---           ---          ---           ---          ---
  48          ---          ---           ---          ---           ---          ---           ---          ---
  49          ---          ---           ---          ---           ---          ---           ---          ---
  50          ---          ---           ---          ---           ---          ---           ---          ---
Average   4.37577E+01  1.64713E-01   4.15739E+01  4.73966E-02   0.00000E+00  0.00000E+00   1.40007E+01  1.63847E-02
-------------------------------------------------------------------------------------------------------------------
NOTES: (% Sb) is the percentage of lesions that are strand breaks. The number of Sb is [(% Sb)/100]*(# lesions).
The number of Bd is (1-(% Sb)/100)*(# lesions).
