===============================
MCDS Version 3.10A  05-DEC-2011
===============================
      0.013     running time (min)
  987654321     random number seed
        100     number of cells (nocs)
 0.0000E+00     water-equivalent material (WEM) thickness (mg/cm^2)
 6.5000E+00     Desired dose to the cell nucleus (Gy)
 5.6000E+00     DNA content (Gbp)

TARGET (cell) DEFINITION (4V/S = mean chord length)
========================================================
            DIAMETER     4V/S      Volume      Mass
               (um)      (um)      (um^3)      (ng)
--------------------------------------------------------
DNA            ---        ---     5.715E+00  5.715E-03
NUCLEUS     1.000E+01  6.667E+00  5.236E+02  5.236E-01
CYTOPLASM      ---        ---     0.000E+00  0.000E+00
CELL        1.000E+01  6.667E+00  5.236E+02  5.236E-01
========================================================
NOTE: In human DNA, 1 Gbp=0.979 ng (not including bound
H2O).  DNA volume computed using a density of 1 g/cm^3.


INCIDENT PARTICLE: proton (mass = 1.00728E+00 u = 9.38272E+02 MeV/c^2)
  5.04000E+00 MeV >= 1.00000E-06 MeV
  5.04000E+00 MeV/A >= 1.00000E-06 MeV/A)
  9.73816E+01 MeV (p*c = momentum x speed of light)
  1.27334E-02 pm (de Broglie wavelength)
  1.00537E+00 = T/m0c2+1 (Lorentz factor) >= 1
  9.99998E-01 ABS(effective charge); Barkas 1963
  1.03234E-01 beta = (v/c) <= 1
  9.38327E+01 (zeff/beta)^2 <= 2.000E+05
  7.82613E+00 keV/um (total stopping power in H2O)
  7.82124E+00 keV/um ( 99.937% electronic)
  4.89160E-03 keV/um (  0.063% nuclear)
  3.64187E-02 CSDA range of particle (cm) in H2O

PARTICLE TRANSPORT - Beam of radiation incident on bottom of cell culture dish
(WEM=0.00 um, cell=10.00 um, nucleus=10.00 um; total distance traveled to
reach nucleus=0.000 um of H2O).
==============================================================================
                                  ------- Cell --------  ------- Nucleus -----
                       Incident      Entry      Exit       Entry       Exit
==============================================================================
         KE (MeV)   5.0400E+00  5.0400E+00  4.9612E+00  5.0400E+00  4.9612E+00
    (Zeff/beta)^2   9.3833E+01  9.3833E+01  9.5311E+01  9.3833E+01  9.5311E+01
     LET (keV/um)   7.8261E+00  7.8261E+00  7.9256E+00  7.8261E+00  7.9256E+00
  Res. Range (um)   3.6419E+02  3.6419E+02  3.5419E+02  3.6419E+02  3.5419E+02
 DPUF1 (nGy-cm^2)   1.2537E+01  1.2537E+01  1.2697E+01  1.2537E+01  1.2697E+01
 DPUF2 (nGy-cm^2)      ---      1.2597E+01     ---      1.2597E+01     ---
       Edep (keV)      ---      5.2421E+01     ---      5.2421E+01     ---
      YF (keV/um)      ---      7.8631E+00     ---      7.8631E+00     ---
          ZF (Gy)      ---      1.6039E-02     ---      1.6039E-02     ---
==============================================================================
LET=(Stot-Srad); absorbed dose per unit fluence (DPUF1) = 1.602*LET/rho
Avg. absorbed dose within target (i.e., DPUF2) = 2.5*pi*d*d*zf
Edep = 0.1602*ZF*PI*d*d*d/6; yf = edep/lbar = 0.25*edep*{area}/{volume}

DAMAGE FORMATION AND CLUSTERING (normoxic conditions)
     116685     segment length, nseg (bp per cell per Gy)
       1300     number of strand breaks, sigSb (per cell per Gy)
       3900     number of base damages,  sigBd (per cell per Gy)
        3.0     base damage to strand break ratio, f
          9     minimum distance between clusters, Nmin (bp)
         10     maximum distance between two Sb to compose a DSB, Ndsb (bp)
        0.0     fraction Bl/Bd

OXYGEN SIMULATION (M0=1.740, K=0.3372, q=946.10, r=2.15)
  1.0000E+02 % O2 concentration (=760.00 mmHg)
  2.4631E-03 chemical repair probability (pcr)
  9.9754E-01 O2 fixation probability (1-pcr)
  1.0025E+00 Approx. HRF for SSB induction [=1/(1-pcr)]
  1.0049E+00 Approx. HRF for DSB induction [1/(1-pcr)]^2

DMSO SIMULATION
  5.0000E-01 fraction of non-scavengeable DNA damage (fnsd)
  5.0000E-01 concentration (mol dm^-3) at half-level (chmx)
  0.0000E+00 DMSO concentration (mol dm^-3)

TABLE 1. Percent (%) cluster yields by complexity, as classified using the scheme of Nikjoo et al. (IJRB 71, 
467-483 1997 and and Radiat. Res. 156, 577-583 2001).
===================================================================================================================
    66.451     BD    - one or more Bd (no Sb)
    29.698     SSB   - Sb (no auxilary damage)
     1.780     SSB+  - two Sb on the same strand
     0.269     2SSB  - two or more Sb on opposite strands separated by at least 10 bp
     1.487     DSB   - two Sb on opposite strands with a separation <= 10 bp
     0.274     DSB+  - DSB accompanied by one (or more) additional Sb within 10 bp separation
     0.042     DSB++ - more than one DSB whether within the 10 bp separation or further apart
     6.452     SSBc  - fraction of complex damage (SSB+ and 2SSB) among SSBs
    48.157     SSBcb - fraction of complex damage (SSB+ and 2SSB) among SSBs; base damage included
    17.516     DSBc  - fraction of complex damage (DSB+ and DSB++) among DSBs
    59.816     DSBcb - fraction of complex damage (DSB+ and DSB++) among DSBs; base damage included
===================================================================================================================

TABLE 2. Number of clusters per cell (DNA=5.600 Gbp, AD=6.500 Gy).
===================================================================================================================
Number of --------- DSB ----------   --------- SSB ----------   -------- OTHER ---------   ----- ALL CLUSTERS -----
 lesions    Average        SEM         Average        SEM         Average        SEM         Average        SEM    
===================================================================================================================
   1          ---          ---       3.42573E+03  1.19032E+01   1.02691E+04  2.03070E+01   1.36948E+04  2.36307E+01
   2      1.50453E+02  2.78744E+00   1.88376E+03  1.00149E+01   2.62001E+03  9.61263E+00   4.65423E+03  1.39122E+01
   3      1.15934E+02  2.35182E+00   8.07049E+02  6.04423E+00   6.71459E+02  5.91958E+00   1.59444E+03  8.23662E+00
   4      5.93320E+01  1.71283E+00   3.09339E+02  4.47513E+00   1.71505E+02  3.30249E+00   5.40176E+02  5.32098E+00
   5      2.88167E+01  1.09538E+00   1.08047E+02  2.26288E+00   4.08893E+01  1.53674E+00   1.77753E+02  2.93745E+00
   6      1.16480E+01  8.52217E-01   4.12533E+01  1.71157E+00   1.06773E+01  7.37336E-01   6.35787E+01  1.87826E+00
   7      4.67133E+00  5.44363E-01   1.55913E+01  9.05413E-01   2.36600E+00  3.74818E-01   2.26287E+01  9.86376E-01
   8      1.82000E+00  3.80772E-01   4.67133E+00  5.77501E-01   1.03133E+00  2.44726E-01   7.52267E+00  7.37336E-01
   9      7.28000E-01  1.98137E-01   1.33467E+00  2.66889E-01   2.42667E-01  1.19481E-01   2.30533E+00  4.02417E-01
  10      1.82000E-01  1.04011E-01   3.64000E-01  1.44801E-01   6.06667E-02  6.06667E-02   6.06667E-01  1.82917E-01
  11      1.82000E-01  1.04011E-01   6.06667E-02  6.06667E-02       ---          ---       2.42667E-01  1.19481E-01
  12      6.06667E-02  6.06667E-02   6.06667E-02  6.06667E-02   6.06667E-02  6.06667E-02   1.82000E-01  1.04011E-01
  13          ---          ---           ---          ---           ---          ---           ---          ---
  14          ---          ---           ---          ---           ---          ---           ---          ---
  15          ---          ---           ---          ---           ---          ---           ---          ---
  16          ---          ---           ---          ---           ---          ---           ---          ---
  17          ---          ---           ---          ---           ---          ---           ---          ---
  18          ---          ---           ---          ---           ---          ---           ---          ---
  19          ---          ---           ---          ---           ---          ---           ---          ---
  20          ---          ---           ---          ---           ---          ---           ---          ---
  21          ---          ---           ---          ---           ---          ---           ---          ---
  22          ---          ---           ---          ---           ---          ---           ---          ---
  23          ---          ---           ---          ---           ---          ---           ---          ---
  24          ---          ---           ---          ---           ---          ---           ---          ---
  25          ---          ---           ---          ---           ---          ---           ---          ---
  26          ---          ---           ---          ---           ---          ---           ---          ---
  27          ---          ---           ---          ---           ---          ---           ---          ---
  28          ---          ---           ---          ---           ---          ---           ---          ---
  29          ---          ---           ---          ---           ---          ---           ---          ---
  30          ---          ---           ---          ---           ---          ---           ---          ---
  31          ---          ---           ---          ---           ---          ---           ---          ---
  32          ---          ---           ---          ---           ---          ---           ---          ---
  33          ---          ---           ---          ---           ---          ---           ---          ---
  34          ---          ---           ---          ---           ---          ---           ---          ---
  35          ---          ---           ---          ---           ---          ---           ---          ---
  36          ---          ---           ---          ---           ---          ---           ---          ---
  37          ---          ---           ---          ---           ---          ---           ---          ---
  38          ---          ---           ---          ---           ---          ---           ---          ---
  39          ---          ---           ---          ---           ---          ---           ---          ---
  40          ---          ---           ---          ---           ---          ---           ---          ---
  41          ---          ---           ---          ---           ---          ---           ---          ---
  42          ---          ---           ---          ---           ---          ---           ---          ---
  43          ---          ---           ---          ---           ---          ---           ---          ---
  44          ---          ---           ---          ---           ---          ---           ---          ---
  45          ---          ---           ---          ---           ---          ---           ---          ---
  46          ---          ---           ---          ---           ---          ---           ---          ---
  47          ---          ---           ---          ---           ---          ---           ---          ---
  48          ---          ---           ---          ---           ---          ---           ---          ---
  49          ---          ---           ---          ---           ---          ---           ---          ---
  50          ---          ---           ---          ---           ---          ---           ---          ---
 Total    3.73828E+02  3.71859E+00   6.59726E+03  8.82074E+00   1.37874E+04  1.62727E+01   2.07585E+04  1.59461E+01
-------------------------------------------------------------------------------------------------------------------
NOTE: The category "OTHER" includes all classes of individual and clustered DNA lesion, except for SSB and DSB.
SEM = standard error of the mean.

TABLE 3. Number of clusters per cell per track (DNA=5.600 Gbp, ZF=0.01604 Gy).
===================================================================================================================
Number of --------- DSB ----------   --------- SSB ----------   -------- OTHER ---------   ----- ALL CLUSTERS -----
 lesions    Average        SEM         Average        SEM         Average        SEM         Average        SEM    
===================================================================================================================
   1          ---          ---       8.45289E+00  2.93707E-02   2.53388E+01  5.01071E-02   3.37917E+01  5.83081E-02
   2      3.71240E-01  6.87794E-03   4.64813E+00  2.47115E-02   6.46481E+00  2.37189E-02   1.14842E+01  3.43280E-02
   3      2.86064E-01  5.80305E-03   1.99137E+00  1.49140E-02   1.65681E+00  1.46064E-02   3.93425E+00  2.03237E-02
   4      1.46400E-01  4.22637E-03   7.63287E-01  1.10423E-02   4.23184E-01  8.14881E-03   1.33287E+00  1.31294E-02
   5      7.11044E-02  2.70283E-03   2.66604E-01  5.58359E-03   1.00893E-01  3.79188E-03   4.38602E-01  7.24808E-03
   6      2.87412E-02  2.10283E-03   1.01792E-01  4.22327E-03   2.63461E-02  1.81936E-03   1.56879E-01  4.63457E-03
   7      1.15264E-02  1.34320E-03   3.84712E-02  2.23408E-03   5.83805E-03  9.24855E-04   5.58357E-02  2.43386E-03
   8      4.49081E-03  9.39545E-04   1.15264E-02  1.42497E-03   2.54479E-03  6.03856E-04   1.85620E-02  1.81936E-03
   9      1.79632E-03  4.88897E-04   3.29326E-03  6.58542E-04   5.98774E-04  2.94816E-04   5.68835E-03  9.92955E-04
  10      4.49081E-04  2.56644E-04   8.98161E-04  3.57293E-04   1.49694E-04  0.00000E+00   1.49694E-03  4.51343E-04
  11      4.49081E-04  2.56644E-04   1.49694E-04  0.00000E+00       ---          ---       5.98774E-04  2.94816E-04
  12      1.49694E-04  0.00000E+00   1.49694E-04  0.00000E+00   1.49694E-04  0.00000E+00   4.49081E-04  2.56644E-04
  13          ---          ---           ---          ---           ---          ---           ---          ---
  14          ---          ---           ---          ---           ---          ---           ---          ---
  15          ---          ---           ---          ---           ---          ---           ---          ---
  16          ---          ---           ---          ---           ---          ---           ---          ---
  17          ---          ---           ---          ---           ---          ---           ---          ---
  18          ---          ---           ---          ---           ---          ---           ---          ---
  19          ---          ---           ---          ---           ---          ---           ---          ---
  20          ---          ---           ---          ---           ---          ---           ---          ---
  21          ---          ---           ---          ---           ---          ---           ---          ---
  22          ---          ---           ---          ---           ---          ---           ---          ---
  23          ---          ---           ---          ---           ---          ---           ---          ---
  24          ---          ---           ---          ---           ---          ---           ---          ---
  25          ---          ---           ---          ---           ---          ---           ---          ---
  26          ---          ---           ---          ---           ---          ---           ---          ---
  27          ---          ---           ---          ---           ---          ---           ---          ---
  28          ---          ---           ---          ---           ---          ---           ---          ---
  29          ---          ---           ---          ---           ---          ---           ---          ---
  30          ---          ---           ---          ---           ---          ---           ---          ---
  31          ---          ---           ---          ---           ---          ---           ---          ---
  32          ---          ---           ---          ---           ---          ---           ---          ---
  33          ---          ---           ---          ---           ---          ---           ---          ---
  34          ---          ---           ---          ---           ---          ---           ---          ---
  35          ---          ---           ---          ---           ---          ---           ---          ---
  36          ---          ---           ---          ---           ---          ---           ---          ---
  37          ---          ---           ---          ---           ---          ---           ---          ---
  38          ---          ---           ---          ---           ---          ---           ---          ---
  39          ---          ---           ---          ---           ---          ---           ---          ---
  40          ---          ---           ---          ---           ---          ---           ---          ---
  41          ---          ---           ---          ---           ---          ---           ---          ---
  42          ---          ---           ---          ---           ---          ---           ---          ---
  43          ---          ---           ---          ---           ---          ---           ---          ---
  44          ---          ---           ---          ---           ---          ---           ---          ---
  45          ---          ---           ---          ---           ---          ---           ---          ---
  46          ---          ---           ---          ---           ---          ---           ---          ---
  47          ---          ---           ---          ---           ---          ---           ---          ---
  48          ---          ---           ---          ---           ---          ---           ---          ---
  49          ---          ---           ---          ---           ---          ---           ---          ---
  50          ---          ---           ---          ---           ---          ---           ---          ---
 Total    9.22412E-01  9.17553E-03   1.62786E+01  2.17650E-02   3.40201E+01  4.01525E-02   5.12211E+01  3.93465E-02
-------------------------------------------------------------------------------------------------------------------

TABLE 4. Cluster Length (in base pair)
===================================================================================================================
Number of --------- DSB ----------   --------- SSB ----------   -------- OTHER ---------   ----- ALL CLUSTERS -----
 lesions    Average        SEM         Average        SEM         Average        SEM         Average        SEM    
===================================================================================================================
   1          ---          ---       6.06667E+00  0.00000E+00   6.06667E+00  0.00000E+00   6.06667E+00  0.00000E+00
   2      3.25992E+01  3.12106E-01   3.36984E+01  9.57090E-02   3.36415E+01  8.80402E-02   3.36315E+01  5.46757E-02
   3      5.77951E+01  5.32046E-01   6.19134E+01  1.98338E-01   6.12821E+01  2.04186E-01   6.13314E+01  1.37912E-01
   4      8.36486E+01  8.87989E-01   9.05171E+01  3.43134E-01   8.95648E+01  5.63440E-01   8.94633E+01  2.85683E-01
   5      1.10792E+02  1.64214E+00   1.17984E+02  8.23351E-01   1.16023E+02  1.61967E+00   1.16704E+02  6.02112E-01
   6      1.39389E+02  2.77393E+00   1.45851E+02  1.57610E+00   1.48389E+02  3.23729E+00   1.44203E+02  1.17781E+00
   7      1.66146E+02  3.88611E+00   1.77603E+02  2.60091E+00   1.77373E+02  7.02299E+00   1.74466E+02  2.11709E+00
   8      1.87469E+02  8.63039E+00   1.98441E+02  4.85710E+00   2.01337E+02  1.11757E+01   1.98473E+02  3.95460E+00
   9      2.33567E+02  9.13059E+00   2.28800E+02  7.32491E+00   2.27500E+02  2.85090E+01   2.31544E+02  5.67307E+00
  10      2.44689E+02  1.57941E+01   2.58844E+02  1.33528E+01   1.82000E+02  0.00000E+00   2.46913E+02  1.15125E+01
  11      2.46711E+02  2.58180E+01   3.03333E+02  0.00000E+00       ---          ---       2.60867E+02  2.31012E+01
  12      3.15467E+02  0.00000E+00   2.73000E+02  0.00000E+00   2.24467E+02  0.00000E+00   2.70978E+02  2.62889E+01
  13          ---          ---           ---          ---           ---          ---           ---          ---
  14          ---          ---           ---          ---           ---          ---           ---          ---
  15          ---          ---           ---          ---           ---          ---           ---          ---
  16          ---          ---           ---          ---           ---          ---           ---          ---
  17          ---          ---           ---          ---           ---          ---           ---          ---
  18          ---          ---           ---          ---           ---          ---           ---          ---
  19          ---          ---           ---          ---           ---          ---           ---          ---
  20          ---          ---           ---          ---           ---          ---           ---          ---
  21          ---          ---           ---          ---           ---          ---           ---          ---
  22          ---          ---           ---          ---           ---          ---           ---          ---
  23          ---          ---           ---          ---           ---          ---           ---          ---
  24          ---          ---           ---          ---           ---          ---           ---          ---
  25          ---          ---           ---          ---           ---          ---           ---          ---
  26          ---          ---           ---          ---           ---          ---           ---          ---
  27          ---          ---           ---          ---           ---          ---           ---          ---
  28          ---          ---           ---          ---           ---          ---           ---          ---
  29          ---          ---           ---          ---           ---          ---           ---          ---
  30          ---          ---           ---          ---           ---          ---           ---          ---
  31          ---          ---           ---          ---           ---          ---           ---          ---
  32          ---          ---           ---          ---           ---          ---           ---          ---
  33          ---          ---           ---          ---           ---          ---           ---          ---
  34          ---          ---           ---          ---           ---          ---           ---          ---
  35          ---          ---           ---          ---           ---          ---           ---          ---
  36          ---          ---           ---          ---           ---          ---           ---          ---
  37          ---          ---           ---          ---           ---          ---           ---          ---
  38          ---          ---           ---          ---           ---          ---           ---          ---
  39          ---          ---           ---          ---           ---          ---           ---          ---
  40          ---          ---           ---          ---           ---          ---           ---          ---
  41          ---          ---           ---          ---           ---          ---           ---          ---
  42          ---          ---           ---          ---           ---          ---           ---          ---
  43          ---          ---           ---          ---           ---          ---           ---          ---
  44          ---          ---           ---          ---           ---          ---           ---          ---
  45          ---          ---           ---          ---           ---          ---           ---          ---
  46          ---          ---           ---          ---           ---          ---           ---          ---
  47          ---          ---           ---          ---           ---          ---           ---          ---
  48          ---          ---           ---          ---           ---          ---           ---          ---
  49          ---          ---           ---          ---           ---          ---           ---          ---
  50          ---          ---           ---          ---           ---          ---           ---          ---
Average   6.10309E+01  6.04168E-01   2.80457E+01  9.29049E-02   1.55228E+01  4.32399E-02   2.03224E+01  3.86004E-02
-------------------------------------------------------------------------------------------------------------------

TABLE 5. Density of lesions forming a cluster (in units of lesions per nucleotide).
===================================================================================================================
Number of --------- DSB ----------   --------- SSB ----------   -------- OTHER ---------   ----- ALL CLUSTERS -----
 lesions    Average        SEM         Average        SEM         Average        SEM         Average        SEM    
===================================================================================================================
   1          ---          ---       3.03333E+00  0.00000E+00   3.03333E+00  0.00000E+00   3.03333E+00  0.00000E+00
   2      1.70516E+00  2.35617E-02   1.52609E+00  6.46611E-03   1.53413E+00  6.02233E-03   1.53632E+00  4.27885E-03
   3      1.17726E+00  1.56611E-02   1.07734E+00  5.03627E-03   1.09004E+00  5.50159E-03   1.09047E+00  3.71880E-03
   4      1.00602E+00  1.37280E-02   9.21015E-01  4.94206E-03   9.33151E-01  8.01092E-03   9.34259E-01  4.33451E-03
   5      9.21844E-01  1.74724E-02   8.58588E-01  7.95689E-03   8.82941E-01  1.47694E-02   8.71627E-01  6.18511E-03
   6      8.48153E-01  1.87438E-02   8.15361E-01  9.88833E-03   7.98146E-01  1.88261E-02   8.25493E-01  7.73458E-03
   7      8.12575E-01  2.21778E-02   7.63440E-01  1.22636E-02   7.72529E-01  3.64608E-02   7.79434E-01  1.02545E-02
   8      8.33054E-01  4.51634E-02   7.72905E-01  2.07155E-02   7.65967E-01  4.04480E-02   7.74398E-01  1.58457E-02
   9      7.21067E-01  2.81241E-02   7.43688E-01  2.91793E-02   7.65850E-01  1.03011E-01   7.32240E-01  1.87677E-02
  10      7.58333E-01  4.86471E-02   7.19794E-01  3.45306E-02   1.01111E+00  0.00000E+00   7.60488E-01  3.69281E-02
  11      8.37452E-01  8.12101E-02   6.67333E-01  0.00000E+00       ---          ---       7.94922E-01  7.14585E-02
  12      7.00000E-01  0.00000E+00   8.08889E-01  0.00000E+00   9.83784E-01  0.00000E+00   8.30891E-01  8.26567E-02
  13          ---          ---           ---          ---           ---          ---           ---          ---
  14          ---          ---           ---          ---           ---          ---           ---          ---
  15          ---          ---           ---          ---           ---          ---           ---          ---
  16          ---          ---           ---          ---           ---          ---           ---          ---
  17          ---          ---           ---          ---           ---          ---           ---          ---
  18          ---          ---           ---          ---           ---          ---           ---          ---
  19          ---          ---           ---          ---           ---          ---           ---          ---
  20          ---          ---           ---          ---           ---          ---           ---          ---
  21          ---          ---           ---          ---           ---          ---           ---          ---
  22          ---          ---           ---          ---           ---          ---           ---          ---
  23          ---          ---           ---          ---           ---          ---           ---          ---
  24          ---          ---           ---          ---           ---          ---           ---          ---
  25          ---          ---           ---          ---           ---          ---           ---          ---
  26          ---          ---           ---          ---           ---          ---           ---          ---
  27          ---          ---           ---          ---           ---          ---           ---          ---
  28          ---          ---           ---          ---           ---          ---           ---          ---
  29          ---          ---           ---          ---           ---          ---           ---          ---
  30          ---          ---           ---          ---           ---          ---           ---          ---
  31          ---          ---           ---          ---           ---          ---           ---          ---
  32          ---          ---           ---          ---           ---          ---           ---          ---
  33          ---          ---           ---          ---           ---          ---           ---          ---
  34          ---          ---           ---          ---           ---          ---           ---          ---
  35          ---          ---           ---          ---           ---          ---           ---          ---
  36          ---          ---           ---          ---           ---          ---           ---          ---
  37          ---          ---           ---          ---           ---          ---           ---          ---
  38          ---          ---           ---          ---           ---          ---           ---          ---
  39          ---          ---           ---          ---           ---          ---           ---          ---
  40          ---          ---           ---          ---           ---          ---           ---          ---
  41          ---          ---           ---          ---           ---          ---           ---          ---
  42          ---          ---           ---          ---           ---          ---           ---          ---
  43          ---          ---           ---          ---           ---          ---           ---          ---
  44          ---          ---           ---          ---           ---          ---           ---          ---
  45          ---          ---           ---          ---           ---          ---           ---          ---
  46          ---          ---           ---          ---           ---          ---           ---          ---
  47          ---          ---           ---          ---           ---          ---           ---          ---
  48          ---          ---           ---          ---           ---          ---           ---          ---
  49          ---          ---           ---          ---           ---          ---           ---          ---
  50          ---          ---           ---          ---           ---          ---           ---          ---
Average   1.32480E+00  1.21983E-02   2.20761E+00  3.49988E-03   2.61887E+00  1.85743E-03   2.46487E+00  1.61122E-03
-------------------------------------------------------------------------------------------------------------------
NOTE: Lesion density computed as the number of lesions per cluster divided by twice the cluster length.

TABLE 6. Cluster composition (% Sb per cluster)
===================================================================================================================
Number of --------- DSB ----------   --------- SSB ----------   -------- OTHER ---------   ----- ALL CLUSTERS -----
 lesions    Average        SEM         Average        SEM         Average        SEM         Average        SEM    
===================================================================================================================
   1          ---          ---       6.06667E+02  0.00000E+00   0.00000E+00  0.00000E+00   1.51755E+02  4.55072E-01
   2      6.06667E+02  0.00000E+00   3.25278E+02  4.82123E-01   0.00000E+00  0.00000E+00   1.51227E+02  6.45267E-01
   3      4.36595E+02  1.71766E+00   2.37107E+02  6.79642E-01   0.00000E+00  0.00000E+00   1.51774E+02  9.01952E-01
   4      3.57708E+02  2.75796E+00   1.96857E+02  1.10482E+00   0.00000E+00  0.00000E+00   1.51882E+02  1.27417E+00
   5      3.10145E+02  4.16900E+00   1.71844E+02  1.76105E+00   0.00000E+00  0.00000E+00   1.55079E+02  2.00350E+00
   6      2.84796E+02  6.41243E+00   1.53903E+02  2.87413E+00   0.00000E+00  0.00000E+00   1.51675E+02  3.61427E+00
   7      2.61733E+02  1.06316E+01   1.41623E+02  4.79098E+00   0.00000E+00  0.00000E+00   1.48896E+02  5.60175E+00
   8      2.28649E+02  1.22755E+01   1.57860E+02  8.81675E+00   0.00000E+00  0.00000E+00   1.51074E+02  8.95777E+00
   9      2.07839E+02  1.54301E+01   1.26790E+02  1.22859E+01   0.00000E+00  0.00000E+00   1.43338E+02  1.26611E+01
  10      2.42667E+02  3.50259E+01   1.11222E+02  1.86440E+01   0.00000E+00  0.00000E+00   1.39533E+02  2.86699E+01
  11      1.47071E+02  1.83838E+01   1.65455E+02  0.00000E+00       ---          ---       1.51667E+02  1.37879E+01
  12      2.02222E+02  0.00000E+00   5.05556E+01  0.00000E+00   0.00000E+00  0.00000E+00   8.42593E+01  6.07602E+01
  13          ---          ---           ---          ---           ---          ---           ---          ---
  14          ---          ---           ---          ---           ---          ---           ---          ---
  15          ---          ---           ---          ---           ---          ---           ---          ---
  16          ---          ---           ---          ---           ---          ---           ---          ---
  17          ---          ---           ---          ---           ---          ---           ---          ---
  18          ---          ---           ---          ---           ---          ---           ---          ---
  19          ---          ---           ---          ---           ---          ---           ---          ---
  20          ---          ---           ---          ---           ---          ---           ---          ---
  21          ---          ---           ---          ---           ---          ---           ---          ---
  22          ---          ---           ---          ---           ---          ---           ---          ---
  23          ---          ---           ---          ---           ---          ---           ---          ---
  24          ---          ---           ---          ---           ---          ---           ---          ---
  25          ---          ---           ---          ---           ---          ---           ---          ---
  26          ---          ---           ---          ---           ---          ---           ---          ---
  27          ---          ---           ---          ---           ---          ---           ---          ---
  28          ---          ---           ---          ---           ---          ---           ---          ---
  29          ---          ---           ---          ---           ---          ---           ---          ---
  30          ---          ---           ---          ---           ---          ---           ---          ---
  31          ---          ---           ---          ---           ---          ---           ---          ---
  32          ---          ---           ---          ---           ---          ---           ---          ---
  33          ---          ---           ---          ---           ---          ---           ---          ---
  34          ---          ---           ---          ---           ---          ---           ---          ---
  35          ---          ---           ---          ---           ---          ---           ---          ---
  36          ---          ---           ---          ---           ---          ---           ---          ---
  37          ---          ---           ---          ---           ---          ---           ---          ---
  38          ---          ---           ---          ---           ---          ---           ---          ---
  39          ---          ---           ---          ---           ---          ---           ---          ---
  40          ---          ---           ---          ---           ---          ---           ---          ---
  41          ---          ---           ---          ---           ---          ---           ---          ---
  42          ---          ---           ---          ---           ---          ---           ---          ---
  43          ---          ---           ---          ---           ---          ---           ---          ---
  44          ---          ---           ---          ---           ---          ---           ---          ---
  45          ---          ---           ---          ---           ---          ---           ---          ---
  46          ---          ---           ---          ---           ---          ---           ---          ---
  47          ---          ---           ---          ---           ---          ---           ---          ---
  48          ---          ---           ---          ---           ---          ---           ---          ---
  49          ---          ---           ---          ---           ---          ---           ---          ---
  50          ---          ---           ---          ---           ---          ---           ---          ---
Average   4.74042E+02  1.78439E+00   4.50383E+02  5.13463E-01   0.00000E+00  0.00000E+00   1.51675E+02  1.77501E-01
-------------------------------------------------------------------------------------------------------------------
NOTES: (% Sb) is the percentage of lesions that are strand breaks. The number of Sb is [(% Sb)/100]*(# lesions).
The number of Bd is (1-(% Sb)/100)*(# lesions).
