===============================
MCDS Version 3.10A  05-DEC-2011
===============================
      0.013     running time (min)
  987654321     random number seed
        100     number of cells (nocs)
 0.0000E+00     water-equivalent material (WEM) thickness (mg/cm^2)
 7.3000E+00     Desired dose to the cell nucleus (Gy)
 5.6000E+00     DNA content (Gbp)

TARGET (cell) DEFINITION (4V/S = mean chord length)
========================================================
            DIAMETER     4V/S      Volume      Mass
               (um)      (um)      (um^3)      (ng)
--------------------------------------------------------
DNA            ---        ---     5.715E+00  5.715E-03
NUCLEUS     1.000E+01  6.667E+00  5.236E+02  5.236E-01
CYTOPLASM      ---        ---     0.000E+00  0.000E+00
CELL        1.000E+01  6.667E+00  5.236E+02  5.236E-01
========================================================
NOTE: In human DNA, 1 Gbp=0.979 ng (not including bound
H2O).  DNA volume computed using a density of 1 g/cm^3.


INCIDENT PARTICLE: proton (mass = 1.00728E+00 u = 9.38272E+02 MeV/c^2)
  5.04000E+00 MeV >= 1.00000E-06 MeV
  5.04000E+00 MeV/A >= 1.00000E-06 MeV/A)
  9.73816E+01 MeV (p*c = momentum x speed of light)
  1.27334E-02 pm (de Broglie wavelength)
  1.00537E+00 = T/m0c2+1 (Lorentz factor) >= 1
  9.99998E-01 ABS(effective charge); Barkas 1963
  1.03234E-01 beta = (v/c) <= 1
  9.38327E+01 (zeff/beta)^2 <= 2.000E+05
  7.82613E+00 keV/um (total stopping power in H2O)
  7.82124E+00 keV/um ( 99.937% electronic)
  4.89160E-03 keV/um (  0.063% nuclear)
  3.64187E-02 CSDA range of particle (cm) in H2O

PARTICLE TRANSPORT - Beam of radiation incident on bottom of cell culture dish
(WEM=0.00 um, cell=10.00 um, nucleus=10.00 um; total distance traveled to
reach nucleus=0.000 um of H2O).
==============================================================================
                                  ------- Cell --------  ------- Nucleus -----
                       Incident      Entry      Exit       Entry       Exit
==============================================================================
         KE (MeV)   5.0400E+00  5.0400E+00  4.9612E+00  5.0400E+00  4.9612E+00
    (Zeff/beta)^2   9.3833E+01  9.3833E+01  9.5311E+01  9.3833E+01  9.5311E+01
     LET (keV/um)   7.8261E+00  7.8261E+00  7.9256E+00  7.8261E+00  7.9256E+00
  Res. Range (um)   3.6419E+02  3.6419E+02  3.5419E+02  3.6419E+02  3.5419E+02
 DPUF1 (nGy-cm^2)   1.2537E+01  1.2537E+01  1.2697E+01  1.2537E+01  1.2697E+01
 DPUF2 (nGy-cm^2)      ---      1.2597E+01     ---      1.2597E+01     ---
       Edep (keV)      ---      5.2421E+01     ---      5.2421E+01     ---
      YF (keV/um)      ---      7.8631E+00     ---      7.8631E+00     ---
          ZF (Gy)      ---      1.6039E-02     ---      1.6039E-02     ---
==============================================================================
LET=(Stot-Srad); absorbed dose per unit fluence (DPUF1) = 1.602*LET/rho
Avg. absorbed dose within target (i.e., DPUF2) = 2.5*pi*d*d*zf
Edep = 0.1602*ZF*PI*d*d*d/6; yf = edep/lbar = 0.25*edep*{area}/{volume}

DAMAGE FORMATION AND CLUSTERING (normoxic conditions)
     116685     segment length, nseg (bp per cell per Gy)
       1300     number of strand breaks, sigSb (per cell per Gy)
       3900     number of base damages,  sigBd (per cell per Gy)
        3.0     base damage to strand break ratio, f
          9     minimum distance between clusters, Nmin (bp)
         10     maximum distance between two Sb to compose a DSB, Ndsb (bp)
        0.0     fraction Bl/Bd

OXYGEN SIMULATION (M0=1.740, K=0.3372, q=946.10, r=2.15)
  1.0000E+02 % O2 concentration (=760.00 mmHg)
  2.4631E-03 chemical repair probability (pcr)
  9.9754E-01 O2 fixation probability (1-pcr)
  1.0025E+00 Approx. HRF for SSB induction [=1/(1-pcr)]
  1.0049E+00 Approx. HRF for DSB induction [1/(1-pcr)]^2

DMSO SIMULATION
  5.0000E-01 fraction of non-scavengeable DNA damage (fnsd)
  5.0000E-01 concentration (mol dm^-3) at half-level (chmx)
  0.0000E+00 DMSO concentration (mol dm^-3)

TABLE 1. Percent (%) cluster yields by complexity, as classified using the scheme of Nikjoo et al. (IJRB 71, 
467-483 1997 and and Radiat. Res. 156, 577-583 2001).
===================================================================================================================
    66.451     BD    - one or more Bd (no Sb)
    29.698     SSB   - Sb (no auxilary damage)
     1.780     SSB+  - two Sb on the same strand
     0.269     2SSB  - two or more Sb on opposite strands separated by at least 10 bp
     1.487     DSB   - two Sb on opposite strands with a separation <= 10 bp
     0.274     DSB+  - DSB accompanied by one (or more) additional Sb within 10 bp separation
     0.042     DSB++ - more than one DSB whether within the 10 bp separation or further apart
     6.452     SSBc  - fraction of complex damage (SSB+ and 2SSB) among SSBs
    48.157     SSBcb - fraction of complex damage (SSB+ and 2SSB) among SSBs; base damage included
    17.516     DSBc  - fraction of complex damage (DSB+ and DSB++) among DSBs
    59.816     DSBcb - fraction of complex damage (DSB+ and DSB++) among DSBs; base damage included
===================================================================================================================

TABLE 2. Number of clusters per cell (DNA=5.600 Gbp, AD=7.300 Gy).
===================================================================================================================
Number of --------- DSB ----------   --------- SSB ----------   -------- OTHER ---------   ----- ALL CLUSTERS -----
 lesions    Average        SEM         Average        SEM         Average        SEM         Average        SEM    
===================================================================================================================
   1          ---          ---       3.84735E+03  1.33682E+01   1.15330E+04  2.28064E+01   1.53804E+04  2.65391E+01
   2      1.68971E+02  3.13051E+00   2.11561E+03  1.12475E+01   2.94247E+03  1.07957E+01   5.22705E+03  1.56245E+01
   3      1.30203E+02  2.64127E+00   9.06378E+02  6.78814E+00   7.54100E+02  6.64814E+00   1.79068E+03  9.25036E+00
   4      6.66344E+01  1.92364E+00   3.47412E+02  5.02591E+00   1.92613E+02  3.70895E+00   6.06659E+02  5.97587E+00
   5      3.23633E+01  1.23020E+00   1.21345E+02  2.54139E+00   4.59219E+01  1.72588E+00   1.99631E+02  3.29898E+00
   6      1.30816E+01  9.57106E-01   4.63307E+01  1.92223E+00   1.19915E+01  8.28085E-01   7.14037E+01  2.10943E+00
   7      5.24627E+00  6.11362E-01   1.75103E+01  1.01685E+00   2.65720E+00  4.20950E-01   2.54137E+01  1.10778E+00
   8      2.04400E+00  4.27636E-01   5.24627E+00  6.48578E-01   1.15827E+00  2.74846E-01   8.44853E+00  8.28085E-01
   9      8.17600E-01  2.22523E-01   1.49893E+00  2.99737E-01   2.72533E-01  1.34186E-01   2.58907E+00  4.51945E-01
  10      2.04400E-01  1.16812E-01   4.08800E-01  1.62623E-01   6.81333E-02  6.81333E-02   6.81333E-01  2.05430E-01
  11      2.04400E-01  1.16812E-01   6.81333E-02  6.81333E-02       ---          ---       2.72533E-01  1.34186E-01
  12      6.81333E-02  6.81333E-02   6.81333E-02  6.81333E-02   6.81333E-02  6.81333E-02   2.04400E-01  1.16812E-01
  13          ---          ---           ---          ---           ---          ---           ---          ---
  14          ---          ---           ---          ---           ---          ---           ---          ---
  15          ---          ---           ---          ---           ---          ---           ---          ---
  16          ---          ---           ---          ---           ---          ---           ---          ---
  17          ---          ---           ---          ---           ---          ---           ---          ---
  18          ---          ---           ---          ---           ---          ---           ---          ---
  19          ---          ---           ---          ---           ---          ---           ---          ---
  20          ---          ---           ---          ---           ---          ---           ---          ---
  21          ---          ---           ---          ---           ---          ---           ---          ---
  22          ---          ---           ---          ---           ---          ---           ---          ---
  23          ---          ---           ---          ---           ---          ---           ---          ---
  24          ---          ---           ---          ---           ---          ---           ---          ---
  25          ---          ---           ---          ---           ---          ---           ---          ---
  26          ---          ---           ---          ---           ---          ---           ---          ---
  27          ---          ---           ---          ---           ---          ---           ---          ---
  28          ---          ---           ---          ---           ---          ---           ---          ---
  29          ---          ---           ---          ---           ---          ---           ---          ---
  30          ---          ---           ---          ---           ---          ---           ---          ---
  31          ---          ---           ---          ---           ---          ---           ---          ---
  32          ---          ---           ---          ---           ---          ---           ---          ---
  33          ---          ---           ---          ---           ---          ---           ---          ---
  34          ---          ---           ---          ---           ---          ---           ---          ---
  35          ---          ---           ---          ---           ---          ---           ---          ---
  36          ---          ---           ---          ---           ---          ---           ---          ---
  37          ---          ---           ---          ---           ---          ---           ---          ---
  38          ---          ---           ---          ---           ---          ---           ---          ---
  39          ---          ---           ---          ---           ---          ---           ---          ---
  40          ---          ---           ---          ---           ---          ---           ---          ---
  41          ---          ---           ---          ---           ---          ---           ---          ---
  42          ---          ---           ---          ---           ---          ---           ---          ---
  43          ---          ---           ---          ---           ---          ---           ---          ---
  44          ---          ---           ---          ---           ---          ---           ---          ---
  45          ---          ---           ---          ---           ---          ---           ---          ---
  46          ---          ---           ---          ---           ---          ---           ---          ---
  47          ---          ---           ---          ---           ---          ---           ---          ---
  48          ---          ---           ---          ---           ---          ---           ---          ---
  49          ---          ---           ---          ---           ---          ---           ---          ---
  50          ---          ---           ---          ---           ---          ---           ---          ---
 Total    4.19838E+02  4.17626E+00   7.40923E+03  9.90637E+00   1.54843E+04  1.82755E+01   2.33134E+04  1.79086E+01
-------------------------------------------------------------------------------------------------------------------
NOTE: The category "OTHER" includes all classes of individual and clustered DNA lesion, except for SSB and DSB.
SEM = standard error of the mean.

TABLE 3. Number of clusters per cell per track (DNA=5.600 Gbp, ZF=0.01604 Gy).
===================================================================================================================
Number of --------- DSB ----------   --------- SSB ----------   -------- OTHER ---------   ----- ALL CLUSTERS -----
 lesions    Average        SEM         Average        SEM         Average        SEM         Average        SEM    
===================================================================================================================
   1          ---          ---       8.45289E+00  2.93707E-02   2.53388E+01  5.01071E-02   3.37917E+01  5.83081E-02
   2      3.71240E-01  6.87794E-03   4.64813E+00  2.47115E-02   6.46481E+00  2.37189E-02   1.14842E+01  3.43280E-02
   3      2.86064E-01  5.80305E-03   1.99137E+00  1.49140E-02   1.65681E+00  1.46064E-02   3.93425E+00  2.03237E-02
   4      1.46400E-01  4.22637E-03   7.63287E-01  1.10423E-02   4.23184E-01  8.14881E-03   1.33287E+00  1.31294E-02
   5      7.11044E-02  2.70283E-03   2.66604E-01  5.58359E-03   1.00893E-01  3.79188E-03   4.38602E-01  7.24808E-03
   6      2.87412E-02  2.10283E-03   1.01792E-01  4.22327E-03   2.63461E-02  1.81936E-03   1.56879E-01  4.63457E-03
   7      1.15264E-02  1.34320E-03   3.84712E-02  2.23408E-03   5.83805E-03  9.24855E-04   5.58357E-02  2.43386E-03
   8      4.49081E-03  9.39545E-04   1.15264E-02  1.42497E-03   2.54479E-03  6.03856E-04   1.85620E-02  1.81936E-03
   9      1.79632E-03  4.88897E-04   3.29326E-03  6.58542E-04   5.98774E-04  2.94816E-04   5.68835E-03  9.92955E-04
  10      4.49081E-04  2.56644E-04   8.98161E-04  3.57293E-04   1.49694E-04  0.00000E+00   1.49694E-03  4.51343E-04
  11      4.49081E-04  2.56644E-04   1.49694E-04  0.00000E+00       ---          ---       5.98774E-04  2.94816E-04
  12      1.49694E-04  0.00000E+00   1.49694E-04  0.00000E+00   1.49694E-04  0.00000E+00   4.49081E-04  2.56644E-04
  13          ---          ---           ---          ---           ---          ---           ---          ---
  14          ---          ---           ---          ---           ---          ---           ---          ---
  15          ---          ---           ---          ---           ---          ---           ---          ---
  16          ---          ---           ---          ---           ---          ---           ---          ---
  17          ---          ---           ---          ---           ---          ---           ---          ---
  18          ---          ---           ---          ---           ---          ---           ---          ---
  19          ---          ---           ---          ---           ---          ---           ---          ---
  20          ---          ---           ---          ---           ---          ---           ---          ---
  21          ---          ---           ---          ---           ---          ---           ---          ---
  22          ---          ---           ---          ---           ---          ---           ---          ---
  23          ---          ---           ---          ---           ---          ---           ---          ---
  24          ---          ---           ---          ---           ---          ---           ---          ---
  25          ---          ---           ---          ---           ---          ---           ---          ---
  26          ---          ---           ---          ---           ---          ---           ---          ---
  27          ---          ---           ---          ---           ---          ---           ---          ---
  28          ---          ---           ---          ---           ---          ---           ---          ---
  29          ---          ---           ---          ---           ---          ---           ---          ---
  30          ---          ---           ---          ---           ---          ---           ---          ---
  31          ---          ---           ---          ---           ---          ---           ---          ---
  32          ---          ---           ---          ---           ---          ---           ---          ---
  33          ---          ---           ---          ---           ---          ---           ---          ---
  34          ---          ---           ---          ---           ---          ---           ---          ---
  35          ---          ---           ---          ---           ---          ---           ---          ---
  36          ---          ---           ---          ---           ---          ---           ---          ---
  37          ---          ---           ---          ---           ---          ---           ---          ---
  38          ---          ---           ---          ---           ---          ---           ---          ---
  39          ---          ---           ---          ---           ---          ---           ---          ---
  40          ---          ---           ---          ---           ---          ---           ---          ---
  41          ---          ---           ---          ---           ---          ---           ---          ---
  42          ---          ---           ---          ---           ---          ---           ---          ---
  43          ---          ---           ---          ---           ---          ---           ---          ---
  44          ---          ---           ---          ---           ---          ---           ---          ---
  45          ---          ---           ---          ---           ---          ---           ---          ---
  46          ---          ---           ---          ---           ---          ---           ---          ---
  47          ---          ---           ---          ---           ---          ---           ---          ---
  48          ---          ---           ---          ---           ---          ---           ---          ---
  49          ---          ---           ---          ---           ---          ---           ---          ---
  50          ---          ---           ---          ---           ---          ---           ---          ---
 Total    9.22412E-01  9.17553E-03   1.62786E+01  2.17650E-02   3.40201E+01  4.01525E-02   5.12211E+01  3.93465E-02
-------------------------------------------------------------------------------------------------------------------

TABLE 4. Cluster Length (in base pair)
===================================================================================================================
Number of --------- DSB ----------   --------- SSB ----------   -------- OTHER ---------   ----- ALL CLUSTERS -----
 lesions    Average        SEM         Average        SEM         Average        SEM         Average        SEM    
===================================================================================================================
   1          ---          ---       6.81333E+00  0.00000E+00   6.81333E+00  0.00000E+00   6.81333E+00  0.00000E+00
   2      3.66115E+01  3.50519E-01   3.78459E+01  1.07489E-01   3.77819E+01  9.88759E-02   3.77708E+01  6.14050E-02
   3      6.49084E+01  5.97529E-01   6.95335E+01  2.22749E-01   6.88245E+01  2.29316E-01   6.88799E+01  1.54886E-01
   4      9.39438E+01  9.97280E-01   1.01658E+02  3.85366E-01   1.00588E+02  6.32786E-01   1.00474E+02  3.20844E-01
   5      1.24428E+02  1.84424E+00   1.32505E+02  9.24686E-01   1.30303E+02  1.81901E+00   1.31068E+02  6.76218E-01
   6      1.56545E+02  3.11533E+00   1.63802E+02  1.77009E+00   1.66652E+02  3.63573E+00   1.61951E+02  1.32278E+00
   7      1.86594E+02  4.36440E+00   1.99461E+02  2.92103E+00   1.99204E+02  7.88736E+00   1.95939E+02  2.37765E+00
   8      2.10542E+02  9.69259E+00   2.22864E+02  5.45490E+00   2.26117E+02  1.25511E+01   2.22901E+02  4.44132E+00
   9      2.62313E+02  1.02544E+01   2.56960E+02  8.22644E+00   2.55500E+02  3.20178E+01   2.60042E+02  6.37130E+00
  10      2.74804E+02  1.77379E+01   2.90702E+02  1.49962E+01   2.04400E+02  0.00000E+00   2.77303E+02  1.29294E+01
  11      2.77076E+02  2.89956E+01   3.40667E+02  0.00000E+00       ---          ---       2.92973E+02  2.59444E+01
  12      3.54293E+02  0.00000E+00   3.06600E+02  0.00000E+00   2.52093E+02  0.00000E+00   3.04329E+02  2.95244E+01
  13          ---          ---           ---          ---           ---          ---           ---          ---
  14          ---          ---           ---          ---           ---          ---           ---          ---
  15          ---          ---           ---          ---           ---          ---           ---          ---
  16          ---          ---           ---          ---           ---          ---           ---          ---
  17          ---          ---           ---          ---           ---          ---           ---          ---
  18          ---          ---           ---          ---           ---          ---           ---          ---
  19          ---          ---           ---          ---           ---          ---           ---          ---
  20          ---          ---           ---          ---           ---          ---           ---          ---
  21          ---          ---           ---          ---           ---          ---           ---          ---
  22          ---          ---           ---          ---           ---          ---           ---          ---
  23          ---          ---           ---          ---           ---          ---           ---          ---
  24          ---          ---           ---          ---           ---          ---           ---          ---
  25          ---          ---           ---          ---           ---          ---           ---          ---
  26          ---          ---           ---          ---           ---          ---           ---          ---
  27          ---          ---           ---          ---           ---          ---           ---          ---
  28          ---          ---           ---          ---           ---          ---           ---          ---
  29          ---          ---           ---          ---           ---          ---           ---          ---
  30          ---          ---           ---          ---           ---          ---           ---          ---
  31          ---          ---           ---          ---           ---          ---           ---          ---
  32          ---          ---           ---          ---           ---          ---           ---          ---
  33          ---          ---           ---          ---           ---          ---           ---          ---
  34          ---          ---           ---          ---           ---          ---           ---          ---
  35          ---          ---           ---          ---           ---          ---           ---          ---
  36          ---          ---           ---          ---           ---          ---           ---          ---
  37          ---          ---           ---          ---           ---          ---           ---          ---
  38          ---          ---           ---          ---           ---          ---           ---          ---
  39          ---          ---           ---          ---           ---          ---           ---          ---
  40          ---          ---           ---          ---           ---          ---           ---          ---
  41          ---          ---           ---          ---           ---          ---           ---          ---
  42          ---          ---           ---          ---           ---          ---           ---          ---
  43          ---          ---           ---          ---           ---          ---           ---          ---
  44          ---          ---           ---          ---           ---          ---           ---          ---
  45          ---          ---           ---          ---           ---          ---           ---          ---
  46          ---          ---           ---          ---           ---          ---           ---          ---
  47          ---          ---           ---          ---           ---          ---           ---          ---
  48          ---          ---           ---          ---           ---          ---           ---          ---
  49          ---          ---           ---          ---           ---          ---           ---          ---
  50          ---          ---           ---          ---           ---          ---           ---          ---
Average   6.85424E+01  6.78527E-01   3.14975E+01  1.04339E-01   1.74333E+01  4.85617E-02   2.28236E+01  4.33513E-02
-------------------------------------------------------------------------------------------------------------------

TABLE 5. Density of lesions forming a cluster (in units of lesions per nucleotide).
===================================================================================================================
Number of --------- DSB ----------   --------- SSB ----------   -------- OTHER ---------   ----- ALL CLUSTERS -----
 lesions    Average        SEM         Average        SEM         Average        SEM         Average        SEM    
===================================================================================================================
   1          ---          ---       3.40667E+00  0.00000E+00   3.40667E+00  0.00000E+00   3.40667E+00  0.00000E+00
   2      1.91502E+00  2.64616E-02   1.71392E+00  7.26194E-03   1.72295E+00  6.76354E-03   1.72541E+00  4.80548E-03
   3      1.32216E+00  1.75886E-02   1.20993E+00  5.65612E-03   1.22420E+00  6.17870E-03   1.22468E+00  4.17649E-03
   4      1.12984E+00  1.54177E-02   1.03437E+00  5.55031E-03   1.04800E+00  8.99688E-03   1.04924E+00  4.86799E-03
   5      1.03530E+00  1.96229E-02   9.64261E-01  8.93620E-03   9.91611E-01  1.65871E-02   9.78904E-01  6.94636E-03
   6      9.52541E-01  2.10507E-02   9.15713E-01  1.11054E-02   8.96379E-01  2.11431E-02   9.27092E-01  8.68653E-03
   7      9.12585E-01  2.49074E-02   8.57402E-01  1.37730E-02   8.67610E-01  4.09483E-02   8.75365E-01  1.15166E-02
   8      9.35584E-01  5.07219E-02   8.68032E-01  2.32651E-02   8.60240E-01  4.54263E-02   8.69709E-01  1.77960E-02
   9      8.09814E-01  3.15855E-02   8.35219E-01  3.27706E-02   8.60109E-01  1.15689E-01   8.22361E-01  2.10775E-02
  10      8.51667E-01  5.46345E-02   8.08384E-01  3.87805E-02   1.13556E+00  0.00000E+00   8.54086E-01  4.14731E-02
  11      9.40523E-01  9.12052E-02   7.49467E-01  0.00000E+00       ---          ---       8.92759E-01  8.02533E-02
  12      7.86154E-01  0.00000E+00   9.08444E-01  0.00000E+00   1.10486E+00  0.00000E+00   9.33154E-01  9.28298E-02
  13          ---          ---           ---          ---           ---          ---           ---          ---
  14          ---          ---           ---          ---           ---          ---           ---          ---
  15          ---          ---           ---          ---           ---          ---           ---          ---
  16          ---          ---           ---          ---           ---          ---           ---          ---
  17          ---          ---           ---          ---           ---          ---           ---          ---
  18          ---          ---           ---          ---           ---          ---           ---          ---
  19          ---          ---           ---          ---           ---          ---           ---          ---
  20          ---          ---           ---          ---           ---          ---           ---          ---
  21          ---          ---           ---          ---           ---          ---           ---          ---
  22          ---          ---           ---          ---           ---          ---           ---          ---
  23          ---          ---           ---          ---           ---          ---           ---          ---
  24          ---          ---           ---          ---           ---          ---           ---          ---
  25          ---          ---           ---          ---           ---          ---           ---          ---
  26          ---          ---           ---          ---           ---          ---           ---          ---
  27          ---          ---           ---          ---           ---          ---           ---          ---
  28          ---          ---           ---          ---           ---          ---           ---          ---
  29          ---          ---           ---          ---           ---          ---           ---          ---
  30          ---          ---           ---          ---           ---          ---           ---          ---
  31          ---          ---           ---          ---           ---          ---           ---          ---
  32          ---          ---           ---          ---           ---          ---           ---          ---
  33          ---          ---           ---          ---           ---          ---           ---          ---
  34          ---          ---           ---          ---           ---          ---           ---          ---
  35          ---          ---           ---          ---           ---          ---           ---          ---
  36          ---          ---           ---          ---           ---          ---           ---          ---
  37          ---          ---           ---          ---           ---          ---           ---          ---
  38          ---          ---           ---          ---           ---          ---           ---          ---
  39          ---          ---           ---          ---           ---          ---           ---          ---
  40          ---          ---           ---          ---           ---          ---           ---          ---
  41          ---          ---           ---          ---           ---          ---           ---          ---
  42          ---          ---           ---          ---           ---          ---           ---          ---
  43          ---          ---           ---          ---           ---          ---           ---          ---
  44          ---          ---           ---          ---           ---          ---           ---          ---
  45          ---          ---           ---          ---           ---          ---           ---          ---
  46          ---          ---           ---          ---           ---          ---           ---          ---
  47          ---          ---           ---          ---           ---          ---           ---          ---
  48          ---          ---           ---          ---           ---          ---           ---          ---
  49          ---          ---           ---          ---           ---          ---           ---          ---
  50          ---          ---           ---          ---           ---          ---           ---          ---
Average   1.48785E+00  1.36997E-02   2.47932E+00  3.93063E-03   2.94120E+00  2.08604E-03   2.76824E+00  1.80953E-03
-------------------------------------------------------------------------------------------------------------------
NOTE: Lesion density computed as the number of lesions per cluster divided by twice the cluster length.

TABLE 6. Cluster composition (% Sb per cluster)
===================================================================================================================
Number of --------- DSB ----------   --------- SSB ----------   -------- OTHER ---------   ----- ALL CLUSTERS -----
 lesions    Average        SEM         Average        SEM         Average        SEM         Average        SEM    
===================================================================================================================
   1          ---          ---       6.81333E+02  0.00000E+00   0.00000E+00  0.00000E+00   1.70432E+02  5.11081E-01
   2      6.81333E+02  0.00000E+00   3.65312E+02  5.41462E-01   0.00000E+00  0.00000E+00   1.69840E+02  7.24685E-01
   3      4.90330E+02  1.92906E+00   2.66289E+02  7.63290E-01   0.00000E+00  0.00000E+00   1.70454E+02  1.01296E+00
   4      4.01734E+02  3.09740E+00   2.21085E+02  1.24080E+00   0.00000E+00  0.00000E+00   1.70575E+02  1.43099E+00
   5      3.48316E+02  4.68211E+00   1.92994E+02  1.97779E+00   0.00000E+00  0.00000E+00   1.74166E+02  2.25009E+00
   6      3.19848E+02  7.20165E+00   1.72845E+02  3.22787E+00   0.00000E+00  0.00000E+00   1.70343E+02  4.05910E+00
   7      2.93947E+02  1.19401E+01   1.59053E+02  5.38064E+00   0.00000E+00  0.00000E+00   1.67222E+02  6.29119E+00
   8      2.56790E+02  1.37864E+01   1.77289E+02  9.90189E+00   0.00000E+00  0.00000E+00   1.69668E+02  1.00603E+01
   9      2.33420E+02  1.73292E+01   1.42395E+02  1.37980E+01   0.00000E+00  0.00000E+00   1.60979E+02  1.42194E+01
  10      2.72533E+02  3.93368E+01   1.24911E+02  2.09386E+01   0.00000E+00  0.00000E+00   1.56707E+02  3.21986E+01
  11      1.65172E+02  2.06465E+01   1.85818E+02  0.00000E+00       ---          ---       1.70333E+02  1.54848E+01
  12      2.27111E+02  0.00000E+00   5.67778E+01  0.00000E+00   0.00000E+00  0.00000E+00   9.46296E+01  6.82384E+01
  13          ---          ---           ---          ---           ---          ---           ---          ---
  14          ---          ---           ---          ---           ---          ---           ---          ---
  15          ---          ---           ---          ---           ---          ---           ---          ---
  16          ---          ---           ---          ---           ---          ---           ---          ---
  17          ---          ---           ---          ---           ---          ---           ---          ---
  18          ---          ---           ---          ---           ---          ---           ---          ---
  19          ---          ---           ---          ---           ---          ---           ---          ---
  20          ---          ---           ---          ---           ---          ---           ---          ---
  21          ---          ---           ---          ---           ---          ---           ---          ---
  22          ---          ---           ---          ---           ---          ---           ---          ---
  23          ---          ---           ---          ---           ---          ---           ---          ---
  24          ---          ---           ---          ---           ---          ---           ---          ---
  25          ---          ---           ---          ---           ---          ---           ---          ---
  26          ---          ---           ---          ---           ---          ---           ---          ---
  27          ---          ---           ---          ---           ---          ---           ---          ---
  28          ---          ---           ---          ---           ---          ---           ---          ---
  29          ---          ---           ---          ---           ---          ---           ---          ---
  30          ---          ---           ---          ---           ---          ---           ---          ---
  31          ---          ---           ---          ---           ---          ---           ---          ---
  32          ---          ---           ---          ---           ---          ---           ---          ---
  33          ---          ---           ---          ---           ---          ---           ---          ---
  34          ---          ---           ---          ---           ---          ---           ---          ---
  35          ---          ---           ---          ---           ---          ---           ---          ---
  36          ---          ---           ---          ---           ---          ---           ---          ---
  37          ---          ---           ---          ---           ---          ---           ---          ---
  38          ---          ---           ---          ---           ---          ---           ---          ---
  39          ---          ---           ---          ---           ---          ---           ---          ---
  40          ---          ---           ---          ---           ---          ---           ---          ---
  41          ---          ---           ---          ---           ---          ---           ---          ---
  42          ---          ---           ---          ---           ---          ---           ---          ---
  43          ---          ---           ---          ---           ---          ---           ---          ---
  44          ---          ---           ---          ---           ---          ---           ---          ---
  45          ---          ---           ---          ---           ---          ---           ---          ---
  46          ---          ---           ---          ---           ---          ---           ---          ---
  47          ---          ---           ---          ---           ---          ---           ---          ---
  48          ---          ---           ---          ---           ---          ---           ---          ---
  49          ---          ---           ---          ---           ---          ---           ---          ---
  50          ---          ---           ---          ---           ---          ---           ---          ---
Average   5.32386E+02  2.00400E+00   5.05815E+02  5.76659E-01   0.00000E+00  0.00000E+00   1.70342E+02  1.99347E-01
-------------------------------------------------------------------------------------------------------------------
NOTES: (% Sb) is the percentage of lesions that are strand breaks. The number of Sb is [(% Sb)/100]*(# lesions).
The number of Bd is (1-(% Sb)/100)*(# lesions).
