===============================
MCDS Version 3.10A  05-DEC-2011
===============================
      0.013     running time (min)
  987654321     random number seed
        100     number of cells (nocs)
 0.0000E+00     water-equivalent material (WEM) thickness (mg/cm^2)
 9.1000E+00     Desired dose to the cell nucleus (Gy)
 5.6000E+00     DNA content (Gbp)

TARGET (cell) DEFINITION (4V/S = mean chord length)
========================================================
            DIAMETER     4V/S      Volume      Mass
               (um)      (um)      (um^3)      (ng)
--------------------------------------------------------
DNA            ---        ---     5.715E+00  5.715E-03
NUCLEUS     1.000E+01  6.667E+00  5.236E+02  5.236E-01
CYTOPLASM      ---        ---     0.000E+00  0.000E+00
CELL        1.000E+01  6.667E+00  5.236E+02  5.236E-01
========================================================
NOTE: In human DNA, 1 Gbp=0.979 ng (not including bound
H2O).  DNA volume computed using a density of 1 g/cm^3.


INCIDENT PARTICLE: proton (mass = 1.00728E+00 u = 9.38272E+02 MeV/c^2)
  5.04000E+00 MeV >= 1.00000E-06 MeV
  5.04000E+00 MeV/A >= 1.00000E-06 MeV/A)
  9.73816E+01 MeV (p*c = momentum x speed of light)
  1.27334E-02 pm (de Broglie wavelength)
  1.00537E+00 = T/m0c2+1 (Lorentz factor) >= 1
  9.99998E-01 ABS(effective charge); Barkas 1963
  1.03234E-01 beta = (v/c) <= 1
  9.38327E+01 (zeff/beta)^2 <= 2.000E+05
  7.82613E+00 keV/um (total stopping power in H2O)
  7.82124E+00 keV/um ( 99.937% electronic)
  4.89160E-03 keV/um (  0.063% nuclear)
  3.64187E-02 CSDA range of particle (cm) in H2O

PARTICLE TRANSPORT - Beam of radiation incident on bottom of cell culture dish
(WEM=0.00 um, cell=10.00 um, nucleus=10.00 um; total distance traveled to
reach nucleus=0.000 um of H2O).
==============================================================================
                                  ------- Cell --------  ------- Nucleus -----
                       Incident      Entry      Exit       Entry       Exit
==============================================================================
         KE (MeV)   5.0400E+00  5.0400E+00  4.9612E+00  5.0400E+00  4.9612E+00
    (Zeff/beta)^2   9.3833E+01  9.3833E+01  9.5311E+01  9.3833E+01  9.5311E+01
     LET (keV/um)   7.8261E+00  7.8261E+00  7.9256E+00  7.8261E+00  7.9256E+00
  Res. Range (um)   3.6419E+02  3.6419E+02  3.5419E+02  3.6419E+02  3.5419E+02
 DPUF1 (nGy-cm^2)   1.2537E+01  1.2537E+01  1.2697E+01  1.2537E+01  1.2697E+01
 DPUF2 (nGy-cm^2)      ---      1.2597E+01     ---      1.2597E+01     ---
       Edep (keV)      ---      5.2421E+01     ---      5.2421E+01     ---
      YF (keV/um)      ---      7.8631E+00     ---      7.8631E+00     ---
          ZF (Gy)      ---      1.6039E-02     ---      1.6039E-02     ---
==============================================================================
LET=(Stot-Srad); absorbed dose per unit fluence (DPUF1) = 1.602*LET/rho
Avg. absorbed dose within target (i.e., DPUF2) = 2.5*pi*d*d*zf
Edep = 0.1602*ZF*PI*d*d*d/6; yf = edep/lbar = 0.25*edep*{area}/{volume}

DAMAGE FORMATION AND CLUSTERING (normoxic conditions)
     116685     segment length, nseg (bp per cell per Gy)
       1300     number of strand breaks, sigSb (per cell per Gy)
       3900     number of base damages,  sigBd (per cell per Gy)
        3.0     base damage to strand break ratio, f
          9     minimum distance between clusters, Nmin (bp)
         10     maximum distance between two Sb to compose a DSB, Ndsb (bp)
        0.0     fraction Bl/Bd

OXYGEN SIMULATION (M0=1.740, K=0.3372, q=946.10, r=2.15)
  1.0000E+02 % O2 concentration (=760.00 mmHg)
  2.4631E-03 chemical repair probability (pcr)
  9.9754E-01 O2 fixation probability (1-pcr)
  1.0025E+00 Approx. HRF for SSB induction [=1/(1-pcr)]
  1.0049E+00 Approx. HRF for DSB induction [1/(1-pcr)]^2

DMSO SIMULATION
  5.0000E-01 fraction of non-scavengeable DNA damage (fnsd)
  5.0000E-01 concentration (mol dm^-3) at half-level (chmx)
  0.0000E+00 DMSO concentration (mol dm^-3)

TABLE 1. Percent (%) cluster yields by complexity, as classified using the scheme of Nikjoo et al. (IJRB 71, 
467-483 1997 and and Radiat. Res. 156, 577-583 2001).
===================================================================================================================
    66.451     BD    - one or more Bd (no Sb)
    29.698     SSB   - Sb (no auxilary damage)
     1.780     SSB+  - two Sb on the same strand
     0.269     2SSB  - two or more Sb on opposite strands separated by at least 10 bp
     1.487     DSB   - two Sb on opposite strands with a separation <= 10 bp
     0.274     DSB+  - DSB accompanied by one (or more) additional Sb within 10 bp separation
     0.042     DSB++ - more than one DSB whether within the 10 bp separation or further apart
     6.452     SSBc  - fraction of complex damage (SSB+ and 2SSB) among SSBs
    48.157     SSBcb - fraction of complex damage (SSB+ and 2SSB) among SSBs; base damage included
    17.516     DSBc  - fraction of complex damage (DSB+ and DSB++) among DSBs
    59.816     DSBcb - fraction of complex damage (DSB+ and DSB++) among DSBs; base damage included
===================================================================================================================

TABLE 2. Number of clusters per cell (DNA=5.600 Gbp, AD=9.100 Gy).
===================================================================================================================
Number of --------- DSB ----------   --------- SSB ----------   -------- OTHER ---------   ----- ALL CLUSTERS -----
 lesions    Average        SEM         Average        SEM         Average        SEM         Average        SEM    
===================================================================================================================
   1          ---          ---       4.79602E+03  1.66644E+01   1.43768E+04  2.84298E+01   1.91728E+04  3.30829E+01
   2      2.10635E+02  3.90242E+00   2.63726E+03  1.40208E+01   3.66802E+03  1.34577E+01   6.51592E+03  1.94771E+01
   3      1.62308E+02  3.29254E+00   1.12987E+03  8.46192E+00   9.40042E+02  8.28741E+00   2.23222E+03  1.15313E+01
   4      8.30648E+01  2.39797E+00   4.33075E+02  6.26518E+00   2.40107E+02  4.62348E+00   7.56246E+02  7.44937E+00
   5      4.03433E+01  1.53354E+00   1.51266E+02  3.16803E+00   5.72451E+01  2.15144E+00   2.48855E+02  4.11243E+00
   6      1.63072E+01  1.19310E+00   5.77547E+01  2.39620E+00   1.49483E+01  1.03227E+00   8.90101E+01  2.62957E+00
   7      6.53987E+00  7.62109E-01   2.18279E+01  1.26758E+00   3.31240E+00  5.24746E-01   3.16801E+01  1.38093E+00
   8      2.54800E+00  5.33081E-01   6.53987E+00  8.08502E-01   1.44387E+00  3.42617E-01   1.05317E+01  1.03227E+00
   9      1.01920E+00  2.77391E-01   1.86853E+00  3.73644E-01   3.39733E-01  1.67273E-01   3.22747E+00  5.63384E-01
  10      2.54800E-01  1.45615E-01   5.09600E-01  2.02722E-01   8.49333E-02  8.49333E-02   8.49333E-01  2.56084E-01
  11      2.54800E-01  1.45615E-01   8.49333E-02  8.49333E-02       ---          ---       3.39733E-01  1.67273E-01
  12      8.49333E-02  8.49333E-02   8.49333E-02  8.49333E-02   8.49333E-02  8.49333E-02   2.54800E-01  1.45615E-01
  13          ---          ---           ---          ---           ---          ---           ---          ---
  14          ---          ---           ---          ---           ---          ---           ---          ---
  15          ---          ---           ---          ---           ---          ---           ---          ---
  16          ---          ---           ---          ---           ---          ---           ---          ---
  17          ---          ---           ---          ---           ---          ---           ---          ---
  18          ---          ---           ---          ---           ---          ---           ---          ---
  19          ---          ---           ---          ---           ---          ---           ---          ---
  20          ---          ---           ---          ---           ---          ---           ---          ---
  21          ---          ---           ---          ---           ---          ---           ---          ---
  22          ---          ---           ---          ---           ---          ---           ---          ---
  23          ---          ---           ---          ---           ---          ---           ---          ---
  24          ---          ---           ---          ---           ---          ---           ---          ---
  25          ---          ---           ---          ---           ---          ---           ---          ---
  26          ---          ---           ---          ---           ---          ---           ---          ---
  27          ---          ---           ---          ---           ---          ---           ---          ---
  28          ---          ---           ---          ---           ---          ---           ---          ---
  29          ---          ---           ---          ---           ---          ---           ---          ---
  30          ---          ---           ---          ---           ---          ---           ---          ---
  31          ---          ---           ---          ---           ---          ---           ---          ---
  32          ---          ---           ---          ---           ---          ---           ---          ---
  33          ---          ---           ---          ---           ---          ---           ---          ---
  34          ---          ---           ---          ---           ---          ---           ---          ---
  35          ---          ---           ---          ---           ---          ---           ---          ---
  36          ---          ---           ---          ---           ---          ---           ---          ---
  37          ---          ---           ---          ---           ---          ---           ---          ---
  38          ---          ---           ---          ---           ---          ---           ---          ---
  39          ---          ---           ---          ---           ---          ---           ---          ---
  40          ---          ---           ---          ---           ---          ---           ---          ---
  41          ---          ---           ---          ---           ---          ---           ---          ---
  42          ---          ---           ---          ---           ---          ---           ---          ---
  43          ---          ---           ---          ---           ---          ---           ---          ---
  44          ---          ---           ---          ---           ---          ---           ---          ---
  45          ---          ---           ---          ---           ---          ---           ---          ---
  46          ---          ---           ---          ---           ---          ---           ---          ---
  47          ---          ---           ---          ---           ---          ---           ---          ---
  48          ---          ---           ---          ---           ---          ---           ---          ---
  49          ---          ---           ---          ---           ---          ---           ---          ---
  50          ---          ---           ---          ---           ---          ---           ---          ---
 Total    5.23359E+02  5.20603E+00   9.23616E+03  1.23490E+01   1.93024E+04  2.27818E+01   2.90619E+04  2.23245E+01
-------------------------------------------------------------------------------------------------------------------
NOTE: The category "OTHER" includes all classes of individual and clustered DNA lesion, except for SSB and DSB.
SEM = standard error of the mean.

TABLE 3. Number of clusters per cell per track (DNA=5.600 Gbp, ZF=0.01604 Gy).
===================================================================================================================
Number of --------- DSB ----------   --------- SSB ----------   -------- OTHER ---------   ----- ALL CLUSTERS -----
 lesions    Average        SEM         Average        SEM         Average        SEM         Average        SEM    
===================================================================================================================
   1          ---          ---       8.45289E+00  2.93707E-02   2.53388E+01  5.01071E-02   3.37917E+01  5.83081E-02
   2      3.71240E-01  6.87794E-03   4.64813E+00  2.47115E-02   6.46481E+00  2.37189E-02   1.14842E+01  3.43280E-02
   3      2.86064E-01  5.80305E-03   1.99137E+00  1.49140E-02   1.65681E+00  1.46064E-02   3.93425E+00  2.03237E-02
   4      1.46400E-01  4.22637E-03   7.63287E-01  1.10423E-02   4.23184E-01  8.14881E-03   1.33287E+00  1.31294E-02
   5      7.11044E-02  2.70283E-03   2.66604E-01  5.58359E-03   1.00893E-01  3.79188E-03   4.38602E-01  7.24808E-03
   6      2.87412E-02  2.10283E-03   1.01792E-01  4.22327E-03   2.63461E-02  1.81936E-03   1.56879E-01  4.63457E-03
   7      1.15264E-02  1.34320E-03   3.84712E-02  2.23408E-03   5.83805E-03  9.24855E-04   5.58357E-02  2.43386E-03
   8      4.49081E-03  9.39545E-04   1.15264E-02  1.42497E-03   2.54479E-03  6.03856E-04   1.85620E-02  1.81936E-03
   9      1.79632E-03  4.88897E-04   3.29326E-03  6.58542E-04   5.98774E-04  2.94816E-04   5.68835E-03  9.92955E-04
  10      4.49081E-04  2.56644E-04   8.98161E-04  3.57293E-04   1.49694E-04  0.00000E+00   1.49694E-03  4.51343E-04
  11      4.49081E-04  2.56644E-04   1.49694E-04  0.00000E+00       ---          ---       5.98774E-04  2.94816E-04
  12      1.49694E-04  0.00000E+00   1.49694E-04  0.00000E+00   1.49694E-04  0.00000E+00   4.49081E-04  2.56644E-04
  13          ---          ---           ---          ---           ---          ---           ---          ---
  14          ---          ---           ---          ---           ---          ---           ---          ---
  15          ---          ---           ---          ---           ---          ---           ---          ---
  16          ---          ---           ---          ---           ---          ---           ---          ---
  17          ---          ---           ---          ---           ---          ---           ---          ---
  18          ---          ---           ---          ---           ---          ---           ---          ---
  19          ---          ---           ---          ---           ---          ---           ---          ---
  20          ---          ---           ---          ---           ---          ---           ---          ---
  21          ---          ---           ---          ---           ---          ---           ---          ---
  22          ---          ---           ---          ---           ---          ---           ---          ---
  23          ---          ---           ---          ---           ---          ---           ---          ---
  24          ---          ---           ---          ---           ---          ---           ---          ---
  25          ---          ---           ---          ---           ---          ---           ---          ---
  26          ---          ---           ---          ---           ---          ---           ---          ---
  27          ---          ---           ---          ---           ---          ---           ---          ---
  28          ---          ---           ---          ---           ---          ---           ---          ---
  29          ---          ---           ---          ---           ---          ---           ---          ---
  30          ---          ---           ---          ---           ---          ---           ---          ---
  31          ---          ---           ---          ---           ---          ---           ---          ---
  32          ---          ---           ---          ---           ---          ---           ---          ---
  33          ---          ---           ---          ---           ---          ---           ---          ---
  34          ---          ---           ---          ---           ---          ---           ---          ---
  35          ---          ---           ---          ---           ---          ---           ---          ---
  36          ---          ---           ---          ---           ---          ---           ---          ---
  37          ---          ---           ---          ---           ---          ---           ---          ---
  38          ---          ---           ---          ---           ---          ---           ---          ---
  39          ---          ---           ---          ---           ---          ---           ---          ---
  40          ---          ---           ---          ---           ---          ---           ---          ---
  41          ---          ---           ---          ---           ---          ---           ---          ---
  42          ---          ---           ---          ---           ---          ---           ---          ---
  43          ---          ---           ---          ---           ---          ---           ---          ---
  44          ---          ---           ---          ---           ---          ---           ---          ---
  45          ---          ---           ---          ---           ---          ---           ---          ---
  46          ---          ---           ---          ---           ---          ---           ---          ---
  47          ---          ---           ---          ---           ---          ---           ---          ---
  48          ---          ---           ---          ---           ---          ---           ---          ---
  49          ---          ---           ---          ---           ---          ---           ---          ---
  50          ---          ---           ---          ---           ---          ---           ---          ---
 Total    9.22412E-01  9.17553E-03   1.62786E+01  2.17650E-02   3.40201E+01  4.01525E-02   5.12211E+01  3.93465E-02
-------------------------------------------------------------------------------------------------------------------

TABLE 4. Cluster Length (in base pair)
===================================================================================================================
Number of --------- DSB ----------   --------- SSB ----------   -------- OTHER ---------   ----- ALL CLUSTERS -----
 lesions    Average        SEM         Average        SEM         Average        SEM         Average        SEM    
===================================================================================================================
   1          ---          ---       8.49333E+00  0.00000E+00   8.49333E+00  0.00000E+00   8.49333E+00  0.00000E+00
   2      4.56389E+01  4.36949E-01   4.71778E+01  1.33993E-01   4.70980E+01  1.23256E-01   4.70841E+01  7.65459E-02
   3      8.09132E+01  7.44865E-01   8.66788E+01  2.77674E-01   8.57950E+01  2.85860E-01   8.58640E+01  1.93077E-01
   4      1.17108E+02  1.24318E+00   1.26724E+02  4.80387E-01   1.25391E+02  7.88816E-01   1.25249E+02  3.99957E-01
   5      1.55109E+02  2.29899E+00   1.65177E+02  1.15269E+00   1.62432E+02  2.26754E+00   1.63386E+02  8.42956E-01
   6      1.95145E+02  3.88350E+00   2.04191E+02  2.20655E+00   2.07744E+02  4.53221E+00   2.01884E+02  1.64894E+00
   7      2.32604E+02  5.44056E+00   2.48644E+02  3.64128E+00   2.48323E+02  9.83219E+00   2.44253E+02  2.96392E+00
   8      2.62457E+02  1.20825E+01   2.77817E+02  6.79994E+00   2.81872E+02  1.56459E+01   2.77862E+02  5.53643E+00
   9      3.26993E+02  1.27828E+01   3.20320E+02  1.02549E+01   3.18500E+02  3.99126E+01   3.24162E+02  7.94230E+00
  10      3.42564E+02  2.21117E+01   3.62382E+02  1.86939E+01   2.54800E+02  0.00000E+00   3.45679E+02  1.61175E+01
  11      3.45396E+02  3.61452E+01   4.24667E+02  0.00000E+00       ---          ---       3.65213E+02  3.23416E+01
  12      4.41653E+02  0.00000E+00   3.82200E+02  0.00000E+00   3.14253E+02  0.00000E+00   3.79369E+02  3.68044E+01
  13          ---          ---           ---          ---           ---          ---           ---          ---
  14          ---          ---           ---          ---           ---          ---           ---          ---
  15          ---          ---           ---          ---           ---          ---           ---          ---
  16          ---          ---           ---          ---           ---          ---           ---          ---
  17          ---          ---           ---          ---           ---          ---           ---          ---
  18          ---          ---           ---          ---           ---          ---           ---          ---
  19          ---          ---           ---          ---           ---          ---           ---          ---
  20          ---          ---           ---          ---           ---          ---           ---          ---
  21          ---          ---           ---          ---           ---          ---           ---          ---
  22          ---          ---           ---          ---           ---          ---           ---          ---
  23          ---          ---           ---          ---           ---          ---           ---          ---
  24          ---          ---           ---          ---           ---          ---           ---          ---
  25          ---          ---           ---          ---           ---          ---           ---          ---
  26          ---          ---           ---          ---           ---          ---           ---          ---
  27          ---          ---           ---          ---           ---          ---           ---          ---
  28          ---          ---           ---          ---           ---          ---           ---          ---
  29          ---          ---           ---          ---           ---          ---           ---          ---
  30          ---          ---           ---          ---           ---          ---           ---          ---
  31          ---          ---           ---          ---           ---          ---           ---          ---
  32          ---          ---           ---          ---           ---          ---           ---          ---
  33          ---          ---           ---          ---           ---          ---           ---          ---
  34          ---          ---           ---          ---           ---          ---           ---          ---
  35          ---          ---           ---          ---           ---          ---           ---          ---
  36          ---          ---           ---          ---           ---          ---           ---          ---
  37          ---          ---           ---          ---           ---          ---           ---          ---
  38          ---          ---           ---          ---           ---          ---           ---          ---
  39          ---          ---           ---          ---           ---          ---           ---          ---
  40          ---          ---           ---          ---           ---          ---           ---          ---
  41          ---          ---           ---          ---           ---          ---           ---          ---
  42          ---          ---           ---          ---           ---          ---           ---          ---
  43          ---          ---           ---          ---           ---          ---           ---          ---
  44          ---          ---           ---          ---           ---          ---           ---          ---
  45          ---          ---           ---          ---           ---          ---           ---          ---
  46          ---          ---           ---          ---           ---          ---           ---          ---
  47          ---          ---           ---          ---           ---          ---           ---          ---
  48          ---          ---           ---          ---           ---          ---           ---          ---
  49          ---          ---           ---          ---           ---          ---           ---          ---
  50          ---          ---           ---          ---           ---          ---           ---          ---
Average   8.54432E+01  8.45835E-01   3.92640E+01  1.30067E-01   2.17319E+01  6.05358E-02   2.84513E+01  5.40406E-02
-------------------------------------------------------------------------------------------------------------------

TABLE 5. Density of lesions forming a cluster (in units of lesions per nucleotide).
===================================================================================================================
Number of --------- DSB ----------   --------- SSB ----------   -------- OTHER ---------   ----- ALL CLUSTERS -----
 lesions    Average        SEM         Average        SEM         Average        SEM         Average        SEM    
===================================================================================================================
   1          ---          ---       4.24667E+00  0.00000E+00   4.24667E+00  0.00000E+00   4.24667E+00  0.00000E+00
   2      2.38722E+00  3.29864E-02   2.13653E+00  9.05255E-03   2.14779E+00  8.43126E-03   2.15085E+00  5.99039E-03
   3      1.64817E+00  2.19255E-02   1.50827E+00  7.05078E-03   1.52606E+00  7.70222E-03   1.52665E+00  5.20632E-03
   4      1.40843E+00  1.92193E-02   1.28942E+00  6.91888E-03   1.30641E+00  1.12153E-02   1.30796E+00  6.06831E-03
   5      1.29058E+00  2.44614E-02   1.20202E+00  1.11396E-02   1.23612E+00  2.06771E-02   1.22028E+00  8.65916E-03
   6      1.18741E+00  2.62413E-02   1.14150E+00  1.38437E-02   1.11740E+00  2.63565E-02   1.15569E+00  1.08284E-02
   7      1.13761E+00  3.10489E-02   1.06882E+00  1.71691E-02   1.08154E+00  5.10452E-02   1.09121E+00  1.43563E-02
   8      1.16628E+00  6.32287E-02   1.08207E+00  2.90017E-02   1.07235E+00  5.66273E-02   1.08416E+00  2.21840E-02
   9      1.00949E+00  3.93737E-02   1.04116E+00  4.08510E-02   1.07219E+00  1.44215E-01   1.02514E+00  2.62747E-02
  10      1.06167E+00  6.81060E-02   1.00771E+00  4.83428E-02   1.41556E+00  0.00000E+00   1.06468E+00  5.16994E-02
  11      1.17243E+00  1.13694E-01   9.34267E-01  0.00000E+00       ---          ---       1.11289E+00  1.00042E-01
  12      9.80000E-01  0.00000E+00   1.13244E+00  0.00000E+00   1.37730E+00  0.00000E+00   1.16325E+00  1.15719E-01
  13          ---          ---           ---          ---           ---          ---           ---          ---
  14          ---          ---           ---          ---           ---          ---           ---          ---
  15          ---          ---           ---          ---           ---          ---           ---          ---
  16          ---          ---           ---          ---           ---          ---           ---          ---
  17          ---          ---           ---          ---           ---          ---           ---          ---
  18          ---          ---           ---          ---           ---          ---           ---          ---
  19          ---          ---           ---          ---           ---          ---           ---          ---
  20          ---          ---           ---          ---           ---          ---           ---          ---
  21          ---          ---           ---          ---           ---          ---           ---          ---
  22          ---          ---           ---          ---           ---          ---           ---          ---
  23          ---          ---           ---          ---           ---          ---           ---          ---
  24          ---          ---           ---          ---           ---          ---           ---          ---
  25          ---          ---           ---          ---           ---          ---           ---          ---
  26          ---          ---           ---          ---           ---          ---           ---          ---
  27          ---          ---           ---          ---           ---          ---           ---          ---
  28          ---          ---           ---          ---           ---          ---           ---          ---
  29          ---          ---           ---          ---           ---          ---           ---          ---
  30          ---          ---           ---          ---           ---          ---           ---          ---
  31          ---          ---           ---          ---           ---          ---           ---          ---
  32          ---          ---           ---          ---           ---          ---           ---          ---
  33          ---          ---           ---          ---           ---          ---           ---          ---
  34          ---          ---           ---          ---           ---          ---           ---          ---
  35          ---          ---           ---          ---           ---          ---           ---          ---
  36          ---          ---           ---          ---           ---          ---           ---          ---
  37          ---          ---           ---          ---           ---          ---           ---          ---
  38          ---          ---           ---          ---           ---          ---           ---          ---
  39          ---          ---           ---          ---           ---          ---           ---          ---
  40          ---          ---           ---          ---           ---          ---           ---          ---
  41          ---          ---           ---          ---           ---          ---           ---          ---
  42          ---          ---           ---          ---           ---          ---           ---          ---
  43          ---          ---           ---          ---           ---          ---           ---          ---
  44          ---          ---           ---          ---           ---          ---           ---          ---
  45          ---          ---           ---          ---           ---          ---           ---          ---
  46          ---          ---           ---          ---           ---          ---           ---          ---
  47          ---          ---           ---          ---           ---          ---           ---          ---
  48          ---          ---           ---          ---           ---          ---           ---          ---
  49          ---          ---           ---          ---           ---          ---           ---          ---
  50          ---          ---           ---          ---           ---          ---           ---          ---
Average   1.85472E+00  1.70777E-02   3.09066E+00  4.89983E-03   3.66642E+00  2.60040E-03   3.45082E+00  2.25571E-03
-------------------------------------------------------------------------------------------------------------------
NOTE: Lesion density computed as the number of lesions per cluster divided by twice the cluster length.

TABLE 6. Cluster composition (% Sb per cluster)
===================================================================================================================
Number of --------- DSB ----------   --------- SSB ----------   -------- OTHER ---------   ----- ALL CLUSTERS -----
 lesions    Average        SEM         Average        SEM         Average        SEM         Average        SEM    
===================================================================================================================
   1          ---          ---       8.49333E+02  0.00000E+00   0.00000E+00  0.00000E+00   2.12456E+02  6.37101E-01
   2      8.49333E+02  0.00000E+00   4.55389E+02  6.74973E-01   0.00000E+00  0.00000E+00   2.11718E+02  9.03374E-01
   3      6.11233E+02  2.40472E+00   3.31949E+02  9.51498E-01   0.00000E+00  0.00000E+00   2.12484E+02  1.26273E+00
   4      5.00791E+02  3.86114E+00   2.75599E+02  1.54675E+00   0.00000E+00  0.00000E+00   2.12635E+02  1.78384E+00
   5      4.34202E+02  5.83660E+00   2.40582E+02  2.46546E+00   0.00000E+00  0.00000E+00   2.17111E+02  2.80490E+00
   6      3.98715E+02  8.97740E+00   2.15465E+02  4.02378E+00   0.00000E+00  0.00000E+00   2.12345E+02  5.05997E+00
   7      3.66427E+02  1.48843E+01   1.98272E+02  6.70737E+00   0.00000E+00  0.00000E+00   2.08455E+02  7.84245E+00
   8      3.20109E+02  1.71858E+01   2.21004E+02  1.23435E+01   0.00000E+00  0.00000E+00   2.11504E+02  1.25409E+01
   9      2.90975E+02  2.16022E+01   1.77506E+02  1.72003E+01   0.00000E+00  0.00000E+00   2.00673E+02  1.77256E+01
  10      3.39733E+02  4.90363E+01   1.55711E+02  2.61016E+01   0.00000E+00  0.00000E+00   1.95347E+02  4.01379E+01
  11      2.05899E+02  2.57374E+01   2.31636E+02  0.00000E+00       ---          ---       2.12333E+02  1.93030E+01
  12      2.83111E+02  0.00000E+00   7.07778E+01  0.00000E+00   0.00000E+00  0.00000E+00   1.17963E+02  8.50643E+01
  13          ---          ---           ---          ---           ---          ---           ---          ---
  14          ---          ---           ---          ---           ---          ---           ---          ---
  15          ---          ---           ---          ---           ---          ---           ---          ---
  16          ---          ---           ---          ---           ---          ---           ---          ---
  17          ---          ---           ---          ---           ---          ---           ---          ---
  18          ---          ---           ---          ---           ---          ---           ---          ---
  19          ---          ---           ---          ---           ---          ---           ---          ---
  20          ---          ---           ---          ---           ---          ---           ---          ---
  21          ---          ---           ---          ---           ---          ---           ---          ---
  22          ---          ---           ---          ---           ---          ---           ---          ---
  23          ---          ---           ---          ---           ---          ---           ---          ---
  24          ---          ---           ---          ---           ---          ---           ---          ---
  25          ---          ---           ---          ---           ---          ---           ---          ---
  26          ---          ---           ---          ---           ---          ---           ---          ---
  27          ---          ---           ---          ---           ---          ---           ---          ---
  28          ---          ---           ---          ---           ---          ---           ---          ---
  29          ---          ---           ---          ---           ---          ---           ---          ---
  30          ---          ---           ---          ---           ---          ---           ---          ---
  31          ---          ---           ---          ---           ---          ---           ---          ---
  32          ---          ---           ---          ---           ---          ---           ---          ---
  33          ---          ---           ---          ---           ---          ---           ---          ---
  34          ---          ---           ---          ---           ---          ---           ---          ---
  35          ---          ---           ---          ---           ---          ---           ---          ---
  36          ---          ---           ---          ---           ---          ---           ---          ---
  37          ---          ---           ---          ---           ---          ---           ---          ---
  38          ---          ---           ---          ---           ---          ---           ---          ---
  39          ---          ---           ---          ---           ---          ---           ---          ---
  40          ---          ---           ---          ---           ---          ---           ---          ---
  41          ---          ---           ---          ---           ---          ---           ---          ---
  42          ---          ---           ---          ---           ---          ---           ---          ---
  43          ---          ---           ---          ---           ---          ---           ---          ---
  44          ---          ---           ---          ---           ---          ---           ---          ---
  45          ---          ---           ---          ---           ---          ---           ---          ---
  46          ---          ---           ---          ---           ---          ---           ---          ---
  47          ---          ---           ---          ---           ---          ---           ---          ---
  48          ---          ---           ---          ---           ---          ---           ---          ---
  49          ---          ---           ---          ---           ---          ---           ---          ---
  50          ---          ---           ---          ---           ---          ---           ---          ---
Average   6.63659E+02  2.49814E+00   6.30537E+02  7.18849E-01   0.00000E+00  0.00000E+00   2.12344E+02  2.48501E-01
-------------------------------------------------------------------------------------------------------------------
NOTES: (% Sb) is the percentage of lesions that are strand breaks. The number of Sb is [(% Sb)/100]*(# lesions).
The number of Bd is (1-(% Sb)/100)*(# lesions).
