===============================
MCDS Version 3.10A  05-DEC-2011
===============================
      0.013     running time (min)
  987654321     random number seed
        100     number of cells (nocs)
 0.0000E+00     water-equivalent material (WEM) thickness (mg/cm^2)
 9.5000E+00     Desired dose to the cell nucleus (Gy)
 5.6000E+00     DNA content (Gbp)

TARGET (cell) DEFINITION (4V/S = mean chord length)
========================================================
            DIAMETER     4V/S      Volume      Mass
               (um)      (um)      (um^3)      (ng)
--------------------------------------------------------
DNA            ---        ---     5.715E+00  5.715E-03
NUCLEUS     1.000E+01  6.667E+00  5.236E+02  5.236E-01
CYTOPLASM      ---        ---     0.000E+00  0.000E+00
CELL        1.000E+01  6.667E+00  5.236E+02  5.236E-01
========================================================
NOTE: In human DNA, 1 Gbp=0.979 ng (not including bound
H2O).  DNA volume computed using a density of 1 g/cm^3.


INCIDENT PARTICLE: proton (mass = 1.00728E+00 u = 9.38272E+02 MeV/c^2)
  5.04000E+00 MeV >= 1.00000E-06 MeV
  5.04000E+00 MeV/A >= 1.00000E-06 MeV/A)
  9.73816E+01 MeV (p*c = momentum x speed of light)
  1.27334E-02 pm (de Broglie wavelength)
  1.00537E+00 = T/m0c2+1 (Lorentz factor) >= 1
  9.99998E-01 ABS(effective charge); Barkas 1963
  1.03234E-01 beta = (v/c) <= 1
  9.38327E+01 (zeff/beta)^2 <= 2.000E+05
  7.82613E+00 keV/um (total stopping power in H2O)
  7.82124E+00 keV/um ( 99.937% electronic)
  4.89160E-03 keV/um (  0.063% nuclear)
  3.64187E-02 CSDA range of particle (cm) in H2O

PARTICLE TRANSPORT - Beam of radiation incident on bottom of cell culture dish
(WEM=0.00 um, cell=10.00 um, nucleus=10.00 um; total distance traveled to
reach nucleus=0.000 um of H2O).
==============================================================================
                                  ------- Cell --------  ------- Nucleus -----
                       Incident      Entry      Exit       Entry       Exit
==============================================================================
         KE (MeV)   5.0400E+00  5.0400E+00  4.9612E+00  5.0400E+00  4.9612E+00
    (Zeff/beta)^2   9.3833E+01  9.3833E+01  9.5311E+01  9.3833E+01  9.5311E+01
     LET (keV/um)   7.8261E+00  7.8261E+00  7.9256E+00  7.8261E+00  7.9256E+00
  Res. Range (um)   3.6419E+02  3.6419E+02  3.5419E+02  3.6419E+02  3.5419E+02
 DPUF1 (nGy-cm^2)   1.2537E+01  1.2537E+01  1.2697E+01  1.2537E+01  1.2697E+01
 DPUF2 (nGy-cm^2)      ---      1.2597E+01     ---      1.2597E+01     ---
       Edep (keV)      ---      5.2421E+01     ---      5.2421E+01     ---
      YF (keV/um)      ---      7.8631E+00     ---      7.8631E+00     ---
          ZF (Gy)      ---      1.6039E-02     ---      1.6039E-02     ---
==============================================================================
LET=(Stot-Srad); absorbed dose per unit fluence (DPUF1) = 1.602*LET/rho
Avg. absorbed dose within target (i.e., DPUF2) = 2.5*pi*d*d*zf
Edep = 0.1602*ZF*PI*d*d*d/6; yf = edep/lbar = 0.25*edep*{area}/{volume}

DAMAGE FORMATION AND CLUSTERING (normoxic conditions)
     116685     segment length, nseg (bp per cell per Gy)
       1300     number of strand breaks, sigSb (per cell per Gy)
       3900     number of base damages,  sigBd (per cell per Gy)
        3.0     base damage to strand break ratio, f
          9     minimum distance between clusters, Nmin (bp)
         10     maximum distance between two Sb to compose a DSB, Ndsb (bp)
        0.0     fraction Bl/Bd

OXYGEN SIMULATION (M0=1.740, K=0.3372, q=946.10, r=2.15)
  1.0000E+02 % O2 concentration (=760.00 mmHg)
  2.4631E-03 chemical repair probability (pcr)
  9.9754E-01 O2 fixation probability (1-pcr)
  1.0025E+00 Approx. HRF for SSB induction [=1/(1-pcr)]
  1.0049E+00 Approx. HRF for DSB induction [1/(1-pcr)]^2

DMSO SIMULATION
  5.0000E-01 fraction of non-scavengeable DNA damage (fnsd)
  5.0000E-01 concentration (mol dm^-3) at half-level (chmx)
  0.0000E+00 DMSO concentration (mol dm^-3)

TABLE 1. Percent (%) cluster yields by complexity, as classified using the scheme of Nikjoo et al. (IJRB 71, 
467-483 1997 and and Radiat. Res. 156, 577-583 2001).
===================================================================================================================
    66.451     BD    - one or more Bd (no Sb)
    29.698     SSB   - Sb (no auxilary damage)
     1.780     SSB+  - two Sb on the same strand
     0.269     2SSB  - two or more Sb on opposite strands separated by at least 10 bp
     1.487     DSB   - two Sb on opposite strands with a separation <= 10 bp
     0.274     DSB+  - DSB accompanied by one (or more) additional Sb within 10 bp separation
     0.042     DSB++ - more than one DSB whether within the 10 bp separation or further apart
     6.452     SSBc  - fraction of complex damage (SSB+ and 2SSB) among SSBs
    48.157     SSBcb - fraction of complex damage (SSB+ and 2SSB) among SSBs; base damage included
    17.516     DSBc  - fraction of complex damage (DSB+ and DSB++) among DSBs
    59.816     DSBcb - fraction of complex damage (DSB+ and DSB++) among DSBs; base damage included
===================================================================================================================

TABLE 2. Number of clusters per cell (DNA=5.600 Gbp, AD=9.500 Gy).
===================================================================================================================
Number of --------- DSB ----------   --------- SSB ----------   -------- OTHER ---------   ----- ALL CLUSTERS -----
 lesions    Average        SEM         Average        SEM         Average        SEM         Average        SEM    
===================================================================================================================
   1          ---          ---       5.00683E+03  1.73969E+01   1.50087E+04  2.96795E+01   2.00155E+04  3.45371E+01
   2      2.19893E+02  4.07395E+00   2.75319E+03  1.46371E+01   3.82925E+03  1.40492E+01   6.80233E+03  2.03332E+01
   3      1.69442E+02  3.43727E+00   1.17953E+03  8.83388E+00   9.81363E+02  8.65169E+00   2.33034E+03  1.20381E+01
   4      8.67160E+01  2.50337E+00   4.52111E+02  6.54057E+00   2.50661E+02  4.82671E+00   7.89488E+02  7.77681E+00
   5      4.21167E+01  1.60094E+00   1.57915E+02  3.30728E+00   5.97613E+01  2.24601E+00   2.59793E+02  4.29319E+00
   6      1.70240E+01  1.24555E+00   6.02933E+01  2.50153E+00   1.56053E+01  1.07765E+00   9.29227E+01  2.74515E+00
   7      6.82733E+00  7.95608E-01   2.27873E+01  1.32330E+00   3.45800E+00  5.47812E-01   3.30727E+01  1.44163E+00
   8      2.66000E+00  5.56513E-01   6.82733E+00  8.44040E-01   1.50733E+00  3.57677E-01   1.09947E+01  1.07765E+00
   9      1.06400E+00  2.89584E-01   1.95067E+00  3.90068E-01   3.54667E-01  1.74626E-01   3.36933E+00  5.88148E-01
  10      2.66000E-01  1.52016E-01   5.32000E-01  2.11632E-01   8.86667E-02  8.86667E-02   8.86667E-01  2.67340E-01
  11      2.66000E-01  1.52016E-01   8.86667E-02  8.86667E-02       ---          ---       3.54667E-01  1.74626E-01
  12      8.86667E-02  8.86667E-02   8.86667E-02  8.86667E-02   8.86667E-02  8.86667E-02   2.66000E-01  1.52016E-01
  13          ---          ---           ---          ---           ---          ---           ---          ---
  14          ---          ---           ---          ---           ---          ---           ---          ---
  15          ---          ---           ---          ---           ---          ---           ---          ---
  16          ---          ---           ---          ---           ---          ---           ---          ---
  17          ---          ---           ---          ---           ---          ---           ---          ---
  18          ---          ---           ---          ---           ---          ---           ---          ---
  19          ---          ---           ---          ---           ---          ---           ---          ---
  20          ---          ---           ---          ---           ---          ---           ---          ---
  21          ---          ---           ---          ---           ---          ---           ---          ---
  22          ---          ---           ---          ---           ---          ---           ---          ---
  23          ---          ---           ---          ---           ---          ---           ---          ---
  24          ---          ---           ---          ---           ---          ---           ---          ---
  25          ---          ---           ---          ---           ---          ---           ---          ---
  26          ---          ---           ---          ---           ---          ---           ---          ---
  27          ---          ---           ---          ---           ---          ---           ---          ---
  28          ---          ---           ---          ---           ---          ---           ---          ---
  29          ---          ---           ---          ---           ---          ---           ---          ---
  30          ---          ---           ---          ---           ---          ---           ---          ---
  31          ---          ---           ---          ---           ---          ---           ---          ---
  32          ---          ---           ---          ---           ---          ---           ---          ---
  33          ---          ---           ---          ---           ---          ---           ---          ---
  34          ---          ---           ---          ---           ---          ---           ---          ---
  35          ---          ---           ---          ---           ---          ---           ---          ---
  36          ---          ---           ---          ---           ---          ---           ---          ---
  37          ---          ---           ---          ---           ---          ---           ---          ---
  38          ---          ---           ---          ---           ---          ---           ---          ---
  39          ---          ---           ---          ---           ---          ---           ---          ---
  40          ---          ---           ---          ---           ---          ---           ---          ---
  41          ---          ---           ---          ---           ---          ---           ---          ---
  42          ---          ---           ---          ---           ---          ---           ---          ---
  43          ---          ---           ---          ---           ---          ---           ---          ---
  44          ---          ---           ---          ---           ---          ---           ---          ---
  45          ---          ---           ---          ---           ---          ---           ---          ---
  46          ---          ---           ---          ---           ---          ---           ---          ---
  47          ---          ---           ---          ---           ---          ---           ---          ---
  48          ---          ---           ---          ---           ---          ---           ---          ---
  49          ---          ---           ---          ---           ---          ---           ---          ---
  50          ---          ---           ---          ---           ---          ---           ---          ---
 Total    5.46364E+02  5.43486E+00   9.64215E+03  1.28919E+01   2.01508E+04  2.37832E+01   3.03393E+04  2.33058E+01
-------------------------------------------------------------------------------------------------------------------
NOTE: The category "OTHER" includes all classes of individual and clustered DNA lesion, except for SSB and DSB.
SEM = standard error of the mean.

TABLE 3. Number of clusters per cell per track (DNA=5.600 Gbp, ZF=0.01604 Gy).
===================================================================================================================
Number of --------- DSB ----------   --------- SSB ----------   -------- OTHER ---------   ----- ALL CLUSTERS -----
 lesions    Average        SEM         Average        SEM         Average        SEM         Average        SEM    
===================================================================================================================
   1          ---          ---       8.45289E+00  2.93707E-02   2.53388E+01  5.01071E-02   3.37917E+01  5.83081E-02
   2      3.71240E-01  6.87794E-03   4.64813E+00  2.47115E-02   6.46481E+00  2.37189E-02   1.14842E+01  3.43280E-02
   3      2.86064E-01  5.80305E-03   1.99137E+00  1.49140E-02   1.65681E+00  1.46064E-02   3.93425E+00  2.03237E-02
   4      1.46400E-01  4.22637E-03   7.63287E-01  1.10423E-02   4.23184E-01  8.14881E-03   1.33287E+00  1.31294E-02
   5      7.11044E-02  2.70283E-03   2.66604E-01  5.58359E-03   1.00893E-01  3.79188E-03   4.38602E-01  7.24808E-03
   6      2.87412E-02  2.10283E-03   1.01792E-01  4.22327E-03   2.63461E-02  1.81936E-03   1.56879E-01  4.63457E-03
   7      1.15264E-02  1.34320E-03   3.84712E-02  2.23408E-03   5.83805E-03  9.24855E-04   5.58357E-02  2.43386E-03
   8      4.49081E-03  9.39545E-04   1.15264E-02  1.42497E-03   2.54479E-03  6.03856E-04   1.85620E-02  1.81936E-03
   9      1.79632E-03  4.88897E-04   3.29326E-03  6.58542E-04   5.98774E-04  2.94816E-04   5.68835E-03  9.92955E-04
  10      4.49081E-04  2.56644E-04   8.98161E-04  3.57293E-04   1.49694E-04  0.00000E+00   1.49694E-03  4.51343E-04
  11      4.49081E-04  2.56644E-04   1.49694E-04  0.00000E+00       ---          ---       5.98774E-04  2.94816E-04
  12      1.49694E-04  0.00000E+00   1.49694E-04  0.00000E+00   1.49694E-04  0.00000E+00   4.49081E-04  2.56644E-04
  13          ---          ---           ---          ---           ---          ---           ---          ---
  14          ---          ---           ---          ---           ---          ---           ---          ---
  15          ---          ---           ---          ---           ---          ---           ---          ---
  16          ---          ---           ---          ---           ---          ---           ---          ---
  17          ---          ---           ---          ---           ---          ---           ---          ---
  18          ---          ---           ---          ---           ---          ---           ---          ---
  19          ---          ---           ---          ---           ---          ---           ---          ---
  20          ---          ---           ---          ---           ---          ---           ---          ---
  21          ---          ---           ---          ---           ---          ---           ---          ---
  22          ---          ---           ---          ---           ---          ---           ---          ---
  23          ---          ---           ---          ---           ---          ---           ---          ---
  24          ---          ---           ---          ---           ---          ---           ---          ---
  25          ---          ---           ---          ---           ---          ---           ---          ---
  26          ---          ---           ---          ---           ---          ---           ---          ---
  27          ---          ---           ---          ---           ---          ---           ---          ---
  28          ---          ---           ---          ---           ---          ---           ---          ---
  29          ---          ---           ---          ---           ---          ---           ---          ---
  30          ---          ---           ---          ---           ---          ---           ---          ---
  31          ---          ---           ---          ---           ---          ---           ---          ---
  32          ---          ---           ---          ---           ---          ---           ---          ---
  33          ---          ---           ---          ---           ---          ---           ---          ---
  34          ---          ---           ---          ---           ---          ---           ---          ---
  35          ---          ---           ---          ---           ---          ---           ---          ---
  36          ---          ---           ---          ---           ---          ---           ---          ---
  37          ---          ---           ---          ---           ---          ---           ---          ---
  38          ---          ---           ---          ---           ---          ---           ---          ---
  39          ---          ---           ---          ---           ---          ---           ---          ---
  40          ---          ---           ---          ---           ---          ---           ---          ---
  41          ---          ---           ---          ---           ---          ---           ---          ---
  42          ---          ---           ---          ---           ---          ---           ---          ---
  43          ---          ---           ---          ---           ---          ---           ---          ---
  44          ---          ---           ---          ---           ---          ---           ---          ---
  45          ---          ---           ---          ---           ---          ---           ---          ---
  46          ---          ---           ---          ---           ---          ---           ---          ---
  47          ---          ---           ---          ---           ---          ---           ---          ---
  48          ---          ---           ---          ---           ---          ---           ---          ---
  49          ---          ---           ---          ---           ---          ---           ---          ---
  50          ---          ---           ---          ---           ---          ---           ---          ---
 Total    9.22412E-01  9.17553E-03   1.62786E+01  2.17650E-02   3.40201E+01  4.01525E-02   5.12211E+01  3.93465E-02
-------------------------------------------------------------------------------------------------------------------

TABLE 4. Cluster Length (in base pair)
===================================================================================================================
Number of --------- DSB ----------   --------- SSB ----------   -------- OTHER ---------   ----- ALL CLUSTERS -----
 lesions    Average        SEM         Average        SEM         Average        SEM         Average        SEM    
===================================================================================================================
   1          ---          ---       8.86667E+00  0.00000E+00   8.86667E+00  0.00000E+00   8.86667E+00  0.00000E+00
   2      4.76451E+01  4.56155E-01   4.92515E+01  1.39882E-01   4.91683E+01  1.28674E-01   4.91538E+01  7.99106E-02
   3      8.44698E+01  7.77606E-01   9.04888E+01  2.89879E-01   8.95662E+01  2.98425E-01   8.96382E+01  2.01563E-01
   4      1.22256E+02  1.29783E+00   1.32294E+02  5.01503E-01   1.30902E+02  8.23489E-01   1.30754E+02  4.17537E-01
   5      1.61927E+02  2.40004E+00   1.72438E+02  1.20336E+00   1.69572E+02  2.36721E+00   1.70568E+02  8.80009E-01
   6      2.03722E+02  4.05420E+00   2.13167E+02  2.30354E+00   2.16876E+02  4.73143E+00   2.10759E+02  1.72142E+00
   7      2.42828E+02  5.67970E+00   2.59573E+02  3.80134E+00   2.59238E+02  1.02644E+01   2.54989E+02  3.09420E+00
   8      2.73993E+02  1.26137E+01   2.90029E+02  7.09884E+00   2.94262E+02  1.63337E+01   2.90076E+02  5.77979E+00
   9      3.41367E+02  1.33447E+01   3.34400E+02  1.07056E+01   3.32500E+02  4.16670E+01   3.38411E+02  8.29141E+00
  10      3.57622E+02  2.30836E+01   3.78311E+02  1.95156E+01   2.66000E+02  0.00000E+00   3.60873E+02  1.68259E+01
  11      3.60578E+02  3.77340E+01   4.43333E+02  0.00000E+00       ---          ---       3.81267E+02  3.37633E+01
  12      4.61067E+02  0.00000E+00   3.99000E+02  0.00000E+00   3.28067E+02  0.00000E+00   3.96044E+02  3.84222E+01
  13          ---          ---           ---          ---           ---          ---           ---          ---
  14          ---          ---           ---          ---           ---          ---           ---          ---
  15          ---          ---           ---          ---           ---          ---           ---          ---
  16          ---          ---           ---          ---           ---          ---           ---          ---
  17          ---          ---           ---          ---           ---          ---           ---          ---
  18          ---          ---           ---          ---           ---          ---           ---          ---
  19          ---          ---           ---          ---           ---          ---           ---          ---
  20          ---          ---           ---          ---           ---          ---           ---          ---
  21          ---          ---           ---          ---           ---          ---           ---          ---
  22          ---          ---           ---          ---           ---          ---           ---          ---
  23          ---          ---           ---          ---           ---          ---           ---          ---
  24          ---          ---           ---          ---           ---          ---           ---          ---
  25          ---          ---           ---          ---           ---          ---           ---          ---
  26          ---          ---           ---          ---           ---          ---           ---          ---
  27          ---          ---           ---          ---           ---          ---           ---          ---
  28          ---          ---           ---          ---           ---          ---           ---          ---
  29          ---          ---           ---          ---           ---          ---           ---          ---
  30          ---          ---           ---          ---           ---          ---           ---          ---
  31          ---          ---           ---          ---           ---          ---           ---          ---
  32          ---          ---           ---          ---           ---          ---           ---          ---
  33          ---          ---           ---          ---           ---          ---           ---          ---
  34          ---          ---           ---          ---           ---          ---           ---          ---
  35          ---          ---           ---          ---           ---          ---           ---          ---
  36          ---          ---           ---          ---           ---          ---           ---          ---
  37          ---          ---           ---          ---           ---          ---           ---          ---
  38          ---          ---           ---          ---           ---          ---           ---          ---
  39          ---          ---           ---          ---           ---          ---           ---          ---
  40          ---          ---           ---          ---           ---          ---           ---          ---
  41          ---          ---           ---          ---           ---          ---           ---          ---
  42          ---          ---           ---          ---           ---          ---           ---          ---
  43          ---          ---           ---          ---           ---          ---           ---          ---
  44          ---          ---           ---          ---           ---          ---           ---          ---
  45          ---          ---           ---          ---           ---          ---           ---          ---
  46          ---          ---           ---          ---           ---          ---           ---          ---
  47          ---          ---           ---          ---           ---          ---           ---          ---
  48          ---          ---           ---          ---           ---          ---           ---          ---
  49          ---          ---           ---          ---           ---          ---           ---          ---
  50          ---          ---           ---          ---           ---          ---           ---          ---
Average   8.91990E+01  8.83014E-01   4.09899E+01  1.35784E-01   2.26871E+01  6.31968E-02   2.97019E+01  5.64160E-02
-------------------------------------------------------------------------------------------------------------------

TABLE 5. Density of lesions forming a cluster (in units of lesions per nucleotide).
===================================================================================================================
Number of --------- DSB ----------   --------- SSB ----------   -------- OTHER ---------   ----- ALL CLUSTERS -----
 lesions    Average        SEM         Average        SEM         Average        SEM         Average        SEM    
===================================================================================================================
   1          ---          ---       4.43333E+00  0.00000E+00   4.43333E+00  0.00000E+00   4.43333E+00  0.00000E+00
   2      2.49215E+00  3.44364E-02   2.23044E+00  9.45046E-03   2.24219E+00  8.80186E-03   2.24540E+00  6.25371E-03
   3      1.72062E+00  2.28893E-02   1.57457E+00  7.36071E-03   1.59314E+00  8.04078E-03   1.59376E+00  5.43516E-03
   4      1.47033E+00  2.00641E-02   1.34610E+00  7.22301E-03   1.36384E+00  1.17083E-02   1.36546E+00  6.33505E-03
   5      1.34731E+00  2.55366E-02   1.25486E+00  1.16293E-02   1.29045E+00  2.15860E-02   1.27392E+00  9.03978E-03
   6      1.23961E+00  2.73948E-02   1.19168E+00  1.44522E-02   1.16652E+00  2.75150E-02   1.20649E+00  1.13044E-02
   7      1.18761E+00  3.24137E-02   1.11580E+00  1.79238E-02   1.12908E+00  5.32889E-02   1.13917E+00  1.49874E-02
   8      1.21754E+00  6.60080E-02   1.12963E+00  3.02765E-02   1.11949E+00  5.91164E-02   1.13181E+00  2.31592E-02
   9      1.05387E+00  4.11044E-02   1.08693E+00  4.26466E-02   1.11932E+00  1.50554E-01   1.07020E+00  2.74297E-02
  10      1.10833E+00  7.10996E-02   1.05201E+00  5.04678E-02   1.47778E+00  0.00000E+00   1.11148E+00  5.39719E-02
  11      1.22397E+00  1.18692E-01   9.75333E-01  0.00000E+00       ---          ---       1.16181E+00  1.04439E-01
  12      1.02308E+00  0.00000E+00   1.18222E+00  0.00000E+00   1.43784E+00  0.00000E+00   1.21438E+00  1.20806E-01
  13          ---          ---           ---          ---           ---          ---           ---          ---
  14          ---          ---           ---          ---           ---          ---           ---          ---
  15          ---          ---           ---          ---           ---          ---           ---          ---
  16          ---          ---           ---          ---           ---          ---           ---          ---
  17          ---          ---           ---          ---           ---          ---           ---          ---
  18          ---          ---           ---          ---           ---          ---           ---          ---
  19          ---          ---           ---          ---           ---          ---           ---          ---
  20          ---          ---           ---          ---           ---          ---           ---          ---
  21          ---          ---           ---          ---           ---          ---           ---          ---
  22          ---          ---           ---          ---           ---          ---           ---          ---
  23          ---          ---           ---          ---           ---          ---           ---          ---
  24          ---          ---           ---          ---           ---          ---           ---          ---
  25          ---          ---           ---          ---           ---          ---           ---          ---
  26          ---          ---           ---          ---           ---          ---           ---          ---
  27          ---          ---           ---          ---           ---          ---           ---          ---
  28          ---          ---           ---          ---           ---          ---           ---          ---
  29          ---          ---           ---          ---           ---          ---           ---          ---
  30          ---          ---           ---          ---           ---          ---           ---          ---
  31          ---          ---           ---          ---           ---          ---           ---          ---
  32          ---          ---           ---          ---           ---          ---           ---          ---
  33          ---          ---           ---          ---           ---          ---           ---          ---
  34          ---          ---           ---          ---           ---          ---           ---          ---
  35          ---          ---           ---          ---           ---          ---           ---          ---
  36          ---          ---           ---          ---           ---          ---           ---          ---
  37          ---          ---           ---          ---           ---          ---           ---          ---
  38          ---          ---           ---          ---           ---          ---           ---          ---
  39          ---          ---           ---          ---           ---          ---           ---          ---
  40          ---          ---           ---          ---           ---          ---           ---          ---
  41          ---          ---           ---          ---           ---          ---           ---          ---
  42          ---          ---           ---          ---           ---          ---           ---          ---
  43          ---          ---           ---          ---           ---          ---           ---          ---
  44          ---          ---           ---          ---           ---          ---           ---          ---
  45          ---          ---           ---          ---           ---          ---           ---          ---
  46          ---          ---           ---          ---           ---          ---           ---          ---
  47          ---          ---           ---          ---           ---          ---           ---          ---
  48          ---          ---           ---          ---           ---          ---           ---          ---
  49          ---          ---           ---          ---           ---          ---           ---          ---
  50          ---          ---           ---          ---           ---          ---           ---          ---
Average   1.93625E+00  1.78283E-02   3.22651E+00  5.11520E-03   3.82758E+00  2.71471E-03   3.60251E+00  2.35487E-03
-------------------------------------------------------------------------------------------------------------------
NOTE: Lesion density computed as the number of lesions per cluster divided by twice the cluster length.

TABLE 6. Cluster composition (% Sb per cluster)
===================================================================================================================
Number of --------- DSB ----------   --------- SSB ----------   -------- OTHER ---------   ----- ALL CLUSTERS -----
 lesions    Average        SEM         Average        SEM         Average        SEM         Average        SEM    
===================================================================================================================
   1          ---          ---       8.86667E+02  0.00000E+00   0.00000E+00  0.00000E+00   2.21795E+02  6.65105E-01
   2      8.86667E+02  0.00000E+00   4.75407E+02  7.04642E-01   0.00000E+00  0.00000E+00   2.21024E+02  9.43083E-01
   3      6.38100E+02  2.51043E+00   3.46541E+02  9.93322E-01   0.00000E+00  0.00000E+00   2.21824E+02  1.31824E+00
   4      5.22804E+02  4.03086E+00   2.87714E+02  1.61473E+00   0.00000E+00  0.00000E+00   2.21981E+02  1.86225E+00
   5      4.53288E+02  6.09315E+00   2.51157E+02  2.57384E+00   0.00000E+00  0.00000E+00   2.26654E+02  2.92820E+00
   6      4.16241E+02  9.37201E+00   2.24936E+02  4.20065E+00   0.00000E+00  0.00000E+00   2.21679E+02  5.28239E+00
   7      3.82533E+02  1.55385E+01   2.06987E+02  7.00220E+00   0.00000E+00  0.00000E+00   2.17618E+02  8.18717E+00
   8      3.34179E+02  1.79412E+01   2.30718E+02  1.28860E+01   0.00000E+00  0.00000E+00   2.20801E+02  1.30921E+01
   9      3.03765E+02  2.25517E+01   1.85309E+02  1.79563E+01   0.00000E+00  0.00000E+00   2.09493E+02  1.85048E+01
  10      3.54667E+02  5.11917E+01   1.62556E+02  2.72489E+01   0.00000E+00  0.00000E+00   2.03933E+02  4.19022E+01
  11      2.14949E+02  2.68687E+01   2.41818E+02  0.00000E+00       ---          ---       2.21667E+02  2.01515E+01
  12      2.95556E+02  0.00000E+00   7.38889E+01  0.00000E+00   0.00000E+00  0.00000E+00   1.23148E+02  8.88034E+01
  13          ---          ---           ---          ---           ---          ---           ---          ---
  14          ---          ---           ---          ---           ---          ---           ---          ---
  15          ---          ---           ---          ---           ---          ---           ---          ---
  16          ---          ---           ---          ---           ---          ---           ---          ---
  17          ---          ---           ---          ---           ---          ---           ---          ---
  18          ---          ---           ---          ---           ---          ---           ---          ---
  19          ---          ---           ---          ---           ---          ---           ---          ---
  20          ---          ---           ---          ---           ---          ---           ---          ---
  21          ---          ---           ---          ---           ---          ---           ---          ---
  22          ---          ---           ---          ---           ---          ---           ---          ---
  23          ---          ---           ---          ---           ---          ---           ---          ---
  24          ---          ---           ---          ---           ---          ---           ---          ---
  25          ---          ---           ---          ---           ---          ---           ---          ---
  26          ---          ---           ---          ---           ---          ---           ---          ---
  27          ---          ---           ---          ---           ---          ---           ---          ---
  28          ---          ---           ---          ---           ---          ---           ---          ---
  29          ---          ---           ---          ---           ---          ---           ---          ---
  30          ---          ---           ---          ---           ---          ---           ---          ---
  31          ---          ---           ---          ---           ---          ---           ---          ---
  32          ---          ---           ---          ---           ---          ---           ---          ---
  33          ---          ---           ---          ---           ---          ---           ---          ---
  34          ---          ---           ---          ---           ---          ---           ---          ---
  35          ---          ---           ---          ---           ---          ---           ---          ---
  36          ---          ---           ---          ---           ---          ---           ---          ---
  37          ---          ---           ---          ---           ---          ---           ---          ---
  38          ---          ---           ---          ---           ---          ---           ---          ---
  39          ---          ---           ---          ---           ---          ---           ---          ---
  40          ---          ---           ---          ---           ---          ---           ---          ---
  41          ---          ---           ---          ---           ---          ---           ---          ---
  42          ---          ---           ---          ---           ---          ---           ---          ---
  43          ---          ---           ---          ---           ---          ---           ---          ---
  44          ---          ---           ---          ---           ---          ---           ---          ---
  45          ---          ---           ---          ---           ---          ---           ---          ---
  46          ---          ---           ---          ---           ---          ---           ---          ---
  47          ---          ---           ---          ---           ---          ---           ---          ---
  48          ---          ---           ---          ---           ---          ---           ---          ---
  49          ---          ---           ---          ---           ---          ---           ---          ---
  50          ---          ---           ---          ---           ---          ---           ---          ---
Average   6.92831E+02  2.60795E+00   6.58253E+02  7.50446E-01   0.00000E+00  0.00000E+00   2.21678E+02  2.59424E-01
-------------------------------------------------------------------------------------------------------------------
NOTES: (% Sb) is the percentage of lesions that are strand breaks. The number of Sb is [(% Sb)/100]*(# lesions).
The number of Bd is (1-(% Sb)/100)*(# lesions).
