1NUMBER OF BEAM       NUMBER OF BEAM        APPROXIMATE NUMBER    AVERAGE TIME USED     TIME LEFT (RESERVED   NUMBER OF STARS
 PARTICLES HANDLED    PARTICLES LEFT        OF BEAM PARTICLES     BY A BEAM PARTICLE     10000.0 SECONDS      CREATED
                                            THAT CAN STILL BE                           FOR PRINTOUT)
                                            HANDLED

 NEXT SEEDS: BFFAF34       2       0       0       0       0    10E1    3039       0       0
          1                 49999                 49999             7.8859329E-03         1.0000000E+30                 0       
 NEXT SEEDS: C009704       2       0       0       0       0    10E1    3039       0       0
       1000                 49000                 49000             5.1664511E-03         1.0000000E+30               541       
 NEXT SEEDS: EA0BF8A       2       0       0       0       0    10E1    3039       0       0
       2000                 48000                 48000             5.1768714E-03         1.0000000E+30              1067       
 NEXT SEEDS:11477C89       2       0       0       0       0    10E1    3039       0       0
       3000                 47000                 47000             5.1908678E-03         1.0000000E+30              1617       
 NEXT SEEDS:13ECCB9A       2       0       0       0       0    10E1    3039       0       0
       4000                 46000                 46000             5.1811977E-03         1.0000000E+30              2136       
 NEXT SEEDS:168DA88B       2       0       0       0       0    10E1    3039       0       0
       5000                 45000                 45000             5.1679928E-03         1.0000000E+30              2667       
 NEXT SEEDS:19282181       2       0       0       0       0    10E1    3039       0       0
       6000                 44000                 44000             5.1574278E-03         1.0000000E+30              3193       
 NEXT SEEDS:1BBEDB34       2       0       0       0       0    10E1    3039       0       0
       7000                 43000                 43000             5.1803325E-03         1.0000000E+30              3765       
 NEXT SEEDS:1E678533       2       0       0       0       0    10E1    3039       0       0
       8000                 42000                 42000             5.1831305E-03         1.0000000E+30              4324       
 NEXT SEEDS:20FF5F94       2       0       0       0       0    10E1    3039       0       0
       9000                 41000                 41000             5.1880389E-03         1.0000000E+30              4876       
 NEXT SEEDS:23A81EB0       2       0       0       0       0    10E1    3039       0       0
      10000                 40000                 40000             5.1972437E-03         1.0000000E+30              5436       
 NEXT SEEDS:2652C081       2       0       0       0       0    10E1    3039       0       0
      11000                 39000                 39000             5.1932864E-03         1.0000000E+30              5995       
 NEXT SEEDS:28ED290F       2       0       0       0       0    10E1    3039       0       0
      12000                 38000                 38000             5.1855604E-03         1.0000000E+30              6583       
 NEXT SEEDS:2B850111       2       0       0       0       0    10E1    3039       0       0
      13000                 37000                 37000             5.1885923E-03         1.0000000E+30              7113       
 NEXT SEEDS:2E2D8861       2       0       0       0       0    10E1    3039       0       0
      14000                 36000                 36000             5.1833258E-03         1.0000000E+30              7657       
 NEXT SEEDS:30C4F839       2       0       0       0       0    10E1    3039       0       0
      15000                 35000                 35000             5.1790803E-03         1.0000000E+30              8227       
 NEXT SEEDS:335D557D       2       0       0       0       0    10E1    3039       0       0
      16000                 34000                 34000             5.1788331E-03         1.0000000E+30              8748       
 NEXT SEEDS:3600E5E6       2       0       0       0       0    10E1    3039       0       0
      17000                 33000                 33000             5.1807239E-03         1.0000000E+30              9344       
 NEXT SEEDS:38A19254       2       0       0       0       0    10E1    3039       0       0
      18000                 32000                 32000             5.1823414E-03         1.0000000E+30              9884       
 NEXT SEEDS:3B48EB5D       2       0       0       0       0    10E1    3039       0       0
      19000                 31000                 31000             5.1880382E-03         1.0000000E+30             10427       
 NEXT SEEDS: 25E420D       3       0       0       0       0    10E1    3039       0       0
      20000                 30000                 30000             5.1879674E-03         1.0000000E+30             10972       
 NEXT SEEDS: 5035229       3       0       0       0       0    10E1    3039       0       0
      21000                 29000                 29000             5.1889130E-03         1.0000000E+30             11515       
 NEXT SEEDS: 7AA8F27       3       0       0       0       0    10E1    3039       0       0
      22000                 28000                 28000             5.1927533E-03         1.0000000E+30             12025       
 NEXT SEEDS: A56FBEC       3       0       0       0       0    10E1    3039       0       0
      23000                 27000                 27000             5.1889991E-03         1.0000000E+30             12554       
 NEXT SEEDS: CEDBC8E       3       0       0       0       0    10E1    3039       0       0
      24000                 26000                 26000             5.1874193E-03         1.0000000E+30             13130       
 NEXT SEEDS: F8B1F10       3       0       0       0       0    10E1    3039       0       0
      25000                 25000                 25000             5.1900736E-03         1.0000000E+30             13697       
 NEXT SEEDS:1236D370       3       0       0       0       0    10E1    3039       0       0
      26000                 24000                 24000             5.1903567E-03         1.0000000E+30             14248       
 NEXT SEEDS:14DE0CEF       3       0       0       0       0    10E1    3039       0       0
      27000                 23000                 23000             5.1896535E-03         1.0000000E+30             14767       
 NEXT SEEDS:17820F8F       3       0       0       0       0    10E1    3039       0       0
      28000                 22000                 22000             5.1863870E-03         1.0000000E+30             15318       
 NEXT SEEDS:1A1D6C61       3       0       0       0       0    10E1    3039       0       0
      29000                 21000                 21000             5.1884085E-03         1.0000000E+30             15842       
 NEXT SEEDS:1CC8C2FA       3       0       0       0       0    10E1    3039       0       0
      30000                 20000                 20000             5.1891305E-03         1.0000000E+30             16380       
 NEXT SEEDS:1F7138C2       3       0       0       0       0    10E1    3039       0       0
      31000                 19000                 19000             5.1894155E-03         1.0000000E+30             16905       
 NEXT SEEDS:221643A6       3       0       0       0       0    10E1    3039       0       0
      32000                 18000                 18000             5.1886867E-03         1.0000000E+30             17473       
 NEXT SEEDS:24BA7DFC       3       0       0       0       0    10E1    3039       0       0
      33000                 17000                 17000             5.1854006E-03         1.0000000E+30             18061       
 NEXT SEEDS:274F6D74       3       0       0       0       0    10E1    3039       0       0
      34000                 16000                 16000             5.1859506E-03         1.0000000E+30             18636       
 NEXT SEEDS:29EFBE38       3       0       0       0       0    10E1    3039       0       0
      35000                 15000                 15000             5.1913464E-03         1.0000000E+30             19197       
 NEXT SEEDS:2C947B2C       3       0       0       0       0    10E1    3039       0       0
      36000                 14000                 14000             5.2002350E-03         1.0000000E+30             19773       
 NEXT SEEDS:2F33CF59       3       0       0       0       0    10E1    3039       0       0
      37000                 13000                 13000             5.2102990E-03         1.0000000E+30             20313       
 NEXT SEEDS:31CE48CF       3       0       0       0       0    10E1    3039       0       0
      38000                 12000                 12000             5.2177877E-03         1.0000000E+30             20875       
 NEXT SEEDS:3471EAA9       3       0       0       0       0    10E1    3039       0       0
      39000                 11000                 11000             5.2207906E-03         1.0000000E+30             21412       
 NEXT SEEDS:3710B62F       3       0       0       0       0    10E1    3039       0       0
      40000                 10000                 10000             5.2270400E-03         1.0000000E+30             21951       
 NEXT SEEDS:39A75110       3       0       0       0       0    10E1    3039       0       0
      41000                  9000                  9000             5.2398729E-03         1.0000000E+30             22536       
 NEXT SEEDS:  C4C5FE       4       0       0       0       0    10E1    3039       0       0
      42000                  8000                  8000             5.2392228E-03         1.0000000E+30             23100       
 NEXT SEEDS: 35D4FE8       4       0       0       0       0    10E1    3039       0       0
      43000                  7000                  7000             5.2388925E-03         1.0000000E+30             23648       
 NEXT SEEDS: 5F7BE80       4       0       0       0       0    10E1    3039       0       0
      44000                  6000                  6000             5.2422172E-03         1.0000000E+30             24169       
 NEXT SEEDS: 88DAFE6       4       0       0       0       0    10E1    3039       0       0
      45000                  5000                  5000             5.2486212E-03         1.0000000E+30             24751       
 NEXT SEEDS: B2EC7C3       4       0       0       0       0    10E1    3039       0       0
      46000                  4000                  4000             5.2541828E-03         1.0000000E+30             25287       
 NEXT SEEDS: DCC1C9F       4       0       0       0       0    10E1    3039       0       0
      47000                  3000                  3000             5.2608865E-03         1.0000000E+30             25868       
 NEXT SEEDS:1069AACF       4       0       0       0       0    10E1    3039       0       0
      48000                  2000                  2000             5.2638126E-03         1.0000000E+30             26398       
 NEXT SEEDS:13094D48       4       0       0       0       0    10E1    3039       0       0
      49000                  1000                  1000             5.2678237E-03         1.0000000E+30             26984       
 NEXT SEEDS:15AD9F1C       4       0       0       0       0    10E1    3039       0       0
      49950                    50                    50             5.2715517E-03         1.0000000E+30             27466       
 NEXT SEEDS:1833501B       4       0       0       0       0    10E1    3039       0       0
      49951                    49                    49             5.2716025E-03         1.0000000E+30             27466       
 NEXT SEEDS:18343805       4       0       0       0       0    10E1    3039       0       0
      49952                    48                    48             5.2716485E-03         1.0000000E+30             27466       
 NEXT SEEDS:18352745       4       0       0       0       0    10E1    3039       0       0
      49953                    47                    47             5.2716603E-03         1.0000000E+30             27467       
 NEXT SEEDS:1835EA16       4       0       0       0       0    10E1    3039       0       0
      49954                    46                    46             5.2716861E-03         1.0000000E+30             27467       
 NEXT SEEDS:1836BC70       4       0       0       0       0    10E1    3039       0       0
      49955                    45                    45             5.2717107E-03         1.0000000E+30             27467       
 NEXT SEEDS:18378BA3       4       0       0       0       0    10E1    3039       0       0
      49956                    44                    44             5.2716546E-03         1.0000000E+30             27468       
 NEXT SEEDS:1837D670       4       0       0       0       0    10E1    3039       0       0
      49957                    43                    43             5.2717073E-03         1.0000000E+30             27469       
 NEXT SEEDS:1838CEE8       4       0       0       0       0    10E1    3039       0       0
      49958                    42                    42             5.2716666E-03         1.0000000E+30             27470       
 NEXT SEEDS:183933DD       4       0       0       0       0    10E1    3039       0       0
      49959                    41                    41             5.2716624E-03         1.0000000E+30             27470       
 NEXT SEEDS:1839D89B       4       0       0       0       0    10E1    3039       0       0
      49960                    40                    40             5.2716266E-03         1.0000000E+30             27472       
 NEXT SEEDS:183A2E96       4       0       0       0       0    10E1    3039       0       0
      49961                    39                    39             5.2715797E-03         1.0000000E+30             27472       
 NEXT SEEDS:183A91AF       4       0       0       0       0    10E1    3039       0       0
      49962                    38                    38             5.2715340E-03         1.0000000E+30             27474       
 NEXT SEEDS:183AE82A       4       0       0       0       0    10E1    3039       0       0
      49963                    37                    37             5.2715763E-03         1.0000000E+30             27474       
 NEXT SEEDS:183BD389       4       0       0       0       0    10E1    3039       0       0
      49964                    36                    36             5.2716351E-03         1.0000000E+30             27474       
 NEXT SEEDS:183CBF70       4       0       0       0       0    10E1    3039       0       0
      49965                    35                    35             5.2716090E-03         1.0000000E+30             27474       
 NEXT SEEDS:183D3A4A       4       0       0       0       0    10E1    3039       0       0
      49966                    34                    34             5.2716501E-03         1.0000000E+30             27476       
 NEXT SEEDS:183E2A12       4       0       0       0       0    10E1    3039       0       0
      49967                    33                    33             5.2715861E-03         1.0000000E+30             27477       
 NEXT SEEDS:183E6AFB       4       0       0       0       0    10E1    3039       0       0
      49968                    32                    32             5.2716003E-03         1.0000000E+30             27477       
 NEXT SEEDS:183F2AF0       4       0       0       0       0    10E1    3039       0       0
      49969                    31                    31             5.2715132E-03         1.0000000E+30             27478       
 NEXT SEEDS:183F3BCE       4       0       0       0       0    10E1    3039       0       0
      49970                    30                    30             5.2715536E-03         1.0000000E+30             27478       
 NEXT SEEDS:18401384       4       0       0       0       0    10E1    3039       0       0
      49971                    29                    29             5.2715275E-03         1.0000000E+30             27479       
 NEXT SEEDS:184094DF       4       0       0       0       0    10E1    3039       0       0
      49972                    28                    28             5.2715710E-03         1.0000000E+30             27479       
 NEXT SEEDS:184181DF       4       0       0       0       0    10E1    3039       0       0
      49973                    27                    27             5.2716146E-03         1.0000000E+30             27479       
 NEXT SEEDS:18426DC8       4       0       0       0       0    10E1    3039       0       0
      49974                    26                    26             5.2716575E-03         1.0000000E+30             27479       
 NEXT SEEDS:1843569C       4       0       0       0       0    10E1    3039       0       0
      49975                    25                    25             5.2717315E-03         1.0000000E+30             27479       
 NEXT SEEDS:18443F5B       4       0       0       0       0    10E1    3039       0       0
      49976                    24                    24             5.2717353E-03         1.0000000E+30             27479       
 NEXT SEEDS:1844E949       4       0       0       0       0    10E1    3039       0       0
      49977                    23                    23             5.2717788E-03         1.0000000E+30             27479       
 NEXT SEEDS:1845D50A       4       0       0       0       0    10E1    3039       0       0
      49978                    22                    22             5.2718138E-03         1.0000000E+30             27480       
 NEXT SEEDS:1846BC47       4       0       0       0       0    10E1    3039       0       0
      49979                    21                    21             5.2717553E-03         1.0000000E+30             27481       
 NEXT SEEDS:18470493       4       0       0       0       0    10E1    3039       0       0
      49980                    20                    20             5.2718135E-03         1.0000000E+30             27482       
 NEXT SEEDS:1847FDF6       4       0       0       0       0    10E1    3039       0       0
      49981                    19                    19             5.2717691E-03         1.0000000E+30             27482       
 NEXT SEEDS:18485A62       4       0       0       0       0    10E1    3039       0       0
      49982                    18                    18             5.2717259E-03         1.0000000E+30             27483       
 NEXT SEEDS:1848C39C       4       0       0       0       0    10E1    3039       0       0
      49983                    17                    17             5.2716467E-03         1.0000000E+30             27484       
 NEXT SEEDS:1848E952       4       0       0       0       0    10E1    3039       0       0
      49984                    16                    16             5.2716010E-03         1.0000000E+30             27485       
 NEXT SEEDS:18494970       4       0       0       0       0    10E1    3039       0       0
      49985                    15                    15             5.2716128E-03         1.0000000E+30             27486       
 NEXT SEEDS:1849B241       4       0       0       0       0    10E1    3039       0       0
      49986                    14                    14             5.2715983E-03         1.0000000E+30             27486       
 NEXT SEEDS:184A4197       4       0       0       0       0    10E1    3039       0       0
      49987                    13                    13             5.2715612E-03         1.0000000E+30             27486       
 NEXT SEEDS:184AAC78       4       0       0       0       0    10E1    3039       0       0
      49988                    12                    12             5.2716023E-03         1.0000000E+30             27486       
 NEXT SEEDS:184B91B9       4       0       0       0       0    10E1    3039       0       0
      49989                    11                    11             5.2716556E-03         1.0000000E+30             27486       
 NEXT SEEDS:184C7B48       4       0       0       0       0    10E1    3039       0       0
      49990                    10                    10             5.2716014E-03         1.0000000E+30             27487       
 NEXT SEEDS:184CC9E3       4       0       0       0       0    10E1    3039       0       0
      49991                     9                     9             5.2716473E-03         1.0000000E+30             27488       
 NEXT SEEDS:184DC0D5       4       0       0       0       0    10E1    3039       0       0
      49992                     8                     8             5.2716029E-03         1.0000000E+30             27488       
 NEXT SEEDS:184E2062       4       0       0       0       0    10E1    3039       0       0
      49993                     7                     7             5.2715970E-03         1.0000000E+30             27488       
 NEXT SEEDS:184EBFF8       4       0       0       0       0    10E1    3039       0       0
      49994                     6                     6             5.2716570E-03         1.0000000E+30             27488       
 NEXT SEEDS:184FABEE       4       0       0       0       0    10E1    3039       0       0
      49995                     5                     5             5.2716748E-03         1.0000000E+30             27489       
 NEXT SEEDS:185076E5       4       0       0       0       0    10E1    3039       0       0
      49996                     4                     4             5.2717098E-03         1.0000000E+30             27491       
 NEXT SEEDS:1851576F       4       0       0       0       0    10E1    3039       0       0
      49997                     3                     3             5.2717105E-03         1.0000000E+30             27492       
 NEXT SEEDS:18520208       4       0       0       0       0    10E1    3039       0       0
      49998                     2                     2             5.2717571E-03         1.0000000E+30             27492       
 NEXT SEEDS:1852F942       4       0       0       0       0    10E1    3039       0       0
      49999                     1                     1             5.2716974E-03         1.0000000E+30             27492       
 NEXT SEEDS:18533DFD       4       0       0       0       0    10E1    3039       0       0
      50000                     0                     1             5.2717244E-03         1.0000000E+30             27492       
 NEXT SEEDS:1854027D       4       0       0       0       0    10E1    3039       0       0
