1NUMBER OF BEAM       NUMBER OF BEAM        APPROXIMATE NUMBER    AVERAGE TIME USED     TIME LEFT (RESERVED   NUMBER OF STARS
 PARTICLES HANDLED    PARTICLES LEFT        OF BEAM PARTICLES     BY A BEAM PARTICLE     10000.0 SECONDS      CREATED
                                            THAT CAN STILL BE                           FOR PRINTOUT)
                                            HANDLED

 NEXT SEEDS:24B0CF82       6       0       0       0       0    10E1    3039       0       0
          1                 49999                 49999             6.9270134E-03         1.0000000E+30                 2       
 NEXT SEEDS:24B1B2CA       6       0       0       0       0    10E1    3039       0       0
       1000                 49000                 49000             5.4815049E-03         1.0000000E+30               539       
 NEXT SEEDS:2759D2FF       6       0       0       0       0    10E1    3039       0       0
       2000                 48000                 48000             5.5213456E-03         1.0000000E+30              1086       
 NEXT SEEDS:29FFF084       6       0       0       0       0    10E1    3039       0       0
       3000                 47000                 47000             5.4901168E-03         1.0000000E+30              1646       
 NEXT SEEDS:2CA88792       6       0       0       0       0    10E1    3039       0       0
       4000                 46000                 46000             5.4607024E-03         1.0000000E+30              2163       
 NEXT SEEDS:2F50D8C0       6       0       0       0       0    10E1    3039       0       0
       5000                 45000                 45000             5.4383636E-03         1.0000000E+30              2699       
 NEXT SEEDS:31F4529A       6       0       0       0       0    10E1    3039       0       0
       6000                 44000                 44000             5.4223255E-03         1.0000000E+30              3248       
 NEXT SEEDS:34950ACD       6       0       0       0       0    10E1    3039       0       0
       7000                 43000                 43000             5.4150470E-03         1.0000000E+30              3813       
 NEXT SEEDS:372CBBA1       6       0       0       0       0    10E1    3039       0       0
       8000                 42000                 42000             5.4178755E-03         1.0000000E+30              4345       
 NEXT SEEDS:39D3502E       6       0       0       0       0    10E1    3039       0       0
       9000                 41000                 41000             5.4096898E-03         1.0000000E+30              4903       
 NEXT SEEDS:  E284F9       7       0       0       0       0    10E1    3039       0       0
      10000                 40000                 40000             5.3903650E-03         1.0000000E+30              5462       
 NEXT SEEDS: 37826D2       7       0       0       0       0    10E1    3039       0       0
      11000                 39000                 39000             5.3899448E-03         1.0000000E+30              5991       
 NEXT SEEDS: 62448DC       7       0       0       0       0    10E1    3039       0       0
      12000                 38000                 38000             5.3914447E-03         1.0000000E+30              6532       
 NEXT SEEDS: 8D049F0       7       0       0       0       0    10E1    3039       0       0
      13000                 37000                 37000             5.3830767E-03         1.0000000E+30              7048       
 NEXT SEEDS: B663863       7       0       0       0       0    10E1    3039       0       0
      14000                 36000                 36000             5.3840257E-03         1.0000000E+30              7627       
 NEXT SEEDS: E0C46A6       7       0       0       0       0    10E1    3039       0       0
      15000                 35000                 35000             5.3881176E-03         1.0000000E+30              8171       
 NEXT SEEDS:10B53F61       7       0       0       0       0    10E1    3039       0       0
      16000                 34000                 34000             5.3842288E-03         1.0000000E+30              8707       
 NEXT SEEDS:13588D4D       7       0       0       0       0    10E1    3039       0       0
      17000                 33000                 33000             5.3849403E-03         1.0000000E+30              9302       
 NEXT SEEDS:15FF36D0       7       0       0       0       0    10E1    3039       0       0
      18000                 32000                 32000             5.3802737E-03         1.0000000E+30              9854       
 NEXT SEEDS:189C7E75       7       0       0       0       0    10E1    3039       0       0
      19000                 31000                 31000             5.3734541E-03         1.0000000E+30             10412       
 NEXT SEEDS:1B3BBB90       7       0       0       0       0    10E1    3039       0       0
      20000                 30000                 30000             5.3699033E-03         1.0000000E+30             10920       
 NEXT SEEDS:1DE1413B       7       0       0       0       0    10E1    3039       0       0
      21000                 29000                 29000             5.3643128E-03         1.0000000E+30             11476       
 NEXT SEEDS:20841030       7       0       0       0       0    10E1    3039       0       0
      22000                 28000                 28000             5.3592998E-03         1.0000000E+30             12041       
 NEXT SEEDS:231B91F1       7       0       0       0       0    10E1    3039       0       0
      23000                 27000                 27000             5.3603924E-03         1.0000000E+30             12621       
 NEXT SEEDS:25C43FC2       7       0       0       0       0    10E1    3039       0       0
      24000                 26000                 26000             5.3560073E-03         1.0000000E+30             13198       
 NEXT SEEDS:285C2A7A       7       0       0       0       0    10E1    3039       0       0
      25000                 25000                 25000             5.3570252E-03         1.0000000E+30             13698       
 NEXT SEEDS:2B0359CB       7       0       0       0       0    10E1    3039       0       0
      26000                 24000                 24000             5.3595670E-03         1.0000000E+30             14243       
 NEXT SEEDS:2DAD914A       7       0       0       0       0    10E1    3039       0       0
      27000                 23000                 23000             5.3604426E-03         1.0000000E+30             14764       
 NEXT SEEDS:3055E0EF       7       0       0       0       0    10E1    3039       0       0
      28000                 22000                 22000             5.3571293E-03         1.0000000E+30             15299       
 NEXT SEEDS:32F92F99       7       0       0       0       0    10E1    3039       0       0
      29000                 21000                 21000             5.3541923E-03         1.0000000E+30             15854       
 NEXT SEEDS:359EF228       7       0       0       0       0    10E1    3039       0       0
      30000                 20000                 20000             5.3516994E-03         1.0000000E+30             16464       
 NEXT SEEDS:383A0CBC       7       0       0       0       0    10E1    3039       0       0
      31000                 19000                 19000             5.3525755E-03         1.0000000E+30             16973       
 NEXT SEEDS:3ADECE1A       7       0       0       0       0    10E1    3039       0       0
      32000                 18000                 18000             5.3496004E-03         1.0000000E+30             17536       
 NEXT SEEDS: 1E02074       8       0       0       0       0    10E1    3039       0       0
      33000                 17000                 17000             5.3441052E-03         1.0000000E+30             18129       
 NEXT SEEDS: 478123B       8       0       0       0       0    10E1    3039       0       0
      34000                 16000                 16000             5.3415968E-03         1.0000000E+30             18628       
 NEXT SEEDS: 71E77E6       8       0       0       0       0    10E1    3039       0       0
      35000                 15000                 15000             5.3396324E-03         1.0000000E+30             19157       
 NEXT SEEDS: 9BC59E4       8       0       0       0       0    10E1    3039       0       0
      36000                 14000                 14000             5.3387744E-03         1.0000000E+30             19707       
 NEXT SEEDS: C567757       8       0       0       0       0    10E1    3039       0       0
      37000                 13000                 13000             5.3403692E-03         1.0000000E+30             20254       
 NEXT SEEDS: F06D398       8       0       0       0       0    10E1    3039       0       0
      38000                 12000                 12000             5.3399329E-03         1.0000000E+30             20801       
 NEXT SEEDS:11A96D12       8       0       0       0       0    10E1    3039       0       0
      39000                 11000                 11000             5.3382150E-03         1.0000000E+30             21374       
 NEXT SEEDS:1449FDFC       8       0       0       0       0    10E1    3039       0       0
      40000                 10000                 10000             5.3377102E-03         1.0000000E+30             21905       
 NEXT SEEDS:16ED6544       8       0       0       0       0    10E1    3039       0       0
      41000                  9000                  9000             5.3374310E-03         1.0000000E+30             22491       
 NEXT SEEDS:198F8029       8       0       0       0       0    10E1    3039       0       0
      42000                  8000                  8000             5.3379575E-03         1.0000000E+30             23011       
 NEXT SEEDS:1C3549FA       8       0       0       0       0    10E1    3039       0       0
      43000                  7000                  7000             5.3393126E-03         1.0000000E+30             23562       
 NEXT SEEDS:1EDEF428       8       0       0       0       0    10E1    3039       0       0
      44000                  6000                  6000             5.3377461E-03         1.0000000E+30             24078       
 NEXT SEEDS:21823BE8       8       0       0       0       0    10E1    3039       0       0
      45000                  5000                  5000             5.3375702E-03         1.0000000E+30             24576       
 NEXT SEEDS:24219E3F       8       0       0       0       0    10E1    3039       0       0
      46000                  4000                  4000             5.3376528E-03         1.0000000E+30             25134       
 NEXT SEEDS:26C2B506       8       0       0       0       0    10E1    3039       0       0
      47000                  3000                  3000             5.3384280E-03         1.0000000E+30             25706       
 NEXT SEEDS:296D4292       8       0       0       0       0    10E1    3039       0       0
      48000                  2000                  2000             5.3356200E-03         1.0000000E+30             26261       
 NEXT SEEDS:2C061F0C       8       0       0       0       0    10E1    3039       0       0
      49000                  1000                  1000             5.3358077E-03         1.0000000E+30             26777       
 NEXT SEEDS:2EAC3376       8       0       0       0       0    10E1    3039       0       0
      49950                    50                    50             5.3331533E-03         1.0000000E+30             27322       
 NEXT SEEDS:3120C1BE       8       0       0       0       0    10E1    3039       0       0
      49951                    49                    49             5.3331510E-03         1.0000000E+30             27322       
 NEXT SEEDS:3121680A       8       0       0       0       0    10E1    3039       0       0
      49952                    48                    48             5.3331744E-03         1.0000000E+30             27323       
 NEXT SEEDS:312238DF       8       0       0       0       0    10E1    3039       0       0
      49953                    47                    47             5.3332149E-03         1.0000000E+30             27324       
 NEXT SEEDS:31232D8D       8       0       0       0       0    10E1    3039       0       0
      49954                    46                    46             5.3332144E-03         1.0000000E+30             27324       
 NEXT SEEDS:3123D6D1       8       0       0       0       0    10E1    3039       0       0
      49955                    45                    45             5.3332506E-03         1.0000000E+30             27324       
 NEXT SEEDS:3124C262       8       0       0       0       0    10E1    3039       0       0
      49956                    44                    44             5.3332385E-03         1.0000000E+30             27324       
 NEXT SEEDS:312561F7       8       0       0       0       0    10E1    3039       0       0
      49957                    43                    43             5.3332234E-03         1.0000000E+30             27324       
 NEXT SEEDS:3125F406       8       0       0       0       0    10E1    3039       0       0
      49958                    42                    42             5.3332596E-03         1.0000000E+30             27325       
 NEXT SEEDS:3126D8D2       8       0       0       0       0    10E1    3039       0       0
      49959                    41                    41             5.3332304E-03         1.0000000E+30             27325       
 NEXT SEEDS:31275631       8       0       0       0       0    10E1    3039       0       0
      49960                    40                    40             5.3332703E-03         1.0000000E+30             27325       
 NEXT SEEDS:312844C1       8       0       0       0       0    10E1    3039       0       0
      49961                    39                    39             5.3332881E-03         1.0000000E+30             27325       
 NEXT SEEDS:31290ECD       8       0       0       0       0    10E1    3039       0       0
      49962                    38                    38             5.3333274E-03         1.0000000E+30             27325       
 NEXT SEEDS:3129F95C       8       0       0       0       0    10E1    3039       0       0
      49963                    37                    37             5.3333000E-03         1.0000000E+30             27325       
 NEXT SEEDS:312A7978       8       0       0       0       0    10E1    3039       0       0
      49964                    36                    36             5.3332831E-03         1.0000000E+30             27325       
 NEXT SEEDS:312B0A8F       8       0       0       0       0    10E1    3039       0       0
      49965                    35                    35             5.3332026E-03         1.0000000E+30             27326       
 NEXT SEEDS:312B345A       8       0       0       0       0    10E1    3039       0       0
      49966                    34                    34             5.3331618E-03         1.0000000E+30             27326       
 NEXT SEEDS:312B9E01       8       0       0       0       0    10E1    3039       0       0
      49967                    33                    33             5.3331675E-03         1.0000000E+30             27326       
 NEXT SEEDS:312C58BB       8       0       0       0       0    10E1    3039       0       0
      49968                    32                    32             5.3331181E-03         1.0000000E+30             27327       
 NEXT SEEDS:312CBE3B       8       0       0       0       0    10E1    3039       0       0
      49969                    31                    31             5.3330664E-03         1.0000000E+30             27327       
 NEXT SEEDS:312D17D6       8       0       0       0       0    10E1    3039       0       0
      49970                    30                    30             5.3331087E-03         1.0000000E+30             27327       
 NEXT SEEDS:312E0889       8       0       0       0       0    10E1    3039       0       0
      49971                    29                    29             5.3331357E-03         1.0000000E+30             27328       
 NEXT SEEDS:312EEA9F       8       0       0       0       0    10E1    3039       0       0
      49972                    28                    28             5.3330809E-03         1.0000000E+30             27329       
 NEXT SEEDS:312F4279       8       0       0       0       0    10E1    3039       0       0
      49973                    27                    27             5.3330028E-03         1.0000000E+30             27329       
 NEXT SEEDS:312F7407       8       0       0       0       0    10E1    3039       0       0
      49974                    26                    26             5.3330360E-03         1.0000000E+30             27330       
 NEXT SEEDS:31305576       8       0       0       0       0    10E1    3039       0       0
      49975                    25                    25             5.3330630E-03         1.0000000E+30             27332       
 NEXT SEEDS:31312EA8       8       0       0       0       0    10E1    3039       0       0
      49976                    24                    24             5.3330332E-03         1.0000000E+30             27332       
 NEXT SEEDS:3131B064       8       0       0       0       0    10E1    3039       0       0
      49977                    23                    23             5.3329973E-03         1.0000000E+30             27332       
 NEXT SEEDS:31322315       8       0       0       0       0    10E1    3039       0       0
      49978                    22                    22             5.3329273E-03         1.0000000E+30             27333       
 NEXT SEEDS:313262A4       8       0       0       0       0    10E1    3039       0       0
      49979                    21                    21             5.3329403E-03         1.0000000E+30             27334       
 NEXT SEEDS:31331FF6       8       0       0       0       0    10E1    3039       0       0
      49980                    20                    20             5.3329667E-03         1.0000000E+30             27334       
 NEXT SEEDS:3133F29F       8       0       0       0       0    10E1    3039       0       0
      49981                    19                    19             5.3329442E-03         1.0000000E+30             27334       
 NEXT SEEDS:313476D5       8       0       0       0       0    10E1    3039       0       0
      49982                    18                    18             5.3329822E-03         1.0000000E+30             27336       
 NEXT SEEDS:31356577       8       0       0       0       0    10E1    3039       0       0
      49983                    17                    17             5.3330025E-03         1.0000000E+30             27336       
 NEXT SEEDS:313636F6       8       0       0       0       0    10E1    3039       0       0
      49984                    16                    16             5.3330344E-03         1.0000000E+30             27336       
 NEXT SEEDS:31371751       8       0       0       0       0    10E1    3039       0       0
      49985                    15                    15             5.3330273E-03         1.0000000E+30             27336       
 NEXT SEEDS:3137B430       8       0       0       0       0    10E1    3039       0       0
      49986                    14                    14             5.3329694E-03         1.0000000E+30             27337       
 NEXT SEEDS:31380527       8       0       0       0       0    10E1    3039       0       0
      49987                    13                    13             5.3330092E-03         1.0000000E+30             27337       
 NEXT SEEDS:3138F145       8       0       0       0       0    10E1    3039       0       0
      49988                    12                    12             5.3329514E-03         1.0000000E+30             27337       
 NEXT SEEDS:31394048       8       0       0       0       0    10E1    3039       0       0
      49989                    11                    11             5.3329986E-03         1.0000000E+30             27339       
 NEXT SEEDS:313A416D       8       0       0       0       0    10E1    3039       0       0
      49990                    10                    10             5.3330298E-03         1.0000000E+30             27339       
 NEXT SEEDS:313B1E37       8       0       0       0       0    10E1    3039       0       0
      49991                     9                     9             5.3330318E-03         1.0000000E+30             27339       
 NEXT SEEDS:313BCC2F       8       0       0       0       0    10E1    3039       0       0
      49992                     8                     8             5.3330533E-03         1.0000000E+30             27340       
 NEXT SEEDS:313CA8F8       8       0       0       0       0    10E1    3039       0       0
      49993                     7                     7             5.3330926E-03         1.0000000E+30             27341       
 NEXT SEEDS:313D946C       8       0       0       0       0    10E1    3039       0       0
      49994                     6                     6             5.3331025E-03         1.0000000E+30             27341       
 NEXT SEEDS:313E4F19       8       0       0       0       0    10E1    3039       0       0
      49995                     5                     5             5.3331423E-03         1.0000000E+30             27341       
 NEXT SEEDS:313F3810       8       0       0       0       0    10E1    3039       0       0
      49996                     4                     4             5.3330942E-03         1.0000000E+30             27341       
 NEXT SEEDS:313F94C1       8       0       0       0       0    10E1    3039       0       0
      49997                     3                     3             5.3330321E-03         1.0000000E+30             27341       
 NEXT SEEDS:313FDB82       8       0       0       0       0    10E1    3039       0       0
      49998                     2                     2             5.3330585E-03         1.0000000E+30             27342       
 NEXT SEEDS:3140CAAC       8       0       0       0       0    10E1    3039       0       0
      49999                     1                     1             5.3330574E-03         1.0000000E+30             27342       
 NEXT SEEDS:3141726B       8       0       0       0       0    10E1    3039       0       0
      50000                     0                     1             5.3330228E-03         1.0000000E+30             27342       
 NEXT SEEDS:3141E5DE       8       0       0       0       0    10E1    3039       0       0
