1NUMBER OF BEAM       NUMBER OF BEAM        APPROXIMATE NUMBER    AVERAGE TIME USED     TIME LEFT (RESERVED   NUMBER OF STARS
 PARTICLES HANDLED    PARTICLES LEFT        OF BEAM PARTICLES     BY A BEAM PARTICLE     10000.0 SECONDS      CREATED
                                            THAT CAN STILL BE                           FOR PRINTOUT)
                                            HANDLED

 NEXT SEEDS:       0       0       0       0       0       0    10E1    3039       0       0
          1                 49999                 49999             1.0378957E-02         1.0000000E+30                 1       
 NEXT SEEDS:    FF50       0       0       0       0       0    10E1    3039       0       0
       1000                 49000                 49000             5.3176329E-03         1.0000000E+30               594       
 NEXT SEEDS: 2AFA61D       0       0       0       0       0    10E1    3039       0       0
       2000                 48000                 48000             5.2255110E-03         1.0000000E+30              1105       
 NEXT SEEDS: 54B5283       0       0       0       0       0    10E1    3039       0       0
       3000                 47000                 47000             5.2082868E-03         1.0000000E+30              1604       
 NEXT SEEDS: 7EDF69A       0       0       0       0       0    10E1    3039       0       0
       4000                 46000                 46000             5.1889080E-03         1.0000000E+30              2129       
 NEXT SEEDS: A8727C6       0       0       0       0       0    10E1    3039       0       0
       5000                 45000                 45000             5.1893028E-03         1.0000000E+30              2673       
 NEXT SEEDS: D22714C       0       0       0       0       0    10E1    3039       0       0
       6000                 44000                 44000             5.2044890E-03         1.0000000E+30              3223       
 NEXT SEEDS: FC7780C       0       0       0       0       0    10E1    3039       0       0
       7000                 43000                 43000             5.2089198E-03         1.0000000E+30              3773       
 NEXT SEEDS:126ECFDA       0       0       0       0       0    10E1    3039       0       0
 COUSET, TXYZ:   1.00000000010689     -0.331806904567114      0.943347326436750    
       8000                 42000                 42000             5.2112028E-03         1.0000000E+30              4348       
 NEXT SEEDS:1511A0E6       0       0       0       0       0    10E1    3039       0       0
       9000                 41000                 41000             5.2089880E-03         1.0000000E+30              4906       
 NEXT SEEDS:17AF3519       0       0       0       0       0    10E1    3039       0       0
      10000                 40000                 40000             5.2081018E-03         1.0000000E+30              5449       
 NEXT SEEDS:1A4EAE19       0       0       0       0       0    10E1    3039       0       0
      11000                 39000                 39000             5.2143150E-03         1.0000000E+30              5972       
 NEXT SEEDS:1CF6E2DB       0       0       0       0       0    10E1    3039       0       0
      12000                 38000                 38000             5.2230391E-03         1.0000000E+30              6507       
 NEXT SEEDS:1FA7457B       0       0       0       0       0    10E1    3039       0       0
      13000                 37000                 37000             5.2235860E-03         1.0000000E+30              7066       
 NEXT SEEDS:2250FE00       0       0       0       0       0    10E1    3039       0       0
      14000                 36000                 36000             5.2307697E-03         1.0000000E+30              7613       
 NEXT SEEDS:24FC348F       0       0       0       0       0    10E1    3039       0       0
      15000                 35000                 35000             5.2465226E-03         1.0000000E+30              8150       
 NEXT SEEDS:279BECD4       0       0       0       0       0    10E1    3039       0       0
      16000                 34000                 34000             5.2568565E-03         1.0000000E+30              8698       
 NEXT SEEDS:2A3D66B9       0       0       0       0       0    10E1    3039       0       0
      17000                 33000                 33000             5.2690399E-03         1.0000000E+30              9279       
 NEXT SEEDS:2CD33A14       0       0       0       0       0    10E1    3039       0       0
      18000                 32000                 32000             5.2776804E-03         1.0000000E+30              9844       
 NEXT SEEDS:2F69B227       0       0       0       0       0    10E1    3039       0       0
      19000                 31000                 31000             5.2814517E-03         1.0000000E+30             10379       
 NEXT SEEDS:320F6275       0       0       0       0       0    10E1    3039       0       0
      20000                 30000                 30000             5.2770059E-03         1.0000000E+30             10945       
 NEXT SEEDS:34AA1E18       0       0       0       0       0    10E1    3039       0       0
      21000                 29000                 29000             5.2879661E-03         1.0000000E+30             11535       
 NEXT SEEDS:374C8F8E       0       0       0       0       0    10E1    3039       0       0
      22000                 28000                 28000             5.2954862E-03         1.0000000E+30             12075       
 NEXT SEEDS:39ED25B6       0       0       0       0       0    10E1    3039       0       0
      23000                 27000                 27000             5.2982825E-03         1.0000000E+30             12607       
 NEXT SEEDS:  E9C29C       1       0       0       0       0    10E1    3039       0       0
      24000                 26000                 26000             5.3005683E-03         1.0000000E+30             13152       
 NEXT SEEDS: 38AE305       1       0       0       0       0    10E1    3039       0       0
      25000                 25000                 25000             5.3058381E-03         1.0000000E+30             13704       
 NEXT SEEDS: 638059B       1       0       0       0       0    10E1    3039       0       0
      26000                 24000                 24000             5.3065521E-03         1.0000000E+30             14232       
 NEXT SEEDS: 8D1E4C0       1       0       0       0       0    10E1    3039       0       0
      27000                 23000                 23000             5.3151263E-03         1.0000000E+30             14780       
 NEXT SEEDS: B7CC51E       1       0       0       0       0    10E1    3039       0       0
      28000                 22000                 22000             5.3226668E-03         1.0000000E+30             15290       
 NEXT SEEDS: E2446D6       1       0       0       0       0    10E1    3039       0       0
      29000                 21000                 21000             5.3212344E-03         1.0000000E+30             15844       
 NEXT SEEDS:10B4AAD6       1       0       0       0       0    10E1    3039       0       0
      30000                 20000                 20000             5.3244294E-03         1.0000000E+30             16362       
 NEXT SEEDS:13472777       1       0       0       0       0    10E1    3039       0       0
      31000                 19000                 19000             5.3242090E-03         1.0000000E+30             16908       
 NEXT SEEDS:15E19896       1       0       0       0       0    10E1    3039       0       0
      32000                 18000                 18000             5.3274317E-03         1.0000000E+30             17411       
 NEXT SEEDS:1881E6F3       1       0       0       0       0    10E1    3039       0       0
      33000                 17000                 17000             5.3373608E-03         1.0000000E+30             17974       
 NEXT SEEDS:1B219B27       1       0       0       0       0    10E1    3039       0       0
      34000                 16000                 16000             5.3487846E-03         1.0000000E+30             18537       
 NEXT SEEDS:1DB91C14       1       0       0       0       0    10E1    3039       0       0
      35000                 15000                 15000             5.3472958E-03         1.0000000E+30             19115       
 NEXT SEEDS:2055AE75       1       0       0       0       0    10E1    3039       0       0
      36000                 14000                 14000             5.3427616E-03         1.0000000E+30             19655       
 NEXT SEEDS:22F2A05C       1       0       0       0       0    10E1    3039       0       0
      37000                 13000                 13000             5.3418542E-03         1.0000000E+30             20173       
 NEXT SEEDS:25931AAC       1       0       0       0       0    10E1    3039       0       0
      38000                 12000                 12000             5.3425386E-03         1.0000000E+30             20730       
 NEXT SEEDS:28446421       1       0       0       0       0    10E1    3039       0       0
      39000                 11000                 11000             5.3354481E-03         1.0000000E+30             21292       
 NEXT SEEDS:2ACF88D1       1       0       0       0       0    10E1    3039       0       0
      40000                 10000                 10000             5.3335766E-03         1.0000000E+30             21881       
 NEXT SEEDS:2D73A745       1       0       0       0       0    10E1    3039       0       0
      41000                  9000                  9000             5.3290916E-03         1.0000000E+30             22433       
 NEXT SEEDS:300F878D       1       0       0       0       0    10E1    3039       0       0
      42000                  8000                  8000             5.3265479E-03         1.0000000E+30             22966       
 NEXT SEEDS:32B4B4A0       1       0       0       0       0    10E1    3039       0       0
      43000                  7000                  7000             5.3221496E-03         1.0000000E+30             23543       
 NEXT SEEDS:354B68D9       1       0       0       0       0    10E1    3039       0       0
      44000                  6000                  6000             5.3211608E-03         1.0000000E+30             24083       
 NEXT SEEDS:37E6A53E       1       0       0       0       0    10E1    3039       0       0
      45000                  5000                  5000             5.3167498E-03         1.0000000E+30             24648       
 NEXT SEEDS:3A7E4DC9       1       0       0       0       0    10E1    3039       0       0
      46000                  4000                  4000             5.3117268E-03         1.0000000E+30             25213       
 NEXT SEEDS: 17744D4       2       0       0       0       0    10E1    3039       0       0
      47000                  3000                  3000             5.3082730E-03         1.0000000E+30             25790       
 NEXT SEEDS: 416428A       2       0       0       0       0    10E1    3039       0       0
      48000                  2000                  2000             5.3070094E-03         1.0000000E+30             26337       
 NEXT SEEDS: 6BC37D6       2       0       0       0       0    10E1    3039       0       0
      49000                  1000                  1000             5.3057239E-03         1.0000000E+30             26923       
 NEXT SEEDS: 964BD01       2       0       0       0       0    10E1    3039       0       0
      49950                    50                    50             5.3018186E-03         1.0000000E+30             27453       
 NEXT SEEDS: BDBD5A8       2       0       0       0       0    10E1    3039       0       0
      49951                    49                    49             5.3018530E-03         1.0000000E+30             27454       
 NEXT SEEDS: BDCBB81       2       0       0       0       0    10E1    3039       0       0
      49952                    48                    48             5.3018195E-03         1.0000000E+30             27454       
 NEXT SEEDS: BDD2D8C       2       0       0       0       0    10E1    3039       0       0
      49953                    47                    47             5.3017763E-03         1.0000000E+30             27457       
 NEXT SEEDS: BDD7540       2       0       0       0       0    10E1    3039       0       0
      49954                    46                    46             5.3018113E-03         1.0000000E+30             27457       
 NEXT SEEDS: BDE642F       2       0       0       0       0    10E1    3039       0       0
      49955                    45                    45             5.3017528E-03         1.0000000E+30             27457       
 NEXT SEEDS: BDEB0FB       2       0       0       0       0    10E1    3039       0       0
      49956                    44                    44             5.3017915E-03         1.0000000E+30             27458       
 NEXT SEEDS: BDF9FA6       2       0       0       0       0    10E1    3039       0       0
      49957                    43                    43             5.3018155E-03         1.0000000E+30             27458       
 NEXT SEEDS: BE0748C       2       0       0       0       0    10E1    3039       0       0
      49958                    42                    42             5.3018510E-03         1.0000000E+30             27458       
 NEXT SEEDS: BE1581B       2       0       0       0       0    10E1    3039       0       0
      49959                    41                    41             5.3018763E-03         1.0000000E+30             27458       
 NEXT SEEDS: BE22F69       2       0       0       0       0    10E1    3039       0       0
      49960                    40                    40             5.3018117E-03         1.0000000E+30             27458       
 NEXT SEEDS: BE2729C       2       0       0       0       0    10E1    3039       0       0
      49961                    39                    39             5.3018448E-03         1.0000000E+30             27458       
 NEXT SEEDS: BE354D6       2       0       0       0       0    10E1    3039       0       0
      49962                    38                    38             5.3018847E-03         1.0000000E+30             27458       
 NEXT SEEDS: BE4422D       2       0       0       0       0    10E1    3039       0       0
      49963                    37                    37             5.3019349E-03         1.0000000E+30             27459       
 NEXT SEEDS: BE54E82       2       0       0       0       0    10E1    3039       0       0
      49964                    36                    36             5.3019675E-03         1.0000000E+30             27459       
 NEXT SEEDS: BE63423       2       0       0       0       0    10E1    3039       0       0
      49965                    35                    35             5.3019933E-03         1.0000000E+30             27460       
 NEXT SEEDS: BE71059       2       0       0       0       0    10E1    3039       0       0
      49966                    34                    34             5.3020325E-03         1.0000000E+30             27460       
 NEXT SEEDS: BE7FE85       2       0       0       0       0    10E1    3039       0       0
      49967                    33                    33             5.3019765E-03         1.0000000E+30             27462       
 NEXT SEEDS: BE84CCA       2       0       0       0       0    10E1    3039       0       0
      49968                    32                    32             5.3020066E-03         1.0000000E+30             27462       
 NEXT SEEDS: BE92879       2       0       0       0       0    10E1    3039       0       0
      49969                    31                    31             5.3020165E-03         1.0000000E+30             27462       
 NEXT SEEDS: BE9E4D5       2       0       0       0       0    10E1    3039       0       0
      49970                    30                    30             5.3019910E-03         1.0000000E+30             27463       
 NEXT SEEDS: BEA6379       2       0       0       0       0    10E1    3039       0       0
      49971                    29                    29             5.3019564E-03         1.0000000E+30             27463       
 NEXT SEEDS: BEAD793       2       0       0       0       0    10E1    3039       0       0
      49972                    28                    28             5.3018894E-03         1.0000000E+30             27463       
 NEXT SEEDS: BEB1780       2       0       0       0       0    10E1    3039       0       0
      49973                    27                    27             5.3018706E-03         1.0000000E+30             27463       
 NEXT SEEDS: BEBA19C       2       0       0       0       0    10E1    3039       0       0
      49974                    26                    26             5.3019062E-03         1.0000000E+30             27463       
 NEXT SEEDS: BEC8919       2       0       0       0       0    10E1    3039       0       0
      49975                    25                    25             5.3019412E-03         1.0000000E+30             27464       
 NEXT SEEDS: BED6DE0       2       0       0       0       0    10E1    3039       0       0
      49976                    24                    24             5.3019767E-03         1.0000000E+30             27465       
 NEXT SEEDS: BEE50AE       2       0       0       0       0    10E1    3039       0       0
      49977                    23                    23             5.3019201E-03         1.0000000E+30             27466       
 NEXT SEEDS: BEE94D7       2       0       0       0       0    10E1    3039       0       0
      49978                    22                    22             5.3018806E-03         1.0000000E+30             27466       
 NEXT SEEDS: BEEFFE9       2       0       0       0       0    10E1    3039       0       0
      49979                    21                    21             5.3018875E-03         1.0000000E+30             27466       
 NEXT SEEDS: BEFB1CA       2       0       0       0       0    10E1    3039       0       0
      49980                    20                    20             5.3019096E-03         1.0000000E+30             27468       
 NEXT SEEDS: BF08851       2       0       0       0       0    10E1    3039       0       0
      49981                    19                    19             5.3019421E-03         1.0000000E+30             27470       
 NEXT SEEDS: BF15593       2       0       0       0       0    10E1    3039       0       0
      49982                    18                    18             5.3019704E-03         1.0000000E+30             27472       
 NEXT SEEDS: BF22F35       2       0       0       0       0    10E1    3039       0       0
      49983                    17                    17             5.3020047E-03         1.0000000E+30             27472       
 NEXT SEEDS: BF3130C       2       0       0       0       0    10E1    3039       0       0
      49984                    16                    16             5.3019646E-03         1.0000000E+30             27472       
 NEXT SEEDS: BF381D9       2       0       0       0       0    10E1    3039       0       0
      49985                    15                    15             5.3020002E-03         1.0000000E+30             27472       
 NEXT SEEDS: BF46754       2       0       0       0       0    10E1    3039       0       0
      49986                    14                    14             5.3020162E-03         1.0000000E+30             27472       
 NEXT SEEDS: BF5309F       2       0       0       0       0    10E1    3039       0       0
      49987                    13                    13             5.3020243E-03         1.0000000E+30             27475       
 NEXT SEEDS: BF5EEFF       2       0       0       0       0    10E1    3039       0       0
      49988                    12                    12             5.3020629E-03         1.0000000E+30             27475       
 NEXT SEEDS: BF6DB66       2       0       0       0       0    10E1    3039       0       0
      49989                    11                    11             5.3020954E-03         1.0000000E+30             27475       
 NEXT SEEDS: BF7BB36       2       0       0       0       0    10E1    3039       0       0
      49990                    10                    10             5.3020852E-03         1.0000000E+30             27475       
 NEXT SEEDS: BF854D1       2       0       0       0       0    10E1    3039       0       0
      49991                     9                     9             5.3021306E-03         1.0000000E+30             27477       
 NEXT SEEDS: BF94AC1       2       0       0       0       0    10E1    3039       0       0
      49992                     8                     8             5.3021429E-03         1.0000000E+30             27477       
 NEXT SEEDS: BFA095B       2       0       0       0       0    10E1    3039       0       0
      49993                     7                     7             5.3021791E-03         1.0000000E+30             27478       
 NEXT SEEDS: BFAF5A7       2       0       0       0       0    10E1    3039       0       0
      49994                     6                     6             5.3021414E-03         1.0000000E+30             27478       
 NEXT SEEDS: BFB64DC       2       0       0       0       0    10E1    3039       0       0
      49995                     5                     5             5.3021690E-03         1.0000000E+30             27478       
 NEXT SEEDS: BFC3D73       2       0       0       0       0    10E1    3039       0       0
      49996                     4                     4             5.3021381E-03         1.0000000E+30             27481       
 NEXT SEEDS: BFCA45E       2       0       0       0       0    10E1    3039       0       0
      49997                     3                     3             5.3021657E-03         1.0000000E+30             27481       
 NEXT SEEDS: BFD7C3A       2       0       0       0       0    10E1    3039       0       0
      49998                     2                     2             5.3021970E-03         1.0000000E+30             27481       
 NEXT SEEDS: BFE5F18       2       0       0       0       0    10E1    3039       0       0
      49999                     1                     1             5.3021801E-03         1.0000000E+30             27481       
 NEXT SEEDS: BFEEFA4       2       0       0       0       0    10E1    3039       0       0
      50000                     0                     1             5.3021936E-03         1.0000000E+30             27482       
 NEXT SEEDS: BFFAF34       2       0       0       0       0    10E1    3039       0       0
