1NUMBER OF BEAM       NUMBER OF BEAM        APPROXIMATE NUMBER    AVERAGE TIME USED     TIME LEFT (RESERVED   NUMBER OF STARS
 PARTICLES HANDLED    PARTICLES LEFT        OF BEAM PARTICLES     BY A BEAM PARTICLE     10000.0 SECONDS      CREATED
                                            THAT CAN STILL BE                           FOR PRINTOUT)
                                            HANDLED

 NEXT SEEDS:1854027D       4       0       0       0       0    10E1    3039       0       0
          1                 49999                 49999             0.0000000E+00         1.0000000E+30                 0       
 NEXT SEEDS:1854EAC0       4       0       0       0       0    10E1    3039       0       0
       1000                 49000                 49000             5.2969888E-03         1.0000000E+30               586       
 NEXT SEEDS:1AED0214       4       0       0       0       0    10E1    3039       0       0
       2000                 48000                 48000             5.3712992E-03         1.0000000E+30              1156       
 NEXT SEEDS:1D88C4E2       4       0       0       0       0    10E1    3039       0       0
       3000                 47000                 47000             5.4403276E-03         1.0000000E+30              1674       
 NEXT SEEDS:20379F27       4       0       0       0       0    10E1    3039       0       0
       4000                 46000                 46000             5.4932506E-03         1.0000000E+30              2209       
 NEXT SEEDS:22E0E9B4       4       0       0       0       0    10E1    3039       0       0
       5000                 45000                 45000             5.5011080E-03         1.0000000E+30              2739       
 NEXT SEEDS:257E5E35       4       0       0       0       0    10E1    3039       0       0
       6000                 44000                 44000             5.4862491E-03         1.0000000E+30              3287       
 NEXT SEEDS:281AF62E       4       0       0       0       0    10E1    3039       0       0
       7000                 43000                 43000             5.5079584E-03         1.0000000E+30              3816       
 NEXT SEEDS:2AC79B31       4       0       0       0       0    10E1    3039       0       0
       8000                 42000                 42000             5.4968899E-03         1.0000000E+30              4360       
 NEXT SEEDS:2D74C8A6       4       0       0       0       0    10E1    3039       0       0
       9000                 41000                 41000             5.4749394E-03         1.0000000E+30              4885       
 NEXT SEEDS:301075E8       4       0       0       0       0    10E1    3039       0       0
      10000                 40000                 40000             5.4407122E-03         1.0000000E+30              5409       
 NEXT SEEDS:329E5B57       4       0       0       0       0    10E1    3039       0       0
      11000                 39000                 39000             5.4230419E-03         1.0000000E+30              5960       
 NEXT SEEDS:353236B7       4       0       0       0       0    10E1    3039       0       0
      12000                 38000                 38000             5.4158499E-03         1.0000000E+30              6517       
 NEXT SEEDS:37D35EEB       4       0       0       0       0    10E1    3039       0       0
      13000                 37000                 37000             5.4159736E-03         1.0000000E+30              7027       
 NEXT SEEDS:3A7D1D84       4       0       0       0       0    10E1    3039       0       0
      14000                 36000                 36000             5.4134442E-03         1.0000000E+30              7605       
 NEXT SEEDS: 18ADEF9       5       0       0       0       0    10E1    3039       0       0
      15000                 35000                 35000             5.4169858E-03         1.0000000E+30              8132       
 NEXT SEEDS: 438B62B       5       0       0       0       0    10E1    3039       0       0
      16000                 34000                 34000             5.4126889E-03         1.0000000E+30              8647       
 NEXT SEEDS: 6DC0F59       5       0       0       0       0    10E1    3039       0       0
      17000                 33000                 33000             5.4054374E-03         1.0000000E+30              9220       
 NEXT SEEDS: 97AAB7C       5       0       0       0       0    10E1    3039       0       0
      18000                 32000                 32000             5.3955559E-03         1.0000000E+30              9808       
 NEXT SEEDS: C1143DE       5       0       0       0       0    10E1    3039       0       0
      19000                 31000                 31000             5.3877163E-03         1.0000000E+30             10363       
 NEXT SEEDS: EA999F3       5       0       0       0       0    10E1    3039       0       0
      20000                 30000                 30000             5.3798086E-03         1.0000000E+30             10898       
 NEXT SEEDS:113FACE1       5       0       0       0       0    10E1    3039       0       0
      21000                 29000                 29000             5.3751316E-03         1.0000000E+30             11434       
 NEXT SEEDS:13E4E184       5       0       0       0       0    10E1    3039       0       0
      22000                 28000                 28000             5.3740503E-03         1.0000000E+30             11987       
 NEXT SEEDS:16882F56       5       0       0       0       0    10E1    3039       0       0
      23000                 27000                 27000             5.3612131E-03         1.0000000E+30             12571       
 NEXT SEEDS:1914D5F6       5       0       0       0       0    10E1    3039       0       0
      24000                 26000                 26000             5.3593061E-03         1.0000000E+30             13139       
 NEXT SEEDS:1BB4E238       5       0       0       0       0    10E1    3039       0       0
      25000                 25000                 25000             5.3539659E-03         1.0000000E+30             13659       
 NEXT SEEDS:1E5197DD       5       0       0       0       0    10E1    3039       0       0
      26000                 24000                 24000             5.3500382E-03         1.0000000E+30             14192       
 NEXT SEEDS:20ED554E       5       0       0       0       0    10E1    3039       0       0
      27000                 23000                 23000             5.3539969E-03         1.0000000E+30             14739       
 NEXT SEEDS:238780ED       5       0       0       0       0    10E1    3039       0       0
      28000                 22000                 22000             5.3596762E-03         1.0000000E+30             15316       
 NEXT SEEDS:26300D2A       5       0       0       0       0    10E1    3039       0       0
      29000                 21000                 21000             5.3678508E-03         1.0000000E+30             15871       
 NEXT SEEDS:28E71126       5       0       0       0       0    10E1    3039       0       0
      30000                 20000                 20000             5.3725686E-03         1.0000000E+30             16440       
 NEXT SEEDS:2B8A6458       5       0       0       0       0    10E1    3039       0       0
      31000                 19000                 19000             5.3767142E-03         1.0000000E+30             17007       
 NEXT SEEDS:2E2BDAA0       5       0       0       0       0    10E1    3039       0       0
      32000                 18000                 18000             5.3782648E-03         1.0000000E+30             17554       
 NEXT SEEDS:30C0D478       5       0       0       0       0    10E1    3039       0       0
      33000                 17000                 17000             5.3839517E-03         1.0000000E+30             18108       
 NEXT SEEDS:336095B6       5       0       0       0       0    10E1    3039       0       0
      34000                 16000                 16000             5.3826943E-03         1.0000000E+30             18640       
 NEXT SEEDS:35F69C8F       5       0       0       0       0    10E1    3039       0       0
      35000                 15000                 15000             5.3803125E-03         1.0000000E+30             19174       
 NEXT SEEDS:38912634       5       0       0       0       0    10E1    3039       0       0
      36000                 14000                 14000             5.3848299E-03         1.0000000E+30             19720       
 NEXT SEEDS:3B36A21D       5       0       0       0       0    10E1    3039       0       0
      37000                 13000                 13000             5.3838586E-03         1.0000000E+30             20278       
 NEXT SEEDS: 2362705       6       0       0       0       0    10E1    3039       0       0
      38000                 12000                 12000             5.3851707E-03         1.0000000E+30             20798       
 NEXT SEEDS: 4E5D6BD       6       0       0       0       0    10E1    3039       0       0
      39000                 11000                 11000             5.3902923E-03         1.0000000E+30             21323       
 NEXT SEEDS: 7960580       6       0       0       0       0    10E1    3039       0       0
      40000                 10000                 10000             5.3919181E-03         1.0000000E+30             21843       
 NEXT SEEDS: A2E1A63       6       0       0       0       0    10E1    3039       0       0
      41000                  9000                  9000             5.4028025E-03         1.0000000E+30             22415       
 NEXT SEEDS: CDAE5DE       6       0       0       0       0    10E1    3039       0       0
      42000                  8000                  8000             5.4063774E-03         1.0000000E+30             22958       
 NEXT SEEDS: F7F3539       6       0       0       0       0    10E1    3039       0       0
      43000                  7000                  7000             5.4073595E-03         1.0000000E+30             23483       
 NEXT SEEDS:121A9210       6       0       0       0       0    10E1    3039       0       0
      44000                  6000                  6000             5.4088581E-03         1.0000000E+30             24013       
 NEXT SEEDS:14BEA91D       6       0       0       0       0    10E1    3039       0       0
      45000                  5000                  5000             5.4086699E-03         1.0000000E+30             24553       
 NEXT SEEDS:176A739D       6       0       0       0       0    10E1    3039       0       0
      46000                  4000                  4000             5.4109440E-03         1.0000000E+30             25079       
 NEXT SEEDS:1A14794C       6       0       0       0       0    10E1    3039       0       0
      47000                  3000                  3000             5.4111353E-03         1.0000000E+30             25607       
 NEXT SEEDS:1CBFDCF7       6       0       0       0       0    10E1    3039       0       0
      48000                  2000                  2000             5.4065360E-03         1.0000000E+30             26149       
 NEXT SEEDS:1F542EBB       6       0       0       0       0    10E1    3039       0       0
      49000                  1000                  1000             5.4067917E-03         1.0000000E+30             26715       
 NEXT SEEDS:220611CE       6       0       0       0       0    10E1    3039       0       0
      49950                    50                    50             5.4068240E-03         1.0000000E+30             27256       
 NEXT SEEDS:248EF076       6       0       0       0       0    10E1    3039       0       0
      49951                    49                    49             5.4068581E-03         1.0000000E+30             27259       
 NEXT SEEDS:248FE80D       6       0       0       0       0    10E1    3039       0       0
      49952                    48                    48             5.4068610E-03         1.0000000E+30             27259       
 NEXT SEEDS:24909A96       6       0       0       0       0    10E1    3039       0       0
      49953                    47                    47             5.4068689E-03         1.0000000E+30             27259       
 NEXT SEEDS:24914F34       6       0       0       0       0    10E1    3039       0       0
      49954                    46                    46             5.4067997E-03         1.0000000E+30             27261       
 NEXT SEEDS:249181B3       6       0       0       0       0    10E1    3039       0       0
      49955                    45                    45             5.4068112E-03         1.0000000E+30             27262       
 NEXT SEEDS:24924481       6       0       0       0       0    10E1    3039       0       0
      49956                    44                    44             5.4068466E-03         1.0000000E+30             27262       
 NEXT SEEDS:249329DB       6       0       0       0       0    10E1    3039       0       0
      49957                    43                    43             5.4068379E-03         1.0000000E+30             27262       
 NEXT SEEDS:2493CA2B       6       0       0       0       0    10E1    3039       0       0
      49958                    42                    42             5.4068512E-03         1.0000000E+30             27262       
 NEXT SEEDS:24948BE9       6       0       0       0       0    10E1    3039       0       0
      49959                    41                    41             5.4067937E-03         1.0000000E+30             27263       
 NEXT SEEDS:2494DC3A       6       0       0       0       0    10E1    3039       0       0
      49960                    40                    40             5.4068266E-03         1.0000000E+30             27264       
 NEXT SEEDS:2495BCEA       6       0       0       0       0    10E1    3039       0       0
      49961                    39                    39             5.4067660E-03         1.0000000E+30             27265       
 NEXT SEEDS:249608A2       6       0       0       0       0    10E1    3039       0       0
      49962                    38                    38             5.4068001E-03         1.0000000E+30             27266       
 NEXT SEEDS:2496FA51       6       0       0       0       0    10E1    3039       0       0
      49963                    37                    37             5.4067450E-03         1.0000000E+30             27267       
 NEXT SEEDS:24975602       6       0       0       0       0    10E1    3039       0       0
      49964                    36                    36             5.4067755E-03         1.0000000E+30             27267       
 NEXT SEEDS:2498328D       6       0       0       0       0    10E1    3039       0       0
      49965                    35                    35             5.4067741E-03         1.0000000E+30             27268       
 NEXT SEEDS:2498DC88       6       0       0       0       0    10E1    3039       0       0
      49966                    34                    34             5.4068119E-03         1.0000000E+30             27270       
 NEXT SEEDS:2499C1F4       6       0       0       0       0    10E1    3039       0       0
      49967                    33                    33             5.4068344E-03         1.0000000E+30             27270       
 NEXT SEEDS:249A9318       6       0       0       0       0    10E1    3039       0       0
      49968                    32                    32             5.4067952E-03         1.0000000E+30             27271       
 NEXT SEEDS:249ADDA2       6       0       0       0       0    10E1    3039       0       0
      49969                    31                    31             5.4067035E-03         1.0000000E+30             27271       
 NEXT SEEDS:249AF86B       6       0       0       0       0    10E1    3039       0       0
      49970                    30                    30             5.4067339E-03         1.0000000E+30             27271       
 NEXT SEEDS:249BD908       6       0       0       0       0    10E1    3039       0       0
      49971                    29                    29             5.4067570E-03         1.0000000E+30             27271       
 NEXT SEEDS:249CAA47       6       0       0       0       0    10E1    3039       0       0
      49972                    28                    28             5.4067924E-03         1.0000000E+30             27274       
 NEXT SEEDS:249D8C0A       6       0       0       0       0    10E1    3039       0       0
      49973                    27                    27             5.4068277E-03         1.0000000E+30             27274       
 NEXT SEEDS:249E6B79       6       0       0       0       0    10E1    3039       0       0
      49974                    26                    26             5.4068642E-03         1.0000000E+30             27274       
 NEXT SEEDS:249F4B97       6       0       0       0       0    10E1    3039       0       0
      49975                    25                    25             5.4068983E-03         1.0000000E+30             27274       
 NEXT SEEDS:24A0215C       6       0       0       0       0    10E1    3039       0       0
      49976                    24                    24             5.4068225E-03         1.0000000E+30             27275       
 NEXT SEEDS:24A05634       6       0       0       0       0    10E1    3039       0       0
      49977                    23                    23             5.4068163E-03         1.0000000E+30             27275       
 NEXT SEEDS:24A0F5D4       6       0       0       0       0    10E1    3039       0       0
      49978                    22                    22             5.4068510E-03         1.0000000E+30             27276       
 NEXT SEEDS:24A1DEA6       6       0       0       0       0    10E1    3039       0       0
      49979                    21                    21             5.4068875E-03         1.0000000E+30             27276       
 NEXT SEEDS:24A2C3D6       6       0       0       0       0    10E1    3039       0       0
      49980                    20                    20             5.4068178E-03         1.0000000E+30             27276       
 NEXT SEEDS:24A30165       6       0       0       0       0    10E1    3039       0       0
      49981                    19                    19             5.4068568E-03         1.0000000E+30             27276       
 NEXT SEEDS:24A3EE6A       6       0       0       0       0    10E1    3039       0       0
      49982                    18                    18             5.4068438E-03         1.0000000E+30             27276       
 NEXT SEEDS:24A48883       6       0       0       0       0    10E1    3039       0       0
      49983                    17                    17             5.4068816E-03         1.0000000E+30             27276       
 NEXT SEEDS:24A57535       6       0       0       0       0    10E1    3039       0       0
      49984                    16                    16             5.4068845E-03         1.0000000E+30             27276       
 NEXT SEEDS:24A62AC1       6       0       0       0       0    10E1    3039       0       0
      49985                    15                    15             5.4068924E-03         1.0000000E+30             27277       
 NEXT SEEDS:24A6EC4B       6       0       0       0       0    10E1    3039       0       0
      49986                    14                    14             5.4069051E-03         1.0000000E+30             27277       
 NEXT SEEDS:24A7AD0D       6       0       0       0       0    10E1    3039       0       0
      49987                    13                    13             5.4069373E-03         1.0000000E+30             27277       
 NEXT SEEDS:24A88DFB       6       0       0       0       0    10E1    3039       0       0
      49988                    12                    12             5.4069452E-03         1.0000000E+30             27277       
 NEXT SEEDS:24A946C0       6       0       0       0       0    10E1    3039       0       0
      49989                    11                    11             5.4068816E-03         1.0000000E+30             27278       
 NEXT SEEDS:24A99C45       6       0       0       0       0    10E1    3039       0       0
      49990                    10                    10             5.4068680E-03         1.0000000E+30             27279       
 NEXT SEEDS:24AA35E7       6       0       0       0       0    10E1    3039       0       0
      49991                     9                     9             5.4068917E-03         1.0000000E+30             27281       
 NEXT SEEDS:24AB110C       6       0       0       0       0    10E1    3039       0       0
      49992                     8                     8             5.4068971E-03         1.0000000E+30             27281       
 NEXT SEEDS:24ABC82E       6       0       0       0       0    10E1    3039       0       0
      49993                     7                     7             5.4068360E-03         1.0000000E+30             27283       
 NEXT SEEDS:24AC19E5       6       0       0       0       0    10E1    3039       0       0
      49994                     6                     6             5.4068560E-03         1.0000000E+30             27283       
 NEXT SEEDS:24ACE7B0       6       0       0       0       0    10E1    3039       0       0
      49995                     5                     5             5.4068547E-03         1.0000000E+30             27283       
 NEXT SEEDS:24AD9564       6       0       0       0       0    10E1    3039       0       0
      49996                     4                     4             5.4068692E-03         1.0000000E+30             27283       
 NEXT SEEDS:24AE60F7       6       0       0       0       0    10E1    3039       0       0
      49997                     3                     3             5.4067953E-03         1.0000000E+30             27285       
 NEXT SEEDS:24AEA8C8       6       0       0       0       0    10E1    3039       0       0
      49998                     2                     2             5.4067378E-03         1.0000000E+30             27286       
 NEXT SEEDS:24AEFE9B       6       0       0       0       0    10E1    3039       0       0
      49999                     1                     1             5.4067737E-03         1.0000000E+30             27286       
 NEXT SEEDS:24AFE255       6       0       0       0       0    10E1    3039       0       0
      50000                     0                     1             5.4068133E-03         1.0000000E+30             27286       
 NEXT SEEDS:24B0CF82       6       0       0       0       0    10E1    3039       0       0
