1NUMBER OF BEAM       NUMBER OF BEAM        APPROXIMATE NUMBER    AVERAGE TIME USED     TIME LEFT (RESERVED   NUMBER OF STARS
 PARTICLES HANDLED    PARTICLES LEFT        OF BEAM PARTICLES     BY A BEAM PARTICLE     10000.0 SECONDS      CREATED
                                            THAT CAN STILL BE                           FOR PRINTOUT)
                                            HANDLED

 NEXT SEEDS:3141E5DE       8       0       0       0       0    10E1    3039       0       0
          1                 49999                 49999             1.5760660E-03         1.0000000E+30                 1       
 NEXT SEEDS:31420E22       8       0       0       0       0    10E1    3039       0       0
       1000                 49000                 49000             5.2532371E-03         1.0000000E+30               539       
 NEXT SEEDS:33DD528F       8       0       0       0       0    10E1    3039       0       0
       2000                 48000                 48000             5.3341503E-03         1.0000000E+30              1133       
 NEXT SEEDS:368367A8       8       0       0       0       0    10E1    3039       0       0
       3000                 47000                 47000             5.3116722E-03         1.0000000E+30              1654       
 NEXT SEEDS:3926101C       8       0       0       0       0    10E1    3039       0       0
       4000                 46000                 46000             5.3451514E-03         1.0000000E+30              2172       
 NEXT SEEDS:  3B7D98       9       0       0       0       0    10E1    3039       0       0
       5000                 45000                 45000             5.3291309E-03         1.0000000E+30              2756       
 NEXT SEEDS: 2DF31CF       9       0       0       0       0    10E1    3039       0       0
       6000                 44000                 44000             5.3063427E-03         1.0000000E+30              3256       
 NEXT SEEDS: 5749AA2       9       0       0       0       0    10E1    3039       0       0
       7000                 43000                 43000             5.3035237E-03         1.0000000E+30              3861       
 NEXT SEEDS: 819DA1A       9       0       0       0       0    10E1    3039       0       0
       8000                 42000                 42000             5.2969291E-03         1.0000000E+30              4371       
 NEXT SEEDS: AB88207       9       0       0       0       0    10E1    3039       0       0
       9000                 41000                 41000             5.2912727E-03         1.0000000E+30              4921       
 NEXT SEEDS: D520F81       9       0       0       0       0    10E1    3039       0       0
      10000                 40000                 40000             5.2960619E-03         1.0000000E+30              5414       
 NEXT SEEDS: FF81C8C       9       0       0       0       0    10E1    3039       0       0
      11000                 39000                 39000             5.3083411E-03         1.0000000E+30              5940       
 NEXT SEEDS:129E33C5       9       0       0       0       0    10E1    3039       0       0
      12000                 38000                 38000             5.3405592E-03         1.0000000E+30              6539       
 NEXT SEEDS:153EB27A       9       0       0       0       0    10E1    3039       0       0
      13000                 37000                 37000             5.3353971E-03         1.0000000E+30              7081       
 NEXT SEEDS:17D79ADD       9       0       0       0       0    10E1    3039       0       0
      14000                 36000                 36000             5.3323910E-03         1.0000000E+30              7611       
 NEXT SEEDS:1A7E2D1B       9       0       0       0       0    10E1    3039       0       0
      15000                 35000                 35000             5.3337276E-03         1.0000000E+30              8175       
 NEXT SEEDS:1D28C084       9       0       0       0       0    10E1    3039       0       0
      16000                 34000                 34000             5.3348232E-03         1.0000000E+30              8755       
 NEXT SEEDS:1FCF252C       9       0       0       0       0    10E1    3039       0       0
      17000                 33000                 33000             5.3421515E-03         1.0000000E+30              9298       
 NEXT SEEDS:22726EDC       9       0       0       0       0    10E1    3039       0       0
      18000                 32000                 32000             5.3479887E-03         1.0000000E+30              9828       
 NEXT SEEDS:25164586       9       0       0       0       0    10E1    3039       0       0
      19000                 31000                 31000             5.3559061E-03         1.0000000E+30             10352       
 NEXT SEEDS:27B2FE22       9       0       0       0       0    10E1    3039       0       0
      20000                 30000                 30000             5.3530850E-03         1.0000000E+30             10901       
 NEXT SEEDS:2A49863E       9       0       0       0       0    10E1    3039       0       0
      21000                 29000                 29000             5.3503524E-03         1.0000000E+30             11473       
 NEXT SEEDS:2CE1894B       9       0       0       0       0    10E1    3039       0       0
      22000                 28000                 28000             5.3692621E-03         1.0000000E+30             12009       
 NEXT SEEDS:2F7C00F8       9       0       0       0       0    10E1    3039       0       0
      23000                 27000                 27000             5.3682859E-03         1.0000000E+30             12621       
 NEXT SEEDS:32262CA3       9       0       0       0       0    10E1    3039       0       0
      24000                 26000                 26000             5.3790214E-03         1.0000000E+30             13172       
 NEXT SEEDS:34C98B02       9       0       0       0       0    10E1    3039       0       0
      25000                 25000                 25000             5.3756818E-03         1.0000000E+30             13714       
 NEXT SEEDS:3765CC23       9       0       0       0       0    10E1    3039       0       0
      26000                 24000                 24000             5.3791017E-03         1.0000000E+30             14247       
 NEXT SEEDS:39FF00B9       9       0       0       0       0    10E1    3039       0       0
      27000                 23000                 23000             5.3855919E-03         1.0000000E+30             14769       
 NEXT SEEDS: 10CD272       A       0       0       0       0    10E1    3039       0       0
      28000                 22000                 22000             5.3972501E-03         1.0000000E+30             15248       
 NEXT SEEDS: 3ABCE98       A       0       0       0       0    10E1    3039       0       0
      29000                 21000                 21000             5.4019855E-03         1.0000000E+30             15775       
 NEXT SEEDS: 659B5D2       A       0       0       0       0    10E1    3039       0       0
      30000                 20000                 20000             5.4010199E-03         1.0000000E+30             16324       
 NEXT SEEDS: 8FFF055       A       0       0       0       0    10E1    3039       0       0
      31000                 19000                 19000             5.3983199E-03         1.0000000E+30             16909       
 NEXT SEEDS: BA6D194       A       0       0       0       0    10E1    3039       0       0
      32000                 18000                 18000             5.3970585E-03         1.0000000E+30             17467       
 NEXT SEEDS: E461197       A       0       0       0       0    10E1    3039       0       0
      33000                 17000                 17000             5.3986572E-03         1.0000000E+30             17995       
 NEXT SEEDS:10EEB467       A       0       0       0       0    10E1    3039       0       0
      34000                 16000                 16000             5.4002614E-03         1.0000000E+30             18542       
 NEXT SEEDS:13949114       A       0       0       0       0    10E1    3039       0       0
      35000                 15000                 15000             5.3929941E-03         1.0000000E+30             19103       
 NEXT SEEDS:16277800       A       0       0       0       0    10E1    3039       0       0
      36000                 14000                 14000             5.3924476E-03         1.0000000E+30             19692       
 NEXT SEEDS:18D32CB0       A       0       0       0       0    10E1    3039       0       0
      37000                 13000                 13000             5.3873819E-03         1.0000000E+30             20252       
 NEXT SEEDS:1B6D3F39       A       0       0       0       0    10E1    3039       0       0
      38000                 12000                 12000             5.3852700E-03         1.0000000E+30             20816       
 NEXT SEEDS:1E1A77BD       A       0       0       0       0    10E1    3039       0       0
      39000                 11000                 11000             5.3828258E-03         1.0000000E+30             21369       
 NEXT SEEDS:20BB6C23       A       0       0       0       0    10E1    3039       0       0
      40000                 10000                 10000             5.3783753E-03         1.0000000E+30             21927       
 NEXT SEEDS:23572803       A       0       0       0       0    10E1    3039       0       0
      41000                  9000                  9000             5.3729792E-03         1.0000000E+30             22483       
 NEXT SEEDS:25ECE0AF       A       0       0       0       0    10E1    3039       0       0
      42000                  8000                  8000             5.3676475E-03         1.0000000E+30             23052       
 NEXT SEEDS:28847F5B       A       0       0       0       0    10E1    3039       0       0
      43000                  7000                  7000             5.3741995E-03         1.0000000E+30             23598       
 NEXT SEEDS:2B330919       A       0       0       0       0    10E1    3039       0       0
      44000                  6000                  6000             5.3732377E-03         1.0000000E+30             24176       
 NEXT SEEDS:2DD0A9A4       A       0       0       0       0    10E1    3039       0       0
      45000                  5000                  5000             5.3715716E-03         1.0000000E+30             24694       
 NEXT SEEDS:30627D08       A       0       0       0       0    10E1    3039       0       0
      46000                  4000                  4000             5.3748067E-03         1.0000000E+30             25281       
 NEXT SEEDS:330E360E       A       0       0       0       0    10E1    3039       0       0
      47000                  3000                  3000             5.3772096E-03         1.0000000E+30             25848       
 NEXT SEEDS:35B23B82       A       0       0       0       0    10E1    3039       0       0
      48000                  2000                  2000             5.3780461E-03         1.0000000E+30             26401       
 NEXT SEEDS:384E4DC0       A       0       0       0       0    10E1    3039       0       0
      49000                  1000                  1000             5.3808414E-03         1.0000000E+30             26911       
 NEXT SEEDS:3B05F906       A       0       0       0       0    10E1    3039       0       0
      49950                    50                    50             5.3808808E-03         1.0000000E+30             27433       
 NEXT SEEDS: 1DEC8C6       B       0       0       0       0    10E1    3039       0       0
      49951                    49                    49             5.3809069E-03         1.0000000E+30             27433       
 NEXT SEEDS: 1DF9CEE       B       0       0       0       0    10E1    3039       0       0
      49952                    48                    48             5.3809128E-03         1.0000000E+30             27434       
 NEXT SEEDS: 1E05D79       B       0       0       0       0    10E1    3039       0       0
      49953                    47                    47             5.3808967E-03         1.0000000E+30             27434       
 NEXT SEEDS: 1E0F3C8       B       0       0       0       0    10E1    3039       0       0
      49954                    46                    46             5.3809307E-03         1.0000000E+30             27434       
 NEXT SEEDS: 1E1D4D7       B       0       0       0       0    10E1    3039       0       0
      49955                    45                    45             5.3809562E-03         1.0000000E+30             27434       
 NEXT SEEDS: 1E27922       B       0       0       0       0    10E1    3039       0       0
      49956                    44                    44             5.3809163E-03         1.0000000E+30             27434       
 NEXT SEEDS: 1E2E248       B       0       0       0       0    10E1    3039       0       0
      49957                    43                    43             5.3809216E-03         1.0000000E+30             27436       
 NEXT SEEDS: 1E34681       B       0       0       0       0    10E1    3039       0       0
      49958                    42                    42             5.3809678E-03         1.0000000E+30             27438       
 NEXT SEEDS: 1E44687       B       0       0       0       0    10E1    3039       0       0
      49959                    41                    41             5.3808937E-03         1.0000000E+30             27439       
 NEXT SEEDS: 1E4804E       B       0       0       0       0    10E1    3039       0       0
      49960                    40                    40             5.3808239E-03         1.0000000E+30             27440       
 NEXT SEEDS: 1E4B077       B       0       0       0       0    10E1    3039       0       0
      49961                    39                    39             5.3808035E-03         1.0000000E+30             27442       
 NEXT SEEDS: 1E545F3       B       0       0       0       0    10E1    3039       0       0
      49962                    38                    38             5.3808051E-03         1.0000000E+30             27443       
 NEXT SEEDS: 1E5F93E       B       0       0       0       0    10E1    3039       0       0
      49963                    37                    37             5.3808001E-03         1.0000000E+30             27444       
 NEXT SEEDS: 1E69EEE       B       0       0       0       0    10E1    3039       0       0
      49964                    36                    36             5.3807993E-03         1.0000000E+30             27444       
 NEXT SEEDS: 1E74A36       B       0       0       0       0    10E1    3039       0       0
      49965                    35                    35             5.3808235E-03         1.0000000E+30             27444       
 NEXT SEEDS: 1E81987       B       0       0       0       0    10E1    3039       0       0
      49966                    34                    34             5.3808557E-03         1.0000000E+30             27444       
 NEXT SEEDS: 1E8F94A       B       0       0       0       0    10E1    3039       0       0
      49967                    33                    33             5.3808940E-03         1.0000000E+30             27444       
 NEXT SEEDS: 1E9E368       B       0       0       0       0    10E1    3039       0       0
      49968                    32                    32             5.3808125E-03         1.0000000E+30             27444       
 NEXT SEEDS: 1EA116D       B       0       0       0       0    10E1    3039       0       0
      49969                    31                    31             5.3808172E-03         1.0000000E+30             27445       
 NEXT SEEDS: 1EAC62D       B       0       0       0       0    10E1    3039       0       0
      49970                    30                    30             5.3808543E-03         1.0000000E+30             27445       
 NEXT SEEDS: 1EBB0AC       B       0       0       0       0    10E1    3039       0       0
      49971                    29                    29             5.3808639E-03         1.0000000E+30             27445       
 NEXT SEEDS: 1EC5533       B       0       0       0       0    10E1    3039       0       0
      49972                    28                    28             5.3808020E-03         1.0000000E+30             27446       
 NEXT SEEDS: 1ECA465       B       0       0       0       0    10E1    3039       0       0
      49973                    27                    27             5.3807865E-03         1.0000000E+30             27446       
 NEXT SEEDS: 1ED3873       B       0       0       0       0    10E1    3039       0       0
      49974                    26                    26             5.3807717E-03         1.0000000E+30             27447       
 NEXT SEEDS: 1EDD3E2       B       0       0       0       0    10E1    3039       0       0
      49975                    25                    25             5.3807922E-03         1.0000000E+30             27447       
 NEXT SEEDS: 1EE8293       B       0       0       0       0    10E1    3039       0       0
      49976                    24                    24             5.3807749E-03         1.0000000E+30             27447       
 NEXT SEEDS: 1EF116C       B       0       0       0       0    10E1    3039       0       0
      49977                    23                    23             5.3808120E-03         1.0000000E+30             27448       
 NEXT SEEDS: 1EFFB88       B       0       0       0       0    10E1    3039       0       0
      49978                    22                    22             5.3808399E-03         1.0000000E+30             27448       
 NEXT SEEDS: 1F0D3B6       B       0       0       0       0    10E1    3039       0       0
      49979                    21                    21             5.3808275E-03         1.0000000E+30             27451       
 NEXT SEEDS: 1F1410A       B       0       0       0       0    10E1    3039       0       0
      49980                    20                    20             5.3807479E-03         1.0000000E+30             27452       
 NEXT SEEDS: 1F16CB4       B       0       0       0       0    10E1    3039       0       0
      49981                    19                    19             5.3807086E-03         1.0000000E+30             27452       
 NEXT SEEDS: 1F1DBD7       B       0       0       0       0    10E1    3039       0       0
      49982                    18                    18             5.3807359E-03         1.0000000E+30             27453       
 NEXT SEEDS: 1F2AC28       B       0       0       0       0    10E1    3039       0       0
      49983                    17                    17             5.3807058E-03         1.0000000E+30             27453       
 NEXT SEEDS: 1F32BDE       B       0       0       0       0    10E1    3039       0       0
      49984                    16                    16             5.3807111E-03         1.0000000E+30             27454       
 NEXT SEEDS: 1F3D924       B       0       0       0       0    10E1    3039       0       0
      49985                    15                    15             5.3807115E-03         1.0000000E+30             27454       
 NEXT SEEDS: 1F487D3       B       0       0       0       0    10E1    3039       0       0
      49986                    14                    14             5.3807498E-03         1.0000000E+30             27454       
 NEXT SEEDS: 1F57209       B       0       0       0       0    10E1    3039       0       0
      49987                    13                    13             5.3806873E-03         1.0000000E+30             27454       
 NEXT SEEDS: 1F5B672       B       0       0       0       0    10E1    3039       0       0
      49988                    12                    12             5.3806939E-03         1.0000000E+30             27454       
 NEXT SEEDS: 1F655B8       B       0       0       0       0    10E1    3039       0       0
      49989                    11                    11             5.3807230E-03         1.0000000E+30             27455       
 NEXT SEEDS: 1F73570       B       0       0       0       0    10E1    3039       0       0
      49990                    10                    10             5.3807399E-03         1.0000000E+30             27455       
 NEXT SEEDS: 1F7FED4       B       0       0       0       0    10E1    3039       0       0
      49991                     9                     9             5.3806902E-03         1.0000000E+30             27458       
 NEXT SEEDS: 1F8713B       B       0       0       0       0    10E1    3039       0       0
      49992                     8                     8             5.3806125E-03         1.0000000E+30             27458       
 NEXT SEEDS: 1F89C07       B       0       0       0       0    10E1    3039       0       0
      49993                     7                     7             5.3806404E-03         1.0000000E+30             27458       
 NEXT SEEDS: 1F97E53       B       0       0       0       0    10E1    3039       0       0
      49994                     6                     6             5.3806176E-03         1.0000000E+30             27459       
 NEXT SEEDS: 1FA02F0       B       0       0       0       0    10E1    3039       0       0
      49995                     5                     5             5.3806510E-03         1.0000000E+30             27459       
 NEXT SEEDS: 1FAD3B8       B       0       0       0       0    10E1    3039       0       0
      49996                     4                     4             5.3806221E-03         1.0000000E+30             27462       
 NEXT SEEDS: 1FB51D8       B       0       0       0       0    10E1    3039       0       0
      49997                     3                     3             5.3806580E-03         1.0000000E+30             27462       
 NEXT SEEDS: 1FC32C1       B       0       0       0       0    10E1    3039       0       0
      49998                     2                     2             5.3805821E-03         1.0000000E+30             27464       
 NEXT SEEDS: 1FC753B       B       0       0       0       0    10E1    3039       0       0
      49999                     1                     1             5.3805843E-03         1.0000000E+30             27465       
 NEXT SEEDS: 1FD1D6F       B       0       0       0       0    10E1    3039       0       0
      50000                     0                     1             5.3805225E-03         1.0000000E+30             27466       
 NEXT SEEDS: 1FD6820       B       0       0       0       0    10E1    3039       0       0
