1NUMBER OF BEAM       NUMBER OF BEAM        APPROXIMATE NUMBER    AVERAGE TIME USED     TIME LEFT (RESERVED   NUMBER OF STARS
 PARTICLES HANDLED    PARTICLES LEFT        OF BEAM PARTICLES     BY A BEAM PARTICLE     10000.0 SECONDS      CREATED
                                            THAT CAN STILL BE                           FOR PRINTOUT)
                                            HANDLED

 NEXT SEEDS:3141E5DE       8       0       0       0       0    10E1    3039       0       0
          1                 49999                 49999             1.6789436E-03         1.0000000E+30                 1       
 NEXT SEEDS:31420E22       8       0       0       0       0    10E1    3039       0       0
       1000                 49000                 49000             6.2999701E-03         1.0000000E+30               539       
 NEXT SEEDS:33DD528F       8       0       0       0       0    10E1    3039       0       0
       2000                 48000                 48000             6.3809788E-03         1.0000000E+30              1133       
 NEXT SEEDS:368367A8       8       0       0       0       0    10E1    3039       0       0
       3000                 47000                 47000             6.3634254E-03         1.0000000E+30              1654       
 NEXT SEEDS:3926101C       8       0       0       0       0    10E1    3039       0       0
       4000                 46000                 46000             6.3641289E-03         1.0000000E+30              2172       
 NEXT SEEDS:  3B7D98       9       0       0       0       0    10E1    3039       0       0
       5000                 45000                 45000             6.3734824E-03         1.0000000E+30              2756       
 NEXT SEEDS: 2DF31CF       9       0       0       0       0    10E1    3039       0       0
       6000                 44000                 44000             6.3125025E-03         1.0000000E+30              3256       
 NEXT SEEDS: 5749AA2       9       0       0       0       0    10E1    3039       0       0
       7000                 43000                 43000             6.3586856E-03         1.0000000E+30              3861       
 NEXT SEEDS: 819DA1A       9       0       0       0       0    10E1    3039       0       0
       8000                 42000                 42000             6.3684654E-03         1.0000000E+30              4371       
 NEXT SEEDS: AB88207       9       0       0       0       0    10E1    3039       0       0
       9000                 41000                 41000             6.3638568E-03         1.0000000E+30              4921       
 NEXT SEEDS: D520F81       9       0       0       0       0    10E1    3039       0       0
      10000                 40000                 40000             6.3481040E-03         1.0000000E+30              5414       
 NEXT SEEDS: FF81C8C       9       0       0       0       0    10E1    3039       0       0
      11000                 39000                 39000             6.3245988E-03         1.0000000E+30              5940       
 NEXT SEEDS:129E33C5       9       0       0       0       0    10E1    3039       0       0
      12000                 38000                 38000             6.3608252E-03         1.0000000E+30              6539       
 NEXT SEEDS:153EB27A       9       0       0       0       0    10E1    3039       0       0
      13000                 37000                 37000             6.3358342E-03         1.0000000E+30              7081       
 NEXT SEEDS:17D79ADD       9       0       0       0       0    10E1    3039       0       0
      14000                 36000                 36000             6.2978205E-03         1.0000000E+30              7611       
 NEXT SEEDS:1A7E2D1B       9       0       0       0       0    10E1    3039       0       0
      15000                 35000                 35000             6.2989914E-03         1.0000000E+30              8175       
 NEXT SEEDS:1D28C084       9       0       0       0       0    10E1    3039       0       0
      16000                 34000                 34000             6.2955446E-03         1.0000000E+30              8755       
 NEXT SEEDS:1FCF252C       9       0       0       0       0    10E1    3039       0       0
      17000                 33000                 33000             6.3159597E-03         1.0000000E+30              9298       
 NEXT SEEDS:22726EDC       9       0       0       0       0    10E1    3039       0       0
      18000                 32000                 32000             6.3506542E-03         1.0000000E+30              9828       
 NEXT SEEDS:25164586       9       0       0       0       0    10E1    3039       0       0
      19000                 31000                 31000             6.3653392E-03         1.0000000E+30             10352       
 NEXT SEEDS:27B2FE22       9       0       0       0       0    10E1    3039       0       0
      20000                 30000                 30000             6.3712944E-03         1.0000000E+30             10901       
 NEXT SEEDS:2A49863E       9       0       0       0       0    10E1    3039       0       0
      21000                 29000                 29000             6.3974893E-03         1.0000000E+30             11473       
 NEXT SEEDS:2CE1894B       9       0       0       0       0    10E1    3039       0       0
      22000                 28000                 28000             6.4221413E-03         1.0000000E+30             12009       
 NEXT SEEDS:2F7C00F8       9       0       0       0       0    10E1    3039       0       0
      23000                 27000                 27000             6.4615757E-03         1.0000000E+30             12621       
 NEXT SEEDS:32262CA3       9       0       0       0       0    10E1    3039       0       0
      24000                 26000                 26000             6.4605147E-03         1.0000000E+30             13172       
 NEXT SEEDS:34C98B02       9       0       0       0       0    10E1    3039       0       0
      25000                 25000                 25000             6.4647992E-03         1.0000000E+30             13714       
 NEXT SEEDS:3765CC23       9       0       0       0       0    10E1    3039       0       0
      26000                 24000                 24000             6.4698832E-03         1.0000000E+30             14247       
 NEXT SEEDS:39FF00B9       9       0       0       0       0    10E1    3039       0       0
      27000                 23000                 23000             6.4475442E-03         1.0000000E+30             14769       
 NEXT SEEDS: 10CD272       A       0       0       0       0    10E1    3039       0       0
      28000                 22000                 22000             6.4425228E-03         1.0000000E+30             15248       
 NEXT SEEDS: 3ABCE98       A       0       0       0       0    10E1    3039       0       0
      29000                 21000                 21000             6.4666364E-03         1.0000000E+30             15775       
 NEXT SEEDS: 659B5D2       A       0       0       0       0    10E1    3039       0       0
      30000                 20000                 20000             6.4768432E-03         1.0000000E+30             16324       
 NEXT SEEDS: 8FFF055       A       0       0       0       0    10E1    3039       0       0
      31000                 19000                 19000             6.4689213E-03         1.0000000E+30             16909       
 NEXT SEEDS: BA6D194       A       0       0       0       0    10E1    3039       0       0
      32000                 18000                 18000             6.4750948E-03         1.0000000E+30             17467       
 NEXT SEEDS: E461197       A       0       0       0       0    10E1    3039       0       0
      33000                 17000                 17000             6.4701820E-03         1.0000000E+30             17995       
 NEXT SEEDS:10EEB467       A       0       0       0       0    10E1    3039       0       0
      34000                 16000                 16000             6.4522090E-03         1.0000000E+30             18542       
 NEXT SEEDS:13949114       A       0       0       0       0    10E1    3039       0       0
      35000                 15000                 15000             6.4413578E-03         1.0000000E+30             19103       
 NEXT SEEDS:16277800       A       0       0       0       0    10E1    3039       0       0
      36000                 14000                 14000             6.4622548E-03         1.0000000E+30             19692       
 NEXT SEEDS:18D32CB0       A       0       0       0       0    10E1    3039       0       0
      37000                 13000                 13000             6.4587575E-03         1.0000000E+30             20252       
 NEXT SEEDS:1B6D3F39       A       0       0       0       0    10E1    3039       0       0
      38000                 12000                 12000             6.4575227E-03         1.0000000E+30             20816       
 NEXT SEEDS:1E1A77BD       A       0       0       0       0    10E1    3039       0       0
      39000                 11000                 11000             6.4754678E-03         1.0000000E+30             21369       
 NEXT SEEDS:20BB6C23       A       0       0       0       0    10E1    3039       0       0
      40000                 10000                 10000             6.4785644E-03         1.0000000E+30             21927       
 NEXT SEEDS:23572803       A       0       0       0       0    10E1    3039       0       0
      41000                  9000                  9000             6.4751043E-03         1.0000000E+30             22483       
 NEXT SEEDS:25ECE0AF       A       0       0       0       0    10E1    3039       0       0
      42000                  8000                  8000             6.4589488E-03         1.0000000E+30             23052       
 NEXT SEEDS:28847F5B       A       0       0       0       0    10E1    3039       0       0
      43000                  7000                  7000             6.4487283E-03         1.0000000E+30             23598       
 NEXT SEEDS:2B330919       A       0       0       0       0    10E1    3039       0       0
      44000                  6000                  6000             6.4317911E-03         1.0000000E+30             24176       
 NEXT SEEDS:2DD0A9A4       A       0       0       0       0    10E1    3039       0       0
      45000                  5000                  5000             6.4285075E-03         1.0000000E+30             24694       
 NEXT SEEDS:30627D08       A       0       0       0       0    10E1    3039       0       0
      46000                  4000                  4000             6.4204904E-03         1.0000000E+30             25281       
 NEXT SEEDS:330E360E       A       0       0       0       0    10E1    3039       0       0
      47000                  3000                  3000             6.4357300E-03         1.0000000E+30             25848       
 NEXT SEEDS:35B23B82       A       0       0       0       0    10E1    3039       0       0
      48000                  2000                  2000             6.4417616E-03         1.0000000E+30             26401       
 NEXT SEEDS:384E4DC0       A       0       0       0       0    10E1    3039       0       0
      49000                  1000                  1000             6.4463389E-03         1.0000000E+30             26911       
 NEXT SEEDS:3B05F906       A       0       0       0       0    10E1    3039       0       0
      49950                    50                    50             6.4428265E-03         1.0000000E+30             27433       
 NEXT SEEDS: 1DEC8C6       B       0       0       0       0    10E1    3039       0       0
      49951                    49                    49             6.4428411E-03         1.0000000E+30             27433       
 NEXT SEEDS: 1DF9CEE       B       0       0       0       0    10E1    3039       0       0
      49952                    48                    48             6.4428373E-03         1.0000000E+30             27434       
 NEXT SEEDS: 1E05D79       B       0       0       0       0    10E1    3039       0       0
      49953                    47                    47             6.4428055E-03         1.0000000E+30             27434       
 NEXT SEEDS: 1E0F3C8       B       0       0       0       0    10E1    3039       0       0
      49954                    46                    46             6.4428347E-03         1.0000000E+30             27434       
 NEXT SEEDS: 1E1D4D7       B       0       0       0       0    10E1    3039       0       0
      49955                    45                    45             6.4428243E-03         1.0000000E+30             27434       
 NEXT SEEDS: 1E27922       B       0       0       0       0    10E1    3039       0       0
      49956                    44                    44             6.4427656E-03         1.0000000E+30             27434       
 NEXT SEEDS: 1E2E248       B       0       0       0       0    10E1    3039       0       0
      49957                    43                    43             6.4427453E-03         1.0000000E+30             27436       
 NEXT SEEDS: 1E34681       B       0       0       0       0    10E1    3039       0       0
      49958                    42                    42             6.4427807E-03         1.0000000E+30             27438       
 NEXT SEEDS: 1E44687       B       0       0       0       0    10E1    3039       0       0
      49959                    41                    41             6.4426859E-03         1.0000000E+30             27439       
 NEXT SEEDS: 1E4804E       B       0       0       0       0    10E1    3039       0       0
      49960                    40                    40             6.4425991E-03         1.0000000E+30             27440       
 NEXT SEEDS: 1E4B077       B       0       0       0       0    10E1    3039       0       0
      49961                    39                    39             6.4425612E-03         1.0000000E+30             27442       
 NEXT SEEDS: 1E545F3       B       0       0       0       0    10E1    3039       0       0
      49962                    38                    38             6.4425575E-03         1.0000000E+30             27443       
 NEXT SEEDS: 1E5F93E       B       0       0       0       0    10E1    3039       0       0
      49963                    37                    37             6.4425421E-03         1.0000000E+30             27444       
 NEXT SEEDS: 1E69EEE       B       0       0       0       0    10E1    3039       0       0
      49964                    36                    36             6.4425421E-03         1.0000000E+30             27444       
 NEXT SEEDS: 1E74A36       B       0       0       0       0    10E1    3039       0       0
      49965                    35                    35             6.4425762E-03         1.0000000E+30             27444       
 NEXT SEEDS: 1E81987       B       0       0       0       0    10E1    3039       0       0
      49966                    34                    34             6.4426171E-03         1.0000000E+30             27444       
 NEXT SEEDS: 1E8F94A       B       0       0       0       0    10E1    3039       0       0
      49967                    33                    33             6.4426585E-03         1.0000000E+30             27444       
 NEXT SEEDS: 1E9E368       B       0       0       0       0    10E1    3039       0       0
      49968                    32                    32             6.4425607E-03         1.0000000E+30             27444       
 NEXT SEEDS: 1EA116D       B       0       0       0       0    10E1    3039       0       0
      49969                    31                    31             6.4425570E-03         1.0000000E+30             27445       
 NEXT SEEDS: 1EAC62D       B       0       0       0       0    10E1    3039       0       0
      49970                    30                    30             6.4427206E-03         1.0000000E+30             27445       
 NEXT SEEDS: 1EBB0AC       B       0       0       0       0    10E1    3039       0       0
      49971                    29                    29             6.4426985E-03         1.0000000E+30             27445       
 NEXT SEEDS: 1EC5533       B       0       0       0       0    10E1    3039       0       0
      49972                    28                    28             6.4426160E-03         1.0000000E+30             27446       
 NEXT SEEDS: 1ECA465       B       0       0       0       0    10E1    3039       0       0
      49973                    27                    27             6.4425940E-03         1.0000000E+30             27446       
 NEXT SEEDS: 1ED3873       B       0       0       0       0    10E1    3039       0       0
      49974                    26                    26             6.4425738E-03         1.0000000E+30             27447       
 NEXT SEEDS: 1EDD3E2       B       0       0       0       0    10E1    3039       0       0
      49975                    25                    25             6.4425725E-03         1.0000000E+30             27447       
 NEXT SEEDS: 1EE8293       B       0       0       0       0    10E1    3039       0       0
      49976                    24                    24             6.4425413E-03         1.0000000E+30             27447       
 NEXT SEEDS: 1EF116C       B       0       0       0       0    10E1    3039       0       0
      49977                    23                    23             6.4425754E-03         1.0000000E+30             27448       
 NEXT SEEDS: 1EFFB88       B       0       0       0       0    10E1    3039       0       0
      49978                    22                    22             6.4425985E-03         1.0000000E+30             27448       
 NEXT SEEDS: 1F0D3B6       B       0       0       0       0    10E1    3039       0       0
      49979                    21                    21             6.4425771E-03         1.0000000E+30             27451       
 NEXT SEEDS: 1F1410A       B       0       0       0       0    10E1    3039       0       0
      49980                    20                    20             6.4424793E-03         1.0000000E+30             27452       
 NEXT SEEDS: 1F16CB4       B       0       0       0       0    10E1    3039       0       0
      49981                    19                    19             6.4424274E-03         1.0000000E+30             27452       
 NEXT SEEDS: 1F1DBD7       B       0       0       0       0    10E1    3039       0       0
      49982                    18                    18             6.4424383E-03         1.0000000E+30             27453       
 NEXT SEEDS: 1F2AC28       B       0       0       0       0    10E1    3039       0       0
      49983                    17                    17             6.4423949E-03         1.0000000E+30             27453       
 NEXT SEEDS: 1F32BDE       B       0       0       0       0    10E1    3039       0       0
      49984                    16                    16             6.4423881E-03         1.0000000E+30             27454       
 NEXT SEEDS: 1F3D924       B       0       0       0       0    10E1    3039       0       0
      49985                    15                    15             6.4423819E-03         1.0000000E+30             27454       
 NEXT SEEDS: 1F487D3       B       0       0       0       0    10E1    3039       0       0
      49986                    14                    14             6.4424246E-03         1.0000000E+30             27454       
 NEXT SEEDS: 1F57209       B       0       0       0       0    10E1    3039       0       0
      49987                    13                    13             6.4423488E-03         1.0000000E+30             27454       
 NEXT SEEDS: 1F5B672       B       0       0       0       0    10E1    3039       0       0
      49988                    12                    12             6.4423512E-03         1.0000000E+30             27454       
 NEXT SEEDS: 1F655B8       B       0       0       0       0    10E1    3039       0       0
      49989                    11                    11             6.4424458E-03         1.0000000E+30             27455       
 NEXT SEEDS: 1F73570       B       0       0       0       0    10E1    3039       0       0
      49990                    10                    10             6.4424775E-03         1.0000000E+30             27455       
 NEXT SEEDS: 1F7FED4       B       0       0       0       0    10E1    3039       0       0
      49991                     9                     9             6.4424060E-03         1.0000000E+30             27458       
 NEXT SEEDS: 1F8713B       B       0       0       0       0    10E1    3039       0       0
      49992                     8                     8             6.4423052E-03         1.0000000E+30             27458       
 NEXT SEEDS: 1F89C07       B       0       0       0       0    10E1    3039       0       0
      49993                     7                     7             6.4423112E-03         1.0000000E+30             27458       
 NEXT SEEDS: 1F97E53       B       0       0       0       0    10E1    3039       0       0
      49994                     6                     6             6.4422648E-03         1.0000000E+30             27459       
 NEXT SEEDS: 1FA02F0       B       0       0       0       0    10E1    3039       0       0
      49995                     5                     5             6.4422604E-03         1.0000000E+30             27459       
 NEXT SEEDS: 1FAD3B8       B       0       0       0       0    10E1    3039       0       0
      49996                     4                     4             6.4422054E-03         1.0000000E+30             27462       
 NEXT SEEDS: 1FB51D8       B       0       0       0       0    10E1    3039       0       0
      49997                     3                     3             6.4422164E-03         1.0000000E+30             27462       
 NEXT SEEDS: 1FC32C1       B       0       0       0       0    10E1    3039       0       0
      49998                     2                     2             6.4421168E-03         1.0000000E+30             27464       
 NEXT SEEDS: 1FC753B       B       0       0       0       0    10E1    3039       0       0
      49999                     1                     1             6.4420899E-03         1.0000000E+30             27465       
 NEXT SEEDS: 1FD1D6F       B       0       0       0       0    10E1    3039       0       0
      50000                     0                     1             6.4420062E-03         1.0000000E+30             27466       
 NEXT SEEDS: 1FD6820       B       0       0       0       0    10E1    3039       0       0
