1NUMBER OF BEAM       NUMBER OF BEAM        APPROXIMATE NUMBER    AVERAGE TIME USED     TIME LEFT (RESERVED   NUMBER OF STARS
 PARTICLES HANDLED    PARTICLES LEFT        OF BEAM PARTICLES     BY A BEAM PARTICLE     10000.0 SECONDS      CREATED
                                            THAT CAN STILL BE                           FOR PRINTOUT)
                                            HANDLED

 NEXT SEEDS:24B0CF82       6       0       0       0       0    10E1    3039       0       0
          1                 49999                 49999             9.7229481E-03         1.0000000E+30                 2       
 NEXT SEEDS:24B1B2CA       6       0       0       0       0    10E1    3039       0       0
       1000                 49000                 49000             6.3843803E-03         1.0000000E+30               539       
 NEXT SEEDS:2759D2FF       6       0       0       0       0    10E1    3039       0       0
       2000                 48000                 48000             6.4132466E-03         1.0000000E+30              1086       
 NEXT SEEDS:29FFF084       6       0       0       0       0    10E1    3039       0       0
       3000                 47000                 47000             6.3551219E-03         1.0000000E+30              1646       
 NEXT SEEDS:2CA88792       6       0       0       0       0    10E1    3039       0       0
       4000                 46000                 46000             6.2290385E-03         1.0000000E+30              2163       
 NEXT SEEDS:2F50D8C0       6       0       0       0       0    10E1    3039       0       0
       5000                 45000                 45000             6.1446970E-03         1.0000000E+30              2699       
 NEXT SEEDS:31F4529A       6       0       0       0       0    10E1    3039       0       0
       6000                 44000                 44000             6.2356054E-03         1.0000000E+30              3248       
 NEXT SEEDS:34950ACD       6       0       0       0       0    10E1    3039       0       0
       7000                 43000                 43000             6.2547026E-03         1.0000000E+30              3813       
 NEXT SEEDS:372CBBA1       6       0       0       0       0    10E1    3039       0       0
       8000                 42000                 42000             6.2082063E-03         1.0000000E+30              4345       
 NEXT SEEDS:39D3502E       6       0       0       0       0    10E1    3039       0       0
       9000                 41000                 41000             6.1889565E-03         1.0000000E+30              4903       
 NEXT SEEDS:  E284F9       7       0       0       0       0    10E1    3039       0       0
      10000                 40000                 40000             6.1143033E-03         1.0000000E+30              5462       
 NEXT SEEDS: 37826D2       7       0       0       0       0    10E1    3039       0       0
      11000                 39000                 39000             6.1157737E-03         1.0000000E+30              5991       
 NEXT SEEDS: 62448DC       7       0       0       0       0    10E1    3039       0       0
      12000                 38000                 38000             6.1123699E-03         1.0000000E+30              6532       
 NEXT SEEDS: 8D049F0       7       0       0       0       0    10E1    3039       0       0
      13000                 37000                 37000             6.0844566E-03         1.0000000E+30              7048       
 NEXT SEEDS: B663863       7       0       0       0       0    10E1    3039       0       0
      14000                 36000                 36000             6.1144778E-03         1.0000000E+30              7627       
 NEXT SEEDS: E0C46A6       7       0       0       0       0    10E1    3039       0       0
      15000                 35000                 35000             6.1526492E-03         1.0000000E+30              8171       
 NEXT SEEDS:10B53F61       7       0       0       0       0    10E1    3039       0       0
      16000                 34000                 34000             6.1613148E-03         1.0000000E+30              8707       
 NEXT SEEDS:13588D4D       7       0       0       0       0    10E1    3039       0       0
      17000                 33000                 33000             6.1390478E-03         1.0000000E+30              9302       
 NEXT SEEDS:15FF36D0       7       0       0       0       0    10E1    3039       0       0
      18000                 32000                 32000             6.1241835E-03         1.0000000E+30              9854       
 NEXT SEEDS:189C7E75       7       0       0       0       0    10E1    3039       0       0
      19000                 31000                 31000             6.1360151E-03         1.0000000E+30             10412       
 NEXT SEEDS:1B3BBB90       7       0       0       0       0    10E1    3039       0       0
      20000                 30000                 30000             6.1303523E-03         1.0000000E+30             10920       
 NEXT SEEDS:1DE1413B       7       0       0       0       0    10E1    3039       0       0
      21000                 29000                 29000             6.1283779E-03         1.0000000E+30             11476       
 NEXT SEEDS:20841030       7       0       0       0       0    10E1    3039       0       0
      22000                 28000                 28000             6.1226042E-03         1.0000000E+30             12041       
 NEXT SEEDS:231B91F1       7       0       0       0       0    10E1    3039       0       0
      23000                 27000                 27000             6.1196958E-03         1.0000000E+30             12621       
 NEXT SEEDS:25C43FC2       7       0       0       0       0    10E1    3039       0       0
      24000                 26000                 26000             6.1185855E-03         1.0000000E+30             13198       
 NEXT SEEDS:285C2A7A       7       0       0       0       0    10E1    3039       0       0
      25000                 25000                 25000             6.1251714E-03         1.0000000E+30             13698       
 NEXT SEEDS:2B0359CB       7       0       0       0       0    10E1    3039       0       0
      26000                 24000                 24000             6.1279982E-03         1.0000000E+30             14243       
 NEXT SEEDS:2DAD914A       7       0       0       0       0    10E1    3039       0       0
      27000                 23000                 23000             6.1523080E-03         1.0000000E+30             14764       
 NEXT SEEDS:3055E0EF       7       0       0       0       0    10E1    3039       0       0
      28000                 22000                 22000             6.1489824E-03         1.0000000E+30             15299       
 NEXT SEEDS:32F92F99       7       0       0       0       0    10E1    3039       0       0
      29000                 21000                 21000             6.1781405E-03         1.0000000E+30             15854       
 NEXT SEEDS:359EF228       7       0       0       0       0    10E1    3039       0       0
      30000                 20000                 20000             6.1779586E-03         1.0000000E+30             16464       
 NEXT SEEDS:383A0CBC       7       0       0       0       0    10E1    3039       0       0
      31000                 19000                 19000             6.1841159E-03         1.0000000E+30             16973       
 NEXT SEEDS:3ADECE1A       7       0       0       0       0    10E1    3039       0       0
      32000                 18000                 18000             6.1902322E-03         1.0000000E+30             17536       
 NEXT SEEDS: 1E02074       8       0       0       0       0    10E1    3039       0       0
      33000                 17000                 17000             6.2132346E-03         1.0000000E+30             18129       
 NEXT SEEDS: 478123B       8       0       0       0       0    10E1    3039       0       0
      34000                 16000                 16000             6.2101287E-03         1.0000000E+30             18628       
 NEXT SEEDS: 71E77E6       8       0       0       0       0    10E1    3039       0       0
      35000                 15000                 15000             6.2157954E-03         1.0000000E+30             19157       
 NEXT SEEDS: 9BC59E4       8       0       0       0       0    10E1    3039       0       0
      36000                 14000                 14000             6.2221912E-03         1.0000000E+30             19707       
 NEXT SEEDS: C567757       8       0       0       0       0    10E1    3039       0       0
      37000                 13000                 13000             6.2291424E-03         1.0000000E+30             20254       
 NEXT SEEDS: F06D398       8       0       0       0       0    10E1    3039       0       0
      38000                 12000                 12000             6.2412249E-03         1.0000000E+30             20801       
 NEXT SEEDS:11A96D12       8       0       0       0       0    10E1    3039       0       0
      39000                 11000                 11000             6.2245858E-03         1.0000000E+30             21374       
 NEXT SEEDS:1449FDFC       8       0       0       0       0    10E1    3039       0       0
      40000                 10000                 10000             6.2224086E-03         1.0000000E+30             21905       
 NEXT SEEDS:16ED6544       8       0       0       0       0    10E1    3039       0       0
      41000                  9000                  9000             6.2312677E-03         1.0000000E+30             22491       
 NEXT SEEDS:198F8029       8       0       0       0       0    10E1    3039       0       0
      42000                  8000                  8000             6.2217163E-03         1.0000000E+30             23011       
 NEXT SEEDS:1C3549FA       8       0       0       0       0    10E1    3039       0       0
      43000                  7000                  7000             6.2173380E-03         1.0000000E+30             23562       
 NEXT SEEDS:1EDEF428       8       0       0       0       0    10E1    3039       0       0
      44000                  6000                  6000             6.2137877E-03         1.0000000E+30             24078       
 NEXT SEEDS:21823BE8       8       0       0       0       0    10E1    3039       0       0
      45000                  5000                  5000             6.2131506E-03         1.0000000E+30             24576       
 NEXT SEEDS:24219E3F       8       0       0       0       0    10E1    3039       0       0
      46000                  4000                  4000             6.2132564E-03         1.0000000E+30             25134       
 NEXT SEEDS:26C2B506       8       0       0       0       0    10E1    3039       0       0
      47000                  3000                  3000             6.2138993E-03         1.0000000E+30             25706       
 NEXT SEEDS:296D4292       8       0       0       0       0    10E1    3039       0       0
      48000                  2000                  2000             6.2215293E-03         1.0000000E+30             26261       
 NEXT SEEDS:2C061F0C       8       0       0       0       0    10E1    3039       0       0
      49000                  1000                  1000             6.2235210E-03         1.0000000E+30             26777       
 NEXT SEEDS:2EAC3376       8       0       0       0       0    10E1    3039       0       0
      49950                    50                    50             6.2280985E-03         1.0000000E+30             27322       
 NEXT SEEDS:3120C1BE       8       0       0       0       0    10E1    3039       0       0
      49951                    49                    49             6.2280807E-03         1.0000000E+30             27322       
 NEXT SEEDS:3121680A       8       0       0       0       0    10E1    3039       0       0
      49952                    48                    48             6.2280874E-03         1.0000000E+30             27323       
 NEXT SEEDS:312238DF       8       0       0       0       0    10E1    3039       0       0
      49953                    47                    47             6.2281099E-03         1.0000000E+30             27324       
 NEXT SEEDS:31232D8D       8       0       0       0       0    10E1    3039       0       0
      49954                    46                    46             6.2281587E-03         1.0000000E+30             27324       
 NEXT SEEDS:3123D6D1       8       0       0       0       0    10E1    3039       0       0
      49955                    45                    45             6.2282210E-03         1.0000000E+30             27324       
 NEXT SEEDS:3124C262       8       0       0       0       0    10E1    3039       0       0
      49956                    44                    44             6.2281916E-03         1.0000000E+30             27324       
 NEXT SEEDS:312561F7       8       0       0       0       0    10E1    3039       0       0
      49957                    43                    43             6.2281849E-03         1.0000000E+30             27324       
 NEXT SEEDS:3125F406       8       0       0       0       0    10E1    3039       0       0
      49958                    42                    42             6.2282074E-03         1.0000000E+30             27325       
 NEXT SEEDS:3126D8D2       8       0       0       0       0    10E1    3039       0       0
      49959                    41                    41             6.2281615E-03         1.0000000E+30             27325       
 NEXT SEEDS:31275631       8       0       0       0       0    10E1    3039       0       0
      49960                    40                    40             6.2281859E-03         1.0000000E+30             27325       
 NEXT SEEDS:312844C1       8       0       0       0       0    10E1    3039       0       0
      49961                    39                    39             6.2281859E-03         1.0000000E+30             27325       
 NEXT SEEDS:31290ECD       8       0       0       0       0    10E1    3039       0       0
      49962                    38                    38             6.2282103E-03         1.0000000E+30             27325       
 NEXT SEEDS:3129F95C       8       0       0       0       0    10E1    3039       0       0
      49963                    37                    37             6.2281668E-03         1.0000000E+30             27325       
 NEXT SEEDS:312A7978       8       0       0       0       0    10E1    3039       0       0
      49964                    36                    36             6.2281314E-03         1.0000000E+30             27325       
 NEXT SEEDS:312B0A8F       8       0       0       0       0    10E1    3039       0       0
      49965                    35                    35             6.2280311E-03         1.0000000E+30             27326       
 NEXT SEEDS:312B345A       8       0       0       0       0    10E1    3039       0       0
      49966                    34                    34             6.2279773E-03         1.0000000E+30             27326       
 NEXT SEEDS:312B9E01       8       0       0       0       0    10E1    3039       0       0
      49967                    33                    33             6.2279816E-03         1.0000000E+30             27326       
 NEXT SEEDS:312C58BB       8       0       0       0       0    10E1    3039       0       0
      49968                    32                    32             6.2279278E-03         1.0000000E+30             27327       
 NEXT SEEDS:312CBE3B       8       0       0       0       0    10E1    3039       0       0
      49969                    31                    31             6.2278575E-03         1.0000000E+30             27327       
 NEXT SEEDS:312D17D6       8       0       0       0       0    10E1    3039       0       0
      49970                    30                    30             6.2278916E-03         1.0000000E+30             27327       
 NEXT SEEDS:312E0889       8       0       0       0       0    10E1    3039       0       0
      49971                    29                    29             6.2279069E-03         1.0000000E+30             27328       
 NEXT SEEDS:312EEA9F       8       0       0       0       0    10E1    3039       0       0
      49972                    28                    28             6.2278403E-03         1.0000000E+30             27329       
 NEXT SEEDS:312F4279       8       0       0       0       0    10E1    3039       0       0
      49973                    27                    27             6.2277486E-03         1.0000000E+30             27329       
 NEXT SEEDS:312F7407       8       0       0       0       0    10E1    3039       0       0
      49974                    26                    26             6.2277675E-03         1.0000000E+30             27330       
 NEXT SEEDS:31305576       8       0       0       0       0    10E1    3039       0       0
      49975                    25                    25             6.2277754E-03         1.0000000E+30             27332       
 NEXT SEEDS:31312EA8       8       0       0       0       0    10E1    3039       0       0
      49976                    24                    24             6.2277369E-03         1.0000000E+30             27332       
 NEXT SEEDS:3131B064       8       0       0       0       0    10E1    3039       0       0
      49977                    23                    23             6.2276892E-03         1.0000000E+30             27332       
 NEXT SEEDS:31322315       8       0       0       0       0    10E1    3039       0       0
      49978                    22                    22             6.2276000E-03         1.0000000E+30             27333       
 NEXT SEEDS:313262A4       8       0       0       0       0    10E1    3039       0       0
      49979                    21                    21             6.2275981E-03         1.0000000E+30             27334       
 NEXT SEEDS:31331FF6       8       0       0       0       0    10E1    3039       0       0
      49980                    20                    20             6.2277123E-03         1.0000000E+30             27334       
 NEXT SEEDS:3133F29F       8       0       0       0       0    10E1    3039       0       0
      49981                    19                    19             6.2277324E-03         1.0000000E+30             27334       
 NEXT SEEDS:313476D5       8       0       0       0       0    10E1    3039       0       0
      49982                    18                    18             6.2278215E-03         1.0000000E+30             27336       
 NEXT SEEDS:31356577       8       0       0       0       0    10E1    3039       0       0
      49983                    17                    17             6.2278837E-03         1.0000000E+30             27336       
 NEXT SEEDS:313636F6       8       0       0       0       0    10E1    3039       0       0
      49984                    16                    16             6.2279838E-03         1.0000000E+30             27336       
 NEXT SEEDS:31371751       8       0       0       0       0    10E1    3039       0       0
      49985                    15                    15             6.2280210E-03         1.0000000E+30             27336       
 NEXT SEEDS:3137B430       8       0       0       0       0    10E1    3039       0       0
      49986                    14                    14             6.2279459E-03         1.0000000E+30             27337       
 NEXT SEEDS:31380527       8       0       0       0       0    10E1    3039       0       0
      49987                    13                    13             6.2281644E-03         1.0000000E+30             27337       
 NEXT SEEDS:3138F145       8       0       0       0       0    10E1    3039       0       0
      49988                    12                    12             6.2281100E-03         1.0000000E+30             27337       
 NEXT SEEDS:31394048       8       0       0       0       0    10E1    3039       0       0
      49989                    11                    11             6.2281453E-03         1.0000000E+30             27339       
 NEXT SEEDS:313A416D       8       0       0       0       0    10E1    3039       0       0
      49990                    10                    10             6.2281599E-03         1.0000000E+30             27339       
 NEXT SEEDS:313B1E37       8       0       0       0       0    10E1    3039       0       0
      49991                     9                     9             6.2281544E-03         1.0000000E+30             27339       
 NEXT SEEDS:313BCC2F       8       0       0       0       0    10E1    3039       0       0
      49992                     8                     8             6.2281672E-03         1.0000000E+30             27340       
 NEXT SEEDS:313CA8F8       8       0       0       0       0    10E1    3039       0       0
      49993                     7                     7             6.2282062E-03         1.0000000E+30             27341       
 NEXT SEEDS:313D946C       8       0       0       0       0    10E1    3039       0       0
      49994                     6                     6             6.2282043E-03         1.0000000E+30             27341       
 NEXT SEEDS:313E4F19       8       0       0       0       0    10E1    3039       0       0
      49995                     5                     5             6.2282433E-03         1.0000000E+30             27341       
 NEXT SEEDS:313F3810       8       0       0       0       0    10E1    3039       0       0
      49996                     4                     4             6.2281773E-03         1.0000000E+30             27341       
 NEXT SEEDS:313F94C1       8       0       0       0       0    10E1    3039       0       0
      49997                     3                     3             6.2281022E-03         1.0000000E+30             27341       
 NEXT SEEDS:313FDB82       8       0       0       0       0    10E1    3039       0       0
      49998                     2                     2             6.2281131E-03         1.0000000E+30             27342       
 NEXT SEEDS:3140CAAC       8       0       0       0       0    10E1    3039       0       0
      49999                     1                     1             6.2280997E-03         1.0000000E+30             27342       
 NEXT SEEDS:3141726B       8       0       0       0       0    10E1    3039       0       0
      50000                     0                     1             6.2280587E-03         1.0000000E+30             27342       
 NEXT SEEDS:3141E5DE       8       0       0       0       0    10E1    3039       0       0
