1NUMBER OF BEAM       NUMBER OF BEAM        APPROXIMATE NUMBER    AVERAGE TIME USED     TIME LEFT (RESERVED   NUMBER OF STARS
 PARTICLES HANDLED    PARTICLES LEFT        OF BEAM PARTICLES     BY A BEAM PARTICLE     10000.0 SECONDS      CREATED
                                            THAT CAN STILL BE                           FOR PRINTOUT)
                                            HANDLED

 NEXT SEEDS: BFFAF34       2       0       0       0       0    10E1    3039       0       0
          1                 49999                 49999             7.0009232E-03         1.0000000E+30                 0       
 NEXT SEEDS: C009704       2       0       0       0       0    10E1    3039       0       0
       1000                 49000                 49000             5.1797972E-03         1.0000000E+30               541       
 NEXT SEEDS: EA0BF8A       2       0       0       0       0    10E1    3039       0       0
       2000                 48000                 48000             5.3478122E-03         1.0000000E+30              1067       
 NEXT SEEDS:11477C89       2       0       0       0       0    10E1    3039       0       0
       3000                 47000                 47000             5.5649729E-03         1.0000000E+30              1617       
 NEXT SEEDS:13ECCB9A       2       0       0       0       0    10E1    3039       0       0
       4000                 46000                 46000             5.7856028E-03         1.0000000E+30              2136       
 NEXT SEEDS:168DA88B       2       0       0       0       0    10E1    3039       0       0
       5000                 45000                 45000             5.9222536E-03         1.0000000E+30              2667       
 NEXT SEEDS:19282181       2       0       0       0       0    10E1    3039       0       0
       6000                 44000                 44000             5.9075281E-03         1.0000000E+30              3193       
 NEXT SEEDS:1BBEDB34       2       0       0       0       0    10E1    3039       0       0
       7000                 43000                 43000             5.9825566E-03         1.0000000E+30              3765       
 NEXT SEEDS:1E678533       2       0       0       0       0    10E1    3039       0       0
       8000                 42000                 42000             5.9776508E-03         1.0000000E+30              4324       
 NEXT SEEDS:20FF5F94       2       0       0       0       0    10E1    3039       0       0
       9000                 41000                 41000             5.9598568E-03         1.0000000E+30              4876       
 NEXT SEEDS:23A81EB0       2       0       0       0       0    10E1    3039       0       0
      10000                 40000                 40000             6.0727494E-03         1.0000000E+30              5436       
 NEXT SEEDS:2652C081       2       0       0       0       0    10E1    3039       0       0
      11000                 39000                 39000             6.1046886E-03         1.0000000E+30              5995       
 NEXT SEEDS:28ED290F       2       0       0       0       0    10E1    3039       0       0
      12000                 38000                 38000             6.1365987E-03         1.0000000E+30              6583       
 NEXT SEEDS:2B850111       2       0       0       0       0    10E1    3039       0       0
      13000                 37000                 37000             6.1416122E-03         1.0000000E+30              7113       
 NEXT SEEDS:2E2D8861       2       0       0       0       0    10E1    3039       0       0
      14000                 36000                 36000             6.1566779E-03         1.0000000E+30              7657       
 NEXT SEEDS:30C4F839       2       0       0       0       0    10E1    3039       0       0
      15000                 35000                 35000             6.1794104E-03         1.0000000E+30              8227       
 NEXT SEEDS:335D557D       2       0       0       0       0    10E1    3039       0       0
      16000                 34000                 34000             6.2365823E-03         1.0000000E+30              8748       
 NEXT SEEDS:3600E5E6       2       0       0       0       0    10E1    3039       0       0
      17000                 33000                 33000             6.2343899E-03         1.0000000E+30              9344       
 NEXT SEEDS:38A19254       2       0       0       0       0    10E1    3039       0       0
      18000                 32000                 32000             6.2752152E-03         1.0000000E+30              9884       
 NEXT SEEDS:3B48EB5D       2       0       0       0       0    10E1    3039       0       0
      19000                 31000                 31000             6.2923837E-03         1.0000000E+30             10427       
 NEXT SEEDS: 25E420D       3       0       0       0       0    10E1    3039       0       0
      20000                 30000                 30000             6.2837216E-03         1.0000000E+30             10972       
 NEXT SEEDS: 5035229       3       0       0       0       0    10E1    3039       0       0
      21000                 29000                 29000             6.2758909E-03         1.0000000E+30             11515       
 NEXT SEEDS: 7AA8F27       3       0       0       0       0    10E1    3039       0       0
      22000                 28000                 28000             6.2878914E-03         1.0000000E+30             12025       
 NEXT SEEDS: A56FBEC       3       0       0       0       0    10E1    3039       0       0
      23000                 27000                 27000             6.2881102E-03         1.0000000E+30             12554       
 NEXT SEEDS: CEDBC8E       3       0       0       0       0    10E1    3039       0       0
      24000                 26000                 26000             6.2687598E-03         1.0000000E+30             13130       
 NEXT SEEDS: F8B1F10       3       0       0       0       0    10E1    3039       0       0
      25000                 25000                 25000             6.2744602E-03         1.0000000E+30             13697       
 NEXT SEEDS:1236D370       3       0       0       0       0    10E1    3039       0       0
      26000                 24000                 24000             6.2906797E-03         1.0000000E+30             14248       
 NEXT SEEDS:14DE0CEF       3       0       0       0       0    10E1    3039       0       0
      27000                 23000                 23000             6.2968991E-03         1.0000000E+30             14767       
 NEXT SEEDS:17820F8F       3       0       0       0       0    10E1    3039       0       0
      28000                 22000                 22000             6.2970682E-03         1.0000000E+30             15318       
 NEXT SEEDS:1A1D6C61       3       0       0       0       0    10E1    3039       0       0
      29000                 21000                 21000             6.3022253E-03         1.0000000E+30             15842       
 NEXT SEEDS:1CC8C2FA       3       0       0       0       0    10E1    3039       0       0
      30000                 20000                 20000             6.3046842E-03         1.0000000E+30             16380       
 NEXT SEEDS:1F7138C2       3       0       0       0       0    10E1    3039       0       0
      31000                 19000                 19000             6.2998143E-03         1.0000000E+30             16905       
 NEXT SEEDS:221643A6       3       0       0       0       0    10E1    3039       0       0
      32000                 18000                 18000             6.3148763E-03         1.0000000E+30             17473       
 NEXT SEEDS:24BA7DFC       3       0       0       0       0    10E1    3039       0       0
      33000                 17000                 17000             6.3160801E-03         1.0000000E+30             18061       
 NEXT SEEDS:274F6D74       3       0       0       0       0    10E1    3039       0       0
      34000                 16000                 16000             6.3067683E-03         1.0000000E+30             18636       
 NEXT SEEDS:29EFBE38       3       0       0       0       0    10E1    3039       0       0
      35000                 15000                 15000             6.3130282E-03         1.0000000E+30             19197       
 NEXT SEEDS:2C947B2C       3       0       0       0       0    10E1    3039       0       0
      36000                 14000                 14000             6.3088157E-03         1.0000000E+30             19773       
 NEXT SEEDS:2F33CF59       3       0       0       0       0    10E1    3039       0       0
      37000                 13000                 13000             6.2995422E-03         1.0000000E+30             20313       
 NEXT SEEDS:31CE48CF       3       0       0       0       0    10E1    3039       0       0
      38000                 12000                 12000             6.2963343E-03         1.0000000E+30             20875       
 NEXT SEEDS:3471EAA9       3       0       0       0       0    10E1    3039       0       0
      39000                 11000                 11000             6.2846478E-03         1.0000000E+30             21412       
 NEXT SEEDS:3710B62F       3       0       0       0       0    10E1    3039       0       0
      40000                 10000                 10000             6.2677416E-03         1.0000000E+30             21951       
 NEXT SEEDS:39A75110       3       0       0       0       0    10E1    3039       0       0
      41000                  9000                  9000             6.2602281E-03         1.0000000E+30             22536       
 NEXT SEEDS:  C4C5FE       4       0       0       0       0    10E1    3039       0       0
      42000                  8000                  8000             6.2510814E-03         1.0000000E+30             23100       
 NEXT SEEDS: 35D4FE8       4       0       0       0       0    10E1    3039       0       0
      43000                  7000                  7000             6.2431721E-03         1.0000000E+30             23648       
 NEXT SEEDS: 5F7BE80       4       0       0       0       0    10E1    3039       0       0
      44000                  6000                  6000             6.2401867E-03         1.0000000E+30             24169       
 NEXT SEEDS: 88DAFE6       4       0       0       0       0    10E1    3039       0       0
      45000                  5000                  5000             6.2519099E-03         1.0000000E+30             24751       
 NEXT SEEDS: B2EC7C3       4       0       0       0       0    10E1    3039       0       0
      46000                  4000                  4000             6.2621323E-03         1.0000000E+30             25287       
 NEXT SEEDS: DCC1C9F       4       0       0       0       0    10E1    3039       0       0
      47000                  3000                  3000             6.2632013E-03         1.0000000E+30             25868       
 NEXT SEEDS:1069AACF       4       0       0       0       0    10E1    3039       0       0
      48000                  2000                  2000             6.2642945E-03         1.0000000E+30             26398       
 NEXT SEEDS:13094D48       4       0       0       0       0    10E1    3039       0       0
      49000                  1000                  1000             6.2693614E-03         1.0000000E+30             26984       
 NEXT SEEDS:15AD9F1C       4       0       0       0       0    10E1    3039       0       0
      49950                    50                    50             6.2898099E-03         1.0000000E+30             27466       
 NEXT SEEDS:1833501B       4       0       0       0       0    10E1    3039       0       0
      49951                    49                    49             6.2901733E-03         1.0000000E+30             27466       
 NEXT SEEDS:18343805       4       0       0       0       0    10E1    3039       0       0
      49952                    48                    48             6.2905838E-03         1.0000000E+30             27466       
 NEXT SEEDS:18352745       4       0       0       0       0    10E1    3039       0       0
      49953                    47                    47             6.2908415E-03         1.0000000E+30             27467       
 NEXT SEEDS:1835EA16       4       0       0       0       0    10E1    3039       0       0
      49954                    46                    46             6.2913106E-03         1.0000000E+30             27467       
 NEXT SEEDS:1836BC70       4       0       0       0       0    10E1    3039       0       0
      49955                    45                    45             6.2916704E-03         1.0000000E+30             27467       
 NEXT SEEDS:18378BA3       4       0       0       0       0    10E1    3039       0       0
      49956                    44                    44             6.2916690E-03         1.0000000E+30             27468       
 NEXT SEEDS:1837D670       4       0       0       0       0    10E1    3039       0       0
      49957                    43                    43             6.2919548E-03         1.0000000E+30             27469       
 NEXT SEEDS:1838CEE8       4       0       0       0       0    10E1    3039       0       0
      49958                    42                    42             6.2920299E-03         1.0000000E+30             27470       
 NEXT SEEDS:183933DD       4       0       0       0       0    10E1    3039       0       0
      49959                    41                    41             6.2922203E-03         1.0000000E+30             27470       
 NEXT SEEDS:1839D89B       4       0       0       0       0    10E1    3039       0       0
      49960                    40                    40             6.2922373E-03         1.0000000E+30             27472       
 NEXT SEEDS:183A2E96       4       0       0       0       0    10E1    3039       0       0
      49961                    39                    39             6.2921725E-03         1.0000000E+30             27472       
 NEXT SEEDS:183A91AF       4       0       0       0       0    10E1    3039       0       0
      49962                    38                    38             6.2921052E-03         1.0000000E+30             27474       
 NEXT SEEDS:183AE82A       4       0       0       0       0    10E1    3039       0       0
      49963                    37                    37             6.2921252E-03         1.0000000E+30             27474       
 NEXT SEEDS:183BD389       4       0       0       0       0    10E1    3039       0       0
      49964                    36                    36             6.2921477E-03         1.0000000E+30             27474       
 NEXT SEEDS:183CBF70       4       0       0       0       0    10E1    3039       0       0
      49965                    35                    35             6.2921018E-03         1.0000000E+30             27474       
 NEXT SEEDS:183D3A4A       4       0       0       0       0    10E1    3039       0       0
      49966                    34                    34             6.2921218E-03         1.0000000E+30             27476       
 NEXT SEEDS:183E2A12       4       0       0       0       0    10E1    3039       0       0
      49967                    33                    33             6.2920600E-03         1.0000000E+30             27477       
 NEXT SEEDS:183E6AFB       4       0       0       0       0    10E1    3039       0       0
      49968                    32                    32             6.2922548E-03         1.0000000E+30             27477       
 NEXT SEEDS:183F2AF0       4       0       0       0       0    10E1    3039       0       0
      49969                    31                    31             6.2921783E-03         1.0000000E+30             27478       
 NEXT SEEDS:183F3BCE       4       0       0       0       0    10E1    3039       0       0
      49970                    30                    30             6.2922441E-03         1.0000000E+30             27478       
 NEXT SEEDS:18401384       4       0       0       0       0    10E1    3039       0       0
      49971                    29                    29             6.2921976E-03         1.0000000E+30             27479       
 NEXT SEEDS:184094DF       4       0       0       0       0    10E1    3039       0       0
      49972                    28                    28             6.2922207E-03         1.0000000E+30             27479       
 NEXT SEEDS:184181DF       4       0       0       0       0    10E1    3039       0       0
      49973                    27                    27             6.2922389E-03         1.0000000E+30             27479       
 NEXT SEEDS:18426DC8       4       0       0       0       0    10E1    3039       0       0
      49974                    26                    26             6.2922584E-03         1.0000000E+30             27479       
 NEXT SEEDS:1843569C       4       0       0       0       0    10E1    3039       0       0
      49975                    25                    25             6.2922778E-03         1.0000000E+30             27479       
 NEXT SEEDS:18443F5B       4       0       0       0       0    10E1    3039       0       0
      49976                    24                    24             6.2922593E-03         1.0000000E+30             27479       
 NEXT SEEDS:1844E949       4       0       0       0       0    10E1    3039       0       0
      49977                    23                    23             6.2922776E-03         1.0000000E+30             27479       
 NEXT SEEDS:1845D50A       4       0       0       0       0    10E1    3039       0       0
      49978                    22                    22             6.2922909E-03         1.0000000E+30             27480       
 NEXT SEEDS:1846BC47       4       0       0       0       0    10E1    3039       0       0
      49979                    21                    21             6.2922114E-03         1.0000000E+30             27481       
 NEXT SEEDS:18470493       4       0       0       0       0    10E1    3039       0       0
      49980                    20                    20             6.2922369E-03         1.0000000E+30             27482       
 NEXT SEEDS:1847FDF6       4       0       0       0       0    10E1    3039       0       0
      49981                    19                    19             6.2921690E-03         1.0000000E+30             27482       
 NEXT SEEDS:18485A62       4       0       0       0       0    10E1    3039       0       0
      49982                    18                    18             6.2921060E-03         1.0000000E+30             27483       
 NEXT SEEDS:1848C39C       4       0       0       0       0    10E1    3039       0       0
      49983                    17                    17             6.2920027E-03         1.0000000E+30             27484       
 NEXT SEEDS:1848E952       4       0       0       0       0    10E1    3039       0       0
      49984                    16                    16             6.2919336E-03         1.0000000E+30             27485       
 NEXT SEEDS:18494970       4       0       0       0       0    10E1    3039       0       0
      49985                    15                    15             6.2919238E-03         1.0000000E+30             27486       
 NEXT SEEDS:1849B241       4       0       0       0       0    10E1    3039       0       0
      49986                    14                    14             6.2918864E-03         1.0000000E+30             27486       
 NEXT SEEDS:184A4197       4       0       0       0       0    10E1    3039       0       0
      49987                    13                    13             6.2918295E-03         1.0000000E+30             27486       
 NEXT SEEDS:184AAC78       4       0       0       0       0    10E1    3039       0       0
      49988                    12                    12             6.2918459E-03         1.0000000E+30             27486       
 NEXT SEEDS:184B91B9       4       0       0       0       0    10E1    3039       0       0
      49989                    11                    11             6.2918641E-03         1.0000000E+30             27486       
 NEXT SEEDS:184C7B48       4       0       0       0       0    10E1    3039       0       0
      49990                    10                    10             6.2917859E-03         1.0000000E+30             27487       
 NEXT SEEDS:184CC9E3       4       0       0       0       0    10E1    3039       0       0
      49991                     9                     9             6.2918090E-03         1.0000000E+30             27488       
 NEXT SEEDS:184DC0D5       4       0       0       0       0    10E1    3039       0       0
      49992                     8                     8             6.2917429E-03         1.0000000E+30             27488       
 NEXT SEEDS:184E2062       4       0       0       0       0    10E1    3039       0       0
      49993                     7                     7             6.2917154E-03         1.0000000E+30             27488       
 NEXT SEEDS:184EBFF8       4       0       0       0       0    10E1    3039       0       0
      49994                     6                     6             6.2917317E-03         1.0000000E+30             27488       
 NEXT SEEDS:184FABEE       4       0       0       0       0    10E1    3039       0       0
      49995                     5                     5             6.2917225E-03         1.0000000E+30             27489       
 NEXT SEEDS:185076E5       4       0       0       0       0    10E1    3039       0       0
      49996                     4                     4             6.2917309E-03         1.0000000E+30             27491       
 NEXT SEEDS:1851576F       4       0       0       0       0    10E1    3039       0       0
      49997                     3                     3             6.2917076E-03         1.0000000E+30             27492       
 NEXT SEEDS:18520208       4       0       0       0       0    10E1    3039       0       0
      49998                     2                     2             6.2918027E-03         1.0000000E+30             27492       
 NEXT SEEDS:1852F942       4       0       0       0       0    10E1    3039       0       0
      49999                     1                     1             6.2917233E-03         1.0000000E+30             27492       
 NEXT SEEDS:18533DFD       4       0       0       0       0    10E1    3039       0       0
      50000                     0                     1             6.2917214E-03         1.0000000E+30             27492       
 NEXT SEEDS:1854027D       4       0       0       0       0    10E1    3039       0       0
