===============================
MCDS Version 3.10A  08-DEC-2011
===============================
     28.946     running time (min)
  987654321     random number seed
       3001     number of cells (nocs)
 0.0000E+00     water-equivalent material (WEM) thickness (mg/cm^2)
 1.0000E+00     Desired dose to the cell nucleus (Gy)
 1.0000E+00     DNA content (Gbp)

TARGET (cell) DEFINITION (4V/S = mean chord length)
========================================================
            DIAMETER     4V/S      Volume      Mass
               (um)      (um)      (um^3)      (ng)
--------------------------------------------------------
DNA            ---        ---     1.021E+00  1.021E-03
NUCLEUS     5.000E+00  3.333E+00  6.545E+01  6.545E-02
CYTOPLASM      ---        ---     4.581E+02  4.581E-01
CELL        1.000E+01  6.667E+00  5.236E+02  5.236E-01
========================================================
NOTE: In human DNA, 1 Gbp=0.979 ng (not including bound
H2O).  DNA volume computed using a density of 1 g/cm^3.

INCIDENT MXRF: Selected properties of the particles incident on the bottom
of a cell culture dish. Minimum distance particles must travel to reach the
cell nucleus: 0.5(cdia-ndia)+10WEM = 2.50 um.
===============================================================================
      -- KE --              CSDA     --- S (keV/um) ---   Fluence      DOSE*
  Ion   (MeV)      zeb     Range (cm)   Rad      Total     (1/cm^2)     (Gy)
===============================================================================
 56Fe  2.61E-01 1.311E+05  1.015E-04  0.00E+00 3.623E+02  1.429E+03  8.296E-04
 56Fe  2.71E-01 1.310E+05  1.043E-04  0.00E+00 3.695E+02  1.429E+03  8.460E-04
 56Fe  2.82E-01 1.309E+05  1.072E-04  0.00E+00 3.769E+02  1.429E+03  8.630E-04
 56Fe  2.93E-01 1.308E+05  1.101E-04  0.00E+00 3.845E+02  1.429E+03  8.804E-04
 56Fe  3.04E-01 1.306E+05  1.130E-04  0.00E+00 3.924E+02  1.429E+03  8.984E-04
 56Fe  3.16E-01 1.305E+05  1.160E-04  0.00E+00 4.005E+02  1.429E+03  9.170E-04
 56Fe  3.28E-01 1.304E+05  1.191E-04  0.00E+00 4.088E+02  1.429E+03  9.361E-04
 56Fe  3.41E-01 1.303E+05  1.222E-04  0.00E+00 4.174E+02  1.429E+03  9.557E-04
 56Fe  3.55E-01 1.301E+05  1.253E-04  0.00E+00 4.262E+02  1.429E+03  9.760E-04
 56Fe  3.68E-01 1.300E+05  1.286E-04  0.00E+00 4.354E+02  1.429E+03  9.969E-04
 56Fe  3.83E-01 1.299E+05  1.318E-04  0.00E+00 4.447E+02  1.429E+03  1.018E-03
 56Fe  3.98E-01 1.297E+05  1.352E-04  0.00E+00 4.544E+02  1.429E+03  1.040E-03
 56Fe  4.13E-01 1.296E+05  1.385E-04  0.00E+00 4.643E+02  1.429E+03  1.063E-03
 56Fe  4.30E-01 1.295E+05  1.420E-04  0.00E+00 4.746E+02  1.429E+03  1.087E-03
 56Fe  4.46E-01 1.293E+05  1.455E-04  0.00E+00 4.851E+02  1.429E+03  1.111E-03
 56Fe  4.64E-01 1.292E+05  1.491E-04  0.00E+00 4.959E+02  1.429E+03  1.136E-03
 56Fe  4.82E-01 1.290E+05  1.527E-04  0.00E+00 5.070E+02  1.429E+03  1.161E-03
 56Fe  5.01E-01 1.289E+05  1.564E-04  0.00E+00 5.185E+02  1.429E+03  1.187E-03
 56Fe  5.20E-01 1.287E+05  1.601E-04  0.00E+00 5.303E+02  1.429E+03  1.214E-03
 56Fe  5.41E-01 1.286E+05  1.639E-04  0.00E+00 5.424E+02  1.429E+03  1.242E-03
 56Fe  5.62E-01 1.284E+05  1.677E-04  0.00E+00 5.549E+02  1.429E+03  1.271E-03
 56Fe  5.84E-01 1.282E+05  1.717E-04  0.00E+00 5.677E+02  1.429E+03  1.300E-03
 56Fe  6.07E-01 1.281E+05  1.756E-04  0.00E+00 5.809E+02  1.429E+03  1.330E-03
 56Fe  6.30E-01 1.279E+05  1.797E-04  0.00E+00 5.945E+02  1.429E+03  1.361E-03
 56Fe  6.55E-01 1.277E+05  1.838E-04  0.00E+00 6.084E+02  1.429E+03  1.393E-03
 56Fe  6.81E-01 1.276E+05  1.879E-04  0.00E+00 6.228E+02  1.429E+03  1.426E-03
 56Fe  7.07E-01 1.274E+05  1.922E-04  0.00E+00 6.375E+02  1.429E+03  1.460E-03
 56Fe  7.35E-01 1.272E+05  1.964E-04  0.00E+00 6.527E+02  1.429E+03  1.495E-03
 56Fe  7.64E-01 1.270E+05  2.008E-04  0.00E+00 6.683E+02  1.429E+03  1.530E-03
 56Fe  7.94E-01 1.268E+05  2.052E-04  0.00E+00 6.844E+02  1.429E+03  1.567E-03
 56Fe  8.25E-01 1.266E+05  2.097E-04  0.00E+00 7.009E+02  1.429E+03  1.605E-03
 56Fe  8.57E-01 1.264E+05  2.142E-04  0.00E+00 7.179E+02  1.429E+03  1.644E-03
 56Fe  8.91E-01 1.262E+05  2.189E-04  0.00E+00 7.354E+02  1.429E+03  1.684E-03
 56Fe  9.25E-01 1.260E+05  2.235E-04  0.00E+00 7.535E+02  1.429E+03  1.725E-03
 56Fe  9.62E-01 1.258E+05  2.283E-04  0.00E+00 7.720E+02  1.429E+03  1.768E-03
 56Fe  9.99E-01 1.256E+05  2.331E-04  0.00E+00 7.911E+02  1.429E+03  1.812E-03
 56Fe  1.04E+00 1.254E+05  2.380E-04  0.00E+00 8.108E+02  1.429E+03  1.857E-03
 56Fe  1.08E+00 1.252E+05  2.429E-04  0.00E+00 8.311E+02  1.429E+03  1.903E-03
 56Fe  1.12E+00 1.250E+05  2.479E-04  0.00E+00 8.520E+02  1.429E+03  1.951E-03
 56Fe  1.17E+00 1.248E+05  2.530E-04  0.00E+00 8.735E+02  1.429E+03  2.000E-03
 56Fe  1.21E+00 1.245E+05  2.582E-04  0.00E+00 8.957E+02  1.429E+03  2.051E-03
 56Fe  1.26E+00 1.243E+05  2.634E-04  0.00E+00 9.186E+02  1.429E+03  2.103E-03
 56Fe  1.31E+00 1.241E+05  2.687E-04  0.00E+00 9.422E+02  1.429E+03  2.157E-03
 56Fe  1.36E+00 1.238E+05  2.740E-04  0.00E+00 9.665E+02  1.429E+03  2.213E-03
 56Fe  1.41E+00 1.236E+05  2.794E-04  0.00E+00 9.917E+02  1.429E+03  2.271E-03
 56Fe  1.47E+00 1.233E+05  2.849E-04  0.00E+00 1.018E+03  1.429E+03  2.330E-03
 56Fe  1.52E+00 1.231E+05  2.905E-04  0.00E+00 1.044E+03  1.429E+03  2.391E-03
 56Fe  1.58E+00 1.228E+05  2.961E-04  0.00E+00 1.072E+03  1.429E+03  2.455E-03
 56Fe  1.65E+00 1.226E+05  3.018E-04  0.00E+00 1.101E+03  1.429E+03  2.520E-03
 56Fe  1.71E+00 1.223E+05  3.076E-04  0.00E+00 1.130E+03  1.429E+03  2.588E-03
 56Fe  1.78E+00 1.221E+05  3.134E-04  0.00E+00 1.161E+03  1.429E+03  2.658E-03
 56Fe  1.85E+00 1.218E+05  3.193E-04  0.00E+00 1.192E+03  1.429E+03  2.730E-03
 56Fe  1.92E+00 1.215E+05  3.253E-04  0.00E+00 1.225E+03  1.429E+03  2.805E-03
 56Fe  1.99E+00 1.212E+05  3.314E-04  0.00E+00 1.259E+03  1.429E+03  2.882E-03
 56Fe  2.07E+00 1.209E+05  3.376E-04  0.00E+00 1.294E+03  1.429E+03  2.962E-03
 56Fe  2.15E+00 1.206E+05  3.437E-04  0.00E+00 1.330E+03  1.429E+03  3.045E-03
 56Fe  2.24E+00 1.203E+05  3.500E-04  0.00E+00 1.367E+03  1.429E+03  3.131E-03
 56Fe  2.32E+00 1.200E+05  3.563E-04  0.00E+00 1.406E+03  1.429E+03  3.220E-03
 56Fe  2.42E+00 1.197E+05  3.627E-04  0.00E+00 1.446E+03  1.429E+03  3.312E-03
 56Fe  2.51E+00 1.194E+05  3.691E-04  0.00E+00 1.488E+03  1.429E+03  3.407E-03
 56Fe  2.61E+00 1.191E+05  3.756E-04  0.00E+00 1.531E+03  1.429E+03  3.505E-03
 56Fe  2.71E+00 1.188E+05  3.822E-04  0.00E+00 1.575E+03  1.429E+03  3.606E-03
 56Fe  2.82E+00 1.185E+05  3.888E-04  0.00E+00 1.621E+03  1.429E+03  3.712E-03
 56Fe  2.93E+00 1.181E+05  3.955E-04  0.00E+00 1.668E+03  1.429E+03  3.820E-03
 56Fe  3.04E+00 1.178E+05  4.023E-04  0.00E+00 1.717E+03  1.429E+03  3.932E-03
 56Fe  3.16E+00 1.175E+05  4.091E-04  0.00E+00 1.768E+03  1.429E+03  4.048E-03
 56Fe  3.28E+00 1.171E+05  4.160E-04  0.00E+00 1.820E+03  1.429E+03  4.168E-03
 56Fe  3.41E+00 1.168E+05  4.229E-04  0.00E+00 1.874E+03  1.429E+03  4.291E-03
 56Fe  3.55E+00 1.164E+05  4.300E-04  0.00E+00 1.929E+03  1.429E+03  4.418E-03
 56Fe  3.68E+00 1.160E+05  4.370E-04  0.00E+00 1.986E+03  1.429E+03  4.548E-03
 56Fe  3.83E+00 1.157E+05  4.442E-04  0.00E+00 2.045E+03  1.429E+03  4.683E-03
 56Fe  3.98E+00 1.153E+05  4.514E-04  0.00E+00 2.105E+03  1.429E+03  4.820E-03
 56Fe  4.13E+00 1.149E+05  4.587E-04  0.00E+00 2.167E+03  1.429E+03  4.961E-03
 56Fe  4.30E+00 1.145E+05  4.661E-04  0.00E+00 2.230E+03  1.429E+03  5.105E-03
 56Fe  4.46E+00 1.141E+05  4.735E-04  0.00E+00 2.294E+03  1.429E+03  5.253E-03
 56Fe  4.64E+00 1.137E+05  4.810E-04  0.00E+00 2.360E+03  1.429E+03  5.403E-03
 56Fe  4.82E+00 1.133E+05  4.886E-04  0.00E+00 2.426E+03  1.429E+03  5.556E-03
 56Fe  5.01E+00 1.129E+05  4.963E-04  0.00E+00 2.494E+03  1.429E+03  5.710E-03
 56Fe  5.20E+00 1.125E+05  5.041E-04  0.00E+00 2.562E+03  1.429E+03  5.867E-03
 56Fe  5.41E+00 1.121E+05  5.120E-04  0.00E+00 2.632E+03  1.429E+03  6.026E-03
 56Fe  5.62E+00 1.117E+05  5.200E-04  0.00E+00 2.701E+03  1.429E+03  6.186E-03
 56Fe  5.84E+00 1.112E+05  5.280E-04  0.00E+00 2.771E+03  1.429E+03  6.346E-03
 56Fe  6.07E+00 1.108E+05  5.359E-04  0.00E+00 2.842E+03  1.429E+03  6.507E-03
 56Fe  6.31E+00 1.103E+05  5.442E-04  0.00E+00 2.912E+03  1.429E+03  6.667E-03
 56Fe  6.55E+00 1.099E+05  5.525E-04  0.00E+00 2.982E+03  1.429E+03  6.828E-03
 56Fe  6.81E+00 1.094E+05  5.610E-04  0.00E+00 3.051E+03  1.429E+03  6.987E-03
 56Fe  7.08E+00 1.089E+05  5.697E-04  0.00E+00 3.120E+03  1.429E+03  7.144E-03
 56Fe  7.35E+00 1.085E+05  5.785E-04  0.00E+00 3.188E+03  1.429E+03  7.300E-03
 56Fe  7.64E+00 1.080E+05  5.875E-04  0.00E+00 3.255E+03  1.429E+03  7.453E-03
 56Fe  7.94E+00 1.075E+05  5.966E-04  0.00E+00 3.320E+03  1.429E+03  7.603E-03
 56Fe  8.25E+00 1.070E+05  6.058E-04  0.00E+00 3.385E+03  1.429E+03  7.750E-03
 56Fe  8.57E+00 1.065E+05  6.153E-04  0.00E+00 3.447E+03  1.429E+03  7.894E-03
 56Fe  8.91E+00 1.060E+05  6.249E-04  0.00E+00 3.508E+03  1.429E+03  8.033E-03
 56Fe  9.26E+00 1.055E+05  6.348E-04  0.00E+00 3.567E+03  1.429E+03  8.168E-03
 56Fe  9.62E+00 1.050E+05  6.448E-04  0.00E+00 3.624E+03  1.429E+03  8.299E-03
 56Fe  1.00E+01 1.044E+05  6.551E-04  0.00E+00 3.679E+03  1.429E+03  8.425E-03
 56Fe  1.04E+01 1.039E+05  6.657E-04  0.00E+00 3.732E+03  1.429E+03  8.546E-03
 56Fe  1.08E+01 1.033E+05  6.765E-04  0.00E+00 3.783E+03  1.429E+03  8.663E-03
 56Fe  1.12E+01 1.028E+05  6.876E-04  0.00E+00 3.832E+03  1.429E+03  8.774E-03
 56Fe  1.17E+01 1.022E+05  6.990E-04  0.00E+00 3.878E+03  1.429E+03  8.880E-03
 56Fe  1.21E+01 1.017E+05  7.106E-04  0.00E+00 3.922E+03  1.429E+03  8.981E-03
 56Fe  1.26E+01 1.011E+05  7.227E-04  0.00E+00 3.964E+03  1.429E+03  9.076E-03
 56Fe  1.31E+01 1.005E+05  7.350E-04  0.00E+00 4.003E+03  1.429E+03  9.167E-03
 56Fe  1.36E+01 9.993E+04  7.478E-04  0.00E+00 4.041E+03  1.429E+03  9.253E-03
 56Fe  1.41E+01 9.934E+04  7.609E-04  0.00E+00 4.076E+03  1.429E+03  9.333E-03
 56Fe  1.47E+01 9.874E+04  7.744E-04  0.00E+00 4.109E+03  1.429E+03  9.409E-03
 56Fe  1.52E+01 9.813E+04  7.884E-04  0.00E+00 4.140E+03  1.429E+03  9.480E-03
 56Fe  1.58E+01 9.751E+04  8.028E-04  0.00E+00 4.169E+03  1.429E+03  9.547E-03
 56Fe  1.65E+01 9.689E+04  8.176E-04  0.00E+00 4.197E+03  1.429E+03  9.609E-03
 56Fe  1.71E+01 9.626E+04  8.330E-04  0.00E+00 4.222E+03  1.429E+03  9.667E-03
 56Fe  1.78E+01 9.563E+04  8.488E-04  0.00E+00 4.245E+03  1.429E+03  9.721E-03
 56Fe  1.85E+01 9.498E+04  8.652E-04  0.00E+00 4.267E+03  1.429E+03  9.771E-03
 56Fe  1.92E+01 9.433E+04  8.818E-04  0.00E+00 4.287E+03  1.429E+03  9.817E-03
 56Fe  1.99E+01 9.367E+04  8.993E-04  0.00E+00 4.306E+03  1.429E+03  9.860E-03
 56Fe  2.07E+01 9.301E+04  9.174E-04  0.00E+00 4.323E+03  1.429E+03  9.899E-03
 56Fe  2.15E+01 9.233E+04  9.361E-04  0.00E+00 4.339E+03  1.429E+03  9.934E-03
 56Fe  2.24E+01 9.165E+04  9.555E-04  0.00E+00 4.353E+03  1.429E+03  9.967E-03
 56Fe  2.33E+01 9.097E+04  9.756E-04  0.00E+00 4.366E+03  1.429E+03  9.996E-03
 56Fe  2.42E+01 9.027E+04  9.965E-04  0.00E+00 4.377E+03  1.429E+03  1.002E-02
 56Fe  2.51E+01 8.957E+04  1.018E-03  0.00E+00 4.387E+03  1.429E+03  1.005E-02
 56Fe  2.61E+01 8.887E+04  1.040E-03  0.00E+00 4.396E+03  1.429E+03  1.007E-02
 56Fe  2.71E+01 8.815E+04  1.064E-03  0.00E+00 4.404E+03  1.429E+03  1.008E-02
 56Fe  2.82E+01 8.743E+04  1.088E-03  0.00E+00 4.411E+03  1.429E+03  1.010E-02
 56Fe  2.93E+01 8.670E+04  1.113E-03  0.00E+00 4.416E+03  1.429E+03  1.011E-02
 56Fe  3.04E+01 8.597E+04  1.139E-03  0.00E+00 4.421E+03  1.429E+03  1.012E-02
 56Fe  3.16E+01 8.523E+04  1.166E-03  0.00E+00 4.424E+03  1.429E+03  1.013E-02
 56Fe  3.29E+01 8.448E+04  1.194E-03  0.00E+00 4.427E+03  1.429E+03  1.014E-02
 56Fe  3.42E+01 8.372E+04  1.223E-03  0.00E+00 4.428E+03  1.429E+03  1.014E-02
 56Fe  3.55E+01 8.296E+04  1.253E-03  0.00E+00 4.429E+03  1.429E+03  1.014E-02
 56Fe  3.69E+01 8.220E+04  1.284E-03  0.00E+00 4.428E+03  1.429E+03  1.014E-02
 56Fe  3.83E+01 8.142E+04  1.317E-03  0.00E+00 4.427E+03  1.429E+03  1.014E-02
 56Fe  3.98E+01 8.065E+04  1.351E-03  0.00E+00 4.424E+03  1.429E+03  1.013E-02
 56Fe  4.14E+01 7.986E+04  1.386E-03  0.00E+00 4.421E+03  1.429E+03  1.012E-02
 56Fe  4.30E+01 7.907E+04  1.423E-03  0.00E+00 4.417E+03  1.429E+03  1.011E-02
 56Fe  4.47E+01 7.827E+04  1.461E-03  0.00E+00 4.411E+03  1.429E+03  1.010E-02
 56Fe  4.64E+01 7.747E+04  1.501E-03  0.00E+00 4.405E+03  1.429E+03  1.009E-02
 56Fe  4.83E+01 7.666E+04  1.542E-03  0.00E+00 4.398E+03  1.429E+03  1.007E-02
 56Fe  5.02E+01 7.585E+04  1.585E-03  0.00E+00 4.390E+03  1.429E+03  1.005E-02
 56Fe  5.21E+01 7.503E+04  1.630E-03  0.00E+00 4.381E+03  1.429E+03  1.003E-02
 56Fe  5.42E+01 7.421E+04  1.677E-03  0.00E+00 4.372E+03  1.429E+03  1.001E-02
 56Fe  5.63E+01 7.338E+04  1.725E-03  0.00E+00 4.361E+03  1.429E+03  9.986E-03
 56Fe  5.85E+01 7.255E+04  1.776E-03  0.00E+00 4.349E+03  1.429E+03  9.959E-03
 56Fe  6.08E+01 7.172E+04  1.829E-03  0.00E+00 4.337E+03  1.429E+03  9.930E-03
 56Fe  6.32E+01 7.088E+04  1.884E-03  0.00E+00 4.323E+03  1.429E+03  9.900E-03
 56Fe  6.56E+01 7.003E+04  1.941E-03  0.00E+00 4.309E+03  1.429E+03  9.867E-03
 56Fe  6.82E+01 6.918E+04  2.001E-03  0.00E+00 4.294E+03  1.429E+03  9.832E-03
 56Fe  7.09E+01 6.833E+04  2.063E-03  0.00E+00 4.278E+03  1.429E+03  9.795E-03
 56Fe  7.37E+01 6.748E+04  2.128E-03  0.00E+00 4.261E+03  1.429E+03  9.756E-03
 56Fe  7.66E+01 6.662E+04  2.196E-03  0.00E+00 4.243E+03  1.429E+03  9.714E-03
 56Fe  7.96E+01 6.575E+04  2.267E-03  0.00E+00 4.224E+03  1.429E+03  9.671E-03
 56Fe  8.27E+01 6.489E+04  2.341E-03  0.00E+00 4.204E+03  1.429E+03  9.626E-03
 56Fe  8.59E+01 6.402E+04  2.418E-03  0.00E+00 4.183E+03  1.429E+03  9.578E-03
 56Fe  8.93E+01 6.315E+04  2.499E-03  0.00E+00 4.161E+03  1.429E+03  9.529E-03
 56Fe  9.28E+01 6.228E+04  2.584E-03  0.00E+00 4.139E+03  1.429E+03  9.477E-03
 56Fe  9.64E+01 6.141E+04  2.672E-03  0.00E+00 4.115E+03  1.429E+03  9.423E-03
 56Fe  1.00E+02 6.053E+04  2.764E-03  0.00E+00 4.091E+03  1.429E+03  9.367E-03
 56Fe  1.04E+02 5.966E+04  2.860E-03  0.00E+00 4.066E+03  1.429E+03  9.309E-03
 56Fe  1.08E+02 5.878E+04  2.961E-03  0.00E+00 4.039E+03  1.429E+03  9.249E-03
 56Fe  1.12E+02 5.790E+04  3.067E-03  0.00E+00 4.012E+03  1.429E+03  9.187E-03
 56Fe  1.17E+02 5.702E+04  3.177E-03  0.00E+00 3.984E+03  1.429E+03  9.123E-03
 56Fe  1.21E+02 5.614E+04  3.293E-03  0.00E+00 3.956E+03  1.429E+03  9.057E-03
 56Fe  1.26E+02 5.526E+04  3.414E-03  0.00E+00 3.926E+03  1.429E+03  8.989E-03
 56Fe  1.31E+02 5.438E+04  3.541E-03  0.00E+00 3.895E+03  1.429E+03  8.920E-03
 56Fe  1.36E+02 5.350E+04  3.674E-03  0.00E+00 3.864E+03  1.429E+03  8.848E-03
 56Fe  1.42E+02 5.263E+04  3.813E-03  0.00E+00 3.832E+03  1.429E+03  8.774E-03
 56Fe  1.47E+02 5.175E+04  3.959E-03  0.00E+00 3.799E+03  1.429E+03  8.698E-03
 56Fe  1.53E+02 5.088E+04  4.112E-03  0.00E+00 3.765E+03  1.429E+03  8.621E-03
 56Fe  1.59E+02 5.000E+04  4.272E-03  0.00E+00 3.730E+03  1.429E+03  8.542E-03
 56Fe  1.65E+02 4.913E+04  4.441E-03  0.00E+00 3.695E+03  1.429E+03  8.461E-03
 56Fe  1.72E+02 4.826E+04  4.618E-03  0.00E+00 3.659E+03  1.429E+03  8.378E-03
 56Fe  1.79E+02 4.740E+04  4.804E-03  0.00E+00 3.622E+03  1.429E+03  8.293E-03
 56Fe  1.86E+02 4.653E+04  4.998E-03  0.00E+00 3.584E+03  1.429E+03  8.207E-03
 56Fe  1.93E+02 4.567E+04  5.203E-03  0.00E+00 3.546E+03  1.429E+03  8.120E-03
 56Fe  2.01E+02 4.482E+04  5.419E-03  0.00E+00 3.507E+03  1.429E+03  8.031E-03
 56Fe  2.08E+02 4.396E+04  5.645E-03  0.00E+00 3.468E+03  1.429E+03  7.940E-03
 56Fe  2.17E+02 4.312E+04  5.883E-03  0.00E+00 3.427E+03  1.429E+03  7.848E-03
 56Fe  2.25E+02 4.227E+04  6.133E-03  0.00E+00 3.387E+03  1.429E+03  7.754E-03
 56Fe  2.34E+02 4.143E+04  6.397E-03  0.00E+00 3.345E+03  1.429E+03  7.660E-03
 56Fe  2.43E+02 4.060E+04  6.674E-03  0.00E+00 3.303E+03  1.429E+03  7.564E-03
 56Fe  2.53E+02 3.977E+04  6.966E-03  0.00E+00 3.261E+03  1.429E+03  7.466E-03
 56Fe  2.63E+02 3.895E+04  7.274E-03  0.00E+00 3.218E+03  1.429E+03  7.368E-03
 56Fe  2.73E+02 3.813E+04  7.598E-03  0.00E+00 3.174E+03  1.429E+03  7.268E-03
 56Fe  2.84E+02 3.732E+04  7.940E-03  0.00E+00 3.130E+03  1.429E+03  7.168E-03
 56Fe  2.95E+02 3.651E+04  8.300E-03  0.00E+00 3.086E+03  1.429E+03  7.066E-03
 56Fe  3.07E+02 3.571E+04  8.680E-03  0.00E+00 3.041E+03  1.429E+03  6.964E-03
 56Fe  3.19E+02 3.492E+04  9.082E-03  0.00E+00 2.996E+03  1.429E+03  6.861E-03
 56Fe  3.31E+02 3.414E+04  9.505E-03  0.00E+00 2.951E+03  1.429E+03  6.757E-03
 56Fe  3.45E+02 3.337E+04  9.952E-03  0.00E+00 2.905E+03  1.429E+03  6.653E-03
 56Fe  3.58E+02 3.260E+04  1.042E-02  0.00E+00 2.859E+03  1.429E+03  6.548E-03
 56Fe  3.72E+02 3.184E+04  1.092E-02  0.00E+00 2.813E+03  1.429E+03  6.442E-03
 56Fe  3.87E+02 3.109E+04  1.145E-02  0.00E+00 2.767E+03  1.429E+03  6.336E-03
 56Fe  4.02E+02 3.034E+04  1.201E-02  0.00E+00 2.720E+03  1.429E+03  6.229E-03
 56Fe  4.18E+02 2.961E+04  1.260E-02  0.00E+00 2.674E+03  1.429E+03  6.123E-03
 56Fe  4.35E+02 2.888E+04  1.323E-02  0.00E+00 2.627E+03  1.429E+03  6.016E-03
 56Fe  4.52E+02 2.817E+04  1.389E-02  0.00E+00 2.580E+03  1.429E+03  5.909E-03
 56Fe  4.70E+02 2.746E+04  1.459E-02  0.00E+00 2.534E+03  1.429E+03  5.801E-03
 56Fe  4.89E+02 2.676E+04  1.533E-02  0.00E+00 2.487E+03  1.429E+03  5.694E-03
 56Fe  5.08E+02 2.608E+04  1.612E-02  0.00E+00 2.440E+03  1.429E+03  5.587E-03
 56Fe  5.28E+02 2.540E+04  1.696E-02  0.00E+00 2.393E+03  1.429E+03  5.480E-03
 56Fe  5.49E+02 2.473E+04  1.784E-02  0.00E+00 2.347E+03  1.429E+03  5.373E-03
 56Fe  5.71E+02 2.408E+04  1.878E-02  0.00E+00 2.300E+03  1.429E+03  5.267E-03
 56Fe  5.94E+02 2.343E+04  1.978E-02  0.00E+00 2.254E+03  1.429E+03  5.161E-03
 56Fe  6.18E+02 2.279E+04  2.084E-02  0.00E+00 2.208E+03  1.429E+03  5.055E-03
 56Fe  6.42E+02 2.217E+04  2.197E-02  0.00E+00 2.162E+03  1.429E+03  4.950E-03
 56Fe  6.68E+02 2.155E+04  2.316E-02  0.00E+00 2.116E+03  1.429E+03  4.846E-03
 56Fe  6.94E+02 2.095E+04  2.444E-02  0.00E+00 2.071E+03  1.429E+03  4.742E-03
 56Fe  7.22E+02 2.036E+04  2.579E-02  0.00E+00 2.026E+03  1.429E+03  4.638E-03
 56Fe  7.51E+02 1.977E+04  2.723E-02  0.00E+00 1.981E+03  1.429E+03  4.536E-03
 56Fe  7.81E+02 1.920E+04  2.877E-02  0.00E+00 1.937E+03  1.429E+03  4.434E-03
 56Fe  8.12E+02 1.864E+04  3.040E-02  0.00E+00 1.893E+03  1.429E+03  4.334E-03
 56Fe  8.45E+02 1.810E+04  3.214E-02  0.00E+00 1.849E+03  1.429E+03  4.234E-03
 56Fe  8.79E+02 1.756E+04  3.400E-02  0.00E+00 1.806E+03  1.429E+03  4.135E-03
 56Fe  9.14E+02 1.703E+04  3.597E-02  0.00E+00 1.763E+03  1.429E+03  4.037E-03
 56Fe  9.51E+02 1.652E+04  3.808E-02  0.00E+00 1.721E+03  1.429E+03  3.940E-03
 56Fe  9.89E+02 1.601E+04  4.034E-02  0.00E+00 1.679E+03  1.429E+03  3.845E-03
 56Fe  1.03E+03 1.552E+04  4.274E-02  0.00E+00 1.638E+03  1.429E+03  3.750E-03
 56Fe  1.07E+03 1.504E+04  4.530E-02  0.00E+00 1.597E+03  1.429E+03  3.657E-03
 56Fe  1.11E+03 1.457E+04  4.804E-02  0.00E+00 1.557E+03  1.429E+03  3.565E-03
 56Fe  1.16E+03 1.411E+04  5.098E-02  0.00E+00 1.517E+03  1.429E+03  3.474E-03
 56Fe  1.21E+03 1.366E+04  5.411E-02  0.00E+00 1.478E+03  1.429E+03  3.385E-03
 56Fe  1.25E+03 1.323E+04  5.746E-02  0.00E+00 1.440E+03  1.429E+03  3.297E-03
 56Fe  1.31E+03 1.280E+04  6.103E-02  0.00E+00 1.402E+03  1.429E+03  3.211E-03
 56Fe  1.36E+03 1.238E+04  6.487E-02  0.00E+00 1.365E+03  1.429E+03  3.125E-03
 56Fe  1.41E+03 1.198E+04  6.897E-02  0.00E+00 1.328E+03  1.429E+03  3.042E-03
 56Fe  1.47E+03 1.158E+04  7.338E-02  0.00E+00 1.292E+03  1.429E+03  2.960E-03
 56Fe  1.53E+03 1.120E+04  7.809E-02  0.00E+00 1.257E+03  1.429E+03  2.879E-03
 56Fe  1.59E+03 1.083E+04  8.315E-02  0.00E+00 1.223E+03  1.429E+03  2.800E-03
 56Fe  1.66E+03 1.046E+04  8.857E-02  0.00E+00 1.189E+03  1.429E+03  2.722E-03
 56Fe  1.73E+03 1.011E+04  9.439E-02  0.00E+00 1.155E+03  1.429E+03  2.646E-03
 56Fe  1.80E+03 9.768E+03  1.006E-01  0.00E+00 1.123E+03  1.429E+03  2.571E-03
 56Fe  1.87E+03 9.435E+03  1.073E-01  0.00E+00 1.091E+03  1.429E+03  2.498E-03
 56Fe  1.95E+03 9.111E+03  1.142E-01  0.00E+00 1.060E+03  1.429E+03  2.426E-03
 56Fe  2.03E+03 8.796E+03  1.219E-01  0.00E+00 1.029E+03  1.429E+03  2.356E-03
 56Fe  2.12E+03 8.491E+03  1.303E-01  0.00E+00 9.991E+02  1.429E+03  2.288E-03
 56Fe  2.20E+03 8.196E+03  1.392E-01  0.00E+00 9.698E+02  1.429E+03  2.221E-03
 56Fe  2.30E+03 7.909E+03  1.488E-01  0.00E+00 9.412E+02  1.429E+03  2.155E-03
 56Fe  2.39E+03 7.631E+03  1.592E-01  0.00E+00 9.133E+02  1.429E+03  2.091E-03
 56Fe  2.49E+03 7.361E+03  1.703E-01  0.00E+00 8.861E+02  1.429E+03  2.029E-03
 56Fe  2.60E+03 7.100E+03  1.824E-01  0.00E+00 8.595E+02  1.429E+03  1.968E-03
 56Fe  2.71E+03 6.848E+03  1.953E-01  0.00E+00 8.336E+02  1.429E+03  1.909E-03
 56Fe  2.82E+03 6.603E+03  2.093E-01  0.00E+00 8.083E+02  1.429E+03  1.851E-03
 56Fe  2.94E+03 6.366E+03  2.243E-01  0.00E+00 7.837E+02  1.429E+03  1.794E-03
 56Fe  3.07E+03 6.137E+03  2.406E-01  0.00E+00 7.597E+02  1.429E+03  1.740E-03
 56Fe  3.20E+03 5.916E+03  2.581E-01  0.00E+00 7.363E+02  1.429E+03  1.686E-03
 56Fe  3.34E+03 5.702E+03  2.771E-01  0.00E+00 7.136E+02  1.429E+03  1.634E-03
 56Fe  3.48E+03 5.495E+03  2.976E-01  0.00E+00 6.914E+02  1.429E+03  1.583E-03
 56Fe  3.63E+03 5.295E+03  3.197E-01  0.00E+00 6.699E+02  1.429E+03  1.534E-03
 56Fe  3.79E+03 5.101E+03  3.437E-01  0.00E+00 6.490E+02  1.429E+03  1.486E-03
 56Fe  3.95E+03 4.915E+03  3.696E-01  0.00E+00 6.286E+02  1.429E+03  1.439E-03
 56Fe  4.13E+03 4.735E+03  3.976E-01  0.00E+00 6.088E+02  1.429E+03  1.394E-03
 56Fe  4.31E+03 4.561E+03  4.280E-01  0.00E+00 5.896E+02  1.429E+03  1.350E-03
 56Fe  4.50E+03 4.393E+03  4.609E-01  0.00E+00 5.709E+02  1.429E+03  1.307E-03
 56Fe  4.70E+03 4.231E+03  4.966E-01  0.00E+00 5.528E+02  1.429E+03  1.266E-03
 56Fe  4.91E+03 4.074E+03  5.353E-01  0.00E+00 5.352E+02  1.429E+03  1.225E-03
 56Fe  5.13E+03 3.924E+03  5.774E-01  0.00E+00 5.181E+02  1.429E+03  1.186E-03
 56Fe  5.37E+03 3.778E+03  6.231E-01  0.00E+00 5.015E+02  1.429E+03  1.148E-03
 56Fe  5.61E+03 3.638E+03  6.727E-01  0.00E+00 4.855E+02  1.429E+03  1.112E-03
 56Fe  5.87E+03 3.503E+03  7.267E-01  0.00E+00 4.699E+02  1.429E+03  1.076E-03
 56Fe  6.14E+03 3.372E+03  7.855E-01  0.00E+00 4.548E+02  1.429E+03  1.041E-03
 56Fe  6.43E+03 3.247E+03  8.495E-01  0.00E+00 4.401E+02  1.429E+03  1.008E-03
 56Fe  6.73E+03 3.126E+03  9.193E-01  0.00E+00 4.259E+02  1.429E+03  9.752E-04
 56Fe  7.05E+03 3.009E+03  9.954E-01  0.00E+00 4.121E+02  1.429E+03  9.437E-04
 56Fe  7.38E+03 2.897E+03  1.079E+00  0.00E+00 3.988E+02  1.429E+03  9.131E-04
 56Fe  7.74E+03 2.788E+03  1.169E+00  0.00E+00 3.859E+02  1.429E+03  8.835E-04
 56Fe  8.12E+03 2.684E+03  1.269E+00  0.00E+00 3.733E+02  1.429E+03  8.549E-04
 56Fe  8.52E+03 2.583E+03  1.378E+00  0.00E+00 3.612E+02  1.429E+03  8.271E-04
 56Fe  8.94E+03 2.487E+03  1.497E+00  0.00E+00 3.495E+02  1.429E+03  8.003E-04
 56Fe  9.39E+03 2.393E+03  1.628E+00  0.00E+00 3.381E+02  1.429E+03  7.743E-04
 56Fe  9.87E+03 2.304E+03  1.771E+00  0.00E+00 3.271E+02  1.429E+03  7.491E-04
 56Fe  1.04E+04 2.217E+03  1.930E+00  0.00E+00 3.165E+02  1.429E+03  7.247E-04
 56Fe  1.09E+04 2.134E+03  2.104E+00  0.00E+00 3.062E+02  1.429E+03  7.011E-04
 56Fe  1.15E+04 2.054E+03  2.296E+00  0.00E+00 2.962E+02  1.429E+03  6.783E-04
 56Fe  1.21E+04 1.977E+03  2.508E+00  0.00E+00 2.866E+02  1.429E+03  6.562E-04
 56Fe  1.28E+04 1.903E+03  2.743E+00  0.00E+00 2.773E+02  1.429E+03  6.349E-04
 56Fe  1.35E+04 1.831E+03  3.003E+00  0.00E+00 2.682E+02  1.429E+03  6.142E-04
 56Fe  1.43E+04 1.762E+03  3.293E+00  0.00E+00 2.595E+02  1.429E+03  5.942E-04
 56Fe  1.51E+04 1.696E+03  3.615E+00  0.00E+00 2.511E+02  1.429E+03  5.749E-04
 56Fe  1.60E+04 1.632E+03  3.974E+00  0.00E+00 2.429E+02  1.429E+03  5.562E-04
 56Fe  1.69E+04 1.571E+03  4.376E+00  0.00E+00 2.350E+02  1.429E+03  5.382E-04
 56Fe  1.80E+04 1.512E+03  4.827E+00  0.00E+00 2.274E+02  1.429E+03  5.207E-04
 56Fe  1.91E+04 1.455E+03  5.334E+00  0.00E+00 2.200E+02  1.429E+03  5.038E-04
 56Fe  2.03E+04 1.400E+03  5.907E+00  0.00E+00 2.129E+02  1.429E+03  4.876E-04
 56Fe  2.17E+04 1.348E+03  6.556E+00  0.00E+00 2.060E+02  1.429E+03  4.718E-04
 56Fe  2.32E+04 1.297E+03  7.294E+00  0.00E+00 1.994E+02  1.429E+03  4.566E-04
 56Fe  2.48E+04 1.248E+03  8.138E+00  0.00E+00 1.930E+02  1.429E+03  4.419E-04
 56Fe  2.67E+04 1.201E+03  9.107E+00  0.00E+00 1.868E+02  1.429E+03  4.278E-04
 56Fe  2.87E+04 1.156E+03  1.023E+01  0.00E+00 1.808E+02  1.429E+03  4.141E-04
 56Fe  3.11E+04 1.113E+03  1.153E+01  0.00E+00 1.751E+02  1.429E+03  4.009E-04
 56Fe  3.37E+04 1.071E+03  1.306E+01  0.00E+00 1.695E+02  1.429E+03  3.882E-04
 56Fe  3.67E+04 1.030E+03  1.488E+01  0.00E+00 1.642E+02  1.429E+03  3.760E-04
 56Fe  4.02E+04 9.916E+02  1.705E+01  0.00E+00 1.590E+02  1.429E+03  3.642E-04
 56Fe  4.44E+04 9.543E+02  1.969E+01  0.00E+00 1.541E+02  1.429E+03  3.528E-04
 56Fe  4.93E+04 9.185E+02  2.294E+01  0.00E+00 1.493E+02  1.429E+03  3.420E-04
 56Fe  5.53E+04 8.839E+02  2.703E+01  0.00E+00 1.448E+02  1.429E+03  3.316E-04
 56Fe  6.29E+04 8.507E+02  3.233E+01  0.00E+00 1.405E+02  1.429E+03  3.216E-04
 56Fe  7.27E+04 8.187E+02  3.943E+01  0.00E+00 1.363E+02  1.429E+03  3.122E-04
 56Fe  8.61E+04 7.879E+02  4.944E+01  0.00E+00 1.325E+02  1.429E+03  3.033E-04
 56Fe  1.06E+05 7.583E+02  6.469E+01  0.00E+00 1.289E+02  1.429E+03  2.951E-04
 56Fe  1.40E+05 7.298E+02  9.124E+01  0.00E+00 1.257E+02  1.429E+03  2.877E-04
 56Fe  2.17E+05 7.024E+02  1.532E+02  0.00E+00 1.232E+02  1.429E+03  2.820E-04
 56Fe  4.72E+05 6.827E+02  3.613E+02  0.00E+00 1.229E+02  1.429E+03  2.813E-04
  Avg  6.62E+03 6.380E+04  3.419E+00  0.00E+00 2.060E+03  4.302E+05  1.420E+00
===============================================================================
ZEB = (zeff/beta)^2 (Barkas 1963); DPUF = dose/fluence = 3.2997E+03 nGy-cm^2.
* Est. dose on bottom surface of culture dish = 1.602*(Stot-Srad)/rho

TARGET DOSIMETRY: Dosimetric and microdosimetric properties of the radiation field within the nucleus
========================================================================================================
       ----- INCIDENT PARTICLE -----------------  -------------- AVERAGE OVER CELL NUCLEUS -------------
          KE                  CSDA      Fluence      DPUF      Dose        YF          YD         ZF
  Ion    (MeV)      zeb     Range (cm)  (1/cm^2)  (nGy-cm^2)   (Gy)     (keV/um)    (keV/um)     (Gy)
========================================================================================================
 56Fe  2.608E-01 1.311E+05  1.015E-04  1.429E+03  0.000E+00  0.000E+00  0.000E+00  0.000E+00  0.000E+00
 56Fe  2.710E-01 1.310E+05  1.043E-04  1.429E+03  0.000E+00  0.000E+00  0.000E+00  0.000E+00  0.000E+00
 56Fe  2.816E-01 1.309E+05  1.072E-04  1.429E+03  0.000E+00  0.000E+00  0.000E+00  0.000E+00  0.000E+00
 56Fe  2.927E-01 1.308E+05  1.101E-04  1.429E+03  0.000E+00  0.000E+00  0.000E+00  0.000E+00  0.000E+00
 56Fe  3.041E-01 1.306E+05  1.130E-04  1.429E+03  0.000E+00  0.000E+00  0.000E+00  0.000E+00  0.000E+00
 56Fe  3.160E-01 1.305E+05  1.160E-04  1.429E+03  0.000E+00  0.000E+00  0.000E+00  0.000E+00  0.000E+00
 56Fe  3.283E-01 1.304E+05  1.191E-04  1.429E+03  0.000E+00  0.000E+00  0.000E+00  0.000E+00  0.000E+00
 56Fe  3.412E-01 1.303E+05  1.222E-04  1.429E+03  0.000E+00  0.000E+00  0.000E+00  0.000E+00  0.000E+00
 56Fe  3.545E-01 1.301E+05  1.253E-04  1.429E+03  0.000E+00  0.000E+00  0.000E+00  0.000E+00  0.000E+00
 56Fe  3.684E-01 1.300E+05  1.286E-04  1.429E+03  0.000E+00  0.000E+00  0.000E+00  0.000E+00  0.000E+00
 56Fe  3.828E-01 1.299E+05  1.318E-04  1.429E+03  0.000E+00  0.000E+00  0.000E+00  0.000E+00  0.000E+00
 56Fe  3.978E-01 1.297E+05  1.352E-04  1.429E+03  0.000E+00  0.000E+00  0.000E+00  0.000E+00  0.000E+00
 56Fe  4.134E-01 1.296E+05  1.385E-04  1.429E+03  0.000E+00  0.000E+00  0.000E+00  0.000E+00  0.000E+00
 56Fe  4.295E-01 1.295E+05  1.420E-04  1.429E+03  0.000E+00  0.000E+00  0.000E+00  0.000E+00  0.000E+00
 56Fe  4.464E-01 1.293E+05  1.455E-04  1.429E+03  0.000E+00  0.000E+00  0.000E+00  0.000E+00  0.000E+00
 56Fe  4.638E-01 1.292E+05  1.491E-04  1.429E+03  0.000E+00  0.000E+00  0.000E+00  0.000E+00  0.000E+00
 56Fe  4.820E-01 1.290E+05  1.527E-04  1.429E+03  0.000E+00  0.000E+00  0.000E+00  0.000E+00  0.000E+00
 56Fe  5.008E-01 1.289E+05  1.564E-04  1.429E+03  0.000E+00  0.000E+00  0.000E+00  0.000E+00  0.000E+00
 56Fe  5.204E-01 1.287E+05  1.601E-04  1.429E+03  0.000E+00  0.000E+00  0.000E+00  0.000E+00  0.000E+00
 56Fe  5.408E-01 1.286E+05  1.639E-04  1.429E+03  0.000E+00  0.000E+00  0.000E+00  0.000E+00  0.000E+00
 56Fe  5.619E-01 1.284E+05  1.677E-04  1.429E+03  0.000E+00  0.000E+00  0.000E+00  0.000E+00  0.000E+00
 56Fe  5.839E-01 1.282E+05  1.717E-04  1.429E+03  0.000E+00  0.000E+00  0.000E+00  0.000E+00  0.000E+00
 56Fe  6.068E-01 1.281E+05  1.756E-04  1.429E+03  0.000E+00  0.000E+00  0.000E+00  0.000E+00  0.000E+00
 56Fe  6.305E-01 1.279E+05  1.797E-04  1.429E+03  0.000E+00  0.000E+00  0.000E+00  0.000E+00  0.000E+00
 56Fe  6.552E-01 1.277E+05  1.838E-04  1.429E+03  0.000E+00  0.000E+00  0.000E+00  0.000E+00  0.000E+00
 56Fe  6.808E-01 1.276E+05  1.879E-04  1.429E+03  0.000E+00  0.000E+00  0.000E+00  0.000E+00  0.000E+00
 56Fe  7.074E-01 1.274E+05  1.922E-04  1.429E+03  0.000E+00  0.000E+00  0.000E+00  0.000E+00  0.000E+00
 56Fe  7.351E-01 1.272E+05  1.964E-04  1.429E+03  0.000E+00  0.000E+00  0.000E+00  0.000E+00  0.000E+00
 56Fe  7.639E-01 1.270E+05  2.008E-04  1.429E+03  0.000E+00  0.000E+00  0.000E+00  0.000E+00  0.000E+00
 56Fe  7.937E-01 1.268E+05  2.052E-04  1.429E+03  0.000E+00  0.000E+00  0.000E+00  0.000E+00  0.000E+00
 56Fe  8.248E-01 1.266E+05  2.097E-04  1.429E+03  0.000E+00  0.000E+00  0.000E+00  0.000E+00  0.000E+00
 56Fe  8.571E-01 1.264E+05  2.142E-04  1.429E+03  0.000E+00  0.000E+00  0.000E+00  0.000E+00  0.000E+00
 56Fe  8.906E-01 1.262E+05  2.189E-04  1.429E+03  0.000E+00  0.000E+00  0.000E+00  0.000E+00  0.000E+00
 56Fe  9.254E-01 1.260E+05  2.235E-04  1.429E+03  0.000E+00  0.000E+00  0.000E+00  0.000E+00  0.000E+00
 56Fe  9.617E-01 1.258E+05  2.283E-04  1.429E+03  0.000E+00  0.000E+00  0.000E+00  0.000E+00  0.000E+00
 56Fe  9.993E-01 1.256E+05  2.331E-04  1.429E+03  0.000E+00  0.000E+00  0.000E+00  0.000E+00  0.000E+00
 56Fe  1.038E+00 1.254E+05  2.380E-04  1.429E+03  0.000E+00  0.000E+00  0.000E+00  0.000E+00  0.000E+00
 56Fe  1.079E+00 1.252E+05  2.429E-04  1.429E+03  0.000E+00  0.000E+00  0.000E+00  0.000E+00  0.000E+00
 56Fe  1.121E+00 1.250E+05  2.479E-04  1.429E+03  0.000E+00  0.000E+00  0.000E+00  0.000E+00  0.000E+00
 56Fe  1.165E+00 1.248E+05  2.530E-04  1.429E+03  2.639E+00  3.772E-06  1.647E+00  6.213E-06  1.344E-02
 56Fe  1.211E+00 1.245E+05  2.582E-04  1.429E+03  6.933E+00  9.910E-06  4.328E+00  4.289E-05  3.531E-02
 56Fe  1.258E+00 1.243E+05  2.634E-04  1.429E+03  1.207E+01  1.725E-05  7.533E+00  1.299E-04  6.146E-02
 56Fe  1.307E+00 1.241E+05  2.687E-04  1.429E+03  1.704E+01  2.436E-05  1.064E+01  2.592E-04  8.681E-02
 56Fe  1.358E+00 1.238E+05  2.740E-04  1.429E+03  2.222E+01  3.176E-05  1.387E+01  4.404E-04  1.132E-01
 56Fe  1.411E+00 1.236E+05  2.794E-04  1.429E+03  2.774E+01  3.965E-05  1.732E+01  6.867E-04  1.413E-01
 56Fe  1.467E+00 1.233E+05  2.849E-04  1.429E+03  3.359E+01  4.800E-05  2.096E+01  1.006E-03  1.710E-01
 56Fe  1.524E+00 1.231E+05  2.905E-04  1.429E+03  3.948E+01  5.643E-05  2.464E+01  1.391E-03  2.011E-01
 56Fe  1.584E+00 1.228E+05  2.961E-04  1.429E+03  4.584E+01  6.553E-05  2.862E+01  1.875E-03  2.335E-01
 56Fe  1.646E+00 1.226E+05  3.018E-04  1.429E+03  5.257E+01  7.515E-05  3.282E+01  2.466E-03  2.678E-01
 56Fe  1.710E+00 1.223E+05  3.076E-04  1.429E+03  5.954E+01  8.510E-05  3.717E+01  3.163E-03  3.032E-01
 56Fe  1.777E+00 1.221E+05  3.134E-04  1.429E+03  6.701E+01  9.578E-05  4.183E+01  4.007E-03  3.413E-01
 56Fe  1.847E+00 1.218E+05  3.193E-04  1.429E+03  7.486E+01  1.070E-04  4.673E+01  4.999E-03  3.812E-01
 56Fe  1.919E+00 1.215E+05  3.253E-04  1.429E+03  8.311E+01  1.188E-04  5.188E+01  6.163E-03  4.233E-01
 56Fe  1.994E+00 1.212E+05  3.314E-04  1.429E+03  9.205E+01  1.316E-04  5.746E+01  7.560E-03  4.688E-01
 56Fe  2.072E+00 1.209E+05  3.376E-04  1.429E+03  1.012E+02  1.447E-04  6.318E+01  9.140E-03  5.155E-01
 56Fe  2.153E+00 1.206E+05  3.437E-04  1.429E+03  1.110E+02  1.586E-04  6.927E+01  1.099E-02  5.652E-01
 56Fe  2.237E+00 1.203E+05  3.500E-04  1.429E+03  1.212E+02  1.733E-04  7.568E+01  1.311E-02  6.174E-01
 56Fe  2.325E+00 1.200E+05  3.563E-04  1.429E+03  1.320E+02  1.887E-04  8.243E+01  1.556E-02  6.725E-01
 56Fe  2.416E+00 1.197E+05  3.627E-04  1.429E+03  1.435E+02  2.051E-04  8.957E+01  1.837E-02  7.308E-01
 56Fe  2.510E+00 1.194E+05  3.691E-04  1.429E+03  1.554E+02  2.222E-04  9.703E+01  2.156E-02  7.916E-01
 56Fe  2.608E+00 1.191E+05  3.756E-04  1.429E+03  1.681E+02  2.403E-04  1.049E+02  2.522E-02  8.563E-01
 56Fe  2.710E+00 1.188E+05  3.822E-04  1.429E+03  1.813E+02  2.592E-04  1.132E+02  2.933E-02  9.235E-01
 56Fe  2.817E+00 1.185E+05  3.888E-04  1.429E+03  1.953E+02  2.792E-04  1.219E+02  3.404E-02  9.947E-01
 56Fe  2.927E+00 1.181E+05  3.955E-04  1.429E+03  2.099E+02  3.000E-04  1.310E+02  3.931E-02  1.069E+00
 56Fe  3.041E+00 1.178E+05  4.023E-04  1.429E+03  2.253E+02  3.220E-04  1.406E+02  4.529E-02  1.147E+00
 56Fe  3.160E+00 1.175E+05  4.091E-04  1.429E+03  2.414E+02  3.450E-04  1.507E+02  5.198E-02  1.229E+00
 56Fe  3.284E+00 1.171E+05  4.160E-04  1.429E+03  2.583E+02  3.692E-04  1.612E+02  5.952E-02  1.315E+00
 56Fe  3.412E+00 1.168E+05  4.229E-04  1.429E+03  2.760E+02  3.944E-04  1.723E+02  6.794E-02  1.405E+00
 56Fe  3.546E+00 1.164E+05  4.300E-04  1.429E+03  2.945E+02  4.209E-04  1.838E+02  7.738E-02  1.500E+00
 56Fe  3.684E+00 1.160E+05  4.370E-04  1.429E+03  3.139E+02  4.486E-04  1.959E+02  8.789E-02  1.598E+00
 56Fe  3.829E+00 1.157E+05  4.442E-04  1.429E+03  3.342E+02  4.776E-04  2.086E+02  9.963E-02  1.702E+00
 56Fe  3.978E+00 1.153E+05  4.514E-04  1.429E+03  3.553E+02  5.079E-04  2.218E+02  1.127E-01  1.810E+00
 56Fe  4.134E+00 1.149E+05  4.587E-04  1.429E+03  3.776E+02  5.397E-04  2.357E+02  1.272E-01  1.923E+00
 56Fe  4.296E+00 1.145E+05  4.661E-04  1.429E+03  4.007E+02  5.727E-04  2.501E+02  1.432E-01  2.041E+00
 56Fe  4.464E+00 1.141E+05  4.735E-04  1.429E+03  4.250E+02  6.074E-04  2.653E+02  1.611E-01  2.164E+00
 56Fe  4.639E+00 1.137E+05  4.810E-04  1.429E+03  4.502E+02  6.435E-04  2.810E+02  1.809E-01  2.293E+00
 56Fe  4.820E+00 1.133E+05  4.886E-04  1.429E+03  4.767E+02  6.814E-04  2.976E+02  2.028E-01  2.428E+00
 56Fe  5.009E+00 1.129E+05  4.963E-04  1.429E+03  5.048E+02  7.215E-04  3.151E+02  2.273E-01  2.571E+00
 56Fe  5.205E+00 1.125E+05  5.041E-04  1.429E+03  5.338E+02  7.630E-04  3.332E+02  2.542E-01  2.719E+00
 56Fe  5.408E+00 1.121E+05  5.120E-04  1.429E+03  5.642E+02  8.064E-04  3.522E+02  2.840E-01  2.873E+00
 56Fe  5.620E+00 1.117E+05  5.200E-04  1.429E+03  5.959E+02  8.518E-04  3.720E+02  3.168E-01  3.035E+00
 56Fe  5.840E+00 1.112E+05  5.280E-04  1.429E+03  6.292E+02  8.994E-04  3.928E+02  3.532E-01  3.205E+00
 56Fe  6.069E+00 1.108E+05  5.359E-04  1.429E+03  6.628E+02  9.473E-04  4.137E+02  3.919E-01  3.376E+00
 56Fe  6.306E+00 1.103E+05  5.442E-04  1.429E+03  6.991E+02  9.992E-04  4.364E+02  4.361E-01  3.560E+00
 56Fe  6.553E+00 1.099E+05  5.525E-04  1.429E+03  7.371E+02  1.054E-03  4.601E+02  4.848E-01  3.754E+00
 56Fe  6.809E+00 1.094E+05  5.610E-04  1.429E+03  7.770E+02  1.111E-03  4.850E+02  5.387E-01  3.957E+00
 56Fe  7.075E+00 1.089E+05  5.697E-04  1.429E+03  8.189E+02  1.171E-03  5.112E+02  5.984E-01  4.171E+00
 56Fe  7.352E+00 1.085E+05  5.785E-04  1.429E+03  8.635E+02  1.234E-03  5.390E+02  6.652E-01  4.398E+00
 56Fe  7.640E+00 1.080E+05  5.875E-04  1.429E+03  9.095E+02  1.300E-03  5.678E+02  7.381E-01  4.632E+00
 56Fe  7.939E+00 1.075E+05  5.966E-04  1.429E+03  9.583E+02  1.370E-03  5.982E+02  8.194E-01  4.881E+00
 56Fe  8.250E+00 1.070E+05  6.058E-04  1.429E+03  1.010E+03  1.443E-03  6.304E+02  9.099E-01  5.143E+00
 56Fe  8.573E+00 1.065E+05  6.153E-04  1.429E+03  1.064E+03  1.521E-03  6.642E+02  1.010E+00  5.420E+00
 56Fe  8.908E+00 1.060E+05  6.249E-04  1.429E+03  1.122E+03  1.603E-03  7.001E+02  1.122E+00  5.712E+00
 56Fe  9.257E+00 1.055E+05  6.348E-04  1.429E+03  1.182E+03  1.690E-03  7.380E+02  1.247E+00  6.022E+00
 56Fe  9.619E+00 1.050E+05  6.448E-04  1.429E+03  1.247E+03  1.782E-03  7.782E+02  1.387E+00  6.350E+00
 56Fe  9.995E+00 1.044E+05  6.551E-04  1.429E+03  1.315E+03  1.880E-03  8.209E+02  1.543E+00  6.698E+00
 56Fe  1.039E+01 1.039E+05  6.657E-04  1.429E+03  1.388E+03  1.983E-03  8.661E+02  1.718E+00  7.067E+00
 56Fe  1.079E+01 1.033E+05  6.765E-04  1.429E+03  1.465E+03  2.094E-03  9.144E+02  1.914E+00  7.460E+00
 56Fe  1.121E+01 1.028E+05  6.876E-04  1.429E+03  1.547E+03  2.211E-03  9.656E+02  2.135E+00  7.878E+00
 56Fe  1.165E+01 1.022E+05  6.990E-04  1.429E+03  1.634E+03  2.336E-03  1.020E+03  2.383E+00  8.323E+00
 56Fe  1.211E+01 1.017E+05  7.106E-04  1.429E+03  1.727E+03  2.469E-03  1.078E+03  2.663E+00  8.798E+00
 56Fe  1.258E+01 1.011E+05  7.227E-04  1.429E+03  1.827E+03  2.611E-03  1.140E+03  2.978E+00  9.304E+00
 56Fe  1.308E+01 1.005E+05  7.350E-04  1.429E+03  1.933E+03  2.763E-03  1.206E+03  3.333E+00  9.844E+00
 56Fe  1.359E+01 9.993E+04  7.478E-04  1.429E+03  2.046E+03  2.924E-03  1.277E+03  3.735E+00  1.042E+01
 56Fe  1.412E+01 9.934E+04  7.609E-04  1.429E+03  2.166E+03  3.096E-03  1.352E+03  4.187E+00  1.103E+01
 56Fe  1.467E+01 9.874E+04  7.744E-04  1.429E+03  2.295E+03  3.280E-03  1.433E+03  4.700E+00  1.169E+01
 56Fe  1.525E+01 9.813E+04  7.884E-04  1.429E+03  2.432E+03  3.477E-03  1.518E+03  5.279E+00  1.239E+01
 56Fe  1.584E+01 9.751E+04  8.028E-04  1.429E+03  2.579E+03  3.686E-03  1.610E+03  5.933E+00  1.313E+01
 56Fe  1.646E+01 9.689E+04  8.176E-04  1.429E+03  2.734E+03  3.908E-03  1.707E+03  6.669E+00  1.392E+01
 56Fe  1.711E+01 9.626E+04  8.330E-04  1.429E+03  2.898E+03  4.143E-03  1.809E+03  7.495E+00  1.476E+01
 56Fe  1.778E+01 9.563E+04  8.488E-04  1.429E+03  3.071E+03  4.390E-03  1.917E+03  8.416E+00  1.564E+01
 56Fe  1.847E+01 9.498E+04  8.652E-04  1.429E+03  3.253E+03  4.650E-03  2.031E+03  9.442E+00  1.657E+01
 56Fe  1.920E+01 9.433E+04  8.818E-04  1.429E+03  3.439E+03  4.916E-03  2.147E+03  1.055E+01  1.752E+01
 56Fe  1.995E+01 9.367E+04  8.993E-04  1.429E+03  3.636E+03  5.198E-03  2.270E+03  1.180E+01  1.852E+01
 56Fe  2.073E+01 9.301E+04  9.174E-04  1.429E+03  3.840E+03  5.489E-03  2.397E+03  1.316E+01  1.956E+01
 56Fe  2.154E+01 9.233E+04  9.361E-04  1.429E+03  4.050E+03  5.788E-03  2.528E+03  1.463E+01  2.062E+01
 56Fe  2.239E+01 9.165E+04  9.555E-04  1.429E+03  4.264E+03  6.094E-03  2.661E+03  1.622E+01  2.171E+01
 56Fe  2.326E+01 9.097E+04  9.756E-04  1.429E+03  4.481E+03  6.404E-03  2.797E+03  1.791E+01  2.282E+01
 56Fe  2.417E+01 9.027E+04  9.965E-04  1.429E+03  4.699E+03  6.717E-03  2.933E+03  1.970E+01  2.393E+01
 56Fe  2.512E+01 8.957E+04  1.018E-03  1.429E+03  4.918E+03  7.029E-03  3.070E+03  2.158E+01  2.505E+01
 56Fe  2.610E+01 8.887E+04  1.040E-03  1.429E+03  5.134E+03  7.338E-03  3.205E+03  2.352E+01  2.615E+01
 56Fe  2.712E+01 8.815E+04  1.064E-03  1.429E+03  5.346E+03  7.642E-03  3.337E+03  2.550E+01  2.723E+01
 56Fe  2.818E+01 8.743E+04  1.088E-03  1.429E+03  5.552E+03  7.936E-03  3.466E+03  2.750E+01  2.828E+01
 56Fe  2.929E+01 8.670E+04  1.113E-03  1.429E+03  5.750E+03  8.219E-03  3.589E+03  2.950E+01  2.928E+01
 56Fe  3.044E+01 8.597E+04  1.139E-03  1.429E+03  5.937E+03  8.486E-03  3.706E+03  3.145E+01  3.024E+01
 56Fe  3.163E+01 8.523E+04  1.166E-03  1.429E+03  6.111E+03  8.735E-03  3.815E+03  3.332E+01  3.113E+01
 56Fe  3.287E+01 8.448E+04  1.194E-03  1.429E+03  6.271E+03  8.964E-03  3.915E+03  3.509E+01  3.194E+01
 56Fe  3.415E+01 8.372E+04  1.223E-03  1.429E+03  6.416E+03  9.170E-03  4.005E+03  3.672E+01  3.267E+01
 56Fe  3.549E+01 8.296E+04  1.253E-03  1.429E+03  6.543E+03  9.352E-03  4.084E+03  3.820E+01  3.332E+01
 56Fe  3.688E+01 8.220E+04  1.284E-03  1.429E+03  6.654E+03  9.511E-03  4.153E+03  3.950E+01  3.389E+01
 56Fe  3.833E+01 8.142E+04  1.317E-03  1.429E+03  6.748E+03  9.645E-03  4.212E+03  4.063E+01  3.437E+01
 56Fe  3.983E+01 8.065E+04  1.351E-03  1.429E+03  6.827E+03  9.758E-03  4.261E+03  4.158E+01  3.477E+01
 56Fe  4.139E+01 7.986E+04  1.386E-03  1.429E+03  6.892E+03  9.851E-03  4.302E+03  4.238E+01  3.510E+01
 56Fe  4.301E+01 7.907E+04  1.423E-03  1.429E+03  6.944E+03  9.926E-03  4.335E+03  4.303E+01  3.537E+01
 56Fe  4.469E+01 7.827E+04  1.461E-03  1.429E+03  6.986E+03  9.986E-03  4.361E+03  4.355E+01  3.558E+01
 56Fe  4.644E+01 7.747E+04  1.501E-03  1.429E+03  7.019E+03  1.003E-02  4.381E+03  4.396E+01  3.575E+01
 56Fe  4.826E+01 7.666E+04  1.542E-03  1.429E+03  7.044E+03  1.007E-02  4.397E+03  4.427E+01  3.587E+01
 56Fe  5.015E+01 7.585E+04  1.585E-03  1.429E+03  7.061E+03  1.009E-02  4.408E+03  4.449E+01  3.596E+01
 56Fe  5.212E+01 7.503E+04  1.630E-03  1.429E+03  7.073E+03  1.011E-02  4.415E+03  4.464E+01  3.602E+01
 56Fe  5.416E+01 7.421E+04  1.677E-03  1.429E+03  7.080E+03  1.012E-02  4.419E+03  4.472E+01  3.606E+01
 56Fe  5.628E+01 7.338E+04  1.725E-03  1.429E+03  7.082E+03  1.012E-02  4.421E+03  4.475E+01  3.607E+01
 56Fe  5.849E+01 7.255E+04  1.776E-03  1.429E+03  7.080E+03  1.012E-02  4.419E+03  4.472E+01  3.606E+01
 56Fe  6.078E+01 7.172E+04  1.829E-03  1.429E+03  7.074E+03  1.011E-02  4.416E+03  4.464E+01  3.603E+01
 56Fe  6.316E+01 7.088E+04  1.884E-03  1.429E+03  7.064E+03  1.010E-02  4.410E+03  4.452E+01  3.598E+01
 56Fe  6.564E+01 7.003E+04  1.941E-03  1.429E+03  7.052E+03  1.008E-02  4.402E+03  4.436E+01  3.591E+01
 56Fe  6.821E+01 6.918E+04  2.001E-03  1.429E+03  7.036E+03  1.006E-02  4.392E+03  4.417E+01  3.583E+01
 56Fe  7.089E+01 6.833E+04  2.063E-03  1.429E+03  7.017E+03  1.003E-02  4.380E+03  4.393E+01  3.574E+01
 56Fe  7.366E+01 6.748E+04  2.128E-03  1.429E+03  6.996E+03  9.999E-03  4.367E+03  4.367E+01  3.563E+01
 56Fe  7.655E+01 6.662E+04  2.196E-03  1.429E+03  6.972E+03  9.965E-03  4.352E+03  4.337E+01  3.551E+01
 56Fe  7.955E+01 6.575E+04  2.267E-03  1.429E+03  6.946E+03  9.928E-03  4.336E+03  4.304E+01  3.537E+01
 56Fe  8.267E+01 6.489E+04  2.341E-03  1.429E+03  6.917E+03  9.887E-03  4.318E+03  4.269E+01  3.523E+01
 56Fe  8.592E+01 6.402E+04  2.418E-03  1.429E+03  6.886E+03  9.842E-03  4.298E+03  4.230E+01  3.507E+01
 56Fe  8.929E+01 6.315E+04  2.499E-03  1.429E+03  6.853E+03  9.795E-03  4.278E+03  4.190E+01  3.490E+01
 56Fe  9.279E+01 6.228E+04  2.584E-03  1.429E+03  6.817E+03  9.744E-03  4.256E+03  4.147E+01  3.472E+01
 56Fe  9.643E+01 6.141E+04  2.672E-03  1.429E+03  6.780E+03  9.691E-03  4.232E+03  4.101E+01  3.453E+01
 56Fe  1.002E+02 6.053E+04  2.764E-03  1.429E+03  6.741E+03  9.635E-03  4.208E+03  4.054E+01  3.433E+01
 56Fe  1.041E+02 5.966E+04  2.860E-03  1.429E+03  6.699E+03  9.575E-03  4.182E+03  4.004E+01  3.412E+01
 56Fe  1.082E+02 5.878E+04  2.961E-03  1.429E+03  6.656E+03  9.514E-03  4.155E+03  3.953E+01  3.390E+01
 56Fe  1.125E+02 5.790E+04  3.067E-03  1.429E+03  6.611E+03  9.449E-03  4.127E+03  3.899E+01  3.367E+01
 56Fe  1.169E+02 5.702E+04  3.177E-03  1.429E+03  6.564E+03  9.382E-03  4.097E+03  3.844E+01  3.343E+01
 56Fe  1.215E+02 5.614E+04  3.293E-03  1.429E+03  6.515E+03  9.313E-03  4.067E+03  3.788E+01  3.318E+01
 56Fe  1.263E+02 5.526E+04  3.414E-03  1.429E+03  6.465E+03  9.241E-03  4.036E+03  3.729E+01  3.293E+01
 56Fe  1.312E+02 5.438E+04  3.541E-03  1.429E+03  6.413E+03  9.167E-03  4.003E+03  3.670E+01  3.266E+01
 56Fe  1.364E+02 5.350E+04  3.674E-03  1.429E+03  6.360E+03  9.090E-03  3.970E+03  3.609E+01  3.239E+01
 56Fe  1.417E+02 5.263E+04  3.813E-03  1.429E+03  6.305E+03  9.012E-03  3.936E+03  3.547E+01  3.211E+01
 56Fe  1.473E+02 5.175E+04  3.959E-03  1.429E+03  6.248E+03  8.931E-03  3.900E+03  3.483E+01  3.182E+01
 56Fe  1.531E+02 5.088E+04  4.112E-03  1.429E+03  6.190E+03  8.848E-03  3.864E+03  3.419E+01  3.153E+01
 56Fe  1.591E+02 5.000E+04  4.272E-03  1.429E+03  6.131E+03  8.763E-03  3.827E+03  3.354E+01  3.122E+01
 56Fe  1.653E+02 4.913E+04  4.441E-03  1.429E+03  6.070E+03  8.676E-03  3.789E+03  3.287E+01  3.091E+01
 56Fe  1.718E+02 4.826E+04  4.618E-03  1.429E+03  6.008E+03  8.587E-03  3.750E+03  3.221E+01  3.060E+01
 56Fe  1.786E+02 4.740E+04  4.804E-03  1.429E+03  5.945E+03  8.497E-03  3.711E+03  3.153E+01  3.028E+01
 56Fe  1.856E+02 4.653E+04  4.998E-03  1.429E+03  5.880E+03  8.405E-03  3.671E+03  3.085E+01  2.995E+01
 56Fe  1.929E+02 4.567E+04  5.203E-03  1.429E+03  5.815E+03  8.311E-03  3.630E+03  3.017E+01  2.961E+01
 56Fe  2.005E+02 4.482E+04  5.419E-03  1.429E+03  5.748E+03  8.215E-03  3.588E+03  2.948E+01  2.927E+01
 56Fe  2.084E+02 4.396E+04  5.645E-03  1.429E+03  5.680E+03  8.119E-03  3.546E+03  2.878E+01  2.893E+01
 56Fe  2.166E+02 4.312E+04  5.883E-03  1.429E+03  5.611E+03  8.020E-03  3.503E+03  2.809E+01  2.858E+01
 56Fe  2.252E+02 4.227E+04  6.133E-03  1.429E+03  5.541E+03  7.920E-03  3.459E+03  2.740E+01  2.822E+01
 56Fe  2.340E+02 4.143E+04  6.397E-03  1.429E+03  5.471E+03  7.819E-03  3.415E+03  2.670E+01  2.786E+01
 56Fe  2.432E+02 4.060E+04  6.674E-03  1.429E+03  5.399E+03  7.717E-03  3.370E+03  2.601E+01  2.750E+01
 56Fe  2.528E+02 3.977E+04  6.966E-03  1.429E+03  5.327E+03  7.614E-03  3.325E+03  2.532E+01  2.713E+01
 56Fe  2.628E+02 3.895E+04  7.274E-03  1.429E+03  5.254E+03  7.509E-03  3.279E+03  2.463E+01  2.676E+01
 56Fe  2.731E+02 3.813E+04  7.598E-03  1.429E+03  5.180E+03  7.404E-03  3.234E+03  2.394E+01  2.638E+01
 56Fe  2.839E+02 3.732E+04  7.940E-03  1.429E+03  5.106E+03  7.298E-03  3.187E+03  2.326E+01  2.600E+01
 56Fe  2.951E+02 3.651E+04  8.300E-03  1.429E+03  5.031E+03  7.190E-03  3.140E+03  2.258E+01  2.562E+01
 56Fe  3.068E+02 3.571E+04  8.680E-03  1.429E+03  4.955E+03  7.083E-03  3.093E+03  2.191E+01  2.524E+01
 56Fe  3.189E+02 3.492E+04  9.082E-03  1.429E+03  4.879E+03  6.974E-03  3.046E+03  2.124E+01  2.485E+01
 56Fe  3.315E+02 3.414E+04  9.505E-03  1.429E+03  4.803E+03  6.865E-03  2.998E+03  2.058E+01  2.446E+01
 56Fe  3.446E+02 3.337E+04  9.952E-03  1.429E+03  4.726E+03  6.755E-03  2.950E+03  1.993E+01  2.407E+01
 56Fe  3.582E+02 3.260E+04  1.042E-02  1.429E+03  4.649E+03  6.645E-03  2.902E+03  1.928E+01  2.368E+01
 56Fe  3.724E+02 3.184E+04  1.092E-02  1.429E+03  4.572E+03  6.534E-03  2.854E+03  1.865E+01  2.328E+01
 56Fe  3.871E+02 3.109E+04  1.145E-02  1.429E+03  4.494E+03  6.423E-03  2.805E+03  1.802E+01  2.289E+01
 56Fe  4.024E+02 3.034E+04  1.201E-02  1.429E+03  4.416E+03  6.312E-03  2.757E+03  1.740E+01  2.249E+01
 56Fe  4.184E+02 2.961E+04  1.260E-02  1.429E+03  4.339E+03  6.201E-03  2.708E+03  1.679E+01  2.210E+01
 56Fe  4.349E+02 2.888E+04  1.323E-02  1.429E+03  4.261E+03  6.090E-03  2.660E+03  1.620E+01  2.170E+01
 56Fe  4.522E+02 2.817E+04  1.389E-02  1.429E+03  4.183E+03  5.979E-03  2.611E+03  1.561E+01  2.130E+01
 56Fe  4.701E+02 2.746E+04  1.459E-02  1.429E+03  4.105E+03  5.868E-03  2.563E+03  1.504E+01  2.091E+01
 56Fe  4.887E+02 2.676E+04  1.533E-02  1.429E+03  4.027E+03  5.757E-03  2.514E+03  1.447E+01  2.051E+01
 56Fe  5.081E+02 2.608E+04  1.612E-02  1.429E+03  3.950E+03  5.646E-03  2.466E+03  1.392E+01  2.012E+01
 56Fe  5.283E+02 2.540E+04  1.696E-02  1.429E+03  3.873E+03  5.535E-03  2.417E+03  1.338E+01  1.972E+01
 56Fe  5.493E+02 2.473E+04  1.784E-02  1.429E+03  3.796E+03  5.425E-03  2.369E+03  1.285E+01  1.933E+01
 56Fe  5.712E+02 2.408E+04  1.878E-02  1.429E+03  3.719E+03  5.316E-03  2.322E+03  1.234E+01  1.894E+01
 56Fe  5.939E+02 2.343E+04  1.978E-02  1.429E+03  3.643E+03  5.207E-03  2.274E+03  1.184E+01  1.855E+01
 56Fe  6.175E+02 2.279E+04  2.084E-02  1.429E+03  3.567E+03  5.098E-03  2.226E+03  1.135E+01  1.817E+01
 56Fe  6.421E+02 2.217E+04  2.197E-02  1.429E+03  3.491E+03  4.990E-03  2.179E+03  1.088E+01  1.778E+01
 56Fe  6.678E+02 2.155E+04  2.316E-02  1.429E+03  3.416E+03  4.883E-03  2.133E+03  1.041E+01  1.740E+01
 56Fe  6.944E+02 2.095E+04  2.444E-02  1.429E+03  3.342E+03  4.777E-03  2.086E+03  9.964E+00  1.702E+01
 56Fe  7.221E+02 2.036E+04  2.579E-02  1.429E+03  3.268E+03  4.671E-03  2.040E+03  9.529E+00  1.664E+01
 56Fe  7.510E+02 1.977E+04  2.723E-02  1.429E+03  3.195E+03  4.566E-03  1.994E+03  9.106E+00  1.627E+01
 56Fe  7.810E+02 1.920E+04  2.877E-02  1.429E+03  3.122E+03  4.463E-03  1.949E+03  8.697E+00  1.590E+01
 56Fe  8.123E+02 1.864E+04  3.040E-02  1.429E+03  3.050E+03  4.360E-03  1.904E+03  8.301E+00  1.553E+01
 56Fe  8.449E+02 1.810E+04  3.214E-02  1.429E+03  2.979E+03  4.258E-03  1.860E+03  7.918E+00  1.517E+01
 56Fe  8.788E+02 1.756E+04  3.400E-02  1.429E+03  2.909E+03  4.158E-03  1.816E+03  7.549E+00  1.481E+01
 56Fe  9.140E+02 1.703E+04  3.597E-02  1.429E+03  2.839E+03  4.058E-03  1.772E+03  7.192E+00  1.446E+01
 56Fe  9.508E+02 1.652E+04  3.808E-02  1.429E+03  2.770E+03  3.960E-03  1.729E+03  6.848E+00  1.411E+01
 56Fe  9.891E+02 1.601E+04  4.034E-02  1.429E+03  2.702E+03  3.863E-03  1.687E+03  6.516E+00  1.376E+01
 56Fe  1.029E+03 1.552E+04  4.274E-02  1.429E+03  2.635E+03  3.767E-03  1.645E+03  6.197E+00  1.342E+01
 56Fe  1.070E+03 1.504E+04  4.530E-02  1.429E+03  2.569E+03  3.672E-03  1.604E+03  5.890E+00  1.309E+01
 56Fe  1.114E+03 1.457E+04  4.804E-02  1.429E+03  2.504E+03  3.579E-03  1.563E+03  5.595E+00  1.275E+01
 56Fe  1.159E+03 1.411E+04  5.098E-02  1.429E+03  2.440E+03  3.487E-03  1.523E+03  5.312E+00  1.243E+01
 56Fe  1.206E+03 1.366E+04  5.411E-02  1.429E+03  2.377E+03  3.397E-03  1.484E+03  5.040E+00  1.210E+01
 56Fe  1.255E+03 1.323E+04  5.746E-02  1.429E+03  2.315E+03  3.308E-03  1.445E+03  4.780E+00  1.179E+01
 56Fe  1.305E+03 1.280E+04  6.103E-02  1.429E+03  2.254E+03  3.221E-03  1.407E+03  4.531E+00  1.148E+01
 56Fe  1.359E+03 1.238E+04  6.487E-02  1.429E+03  2.193E+03  3.135E-03  1.369E+03  4.292E+00  1.117E+01
 56Fe  1.414E+03 1.198E+04  6.897E-02  1.429E+03  2.134E+03  3.050E-03  1.332E+03  4.064E+00  1.087E+01
 56Fe  1.472E+03 1.158E+04  7.338E-02  1.429E+03  2.076E+03  2.967E-03  1.296E+03  3.846E+00  1.057E+01
 56Fe  1.532E+03 1.120E+04  7.809E-02  1.429E+03  2.019E+03  2.886E-03  1.260E+03  3.638E+00  1.028E+01
 56Fe  1.594E+03 1.083E+04  8.315E-02  1.429E+03  1.963E+03  2.806E-03  1.226E+03  3.439E+00  9.999E+00
 56Fe  1.660E+03 1.046E+04  8.857E-02  1.429E+03  1.908E+03  2.728E-03  1.191E+03  3.250E+00  9.720E+00
 56Fe  1.728E+03 1.011E+04  9.439E-02  1.429E+03  1.855E+03  2.651E-03  1.158E+03  3.069E+00  9.446E+00
 56Fe  1.799E+03 9.768E+03  1.006E-01  1.429E+03  1.802E+03  2.576E-03  1.125E+03  2.898E+00  9.179E+00
 56Fe  1.873E+03 9.435E+03  1.073E-01  1.429E+03  1.751E+03  2.502E-03  1.093E+03  2.735E+00  8.917E+00
 56Fe  1.951E+03 9.111E+03  1.142E-01  1.429E+03  1.700E+03  2.430E-03  1.061E+03  2.580E+00  8.660E+00
 56Fe  2.032E+03 8.796E+03  1.219E-01  1.429E+03  1.651E+03  2.360E-03  1.031E+03  2.432E+00  8.409E+00
 56Fe  2.116E+03 8.491E+03  1.303E-01  1.429E+03  1.603E+03  2.291E-03  1.001E+03  2.292E+00  8.164E+00
 56Fe  2.204E+03 8.196E+03  1.392E-01  1.429E+03  1.556E+03  2.224E-03  9.712E+02  2.160E+00  7.924E+00
 56Fe  2.296E+03 7.909E+03  1.488E-01  1.429E+03  1.510E+03  2.158E-03  9.425E+02  2.034E+00  7.690E+00
 56Fe  2.392E+03 7.631E+03  1.592E-01  1.429E+03  1.465E+03  2.094E-03  9.145E+02  1.915E+00  7.461E+00
 56Fe  2.492E+03 7.361E+03  1.703E-01  1.429E+03  1.421E+03  2.031E-03  8.871E+02  1.802E+00  7.238E+00
 56Fe  2.597E+03 7.100E+03  1.824E-01  1.429E+03  1.378E+03  1.970E-03  8.604E+02  1.695E+00  7.020E+00
 56Fe  2.707E+03 6.848E+03  1.953E-01  1.429E+03  1.337E+03  1.911E-03  8.344E+02  1.594E+00  6.808E+00
 56Fe  2.822E+03 6.603E+03  2.093E-01  1.429E+03  1.296E+03  1.853E-03  8.091E+02  1.499E+00  6.601E+00
 56Fe  2.942E+03 6.366E+03  2.243E-01  1.429E+03  1.257E+03  1.796E-03  7.844E+02  1.409E+00  6.400E+00
 56Fe  3.067E+03 6.137E+03  2.406E-01  1.429E+03  1.218E+03  1.741E-03  7.603E+02  1.324E+00  6.203E+00
 56Fe  3.198E+03 5.916E+03  2.581E-01  1.429E+03  1.180E+03  1.687E-03  7.369E+02  1.243E+00  6.012E+00
 56Fe  3.336E+03 5.702E+03  2.771E-01  1.429E+03  1.144E+03  1.635E-03  7.141E+02  1.168E+00  5.826E+00
 56Fe  3.479E+03 5.495E+03  2.976E-01  1.429E+03  1.108E+03  1.584E-03  6.919E+02  1.096E+00  5.645E+00
 56Fe  3.630E+03 5.295E+03  3.197E-01  1.429E+03  1.074E+03  1.535E-03  6.703E+02  1.029E+00  5.469E+00
 56Fe  3.788E+03 5.101E+03  3.437E-01  1.429E+03  1.040E+03  1.487E-03  6.493E+02  9.654E-01  5.298E+00
 56Fe  3.953E+03 4.915E+03  3.696E-01  1.429E+03  1.008E+03  1.440E-03  6.289E+02  9.057E-01  5.131E+00
 56Fe  4.127E+03 4.735E+03  3.976E-01  1.429E+03  9.758E+02  1.395E-03  6.091E+02  8.496E-01  4.970E+00
 56Fe  4.309E+03 4.561E+03  4.280E-01  1.429E+03  9.450E+02  1.351E-03  5.899E+02  7.967E-01  4.813E+00
 56Fe  4.500E+03 4.393E+03  4.609E-01  1.429E+03  9.150E+02  1.308E-03  5.712E+02  7.470E-01  4.660E+00
 56Fe  4.700E+03 4.231E+03  4.966E-01  1.429E+03  8.859E+02  1.266E-03  5.530E+02  7.003E-01  4.512E+00
 56Fe  4.911E+03 4.074E+03  5.353E-01  1.429E+03  8.577E+02  1.226E-03  5.354E+02  6.563E-01  4.368E+00
 56Fe  5.133E+03 3.924E+03  5.774E-01  1.429E+03  8.303E+02  1.187E-03  5.183E+02  6.151E-01  4.229E+00
 56Fe  5.365E+03 3.778E+03  6.231E-01  1.429E+03  8.037E+02  1.149E-03  5.017E+02  5.763E-01  4.093E+00
 56Fe  5.610E+03 3.638E+03  6.727E-01  1.429E+03  7.779E+02  1.112E-03  4.856E+02  5.399E-01  3.962E+00
 56Fe  5.868E+03 3.503E+03  7.267E-01  1.429E+03  7.529E+02  1.076E-03  4.700E+02  5.058E-01  3.835E+00
 56Fe  6.140E+03 3.372E+03  7.855E-01  1.429E+03  7.287E+02  1.042E-03  4.549E+02  4.737E-01  3.711E+00
 56Fe  6.426E+03 3.247E+03  8.495E-01  1.429E+03  7.052E+02  1.008E-03  4.402E+02  4.437E-01  3.591E+00
 56Fe  6.728E+03 3.126E+03  9.193E-01  1.429E+03  6.824E+02  9.754E-04  4.260E+02  4.155E-01  3.475E+00
 56Fe  7.047E+03 3.009E+03  9.954E-01  1.429E+03  6.603E+02  9.438E-04  4.122E+02  3.890E-01  3.363E+00
 56Fe  7.384E+03 2.897E+03  1.079E+00  1.429E+03  6.390E+02  9.133E-04  3.988E+02  3.643E-01  3.254E+00
 56Fe  7.740E+03 2.788E+03  1.169E+00  1.429E+03  6.182E+02  8.837E-04  3.859E+02  3.410E-01  3.149E+00
 56Fe  8.118E+03 2.684E+03  1.269E+00  1.429E+03  5.982E+02  8.550E-04  3.734E+02  3.193E-01  3.047E+00
 56Fe  8.517E+03 2.583E+03  1.378E+00  1.429E+03  5.788E+02  8.272E-04  3.613E+02  2.989E-01  2.948E+00
 56Fe  8.941E+03 2.487E+03  1.497E+00  1.429E+03  5.599E+02  8.004E-04  3.495E+02  2.797E-01  2.852E+00
 56Fe  9.390E+03 2.393E+03  1.628E+00  1.429E+03  5.417E+02  7.743E-04  3.382E+02  2.619E-01  2.759E+00
 56Fe  9.869E+03 2.304E+03  1.771E+00  1.429E+03  5.241E+02  7.491E-04  3.272E+02  2.451E-01  2.669E+00
 56Fe  1.038E+04 2.217E+03  1.930E+00  1.429E+03  5.071E+02  7.248E-04  3.165E+02  2.294E-01  2.582E+00
 56Fe  1.092E+04 2.134E+03  2.104E+00  1.429E+03  4.906E+02  7.012E-04  3.062E+02  2.147E-01  2.498E+00
 56Fe  1.150E+04 2.054E+03  2.296E+00  1.429E+03  4.746E+02  6.783E-04  2.962E+02  2.010E-01  2.417E+00
 56Fe  1.212E+04 1.977E+03  2.508E+00  1.429E+03  4.591E+02  6.563E-04  2.866E+02  1.881E-01  2.338E+00
 56Fe  1.278E+04 1.903E+03  2.743E+00  1.429E+03  4.442E+02  6.349E-04  2.773E+02  1.760E-01  2.262E+00
 56Fe  1.349E+04 1.831E+03  3.003E+00  1.429E+03  4.297E+02  6.142E-04  2.682E+02  1.648E-01  2.189E+00
 56Fe  1.425E+04 1.762E+03  3.293E+00  1.429E+03  4.157E+02  5.942E-04  2.595E+02  1.542E-01  2.117E+00
 56Fe  1.507E+04 1.696E+03  3.615E+00  1.429E+03  4.022E+02  5.749E-04  2.511E+02  1.444E-01  2.049E+00
 56Fe  1.596E+04 1.632E+03  3.974E+00  1.429E+03  3.892E+02  5.562E-04  2.429E+02  1.351E-01  1.982E+00
 56Fe  1.692E+04 1.571E+03  4.376E+00  1.429E+03  3.765E+02  5.382E-04  2.350E+02  1.265E-01  1.918E+00
 56Fe  1.796E+04 1.512E+03  4.827E+00  1.429E+03  3.643E+02  5.207E-04  2.274E+02  1.184E-01  1.855E+00
 56Fe  1.910E+04 1.455E+03  5.334E+00  1.429E+03  3.525E+02  5.039E-04  2.200E+02  1.109E-01  1.795E+00
 56Fe  2.034E+04 1.400E+03  5.907E+00  1.429E+03  3.411E+02  4.876E-04  2.129E+02  1.038E-01  1.737E+00
 56Fe  2.170E+04 1.348E+03  6.556E+00  1.429E+03  3.301E+02  4.718E-04  2.061E+02  9.722E-02  1.681E+00
 56Fe  2.319E+04 1.297E+03  7.294E+00  1.429E+03  3.195E+02  4.566E-04  1.994E+02  9.105E-02  1.627E+00
 56Fe  2.485E+04 1.248E+03  8.138E+00  1.429E+03  3.092E+02  4.419E-04  1.930E+02  8.529E-02  1.575E+00
 56Fe  2.669E+04 1.201E+03  9.107E+00  1.429E+03  2.993E+02  4.278E-04  1.868E+02  7.991E-02  1.524E+00
 56Fe  2.875E+04 1.156E+03  1.023E+01  1.429E+03  2.897E+02  4.141E-04  1.808E+02  7.488E-02  1.475E+00
 56Fe  3.107E+04 1.113E+03  1.153E+01  1.429E+03  2.805E+02  4.009E-04  1.751E+02  7.019E-02  1.428E+00
 56Fe  3.370E+04 1.071E+03  1.306E+01  1.429E+03  2.716E+02  3.882E-04  1.695E+02  6.581E-02  1.383E+00
 56Fe  3.673E+04 1.030E+03  1.488E+01  1.429E+03  2.630E+02  3.760E-04  1.642E+02  6.173E-02  1.340E+00
 56Fe  4.024E+04 9.916E+02  1.705E+01  1.429E+03  2.548E+02  3.642E-04  1.590E+02  5.792E-02  1.298E+00
 56Fe  4.436E+04 9.543E+02  1.969E+01  1.429E+03  2.469E+02  3.528E-04  1.541E+02  5.437E-02  1.257E+00
 56Fe  4.929E+04 9.185E+02  2.294E+01  1.429E+03  2.393E+02  3.420E-04  1.493E+02  5.107E-02  1.219E+00
 56Fe  5.531E+04 8.839E+02  2.703E+01  1.429E+03  2.320E+02  3.316E-04  1.448E+02  4.801E-02  1.181E+00
 56Fe  6.286E+04 8.507E+02  3.233E+01  1.429E+03  2.250E+02  3.216E-04  1.405E+02  4.518E-02  1.146E+00
 56Fe  7.268E+04 8.187E+02  3.943E+01  1.429E+03  2.184E+02  3.122E-04  1.363E+02  4.257E-02  1.112E+00
 56Fe  8.612E+04 7.879E+02  4.944E+01  1.429E+03  2.122E+02  3.033E-04  1.325E+02  4.018E-02  1.081E+00
 56Fe  1.060E+05 7.583E+02  6.469E+01  1.429E+03  2.064E+02  2.951E-04  1.289E+02  3.803E-02  1.051E+00
 56Fe  1.398E+05 7.298E+02  9.124E+01  1.429E+03  2.013E+02  2.877E-04  1.257E+02  3.616E-02  1.025E+00
 56Fe  2.167E+05 7.024E+02  1.532E+02  1.429E+03  1.973E+02  2.820E-04  1.232E+02  3.474E-02  1.005E+00
 56Fe  4.721E+05 6.827E+02  3.613E+02  1.429E+03  1.968E+02  2.813E-04  1.229E+02  3.457E-02  1.002E+00
  Avg  6.622E+03 6.380E+04  3.419E+00  4.302E+05  2.324E+03  1.000E+00  1.667E+03  3.069E+03  1.360E+01
========================================================================================================
YF=frequency-mean lineal energy, YD=dose-mean lineal energy, ZF=frequency-mean specific energy. Fluence
on plane tangent to nuclear membrane closest to radiation source = 3.7449E+05  particle per cm^2; dose
per unit (incident on dish) fluence (DPUF)=2.5*pi*zf*ndia*ndia=2.3243E+03 nGy-cm^2.

TABLE 1. Percent (%) cluster yields by complexity, as classified using the scheme of Nikjoo et al. (IJRB 71, 
467-483 1997 and and Radiat. Res. 156, 577-583 2001).
===================================================================================================================
    32.448     BD    - one or more Bd (no Sb)
    28.564     SSB   - Sb (no auxilary damage)
    11.049     SSB+  - two Sb on the same strand
     6.992     2SSB  - two or more Sb on opposite strands separated by at least 10 bp
     5.236     DSB   - two Sb on opposite strands with a separation <= 10 bp
     5.058     DSB+  - DSB accompanied by one (or more) additional Sb within 10 bp separation
    10.653     DSB++ - more than one DSB whether within the 10 bp separation or further apart
    38.646     SSBc  - fraction of complex damage (SSB+ and 2SSB) among SSBs
    90.977     SSBcb - fraction of complex damage (SSB+ and 2SSB) among SSBs; base damage included
    74.696     DSBc  - fraction of complex damage (DSB+ and DSB++) among DSBs
    97.798     DSBcb - fraction of complex damage (DSB+ and DSB++) among DSBs; base damage included
===================================================================================================================

TABLE 2. Number of clusters per cell (DNA=1.000 Gbp, AD=1.000 Gy).
===================================================================================================================
Number of --------- DSB ----------   --------- SSB ----------   -------- OTHER ---------   ----- ALL CLUSTERS -----
 lesions    Average        SEM         Average        SEM         Average        SEM         Average        SEM    
===================================================================================================================
   1          ---          ---       1.10715E+01  3.38444E-01   3.32434E+01  1.01463E+00   4.43149E+01  1.35238E+00
   2      9.10752E-01  1.65151E-02   1.11947E+01  1.83978E-01   1.55749E+01  2.54467E-01   2.76803E+01  4.51721E-01
   3      1.52732E+00  1.72508E-02   9.76102E+00  1.04420E-01   8.20599E+00  8.79853E-02   1.94943E+01  2.04644E-01
   4      1.83472E+00  1.57009E-02   8.19427E+00  6.58068E-02   4.63734E+00  3.81443E-02   1.46663E+01  1.12749E-01
   5      1.96018E+00  1.44110E-02   6.74409E+00  4.32243E-02   2.69560E+00  1.90160E-02   1.13999E+01  6.82204E-02
   6      1.96062E+00  1.25878E-02   5.49039E+00  3.01172E-02   1.61152E+00  1.15406E-02   9.06253E+00  4.45223E-02
   7      1.89187E+00  1.21949E-02   4.45707E+00  2.32056E-02   9.76064E-01  8.09512E-03   7.32500E+00  3.34403E-02
   8      1.75614E+00  1.18557E-02   3.59930E+00  1.94355E-02   5.97356E-01  6.18912E-03   5.95279E+00  2.85663E-02
   9      1.65795E+00  1.18039E-02   2.92019E+00  1.72189E-02   3.66933E-01  4.66689E-03   4.94507E+00  2.59663E-02
  10      1.50728E+00  1.15746E-02   2.33978E+00  1.56204E-02   2.31145E-01  3.79501E-03   4.07820E+00  2.44302E-02
  11      1.34588E+00  1.12614E-02   1.85816E+00  1.40015E-02   1.40398E-01  2.87043E-03   3.34444E+00  2.23446E-02
  12      1.22604E+00  1.09976E-02   1.48884E+00  1.24239E-02   9.30801E-02  2.33029E-03   2.80795E+00  2.05314E-02
  13      1.09775E+00  1.05456E-02   1.20071E+00  1.11090E-02   5.55370E-02  1.73067E-03   2.35399E+00  1.87999E-02
  14      9.79507E-01  9.97882E-03   9.51238E-01  9.62910E-03   3.49883E-02  1.42889E-03   1.96573E+00  1.68136E-02
  15      8.68488E-01  9.41137E-03   7.72354E-01  8.41563E-03   2.17705E-02  1.12855E-03   1.66261E+00  1.52216E-02
  16      7.68522E-01  8.73176E-03   6.25180E-01  7.35460E-03   1.42730E-02  8.90459E-04   1.40798E+00  1.35781E-02
  17      6.74109E-01  7.95884E-03   4.89948E-01  6.46538E-03   8.99700E-03  6.96558E-04   1.17305E+00  1.20683E-02
  18      5.93247E-01  7.50875E-03   3.97867E-01  5.60332E-03   5.33156E-03  5.46867E-04   9.96446E-01  1.08857E-02
  19      5.21548E-01  6.89979E-03   3.24947E-01  4.94624E-03   3.16561E-03  4.15364E-04   8.49661E-01  9.81539E-03
  20      4.60458E-01  6.37334E-03   2.52971E-01  4.28078E-03   2.38809E-03  3.61622E-04   7.15817E-01  8.71529E-03
  21      3.94979E-01  5.83829E-03   2.09208E-01  3.83249E-03   1.11074E-03  2.47581E-04   6.05298E-01  7.77968E-03
  22      3.50217E-01  5.39091E-03   1.63223E-01  3.28650E-03   8.33056E-04  2.14592E-04   5.14273E-01  6.98537E-03
  23      3.04843E-01  4.87648E-03   1.31567E-01  2.94495E-03   6.66445E-04  1.92033E-04   4.37077E-01  6.22942E-03
  24      2.62968E-01  4.59663E-03   1.11574E-01  2.69161E-03   4.99833E-04  1.66389E-04   3.75042E-01  5.77336E-03
  25      2.33033E-01  4.19702E-03   8.89703E-02  2.35061E-03   3.88759E-04  1.46790E-04   3.22393E-01  5.18044E-03
  26      2.02266E-01  3.83313E-03   7.09763E-02  2.10326E-03   5.55370E-05  5.55370E-05   2.73298E-01  4.66510E-03
  27      1.79051E-01  3.57160E-03   5.67589E-02  1.85890E-03   1.11074E-04  7.85281E-05   2.35921E-01  4.22475E-03
  28      1.48062E-01  3.19070E-03   4.60402E-02  1.64777E-03       ---          ---       1.94102E-01  3.75859E-03
  29      1.26847E-01  2.89251E-03   3.80984E-02  1.48340E-03       ---          ---       1.64945E-01  3.42351E-03
  30      1.13296E-01  2.63553E-03   2.86016E-02  1.29867E-03   5.55370E-05  5.55370E-05   1.41953E-01  3.02358E-03
  31      9.79673E-02  2.51197E-03   2.24925E-02  1.14692E-03       ---          ---       1.20460E-01  2.83957E-03
  32      8.75819E-02  2.35290E-03   2.10485E-02  1.10415E-03       ---          ---       1.08630E-01  2.67611E-03
  33      7.38643E-02  2.19992E-03   1.69943E-02  1.00106E-03       ---          ---       9.08586E-02  2.45797E-03
  34      6.02577E-02  1.90704E-03   1.22181E-02  8.31103E-04       ---          ---       7.24758E-02  2.15382E-03
  35      5.30934E-02  1.80970E-03   1.04965E-02  7.71868E-04       ---          ---       6.35899E-02  1.99359E-03
  36      4.80951E-02  1.73896E-03   6.71998E-03  6.08787E-04       ---          ---       5.48151E-02  1.84426E-03
  37      4.07087E-02  1.58474E-03   6.33122E-03  6.22687E-04       ---          ---       4.70399E-02  1.72457E-03
  38      3.58769E-02  1.46640E-03   5.60924E-03  5.48759E-04       ---          ---       4.14862E-02  1.59163E-03
  39      2.71576E-02  1.29712E-03   4.49850E-03  5.17546E-04       ---          ---       3.16561E-02  1.39612E-03
  40      2.55470E-02  1.20868E-03   3.11007E-03  4.19200E-04       ---          ---       2.86571E-02  1.28272E-03
  41      2.18816E-02  1.11408E-03   2.77685E-03  3.89486E-04       ---          ---       2.46584E-02  1.17872E-03
  42      1.97712E-02  1.07961E-03   2.27702E-03  3.53232E-04       ---          ---       2.20482E-02  1.14442E-03
  43      1.62724E-02  9.65920E-04   2.11041E-03  3.49186E-04       ---          ---       1.83828E-02  1.02797E-03
  44      1.41064E-02  8.99956E-04   1.77719E-03  3.22258E-04       ---          ---       1.58836E-02  9.60074E-04
  45      1.16072E-02  8.01956E-04   1.33289E-03  2.71030E-04       ---          ---       1.29401E-02  8.51345E-04
  46      1.07742E-02  8.00057E-04   1.05520E-03  2.53815E-04       ---          ---       1.18294E-02  8.38514E-04
  47      7.66411E-03  6.70373E-04   7.77519E-04  2.07350E-04       ---          ---       8.44163E-03  6.98871E-04
  48      7.66411E-03  6.70373E-04   8.88593E-04  2.21592E-04       ---          ---       8.55270E-03  7.07201E-04
  49      6.94213E-03  6.27927E-04   5.55370E-04  1.75360E-04       ---          ---       7.49750E-03  6.59405E-04
  50      5.27602E-03  5.32760E-04   5.55370E-04  1.75360E-04       ---          ---       5.83139E-03  5.59134E-04
 Total    2.65640E+01  7.40161E-02   7.52049E+01  5.47081E-01   6.85239E+01  1.31682E+00   1.70293E+02  1.77507E+00
-------------------------------------------------------------------------------------------------------------------
NOTE: The category "OTHER" includes all classes of individual and clustered DNA lesion, except for SSB and DSB.
SEM = standard error of the mean.

TABLE 3. Number of clusters per cell per track (DNA=1.000 Gbp, ZF=11.83775 Gy).
===================================================================================================================
Number of --------- DSB ----------   --------- SSB ----------   -------- OTHER ---------   ----- ALL CLUSTERS -----
 lesions    Average        SEM         Average        SEM         Average        SEM         Average        SEM    
===================================================================================================================
   1          ---          ---       6.92292E+01  9.75451E-01   2.08263E+02  2.85033E+00   2.77492E+02  3.78322E+00
   2      7.76632E+00  1.50050E-01   9.43104E+01  1.38727E+00   1.31089E+02  1.90570E+00   2.33166E+02  3.36006E+00
   3      1.55487E+01  2.66598E-01   9.63253E+01  1.46047E+00   8.10378E+01  1.23655E+00   1.92912E+02  2.88345E+00
   4      2.08083E+01  3.59586E-01   9.03346E+01  1.42228E+00   5.12624E+01  8.24905E-01   1.62405E+02  2.52616E+00
   5      2.37248E+01  4.14353E-01   8.00257E+01  1.29405E+00   3.23309E+01  5.49770E-01   1.36081E+02  2.18107E+00
   6      2.50951E+01  4.42891E-01   6.87685E+01  1.14413E+00   2.04960E+01  3.70335E-01   1.14360E+02  1.88107E+00
   7      2.54873E+01  4.65055E-01   5.85138E+01  9.97711E-01   1.31058E+01  2.54775E-01   9.71070E+01  1.63946E+00
   8      2.43131E+01  4.44534E-01   4.94165E+01  8.65001E-01   8.25010E+00  1.75438E-01   8.19797E+01  1.40967E+00
   9      2.38347E+01  4.46939E-01   4.09238E+01  7.29010E-01   5.11668E+00  1.20259E-01   6.98753E+01  1.22407E+00
  10      2.19123E+01  4.16710E-01   3.37632E+01  6.12593E-01   3.35280E+00  8.98746E-02   5.90283E+01  1.05187E+00
  11      1.99790E+01  3.85600E-01   2.73578E+01  5.13754E-01   2.11145E+00  6.54314E-02   4.94483E+01  8.98633E-01
  12      1.85747E+01  3.65941E-01   2.25713E+01  4.35953E-01   1.40907E+00  5.02945E-02   4.25551E+01  7.91450E-01
  13      1.68933E+01  3.38662E-01   1.81684E+01  3.61581E-01   8.28900E-01  3.65599E-02   3.58905E+01  6.76284E-01
  14      1.53623E+01  3.17325E-01   1.48963E+01  3.07958E-01   5.47384E-01  3.02818E-02   3.08060E+01  5.99840E-01
  15      1.38872E+01  2.92240E-01   1.21218E+01  2.55679E-01   3.47787E-01  2.32184E-02   2.63568E+01  5.21539E-01
  16      1.23458E+01  2.66507E-01   9.95813E+00  2.17036E-01   2.33117E-01  1.83662E-02   2.25370E+01  4.52791E-01
  17      1.08587E+01  2.32899E-01   7.78901E+00  1.79488E-01   1.35687E-01  1.38948E-02   1.87834E+01  3.80674E-01
  18      9.69128E+00  2.15359E-01   6.34789E+00  1.50331E-01   9.11804E-02  1.17286E-02   1.61304E+01  3.35459E-01
  19      8.53941E+00  1.95076E-01   5.25531E+00  1.28487E-01   5.33381E-02  8.69918E-03   1.38481E+01  2.95606E-01
  20      7.51500E+00  1.76685E-01   4.12174E+00  1.10146E-01   4.06214E-02  7.61045E-03   1.16774E+01  2.56578E-01
  21      6.46326E+00  1.57236E-01   3.42571E+00  9.43621E-02   1.63284E-02  4.94924E-03   9.90530E+00  2.21581E-01
  22      5.85594E+00  1.42661E-01   2.67949E+00  8.00924E-02   1.69511E-02  5.28387E-03   8.55238E+00  1.95297E-01
  23      5.02485E+00  1.26813E-01   2.14392E+00  6.94937E-02   1.32691E-02  4.66691E-03   7.18204E+00  1.69122E-01
  24      4.34928E+00  1.17858E-01   1.76254E+00  5.93077E-02   9.73704E-03  3.69378E-03   6.12155E+00  1.50191E-01
  25      3.92874E+00  1.08672E-01   1.42283E+00  5.06076E-02   8.96749E-03  3.75915E-03   5.36053E+00  1.33824E-01
  26      3.35299E+00  9.34327E-02   1.18180E+00  4.64149E-02   3.13889E-05  0.00000E+00   4.53482E+00  1.17816E-01
  27      3.02594E+00  8.83653E-02   9.26827E-01  4.05380E-02   1.96561E-03  1.82085E-03   3.95474E+00  1.07889E-01
  28      2.55004E+00  7.98753E-02   7.46054E-01  3.53365E-02       ---          ---       3.29609E+00  9.46681E-02
  29      2.10981E+00  6.75636E-02   6.24992E-01  3.32580E-02       ---          ---       2.73480E+00  8.16173E-02
  30      1.87781E+00  6.20491E-02   4.78696E-01  2.83621E-02   1.88202E-03  0.00000E+00   2.35838E+00  7.28745E-02
  31      1.60999E+00  5.70645E-02   3.66659E-01  2.46923E-02       ---          ---       1.97665E+00  6.56531E-02
  32      1.50792E+00  5.48224E-02   3.61223E-01  2.44617E-02       ---          ---       1.86914E+00  6.28278E-02
  33      1.28132E+00  5.07113E-02   2.53781E-01  2.09227E-02       ---          ---       1.53510E+00  5.68915E-02
  34      1.05263E+00  4.31798E-02   2.13935E-01  1.84149E-02       ---          ---       1.26657E+00  4.93004E-02
  35      8.71796E-01  3.93692E-02   1.85117E-01  1.68261E-02       ---          ---       1.05691E+00  4.39552E-02
  36      8.00093E-01  3.89881E-02   1.08773E-01  1.26252E-02       ---          ---       9.08866E-01  4.18250E-02
  37      6.85069E-01  3.50774E-02   1.00728E-01  1.29853E-02       ---          ---       7.85797E-01  3.85700E-02
  38      6.18199E-01  3.26185E-02   9.44895E-02  1.17069E-02       ---          ---       7.12689E-01  3.56724E-02
  39      4.77085E-01  2.97603E-02   7.60765E-02  1.13595E-02       ---          ---       5.53161E-01  3.21849E-02
  40      3.93569E-01  2.42634E-02   4.41063E-02  8.00525E-03       ---          ---       4.37676E-01  2.56900E-02
  41      3.98032E-01  2.51003E-02   3.77786E-02  7.41289E-03       ---          ---       4.35811E-01  2.65468E-02
  42      3.33693E-01  2.37563E-02   3.92390E-02  7.74335E-03       ---          ---       3.72932E-01  2.57173E-02
  43      2.77644E-01  2.11632E-02   4.31790E-02  8.82307E-03       ---          ---       3.20823E-01  2.31874E-02
  44      2.37635E-01  1.94126E-02   3.18201E-02  6.96003E-03       ---          ---       2.69455E-01  2.09435E-02
  45      1.97868E-01  1.74339E-02   1.88524E-02  5.32235E-03       ---          ---       2.16720E-01  1.86784E-02
  46      1.82478E-01  1.77561E-02   2.20971E-02  6.02551E-03       ---          ---       2.04575E-01  1.88483E-02
  47      1.28530E-01  1.44286E-02   1.35627E-02  4.71698E-03       ---          ---       1.42093E-01  1.51417E-02
  48      1.34815E-01  1.53326E-02   1.39808E-02  4.57098E-03       ---          ---       1.48796E-01  1.59604E-02
  49      1.03954E-01  1.25067E-02   1.20794E-02  4.49787E-03       ---          ---       1.16034E-01  1.36587E-02
  50      9.77726E-02  1.24207E-02   5.84984E-03  2.71152E-03       ---          ---       1.03622E-01  1.26982E-02
 Total    3.72611E+02  6.48639E+00   8.27669E+02  1.31071E+01   5.60172E+02  8.10910E+00   1.76045E+03  2.75852E+01
-------------------------------------------------------------------------------------------------------------------

TABLE 4. Cluster Length (in base pair)
===================================================================================================================
Number of --------- DSB ----------   --------- SSB ----------   -------- OTHER ---------   ----- ALL CLUSTERS -----
 lesions    Average        SEM         Average        SEM         Average        SEM         Average        SEM    
===================================================================================================================
   1          ---          ---       1.66667E-01  0.00000E+00   1.66667E-01  0.00000E+00   1.66667E-01  0.00000E+00
   2      7.34429E-01  4.55640E-03   7.67812E-01  1.36909E-03   7.64243E-01  1.26013E-03   7.64552E-01  1.08317E-03
   3      1.28723E+00  4.27343E-03   1.38118E+00  2.28139E-03   1.37339E+00  2.28342E-03   1.37032E+00  1.94065E-03
   4      1.86121E+00  4.87482E-03   1.99752E+00  3.13780E-03   1.97348E+00  3.65965E-03   1.97271E+00  2.84466E-03
   5      2.43244E+00  5.70763E-03   2.61800E+00  4.08911E-03   2.57445E+00  5.14301E-03   2.57546E+00  3.74454E-03
   6      3.01500E+00  6.64223E-03   3.23013E+00  5.41476E-03   3.16842E+00  7.09420E-03   3.17539E+00  4.96265E-03
   7      3.59678E+00  7.16663E-03   3.83067E+00  5.89404E-03   3.74137E+00  9.58380E-03   3.76356E+00  5.59936E-03
   8      4.19162E+00  7.98778E-03   4.43648E+00  6.68955E-03   4.34029E+00  1.30520E-02   4.35781E+00  6.09060E-03
   9      4.79918E+00  9.05074E-03   5.03760E+00  7.61679E-03   4.96483E+00  1.78028E-02   4.95554E+00  6.91522E-03
  10      5.37725E+00  1.00997E-02   5.65494E+00  9.06865E-03   5.52850E+00  2.30570E-02   5.54966E+00  7.95427E-03
  11      5.98408E+00  1.17182E-02   6.23444E+00  1.06473E-02   6.06291E+00  2.90495E-02   6.13839E+00  9.09644E-03
  12      6.56354E+00  1.29720E-02   6.86233E+00  1.24823E-02   6.71198E+00  3.64744E-02   6.74376E+00  1.06284E-02
  13      7.14771E+00  1.36328E-02   7.40234E+00  1.34256E-02   7.20799E+00  4.85321E-02   7.30565E+00  1.13556E-02
  14      7.75081E+00  1.54282E-02   8.00869E+00  1.54533E-02   7.89195E+00  6.25042E-02   7.91229E+00  1.23528E-02
  15      8.31626E+00  1.62403E-02   8.59491E+00  1.72127E-02   8.22199E+00  8.08594E-02   8.47730E+00  1.36182E-02
  16      8.88699E+00  1.81462E-02   9.20314E+00  1.98737E-02   8.95224E+00  1.00636E-01   9.06985E+00  1.48319E-02
  17      9.44283E+00  1.90312E-02   9.75988E+00  2.21884E-02   9.49010E+00  1.24320E-01   9.61484E+00  1.62702E-02
  18      1.00471E+01  2.07295E-02   1.03581E+01  2.39117E-02   9.77926E+00  1.67876E-01   1.02032E+01  1.72113E-02
  19      1.06204E+01  2.25701E-02   1.09454E+01  2.75540E-02   1.10731E+01  2.10050E-01   1.07790E+01  1.91334E-02
  20      1.11704E+01  2.37460E-02   1.14834E+01  3.19527E-02   1.12946E+01  2.99955E-01   1.13164E+01  2.04083E-02
  21      1.16962E+01  2.65020E-02   1.20743E+01  3.50448E-02   1.22000E+01  4.66823E-01   1.18573E+01  2.24044E-02
  22      1.23148E+01  2.82528E-02   1.26404E+01  3.95974E-02   1.18778E+01  6.96261E-01   1.24514E+01  2.43678E-02
  23      1.29063E+01  3.05300E-02   1.32999E+01  4.25860E-02   1.33333E+01  6.73263E-01   1.30570E+01  2.63266E-02
  24      1.35053E+01  3.31604E-02   1.38382E+01  4.75822E-02   1.41481E+01  5.89547E-01   1.36304E+01  2.81626E-02
  25      1.40830E+01  3.61055E-02   1.44869E+01  5.34057E-02   1.40238E+01  8.02137E-01   1.42160E+01  3.15710E-02
  26      1.46468E+01  3.79555E-02   1.49673E+01  6.01409E-02   1.00000E+01  0.00000E+00   1.47641E+01  3.45300E-02
  27      1.51464E+01  4.01958E-02   1.56256E+01  6.96951E-02   1.41667E+01  4.00000E+00   1.52588E+01  3.72457E-02
  28      1.56868E+01  4.75071E-02   1.62452E+01  7.80699E-02       ---          ---       1.58370E+01  4.27737E-02
  29      1.63153E+01  5.02133E-02   1.67419E+01  8.46584E-02       ---          ---       1.64078E+01  4.49318E-02
  30      1.69520E+01  5.22868E-02   1.74310E+01  9.73380E-02   1.78333E+01  0.00000E+00   1.70563E+01  4.78479E-02
  31      1.75832E+01  6.02388E-02   1.77483E+01  1.11006E-01       ---          ---       1.76046E+01  5.31888E-02
  32      1.80995E+01  6.20167E-02   1.85578E+01  1.20301E-01       ---          ---       1.81895E+01  5.65446E-02
  33      1.86273E+01  6.67636E-02   1.91898E+01  1.41179E-01       ---          ---       1.87527E+01  6.11119E-02
  34      1.92062E+01  7.47782E-02   1.98299E+01  1.73149E-01       ---          ---       1.93261E+01  7.02238E-02
  35      1.98223E+01  7.82607E-02   2.02044E+01  1.71626E-01       ---          ---       1.98824E+01  7.17826E-02
  36      2.03609E+01  8.61488E-02   2.09503E+01  2.02043E-01       ---          ---       2.04319E+01  7.97486E-02
  37      2.10243E+01  9.64503E-02   2.12814E+01  2.26464E-01       ---          ---       2.10583E+01  9.02240E-02
  38      2.16766E+01  1.05938E-01   2.18102E+01  2.71218E-01       ---          ---       2.17081E+01  9.96309E-02
  39      2.20905E+01  1.18083E-01   2.23139E+01  2.70312E-01       ---          ---       2.21241E+01  1.08909E-01
  40      2.27606E+01  1.23055E-01   2.31379E+01  3.08194E-01       ---          ---       2.27993E+01  1.14664E-01
  41      2.32058E+01  1.22912E-01   2.42800E+01  3.15957E-01       ---          ---       2.33138E+01  1.16446E-01
  42      2.38040E+01  1.42643E-01   2.43252E+01  3.70899E-01       ---          ---       2.38586E+01  1.33991E-01
  43      2.46670E+01  1.69949E-01   2.63874E+01  4.78084E-01       ---          ---       2.48610E+01  1.64056E-01
  44      2.52036E+01  1.67325E-01   2.56237E+01  3.99968E-01       ---          ---       2.52584E+01  1.55146E-01
  45      2.53535E+01  1.89883E-01   2.54792E+01  5.26981E-01       ---          ---       2.53599E+01  1.79484E-01
  46      2.63424E+01  2.12533E-01   2.70324E+01  5.93444E-01       ---          ---       2.64096E+01  1.99677E-01
  47      2.69478E+01  2.46096E-01   2.69524E+01  6.61248E-01       ---          ---       2.69483E+01  2.30668E-01
  48      2.72487E+01  2.35913E-01   2.80625E+01  6.34990E-01       ---          ---       2.73299E+01  2.22229E-01
  49      2.83740E+01  2.64154E-01   2.84333E+01  1.02204E+00       ---          ---       2.83986E+01  2.57080E-01
  50      2.85491E+01  2.96540E-01   2.91833E+01  5.87656E-01       ---          ---       2.86095E+01  2.74027E-01
Average   5.89319E+00  2.66879E-02   3.20387E+00  1.37294E-02   1.10843E+00  3.60500E-03   3.06453E+00  1.60949E-02
-------------------------------------------------------------------------------------------------------------------

TABLE 5. Density of lesions forming a cluster (in units of lesions per nucleotide).
===================================================================================================================
Number of --------- DSB ----------   --------- SSB ----------   -------- OTHER ---------   ----- ALL CLUSTERS -----
 lesions    Average        SEM         Average        SEM         Average        SEM         Average        SEM    
===================================================================================================================
   1          ---          ---       8.33333E-02  0.00000E+00   8.33333E-02  0.00000E+00   8.33333E-02  0.00000E+00
   2      5.82182E-02  4.66473E-04   5.18682E-02  1.10531E-04   5.24063E-02  1.00745E-04   5.23953E-02  8.25628E-05
   3      4.10622E-02  1.74531E-04   3.81070E-02  7.43962E-05   3.83259E-02  7.65692E-05   3.84436E-02  6.18787E-05
   4      3.53232E-02  1.17790E-04   3.27152E-02  6.01190E-05   3.32409E-02  7.35977E-05   3.32094E-02  5.33922E-05
   5      3.26040E-02  8.74841E-05   3.00713E-02  5.32826E-05   3.06054E-02  7.06112E-05   3.06384E-02  4.79928E-05
   6      3.07916E-02  7.53815E-05   2.84921E-02  4.88782E-05   2.90869E-02  7.44843E-05   2.90737E-02  4.57742E-05
   7      2.95669E-02  6.43361E-05   2.75696E-02  4.45666E-05   2.83186E-02  8.20731E-05   2.81540E-02  4.21928E-05
   8      2.86372E-02  5.80883E-05   2.68559E-02  4.19928E-05   2.75135E-02  9.68284E-05   2.74286E-02  3.86938E-05
   9      2.78311E-02  5.47502E-05   2.63976E-02  4.17941E-05   2.68985E-02  1.08959E-04   2.69042E-02  3.82747E-05
  10      2.74092E-02  5.45066E-05   2.59643E-02  4.27704E-05   2.66370E-02  1.23135E-04   2.65184E-02  3.84921E-05
  11      2.69353E-02  5.45884E-05   2.57602E-02  4.48938E-05   2.65043E-02  1.36677E-04   2.62187E-02  3.88632E-05
  12      2.66869E-02  5.34758E-05   2.54071E-02  4.57656E-05   2.59865E-02  1.53877E-04   2.59252E-02  3.99847E-05
  13      2.63968E-02  5.10282E-05   2.54294E-02  4.67064E-05   2.61798E-02  1.90167E-04   2.58110E-02  3.90459E-05
  14      2.61379E-02  5.24390E-05   2.52013E-02  4.97277E-05   2.56607E-02  2.27825E-04   2.55671E-02  3.90357E-05
  15      2.60111E-02  5.22954E-05   2.51286E-02  5.18871E-05   2.63369E-02  2.85360E-04   2.55186E-02  4.02956E-05
  16      2.59034E-02  5.37155E-05   2.49778E-02  5.53948E-05   2.56756E-02  3.12671E-04   2.53749E-02  4.08579E-05
  17      2.58245E-02  5.30235E-05   2.49297E-02  5.83370E-05   2.56291E-02  3.66129E-04   2.53510E-02  4.21035E-05
  18      2.56425E-02  5.45826E-05   2.48464E-02  6.02945E-05   2.63114E-02  4.81924E-04   2.52530E-02  4.24733E-05
  19      2.55670E-02  5.53820E-05   2.47573E-02  6.45498E-05   2.43772E-02  5.24138E-04   2.51848E-02  4.46989E-05
  20      2.55389E-02  5.53315E-05   2.48508E-02  7.17007E-05   2.54027E-02  7.54307E-04   2.52174E-02  4.53899E-05
  21      2.55955E-02  6.07418E-05   2.47789E-02  7.65811E-05   2.47112E-02  1.12972E-03   2.52495E-02  4.94169E-05
  22      2.54111E-02  6.11061E-05   2.47563E-02  8.15415E-05   2.71045E-02  1.75392E-03   2.51393E-02  5.09472E-05
  23      2.53207E-02  6.12887E-05   2.45109E-02  8.02589E-05   2.46779E-02  1.31044E-03   2.50220E-02  5.13504E-05
  24      2.52236E-02  6.41765E-05   2.45902E-02  8.87412E-05   2.38955E-02  1.01240E-03   2.49822E-02  5.32372E-05
  25      2.51841E-02  6.71277E-05   2.44415E-02  9.31800E-05   2.52291E-02  1.38743E-03   2.49433E-02  5.66950E-05
  26      2.51419E-02  6.61196E-05   2.45887E-02  1.01280E-04   3.61111E-02  0.00000E+00   2.49475E-02  5.88647E-05
  27      2.52229E-02  6.94041E-05   2.44613E-02  1.14824E-04   2.87637E-02  8.12152E-03   2.50529E-02  6.35062E-05
  28      2.52825E-02  7.86952E-05   2.43822E-02  1.21790E-04       ---          ---       2.50414E-02  6.93918E-05
  29      2.51460E-02  7.97328E-05   2.44649E-02  1.28400E-04       ---          ---       2.49991E-02  7.09396E-05
  30      2.49980E-02  7.92455E-05   2.42854E-02  1.38805E-04   2.33645E-02  0.00000E+00   2.48473E-02  7.16807E-05
  31      2.49294E-02  8.79690E-05   2.46330E-02  1.59773E-04       ---          ---       2.48772E-02  7.73793E-05
  32      2.49622E-02  8.78363E-05   2.43218E-02  1.58940E-04       ---          ---       2.48354E-02  7.93284E-05
  33      2.49796E-02  9.23302E-05   2.42711E-02  1.83206E-04       ---          ---       2.48119E-02  8.23292E-05
  34      2.49531E-02  9.83591E-05   2.41960E-02  2.09527E-04       ---          ---       2.48035E-02  9.09965E-05
  35      2.48589E-02  9.97154E-05   2.43796E-02  2.08639E-04       ---          ---       2.47810E-02  9.07290E-05
  36      2.49145E-02  1.07978E-04   2.41382E-02  2.41062E-04       ---          ---       2.48185E-02  9.96319E-05
  37      2.48067E-02  1.18250E-04   2.44546E-02  2.70625E-04       ---          ---       2.47623E-02  1.10244E-04
  38      2.46925E-02  1.21463E-04   2.45761E-02  3.08070E-04       ---          ---       2.46604E-02  1.13530E-04
  39      2.48477E-02  1.35946E-04   2.45685E-02  3.09770E-04       ---          ---       2.48051E-02  1.24968E-04
  40      2.47241E-02  1.35730E-04   2.42448E-02  3.28059E-04       ---          ---       2.46735E-02  1.26290E-04
  41      2.48028E-02  1.32414E-04   2.36487E-02  3.08009E-04       ---          ---       2.46871E-02  1.24431E-04
  42      2.48123E-02  1.51605E-04   2.42066E-02  3.73574E-04       ---          ---       2.47493E-02  1.42088E-04
  43      2.45430E-02  1.76449E-04   2.28878E-02  3.93235E-04       ---          ---       2.43579E-02  1.66279E-04
  44      2.45127E-02  1.64373E-04   2.40401E-02  4.13376E-04       ---          ---       2.44502E-02  1.52165E-04
  45      2.49339E-02  1.84365E-04   2.47826E-02  5.34763E-04       ---          ---       2.49262E-02  1.75057E-04
  46      2.45564E-02  2.04883E-04   2.38317E-02  5.20280E-04       ---          ---       2.44846E-02  1.91153E-04
  47      2.45111E-02  2.28909E-04   2.44018E-02  5.75197E-04       ---          ---       2.45006E-02  2.13609E-04
  48      2.47160E-02  2.16871E-04   2.39397E-02  5.44234E-04       ---          ---       2.46388E-02  2.03240E-04
  49      2.42383E-02  2.26534E-04   2.42287E-02  9.13635E-04       ---          ---       2.42219E-02  2.20972E-04
  50      2.45927E-02  2.78877E-04   2.38847E-02  4.90990E-04       ---          ---       2.45253E-02  2.56908E-04
Average   3.01320E-02  3.42952E-05   3.87275E-02  9.31999E-05   5.78398E-02  6.75663E-05   4.38978E-02  1.08071E-04
-------------------------------------------------------------------------------------------------------------------
NOTE: Lesion density computed as the number of lesions per cluster divided by twice the cluster length.

TABLE 6. Cluster composition (% Sb per cluster)
===================================================================================================================
Number of --------- DSB ----------   --------- SSB ----------   -------- OTHER ---------   ----- ALL CLUSTERS -----
 lesions    Average        SEM         Average        SEM         Average        SEM         Average        SEM    
===================================================================================================================
   1          ---          ---       1.66667E+01  0.00000E+00   0.00000E+00  0.00000E+00   4.15810E+00  1.10012E-02
   2      1.66667E+01  0.00000E+00   8.93544E+00  5.92631E-03   0.00000E+00  0.00000E+00   4.15714E+00  8.64096E-03
   3      1.19778E+01  1.46016E-02   6.44829E+00  5.63408E-03   0.00000E+00  0.00000E+00   4.17670E+00  7.60413E-03
   4      9.69894E+00  1.33348E-02   5.28743E+00  5.72989E-03   0.00000E+00  0.00000E+00   4.17487E+00  7.41687E-03
   5      8.43204E+00  1.32800E-02   4.59028E+00  6.07893E-03   0.00000E+00  0.00000E+00   4.16616E+00  7.33175E-03
   6      7.56230E+00  1.26114E-02   4.18439E+00  7.31600E-03   0.00000E+00  0.00000E+00   4.17497E+00  8.86809E-03
   7      6.95542E+00  1.24036E-02   3.89565E+00  7.41503E-03   0.00000E+00  0.00000E+00   4.17109E+00  1.03869E-02
   8      6.53388E+00  1.16940E-02   3.69275E+00  6.97149E-03   0.00000E+00  0.00000E+00   4.15840E+00  8.29782E-03
   9      6.21964E+00  1.23617E-02   3.54404E+00  7.71618E-03   0.00000E+00  0.00000E+00   4.17439E+00  8.42798E-03
  10      5.94664E+00  1.28006E-02   3.41813E+00  8.54016E-03   0.00000E+00  0.00000E+00   4.15192E+00  8.82929E-03
  11      5.76947E+00  1.37072E-02   3.34188E+00  9.72985E-03   0.00000E+00  0.00000E+00   4.17247E+00  1.02984E-02
  12      5.56856E+00  1.36560E-02   3.27922E+00  1.11382E-02   0.00000E+00  0.00000E+00   4.16083E+00  1.11531E-02
  13      5.42875E+00  1.43218E-02   3.23327E+00  1.20343E-02   0.00000E+00  0.00000E+00   4.17244E+00  1.18206E-02
  14      5.28223E+00  1.45588E-02   3.19452E+00  1.30037E-02   0.00000E+00  0.00000E+00   4.17104E+00  1.28337E-02
  15      5.17709E+00  1.55850E-02   3.14227E+00  1.39282E-02   0.00000E+00  0.00000E+00   4.15803E+00  1.35142E-02
  16      5.06967E+00  1.56437E-02   3.13868E+00  1.52968E-02   0.00000E+00  0.00000E+00   4.15499E+00  1.41621E-02
  17      5.01945E+00  1.68310E-02   3.11199E+00  1.66384E-02   0.00000E+00  0.00000E+00   4.18899E+00  1.41045E-02
  18      4.94888E+00  1.70769E-02   3.05028E+00  1.78837E-02   0.00000E+00  0.00000E+00   4.16009E+00  1.49682E-02
  19      4.85100E+00  1.78525E-02   3.06788E+00  1.92181E-02   0.00000E+00  0.00000E+00   4.13837E+00  1.57314E-02
  20      4.77891E+00  1.79672E-02   3.06639E+00  2.09904E-02   0.00000E+00  0.00000E+00   4.15728E+00  1.66333E-02
  21      4.77926E+00  2.01299E-02   3.04270E+00  2.27773E-02   0.00000E+00  0.00000E+00   4.15797E+00  1.85126E-02
  22      4.73044E+00  2.04681E-02   3.05068E+00  2.45161E-02   0.00000E+00  0.00000E+00   4.19589E+00  1.89002E-02
  23      4.66417E+00  2.13118E-02   3.03133E+00  2.64892E-02   0.00000E+00  0.00000E+00   4.18608E+00  2.00696E-02
  24      4.66227E+00  2.22282E-02   3.00249E+00  2.68625E-02   0.00000E+00  0.00000E+00   4.15050E+00  2.14436E-02
  25      4.62339E+00  2.31738E-02   3.04108E+00  2.94429E-02   0.00000E+00  0.00000E+00   4.16710E+00  2.22942E-02
  26      4.54576E+00  2.45522E-02   3.07656E+00  3.25126E-02   0.00000E+00  0.00000E+00   4.17159E+00  2.32830E-02
  27      4.55317E+00  2.52876E-02   3.00941E+00  3.57096E-02   0.00000E+00  0.00000E+00   4.18002E+00  2.47142E-02
  28      4.53147E+00  2.72434E-02   2.99713E+00  3.77391E-02       ---          ---       4.15957E+00  2.61453E-02
  29      4.47864E+00  2.77476E-02   3.03003E+00  4.16807E-02       ---          ---       4.13995E+00  2.76002E-02
  30      4.46763E+00  2.79974E-02   3.06445E+00  4.55854E-02   0.00000E+00  0.00000E+00   4.19406E+00  2.76747E-02
  31      4.43091E+00  3.07949E-02   2.99293E+00  4.96368E-02       ---          ---       4.17378E+00  3.00715E-02
  32      4.35194E+00  3.15452E-02   3.08744E+00  5.33863E-02       ---          ---       4.11394E+00  3.03144E-02
  33      4.41826E+00  3.50838E-02   2.99444E+00  5.54359E-02       ---          ---       4.13906E+00  3.43825E-02
  34      4.37890E+00  3.48667E-02   3.01358E+00  6.39768E-02       ---          ---       4.15022E+00  3.51413E-02
  35      4.40670E+00  4.00884E-02   3.05841E+00  7.12758E-02       ---          ---       4.17736E+00  3.94123E-02
  36      4.40343E+00  3.88164E-02   2.89255E+00  7.79361E-02       ---          ---       4.21582E+00  3.93879E-02
  37      4.41096E+00  4.18689E-02   3.02616E+00  7.75522E-02       ---          ---       4.21836E+00  4.16937E-02
  38      4.37482E+00  4.36272E-02   3.10926E+00  9.38250E-02       ---          ---       4.20861E+00  4.25343E-02
  39      4.34960E+00  5.05221E-02   2.90265E+00  9.93336E-02       ---          ---       4.13381E+00  5.09989E-02
  40      4.29216E+00  5.06229E-02   3.20455E+00  1.22746E-01       ---          ---       4.17455E+00  4.98143E-02
  41      4.33567E+00  5.32487E-02   2.97561E+00  1.30599E-01       ---          ---       4.17785E+00  5.41195E-02
  42      4.23687E+00  5.46833E-02   3.03910E+00  1.13100E-01       ---          ---       4.11174E+00  5.39894E-02
  43      4.11786E+00  5.80485E-02   3.36790E+00  1.13727E-01       ---          ---       4.02242E+00  5.45927E-02
  44      4.33783E+00  6.92413E-02   3.06696E+00  1.54495E-01       ---          ---       4.19504E+00  6.84242E-02
  45      4.20609E+00  7.15748E-02   2.83951E+00  1.87408E-01       ---          ---       4.06743E+00  7.21351E-02
  46      4.42075E+00  7.67385E-02   3.23068E+00  2.18341E-01       ---          ---       4.31582E+00  7.59564E-02
  47      4.38525E+00  8.78382E-02   3.41945E+00  1.46856E-01       ---          ---       4.29200E+00  8.39400E-02
  48      4.40654E+00  8.82956E-02   3.10330E+00  1.46866E-01       ---          ---       4.26061E+00  8.73594E-02
  49      4.20391E+00  8.57623E-02   2.99320E+00  1.50414E-01       ---          ---       4.11723E+00  8.50891E-02
  50      4.13333E+00  8.98480E-02   2.96667E+00  2.78665E-01       ---          ---       4.02222E+00  9.14838E-02
Average   7.18811E+00  2.70077E-02   6.40319E+00  2.67729E-02   0.00000E+00  0.00000E+00   4.16613E+00  1.90231E-03
-------------------------------------------------------------------------------------------------------------------
NOTES: (% Sb) is the percentage of lesions that are strand breaks. The number of Sb is [(% Sb)/100]*(# lesions).
The number of Bd is (1-(% Sb)/100)*(# lesions).
